2023-08-22 13:31:33,737 [1] INFO  - Using bucket s3-euw1-eu2-datarepository-eu2-eu2-kcl-01 and region eu-west-1
2023-08-22 13:31:33,807 [1] INFO  - Using role to access S3
2023-08-22 13:31:34,217 [1] INFO  - ===============================
2023-08-22 13:31:34,217 [1] INFO  - build info: 
commit 1860d865ce7409a4b25d5549a62e2b7be0a93d33
Author: alexander-serebriyan <alexander.serebriyan@teamdev.com>
Date:   Fri Feb 10 15:42:48 2023 +0100

    Add UAT env for ECR pushing.

Build done on: Fri Feb 10 14:46:39 UTC 2023
Version: 20230210.1

2023-08-22 13:31:34,218 [1] INFO  - ===============================
2023-08-22 13:31:34,218 [1] INFO  - Starting the job. Results will be uploaded to: 892d9dcc-e56d-475c-8dee-2c395064223d/2302H0033/c9d29823-a69c-4328-a6b9-53e2b78fa3e3/Run_76ed1d6b-57d6-4076-9a09-09a6f1ded693_20230817_2302h0033_ControlCenter/20230817_175305/20230817_175305_S1/AnalysisResults/oxdwyv2woj/FOV004
2023-08-22 13:31:34,218 [1] INFO  - Checking FOV status. Ref: oxdwyv2woj-ujjlt, ID: 892d9dcc-e56d-475c-8dee-2c395064223d/2302H0033/c9d29823-a69c-4328-a6b9-53e2b78fa3e3/Run_76ed1d6b-57d6-4076-9a09-09a6f1ded693_20230817_2302h0033_ControlCenter/20230817_175305/20230817_175305_S1/SpotFiles/FOV004/
2023-08-22 13:31:34,443 [1] INFO  - Executing with retries set to: 10
2023-08-22 13:31:34,444 [1] INFO  - Setting fov oxdwyv2woj-ujjlt into status InProgress
2023-08-22 13:31:34,446 [1] INFO  - Saving a fov processing run: oxdwyv2woj-ujjlt
2023-08-22 13:31:34,447 [1] INFO  - Updating an existing fov run.
2023-08-22 13:31:34,506 [1] INFO  - Downloading FOV using next path: 892d9dcc-e56d-475c-8dee-2c395064223d/2302H0033/c9d29823-a69c-4328-a6b9-53e2b78fa3e3/Run_76ed1d6b-57d6-4076-9a09-09a6f1ded693_20230817_2302h0033_ControlCenter/20230817_175305/20230817_175305_S1/SpotFiles/FOV004/
2023-08-22 13:31:34,506 [1] INFO  - Start downloading 892d9dcc-e56d-475c-8dee-2c395064223d/2302H0033/c9d29823-a69c-4328-a6b9-53e2b78fa3e3/Run_76ed1d6b-57d6-4076-9a09-09a6f1ded693_20230817_2302h0033_ControlCenter/20230817_175305/20230817_175305_S1/SpotFiles/FOV004/
2023-08-22 13:31:34,506 [1] INFO  - Executing with retries set to: 10
2023-08-22 13:35:30,393 [1] INFO  - Download 892d9dcc-e56d-475c-8dee-2c395064223d/2302H0033/c9d29823-a69c-4328-a6b9-53e2b78fa3e3/Run_76ed1d6b-57d6-4076-9a09-09a6f1ded693_20230817_2302h0033_ControlCenter/20230817_175305/20230817_175305_S1/SpotFiles/FOV004/ complete
2023-08-22 13:35:30,393 [1] INFO  - Custom plex file specified. The default one will be overriden.
2023-08-22 13:35:30,393 [1] INFO  - Downloading plex file using next path: 892d9dcc-e56d-475c-8dee-2c395064223d/2302H0033/c9d29823-a69c-4328-a6b9-53e2b78fa3e3/Run_76ed1d6b-57d6-4076-9a09-09a6f1ded693_20230817_2302h0033_ControlCenter/20230817_175305/20230817_175305_S1/plex-oxdwyv2woj.txt
2023-08-22 13:35:30,393 [1] INFO  - Downloading 892d9dcc-e56d-475c-8dee-2c395064223d/2302H0033/c9d29823-a69c-4328-a6b9-53e2b78fa3e3/Run_76ed1d6b-57d6-4076-9a09-09a6f1ded693_20230817_2302h0033_ControlCenter/20230817_175305/20230817_175305_S1/plex-oxdwyv2woj.txt
2023-08-22 13:35:30,517 [1] INFO  - Download 892d9dcc-e56d-475c-8dee-2c395064223d/2302H0033/c9d29823-a69c-4328-a6b9-53e2b78fa3e3/Run_76ed1d6b-57d6-4076-9a09-09a6f1ded693_20230817_2302h0033_ControlCenter/20230817_175305/20230817_175305_S1/plex-oxdwyv2woj.txt finished
2023-08-22 13:35:30,518 [1] INFO  - No user params file specified. Trying to use the one from the storage.
2023-08-22 13:35:30,518 [1] INFO  - Downloading params file using next path: 892d9dcc-e56d-475c-8dee-2c395064223d/2302H0033/c9d29823-a69c-4328-a6b9-53e2b78fa3e3/Run_76ed1d6b-57d6-4076-9a09-09a6f1ded693_20230817_2302h0033_ControlCenter/20230817_175305/20230817_175305_S1/analysis_params_v6.txt
2023-08-22 13:35:30,518 [1] INFO  - Downloading 892d9dcc-e56d-475c-8dee-2c395064223d/2302H0033/c9d29823-a69c-4328-a6b9-53e2b78fa3e3/Run_76ed1d6b-57d6-4076-9a09-09a6f1ded693_20230817_2302h0033_ControlCenter/20230817_175305/20230817_175305_S1/analysis_params_v6.txt
2023-08-22 13:35:30,556 [1] ERROR -    at Amazon.Runtime.Internal.HttpErrorResponseExceptionHandler.HandleExceptionStream(IRequestContext requestContext, IWebResponseData httpErrorResponse, HttpErrorResponseException exception, Stream responseStream)
   at Amazon.Runtime.Internal.HttpErrorResponseExceptionHandler.HandleExceptionAsync(IExecutionContext executionContext, HttpErrorResponseException exception)
   at Amazon.Runtime.Internal.ExceptionHandler`1.HandleAsync(IExecutionContext executionContext, Exception exception)
   at Amazon.Runtime.Internal.ErrorHandler.ProcessExceptionAsync(IExecutionContext executionContext, Exception exception)
   at Amazon.Runtime.Internal.ErrorHandler.InvokeAsync[T](IExecutionContext executionContext)
   at Amazon.Runtime.Internal.CallbackHandler.InvokeAsync[T](IExecutionContext executionContext)
   at Amazon.Runtime.Internal.EndpointDiscoveryHandler.InvokeAsync[T](IExecutionContext executionContext)
   at Amazon.Runtime.Internal.EndpointDiscoveryHandler.InvokeAsync[T](IExecutionContext executionContext)
   at Amazon.Runtime.Internal.CredentialsRetriever.InvokeAsync[T](IExecutionContext executionContext)
   at Amazon.Runtime.Internal.RetryHandler.InvokeAsync[T](IExecutionContext executionContext)
   at Amazon.Runtime.Internal.RetryHandler.InvokeAsync[T](IExecutionContext executionContext)
   at Amazon.Runtime.Internal.CallbackHandler.InvokeAsync[T](IExecutionContext executionContext)
   at Amazon.Runtime.Internal.CallbackHandler.InvokeAsync[T](IExecutionContext executionContext)
   at Amazon.S3.Internal.AmazonS3ExceptionHandler.InvokeAsync[T](IExecutionContext executionContext)
   at Amazon.Runtime.Internal.ErrorCallbackHandler.InvokeAsync[T](IExecutionContext executionContext)
   at Amazon.Runtime.Internal.MetricsHandler.InvokeAsync[T](IExecutionContext executionContext)
   at Amazon.S3.Transfer.Internal.DownloadCommand.ExecuteAsync(CancellationToken cancellationToken)
   at Amazon.S3.Transfer.TransferUtility.Download(String filePath, String bucketName, String key)
   at Core.S3FileStorageService.DownloadFile(String remoteFilePath, String localFilePath) in /src/Core/S3FileStorageService.cs:line 67
   at MTMCWorker.Service.Impl.MtmcWorker.FetchParamsFile(String paramsFileRef, String flowCellPath) in /src/MTMCWorker/Service/Impl/MtmcWorker.cs:line 297
2023-08-22 13:35:30,556 [1] INFO  - Can't download params file next to nBCDir. Using the default one.
Amazon.S3.AmazonS3Exception: The specified key does not exist.
 ---> Amazon.Runtime.Internal.HttpErrorResponseException: Exception of type 'Amazon.Runtime.Internal.HttpErrorResponseException' was thrown.
   at Amazon.Runtime.HttpWebRequestMessage.GetResponseAsync(CancellationToken cancellationToken)
   at Amazon.Runtime.Internal.HttpHandler`1.InvokeAsync[T](IExecutionContext executionContext)
   at Amazon.Runtime.Internal.RedirectHandler.InvokeAsync[T](IExecutionContext executionContext)
   at Amazon.Runtime.Internal.Unmarshaller.InvokeAsync[T](IExecutionContext executionContext)
   at Amazon.S3.Internal.AmazonS3ResponseHandler.InvokeAsync[T](IExecutionContext executionContext)
   at Amazon.Runtime.Internal.ErrorHandler.InvokeAsync[T](IExecutionContext executionContext)
   --- End of inner exception stack trace ---
   at Amazon.Runtime.Internal.HttpErrorResponseExceptionHandler.HandleExceptionStream(IRequestContext requestContext, IWebResponseData httpErrorResponse, HttpErrorResponseException exception, Stream responseStream)
   at Amazon.Runtime.Internal.HttpErrorResponseExceptionHandler.HandleExceptionAsync(IExecutionContext executionContext, HttpErrorResponseException exception)
   at Amazon.Runtime.Internal.ExceptionHandler`1.HandleAsync(IExecutionContext executionContext, Exception exception)
   at Amazon.Runtime.Internal.ErrorHandler.ProcessExceptionAsync(IExecutionContext executionContext, Exception exception)
   at Amazon.Runtime.Internal.ErrorHandler.InvokeAsync[T](IExecutionContext executionContext)
   at Amazon.Runtime.Internal.CallbackHandler.InvokeAsync[T](IExecutionContext executionContext)
   at Amazon.Runtime.Internal.EndpointDiscoveryHandler.InvokeAsync[T](IExecutionContext executionContext)
   at Amazon.Runtime.Internal.EndpointDiscoveryHandler.InvokeAsync[T](IExecutionContext executionContext)
   at Amazon.Runtime.Internal.CredentialsRetriever.InvokeAsync[T](IExecutionContext executionContext)
   at Amazon.Runtime.Internal.RetryHandler.InvokeAsync[T](IExecutionContext executionContext)
   at Amazon.Runtime.Internal.RetryHandler.InvokeAsync[T](IExecutionContext executionContext)
   at Amazon.Runtime.Internal.CallbackHandler.InvokeAsync[T](IExecutionContext executionContext)
   at Amazon.Runtime.Internal.CallbackHandler.InvokeAsync[T](IExecutionContext executionContext)
   at Amazon.S3.Internal.AmazonS3ExceptionHandler.InvokeAsync[T](IExecutionContext executionContext)
   at Amazon.Runtime.Internal.ErrorCallbackHandler.InvokeAsync[T](IExecutionContext executionContext)
   at Amazon.Runtime.Internal.MetricsHandler.InvokeAsync[T](IExecutionContext executionContext)
   at Amazon.S3.Transfer.Internal.DownloadCommand.ExecuteAsync(CancellationToken cancellationToken)
   at Amazon.S3.Transfer.TransferUtility.Download(String filePath, String bucketName, String key)
   at Core.S3FileStorageService.DownloadFile(String remoteFilePath, String localFilePath) in /src/Core/S3FileStorageService.cs:line 67
   at MTMCWorker.Service.Impl.MtmcWorker.FetchParamsFile(String paramsFileRef, String flowCellPath) in /src/MTMCWorker/Service/Impl/MtmcWorker.cs:line 297
2023-08-22 13:35:30,559 [1] INFO  - Fetching CellStatsDir folder data...
2023-08-22 13:35:30,636 [1] INFO  - Downloading 892d9dcc-e56d-475c-8dee-2c395064223d/2302H0033/c9d29823-a69c-4328-a6b9-53e2b78fa3e3/Run_76ed1d6b-57d6-4076-9a09-09a6f1ded693_20230817_2302h0033_ControlCenter/20230817_175305/20230817_175305_S1/CellStatsDir/CellComposite/CellComposite_F004.jpg
2023-08-22 13:35:30,834 [1] INFO  - Download 892d9dcc-e56d-475c-8dee-2c395064223d/2302H0033/c9d29823-a69c-4328-a6b9-53e2b78fa3e3/Run_76ed1d6b-57d6-4076-9a09-09a6f1ded693_20230817_2302h0033_ControlCenter/20230817_175305/20230817_175305_S1/CellStatsDir/CellComposite/CellComposite_F004.jpg finished
2023-08-22 13:35:30,834 [1] INFO  - Downloading 892d9dcc-e56d-475c-8dee-2c395064223d/2302H0033/c9d29823-a69c-4328-a6b9-53e2b78fa3e3/Run_76ed1d6b-57d6-4076-9a09-09a6f1ded693_20230817_2302h0033_ControlCenter/20230817_175305/20230817_175305_S1/CellStatsDir/CellOverlay/CellOverlay_F004.jpg
2023-08-22 13:35:31,227 [1] INFO  - Download 892d9dcc-e56d-475c-8dee-2c395064223d/2302H0033/c9d29823-a69c-4328-a6b9-53e2b78fa3e3/Run_76ed1d6b-57d6-4076-9a09-09a6f1ded693_20230817_2302h0033_ControlCenter/20230817_175305/20230817_175305_S1/CellStatsDir/CellOverlay/CellOverlay_F004.jpg finished
2023-08-22 13:35:31,227 [1] INFO  - Downloading 892d9dcc-e56d-475c-8dee-2c395064223d/2302H0033/c9d29823-a69c-4328-a6b9-53e2b78fa3e3/Run_76ed1d6b-57d6-4076-9a09-09a6f1ded693_20230817_2302h0033_ControlCenter/20230817_175305/20230817_175305_S1/CellStatsDir/FOV004/CellLabels_F004.tif
2023-08-22 13:35:31,508 [1] INFO  - Download 892d9dcc-e56d-475c-8dee-2c395064223d/2302H0033/c9d29823-a69c-4328-a6b9-53e2b78fa3e3/Run_76ed1d6b-57d6-4076-9a09-09a6f1ded693_20230817_2302h0033_ControlCenter/20230817_175305/20230817_175305_S1/CellStatsDir/FOV004/CellLabels_F004.tif finished
2023-08-22 13:35:31,508 [1] INFO  - Downloading 892d9dcc-e56d-475c-8dee-2c395064223d/2302H0033/c9d29823-a69c-4328-a6b9-53e2b78fa3e3/Run_76ed1d6b-57d6-4076-9a09-09a6f1ded693_20230817_2302h0033_ControlCenter/20230817_175305/20230817_175305_S1/CellStatsDir/FOV004/CompartmentLabels_F004.tif
2023-08-22 13:35:31,739 [1] INFO  - Download 892d9dcc-e56d-475c-8dee-2c395064223d/2302H0033/c9d29823-a69c-4328-a6b9-53e2b78fa3e3/Run_76ed1d6b-57d6-4076-9a09-09a6f1ded693_20230817_2302h0033_ControlCenter/20230817_175305/20230817_175305_S1/CellStatsDir/FOV004/CompartmentLabels_F004.tif finished
2023-08-22 13:35:31,740 [1] INFO  - Downloading 892d9dcc-e56d-475c-8dee-2c395064223d/2302H0033/c9d29823-a69c-4328-a6b9-53e2b78fa3e3/Run_76ed1d6b-57d6-4076-9a09-09a6f1ded693_20230817_2302h0033_ControlCenter/20230817_175305/20230817_175305_S1/CellStatsDir/FOV004/Run_76ed1d6b-57d6-4076-9a09-09a6f1ded693_20230817_175305_S1_Cell_Stats_F004.csv
2023-08-22 13:35:31,979 [1] INFO  - Download 892d9dcc-e56d-475c-8dee-2c395064223d/2302H0033/c9d29823-a69c-4328-a6b9-53e2b78fa3e3/Run_76ed1d6b-57d6-4076-9a09-09a6f1ded693_20230817_2302h0033_ControlCenter/20230817_175305/20230817_175305_S1/CellStatsDir/FOV004/Run_76ed1d6b-57d6-4076-9a09-09a6f1ded693_20230817_175305_S1_Cell_Stats_F004.csv finished
2023-08-22 13:35:31,980 [1] INFO  - Downloading 892d9dcc-e56d-475c-8dee-2c395064223d/2302H0033/c9d29823-a69c-4328-a6b9-53e2b78fa3e3/Run_76ed1d6b-57d6-4076-9a09-09a6f1ded693_20230817_2302h0033_ControlCenter/20230817_175305/20230817_175305_S1/CellStatsDir/Morphology2D/20230817_175305_S1_C902_P99_N99_F004.TIF
2023-08-22 13:35:33,411 [1] INFO  - Download 892d9dcc-e56d-475c-8dee-2c395064223d/2302H0033/c9d29823-a69c-4328-a6b9-53e2b78fa3e3/Run_76ed1d6b-57d6-4076-9a09-09a6f1ded693_20230817_2302h0033_ControlCenter/20230817_175305/20230817_175305_S1/CellStatsDir/Morphology2D/20230817_175305_S1_C902_P99_N99_F004.TIF finished
2023-08-22 13:35:33,412 [1] INFO  - Downloading 892d9dcc-e56d-475c-8dee-2c395064223d/2302H0033/c9d29823-a69c-4328-a6b9-53e2b78fa3e3/Run_76ed1d6b-57d6-4076-9a09-09a6f1ded693_20230817_2302h0033_ControlCenter/20230817_175305/20230817_175305_S1/CellStatsDir/RnD/Run_76ed1d6b-57d6-4076-9a09-09a6f1ded693_20230817_175305_S1_Summary_F004.csv
2023-08-22 13:35:33,580 [1] INFO  - Download 892d9dcc-e56d-475c-8dee-2c395064223d/2302H0033/c9d29823-a69c-4328-a6b9-53e2b78fa3e3/Run_76ed1d6b-57d6-4076-9a09-09a6f1ded693_20230817_2302h0033_ControlCenter/20230817_175305/20230817_175305_S1/CellStatsDir/RnD/Run_76ed1d6b-57d6-4076-9a09-09a6f1ded693_20230817_175305_S1_Summary_F004.csv finished
2023-08-22 13:35:33,580 [1] INFO  - CellStatsDir data download complete.
2023-08-22 13:35:33,580 [1] INFO  - FOV downloaded successfully.
2023-08-22 13:35:33,580 [1] INFO  - Preparing dirs structure for mtmc
2023-08-22 13:35:33,580 [1] INFO  - Preparing mtmc input. FOV dir: FOV004
2023-08-22 13:35:33,588 [1] INFO  - Running mtmc...
2023-08-22 13:35:33,604 [7] INFO  - directory: "/app/input_data/"
2023-08-22 13:35:33,932 [7] INFO  - directory: "/app/out/FOV004/"
2023-08-22 13:38:11,908 [7] INFO  - 2023-08-22 13:35:33,F004,Z,0,iter,0,feat,0,0, Reading and combining input data, 0.035399, sec
2023-08-22 13:38:11,908 [7] INFO  - 2023-08-22 13:35:49,F004,Z,0,iter,0,feat,4253037,4253037, Spot file data loading and filtration , 15.1097, sec
2023-08-22 13:38:11,908 [7] INFO  - 2023-08-22 13:35:52,F004,Z,0,iter,0,feat,4253037,4253037, Seed neighbor determination, 5.0452, sec
2023-08-22 13:38:11,908 [7] INFO  - 2023-08-22 13:35:56,F004,Z,0,iter,0,feat,4253037,4253037, Quality Score Generation, 9.10125, sec
2023-08-22 13:38:11,908 [7] INFO  - 2023-08-22 13:36:08,F004,Z,0,iter,0,feat,4253037,4253037, Spots per feature calculation and feature filtration, 9.14528, sec
2023-08-22 13:38:11,908 [7] INFO  - 2023-08-22 13:36:15,F004,Z,0,iter,0,feat,4253037,4253037, Making Complete Code Target Calls, 6.34489, sec
2023-08-22 13:38:11,908 [7] INFO  - 2023-08-22 13:36:19,F004,Z,0,iter,0,feat,4253037,4253037, Target Call Location Estimation and iteration end update, 3.00956, sec
2023-08-22 13:38:11,908 [7] INFO  - 2023-08-22 13:36:19,F004,Z,0,iter,0,feat,4253037,4253037, Iteration summary generation, 0.012923, sec
2023-08-22 13:38:11,908 [7] INFO  - 2023-08-22 13:36:19,F004,Z,0,iter,0,feat,4253037,4253037, Iteration duration, 30.4588, sec
2023-08-22 13:38:11,909 [7] INFO  - 2023-08-22 13:36:22,F004,Z,0,iter,1,feat,4253037,4253037, Seed neighbor determination, 5.21452, sec
2023-08-22 13:38:11,909 [7] INFO  - 2023-08-22 13:36:28,F004,Z,0,iter,1,feat,4253037,4253037, Quality Score Generation, 12.871, sec
2023-08-22 13:38:11,909 [7] INFO  - 2023-08-22 13:36:37,F004,Z,0,iter,1,feat,4253037,4253037, Spots per feature calculation and feature filtration, 6.66115, sec
2023-08-22 13:38:11,909 [7] INFO  - 2023-08-22 13:36:45,F004,Z,0,iter,1,feat,4253037,4253037, Making Complete Code Target Calls, 8.64962, sec
2023-08-22 13:38:11,909 [7] INFO  - 2023-08-22 13:36:48,F004,Z,0,iter,1,feat,4253037,4253037, Target Call Location Estimation and iteration end update, 2.58522, sec
2023-08-22 13:38:11,909 [7] INFO  - 2023-08-22 13:36:48,F004,Z,0,iter,1,feat,4253037,4253037, Iteration summary generation, 0.183816, sec
2023-08-22 13:38:11,909 [7] INFO  - 2023-08-22 13:36:48,F004,Z,0,iter,1,feat,4253037,4253037, Iteration duration, 33.8665, sec
2023-08-22 13:38:11,909 [7] INFO  - 2023-08-22 13:36:48,F004,Z,0,iter,1,feat,4253037,4253037, Z slice processing duration, 79.4503, sec
2023-08-22 13:38:11,909 [7] INFO  - 2023-08-22 13:37:05,F004,Z,1,iter,0,feat,5019522,9272559, Spot file data loading and filtration , 13.7863, sec
2023-08-22 13:38:11,909 [7] INFO  - 2023-08-22 13:37:07,F004,Z,1,iter,0,feat,5019522,9272559, Seed neighbor determination, 4.81237, sec
2023-08-22 13:38:11,909 [32] INFO  - 2023-08-22 13:37:10,F004,Z,1,iter,0,feat,5019522,9272559, Quality Score Generation, 9.90327, sec
2023-08-22 13:38:11,909 [32] INFO  - 2023-08-22 13:37:16,F004,Z,1,iter,0,feat,5019522,9272559, Spots per feature calculation and feature filtration, 5.78038, sec
2023-08-22 13:38:11,909 [32] INFO  - 2023-08-22 13:37:23,F004,Z,1,iter,0,feat,5019522,9272559, Making Complete Code Target Calls, 6.7967, sec
2023-08-22 13:38:11,909 [32] INFO  - 2023-08-22 13:37:26,F004,Z,1,iter,0,feat,5019522,9272559, Target Call Location Estimation and iteration end update, 3.03403, sec
2023-08-22 13:38:11,909 [32] INFO  - 2023-08-22 13:37:26,F004,Z,1,iter,0,feat,5019522,9272559, Iteration summary generation, 0.019473, sec
2023-08-22 13:38:11,909 [32] INFO  - 2023-08-22 13:37:26,F004,Z,1,iter,0,feat,5019522,9272559, Iteration duration, 28.2501, sec
2023-08-22 13:38:11,909 [32] INFO  - 2023-08-22 13:37:28,F004,Z,1,iter,1,feat,5019522,9272559, Seed neighbor determination, 4.61086, sec
2023-08-22 13:38:11,909 [32] INFO  - 2023-08-22 13:37:30,F004,Z,1,iter,1,feat,5019522,9272559, Quality Score Generation, 9.27229, sec
2023-08-22 13:38:11,909 [32] INFO  - 2023-08-22 13:37:34,F004,Z,1,iter,1,feat,5019522,9272559, Spots per feature calculation and feature filtration, 3.82486, sec
2023-08-22 13:38:11,909 [32] INFO  - 2023-08-22 13:37:43,F004,Z,1,iter,1,feat,5019522,9272559, Making Complete Code Target Calls, 8.24291, sec
2023-08-22 13:38:11,909 [32] INFO  - 2023-08-22 13:37:44,F004,Z,1,iter,1,feat,5019522,9272559, Target Call Location Estimation and iteration end update, 1.41352, sec
2023-08-22 13:38:11,909 [32] INFO  - 2023-08-22 13:37:44,F004,Z,1,iter,1,feat,5019522,9272559, Iteration summary generation, 0.344388, sec
2023-08-22 13:38:11,909 [32] INFO  - 2023-08-22 13:37:44,F004,Z,1,iter,1,feat,5019522,9272559, Iteration duration, 25.6538, sec
2023-08-22 13:38:11,909 [32] INFO  - 2023-08-22 13:37:44,F004,Z,1,iter,1,feat,5019522,9272559, Z slice processing duration, 70.3188, sec
2023-08-22 13:38:11,909 [32] INFO  - 2023-08-22 13:37:56,F004,Z,2,iter,0,feat,4180591,13453150, Spot file data loading and filtration , 9.26714, sec
2023-08-22 13:38:11,909 [32] INFO  - 2023-08-22 13:37:58,F004,Z,2,iter,0,feat,4180591,13453150, Seed neighbor determination, 3.95564, sec
2023-08-22 13:38:11,909 [32] INFO  - 2023-08-22 13:38:00,F004,Z,2,iter,0,feat,4180591,13453150, Quality Score Generation, 6.55164, sec
2023-08-22 13:38:11,909 [32] INFO  - 2023-08-22 13:38:04,F004,Z,2,iter,0,feat,4180591,13453150, Spots per feature calculation and feature filtration, 4.341, sec
2023-08-22 13:38:11,909 [32] INFO  - 2023-08-22 13:38:09,F004,Z,2,iter,0,feat,4180591,13453150, Making Complete Code Target Calls, 5.17456, sec
2023-08-22 13:39:25,323 [32] INFO  - 2023-08-22 13:38:11,F004,Z,2,iter,0,feat,4180591,13453150, Target Call Location Estimation and iteration end update, 2.11764, sec
2023-08-22 13:39:25,323 [32] INFO  - 2023-08-22 13:38:11,F004,Z,2,iter,0,feat,4180591,13453150, Iteration summary generation, 0.016697, sec
2023-08-22 13:39:25,323 [32] INFO  - 2023-08-22 13:38:11,F004,Z,2,iter,0,feat,4180591,13453150, Iteration duration, 20.355, sec
2023-08-22 13:39:25,323 [32] INFO  - 2023-08-22 13:38:13,F004,Z,2,iter,1,feat,4180591,13453150, Seed neighbor determination, 3.931, sec
2023-08-22 13:39:25,323 [32] INFO  - 2023-08-22 13:38:15,F004,Z,2,iter,1,feat,4180591,13453150, Quality Score Generation, 7.5641, sec
2023-08-22 13:39:25,323 [32] INFO  - 2023-08-22 13:38:19,F004,Z,2,iter,1,feat,4180591,13453150, Spots per feature calculation and feature filtration, 3.21208, sec
2023-08-22 13:39:25,323 [32] INFO  - 2023-08-22 13:38:26,F004,Z,2,iter,1,feat,4180591,13453150, Making Complete Code Target Calls, 7.18794, sec
2023-08-22 13:39:25,323 [32] INFO  - 2023-08-22 13:38:27,F004,Z,2,iter,1,feat,4180591,13453150, Target Call Location Estimation and iteration end update, 0.877628, sec
2023-08-22 13:39:25,323 [32] INFO  - 2023-08-22 13:38:27,F004,Z,2,iter,1,feat,4180591,13453150, Iteration summary generation, 0.256151, sec
2023-08-22 13:39:25,323 [7] INFO  - 2023-08-22 13:38:27,F004,Z,2,iter,1,feat,4180591,13453150, Iteration duration, 21.2883, sec
2023-08-22 13:39:25,323 [7] INFO  - 2023-08-22 13:38:27,F004,Z,2,iter,1,feat,4180591,13453150, Z slice processing duration, 53.2334, sec
2023-08-22 13:39:25,323 [7] INFO  - 2023-08-22 13:38:36,F004,Z,3,iter,0,feat,3404337,16857487, Spot file data loading and filtration , 7.33023, sec
2023-08-22 13:39:25,323 [7] INFO  - 2023-08-22 13:38:38,F004,Z,3,iter,0,feat,3404337,16857487, Seed neighbor determination, 3.09959, sec
2023-08-22 13:39:25,323 [7] INFO  - 2023-08-22 13:38:39,F004,Z,3,iter,0,feat,3404337,16857487, Quality Score Generation, 4.74264, sec
2023-08-22 13:39:25,323 [7] INFO  - 2023-08-22 13:38:43,F004,Z,3,iter,0,feat,3404337,16857487, Spots per feature calculation and feature filtration, 3.51535, sec
2023-08-22 13:39:25,323 [7] INFO  - 2023-08-22 13:38:47,F004,Z,3,iter,0,feat,3404337,16857487, Making Complete Code Target Calls, 4.19164, sec
2023-08-22 13:39:25,323 [7] INFO  - 2023-08-22 13:38:48,F004,Z,3,iter,0,feat,3404337,16857487, Target Call Location Estimation and iteration end update, 1.01595, sec
2023-08-22 13:39:25,323 [7] INFO  - 2023-08-22 13:38:48,F004,Z,3,iter,0,feat,3404337,16857487, Iteration summary generation, 0.00985, sec
2023-08-22 13:39:25,323 [7] INFO  - 2023-08-22 13:38:48,F004,Z,3,iter,0,feat,3404337,16857487, Iteration duration, 15.2369, sec
2023-08-22 13:39:25,323 [7] INFO  - 2023-08-22 13:38:50,F004,Z,3,iter,1,feat,3404337,16857487, Seed neighbor determination, 3.10853, sec
2023-08-22 13:39:25,323 [7] INFO  - 2023-08-22 13:38:51,F004,Z,3,iter,1,feat,3404337,16857487, Quality Score Generation, 6.05228, sec
2023-08-22 13:39:25,323 [7] INFO  - 2023-08-22 13:38:54,F004,Z,3,iter,1,feat,3404337,16857487, Spots per feature calculation and feature filtration, 2.67819, sec
2023-08-22 13:39:25,323 [7] INFO  - 2023-08-22 13:38:59,F004,Z,3,iter,1,feat,3404337,16857487, Making Complete Code Target Calls, 4.79223, sec
2023-08-22 13:39:25,323 [7] INFO  - 2023-08-22 13:39:00,F004,Z,3,iter,1,feat,3404337,16857487, Target Call Location Estimation and iteration end update, 0.900568, sec
2023-08-22 13:39:25,323 [7] INFO  - 2023-08-22 13:39:00,F004,Z,3,iter,1,feat,3404337,16857487, Iteration summary generation, 0.207681, sec
2023-08-22 13:39:25,323 [7] INFO  - 2023-08-22 13:39:00,F004,Z,3,iter,1,feat,3404337,16857487, Iteration duration, 16.3706, sec
2023-08-22 13:39:25,323 [7] INFO  - 2023-08-22 13:39:00,F004,Z,3,iter,1,feat,3404337,16857487, Z slice processing duration, 40.9163, sec
2023-08-22 13:39:25,323 [7] INFO  - 2023-08-22 13:39:07,F004,Z,4,iter,0,feat,2825050,19682537, Spot file data loading and filtration , 5.30389, sec
2023-08-22 13:39:25,324 [7] INFO  - 2023-08-22 13:39:08,F004,Z,4,iter,0,feat,2825050,19682537, Seed neighbor determination, 2.54589, sec
2023-08-22 13:39:25,324 [7] INFO  - 2023-08-22 13:39:09,F004,Z,4,iter,0,feat,2825050,19682537, Quality Score Generation, 3.94029, sec
2023-08-22 13:39:25,324 [7] INFO  - 2023-08-22 13:39:12,F004,Z,4,iter,0,feat,2825050,19682537, Spots per feature calculation and feature filtration, 2.87844, sec
2023-08-22 13:39:25,324 [7] INFO  - 2023-08-22 13:39:15,F004,Z,4,iter,0,feat,2825050,19682537, Making Complete Code Target Calls, 3.01893, sec
2023-08-22 13:39:25,324 [7] INFO  - 2023-08-22 13:39:16,F004,Z,4,iter,0,feat,2825050,19682537, Target Call Location Estimation and iteration end update, 0.800517, sec
2023-08-22 13:39:25,324 [7] INFO  - 2023-08-22 13:39:16,F004,Z,4,iter,0,feat,2825050,19682537, Iteration summary generation, 0.007474, sec
2023-08-22 13:39:25,324 [7] INFO  - 2023-08-22 13:39:16,F004,Z,4,iter,0,feat,2825050,19682537, Iteration duration, 12.0933, sec
2023-08-22 13:39:25,324 [7] INFO  - 2023-08-22 13:39:17,F004,Z,4,iter,1,feat,2825050,19682537, Seed neighbor determination, 2.57079, sec
2023-08-22 13:39:25,324 [7] INFO  - 2023-08-22 13:39:19,F004,Z,4,iter,1,feat,2825050,19682537, Quality Score Generation, 4.86307, sec
2023-08-22 13:39:25,324 [7] INFO  - 2023-08-22 13:39:21,F004,Z,4,iter,1,feat,2825050,19682537, Spots per feature calculation and feature filtration, 2.26562, sec
2023-08-22 13:40:08,316 [7] INFO  - 2023-08-22 13:39:25,F004,Z,4,iter,1,feat,2825050,19682537, Making Complete Code Target Calls, 3.92935, sec
2023-08-22 13:40:08,316 [7] INFO  - 2023-08-22 13:39:25,F004,Z,4,iter,1,feat,2825050,19682537, Target Call Location Estimation and iteration end update, 0.525671, sec
2023-08-22 13:40:08,316 [7] INFO  - 2023-08-22 13:39:26,F004,Z,4,iter,1,feat,2825050,19682537, Iteration summary generation, 0.170873, sec
2023-08-22 13:40:08,316 [7] INFO  - 2023-08-22 13:39:26,F004,Z,4,iter,1,feat,2825050,19682537, Iteration duration, 13.1938, sec
2023-08-22 13:40:08,316 [7] INFO  - 2023-08-22 13:39:26,F004,Z,4,iter,1,feat,2825050,19682537, Z slice processing duration, 32.1546, sec
2023-08-22 13:40:08,316 [7] INFO  - 2023-08-22 13:39:31,F004,Z,5,iter,0,feat,2394164,22076701, Spot file data loading and filtration , 4.42363, sec
2023-08-22 13:40:08,316 [7] INFO  - 2023-08-22 13:39:32,F004,Z,5,iter,0,feat,2394164,22076701, Seed neighbor determination, 2.21703, sec
2023-08-22 13:40:08,316 [7] INFO  - 2023-08-22 13:39:33,F004,Z,5,iter,0,feat,2394164,22076701, Quality Score Generation, 3.37313, sec
2023-08-22 13:40:08,316 [7] INFO  - 2023-08-22 13:39:36,F004,Z,5,iter,0,feat,2394164,22076701, Spots per feature calculation and feature filtration, 2.46242, sec
2023-08-22 13:40:08,316 [7] INFO  - 2023-08-22 13:39:38,F004,Z,5,iter,0,feat,2394164,22076701, Making Complete Code Target Calls, 2.5557, sec
2023-08-22 13:40:08,316 [7] INFO  - 2023-08-22 13:39:39,F004,Z,5,iter,0,feat,2394164,22076701, Target Call Location Estimation and iteration end update, 0.687052, sec
2023-08-22 13:40:08,316 [7] INFO  - 2023-08-22 13:39:39,F004,Z,5,iter,0,feat,2394164,22076701, Iteration summary generation, 0.006795, sec
2023-08-22 13:40:08,316 [7] INFO  - 2023-08-22 13:39:39,F004,Z,5,iter,0,feat,2394164,22076701, Iteration duration, 10.3021, sec
2023-08-22 13:40:08,316 [7] INFO  - 2023-08-22 13:39:40,F004,Z,5,iter,1,feat,2394164,22076701, Seed neighbor determination, 2.14041, sec
2023-08-22 13:40:08,316 [7] INFO  - 2023-08-22 13:39:41,F004,Z,5,iter,1,feat,2394164,22076701, Quality Score Generation, 4.10972, sec
2023-08-22 13:40:08,316 [7] INFO  - 2023-08-22 13:39:43,F004,Z,5,iter,1,feat,2394164,22076701, Spots per feature calculation and feature filtration, 2.01128, sec
2023-08-22 13:40:08,316 [7] INFO  - 2023-08-22 13:39:46,F004,Z,5,iter,1,feat,2394164,22076701, Making Complete Code Target Calls, 3.09843, sec
2023-08-22 13:40:08,316 [7] INFO  - 2023-08-22 13:39:47,F004,Z,5,iter,1,feat,2394164,22076701, Target Call Location Estimation and iteration end update, 0.429028, sec
2023-08-22 13:40:08,316 [7] INFO  - 2023-08-22 13:39:47,F004,Z,5,iter,1,feat,2394164,22076701, Iteration summary generation, 0.13883, sec
2023-08-22 13:40:08,317 [36] INFO  - 2023-08-22 13:39:47,F004,Z,5,iter,1,feat,2394164,22076701, Iteration duration, 10.9407, sec
2023-08-22 13:40:08,317 [36] INFO  - 2023-08-22 13:39:47,F004,Z,5,iter,1,feat,2394164,22076701, Z slice processing duration, 26.9575, sec
2023-08-22 13:40:08,317 [36] INFO  - 2023-08-22 13:39:51,F004,Z,6,iter,0,feat,2109709,24186410, Spot file data loading and filtration , 3.41578, sec
2023-08-22 13:40:08,317 [36] INFO  - 2023-08-22 13:39:52,F004,Z,6,iter,0,feat,2109709,24186410, Seed neighbor determination, 1.86804, sec
2023-08-22 13:40:08,317 [36] INFO  - 2023-08-22 13:39:53,F004,Z,6,iter,0,feat,2109709,24186410, Quality Score Generation, 3.10579, sec
2023-08-22 13:40:08,317 [36] INFO  - 2023-08-22 13:39:55,F004,Z,6,iter,0,feat,2109709,24186410, Spots per feature calculation and feature filtration, 2.15197, sec
2023-08-22 13:40:08,317 [36] INFO  - 2023-08-22 13:39:58,F004,Z,6,iter,0,feat,2109709,24186410, Making Complete Code Target Calls, 2.20438, sec
2023-08-22 13:40:08,317 [36] INFO  - 2023-08-22 13:39:58,F004,Z,6,iter,0,feat,2109709,24186410, Target Call Location Estimation and iteration end update, 0.587126, sec
2023-08-22 13:40:08,317 [36] INFO  - 2023-08-22 13:39:58,F004,Z,6,iter,0,feat,2109709,24186410, Iteration summary generation, 0.006424, sec
2023-08-22 13:40:08,317 [36] INFO  - 2023-08-22 13:39:58,F004,Z,6,iter,0,feat,2109709,24186410, Iteration duration, 9.12091, sec
2023-08-22 13:40:08,317 [36] INFO  - 2023-08-22 13:39:59,F004,Z,6,iter,1,feat,2109709,24186410, Seed neighbor determination, 1.90636, sec
2023-08-22 13:40:08,317 [36] INFO  - 2023-08-22 13:40:00,F004,Z,6,iter,1,feat,2109709,24186410, Quality Score Generation, 3.87633, sec
2023-08-22 13:40:08,317 [36] INFO  - 2023-08-22 13:40:02,F004,Z,6,iter,1,feat,2109709,24186410, Spots per feature calculation and feature filtration, 1.65944, sec
2023-08-22 13:40:08,317 [36] INFO  - 2023-08-22 13:40:05,F004,Z,6,iter,1,feat,2109709,24186410, Making Complete Code Target Calls, 2.7848, sec
2023-08-22 13:40:08,317 [36] INFO  - 2023-08-22 13:40:05,F004,Z,6,iter,1,feat,2109709,24186410, Target Call Location Estimation and iteration end update, 0.373284, sec
2023-08-22 13:40:08,317 [36] INFO  - 2023-08-22 13:40:05,F004,Z,6,iter,1,feat,2109709,24186410, Iteration summary generation, 0.119969, sec
2023-08-22 13:40:08,317 [36] INFO  - 2023-08-22 13:40:05,F004,Z,6,iter,1,feat,2109709,24186410, Iteration duration, 9.89689, sec
2023-08-22 13:40:08,317 [36] INFO  - 2023-08-22 13:40:05,F004,Z,6,iter,1,feat,2109709,24186410, Z slice processing duration, 23.5103, sec
2023-08-22 13:40:08,317 [36] INFO  - 2023-08-22 13:40:07,F004,Z,7,iter,0,feat,1119730,25306140, Spot file data loading and filtration , 1.12489, sec
2023-08-22 13:40:15,310 [36] INFO  - 2023-08-22 13:40:08,F004,Z,7,iter,0,feat,1119730,25306140, Seed neighbor determination, 0.978018, sec
2023-08-22 13:40:15,310 [36] INFO  - 2023-08-22 13:40:08,F004,Z,7,iter,0,feat,1119730,25306140, Quality Score Generation, 1.43458, sec
2023-08-22 13:40:15,310 [36] INFO  - 2023-08-22 13:40:09,F004,Z,7,iter,0,feat,1119730,25306140, Spots per feature calculation and feature filtration, 1.14546, sec
2023-08-22 13:40:15,310 [36] INFO  - 2023-08-22 13:40:10,F004,Z,7,iter,0,feat,1119730,25306140, Making Complete Code Target Calls, 0.794588, sec
2023-08-22 13:40:15,310 [36] INFO  - 2023-08-22 13:40:10,F004,Z,7,iter,0,feat,1119730,25306140, Target Call Location Estimation and iteration end update, 0.251432, sec
2023-08-22 13:40:15,310 [36] INFO  - 2023-08-22 13:40:10,F004,Z,7,iter,0,feat,1119730,25306140, Iteration summary generation, 0.002892, sec
2023-08-22 13:40:15,310 [36] INFO  - 2023-08-22 13:40:10,F004,Z,7,iter,0,feat,1119730,25306140, Iteration duration, 4.19039, sec
2023-08-22 13:40:15,310 [36] INFO  - 2023-08-22 13:40:11,F004,Z,7,iter,1,feat,1119730,25306140, Seed neighbor determination, 0.961493, sec
2023-08-22 13:40:15,310 [36] INFO  - 2023-08-22 13:40:11,F004,Z,7,iter,1,feat,1119730,25306140, Quality Score Generation, 1.67086, sec
2023-08-22 13:40:15,310 [7] INFO  - 2023-08-22 13:40:12,F004,Z,7,iter,1,feat,1119730,25306140, Spots per feature calculation and feature filtration, 0.974816, sec
2023-08-22 13:40:15,310 [7] INFO  - 2023-08-22 13:40:13,F004,Z,7,iter,1,feat,1119730,25306140, Making Complete Code Target Calls, 0.944104, sec
2023-08-22 13:40:15,310 [7] INFO  - 2023-08-22 13:40:13,F004,Z,7,iter,1,feat,1119730,25306140, Target Call Location Estimation and iteration end update, 0.145111, sec
2023-08-22 13:40:15,310 [7] INFO  - 2023-08-22 13:40:14,F004,Z,7,iter,1,feat,1119730,25306140, Iteration summary generation, 0.077612, sec
2023-08-22 13:40:15,310 [7] INFO  - 2023-08-22 13:40:14,F004,Z,7,iter,1,feat,1119730,25306140, Iteration duration, 4.3648, sec
2023-08-22 13:40:15,310 [7] INFO  - 2023-08-22 13:40:14,F004,Z,7,iter,1,feat,1119730,25306140, Z slice processing duration, 10.6358, sec
2023-08-22 13:40:15,310 [7] INFO  - 2023-08-22 13:40:14,F004,Z,8,iter,0,feat,86636,25392776, Spot file data loading and filtration , -0.431634, sec
2023-08-22 13:40:15,310 [7] INFO  - 2023-08-22 13:40:14,F004,Z,8,iter,0,feat,86636,25392776, Seed neighbor determination, 0.070276, sec
2023-08-22 13:40:15,310 [7] INFO  - 2023-08-22 13:40:14,F004,Z,8,iter,0,feat,86636,25392776, Quality Score Generation, 0.027926, sec
2023-08-22 13:40:15,310 [7] INFO  - 2023-08-22 13:40:14,F004,Z,8,iter,0,feat,86636,25392776, Spots per feature calculation and feature filtration, 0.083875, sec
2023-08-22 13:40:15,310 [7] INFO  - 2023-08-22 13:40:14,F004,Z,8,iter,0,feat,86636,25392776, Making Complete Code Target Calls, 0.007181, sec
2023-08-22 13:40:15,310 [7] INFO  - 2023-08-22 13:40:14,F004,Z,8,iter,0,feat,86636,25392776, Target Call Location Estimation and iteration end update, 0.003115, sec
2023-08-22 13:40:15,310 [7] INFO  - 2023-08-22 13:40:14,F004,Z,8,iter,0,feat,86636,25392776, Iteration summary generation, 0.00013, sec
2023-08-22 13:40:15,310 [7] INFO  - 2023-08-22 13:40:14,F004,Z,8,iter,0,feat,86636,25392776, Iteration duration, 0.162494, sec
2023-08-22 13:40:15,310 [7] INFO  - 2023-08-22 13:40:14,F004,Z,8,iter,1,feat,86636,25392776, Seed neighbor determination, 0.070573, sec
2023-08-22 13:40:15,310 [7] INFO  - 2023-08-22 13:40:14,F004,Z,8,iter,1,feat,86636,25392776, Quality Score Generation, 0.030559, sec
2023-08-22 13:40:15,310 [7] INFO  - 2023-08-22 13:40:14,F004,Z,8,iter,1,feat,86636,25392776, Spots per feature calculation and feature filtration, 0.082812, sec
2023-08-22 13:40:15,310 [7] INFO  - 2023-08-22 13:40:14,F004,Z,8,iter,1,feat,86636,25392776, Making Complete Code Target Calls, 0.007957, sec
2023-08-22 13:40:15,310 [7] INFO  - 2023-08-22 13:40:14,F004,Z,8,iter,1,feat,86636,25392776, Target Call Location Estimation and iteration end update, 0.000761, sec
2023-08-22 13:40:15,310 [7] INFO  - 2023-08-22 13:40:14,F004,Z,8,iter,1,feat,86636,25392776, Iteration summary generation, 0.001802, sec
2023-08-22 13:40:15,310 [7] INFO  - 2023-08-22 13:40:14,F004,Z,8,iter,1,feat,86636,25392776, Iteration duration, 0.163413, sec
2023-08-22 13:40:15,310 [7] INFO  - 2023-08-22 13:40:14,F004,Z,8,iter,1,feat,86636,25392776, Z slice processing duration, 0.375103, sec
2023-08-22 13:40:15,310 [7] INFO  - 2023-08-22 13:40:15,F004,Z,8,iter,1,feat,86636,25392776, FOV processing duration (final) , 338.509, sec
2023-08-22 13:40:15,327 [36] INFO  - Exited
2023-08-22 13:40:15,327 [36] INFO  - System.EventArgs
2023-08-22 13:40:15,327 [36] INFO  - { }
2023-08-22 13:40:15,328 [1] INFO  - mtmc run complete
2023-08-22 13:40:15,328 [1] INFO  - Zipping and uploading results...
2023-08-22 13:40:15,329 [1] INFO  - Uploading mtm results to storage.
2023-08-22 13:40:15,329 [1] INFO  - Start uploading /app/out/FOV004 to 892d9dcc-e56d-475c-8dee-2c395064223d/2302H0033/c9d29823-a69c-4328-a6b9-53e2b78fa3e3/Run_76ed1d6b-57d6-4076-9a09-09a6f1ded693_20230817_2302h0033_ControlCenter/20230817_175305/20230817_175305_S1/AnalysisResults/oxdwyv2woj/FOV004
2023-08-22 13:40:15,329 [1] INFO  - Executing with retries set to: 10
2023-08-22 13:40:16,666 [1] INFO  - Upload /app/out/FOV004 finished
2023-08-22 13:40:16,666 [1] INFO  - Results uploaded.
2023-08-22 13:40:16,666 [1] INFO  - All done
2023-08-22 13:40:16,666 [1] INFO  - Executing with retries set to: 10
2023-08-22 13:40:16,666 [1] INFO  - Setting fov oxdwyv2woj-ujjlt into status Completed
2023-08-22 13:40:16,668 [1] INFO  - Saving a fov processing run: oxdwyv2woj-ujjlt
2023-08-22 13:40:16,668 [1] INFO  - Updating an existing fov run.
2023-08-22 13:40:16,670 [1] INFO  - Uploading logs
2023-08-22 13:40:16,671 [1] INFO  - Start uploading 892d9dcc-e56d-475c-8dee-2c395064223d/2302H0033/c9d29823-a69c-4328-a6b9-53e2b78fa3e3/Run_76ed1d6b-57d6-4076-9a09-09a6f1ded693_20230817_2302h0033_ControlCenter/20230817_175305/20230817_175305_S1/AnalysisResults/oxdwyv2woj/FOV004/mtm-run.log
