2023-08-22 13:31:26,107 [1] INFO  - Using bucket s3-euw1-eu2-datarepository-eu2-eu2-kcl-01 and region eu-west-1
2023-08-22 13:31:26,137 [1] INFO  - Using role to access S3
2023-08-22 13:31:26,337 [1] INFO  - ===============================
2023-08-22 13:31:26,337 [1] INFO  - build info: 
commit 1860d865ce7409a4b25d5549a62e2b7be0a93d33
Author: alexander-serebriyan <alexander.serebriyan@teamdev.com>
Date:   Fri Feb 10 15:42:48 2023 +0100

    Add UAT env for ECR pushing.

Build done on: Fri Feb 10 14:46:39 UTC 2023
Version: 20230210.1

2023-08-22 13:31:26,337 [1] INFO  - ===============================
2023-08-22 13:31:26,337 [1] INFO  - Starting the job. Results will be uploaded to: 892d9dcc-e56d-475c-8dee-2c395064223d/2302H0033/c9d29823-a69c-4328-a6b9-53e2b78fa3e3/Run_76ed1d6b-57d6-4076-9a09-09a6f1ded693_20230817_2302h0033_ControlCenter/20230817_175305/20230817_175305_S1/AnalysisResults/oxdwyv2woj/FOV058
2023-08-22 13:31:26,337 [1] INFO  - Checking FOV status. Ref: oxdwyv2woj-lt4ui, ID: 892d9dcc-e56d-475c-8dee-2c395064223d/2302H0033/c9d29823-a69c-4328-a6b9-53e2b78fa3e3/Run_76ed1d6b-57d6-4076-9a09-09a6f1ded693_20230817_2302h0033_ControlCenter/20230817_175305/20230817_175305_S1/SpotFiles/FOV058/
2023-08-22 13:31:26,495 [1] INFO  - Executing with retries set to: 10
2023-08-22 13:31:26,495 [1] INFO  - Setting fov oxdwyv2woj-lt4ui into status InProgress
2023-08-22 13:31:26,497 [1] INFO  - Saving a fov processing run: oxdwyv2woj-lt4ui
2023-08-22 13:31:26,497 [1] INFO  - Updating an existing fov run.
2023-08-22 13:31:26,539 [1] INFO  - Downloading FOV using next path: 892d9dcc-e56d-475c-8dee-2c395064223d/2302H0033/c9d29823-a69c-4328-a6b9-53e2b78fa3e3/Run_76ed1d6b-57d6-4076-9a09-09a6f1ded693_20230817_2302h0033_ControlCenter/20230817_175305/20230817_175305_S1/SpotFiles/FOV058/
2023-08-22 13:31:26,539 [1] INFO  - Start downloading 892d9dcc-e56d-475c-8dee-2c395064223d/2302H0033/c9d29823-a69c-4328-a6b9-53e2b78fa3e3/Run_76ed1d6b-57d6-4076-9a09-09a6f1ded693_20230817_2302h0033_ControlCenter/20230817_175305/20230817_175305_S1/SpotFiles/FOV058/
2023-08-22 13:31:26,539 [1] INFO  - Executing with retries set to: 10
2023-08-22 13:35:29,761 [1] INFO  - Download 892d9dcc-e56d-475c-8dee-2c395064223d/2302H0033/c9d29823-a69c-4328-a6b9-53e2b78fa3e3/Run_76ed1d6b-57d6-4076-9a09-09a6f1ded693_20230817_2302h0033_ControlCenter/20230817_175305/20230817_175305_S1/SpotFiles/FOV058/ complete
2023-08-22 13:35:29,761 [1] INFO  - Custom plex file specified. The default one will be overriden.
2023-08-22 13:35:29,761 [1] INFO  - Downloading plex file using next path: 892d9dcc-e56d-475c-8dee-2c395064223d/2302H0033/c9d29823-a69c-4328-a6b9-53e2b78fa3e3/Run_76ed1d6b-57d6-4076-9a09-09a6f1ded693_20230817_2302h0033_ControlCenter/20230817_175305/20230817_175305_S1/plex-oxdwyv2woj.txt
2023-08-22 13:35:29,762 [1] INFO  - Downloading 892d9dcc-e56d-475c-8dee-2c395064223d/2302H0033/c9d29823-a69c-4328-a6b9-53e2b78fa3e3/Run_76ed1d6b-57d6-4076-9a09-09a6f1ded693_20230817_2302h0033_ControlCenter/20230817_175305/20230817_175305_S1/plex-oxdwyv2woj.txt
2023-08-22 13:35:29,877 [1] INFO  - Download 892d9dcc-e56d-475c-8dee-2c395064223d/2302H0033/c9d29823-a69c-4328-a6b9-53e2b78fa3e3/Run_76ed1d6b-57d6-4076-9a09-09a6f1ded693_20230817_2302h0033_ControlCenter/20230817_175305/20230817_175305_S1/plex-oxdwyv2woj.txt finished
2023-08-22 13:35:29,878 [1] INFO  - No user params file specified. Trying to use the one from the storage.
2023-08-22 13:35:29,878 [1] INFO  - Downloading params file using next path: 892d9dcc-e56d-475c-8dee-2c395064223d/2302H0033/c9d29823-a69c-4328-a6b9-53e2b78fa3e3/Run_76ed1d6b-57d6-4076-9a09-09a6f1ded693_20230817_2302h0033_ControlCenter/20230817_175305/20230817_175305_S1/analysis_params_v6.txt
2023-08-22 13:35:29,878 [1] INFO  - Downloading 892d9dcc-e56d-475c-8dee-2c395064223d/2302H0033/c9d29823-a69c-4328-a6b9-53e2b78fa3e3/Run_76ed1d6b-57d6-4076-9a09-09a6f1ded693_20230817_2302h0033_ControlCenter/20230817_175305/20230817_175305_S1/analysis_params_v6.txt
2023-08-22 13:35:29,921 [1] ERROR -    at Amazon.Runtime.Internal.HttpErrorResponseExceptionHandler.HandleExceptionStream(IRequestContext requestContext, IWebResponseData httpErrorResponse, HttpErrorResponseException exception, Stream responseStream)
   at Amazon.Runtime.Internal.HttpErrorResponseExceptionHandler.HandleExceptionAsync(IExecutionContext executionContext, HttpErrorResponseException exception)
   at Amazon.Runtime.Internal.ExceptionHandler`1.HandleAsync(IExecutionContext executionContext, Exception exception)
   at Amazon.Runtime.Internal.ErrorHandler.ProcessExceptionAsync(IExecutionContext executionContext, Exception exception)
   at Amazon.Runtime.Internal.ErrorHandler.InvokeAsync[T](IExecutionContext executionContext)
   at Amazon.Runtime.Internal.CallbackHandler.InvokeAsync[T](IExecutionContext executionContext)
   at Amazon.Runtime.Internal.EndpointDiscoveryHandler.InvokeAsync[T](IExecutionContext executionContext)
   at Amazon.Runtime.Internal.EndpointDiscoveryHandler.InvokeAsync[T](IExecutionContext executionContext)
   at Amazon.Runtime.Internal.CredentialsRetriever.InvokeAsync[T](IExecutionContext executionContext)
   at Amazon.Runtime.Internal.RetryHandler.InvokeAsync[T](IExecutionContext executionContext)
   at Amazon.Runtime.Internal.RetryHandler.InvokeAsync[T](IExecutionContext executionContext)
   at Amazon.Runtime.Internal.CallbackHandler.InvokeAsync[T](IExecutionContext executionContext)
   at Amazon.Runtime.Internal.CallbackHandler.InvokeAsync[T](IExecutionContext executionContext)
   at Amazon.S3.Internal.AmazonS3ExceptionHandler.InvokeAsync[T](IExecutionContext executionContext)
   at Amazon.Runtime.Internal.ErrorCallbackHandler.InvokeAsync[T](IExecutionContext executionContext)
   at Amazon.Runtime.Internal.MetricsHandler.InvokeAsync[T](IExecutionContext executionContext)
   at Amazon.S3.Transfer.Internal.DownloadCommand.ExecuteAsync(CancellationToken cancellationToken)
   at Amazon.S3.Transfer.TransferUtility.Download(String filePath, String bucketName, String key)
   at Core.S3FileStorageService.DownloadFile(String remoteFilePath, String localFilePath) in /src/Core/S3FileStorageService.cs:line 67
   at MTMCWorker.Service.Impl.MtmcWorker.FetchParamsFile(String paramsFileRef, String flowCellPath) in /src/MTMCWorker/Service/Impl/MtmcWorker.cs:line 297
2023-08-22 13:35:29,922 [1] INFO  - Can't download params file next to nBCDir. Using the default one.
Amazon.S3.AmazonS3Exception: The specified key does not exist.
 ---> Amazon.Runtime.Internal.HttpErrorResponseException: Exception of type 'Amazon.Runtime.Internal.HttpErrorResponseException' was thrown.
   at Amazon.Runtime.HttpWebRequestMessage.GetResponseAsync(CancellationToken cancellationToken)
   at Amazon.Runtime.Internal.HttpHandler`1.InvokeAsync[T](IExecutionContext executionContext)
   at Amazon.Runtime.Internal.RedirectHandler.InvokeAsync[T](IExecutionContext executionContext)
   at Amazon.Runtime.Internal.Unmarshaller.InvokeAsync[T](IExecutionContext executionContext)
   at Amazon.S3.Internal.AmazonS3ResponseHandler.InvokeAsync[T](IExecutionContext executionContext)
   at Amazon.Runtime.Internal.ErrorHandler.InvokeAsync[T](IExecutionContext executionContext)
   --- End of inner exception stack trace ---
   at Amazon.Runtime.Internal.HttpErrorResponseExceptionHandler.HandleExceptionStream(IRequestContext requestContext, IWebResponseData httpErrorResponse, HttpErrorResponseException exception, Stream responseStream)
   at Amazon.Runtime.Internal.HttpErrorResponseExceptionHandler.HandleExceptionAsync(IExecutionContext executionContext, HttpErrorResponseException exception)
   at Amazon.Runtime.Internal.ExceptionHandler`1.HandleAsync(IExecutionContext executionContext, Exception exception)
   at Amazon.Runtime.Internal.ErrorHandler.ProcessExceptionAsync(IExecutionContext executionContext, Exception exception)
   at Amazon.Runtime.Internal.ErrorHandler.InvokeAsync[T](IExecutionContext executionContext)
   at Amazon.Runtime.Internal.CallbackHandler.InvokeAsync[T](IExecutionContext executionContext)
   at Amazon.Runtime.Internal.EndpointDiscoveryHandler.InvokeAsync[T](IExecutionContext executionContext)
   at Amazon.Runtime.Internal.EndpointDiscoveryHandler.InvokeAsync[T](IExecutionContext executionContext)
   at Amazon.Runtime.Internal.CredentialsRetriever.InvokeAsync[T](IExecutionContext executionContext)
   at Amazon.Runtime.Internal.RetryHandler.InvokeAsync[T](IExecutionContext executionContext)
   at Amazon.Runtime.Internal.RetryHandler.InvokeAsync[T](IExecutionContext executionContext)
   at Amazon.Runtime.Internal.CallbackHandler.InvokeAsync[T](IExecutionContext executionContext)
   at Amazon.Runtime.Internal.CallbackHandler.InvokeAsync[T](IExecutionContext executionContext)
   at Amazon.S3.Internal.AmazonS3ExceptionHandler.InvokeAsync[T](IExecutionContext executionContext)
   at Amazon.Runtime.Internal.ErrorCallbackHandler.InvokeAsync[T](IExecutionContext executionContext)
   at Amazon.Runtime.Internal.MetricsHandler.InvokeAsync[T](IExecutionContext executionContext)
   at Amazon.S3.Transfer.Internal.DownloadCommand.ExecuteAsync(CancellationToken cancellationToken)
   at Amazon.S3.Transfer.TransferUtility.Download(String filePath, String bucketName, String key)
   at Core.S3FileStorageService.DownloadFile(String remoteFilePath, String localFilePath) in /src/Core/S3FileStorageService.cs:line 67
   at MTMCWorker.Service.Impl.MtmcWorker.FetchParamsFile(String paramsFileRef, String flowCellPath) in /src/MTMCWorker/Service/Impl/MtmcWorker.cs:line 297
2023-08-22 13:35:29,926 [1] INFO  - Fetching CellStatsDir folder data...
2023-08-22 13:35:30,015 [1] INFO  - Downloading 892d9dcc-e56d-475c-8dee-2c395064223d/2302H0033/c9d29823-a69c-4328-a6b9-53e2b78fa3e3/Run_76ed1d6b-57d6-4076-9a09-09a6f1ded693_20230817_2302h0033_ControlCenter/20230817_175305/20230817_175305_S1/CellStatsDir/CellComposite/CellComposite_F058.jpg
2023-08-22 13:35:30,327 [1] INFO  - Download 892d9dcc-e56d-475c-8dee-2c395064223d/2302H0033/c9d29823-a69c-4328-a6b9-53e2b78fa3e3/Run_76ed1d6b-57d6-4076-9a09-09a6f1ded693_20230817_2302h0033_ControlCenter/20230817_175305/20230817_175305_S1/CellStatsDir/CellComposite/CellComposite_F058.jpg finished
2023-08-22 13:35:30,328 [1] INFO  - Downloading 892d9dcc-e56d-475c-8dee-2c395064223d/2302H0033/c9d29823-a69c-4328-a6b9-53e2b78fa3e3/Run_76ed1d6b-57d6-4076-9a09-09a6f1ded693_20230817_2302h0033_ControlCenter/20230817_175305/20230817_175305_S1/CellStatsDir/CellOverlay/CellOverlay_F058.jpg
2023-08-22 13:35:30,746 [1] INFO  - Download 892d9dcc-e56d-475c-8dee-2c395064223d/2302H0033/c9d29823-a69c-4328-a6b9-53e2b78fa3e3/Run_76ed1d6b-57d6-4076-9a09-09a6f1ded693_20230817_2302h0033_ControlCenter/20230817_175305/20230817_175305_S1/CellStatsDir/CellOverlay/CellOverlay_F058.jpg finished
2023-08-22 13:35:30,746 [1] INFO  - Downloading 892d9dcc-e56d-475c-8dee-2c395064223d/2302H0033/c9d29823-a69c-4328-a6b9-53e2b78fa3e3/Run_76ed1d6b-57d6-4076-9a09-09a6f1ded693_20230817_2302h0033_ControlCenter/20230817_175305/20230817_175305_S1/CellStatsDir/FOV058/CellLabels_F058.tif
2023-08-22 13:35:30,972 [1] INFO  - Download 892d9dcc-e56d-475c-8dee-2c395064223d/2302H0033/c9d29823-a69c-4328-a6b9-53e2b78fa3e3/Run_76ed1d6b-57d6-4076-9a09-09a6f1ded693_20230817_2302h0033_ControlCenter/20230817_175305/20230817_175305_S1/CellStatsDir/FOV058/CellLabels_F058.tif finished
2023-08-22 13:35:30,972 [1] INFO  - Downloading 892d9dcc-e56d-475c-8dee-2c395064223d/2302H0033/c9d29823-a69c-4328-a6b9-53e2b78fa3e3/Run_76ed1d6b-57d6-4076-9a09-09a6f1ded693_20230817_2302h0033_ControlCenter/20230817_175305/20230817_175305_S1/CellStatsDir/FOV058/CompartmentLabels_F058.tif
2023-08-22 13:35:31,173 [1] INFO  - Download 892d9dcc-e56d-475c-8dee-2c395064223d/2302H0033/c9d29823-a69c-4328-a6b9-53e2b78fa3e3/Run_76ed1d6b-57d6-4076-9a09-09a6f1ded693_20230817_2302h0033_ControlCenter/20230817_175305/20230817_175305_S1/CellStatsDir/FOV058/CompartmentLabels_F058.tif finished
2023-08-22 13:35:31,173 [1] INFO  - Downloading 892d9dcc-e56d-475c-8dee-2c395064223d/2302H0033/c9d29823-a69c-4328-a6b9-53e2b78fa3e3/Run_76ed1d6b-57d6-4076-9a09-09a6f1ded693_20230817_2302h0033_ControlCenter/20230817_175305/20230817_175305_S1/CellStatsDir/FOV058/Run_76ed1d6b-57d6-4076-9a09-09a6f1ded693_20230817_175305_S1_Cell_Stats_F058.csv
2023-08-22 13:35:31,422 [1] INFO  - Download 892d9dcc-e56d-475c-8dee-2c395064223d/2302H0033/c9d29823-a69c-4328-a6b9-53e2b78fa3e3/Run_76ed1d6b-57d6-4076-9a09-09a6f1ded693_20230817_2302h0033_ControlCenter/20230817_175305/20230817_175305_S1/CellStatsDir/FOV058/Run_76ed1d6b-57d6-4076-9a09-09a6f1ded693_20230817_175305_S1_Cell_Stats_F058.csv finished
2023-08-22 13:35:31,422 [1] INFO  - Downloading 892d9dcc-e56d-475c-8dee-2c395064223d/2302H0033/c9d29823-a69c-4328-a6b9-53e2b78fa3e3/Run_76ed1d6b-57d6-4076-9a09-09a6f1ded693_20230817_2302h0033_ControlCenter/20230817_175305/20230817_175305_S1/CellStatsDir/Morphology2D/20230817_175305_S1_C902_P99_N99_F058.TIF
2023-08-22 13:35:33,654 [1] INFO  - Download 892d9dcc-e56d-475c-8dee-2c395064223d/2302H0033/c9d29823-a69c-4328-a6b9-53e2b78fa3e3/Run_76ed1d6b-57d6-4076-9a09-09a6f1ded693_20230817_2302h0033_ControlCenter/20230817_175305/20230817_175305_S1/CellStatsDir/Morphology2D/20230817_175305_S1_C902_P99_N99_F058.TIF finished
2023-08-22 13:35:33,654 [1] INFO  - Downloading 892d9dcc-e56d-475c-8dee-2c395064223d/2302H0033/c9d29823-a69c-4328-a6b9-53e2b78fa3e3/Run_76ed1d6b-57d6-4076-9a09-09a6f1ded693_20230817_2302h0033_ControlCenter/20230817_175305/20230817_175305_S1/CellStatsDir/RnD/Run_76ed1d6b-57d6-4076-9a09-09a6f1ded693_20230817_175305_S1_Summary_F058.csv
2023-08-22 13:35:33,809 [1] INFO  - Download 892d9dcc-e56d-475c-8dee-2c395064223d/2302H0033/c9d29823-a69c-4328-a6b9-53e2b78fa3e3/Run_76ed1d6b-57d6-4076-9a09-09a6f1ded693_20230817_2302h0033_ControlCenter/20230817_175305/20230817_175305_S1/CellStatsDir/RnD/Run_76ed1d6b-57d6-4076-9a09-09a6f1ded693_20230817_175305_S1_Summary_F058.csv finished
2023-08-22 13:35:33,809 [1] INFO  - CellStatsDir data download complete.
2023-08-22 13:35:33,809 [1] INFO  - FOV downloaded successfully.
2023-08-22 13:35:33,809 [1] INFO  - Preparing dirs structure for mtmc
2023-08-22 13:35:33,809 [1] INFO  - Preparing mtmc input. FOV dir: FOV058
2023-08-22 13:35:33,812 [1] INFO  - Running mtmc...
2023-08-22 13:35:33,820 [13] INFO  - directory: "/app/input_data/"
2023-08-22 13:35:34,096 [13] INFO  - directory: "/app/out/FOV058/"
2023-08-22 13:40:32,776 [13] INFO  - 2023-08-22 13:35:34,F058,Z,0,iter,0,feat,0,0, Reading and combining input data, 0.031247, sec
2023-08-22 13:40:32,776 [13] INFO  - 2023-08-22 13:35:35,F058,Z,0,iter,0,feat,926439,926439, Spot file data loading and filtration , 1.65325, sec
2023-08-22 13:40:32,776 [13] INFO  - 2023-08-22 13:35:36,F058,Z,0,iter,0,feat,926439,926439, Seed neighbor determination, 1.11305, sec
2023-08-22 13:40:32,776 [13] INFO  - 2023-08-22 13:35:37,F058,Z,0,iter,0,feat,926439,926439, Quality Score Generation, 1.41593, sec
2023-08-22 13:40:32,776 [13] INFO  - 2023-08-22 13:35:39,F058,Z,0,iter,0,feat,926439,926439, Spots per feature calculation and feature filtration, 1.979, sec
2023-08-22 13:40:32,776 [13] INFO  - 2023-08-22 13:35:39,F058,Z,0,iter,0,feat,926439,926439, Making Complete Code Target Calls, 0.132289, sec
2023-08-22 13:40:32,776 [13] INFO  - 2023-08-22 13:35:39,F058,Z,0,iter,0,feat,926439,926439, Target Call Location Estimation and iteration end update, 0.05046, sec
2023-08-22 13:40:32,776 [13] INFO  - 2023-08-22 13:35:39,F058,Z,0,iter,0,feat,926439,926439, Iteration summary generation, 0.000309, sec
2023-08-22 13:40:32,776 [13] INFO  - 2023-08-22 13:35:39,F058,Z,0,iter,0,feat,926439,926439, Iteration duration, 4.21129, sec
2023-08-22 13:40:32,809 [13] INFO  - 2023-08-22 13:35:39,F058,Z,0,iter,1,feat,926439,926439, Seed neighbor determination, 1.12442, sec
2023-08-22 13:40:32,813 [13] INFO  - 2023-08-22 13:35:40,F058,Z,0,iter,1,feat,926439,926439, Quality Score Generation, 1.70971, sec
2023-08-22 13:40:32,813 [13] INFO  - 2023-08-22 13:35:43,F058,Z,0,iter,1,feat,926439,926439, Spots per feature calculation and feature filtration, 2.17228, sec
2023-08-22 13:40:32,813 [13] INFO  - 2023-08-22 13:35:43,F058,Z,0,iter,1,feat,926439,926439, Making Complete Code Target Calls, 0.184179, sec
2023-08-22 13:40:32,813 [13] INFO  - 2023-08-22 13:35:43,F058,Z,0,iter,1,feat,926439,926439, Target Call Location Estimation and iteration end update, 0.019242, sec
2023-08-22 13:40:32,813 [13] INFO  - 2023-08-22 13:35:43,F058,Z,0,iter,1,feat,926439,926439, Iteration summary generation, 0.005233, sec
2023-08-22 13:40:32,813 [13] INFO  - 2023-08-22 13:35:43,F058,Z,0,iter,1,feat,926439,926439, Iteration duration, 4.70731, sec
2023-08-22 13:40:32,813 [13] INFO  - 2023-08-22 13:35:43,F058,Z,0,iter,1,feat,926439,926439, Z slice processing duration, 10.5736, sec
2023-08-22 13:40:32,813 [13] INFO  - 2023-08-22 13:36:14,F058,Z,1,iter,0,feat,6167987,7094426, Spot file data loading and filtration , 24.1151, sec
2023-08-22 13:40:32,813 [13] INFO  - 2023-08-22 13:36:20,F058,Z,1,iter,0,feat,6167987,7094426, Seed neighbor determination, 7.82742, sec
2023-08-22 13:40:32,829 [13] INFO  - 2023-08-22 13:36:29,F058,Z,1,iter,0,feat,6167987,7094426, Quality Score Generation, 19.2687, sec
2023-08-22 13:40:32,829 [13] INFO  - 2023-08-22 13:36:45,F058,Z,1,iter,0,feat,6167987,7094426, Spots per feature calculation and feature filtration, 12.862, sec
2023-08-22 13:40:32,829 [13] INFO  - 2023-08-22 13:37:05,F058,Z,1,iter,0,feat,6167987,7094426, Making Complete Code Target Calls, 14.6921, sec
2023-08-22 13:40:32,829 [13] INFO  - 2023-08-22 13:37:14,F058,Z,1,iter,0,feat,6167987,7094426, Target Call Location Estimation and iteration end update, 7.29101, sec
2023-08-22 13:40:32,829 [13] INFO  - 2023-08-22 13:37:14,F058,Z,1,iter,0,feat,6167987,7094426, Iteration summary generation, 0.037518, sec
2023-08-22 13:40:32,829 [13] INFO  - 2023-08-22 13:37:14,F058,Z,1,iter,0,feat,6167987,7094426, Iteration duration, 59.0632, sec
2023-08-22 13:40:32,829 [13] INFO  - 2023-08-22 13:37:19,F058,Z,1,iter,1,feat,6167987,7094426, Seed neighbor determination, 7.93746, sec
2023-08-22 13:40:32,830 [13] INFO  - 2023-08-22 13:37:33,F058,Z,1,iter,1,feat,6167987,7094426, Quality Score Generation, 30.355, sec
2023-08-22 13:40:32,830 [13] INFO  - 2023-08-22 13:37:47,F058,Z,1,iter,1,feat,6167987,7094426, Spots per feature calculation and feature filtration, 9.47407, sec
2023-08-22 13:40:32,830 [13] INFO  - 2023-08-22 13:38:14,F058,Z,1,iter,1,feat,6167987,7094426, Making Complete Code Target Calls, 21.0275, sec
2023-08-22 13:40:32,830 [39] INFO  - 2023-08-22 13:38:21,F058,Z,1,iter,1,feat,6167987,7094426, Target Call Location Estimation and iteration end update, 5.57169, sec
2023-08-22 13:40:32,837 [39] INFO  - 2023-08-22 13:38:23,F058,Z,1,iter,1,feat,6167987,7094426, Iteration summary generation, 0.768563, sec
2023-08-22 13:40:32,837 [39] INFO  - 2023-08-22 13:38:23,F058,Z,1,iter,1,feat,6167987,7094426, Iteration duration, 71.7269, sec
2023-08-22 13:40:32,837 [39] INFO  - 2023-08-22 13:38:23,F058,Z,1,iter,1,feat,6167987,7094426, Z slice processing duration, 155.532, sec
2023-08-22 13:40:32,838 [39] INFO  - 2023-08-22 13:39:15,F058,Z,2,iter,0,feat,5838108,12932534, Spot file data loading and filtration , 35.1522, sec
2023-08-22 13:40:32,838 [39] INFO  - 2023-08-22 13:39:19,F058,Z,2,iter,0,feat,5838108,12932534, Seed neighbor determination, 7.86541, sec
2023-08-22 13:40:32,838 [39] INFO  - 2023-08-22 13:39:32,F058,Z,2,iter,0,feat,5838108,12932534, Quality Score Generation, 23.755, sec
2023-08-22 13:40:32,838 [39] INFO  - 2023-08-22 13:39:50,F058,Z,2,iter,0,feat,5838108,12932534, Spots per feature calculation and feature filtration, 10.5313, sec
2023-08-22 13:40:32,838 [39] INFO  - 2023-08-22 13:40:14,F058,Z,2,iter,0,feat,5838108,12932534, Making Complete Code Target Calls, 19.4986, sec
2023-08-22 13:46:16,160 [39] INFO  - 2023-08-22 13:40:32,F058,Z,2,iter,0,feat,5838108,12932534, Target Call Location Estimation and iteration end update, 11.4163, sec
2023-08-22 13:46:16,160 [39] INFO  - 2023-08-22 13:40:32,F058,Z,2,iter,0,feat,5838108,12932534, Iteration summary generation, 0.091912, sec
2023-08-22 13:46:16,160 [39] INFO  - 2023-08-22 13:40:32,F058,Z,2,iter,0,feat,5838108,12932534, Iteration duration, 69.8235, sec
2023-08-22 13:46:16,161 [39] INFO  - 2023-08-22 13:40:37,F058,Z,2,iter,1,feat,5838108,12932534, Seed neighbor determination, 7.88632, sec
2023-08-22 13:46:16,161 [39] INFO  - 2023-08-22 13:40:46,F058,Z,2,iter,1,feat,5838108,12932534, Quality Score Generation, 21.8423, sec
2023-08-22 13:46:16,161 [39] INFO  - 2023-08-22 13:40:55,F058,Z,2,iter,1,feat,5838108,12932534, Spots per feature calculation and feature filtration, 8.38994, sec
2023-08-22 13:46:16,161 [39] INFO  - 2023-08-22 13:41:22,F058,Z,2,iter,1,feat,5838108,12932534, Making Complete Code Target Calls, 23.8265, sec
2023-08-22 13:46:16,161 [39] INFO  - 2023-08-22 13:41:33,F058,Z,2,iter,1,feat,5838108,12932534, Target Call Location Estimation and iteration end update, 7.25033, sec
2023-08-22 13:46:16,161 [39] INFO  - 2023-08-22 13:41:35,F058,Z,2,iter,1,feat,5838108,12932534, Iteration summary generation, 1.47897, sec
2023-08-22 13:46:16,161 [39] INFO  - 2023-08-22 13:41:35,F058,Z,2,iter,1,feat,5838108,12932534, Iteration duration, 67.348, sec
2023-08-22 13:46:16,173 [39] INFO  - 2023-08-22 13:41:35,F058,Z,2,iter,1,feat,5838108,12932534, Z slice processing duration, 176.457, sec
2023-08-22 13:46:16,174 [39] INFO  - 2023-08-22 13:42:10,F058,Z,3,iter,0,feat,4921966,17854500, Spot file data loading and filtration , 22.418, sec
2023-08-22 13:46:16,174 [39] INFO  - 2023-08-22 13:42:15,F058,Z,3,iter,0,feat,4921966,17854500, Seed neighbor determination, 6.83118, sec
2023-08-22 13:46:16,174 [39] INFO  - 2023-08-22 13:42:24,F058,Z,3,iter,0,feat,4921966,17854500, Quality Score Generation, 16.3144, sec
2023-08-22 13:46:16,174 [39] INFO  - 2023-08-22 13:42:37,F058,Z,3,iter,0,feat,4921966,17854500, Spots per feature calculation and feature filtration, 9.34133, sec
2023-08-22 13:46:16,174 [39] INFO  - 2023-08-22 13:43:00,F058,Z,3,iter,0,feat,4921966,17854500, Making Complete Code Target Calls, 19.3812, sec
2023-08-22 13:46:16,174 [39] INFO  - 2023-08-22 13:43:12,F058,Z,3,iter,0,feat,4921966,17854500, Target Call Location Estimation and iteration end update, 9.44742, sec
2023-08-22 13:46:16,174 [39] INFO  - 2023-08-22 13:43:12,F058,Z,3,iter,0,feat,4921966,17854500, Iteration summary generation, 0.105529, sec
2023-08-22 13:46:16,176 [39] INFO  - 2023-08-22 13:43:12,F058,Z,3,iter,0,feat,4921966,17854500, Iteration duration, 58.999, sec
2023-08-22 13:46:16,176 [39] INFO  - 2023-08-22 13:43:17,F058,Z,3,iter,1,feat,4921966,17854500, Seed neighbor determination, 7.4523, sec
2023-08-22 13:46:16,176 [39] INFO  - 2023-08-22 13:43:32,F058,Z,3,iter,1,feat,4921966,17854500, Quality Score Generation, 35.509, sec
2023-08-22 13:46:16,176 [39] INFO  - 2023-08-22 13:43:44,F058,Z,3,iter,1,feat,4921966,17854500, Spots per feature calculation and feature filtration, 7.56791, sec
2023-08-22 13:46:16,176 [39] INFO  - 2023-08-22 13:44:09,F058,Z,3,iter,1,feat,4921966,17854500, Making Complete Code Target Calls, 22.9722, sec
2023-08-22 13:46:16,176 [39] INFO  - 2023-08-22 13:44:17,F058,Z,3,iter,1,feat,4921966,17854500, Target Call Location Estimation and iteration end update, 8.26407, sec
2023-08-22 13:46:16,176 [39] INFO  - 2023-08-22 13:44:18,F058,Z,3,iter,1,feat,4921966,17854500, Iteration summary generation, 1.49556, sec
2023-08-22 13:46:16,176 [39] INFO  - 2023-08-22 13:44:18,F058,Z,3,iter,1,feat,4921966,17854500, Iteration duration, 80.4198, sec
2023-08-22 13:46:16,177 [39] INFO  - 2023-08-22 13:44:18,F058,Z,3,iter,1,feat,4921966,17854500, Z slice processing duration, 165.938, sec
2023-08-22 13:46:16,177 [39] INFO  - 2023-08-22 13:44:43,F058,Z,4,iter,0,feat,4245577,22100077, Spot file data loading and filtration , 19.1947, sec
2023-08-22 13:46:16,177 [39] INFO  - 2023-08-22 13:44:48,F058,Z,4,iter,0,feat,4245577,22100077, Seed neighbor determination, 5.52356, sec
2023-08-22 13:46:16,177 [39] INFO  - 2023-08-22 13:44:55,F058,Z,4,iter,0,feat,4245577,22100077, Quality Score Generation, 11.9404, sec
2023-08-22 13:46:16,177 [39] INFO  - 2023-08-22 13:45:08,F058,Z,4,iter,0,feat,4245577,22100077, Spots per feature calculation and feature filtration, 8.05828, sec
2023-08-22 13:46:16,177 [39] INFO  - 2023-08-22 13:45:27,F058,Z,4,iter,0,feat,4245577,22100077, Making Complete Code Target Calls, 15.834, sec
2023-08-22 13:46:16,177 [39] INFO  - 2023-08-22 13:45:35,F058,Z,4,iter,0,feat,4245577,22100077, Target Call Location Estimation and iteration end update, 6.74106, sec
2023-08-22 13:46:16,177 [39] INFO  - 2023-08-22 13:45:35,F058,Z,4,iter,0,feat,4245577,22100077, Iteration summary generation, 0.057174, sec
2023-08-22 13:46:16,177 [39] INFO  - 2023-08-22 13:45:35,F058,Z,4,iter,0,feat,4245577,22100077, Iteration duration, 45.963, sec
2023-08-22 13:46:16,178 [39] INFO  - 2023-08-22 13:45:38,F058,Z,4,iter,1,feat,4245577,22100077, Seed neighbor determination, 5.23372, sec
2023-08-22 13:46:16,178 [39] INFO  - 2023-08-22 13:45:48,F058,Z,4,iter,1,feat,4245577,22100077, Quality Score Generation, 22.121, sec
2023-08-22 13:46:16,178 [39] INFO  - 2023-08-22 13:45:58,F058,Z,4,iter,1,feat,4245577,22100077, Spots per feature calculation and feature filtration, 6.03302, sec
2023-08-22 13:50:29,859 [39] INFO  - 2023-08-22 13:46:16,F058,Z,4,iter,1,feat,4245577,22100077, Making Complete Code Target Calls, 12.0444, sec
2023-08-22 13:50:29,859 [39] INFO  - 2023-08-22 13:46:22,F058,Z,4,iter,1,feat,4245577,22100077, Target Call Location Estimation and iteration end update, 3.75279, sec
2023-08-22 13:50:29,859 [39] INFO  - 2023-08-22 13:46:24,F058,Z,4,iter,1,feat,4245577,22100077, Iteration summary generation, 1.02364, sec
2023-08-22 13:50:29,859 [39] INFO  - 2023-08-22 13:46:24,F058,Z,4,iter,1,feat,4245577,22100077, Iteration duration, 48.1592, sec
2023-08-22 13:50:29,859 [39] INFO  - 2023-08-22 13:46:24,F058,Z,4,iter,1,feat,4245577,22100077, Z slice processing duration, 117.124, sec
2023-08-22 13:50:29,859 [39] INFO  - 2023-08-22 13:47:01,F058,Z,5,iter,0,feat,3722991,25823068, Spot file data loading and filtration , 23.6785, sec
2023-08-22 13:50:29,859 [39] INFO  - 2023-08-22 13:47:03,F058,Z,5,iter,0,feat,3722991,25823068, Seed neighbor determination, 5.07868, sec
2023-08-22 13:50:29,859 [39] INFO  - 2023-08-22 13:47:12,F058,Z,5,iter,0,feat,3722991,25823068, Quality Score Generation, 12.7973, sec
2023-08-22 13:50:29,859 [39] INFO  - 2023-08-22 13:47:20,F058,Z,5,iter,0,feat,3722991,25823068, Spots per feature calculation and feature filtration, 7.19831, sec
2023-08-22 13:50:29,859 [39] INFO  - 2023-08-22 13:47:34,F058,Z,5,iter,0,feat,3722991,25823068, Making Complete Code Target Calls, 12.7123, sec
2023-08-22 13:50:29,865 [39] INFO  - 2023-08-22 13:47:40,F058,Z,5,iter,0,feat,3722991,25823068, Target Call Location Estimation and iteration end update, 5.29756, sec
2023-08-22 13:50:29,865 [39] INFO  - 2023-08-22 13:47:40,F058,Z,5,iter,0,feat,3722991,25823068, Iteration summary generation, 0.03914, sec
2023-08-22 13:50:29,865 [39] INFO  - 2023-08-22 13:47:40,F058,Z,5,iter,0,feat,3722991,25823068, Iteration duration, 41.1416, sec
2023-08-22 13:50:29,865 [39] INFO  - 2023-08-22 13:47:43,F058,Z,5,iter,1,feat,3722991,25823068, Seed neighbor determination, 4.5727, sec
2023-08-22 13:50:29,865 [39] INFO  - 2023-08-22 13:47:53,F058,Z,5,iter,1,feat,3722991,25823068, Quality Score Generation, 16.1187, sec
2023-08-22 13:50:29,866 [39] INFO  - 2023-08-22 13:48:00,F058,Z,5,iter,1,feat,3722991,25823068, Spots per feature calculation and feature filtration, 5.80577, sec
2023-08-22 13:50:29,866 [39] INFO  - 2023-08-22 13:48:15,F058,Z,5,iter,1,feat,3722991,25823068, Making Complete Code Target Calls, 13.7356, sec
2023-08-22 13:50:29,866 [39] INFO  - 2023-08-22 13:48:20,F058,Z,5,iter,1,feat,3722991,25823068, Target Call Location Estimation and iteration end update, 3.3397, sec
2023-08-22 13:50:29,866 [39] INFO  - 2023-08-22 13:48:21,F058,Z,5,iter,1,feat,3722991,25823068, Iteration summary generation, 0.703468, sec
2023-08-22 13:50:29,873 [39] INFO  - 2023-08-22 13:48:21,F058,Z,5,iter,1,feat,3722991,25823068, Iteration duration, 42.4747, sec
2023-08-22 13:50:29,873 [39] INFO  - 2023-08-22 13:48:21,F058,Z,5,iter,1,feat,3722991,25823068, Z slice processing duration, 109.971, sec
2023-08-22 13:50:29,873 [39] INFO  - 2023-08-22 13:48:46,F058,Z,6,iter,0,feat,3339872,29162940, Spot file data loading and filtration , 16.6806, sec
2023-08-22 13:50:29,873 [39] INFO  - 2023-08-22 13:48:48,F058,Z,6,iter,0,feat,3339872,29162940, Seed neighbor determination, 4.14562, sec
2023-08-22 13:50:29,873 [39] INFO  - 2023-08-22 13:48:54,F058,Z,6,iter,0,feat,3339872,29162940, Quality Score Generation, 10.3198, sec
2023-08-22 13:50:29,874 [39] INFO  - 2023-08-22 13:49:03,F058,Z,6,iter,0,feat,3339872,29162940, Spots per feature calculation and feature filtration, 6.46209, sec
2023-08-22 13:50:29,874 [39] INFO  - 2023-08-22 13:49:19,F058,Z,6,iter,0,feat,3339872,29162940, Making Complete Code Target Calls, 13.6283, sec
2023-08-22 13:50:29,874 [39] INFO  - 2023-08-22 13:49:25,F058,Z,6,iter,0,feat,3339872,29162940, Target Call Location Estimation and iteration end update, 6.36359, sec
2023-08-22 13:50:29,874 [39] INFO  - 2023-08-22 13:49:25,F058,Z,6,iter,0,feat,3339872,29162940, Iteration summary generation, 0.046029, sec
2023-08-22 13:50:29,874 [39] INFO  - 2023-08-22 13:49:25,F058,Z,6,iter,0,feat,3339872,29162940, Iteration duration, 39.3987, sec
2023-08-22 13:50:29,874 [39] INFO  - 2023-08-22 13:49:28,F058,Z,6,iter,1,feat,3339872,29162940, Seed neighbor determination, 4.84012, sec
2023-08-22 13:50:29,874 [39] INFO  - 2023-08-22 13:49:39,F058,Z,6,iter,1,feat,3339872,29162940, Quality Score Generation, 23.0001, sec
2023-08-22 13:50:29,874 [39] INFO  - 2023-08-22 13:49:44,F058,Z,6,iter,1,feat,3339872,29162940, Spots per feature calculation and feature filtration, 4.93752, sec
2023-08-22 13:50:29,874 [39] INFO  - 2023-08-22 13:49:57,F058,Z,6,iter,1,feat,3339872,29162940, Making Complete Code Target Calls, 11.5098, sec
2023-08-22 13:50:29,874 [39] INFO  - 2023-08-22 13:50:00,F058,Z,6,iter,1,feat,3339872,29162940, Target Call Location Estimation and iteration end update, 2.51939, sec
2023-08-22 13:50:29,874 [39] INFO  - 2023-08-22 13:50:01,F058,Z,6,iter,1,feat,3339872,29162940, Iteration summary generation, 0.530163, sec
2023-08-22 13:50:29,874 [39] INFO  - 2023-08-22 13:50:01,F058,Z,6,iter,1,feat,3339872,29162940, Iteration duration, 45.4151, sec
2023-08-22 13:50:29,874 [39] INFO  - 2023-08-22 13:50:01,F058,Z,6,iter,1,feat,3339872,29162940, Z slice processing duration, 103.858, sec
2023-08-22 13:50:29,875 [39] INFO  - 2023-08-22 13:50:27,F058,Z,7,iter,0,feat,3124492,32287432, Spot file data loading and filtration , 17.0475, sec
2023-08-22 13:52:08,012 [39] INFO  - 2023-08-22 13:50:29,F058,Z,7,iter,0,feat,3124492,32287432, Seed neighbor determination, 4.66999, sec
2023-08-22 13:52:08,012 [39] INFO  - 2023-08-22 13:50:35,F058,Z,7,iter,0,feat,3124492,32287432, Quality Score Generation, 9.97428, sec
2023-08-22 13:52:08,012 [39] INFO  - 2023-08-22 13:50:43,F058,Z,7,iter,0,feat,3124492,32287432, Spots per feature calculation and feature filtration, 5.80098, sec
2023-08-22 13:52:08,012 [39] INFO  - 2023-08-22 13:50:52,F058,Z,7,iter,0,feat,3124492,32287432, Making Complete Code Target Calls, 8.86417, sec
2023-08-22 13:52:08,012 [39] INFO  - 2023-08-22 13:50:56,F058,Z,7,iter,0,feat,3124492,32287432, Target Call Location Estimation and iteration end update, 3.31906, sec
2023-08-22 13:52:08,012 [39] INFO  - 2023-08-22 13:50:56,F058,Z,7,iter,0,feat,3124492,32287432, Iteration summary generation, 0.023789, sec
2023-08-22 13:52:08,012 [39] INFO  - 2023-08-22 13:50:56,F058,Z,7,iter,0,feat,3124492,32287432, Iteration duration, 30.7834, sec
2023-08-22 13:52:08,012 [39] INFO  - 2023-08-22 13:50:58,F058,Z,7,iter,1,feat,3124492,32287432, Seed neighbor determination, 3.96945, sec
2023-08-22 13:52:08,012 [39] INFO  - 2023-08-22 13:51:05,F058,Z,7,iter,1,feat,3124492,32287432, Quality Score Generation, 14.1909, sec
2023-08-22 13:52:08,012 [39] INFO  - 2023-08-22 13:51:10,F058,Z,7,iter,1,feat,3124492,32287432, Spots per feature calculation and feature filtration, 4.45027, sec
2023-08-22 13:52:08,013 [39] INFO  - 2023-08-22 13:51:19,F058,Z,7,iter,1,feat,3124492,32287432, Making Complete Code Target Calls, 8.44966, sec
2023-08-22 13:52:08,013 [39] INFO  - 2023-08-22 13:51:20,F058,Z,7,iter,1,feat,3124492,32287432, Target Call Location Estimation and iteration end update, 1.11575, sec
2023-08-22 13:52:08,013 [39] INFO  - 2023-08-22 13:51:21,F058,Z,7,iter,1,feat,3124492,32287432, Iteration summary generation, 0.397616, sec
2023-08-22 13:52:08,013 [39] INFO  - 2023-08-22 13:51:21,F058,Z,7,iter,1,feat,3124492,32287432, Iteration duration, 30.884, sec
2023-08-22 13:52:08,013 [39] INFO  - 2023-08-22 13:51:21,F058,Z,7,iter,1,feat,3124492,32287432, Z slice processing duration, 81.1665, sec
2023-08-22 13:52:08,013 [39] INFO  - 2023-08-22 13:51:32,F058,Z,8,iter,0,feat,2589073,34876505, Spot file data loading and filtration , 8.36197, sec
2023-08-22 13:52:08,013 [39] INFO  - 2023-08-22 13:51:33,F058,Z,8,iter,0,feat,2589073,34876505, Seed neighbor determination, 3.08014, sec
2023-08-22 13:52:08,013 [39] INFO  - 2023-08-22 13:51:35,F058,Z,8,iter,0,feat,2589073,34876505, Quality Score Generation, 5.95961, sec
2023-08-22 13:52:08,013 [39] INFO  - 2023-08-22 13:51:40,F058,Z,8,iter,0,feat,2589073,34876505, Spots per feature calculation and feature filtration, 4.72209, sec
2023-08-22 13:52:08,013 [39] INFO  - 2023-08-22 13:51:49,F058,Z,8,iter,0,feat,2589073,34876505, Making Complete Code Target Calls, 6.9089, sec
2023-08-22 13:52:08,013 [39] INFO  - 2023-08-22 13:51:52,F058,Z,8,iter,0,feat,2589073,34876505, Target Call Location Estimation and iteration end update, 2.46317, sec
2023-08-22 13:52:08,013 [39] INFO  - 2023-08-22 13:51:52,F058,Z,8,iter,0,feat,2589073,34876505, Iteration summary generation, 0.023368, sec
2023-08-22 13:52:08,013 [39] INFO  - 2023-08-22 13:51:52,F058,Z,8,iter,0,feat,2589073,34876505, Iteration duration, 21.987, sec
2023-08-22 13:52:08,013 [39] INFO  - 2023-08-22 13:51:54,F058,Z,8,iter,1,feat,2589073,34876505, Seed neighbor determination, 3.28046, sec
2023-08-22 13:52:08,013 [39] INFO  - 2023-08-22 13:51:58,F058,Z,8,iter,1,feat,2589073,34876505, Quality Score Generation, 9.13938, sec
2023-08-22 13:52:08,014 [39] INFO  - 2023-08-22 13:52:01,F058,Z,8,iter,1,feat,2589073,34876505, Spots per feature calculation and feature filtration, 3.6409, sec
2023-08-22 13:52:08,014 [39] INFO  - 2023-08-22 13:52:07,F058,Z,8,iter,1,feat,2589073,34876505, Making Complete Code Target Calls, 4.88469, sec
2023-08-22 13:52:08,014 [39] INFO  - 2023-08-22 13:52:07,F058,Z,8,iter,1,feat,2589073,34876505, Target Call Location Estimation and iteration end update, 0.474459, sec
2023-08-22 13:52:08,014 [39] INFO  - 2023-08-22 13:52:07,F058,Z,8,iter,1,feat,2589073,34876505, Iteration summary generation, 0.336357, sec
2023-08-22 13:52:08,014 [39] INFO  - 2023-08-22 13:52:07,F058,Z,8,iter,1,feat,2589073,34876505, Iteration duration, 20.3392, sec
2023-08-22 13:52:08,014 [39] INFO  - 2023-08-22 13:52:07,F058,Z,8,iter,1,feat,2589073,34876505, Z slice processing duration, 52.6959, sec
2023-08-22 13:52:08,014 [39] INFO  - 2023-08-22 13:52:07,F058,Z,9,iter,0,feat,33124,34909629, Spot file data loading and filtration , -1.61903, sec
2023-08-22 13:52:08,014 [39] INFO  - 2023-08-22 13:52:07,F058,Z,9,iter,0,feat,33124,34909629, Seed neighbor determination, 0.035191, sec
2023-08-22 13:52:08,014 [39] INFO  - 2023-08-22 13:52:07,F058,Z,9,iter,0,feat,33124,34909629, Quality Score Generation, 0.012492, sec
2023-08-22 13:52:08,014 [39] INFO  - 2023-08-22 13:52:07,F058,Z,9,iter,1,feat,33124,34909629, Seed neighbor determination, 0.035038, sec
2023-08-22 13:52:08,014 [39] INFO  - 2023-08-22 13:52:07,F058,Z,9,iter,1,feat,33124,34909629, Quality Score Generation, 0.013066, sec
2023-08-22 13:52:08,014 [39] INFO  - 2023-08-22 13:52:08,F058,Z,9,iter,1,feat,33124,34909629, Spots per feature calculation and feature filtration, 0.052383, sec
2023-08-22 13:52:08,014 [39] INFO  - 2023-08-22 13:52:08,F058,Z,9,iter,1,feat,33124,34909629, Making Complete Code Target Calls, 0.004569, sec
2023-08-22 13:52:10,545 [39] INFO  - 2023-08-22 13:52:08,F058,Z,9,iter,1,feat,33124,34909629, Target Call Location Estimation and iteration end update, 0.000371, sec
2023-08-22 13:52:10,546 [39] INFO  - 2023-08-22 13:52:08,F058,Z,9,iter,1,feat,33124,34909629, Iteration summary generation, 0.001858, sec
2023-08-22 13:52:10,546 [39] INFO  - 2023-08-22 13:52:08,F058,Z,9,iter,1,feat,33124,34909629, Iteration duration, 0.093276, sec
2023-08-22 13:52:10,546 [39] INFO  - 2023-08-22 13:52:08,F058,Z,9,iter,1,feat,33124,34909629, Z slice processing duration, 0.200205, sec
2023-08-22 13:52:10,546 [39] INFO  - 2023-08-22 13:52:10,F058,Z,9,iter,1,feat,33124,34909629, FOV processing duration (final) , 976.058, sec
2023-08-22 13:52:10,567 [63] INFO  - Exited
2023-08-22 13:52:10,567 [63] INFO  - System.EventArgs
2023-08-22 13:52:10,568 [63] INFO  - { }
2023-08-22 13:52:10,569 [1] INFO  - mtmc run complete
2023-08-22 13:52:10,569 [1] INFO  - Zipping and uploading results...
2023-08-22 13:52:10,570 [1] INFO  - Uploading mtm results to storage.
2023-08-22 13:52:10,571 [1] INFO  - Start uploading /app/out/FOV058 to 892d9dcc-e56d-475c-8dee-2c395064223d/2302H0033/c9d29823-a69c-4328-a6b9-53e2b78fa3e3/Run_76ed1d6b-57d6-4076-9a09-09a6f1ded693_20230817_2302h0033_ControlCenter/20230817_175305/20230817_175305_S1/AnalysisResults/oxdwyv2woj/FOV058
2023-08-22 13:52:10,571 [1] INFO  - Executing with retries set to: 10
2023-08-22 13:52:13,349 [1] INFO  - Upload /app/out/FOV058 finished
2023-08-22 13:52:13,349 [1] INFO  - Results uploaded.
2023-08-22 13:52:13,349 [1] INFO  - All done
2023-08-22 13:52:13,349 [1] INFO  - Executing with retries set to: 10
2023-08-22 13:52:13,349 [1] INFO  - Setting fov oxdwyv2woj-lt4ui into status Completed
2023-08-22 13:52:13,386 [1] INFO  - Saving a fov processing run: oxdwyv2woj-lt4ui
2023-08-22 13:52:13,386 [1] INFO  - Updating an existing fov run.
2023-08-22 13:52:13,393 [1] INFO  - Uploading logs
2023-08-22 13:52:13,395 [1] INFO  - Start uploading 892d9dcc-e56d-475c-8dee-2c395064223d/2302H0033/c9d29823-a69c-4328-a6b9-53e2b78fa3e3/Run_76ed1d6b-57d6-4076-9a09-09a6f1ded693_20230817_2302h0033_ControlCenter/20230817_175305/20230817_175305_S1/AnalysisResults/oxdwyv2woj/FOV058/mtm-run.log
