2023-08-22 13:31:19,895 [1] INFO  - Using bucket s3-euw1-eu2-datarepository-eu2-eu2-kcl-01 and region eu-west-1
2023-08-22 13:31:19,921 [1] INFO  - Using role to access S3
2023-08-22 13:31:20,307 [1] INFO  - ===============================
2023-08-22 13:31:20,307 [1] INFO  - build info: 
commit 1860d865ce7409a4b25d5549a62e2b7be0a93d33
Author: alexander-serebriyan <alexander.serebriyan@teamdev.com>
Date:   Fri Feb 10 15:42:48 2023 +0100

    Add UAT env for ECR pushing.

Build done on: Fri Feb 10 14:46:39 UTC 2023
Version: 20230210.1

2023-08-22 13:31:20,307 [1] INFO  - ===============================
2023-08-22 13:31:20,307 [1] INFO  - Starting the job. Results will be uploaded to: 892d9dcc-e56d-475c-8dee-2c395064223d/2302H0033/c9d29823-a69c-4328-a6b9-53e2b78fa3e3/Run_76ed1d6b-57d6-4076-9a09-09a6f1ded693_20230817_2302h0033_ControlCenter/20230817_175305/20230817_175305_S1/AnalysisResults/oxdwyv2woj/FOV054
2023-08-22 13:31:20,307 [1] INFO  - Checking FOV status. Ref: oxdwyv2woj-i2jw8, ID: 892d9dcc-e56d-475c-8dee-2c395064223d/2302H0033/c9d29823-a69c-4328-a6b9-53e2b78fa3e3/Run_76ed1d6b-57d6-4076-9a09-09a6f1ded693_20230817_2302h0033_ControlCenter/20230817_175305/20230817_175305_S1/SpotFiles/FOV054/
2023-08-22 13:31:20,491 [1] INFO  - Executing with retries set to: 10
2023-08-22 13:31:20,492 [1] INFO  - Setting fov oxdwyv2woj-i2jw8 into status InProgress
2023-08-22 13:31:20,494 [1] INFO  - Saving a fov processing run: oxdwyv2woj-i2jw8
2023-08-22 13:31:20,494 [1] INFO  - Updating an existing fov run.
2023-08-22 13:31:20,546 [1] INFO  - Downloading FOV using next path: 892d9dcc-e56d-475c-8dee-2c395064223d/2302H0033/c9d29823-a69c-4328-a6b9-53e2b78fa3e3/Run_76ed1d6b-57d6-4076-9a09-09a6f1ded693_20230817_2302h0033_ControlCenter/20230817_175305/20230817_175305_S1/SpotFiles/FOV054/
2023-08-22 13:31:20,547 [1] INFO  - Start downloading 892d9dcc-e56d-475c-8dee-2c395064223d/2302H0033/c9d29823-a69c-4328-a6b9-53e2b78fa3e3/Run_76ed1d6b-57d6-4076-9a09-09a6f1ded693_20230817_2302h0033_ControlCenter/20230817_175305/20230817_175305_S1/SpotFiles/FOV054/
2023-08-22 13:31:20,547 [1] INFO  - Executing with retries set to: 10
2023-08-22 13:35:22,328 [1] INFO  - Download 892d9dcc-e56d-475c-8dee-2c395064223d/2302H0033/c9d29823-a69c-4328-a6b9-53e2b78fa3e3/Run_76ed1d6b-57d6-4076-9a09-09a6f1ded693_20230817_2302h0033_ControlCenter/20230817_175305/20230817_175305_S1/SpotFiles/FOV054/ complete
2023-08-22 13:35:22,328 [1] INFO  - Custom plex file specified. The default one will be overriden.
2023-08-22 13:35:22,328 [1] INFO  - Downloading plex file using next path: 892d9dcc-e56d-475c-8dee-2c395064223d/2302H0033/c9d29823-a69c-4328-a6b9-53e2b78fa3e3/Run_76ed1d6b-57d6-4076-9a09-09a6f1ded693_20230817_2302h0033_ControlCenter/20230817_175305/20230817_175305_S1/plex-oxdwyv2woj.txt
2023-08-22 13:35:22,328 [1] INFO  - Downloading 892d9dcc-e56d-475c-8dee-2c395064223d/2302H0033/c9d29823-a69c-4328-a6b9-53e2b78fa3e3/Run_76ed1d6b-57d6-4076-9a09-09a6f1ded693_20230817_2302h0033_ControlCenter/20230817_175305/20230817_175305_S1/plex-oxdwyv2woj.txt
2023-08-22 13:35:22,456 [1] INFO  - Download 892d9dcc-e56d-475c-8dee-2c395064223d/2302H0033/c9d29823-a69c-4328-a6b9-53e2b78fa3e3/Run_76ed1d6b-57d6-4076-9a09-09a6f1ded693_20230817_2302h0033_ControlCenter/20230817_175305/20230817_175305_S1/plex-oxdwyv2woj.txt finished
2023-08-22 13:35:22,456 [1] INFO  - No user params file specified. Trying to use the one from the storage.
2023-08-22 13:35:22,456 [1] INFO  - Downloading params file using next path: 892d9dcc-e56d-475c-8dee-2c395064223d/2302H0033/c9d29823-a69c-4328-a6b9-53e2b78fa3e3/Run_76ed1d6b-57d6-4076-9a09-09a6f1ded693_20230817_2302h0033_ControlCenter/20230817_175305/20230817_175305_S1/analysis_params_v6.txt
2023-08-22 13:35:22,456 [1] INFO  - Downloading 892d9dcc-e56d-475c-8dee-2c395064223d/2302H0033/c9d29823-a69c-4328-a6b9-53e2b78fa3e3/Run_76ed1d6b-57d6-4076-9a09-09a6f1ded693_20230817_2302h0033_ControlCenter/20230817_175305/20230817_175305_S1/analysis_params_v6.txt
2023-08-22 13:35:22,568 [1] ERROR -    at Amazon.Runtime.Internal.HttpErrorResponseExceptionHandler.HandleExceptionStream(IRequestContext requestContext, IWebResponseData httpErrorResponse, HttpErrorResponseException exception, Stream responseStream)
   at Amazon.Runtime.Internal.HttpErrorResponseExceptionHandler.HandleExceptionAsync(IExecutionContext executionContext, HttpErrorResponseException exception)
   at Amazon.Runtime.Internal.ExceptionHandler`1.HandleAsync(IExecutionContext executionContext, Exception exception)
   at Amazon.Runtime.Internal.ErrorHandler.ProcessExceptionAsync(IExecutionContext executionContext, Exception exception)
   at Amazon.Runtime.Internal.ErrorHandler.InvokeAsync[T](IExecutionContext executionContext)
   at Amazon.Runtime.Internal.CallbackHandler.InvokeAsync[T](IExecutionContext executionContext)
   at Amazon.Runtime.Internal.EndpointDiscoveryHandler.InvokeAsync[T](IExecutionContext executionContext)
   at Amazon.Runtime.Internal.EndpointDiscoveryHandler.InvokeAsync[T](IExecutionContext executionContext)
   at Amazon.Runtime.Internal.CredentialsRetriever.InvokeAsync[T](IExecutionContext executionContext)
   at Amazon.Runtime.Internal.RetryHandler.InvokeAsync[T](IExecutionContext executionContext)
   at Amazon.Runtime.Internal.RetryHandler.InvokeAsync[T](IExecutionContext executionContext)
   at Amazon.Runtime.Internal.CallbackHandler.InvokeAsync[T](IExecutionContext executionContext)
   at Amazon.Runtime.Internal.CallbackHandler.InvokeAsync[T](IExecutionContext executionContext)
   at Amazon.S3.Internal.AmazonS3ExceptionHandler.InvokeAsync[T](IExecutionContext executionContext)
   at Amazon.Runtime.Internal.ErrorCallbackHandler.InvokeAsync[T](IExecutionContext executionContext)
   at Amazon.Runtime.Internal.MetricsHandler.InvokeAsync[T](IExecutionContext executionContext)
   at Amazon.S3.Transfer.Internal.DownloadCommand.ExecuteAsync(CancellationToken cancellationToken)
   at Amazon.S3.Transfer.TransferUtility.Download(String filePath, String bucketName, String key)
   at Core.S3FileStorageService.DownloadFile(String remoteFilePath, String localFilePath) in /src/Core/S3FileStorageService.cs:line 67
   at MTMCWorker.Service.Impl.MtmcWorker.FetchParamsFile(String paramsFileRef, String flowCellPath) in /src/MTMCWorker/Service/Impl/MtmcWorker.cs:line 297
2023-08-22 13:35:22,568 [1] INFO  - Can't download params file next to nBCDir. Using the default one.
Amazon.S3.AmazonS3Exception: The specified key does not exist.
 ---> Amazon.Runtime.Internal.HttpErrorResponseException: Exception of type 'Amazon.Runtime.Internal.HttpErrorResponseException' was thrown.
   at Amazon.Runtime.HttpWebRequestMessage.GetResponseAsync(CancellationToken cancellationToken)
   at Amazon.Runtime.Internal.HttpHandler`1.InvokeAsync[T](IExecutionContext executionContext)
   at Amazon.Runtime.Internal.RedirectHandler.InvokeAsync[T](IExecutionContext executionContext)
   at Amazon.Runtime.Internal.Unmarshaller.InvokeAsync[T](IExecutionContext executionContext)
   at Amazon.S3.Internal.AmazonS3ResponseHandler.InvokeAsync[T](IExecutionContext executionContext)
   at Amazon.Runtime.Internal.ErrorHandler.InvokeAsync[T](IExecutionContext executionContext)
   --- End of inner exception stack trace ---
   at Amazon.Runtime.Internal.HttpErrorResponseExceptionHandler.HandleExceptionStream(IRequestContext requestContext, IWebResponseData httpErrorResponse, HttpErrorResponseException exception, Stream responseStream)
   at Amazon.Runtime.Internal.HttpErrorResponseExceptionHandler.HandleExceptionAsync(IExecutionContext executionContext, HttpErrorResponseException exception)
   at Amazon.Runtime.Internal.ExceptionHandler`1.HandleAsync(IExecutionContext executionContext, Exception exception)
   at Amazon.Runtime.Internal.ErrorHandler.ProcessExceptionAsync(IExecutionContext executionContext, Exception exception)
   at Amazon.Runtime.Internal.ErrorHandler.InvokeAsync[T](IExecutionContext executionContext)
   at Amazon.Runtime.Internal.CallbackHandler.InvokeAsync[T](IExecutionContext executionContext)
   at Amazon.Runtime.Internal.EndpointDiscoveryHandler.InvokeAsync[T](IExecutionContext executionContext)
   at Amazon.Runtime.Internal.EndpointDiscoveryHandler.InvokeAsync[T](IExecutionContext executionContext)
   at Amazon.Runtime.Internal.CredentialsRetriever.InvokeAsync[T](IExecutionContext executionContext)
   at Amazon.Runtime.Internal.RetryHandler.InvokeAsync[T](IExecutionContext executionContext)
   at Amazon.Runtime.Internal.RetryHandler.InvokeAsync[T](IExecutionContext executionContext)
   at Amazon.Runtime.Internal.CallbackHandler.InvokeAsync[T](IExecutionContext executionContext)
   at Amazon.Runtime.Internal.CallbackHandler.InvokeAsync[T](IExecutionContext executionContext)
   at Amazon.S3.Internal.AmazonS3ExceptionHandler.InvokeAsync[T](IExecutionContext executionContext)
   at Amazon.Runtime.Internal.ErrorCallbackHandler.InvokeAsync[T](IExecutionContext executionContext)
   at Amazon.Runtime.Internal.MetricsHandler.InvokeAsync[T](IExecutionContext executionContext)
   at Amazon.S3.Transfer.Internal.DownloadCommand.ExecuteAsync(CancellationToken cancellationToken)
   at Amazon.S3.Transfer.TransferUtility.Download(String filePath, String bucketName, String key)
   at Core.S3FileStorageService.DownloadFile(String remoteFilePath, String localFilePath) in /src/Core/S3FileStorageService.cs:line 67
   at MTMCWorker.Service.Impl.MtmcWorker.FetchParamsFile(String paramsFileRef, String flowCellPath) in /src/MTMCWorker/Service/Impl/MtmcWorker.cs:line 297
2023-08-22 13:35:22,571 [1] INFO  - Fetching CellStatsDir folder data...
2023-08-22 13:35:22,664 [1] INFO  - Downloading 892d9dcc-e56d-475c-8dee-2c395064223d/2302H0033/c9d29823-a69c-4328-a6b9-53e2b78fa3e3/Run_76ed1d6b-57d6-4076-9a09-09a6f1ded693_20230817_2302h0033_ControlCenter/20230817_175305/20230817_175305_S1/CellStatsDir/CellComposite/CellComposite_F054.jpg
2023-08-22 13:35:22,900 [1] INFO  - Download 892d9dcc-e56d-475c-8dee-2c395064223d/2302H0033/c9d29823-a69c-4328-a6b9-53e2b78fa3e3/Run_76ed1d6b-57d6-4076-9a09-09a6f1ded693_20230817_2302h0033_ControlCenter/20230817_175305/20230817_175305_S1/CellStatsDir/CellComposite/CellComposite_F054.jpg finished
2023-08-22 13:35:22,900 [1] INFO  - Downloading 892d9dcc-e56d-475c-8dee-2c395064223d/2302H0033/c9d29823-a69c-4328-a6b9-53e2b78fa3e3/Run_76ed1d6b-57d6-4076-9a09-09a6f1ded693_20230817_2302h0033_ControlCenter/20230817_175305/20230817_175305_S1/CellStatsDir/CellOverlay/CellOverlay_F054.jpg
2023-08-22 13:35:23,552 [1] INFO  - Download 892d9dcc-e56d-475c-8dee-2c395064223d/2302H0033/c9d29823-a69c-4328-a6b9-53e2b78fa3e3/Run_76ed1d6b-57d6-4076-9a09-09a6f1ded693_20230817_2302h0033_ControlCenter/20230817_175305/20230817_175305_S1/CellStatsDir/CellOverlay/CellOverlay_F054.jpg finished
2023-08-22 13:35:23,552 [1] INFO  - Downloading 892d9dcc-e56d-475c-8dee-2c395064223d/2302H0033/c9d29823-a69c-4328-a6b9-53e2b78fa3e3/Run_76ed1d6b-57d6-4076-9a09-09a6f1ded693_20230817_2302h0033_ControlCenter/20230817_175305/20230817_175305_S1/CellStatsDir/FOV054/CellLabels_F054.tif
2023-08-22 13:35:23,773 [1] INFO  - Download 892d9dcc-e56d-475c-8dee-2c395064223d/2302H0033/c9d29823-a69c-4328-a6b9-53e2b78fa3e3/Run_76ed1d6b-57d6-4076-9a09-09a6f1ded693_20230817_2302h0033_ControlCenter/20230817_175305/20230817_175305_S1/CellStatsDir/FOV054/CellLabels_F054.tif finished
2023-08-22 13:35:23,773 [1] INFO  - Downloading 892d9dcc-e56d-475c-8dee-2c395064223d/2302H0033/c9d29823-a69c-4328-a6b9-53e2b78fa3e3/Run_76ed1d6b-57d6-4076-9a09-09a6f1ded693_20230817_2302h0033_ControlCenter/20230817_175305/20230817_175305_S1/CellStatsDir/FOV054/CompartmentLabels_F054.tif
2023-08-22 13:35:24,020 [1] INFO  - Download 892d9dcc-e56d-475c-8dee-2c395064223d/2302H0033/c9d29823-a69c-4328-a6b9-53e2b78fa3e3/Run_76ed1d6b-57d6-4076-9a09-09a6f1ded693_20230817_2302h0033_ControlCenter/20230817_175305/20230817_175305_S1/CellStatsDir/FOV054/CompartmentLabels_F054.tif finished
2023-08-22 13:35:24,020 [1] INFO  - Downloading 892d9dcc-e56d-475c-8dee-2c395064223d/2302H0033/c9d29823-a69c-4328-a6b9-53e2b78fa3e3/Run_76ed1d6b-57d6-4076-9a09-09a6f1ded693_20230817_2302h0033_ControlCenter/20230817_175305/20230817_175305_S1/CellStatsDir/FOV054/Run_76ed1d6b-57d6-4076-9a09-09a6f1ded693_20230817_175305_S1_Cell_Stats_F054.csv
2023-08-22 13:35:24,288 [1] INFO  - Download 892d9dcc-e56d-475c-8dee-2c395064223d/2302H0033/c9d29823-a69c-4328-a6b9-53e2b78fa3e3/Run_76ed1d6b-57d6-4076-9a09-09a6f1ded693_20230817_2302h0033_ControlCenter/20230817_175305/20230817_175305_S1/CellStatsDir/FOV054/Run_76ed1d6b-57d6-4076-9a09-09a6f1ded693_20230817_175305_S1_Cell_Stats_F054.csv finished
2023-08-22 13:35:24,288 [1] INFO  - Downloading 892d9dcc-e56d-475c-8dee-2c395064223d/2302H0033/c9d29823-a69c-4328-a6b9-53e2b78fa3e3/Run_76ed1d6b-57d6-4076-9a09-09a6f1ded693_20230817_2302h0033_ControlCenter/20230817_175305/20230817_175305_S1/CellStatsDir/Morphology2D/20230817_175305_S1_C902_P99_N99_F054.TIF
2023-08-22 13:35:25,764 [1] INFO  - Download 892d9dcc-e56d-475c-8dee-2c395064223d/2302H0033/c9d29823-a69c-4328-a6b9-53e2b78fa3e3/Run_76ed1d6b-57d6-4076-9a09-09a6f1ded693_20230817_2302h0033_ControlCenter/20230817_175305/20230817_175305_S1/CellStatsDir/Morphology2D/20230817_175305_S1_C902_P99_N99_F054.TIF finished
2023-08-22 13:35:25,764 [1] INFO  - Downloading 892d9dcc-e56d-475c-8dee-2c395064223d/2302H0033/c9d29823-a69c-4328-a6b9-53e2b78fa3e3/Run_76ed1d6b-57d6-4076-9a09-09a6f1ded693_20230817_2302h0033_ControlCenter/20230817_175305/20230817_175305_S1/CellStatsDir/RnD/Run_76ed1d6b-57d6-4076-9a09-09a6f1ded693_20230817_175305_S1_Summary_F054.csv
2023-08-22 13:35:25,932 [1] INFO  - Download 892d9dcc-e56d-475c-8dee-2c395064223d/2302H0033/c9d29823-a69c-4328-a6b9-53e2b78fa3e3/Run_76ed1d6b-57d6-4076-9a09-09a6f1ded693_20230817_2302h0033_ControlCenter/20230817_175305/20230817_175305_S1/CellStatsDir/RnD/Run_76ed1d6b-57d6-4076-9a09-09a6f1ded693_20230817_175305_S1_Summary_F054.csv finished
2023-08-22 13:35:25,932 [1] INFO  - CellStatsDir data download complete.
2023-08-22 13:35:25,932 [1] INFO  - FOV downloaded successfully.
2023-08-22 13:35:25,932 [1] INFO  - Preparing dirs structure for mtmc
2023-08-22 13:35:25,932 [1] INFO  - Preparing mtmc input. FOV dir: FOV054
2023-08-22 13:35:25,940 [1] INFO  - Running mtmc...
2023-08-22 13:35:25,953 [18] INFO  - directory: "/app/input_data/"
2023-08-22 13:35:26,465 [18] INFO  - directory: "/app/out/FOV054/"
2023-08-22 13:37:35,577 [18] INFO  - 2023-08-22 13:35:26,F054,Z,0,iter,0,feat,0,0, Reading and combining input data, 0.03744, sec
2023-08-22 13:37:35,577 [18] INFO  - 2023-08-22 13:35:30,F054,Z,0,iter,0,feat,1319782,1319782, Spot file data loading and filtration , 3.26609, sec
2023-08-22 13:37:35,577 [18] INFO  - 2023-08-22 13:35:31,F054,Z,0,iter,0,feat,1319782,1319782, Seed neighbor determination, 1.57936, sec
2023-08-22 13:37:35,577 [18] INFO  - 2023-08-22 13:35:32,F054,Z,0,iter,0,feat,1319782,1319782, Quality Score Generation, 2.30345, sec
2023-08-22 13:37:35,577 [18] INFO  - 2023-08-22 13:35:37,F054,Z,0,iter,0,feat,1319782,1319782, Spots per feature calculation and feature filtration, 3.1437, sec
2023-08-22 13:37:35,577 [18] INFO  - 2023-08-22 13:35:37,F054,Z,0,iter,0,feat,1319782,1319782, Making Complete Code Target Calls, 0.37356, sec
2023-08-22 13:37:35,577 [18] INFO  - 2023-08-22 13:35:38,F054,Z,0,iter,0,feat,1319782,1319782, Target Call Location Estimation and iteration end update, 0.149474, sec
2023-08-22 13:37:35,577 [18] INFO  - 2023-08-22 13:35:38,F054,Z,0,iter,0,feat,1319782,1319782, Iteration summary generation, 0.000885, sec
2023-08-22 13:37:35,577 [18] INFO  - 2023-08-22 13:35:38,F054,Z,0,iter,0,feat,1319782,1319782, Iteration duration, 6.87398, sec
2023-08-22 13:37:35,578 [38] INFO  - 2023-08-22 13:35:39,F054,Z,0,iter,1,feat,1319782,1319782, Seed neighbor determination, 1.70038, sec
2023-08-22 13:37:35,578 [38] INFO  - 2023-08-22 13:35:40,F054,Z,0,iter,1,feat,1319782,1319782, Quality Score Generation, 2.95191, sec
2023-08-22 13:37:35,578 [38] INFO  - 2023-08-22 13:35:44,F054,Z,0,iter,1,feat,1319782,1319782, Spots per feature calculation and feature filtration, 2.74957, sec
2023-08-22 13:37:35,578 [38] INFO  - 2023-08-22 13:35:45,F054,Z,0,iter,1,feat,1319782,1319782, Making Complete Code Target Calls, 0.612203, sec
2023-08-22 13:37:35,578 [38] INFO  - 2023-08-22 13:35:45,F054,Z,0,iter,1,feat,1319782,1319782, Target Call Location Estimation and iteration end update, 0.116728, sec
2023-08-22 13:37:35,578 [38] INFO  - 2023-08-22 13:35:45,F054,Z,0,iter,1,feat,1319782,1319782, Iteration summary generation, 0.033608, sec
2023-08-22 13:37:35,578 [38] INFO  - 2023-08-22 13:35:45,F054,Z,0,iter,1,feat,1319782,1319782, Iteration duration, 7.44327, sec
2023-08-22 13:37:35,578 [38] INFO  - 2023-08-22 13:35:45,F054,Z,0,iter,1,feat,1319782,1319782, Z slice processing duration, 17.587, sec
2023-08-22 13:37:35,578 [38] INFO  - 2023-08-22 13:36:08,F054,Z,1,iter,0,feat,5792742,7112524, Spot file data loading and filtration , 20.8303, sec
2023-08-22 13:37:35,578 [38] INFO  - 2023-08-22 13:36:12,F054,Z,1,iter,0,feat,5792742,7112524, Seed neighbor determination, 6.94212, sec
2023-08-22 13:37:35,578 [38] INFO  - 2023-08-22 13:36:15,F054,Z,1,iter,0,feat,5792742,7112524, Quality Score Generation, 10.7456, sec
2023-08-22 13:37:35,578 [38] INFO  - 2023-08-22 13:36:23,F054,Z,1,iter,0,feat,5792742,7112524, Spots per feature calculation and feature filtration, 8.36278, sec
2023-08-22 13:37:35,578 [38] INFO  - 2023-08-22 13:36:31,F054,Z,1,iter,0,feat,5792742,7112524, Making Complete Code Target Calls, 7.49446, sec
2023-08-22 13:37:35,578 [38] INFO  - 2023-08-22 13:36:34,F054,Z,1,iter,0,feat,5792742,7112524, Target Call Location Estimation and iteration end update, 3.18972, sec
2023-08-22 13:37:35,578 [38] INFO  - 2023-08-22 13:36:34,F054,Z,1,iter,0,feat,5792742,7112524, Iteration summary generation, 0.022792, sec
2023-08-22 13:37:35,578 [38] INFO  - 2023-08-22 13:36:34,F054,Z,1,iter,0,feat,5792742,7112524, Iteration duration, 33.8886, sec
2023-08-22 13:37:35,578 [38] INFO  - 2023-08-22 13:36:37,F054,Z,1,iter,1,feat,5792742,7112524, Seed neighbor determination, 5.43192, sec
2023-08-22 13:37:35,578 [38] INFO  - 2023-08-22 13:36:40,F054,Z,1,iter,1,feat,5792742,7112524, Quality Score Generation, 12.1286, sec
2023-08-22 13:37:35,578 [38] INFO  - 2023-08-22 13:36:45,F054,Z,1,iter,1,feat,5792742,7112524, Spots per feature calculation and feature filtration, 5.11731, sec
2023-08-22 13:37:35,578 [38] INFO  - 2023-08-22 13:36:55,F054,Z,1,iter,1,feat,5792742,7112524, Making Complete Code Target Calls, 9.93725, sec
2023-08-22 13:37:35,578 [38] INFO  - 2023-08-22 13:36:57,F054,Z,1,iter,1,feat,5792742,7112524, Target Call Location Estimation and iteration end update, 1.51493, sec
2023-08-22 13:37:35,578 [38] INFO  - 2023-08-22 13:36:57,F054,Z,1,iter,1,feat,5792742,7112524, Iteration summary generation, 0.480252, sec
2023-08-22 13:37:35,578 [38] INFO  - 2023-08-22 13:36:57,F054,Z,1,iter,1,feat,5792742,7112524, Iteration duration, 32.2254, sec
2023-08-22 13:37:35,578 [38] INFO  - 2023-08-22 13:36:57,F054,Z,1,iter,1,feat,5792742,7112524, Z slice processing duration, 87.8256, sec
2023-08-22 13:37:35,578 [38] INFO  - 2023-08-22 13:37:13,F054,Z,2,iter,0,feat,5745763,12858287, Spot file data loading and filtration , 12.7269, sec
2023-08-22 13:37:35,578 [38] INFO  - 2023-08-22 13:37:15,F054,Z,2,iter,0,feat,5745763,12858287, Seed neighbor determination, 5.28113, sec
2023-08-22 13:37:35,578 [38] INFO  - 2023-08-22 13:37:18,F054,Z,2,iter,0,feat,5745763,12858287, Quality Score Generation, 8.91911, sec
2023-08-22 13:37:35,578 [38] INFO  - 2023-08-22 13:37:24,F054,Z,2,iter,0,feat,5745763,12858287, Spots per feature calculation and feature filtration, 5.83995, sec
2023-08-22 13:37:35,578 [38] INFO  - 2023-08-22 13:37:32,F054,Z,2,iter,0,feat,5745763,12858287, Making Complete Code Target Calls, 8.60891, sec
2023-08-22 13:39:36,689 [38] INFO  - 2023-08-22 13:37:35,F054,Z,2,iter,0,feat,5745763,12858287, Target Call Location Estimation and iteration end update, 2.62647, sec
2023-08-22 13:39:36,689 [38] INFO  - 2023-08-22 13:37:35,F054,Z,2,iter,0,feat,5745763,12858287, Iteration summary generation, 0.054456, sec
2023-08-22 13:39:36,689 [38] INFO  - 2023-08-22 13:37:35,F054,Z,2,iter,0,feat,5745763,12858287, Iteration duration, 29.0433, sec
2023-08-22 13:39:36,689 [38] INFO  - 2023-08-22 13:37:38,F054,Z,2,iter,1,feat,5745763,12858287, Seed neighbor determination, 4.91973, sec
2023-08-22 13:39:36,689 [38] INFO  - 2023-08-22 13:37:40,F054,Z,2,iter,1,feat,5745763,12858287, Quality Score Generation, 9.36387, sec
2023-08-22 13:39:36,689 [38] INFO  - 2023-08-22 13:37:45,F054,Z,2,iter,1,feat,5745763,12858287, Spots per feature calculation and feature filtration, 4.48006, sec
2023-08-22 13:39:36,689 [38] INFO  - 2023-08-22 13:37:53,F054,Z,2,iter,1,feat,5745763,12858287, Making Complete Code Target Calls, 8.29516, sec
2023-08-22 13:39:36,689 [38] INFO  - 2023-08-22 13:37:55,F054,Z,2,iter,1,feat,5745763,12858287, Target Call Location Estimation and iteration end update, 1.95939, sec
2023-08-22 13:39:36,689 [38] INFO  - 2023-08-22 13:37:56,F054,Z,2,iter,1,feat,5745763,12858287, Iteration summary generation, 0.996877, sec
2023-08-22 13:39:36,690 [44] INFO  - 2023-08-22 13:37:56,F054,Z,2,iter,1,feat,5745763,12858287, Iteration duration, 27.8122, sec
2023-08-22 13:39:36,690 [44] INFO  - 2023-08-22 13:37:56,F054,Z,2,iter,1,feat,5745763,12858287, Z slice processing duration, 72.3633, sec
2023-08-22 13:39:36,690 [44] INFO  - 2023-08-22 13:38:10,F054,Z,3,iter,0,feat,5177795,18036082, Spot file data loading and filtration , 11.5735, sec
2023-08-22 13:39:36,690 [44] INFO  - 2023-08-22 13:38:12,F054,Z,3,iter,0,feat,5177795,18036082, Seed neighbor determination, 4.78882, sec
2023-08-22 13:39:36,690 [44] INFO  - 2023-08-22 13:38:15,F054,Z,3,iter,0,feat,5177795,18036082, Quality Score Generation, 8.04988, sec
2023-08-22 13:39:36,690 [44] INFO  - 2023-08-22 13:38:20,F054,Z,3,iter,0,feat,5177795,18036082, Spots per feature calculation and feature filtration, 5.20108, sec
2023-08-22 13:39:36,690 [44] INFO  - 2023-08-22 13:38:28,F054,Z,3,iter,0,feat,5177795,18036082, Making Complete Code Target Calls, 8.03402, sec
2023-08-22 13:39:36,690 [44] INFO  - 2023-08-22 13:38:31,F054,Z,3,iter,0,feat,5177795,18036082, Target Call Location Estimation and iteration end update, 3.20573, sec
2023-08-22 13:39:36,690 [44] INFO  - 2023-08-22 13:38:31,F054,Z,3,iter,0,feat,5177795,18036082, Iteration summary generation, 0.052152, sec
2023-08-22 13:39:36,690 [44] INFO  - 2023-08-22 13:38:31,F054,Z,3,iter,0,feat,5177795,18036082, Iteration duration, 27.2521, sec
2023-08-22 13:39:36,690 [44] INFO  - 2023-08-22 13:38:34,F054,Z,3,iter,1,feat,5177795,18036082, Seed neighbor determination, 4.5412, sec
2023-08-22 13:39:36,690 [44] INFO  - 2023-08-22 13:38:36,F054,Z,3,iter,1,feat,5177795,18036082, Quality Score Generation, 8.48401, sec
2023-08-22 13:39:36,690 [44] INFO  - 2023-08-22 13:38:40,F054,Z,3,iter,1,feat,5177795,18036082, Spots per feature calculation and feature filtration, 4.01271, sec
2023-08-22 13:39:36,690 [44] INFO  - 2023-08-22 13:38:47,F054,Z,3,iter,1,feat,5177795,18036082, Making Complete Code Target Calls, 7.33807, sec
2023-08-22 13:39:36,690 [44] INFO  - 2023-08-22 13:38:49,F054,Z,3,iter,1,feat,5177795,18036082, Target Call Location Estimation and iteration end update, 1.41662, sec
2023-08-22 13:39:36,690 [44] INFO  - 2023-08-22 13:38:50,F054,Z,3,iter,1,feat,5177795,18036082, Iteration summary generation, 0.957362, sec
2023-08-22 13:39:36,690 [44] INFO  - 2023-08-22 13:38:50,F054,Z,3,iter,1,feat,5177795,18036082, Iteration duration, 24.6678, sec
2023-08-22 13:39:36,690 [44] INFO  - 2023-08-22 13:38:50,F054,Z,3,iter,1,feat,5177795,18036082, Z slice processing duration, 66.0109, sec
2023-08-22 13:39:36,690 [44] INFO  - 2023-08-22 13:39:01,F054,Z,4,iter,0,feat,4825356,22861438, Spot file data loading and filtration , 9.52753, sec
2023-08-22 13:39:36,690 [44] INFO  - 2023-08-22 13:39:04,F054,Z,4,iter,0,feat,4825356,22861438, Seed neighbor determination, 4.47532, sec
2023-08-22 13:39:36,690 [44] INFO  - 2023-08-22 13:39:06,F054,Z,4,iter,0,feat,4825356,22861438, Quality Score Generation, 7.8707, sec
2023-08-22 13:39:36,690 [44] INFO  - 2023-08-22 13:39:11,F054,Z,4,iter,0,feat,4825356,22861438, Spots per feature calculation and feature filtration, 4.82946, sec
2023-08-22 13:39:36,690 [44] INFO  - 2023-08-22 13:39:19,F054,Z,4,iter,0,feat,4825356,22861438, Making Complete Code Target Calls, 8.25464, sec
2023-08-22 13:39:36,690 [44] INFO  - 2023-08-22 13:39:22,F054,Z,4,iter,0,feat,4825356,22861438, Target Call Location Estimation and iteration end update, 2.40942, sec
2023-08-22 13:39:36,690 [44] INFO  - 2023-08-22 13:39:22,F054,Z,4,iter,0,feat,4825356,22861438, Iteration summary generation, 0.051023, sec
2023-08-22 13:39:36,690 [44] INFO  - 2023-08-22 13:39:22,F054,Z,4,iter,0,feat,4825356,22861438, Iteration duration, 25.9518, sec
2023-08-22 13:39:36,690 [44] INFO  - 2023-08-22 13:39:24,F054,Z,4,iter,1,feat,4825356,22861438, Seed neighbor determination, 4.09765, sec
2023-08-22 13:39:36,690 [44] INFO  - 2023-08-22 13:39:26,F054,Z,4,iter,1,feat,4825356,22861438, Quality Score Generation, 7.88011, sec
2023-08-22 13:39:36,690 [44] INFO  - 2023-08-22 13:39:29,F054,Z,4,iter,1,feat,4825356,22861438, Spots per feature calculation and feature filtration, 3.63512, sec
2023-08-22 13:41:15,796 [44] INFO  - 2023-08-22 13:39:36,F054,Z,4,iter,1,feat,4825356,22861438, Making Complete Code Target Calls, 6.66784, sec
2023-08-22 13:41:15,797 [44] INFO  - 2023-08-22 13:39:37,F054,Z,4,iter,1,feat,4825356,22861438, Target Call Location Estimation and iteration end update, 0.939439, sec
2023-08-22 13:41:15,797 [44] INFO  - 2023-08-22 13:39:38,F054,Z,4,iter,1,feat,4825356,22861438, Iteration summary generation, 0.90457, sec
2023-08-22 13:41:15,797 [44] INFO  - 2023-08-22 13:39:38,F054,Z,4,iter,1,feat,4825356,22861438, Iteration duration, 22.3134, sec
2023-08-22 13:41:15,797 [44] INFO  - 2023-08-22 13:39:38,F054,Z,4,iter,1,feat,4825356,22861438, Z slice processing duration, 60.1172, sec
2023-08-22 13:41:15,797 [44] INFO  - 2023-08-22 13:39:49,F054,Z,5,iter,0,feat,4490916,27352354, Spot file data loading and filtration , 9.1963, sec
2023-08-22 13:41:15,797 [44] INFO  - 2023-08-22 13:39:51,F054,Z,5,iter,0,feat,4490916,27352354, Seed neighbor determination, 4.15047, sec
2023-08-22 13:41:15,797 [44] INFO  - 2023-08-22 13:39:53,F054,Z,5,iter,0,feat,4490916,27352354, Quality Score Generation, 6.80073, sec
2023-08-22 13:41:15,797 [44] INFO  - 2023-08-22 13:39:58,F054,Z,5,iter,0,feat,4490916,27352354, Spots per feature calculation and feature filtration, 4.53225, sec
2023-08-22 13:41:15,797 [38] INFO  - 2023-08-22 13:40:05,F054,Z,5,iter,0,feat,4490916,27352354, Making Complete Code Target Calls, 6.99349, sec
2023-08-22 13:41:15,797 [38] INFO  - 2023-08-22 13:40:07,F054,Z,5,iter,0,feat,4490916,27352354, Target Call Location Estimation and iteration end update, 2.0306, sec
2023-08-22 13:41:15,797 [38] INFO  - 2023-08-22 13:40:07,F054,Z,5,iter,0,feat,4490916,27352354, Iteration summary generation, 0.042432, sec
2023-08-22 13:41:15,797 [38] INFO  - 2023-08-22 13:40:07,F054,Z,5,iter,0,feat,4490916,27352354, Iteration duration, 22.7446, sec
2023-08-22 13:41:15,797 [38] INFO  - 2023-08-22 13:40:09,F054,Z,5,iter,1,feat,4490916,27352354, Seed neighbor determination, 3.81611, sec
2023-08-22 13:41:15,797 [38] INFO  - 2023-08-22 13:40:11,F054,Z,5,iter,1,feat,4490916,27352354, Quality Score Generation, 7.4549, sec
2023-08-22 13:41:15,797 [38] INFO  - 2023-08-22 13:40:14,F054,Z,5,iter,1,feat,4490916,27352354, Spots per feature calculation and feature filtration, 3.41354, sec
2023-08-22 13:41:15,797 [38] INFO  - 2023-08-22 13:40:20,F054,Z,5,iter,1,feat,4490916,27352354, Making Complete Code Target Calls, 5.82507, sec
2023-08-22 13:41:15,797 [38] INFO  - 2023-08-22 13:40:22,F054,Z,5,iter,1,feat,4490916,27352354, Target Call Location Estimation and iteration end update, 1.48982, sec
2023-08-22 13:41:15,797 [38] INFO  - 2023-08-22 13:40:23,F054,Z,5,iter,1,feat,4490916,27352354, Iteration summary generation, 0.801061, sec
2023-08-22 13:41:15,797 [38] INFO  - 2023-08-22 13:40:23,F054,Z,5,iter,1,feat,4490916,27352354, Iteration duration, 21.1284, sec
2023-08-22 13:41:15,797 [38] INFO  - 2023-08-22 13:40:23,F054,Z,5,iter,1,feat,4490916,27352354, Z slice processing duration, 55.1635, sec
2023-08-22 13:41:15,797 [38] INFO  - 2023-08-22 13:40:33,F054,Z,6,iter,0,feat,4169933,31522287, Spot file data loading and filtration , 8.545, sec
2023-08-22 13:41:15,797 [38] INFO  - 2023-08-22 13:40:35,F054,Z,6,iter,0,feat,4169933,31522287, Seed neighbor determination, 3.8488, sec
2023-08-22 13:41:15,797 [38] INFO  - 2023-08-22 13:40:37,F054,Z,6,iter,0,feat,4169933,31522287, Quality Score Generation, 6.29657, sec
2023-08-22 13:41:15,797 [38] INFO  - 2023-08-22 13:40:41,F054,Z,6,iter,0,feat,4169933,31522287, Spots per feature calculation and feature filtration, 4.30576, sec
2023-08-22 13:41:15,797 [38] INFO  - 2023-08-22 13:40:47,F054,Z,6,iter,0,feat,4169933,31522287, Making Complete Code Target Calls, 6.18165, sec
2023-08-22 13:41:15,797 [38] INFO  - 2023-08-22 13:40:49,F054,Z,6,iter,0,feat,4169933,31522287, Target Call Location Estimation and iteration end update, 1.78223, sec
2023-08-22 13:41:15,797 [38] INFO  - 2023-08-22 13:40:49,F054,Z,6,iter,0,feat,4169933,31522287, Iteration summary generation, 0.036125, sec
2023-08-22 13:41:15,797 [38] INFO  - 2023-08-22 13:40:49,F054,Z,6,iter,0,feat,4169933,31522287, Iteration duration, 20.7895, sec
2023-08-22 13:41:15,797 [38] INFO  - 2023-08-22 13:40:51,F054,Z,6,iter,1,feat,4169933,31522287, Seed neighbor determination, 3.60025, sec
2023-08-22 13:41:15,797 [38] INFO  - 2023-08-22 13:40:53,F054,Z,6,iter,1,feat,4169933,31522287, Quality Score Generation, 6.71669, sec
2023-08-22 13:41:15,797 [38] INFO  - 2023-08-22 13:40:56,F054,Z,6,iter,1,feat,4169933,31522287, Spots per feature calculation and feature filtration, 3.24059, sec
2023-08-22 13:41:15,797 [38] INFO  - 2023-08-22 13:41:01,F054,Z,6,iter,1,feat,4169933,31522287, Making Complete Code Target Calls, 5.28993, sec
2023-08-22 13:41:15,797 [38] INFO  - 2023-08-22 13:41:02,F054,Z,6,iter,1,feat,4169933,31522287, Target Call Location Estimation and iteration end update, 1.02821, sec
2023-08-22 13:41:15,797 [38] INFO  - 2023-08-22 13:41:03,F054,Z,6,iter,1,feat,4169933,31522287, Iteration summary generation, 0.667432, sec
2023-08-22 13:41:15,797 [38] INFO  - 2023-08-22 13:41:03,F054,Z,6,iter,1,feat,4169933,31522287, Iteration duration, 18.962, sec
2023-08-22 13:41:15,797 [38] INFO  - 2023-08-22 13:41:03,F054,Z,6,iter,1,feat,4169933,31522287, Z slice processing duration, 50.2441, sec
2023-08-22 13:41:15,797 [38] INFO  - 2023-08-22 13:41:13,F054,Z,7,iter,0,feat,4016705,35538992, Spot file data loading and filtration , 8.46159, sec
2023-08-22 13:42:11,255 [38] INFO  - 2023-08-22 13:41:15,F054,Z,7,iter,0,feat,4016705,35538992, Seed neighbor determination, 3.72159, sec
2023-08-22 13:42:11,255 [38] INFO  - 2023-08-22 13:41:17,F054,Z,7,iter,0,feat,4016705,35538992, Quality Score Generation, 6.25024, sec
2023-08-22 13:42:11,255 [38] INFO  - 2023-08-22 13:41:21,F054,Z,7,iter,0,feat,4016705,35538992, Spots per feature calculation and feature filtration, 4.11529, sec
2023-08-22 13:42:11,255 [38] INFO  - 2023-08-22 13:41:27,F054,Z,7,iter,0,feat,4016705,35538992, Making Complete Code Target Calls, 5.66025, sec
2023-08-22 13:42:11,255 [38] INFO  - 2023-08-22 13:41:28,F054,Z,7,iter,0,feat,4016705,35538992, Target Call Location Estimation and iteration end update, 1.57527, sec
2023-08-22 13:42:11,255 [38] INFO  - 2023-08-22 13:41:28,F054,Z,7,iter,0,feat,4016705,35538992, Iteration summary generation, 0.024644, sec
2023-08-22 13:42:11,255 [38] INFO  - 2023-08-22 13:41:28,F054,Z,7,iter,0,feat,4016705,35538992, Iteration duration, 19.7392, sec
2023-08-22 13:42:11,255 [38] INFO  - 2023-08-22 13:41:30,F054,Z,7,iter,1,feat,4016705,35538992, Seed neighbor determination, 3.55689, sec
2023-08-22 13:42:11,255 [38] INFO  - 2023-08-22 13:41:32,F054,Z,7,iter,1,feat,4016705,35538992, Quality Score Generation, 7.18451, sec
2023-08-22 13:42:11,256 [55] INFO  - 2023-08-22 13:41:35,F054,Z,7,iter,1,feat,4016705,35538992, Spots per feature calculation and feature filtration, 3.13334, sec
2023-08-22 13:42:11,256 [55] INFO  - 2023-08-22 13:41:41,F054,Z,7,iter,1,feat,4016705,35538992, Making Complete Code Target Calls, 5.52506, sec
2023-08-22 13:42:11,256 [55] INFO  - 2023-08-22 13:41:42,F054,Z,7,iter,1,feat,4016705,35538992, Target Call Location Estimation and iteration end update, 0.851047, sec
2023-08-22 13:42:11,256 [55] INFO  - 2023-08-22 13:41:42,F054,Z,7,iter,1,feat,4016705,35538992, Iteration summary generation, 0.518992, sec
2023-08-22 13:42:11,256 [55] INFO  - 2023-08-22 13:41:42,F054,Z,7,iter,1,feat,4016705,35538992, Iteration duration, 19.208, sec
2023-08-22 13:42:11,256 [55] INFO  - 2023-08-22 13:41:42,F054,Z,7,iter,1,feat,4016705,35538992, Z slice processing duration, 49.2351, sec
2023-08-22 13:42:11,256 [55] INFO  - 2023-08-22 13:41:49,F054,Z,8,iter,0,feat,2897356,38436348, Spot file data loading and filtration , 5.17302, sec
2023-08-22 13:42:11,256 [55] INFO  - 2023-08-22 13:41:51,F054,Z,8,iter,0,feat,2897356,38436348, Seed neighbor determination, 2.74391, sec
2023-08-22 13:42:11,256 [55] INFO  - 2023-08-22 13:41:52,F054,Z,8,iter,0,feat,2897356,38436348, Quality Score Generation, 4.2, sec
2023-08-22 13:42:11,256 [55] INFO  - 2023-08-22 13:41:55,F054,Z,8,iter,0,feat,2897356,38436348, Spots per feature calculation and feature filtration, 2.92423, sec
2023-08-22 13:42:11,256 [55] INFO  - 2023-08-22 13:41:58,F054,Z,8,iter,0,feat,2897356,38436348, Making Complete Code Target Calls, 3.28463, sec
2023-08-22 13:42:11,256 [55] INFO  - 2023-08-22 13:41:59,F054,Z,8,iter,0,feat,2897356,38436348, Target Call Location Estimation and iteration end update, 1.07939, sec
2023-08-22 13:42:11,256 [55] INFO  - 2023-08-22 13:41:59,F054,Z,8,iter,0,feat,2897356,38436348, Iteration summary generation, 0.015931, sec
2023-08-22 13:42:11,256 [55] INFO  - 2023-08-22 13:41:59,F054,Z,8,iter,0,feat,2897356,38436348, Iteration duration, 13.0216, sec
2023-08-22 13:42:11,256 [55] INFO  - 2023-08-22 13:42:00,F054,Z,8,iter,1,feat,2897356,38436348, Seed neighbor determination, 2.54589, sec
2023-08-22 13:42:11,256 [55] INFO  - 2023-08-22 13:42:02,F054,Z,8,iter,1,feat,2897356,38436348, Quality Score Generation, 4.92956, sec
2023-08-22 13:42:11,256 [55] INFO  - 2023-08-22 13:42:04,F054,Z,8,iter,1,feat,2897356,38436348, Spots per feature calculation and feature filtration, 2.3366, sec
2023-08-22 13:42:11,256 [55] INFO  - 2023-08-22 13:42:08,F054,Z,8,iter,1,feat,2897356,38436348, Making Complete Code Target Calls, 3.50808, sec
2023-08-22 13:42:11,256 [55] INFO  - 2023-08-22 13:42:08,F054,Z,8,iter,1,feat,2897356,38436348, Target Call Location Estimation and iteration end update, 0.560679, sec
2023-08-22 13:42:11,256 [55] INFO  - 2023-08-22 13:42:09,F054,Z,8,iter,1,feat,2897356,38436348, Iteration summary generation, 0.312603, sec
2023-08-22 13:42:11,256 [55] INFO  - 2023-08-22 13:42:09,F054,Z,8,iter,1,feat,2897356,38436348, Iteration duration, 13.0845, sec
2023-08-22 13:42:11,256 [55] INFO  - 2023-08-22 13:42:09,F054,Z,8,iter,1,feat,2897356,38436348, Z slice processing duration, 33.0758, sec
2023-08-22 13:42:11,256 [55] INFO  - 2023-08-22 13:42:11,F054,Z,8,iter,1,feat,2897356,38436348, FOV processing duration (final) , 493.837, sec
2023-08-22 13:42:11,274 [56] INFO  - Exited
2023-08-22 13:42:11,274 [56] INFO  - System.EventArgs
2023-08-22 13:42:11,274 [56] INFO  - { }
2023-08-22 13:42:11,275 [1] INFO  - mtmc run complete
2023-08-22 13:42:11,275 [1] INFO  - Zipping and uploading results...
2023-08-22 13:42:11,276 [1] INFO  - Uploading mtm results to storage.
2023-08-22 13:42:11,276 [1] INFO  - Start uploading /app/out/FOV054 to 892d9dcc-e56d-475c-8dee-2c395064223d/2302H0033/c9d29823-a69c-4328-a6b9-53e2b78fa3e3/Run_76ed1d6b-57d6-4076-9a09-09a6f1ded693_20230817_2302h0033_ControlCenter/20230817_175305/20230817_175305_S1/AnalysisResults/oxdwyv2woj/FOV054
2023-08-22 13:42:11,276 [1] INFO  - Executing with retries set to: 10
2023-08-22 13:42:13,116 [1] INFO  - Upload /app/out/FOV054 finished
2023-08-22 13:42:13,116 [1] INFO  - Results uploaded.
2023-08-22 13:42:13,116 [1] INFO  - All done
2023-08-22 13:42:13,116 [1] INFO  - Executing with retries set to: 10
2023-08-22 13:42:13,116 [1] INFO  - Setting fov oxdwyv2woj-i2jw8 into status Completed
2023-08-22 13:42:13,128 [1] INFO  - Saving a fov processing run: oxdwyv2woj-i2jw8
2023-08-22 13:42:13,128 [1] INFO  - Updating an existing fov run.
2023-08-22 13:42:13,130 [1] INFO  - Uploading logs
2023-08-22 13:42:13,131 [1] INFO  - Start uploading 892d9dcc-e56d-475c-8dee-2c395064223d/2302H0033/c9d29823-a69c-4328-a6b9-53e2b78fa3e3/Run_76ed1d6b-57d6-4076-9a09-09a6f1ded693_20230817_2302h0033_ControlCenter/20230817_175305/20230817_175305_S1/AnalysisResults/oxdwyv2woj/FOV054/mtm-run.log
