2023-08-22 13:37:44,386 [1] INFO  - Using bucket s3-euw1-eu2-datarepository-eu2-eu2-kcl-01 and region eu-west-1
2023-08-22 13:37:44,427 [1] INFO  - Using role to access S3
2023-08-22 13:37:44,627 [1] INFO  - ===============================
2023-08-22 13:37:44,627 [1] INFO  - build info: 
commit 1860d865ce7409a4b25d5549a62e2b7be0a93d33
Author: alexander-serebriyan <alexander.serebriyan@teamdev.com>
Date:   Fri Feb 10 15:42:48 2023 +0100

    Add UAT env for ECR pushing.

Build done on: Fri Feb 10 14:46:39 UTC 2023
Version: 20230210.1

2023-08-22 13:37:44,627 [1] INFO  - ===============================
2023-08-22 13:37:44,627 [1] INFO  - Starting the job. Results will be uploaded to: 892d9dcc-e56d-475c-8dee-2c395064223d/2302H0033/c9d29823-a69c-4328-a6b9-53e2b78fa3e3/Run_76ed1d6b-57d6-4076-9a09-09a6f1ded693_20230817_2302h0033_ControlCenter/20230817_175305/20230817_175305_S1/AnalysisResults/oxdwyv2woj/FOV056
2023-08-22 13:37:44,627 [1] INFO  - Checking FOV status. Ref: oxdwyv2woj-z6meu, ID: 892d9dcc-e56d-475c-8dee-2c395064223d/2302H0033/c9d29823-a69c-4328-a6b9-53e2b78fa3e3/Run_76ed1d6b-57d6-4076-9a09-09a6f1ded693_20230817_2302h0033_ControlCenter/20230817_175305/20230817_175305_S1/SpotFiles/FOV056/
2023-08-22 13:37:44,775 [1] INFO  - Executing with retries set to: 10
2023-08-22 13:37:44,775 [1] INFO  - Setting fov oxdwyv2woj-z6meu into status InProgress
2023-08-22 13:37:44,777 [1] INFO  - Saving a fov processing run: oxdwyv2woj-z6meu
2023-08-22 13:37:44,777 [1] INFO  - Updating an existing fov run.
2023-08-22 13:37:44,810 [1] INFO  - Downloading FOV using next path: 892d9dcc-e56d-475c-8dee-2c395064223d/2302H0033/c9d29823-a69c-4328-a6b9-53e2b78fa3e3/Run_76ed1d6b-57d6-4076-9a09-09a6f1ded693_20230817_2302h0033_ControlCenter/20230817_175305/20230817_175305_S1/SpotFiles/FOV056/
2023-08-22 13:37:44,811 [1] INFO  - Start downloading 892d9dcc-e56d-475c-8dee-2c395064223d/2302H0033/c9d29823-a69c-4328-a6b9-53e2b78fa3e3/Run_76ed1d6b-57d6-4076-9a09-09a6f1ded693_20230817_2302h0033_ControlCenter/20230817_175305/20230817_175305_S1/SpotFiles/FOV056/
2023-08-22 13:37:44,811 [1] INFO  - Executing with retries set to: 10
2023-08-22 13:41:19,327 [1] INFO  - Download 892d9dcc-e56d-475c-8dee-2c395064223d/2302H0033/c9d29823-a69c-4328-a6b9-53e2b78fa3e3/Run_76ed1d6b-57d6-4076-9a09-09a6f1ded693_20230817_2302h0033_ControlCenter/20230817_175305/20230817_175305_S1/SpotFiles/FOV056/ complete
2023-08-22 13:41:19,327 [1] INFO  - Custom plex file specified. The default one will be overriden.
2023-08-22 13:41:19,327 [1] INFO  - Downloading plex file using next path: 892d9dcc-e56d-475c-8dee-2c395064223d/2302H0033/c9d29823-a69c-4328-a6b9-53e2b78fa3e3/Run_76ed1d6b-57d6-4076-9a09-09a6f1ded693_20230817_2302h0033_ControlCenter/20230817_175305/20230817_175305_S1/plex-oxdwyv2woj.txt
2023-08-22 13:41:19,327 [1] INFO  - Downloading 892d9dcc-e56d-475c-8dee-2c395064223d/2302H0033/c9d29823-a69c-4328-a6b9-53e2b78fa3e3/Run_76ed1d6b-57d6-4076-9a09-09a6f1ded693_20230817_2302h0033_ControlCenter/20230817_175305/20230817_175305_S1/plex-oxdwyv2woj.txt
2023-08-22 13:41:19,446 [1] INFO  - Download 892d9dcc-e56d-475c-8dee-2c395064223d/2302H0033/c9d29823-a69c-4328-a6b9-53e2b78fa3e3/Run_76ed1d6b-57d6-4076-9a09-09a6f1ded693_20230817_2302h0033_ControlCenter/20230817_175305/20230817_175305_S1/plex-oxdwyv2woj.txt finished
2023-08-22 13:41:19,446 [1] INFO  - No user params file specified. Trying to use the one from the storage.
2023-08-22 13:41:19,446 [1] INFO  - Downloading params file using next path: 892d9dcc-e56d-475c-8dee-2c395064223d/2302H0033/c9d29823-a69c-4328-a6b9-53e2b78fa3e3/Run_76ed1d6b-57d6-4076-9a09-09a6f1ded693_20230817_2302h0033_ControlCenter/20230817_175305/20230817_175305_S1/analysis_params_v6.txt
2023-08-22 13:41:19,446 [1] INFO  - Downloading 892d9dcc-e56d-475c-8dee-2c395064223d/2302H0033/c9d29823-a69c-4328-a6b9-53e2b78fa3e3/Run_76ed1d6b-57d6-4076-9a09-09a6f1ded693_20230817_2302h0033_ControlCenter/20230817_175305/20230817_175305_S1/analysis_params_v6.txt
2023-08-22 13:41:19,477 [1] ERROR -    at Amazon.Runtime.Internal.HttpErrorResponseExceptionHandler.HandleExceptionStream(IRequestContext requestContext, IWebResponseData httpErrorResponse, HttpErrorResponseException exception, Stream responseStream)
   at Amazon.Runtime.Internal.HttpErrorResponseExceptionHandler.HandleExceptionAsync(IExecutionContext executionContext, HttpErrorResponseException exception)
   at Amazon.Runtime.Internal.ExceptionHandler`1.HandleAsync(IExecutionContext executionContext, Exception exception)
   at Amazon.Runtime.Internal.ErrorHandler.ProcessExceptionAsync(IExecutionContext executionContext, Exception exception)
   at Amazon.Runtime.Internal.ErrorHandler.InvokeAsync[T](IExecutionContext executionContext)
   at Amazon.Runtime.Internal.CallbackHandler.InvokeAsync[T](IExecutionContext executionContext)
   at Amazon.Runtime.Internal.EndpointDiscoveryHandler.InvokeAsync[T](IExecutionContext executionContext)
   at Amazon.Runtime.Internal.EndpointDiscoveryHandler.InvokeAsync[T](IExecutionContext executionContext)
   at Amazon.Runtime.Internal.CredentialsRetriever.InvokeAsync[T](IExecutionContext executionContext)
   at Amazon.Runtime.Internal.RetryHandler.InvokeAsync[T](IExecutionContext executionContext)
   at Amazon.Runtime.Internal.RetryHandler.InvokeAsync[T](IExecutionContext executionContext)
   at Amazon.Runtime.Internal.CallbackHandler.InvokeAsync[T](IExecutionContext executionContext)
   at Amazon.Runtime.Internal.CallbackHandler.InvokeAsync[T](IExecutionContext executionContext)
   at Amazon.S3.Internal.AmazonS3ExceptionHandler.InvokeAsync[T](IExecutionContext executionContext)
   at Amazon.Runtime.Internal.ErrorCallbackHandler.InvokeAsync[T](IExecutionContext executionContext)
   at Amazon.Runtime.Internal.MetricsHandler.InvokeAsync[T](IExecutionContext executionContext)
   at Amazon.S3.Transfer.Internal.DownloadCommand.ExecuteAsync(CancellationToken cancellationToken)
   at Amazon.S3.Transfer.TransferUtility.Download(String filePath, String bucketName, String key)
   at Core.S3FileStorageService.DownloadFile(String remoteFilePath, String localFilePath) in /src/Core/S3FileStorageService.cs:line 67
   at MTMCWorker.Service.Impl.MtmcWorker.FetchParamsFile(String paramsFileRef, String flowCellPath) in /src/MTMCWorker/Service/Impl/MtmcWorker.cs:line 297
2023-08-22 13:41:19,477 [1] INFO  - Can't download params file next to nBCDir. Using the default one.
Amazon.S3.AmazonS3Exception: The specified key does not exist.
 ---> Amazon.Runtime.Internal.HttpErrorResponseException: Exception of type 'Amazon.Runtime.Internal.HttpErrorResponseException' was thrown.
   at Amazon.Runtime.HttpWebRequestMessage.GetResponseAsync(CancellationToken cancellationToken)
   at Amazon.Runtime.Internal.HttpHandler`1.InvokeAsync[T](IExecutionContext executionContext)
   at Amazon.Runtime.Internal.RedirectHandler.InvokeAsync[T](IExecutionContext executionContext)
   at Amazon.Runtime.Internal.Unmarshaller.InvokeAsync[T](IExecutionContext executionContext)
   at Amazon.S3.Internal.AmazonS3ResponseHandler.InvokeAsync[T](IExecutionContext executionContext)
   at Amazon.Runtime.Internal.ErrorHandler.InvokeAsync[T](IExecutionContext executionContext)
   --- End of inner exception stack trace ---
   at Amazon.Runtime.Internal.HttpErrorResponseExceptionHandler.HandleExceptionStream(IRequestContext requestContext, IWebResponseData httpErrorResponse, HttpErrorResponseException exception, Stream responseStream)
   at Amazon.Runtime.Internal.HttpErrorResponseExceptionHandler.HandleExceptionAsync(IExecutionContext executionContext, HttpErrorResponseException exception)
   at Amazon.Runtime.Internal.ExceptionHandler`1.HandleAsync(IExecutionContext executionContext, Exception exception)
   at Amazon.Runtime.Internal.ErrorHandler.ProcessExceptionAsync(IExecutionContext executionContext, Exception exception)
   at Amazon.Runtime.Internal.ErrorHandler.InvokeAsync[T](IExecutionContext executionContext)
   at Amazon.Runtime.Internal.CallbackHandler.InvokeAsync[T](IExecutionContext executionContext)
   at Amazon.Runtime.Internal.EndpointDiscoveryHandler.InvokeAsync[T](IExecutionContext executionContext)
   at Amazon.Runtime.Internal.EndpointDiscoveryHandler.InvokeAsync[T](IExecutionContext executionContext)
   at Amazon.Runtime.Internal.CredentialsRetriever.InvokeAsync[T](IExecutionContext executionContext)
   at Amazon.Runtime.Internal.RetryHandler.InvokeAsync[T](IExecutionContext executionContext)
   at Amazon.Runtime.Internal.RetryHandler.InvokeAsync[T](IExecutionContext executionContext)
   at Amazon.Runtime.Internal.CallbackHandler.InvokeAsync[T](IExecutionContext executionContext)
   at Amazon.Runtime.Internal.CallbackHandler.InvokeAsync[T](IExecutionContext executionContext)
   at Amazon.S3.Internal.AmazonS3ExceptionHandler.InvokeAsync[T](IExecutionContext executionContext)
   at Amazon.Runtime.Internal.ErrorCallbackHandler.InvokeAsync[T](IExecutionContext executionContext)
   at Amazon.Runtime.Internal.MetricsHandler.InvokeAsync[T](IExecutionContext executionContext)
   at Amazon.S3.Transfer.Internal.DownloadCommand.ExecuteAsync(CancellationToken cancellationToken)
   at Amazon.S3.Transfer.TransferUtility.Download(String filePath, String bucketName, String key)
   at Core.S3FileStorageService.DownloadFile(String remoteFilePath, String localFilePath) in /src/Core/S3FileStorageService.cs:line 67
   at MTMCWorker.Service.Impl.MtmcWorker.FetchParamsFile(String paramsFileRef, String flowCellPath) in /src/MTMCWorker/Service/Impl/MtmcWorker.cs:line 297
2023-08-22 13:41:19,479 [1] INFO  - Fetching CellStatsDir folder data...
2023-08-22 13:41:19,531 [1] INFO  - Downloading 892d9dcc-e56d-475c-8dee-2c395064223d/2302H0033/c9d29823-a69c-4328-a6b9-53e2b78fa3e3/Run_76ed1d6b-57d6-4076-9a09-09a6f1ded693_20230817_2302h0033_ControlCenter/20230817_175305/20230817_175305_S1/CellStatsDir/CellComposite/CellComposite_F056.jpg
2023-08-22 13:41:19,721 [1] INFO  - Download 892d9dcc-e56d-475c-8dee-2c395064223d/2302H0033/c9d29823-a69c-4328-a6b9-53e2b78fa3e3/Run_76ed1d6b-57d6-4076-9a09-09a6f1ded693_20230817_2302h0033_ControlCenter/20230817_175305/20230817_175305_S1/CellStatsDir/CellComposite/CellComposite_F056.jpg finished
2023-08-22 13:41:19,721 [1] INFO  - Downloading 892d9dcc-e56d-475c-8dee-2c395064223d/2302H0033/c9d29823-a69c-4328-a6b9-53e2b78fa3e3/Run_76ed1d6b-57d6-4076-9a09-09a6f1ded693_20230817_2302h0033_ControlCenter/20230817_175305/20230817_175305_S1/CellStatsDir/CellOverlay/CellOverlay_F056.jpg
2023-08-22 13:41:20,103 [1] INFO  - Download 892d9dcc-e56d-475c-8dee-2c395064223d/2302H0033/c9d29823-a69c-4328-a6b9-53e2b78fa3e3/Run_76ed1d6b-57d6-4076-9a09-09a6f1ded693_20230817_2302h0033_ControlCenter/20230817_175305/20230817_175305_S1/CellStatsDir/CellOverlay/CellOverlay_F056.jpg finished
2023-08-22 13:41:20,103 [1] INFO  - Downloading 892d9dcc-e56d-475c-8dee-2c395064223d/2302H0033/c9d29823-a69c-4328-a6b9-53e2b78fa3e3/Run_76ed1d6b-57d6-4076-9a09-09a6f1ded693_20230817_2302h0033_ControlCenter/20230817_175305/20230817_175305_S1/CellStatsDir/FOV056/CellLabels_F056.tif
2023-08-22 13:41:20,300 [1] INFO  - Download 892d9dcc-e56d-475c-8dee-2c395064223d/2302H0033/c9d29823-a69c-4328-a6b9-53e2b78fa3e3/Run_76ed1d6b-57d6-4076-9a09-09a6f1ded693_20230817_2302h0033_ControlCenter/20230817_175305/20230817_175305_S1/CellStatsDir/FOV056/CellLabels_F056.tif finished
2023-08-22 13:41:20,300 [1] INFO  - Downloading 892d9dcc-e56d-475c-8dee-2c395064223d/2302H0033/c9d29823-a69c-4328-a6b9-53e2b78fa3e3/Run_76ed1d6b-57d6-4076-9a09-09a6f1ded693_20230817_2302h0033_ControlCenter/20230817_175305/20230817_175305_S1/CellStatsDir/FOV056/CompartmentLabels_F056.tif
2023-08-22 13:41:20,498 [1] INFO  - Download 892d9dcc-e56d-475c-8dee-2c395064223d/2302H0033/c9d29823-a69c-4328-a6b9-53e2b78fa3e3/Run_76ed1d6b-57d6-4076-9a09-09a6f1ded693_20230817_2302h0033_ControlCenter/20230817_175305/20230817_175305_S1/CellStatsDir/FOV056/CompartmentLabels_F056.tif finished
2023-08-22 13:41:20,498 [1] INFO  - Downloading 892d9dcc-e56d-475c-8dee-2c395064223d/2302H0033/c9d29823-a69c-4328-a6b9-53e2b78fa3e3/Run_76ed1d6b-57d6-4076-9a09-09a6f1ded693_20230817_2302h0033_ControlCenter/20230817_175305/20230817_175305_S1/CellStatsDir/FOV056/Run_76ed1d6b-57d6-4076-9a09-09a6f1ded693_20230817_175305_S1_Cell_Stats_F056.csv
2023-08-22 13:41:20,676 [1] INFO  - Download 892d9dcc-e56d-475c-8dee-2c395064223d/2302H0033/c9d29823-a69c-4328-a6b9-53e2b78fa3e3/Run_76ed1d6b-57d6-4076-9a09-09a6f1ded693_20230817_2302h0033_ControlCenter/20230817_175305/20230817_175305_S1/CellStatsDir/FOV056/Run_76ed1d6b-57d6-4076-9a09-09a6f1ded693_20230817_175305_S1_Cell_Stats_F056.csv finished
2023-08-22 13:41:20,676 [1] INFO  - Downloading 892d9dcc-e56d-475c-8dee-2c395064223d/2302H0033/c9d29823-a69c-4328-a6b9-53e2b78fa3e3/Run_76ed1d6b-57d6-4076-9a09-09a6f1ded693_20230817_2302h0033_ControlCenter/20230817_175305/20230817_175305_S1/CellStatsDir/Morphology2D/20230817_175305_S1_C902_P99_N99_F056.TIF
2023-08-22 13:41:21,802 [1] INFO  - Download 892d9dcc-e56d-475c-8dee-2c395064223d/2302H0033/c9d29823-a69c-4328-a6b9-53e2b78fa3e3/Run_76ed1d6b-57d6-4076-9a09-09a6f1ded693_20230817_2302h0033_ControlCenter/20230817_175305/20230817_175305_S1/CellStatsDir/Morphology2D/20230817_175305_S1_C902_P99_N99_F056.TIF finished
2023-08-22 13:41:21,803 [1] INFO  - Downloading 892d9dcc-e56d-475c-8dee-2c395064223d/2302H0033/c9d29823-a69c-4328-a6b9-53e2b78fa3e3/Run_76ed1d6b-57d6-4076-9a09-09a6f1ded693_20230817_2302h0033_ControlCenter/20230817_175305/20230817_175305_S1/CellStatsDir/RnD/Run_76ed1d6b-57d6-4076-9a09-09a6f1ded693_20230817_175305_S1_Summary_F056.csv
2023-08-22 13:41:21,945 [1] INFO  - Download 892d9dcc-e56d-475c-8dee-2c395064223d/2302H0033/c9d29823-a69c-4328-a6b9-53e2b78fa3e3/Run_76ed1d6b-57d6-4076-9a09-09a6f1ded693_20230817_2302h0033_ControlCenter/20230817_175305/20230817_175305_S1/CellStatsDir/RnD/Run_76ed1d6b-57d6-4076-9a09-09a6f1ded693_20230817_175305_S1_Summary_F056.csv finished
2023-08-22 13:41:21,945 [1] INFO  - CellStatsDir data download complete.
2023-08-22 13:41:21,945 [1] INFO  - FOV downloaded successfully.
2023-08-22 13:41:21,945 [1] INFO  - Preparing dirs structure for mtmc
2023-08-22 13:41:21,945 [1] INFO  - Preparing mtmc input. FOV dir: FOV056
2023-08-22 13:41:21,947 [1] INFO  - Running mtmc...
2023-08-22 13:41:21,953 [22] INFO  - directory: "/app/input_data/"
2023-08-22 13:41:22,185 [18] INFO  - directory: "/app/out/FOV056/"
2023-08-22 13:42:29,952 [18] INFO  - 2023-08-22 13:41:22,F056,Z,0,iter,0,feat,0,0, Reading and combining input data, 0.026363, sec
2023-08-22 13:42:29,952 [18] INFO  - 2023-08-22 13:41:23,F056,Z,0,iter,0,feat,939940,939940, Spot file data loading and filtration , 0.842314, sec
2023-08-22 13:42:29,952 [18] INFO  - 2023-08-22 13:41:23,F056,Z,0,iter,0,feat,939940,939940, Seed neighbor determination, 0.87507, sec
2023-08-22 13:42:29,952 [18] INFO  - 2023-08-22 13:41:23,F056,Z,0,iter,0,feat,939940,939940, Quality Score Generation, 0.986887, sec
2023-08-22 13:42:29,952 [18] INFO  - 2023-08-22 13:41:24,F056,Z,0,iter,0,feat,939940,939940, Spots per feature calculation and feature filtration, 1.07095, sec
2023-08-22 13:42:29,952 [18] INFO  - 2023-08-22 13:41:25,F056,Z,0,iter,0,feat,939940,939940, Making Complete Code Target Calls, 0.164356, sec
2023-08-22 13:42:29,952 [18] INFO  - 2023-08-22 13:41:25,F056,Z,0,iter,0,feat,939940,939940, Target Call Location Estimation and iteration end update, 0.060217, sec
2023-08-22 13:42:29,952 [18] INFO  - 2023-08-22 13:41:25,F056,Z,0,iter,0,feat,939940,939940, Iteration summary generation, 0.000447, sec
2023-08-22 13:42:29,952 [18] INFO  - 2023-08-22 13:41:25,F056,Z,0,iter,0,feat,939940,939940, Iteration duration, 2.77143, sec
2023-08-22 13:42:29,952 [18] INFO  - 2023-08-22 13:41:25,F056,Z,0,iter,1,feat,939940,939940, Seed neighbor determination, 0.928565, sec
2023-08-22 13:42:29,952 [18] INFO  - 2023-08-22 13:41:25,F056,Z,0,iter,1,feat,939940,939940, Quality Score Generation, 1.31514, sec
2023-08-22 13:42:29,952 [18] INFO  - 2023-08-22 13:41:27,F056,Z,0,iter,1,feat,939940,939940, Spots per feature calculation and feature filtration, 1.12488, sec
2023-08-22 13:42:29,952 [18] INFO  - 2023-08-22 13:41:27,F056,Z,0,iter,1,feat,939940,939940, Making Complete Code Target Calls, 0.27785, sec
2023-08-22 13:42:29,952 [18] INFO  - 2023-08-22 13:41:27,F056,Z,0,iter,1,feat,939940,939940, Target Call Location Estimation and iteration end update, 0.039621, sec
2023-08-22 13:42:29,952 [18] INFO  - 2023-08-22 13:41:27,F056,Z,0,iter,1,feat,939940,939940, Iteration summary generation, 0.017929, sec
2023-08-22 13:42:29,952 [18] INFO  - 2023-08-22 13:41:27,F056,Z,0,iter,1,feat,939940,939940, Iteration duration, 3.29858, sec
2023-08-22 13:42:29,952 [18] INFO  - 2023-08-22 13:41:27,F056,Z,0,iter,1,feat,939940,939940, Z slice processing duration, 6.91392, sec
2023-08-22 13:42:29,952 [18] INFO  - 2023-08-22 13:41:36,F056,Z,1,iter,0,feat,3754080,4694020, Spot file data loading and filtration , 9.10056, sec
2023-08-22 13:42:29,952 [18] INFO  - 2023-08-22 13:41:38,F056,Z,1,iter,0,feat,3754080,4694020, Seed neighbor determination, 3.45634, sec
2023-08-22 13:42:29,952 [23] INFO  - 2023-08-22 13:41:40,F056,Z,1,iter,0,feat,3754080,4694020, Quality Score Generation, 7.06327, sec
2023-08-22 13:42:29,952 [23] INFO  - 2023-08-22 13:41:44,F056,Z,1,iter,0,feat,3754080,4694020, Spots per feature calculation and feature filtration, 4.07382, sec
2023-08-22 13:42:29,952 [23] INFO  - 2023-08-22 13:41:49,F056,Z,1,iter,0,feat,3754080,4694020, Making Complete Code Target Calls, 4.41965, sec
2023-08-22 13:42:29,952 [23] INFO  - 2023-08-22 13:41:50,F056,Z,1,iter,0,feat,3754080,4694020, Target Call Location Estimation and iteration end update, 1.47491, sec
2023-08-22 13:42:29,952 [23] INFO  - 2023-08-22 13:41:50,F056,Z,1,iter,0,feat,3754080,4694020, Iteration summary generation, 0.026669, sec
2023-08-22 13:42:29,952 [23] INFO  - 2023-08-22 13:41:50,F056,Z,1,iter,0,feat,3754080,4694020, Iteration duration, 19.0354, sec
2023-08-22 13:42:29,952 [23] INFO  - 2023-08-22 13:41:52,F056,Z,1,iter,1,feat,3754080,4694020, Seed neighbor determination, 3.63504, sec
2023-08-22 13:42:29,952 [23] INFO  - 2023-08-22 13:41:54,F056,Z,1,iter,1,feat,3754080,4694020, Quality Score Generation, 6.14231, sec
2023-08-22 13:42:29,952 [23] INFO  - 2023-08-22 13:41:58,F056,Z,1,iter,1,feat,3754080,4694020, Spots per feature calculation and feature filtration, 4.17225, sec
2023-08-22 13:42:29,952 [23] INFO  - 2023-08-22 13:42:02,F056,Z,1,iter,1,feat,3754080,4694020, Making Complete Code Target Calls, 4.15264, sec
2023-08-22 13:42:29,952 [23] INFO  - 2023-08-22 13:42:03,F056,Z,1,iter,1,feat,3754080,4694020, Target Call Location Estimation and iteration end update, 0.737755, sec
2023-08-22 13:42:29,952 [23] INFO  - 2023-08-22 13:42:03,F056,Z,1,iter,1,feat,3754080,4694020, Iteration summary generation, 0.53084, sec
2023-08-22 13:42:29,952 [23] INFO  - 2023-08-22 13:42:03,F056,Z,1,iter,1,feat,3754080,4694020, Iteration duration, 17.7611, sec
2023-08-22 13:42:29,952 [23] INFO  - 2023-08-22 13:42:03,F056,Z,1,iter,1,feat,3754080,4694020, Z slice processing duration, 46.3907, sec
2023-08-22 13:42:29,952 [23] INFO  - 2023-08-22 13:42:14,F056,Z,2,iter,0,feat,3520835,8214855, Spot file data loading and filtration , 8.48392, sec
2023-08-22 13:42:29,952 [23] INFO  - 2023-08-22 13:42:15,F056,Z,2,iter,0,feat,3520835,8214855, Seed neighbor determination, 3.28799, sec
2023-08-22 13:42:29,952 [23] INFO  - 2023-08-22 13:42:17,F056,Z,2,iter,0,feat,3520835,8214855, Quality Score Generation, 6.18328, sec
2023-08-22 13:42:29,952 [23] INFO  - 2023-08-22 13:42:20,F056,Z,2,iter,0,feat,3520835,8214855, Spots per feature calculation and feature filtration, 3.35674, sec
2023-08-22 13:42:29,952 [23] INFO  - 2023-08-22 13:42:27,F056,Z,2,iter,0,feat,3520835,8214855, Making Complete Code Target Calls, 6.78609, sec
2023-08-22 13:43:50,093 [23] INFO  - 2023-08-22 13:42:29,F056,Z,2,iter,0,feat,3520835,8214855, Target Call Location Estimation and iteration end update, 2.08107, sec
2023-08-22 13:43:50,093 [23] INFO  - 2023-08-22 13:42:30,F056,Z,2,iter,0,feat,3520835,8214855, Iteration summary generation, 0.056984, sec
2023-08-22 13:43:50,093 [23] INFO  - 2023-08-22 13:42:30,F056,Z,2,iter,0,feat,3520835,8214855, Iteration duration, 20.3554, sec
2023-08-22 13:43:50,094 [23] INFO  - 2023-08-22 13:42:31,F056,Z,2,iter,1,feat,3520835,8214855, Seed neighbor determination, 2.89838, sec
2023-08-22 13:43:50,094 [23] INFO  - 2023-08-22 13:42:33,F056,Z,2,iter,1,feat,3520835,8214855, Quality Score Generation, 5.88722, sec
2023-08-22 13:43:50,094 [23] INFO  - 2023-08-22 13:42:35,F056,Z,2,iter,1,feat,3520835,8214855, Spots per feature calculation and feature filtration, 2.73482, sec
2023-08-22 13:43:50,094 [23] INFO  - 2023-08-22 13:42:39,F056,Z,2,iter,1,feat,3520835,8214855, Making Complete Code Target Calls, 3.88788, sec
2023-08-22 13:43:50,094 [23] INFO  - 2023-08-22 13:42:40,F056,Z,2,iter,1,feat,3520835,8214855, Target Call Location Estimation and iteration end update, 0.564606, sec
2023-08-22 13:43:50,094 [23] INFO  - 2023-08-22 13:42:41,F056,Z,2,iter,1,feat,3520835,8214855, Iteration summary generation, 1.03584, sec
2023-08-22 13:43:50,094 [23] INFO  - 2023-08-22 13:42:41,F056,Z,2,iter,1,feat,3520835,8214855, Iteration duration, 15.6908, sec
2023-08-22 13:43:50,094 [23] INFO  - 2023-08-22 13:42:41,F056,Z,2,iter,1,feat,3520835,8214855, Z slice processing duration, 46.4079, sec
2023-08-22 13:43:50,094 [23] INFO  - 2023-08-22 13:42:52,F056,Z,3,iter,0,feat,3274767,11489622, Spot file data loading and filtration , 9.913, sec
2023-08-22 13:43:50,094 [23] INFO  - 2023-08-22 13:42:54,F056,Z,3,iter,0,feat,3274767,11489622, Seed neighbor determination, 3.07073, sec
2023-08-22 13:43:50,094 [23] INFO  - 2023-08-22 13:42:55,F056,Z,3,iter,0,feat,3274767,11489622, Quality Score Generation, 5.77629, sec
2023-08-22 13:43:50,094 [23] INFO  - 2023-08-22 13:42:58,F056,Z,3,iter,0,feat,3274767,11489622, Spots per feature calculation and feature filtration, 3.14333, sec
2023-08-22 13:43:50,094 [23] INFO  - 2023-08-22 13:43:05,F056,Z,3,iter,0,feat,3274767,11489622, Making Complete Code Target Calls, 6.17985, sec
2023-08-22 13:43:50,094 [23] INFO  - 2023-08-22 13:43:07,F056,Z,3,iter,0,feat,3274767,11489622, Target Call Location Estimation and iteration end update, 1.91113, sec
2023-08-22 13:43:50,094 [23] INFO  - 2023-08-22 13:43:07,F056,Z,3,iter,0,feat,3274767,11489622, Iteration summary generation, 0.052276, sec
2023-08-22 13:43:50,094 [23] INFO  - 2023-08-22 13:43:07,F056,Z,3,iter,0,feat,3274767,11489622, Iteration duration, 18.8306, sec
2023-08-22 13:43:50,094 [18] INFO  - 2023-08-22 13:43:08,F056,Z,3,iter,1,feat,3274767,11489622, Seed neighbor determination, 2.62764, sec
2023-08-22 13:43:50,094 [18] INFO  - 2023-08-22 13:43:10,F056,Z,3,iter,1,feat,3274767,11489622, Quality Score Generation, 5.5895, sec
2023-08-22 13:43:50,094 [18] INFO  - 2023-08-22 13:43:12,F056,Z,3,iter,1,feat,3274767,11489622, Spots per feature calculation and feature filtration, 2.51227, sec
2023-08-22 13:43:50,094 [18] INFO  - 2023-08-22 13:43:16,F056,Z,3,iter,1,feat,3274767,11489622, Making Complete Code Target Calls, 4.23632, sec
2023-08-22 13:43:50,094 [18] INFO  - 2023-08-22 13:43:17,F056,Z,3,iter,1,feat,3274767,11489622, Target Call Location Estimation and iteration end update, 0.547563, sec
2023-08-22 13:43:50,094 [18] INFO  - 2023-08-22 13:43:18,F056,Z,3,iter,1,feat,3274767,11489622, Iteration summary generation, 0.916766, sec
2023-08-22 13:43:50,094 [18] INFO  - 2023-08-22 13:43:18,F056,Z,3,iter,1,feat,3274767,11489622, Iteration duration, 15.3049, sec
2023-08-22 13:43:50,094 [18] INFO  - 2023-08-22 13:43:18,F056,Z,3,iter,1,feat,3274767,11489622, Z slice processing duration, 45.5491, sec
2023-08-22 13:43:50,094 [18] INFO  - 2023-08-22 13:43:28,F056,Z,4,iter,0,feat,3128229,14617851, Spot file data loading and filtration , 8.39733, sec
2023-08-22 13:43:50,094 [18] INFO  - 2023-08-22 13:43:29,F056,Z,4,iter,0,feat,3128229,14617851, Seed neighbor determination, 2.96594, sec
2023-08-22 13:43:50,094 [18] INFO  - 2023-08-22 13:43:31,F056,Z,4,iter,0,feat,3128229,14617851, Quality Score Generation, 5.74166, sec
2023-08-22 13:43:50,094 [18] INFO  - 2023-08-22 13:43:34,F056,Z,4,iter,0,feat,3128229,14617851, Spots per feature calculation and feature filtration, 3.00488, sec
2023-08-22 13:43:50,094 [18] INFO  - 2023-08-22 13:43:39,F056,Z,4,iter,0,feat,3128229,14617851, Making Complete Code Target Calls, 5.3673, sec
2023-08-22 13:43:50,094 [18] INFO  - 2023-08-22 13:43:41,F056,Z,4,iter,0,feat,3128229,14617851, Target Call Location Estimation and iteration end update, 1.85452, sec
2023-08-22 13:43:50,094 [18] INFO  - 2023-08-22 13:43:41,F056,Z,4,iter,0,feat,3128229,14617851, Iteration summary generation, 0.050618, sec
2023-08-22 13:43:50,094 [18] INFO  - 2023-08-22 13:43:41,F056,Z,4,iter,0,feat,3128229,14617851, Iteration duration, 17.7529, sec
2023-08-22 13:43:50,094 [18] INFO  - 2023-08-22 13:43:42,F056,Z,4,iter,1,feat,3128229,14617851, Seed neighbor determination, 2.52888, sec
2023-08-22 13:43:50,094 [18] INFO  - 2023-08-22 13:43:44,F056,Z,4,iter,1,feat,3128229,14617851, Quality Score Generation, 4.87536, sec
2023-08-22 13:43:50,094 [18] INFO  - 2023-08-22 13:43:46,F056,Z,4,iter,1,feat,3128229,14617851, Spots per feature calculation and feature filtration, 2.33207, sec
2023-08-22 13:45:08,630 [18] INFO  - 2023-08-22 13:43:50,F056,Z,4,iter,1,feat,3128229,14617851, Making Complete Code Target Calls, 3.43688, sec
2023-08-22 13:45:08,630 [18] INFO  - 2023-08-22 13:43:50,F056,Z,4,iter,1,feat,3128229,14617851, Target Call Location Estimation and iteration end update, 0.488748, sec
2023-08-22 13:45:08,630 [18] INFO  - 2023-08-22 13:43:51,F056,Z,4,iter,1,feat,3128229,14617851, Iteration summary generation, 0.862982, sec
2023-08-22 13:45:08,630 [18] INFO  - 2023-08-22 13:43:51,F056,Z,4,iter,1,feat,3128229,14617851, Iteration duration, 13.4235, sec
2023-08-22 13:45:08,630 [18] INFO  - 2023-08-22 13:43:51,F056,Z,4,iter,1,feat,3128229,14617851, Z slice processing duration, 40.9418, sec
2023-08-22 13:45:08,630 [18] INFO  - 2023-08-22 13:44:00,F056,Z,5,iter,0,feat,2980557,17598408, Spot file data loading and filtration , 8.08672, sec
2023-08-22 13:45:08,630 [18] INFO  - 2023-08-22 13:44:02,F056,Z,5,iter,0,feat,2980557,17598408, Seed neighbor determination, 2.80399, sec
2023-08-22 13:45:08,630 [18] INFO  - 2023-08-22 13:44:03,F056,Z,5,iter,0,feat,2980557,17598408, Quality Score Generation, 5.52847, sec
2023-08-22 13:45:08,630 [18] INFO  - 2023-08-22 13:44:06,F056,Z,5,iter,0,feat,2980557,17598408, Spots per feature calculation and feature filtration, 2.95845, sec
2023-08-22 13:45:08,630 [18] INFO  - 2023-08-22 13:44:12,F056,Z,5,iter,0,feat,2980557,17598408, Making Complete Code Target Calls, 5.38021, sec
2023-08-22 13:45:08,630 [18] INFO  - 2023-08-22 13:44:15,F056,Z,5,iter,0,feat,2980557,17598408, Target Call Location Estimation and iteration end update, 2.96142, sec
2023-08-22 13:45:08,631 [18] INFO  - 2023-08-22 13:44:15,F056,Z,5,iter,0,feat,2980557,17598408, Iteration summary generation, 0.060529, sec
2023-08-22 13:45:08,631 [18] INFO  - 2023-08-22 13:44:15,F056,Z,5,iter,0,feat,2980557,17598408, Iteration duration, 18.5592, sec
2023-08-22 13:45:08,631 [18] INFO  - 2023-08-22 13:44:16,F056,Z,5,iter,1,feat,2980557,17598408, Seed neighbor determination, 2.52368, sec
2023-08-22 13:45:08,631 [18] INFO  - 2023-08-22 13:44:18,F056,Z,5,iter,1,feat,2980557,17598408, Quality Score Generation, 7.37309, sec
2023-08-22 13:45:08,631 [18] INFO  - 2023-08-22 13:44:21,F056,Z,5,iter,1,feat,2980557,17598408, Spots per feature calculation and feature filtration, 2.96977, sec
2023-08-22 13:45:08,631 [18] INFO  - 2023-08-22 13:44:25,F056,Z,5,iter,1,feat,2980557,17598408, Making Complete Code Target Calls, 3.73641, sec
2023-08-22 13:45:08,631 [18] INFO  - 2023-08-22 13:44:25,F056,Z,5,iter,1,feat,2980557,17598408, Target Call Location Estimation and iteration end update, 0.469869, sec
2023-08-22 13:45:08,631 [18] INFO  - 2023-08-22 13:44:26,F056,Z,5,iter,1,feat,2980557,17598408, Iteration summary generation, 0.786324, sec
2023-08-22 13:45:08,631 [23] INFO  - 2023-08-22 13:44:26,F056,Z,5,iter,1,feat,2980557,17598408, Iteration duration, 16.8508, sec
2023-08-22 13:45:08,631 [23] INFO  - 2023-08-22 13:44:26,F056,Z,5,iter,1,feat,2980557,17598408, Z slice processing duration, 44.8341, sec
2023-08-22 13:45:08,631 [23] INFO  - 2023-08-22 13:44:34,F056,Z,6,iter,0,feat,2753046,20351454, Spot file data loading and filtration , 6.83852, sec
2023-08-22 13:45:08,631 [23] INFO  - 2023-08-22 13:44:36,F056,Z,6,iter,0,feat,2753046,20351454, Seed neighbor determination, 2.60185, sec
2023-08-22 13:45:08,631 [23] INFO  - 2023-08-22 13:44:37,F056,Z,6,iter,0,feat,2753046,20351454, Quality Score Generation, 5.58067, sec
2023-08-22 13:45:08,631 [23] INFO  - 2023-08-22 13:44:40,F056,Z,6,iter,0,feat,2753046,20351454, Spots per feature calculation and feature filtration, 2.81727, sec
2023-08-22 13:45:08,631 [23] INFO  - 2023-08-22 13:44:45,F056,Z,6,iter,0,feat,2753046,20351454, Making Complete Code Target Calls, 4.66035, sec
2023-08-22 13:45:08,631 [23] INFO  - 2023-08-22 13:44:46,F056,Z,6,iter,0,feat,2753046,20351454, Target Call Location Estimation and iteration end update, 1.45559, sec
2023-08-22 13:45:08,631 [23] INFO  - 2023-08-22 13:44:46,F056,Z,6,iter,0,feat,2753046,20351454, Iteration summary generation, 0.039905, sec
2023-08-22 13:45:08,631 [23] INFO  - 2023-08-22 13:44:46,F056,Z,6,iter,0,feat,2753046,20351454, Iteration duration, 16.0926, sec
2023-08-22 13:45:08,631 [23] INFO  - 2023-08-22 13:44:48,F056,Z,6,iter,1,feat,2753046,20351454, Seed neighbor determination, 2.48418, sec
2023-08-22 13:45:08,631 [23] INFO  - 2023-08-22 13:44:49,F056,Z,6,iter,1,feat,2753046,20351454, Quality Score Generation, 5.59499, sec
2023-08-22 13:45:08,631 [23] INFO  - 2023-08-22 13:44:53,F056,Z,6,iter,1,feat,2753046,20351454, Spots per feature calculation and feature filtration, 3.66086, sec
2023-08-22 13:45:08,631 [23] INFO  - 2023-08-22 13:44:56,F056,Z,6,iter,1,feat,2753046,20351454, Making Complete Code Target Calls, 3.08008, sec
2023-08-22 13:45:08,631 [23] INFO  - 2023-08-22 13:44:56,F056,Z,6,iter,1,feat,2753046,20351454, Target Call Location Estimation and iteration end update, 0.477845, sec
2023-08-22 13:45:08,631 [23] INFO  - 2023-08-22 13:44:57,F056,Z,6,iter,1,feat,2753046,20351454, Iteration summary generation, 0.69607, sec
2023-08-22 13:45:08,631 [23] INFO  - 2023-08-22 13:44:57,F056,Z,6,iter,1,feat,2753046,20351454, Iteration duration, 14.9216, sec
2023-08-22 13:45:08,631 [23] INFO  - 2023-08-22 13:44:57,F056,Z,6,iter,1,feat,2753046,20351454, Z slice processing duration, 39.1626, sec
2023-08-22 13:45:08,631 [23] INFO  - 2023-08-22 13:45:07,F056,Z,7,iter,0,feat,2585768,22937222, Spot file data loading and filtration , 8.54803, sec
2023-08-22 13:45:50,480 [23] INFO  - 2023-08-22 13:45:08,F056,Z,7,iter,0,feat,2585768,22937222, Seed neighbor determination, 2.42773, sec
2023-08-22 13:45:50,480 [23] INFO  - 2023-08-22 13:45:09,F056,Z,7,iter,0,feat,2585768,22937222, Quality Score Generation, 4.69069, sec
2023-08-22 13:45:50,480 [23] INFO  - 2023-08-22 13:45:12,F056,Z,7,iter,0,feat,2585768,22937222, Spots per feature calculation and feature filtration, 2.72786, sec
2023-08-22 13:45:50,481 [23] INFO  - 2023-08-22 13:45:16,F056,Z,7,iter,0,feat,2585768,22937222, Making Complete Code Target Calls, 4.26107, sec
2023-08-22 13:45:50,481 [23] INFO  - 2023-08-22 13:45:18,F056,Z,7,iter,0,feat,2585768,22937222, Target Call Location Estimation and iteration end update, 1.22421, sec
2023-08-22 13:45:50,481 [23] INFO  - 2023-08-22 13:45:18,F056,Z,7,iter,0,feat,2585768,22937222, Iteration summary generation, 0.03004, sec
2023-08-22 13:45:50,481 [23] INFO  - 2023-08-22 13:45:18,F056,Z,7,iter,0,feat,2585768,22937222, Iteration duration, 14.4014, sec
2023-08-22 13:45:50,481 [23] INFO  - 2023-08-22 13:45:19,F056,Z,7,iter,1,feat,2585768,22937222, Seed neighbor determination, 2.2025, sec
2023-08-22 13:45:50,481 [23] INFO  - 2023-08-22 13:45:20,F056,Z,7,iter,1,feat,2585768,22937222, Quality Score Generation, 4.06445, sec
2023-08-22 13:45:50,481 [23] INFO  - 2023-08-22 13:45:22,F056,Z,7,iter,1,feat,2585768,22937222, Spots per feature calculation and feature filtration, 2.03728, sec
2023-08-22 13:45:50,481 [23] INFO  - 2023-08-22 13:45:25,F056,Z,7,iter,1,feat,2585768,22937222, Making Complete Code Target Calls, 3.03347, sec
2023-08-22 13:45:50,481 [23] INFO  - 2023-08-22 13:45:26,F056,Z,7,iter,1,feat,2585768,22937222, Target Call Location Estimation and iteration end update, 0.41696, sec
2023-08-22 13:45:50,481 [23] INFO  - 2023-08-22 13:45:26,F056,Z,7,iter,1,feat,2585768,22937222, Iteration summary generation, 0.52743, sec
2023-08-22 13:45:50,481 [23] INFO  - 2023-08-22 13:45:26,F056,Z,7,iter,1,feat,2585768,22937222, Iteration duration, 11.3338, sec
2023-08-22 13:45:50,481 [23] INFO  - 2023-08-22 13:45:26,F056,Z,7,iter,1,feat,2585768,22937222, Z slice processing duration, 35.5589, sec
2023-08-22 13:45:50,481 [23] INFO  - 2023-08-22 13:45:33,F056,Z,8,iter,0,feat,2071266,25008488, Spot file data loading and filtration , 6.11049, sec
2023-08-22 13:45:50,481 [23] INFO  - 2023-08-22 13:45:34,F056,Z,8,iter,0,feat,2071266,25008488, Seed neighbor determination, 1.95578, sec
2023-08-22 13:45:50,481 [23] INFO  - 2023-08-22 13:45:35,F056,Z,8,iter,0,feat,2071266,25008488, Quality Score Generation, 4.04484, sec
2023-08-22 13:45:50,481 [23] INFO  - 2023-08-22 13:45:37,F056,Z,8,iter,0,feat,2071266,25008488, Spots per feature calculation and feature filtration, 2.07977, sec
2023-08-22 13:45:50,482 [18] INFO  - 2023-08-22 13:45:40,F056,Z,8,iter,0,feat,2071266,25008488, Making Complete Code Target Calls, 2.82164, sec
2023-08-22 13:45:50,482 [18] INFO  - 2023-08-22 13:45:41,F056,Z,8,iter,0,feat,2071266,25008488, Target Call Location Estimation and iteration end update, 0.886622, sec
2023-08-22 13:45:50,482 [18] INFO  - 2023-08-22 13:45:41,F056,Z,8,iter,0,feat,2071266,25008488, Iteration summary generation, 0.021788, sec
2023-08-22 13:45:50,482 [18] INFO  - 2023-08-22 13:45:41,F056,Z,8,iter,0,feat,2071266,25008488, Iteration duration, 10.998, sec
2023-08-22 13:45:50,482 [18] INFO  - 2023-08-22 13:45:42,F056,Z,8,iter,1,feat,2071266,25008488, Seed neighbor determination, 1.8246, sec
2023-08-22 13:45:50,482 [18] INFO  - 2023-08-22 13:45:43,F056,Z,8,iter,1,feat,2071266,25008488, Quality Score Generation, 4.1578, sec
2023-08-22 13:45:50,482 [18] INFO  - 2023-08-22 13:45:45,F056,Z,8,iter,1,feat,2071266,25008488, Spots per feature calculation and feature filtration, 1.72207, sec
2023-08-22 13:45:50,482 [18] INFO  - 2023-08-22 13:45:47,F056,Z,8,iter,1,feat,2071266,25008488, Making Complete Code Target Calls, 2.32437, sec
2023-08-22 13:45:50,482 [18] INFO  - 2023-08-22 13:45:48,F056,Z,8,iter,1,feat,2071266,25008488, Target Call Location Estimation and iteration end update, 0.30604, sec
2023-08-22 13:45:50,482 [18] INFO  - 2023-08-22 13:45:48,F056,Z,8,iter,1,feat,2071266,25008488, Iteration summary generation, 0.33509, sec
2023-08-22 13:45:50,482 [18] INFO  - 2023-08-22 13:45:48,F056,Z,8,iter,1,feat,2071266,25008488, Iteration duration, 9.85124, sec
2023-08-22 13:45:50,482 [18] INFO  - 2023-08-22 13:45:48,F056,Z,8,iter,1,feat,2071266,25008488, Z slice processing duration, 28.0877, sec
2023-08-22 13:45:50,482 [18] INFO  - 2023-08-22 13:45:50,F056,Z,8,iter,1,feat,2071266,25008488, FOV processing duration (final) , 335.778, sec
2023-08-22 13:45:50,486 [31] INFO  - Exited
2023-08-22 13:45:50,486 [31] INFO  - System.EventArgs
2023-08-22 13:45:50,487 [31] INFO  - { }
2023-08-22 13:45:50,488 [1] INFO  - mtmc run complete
2023-08-22 13:45:50,488 [1] INFO  - Zipping and uploading results...
2023-08-22 13:45:50,489 [1] INFO  - Uploading mtm results to storage.
2023-08-22 13:45:50,489 [1] INFO  - Start uploading /app/out/FOV056 to 892d9dcc-e56d-475c-8dee-2c395064223d/2302H0033/c9d29823-a69c-4328-a6b9-53e2b78fa3e3/Run_76ed1d6b-57d6-4076-9a09-09a6f1ded693_20230817_2302h0033_ControlCenter/20230817_175305/20230817_175305_S1/AnalysisResults/oxdwyv2woj/FOV056
2023-08-22 13:45:50,489 [1] INFO  - Executing with retries set to: 10
2023-08-22 13:45:52,252 [1] INFO  - Upload /app/out/FOV056 finished
2023-08-22 13:45:52,252 [1] INFO  - Results uploaded.
2023-08-22 13:45:52,252 [1] INFO  - All done
2023-08-22 13:45:52,252 [1] INFO  - Executing with retries set to: 10
2023-08-22 13:45:52,252 [1] INFO  - Setting fov oxdwyv2woj-z6meu into status Completed
2023-08-22 13:45:52,254 [1] INFO  - Saving a fov processing run: oxdwyv2woj-z6meu
2023-08-22 13:45:52,254 [1] INFO  - Updating an existing fov run.
2023-08-22 13:45:52,256 [1] INFO  - Uploading logs
2023-08-22 13:45:52,257 [1] INFO  - Start uploading 892d9dcc-e56d-475c-8dee-2c395064223d/2302H0033/c9d29823-a69c-4328-a6b9-53e2b78fa3e3/Run_76ed1d6b-57d6-4076-9a09-09a6f1ded693_20230817_2302h0033_ControlCenter/20230817_175305/20230817_175305_S1/AnalysisResults/oxdwyv2woj/FOV056/mtm-run.log
