2023-08-22 13:35:48,714 [1] INFO  - Using bucket s3-euw1-eu2-datarepository-eu2-eu2-kcl-01 and region eu-west-1
2023-08-22 13:35:48,761 [1] INFO  - Using role to access S3
2023-08-22 13:35:48,975 [1] INFO  - ===============================
2023-08-22 13:35:48,976 [1] INFO  - build info: 
commit 1860d865ce7409a4b25d5549a62e2b7be0a93d33
Author: alexander-serebriyan <alexander.serebriyan@teamdev.com>
Date:   Fri Feb 10 15:42:48 2023 +0100

    Add UAT env for ECR pushing.

Build done on: Fri Feb 10 14:46:39 UTC 2023
Version: 20230210.1

2023-08-22 13:35:48,976 [1] INFO  - ===============================
2023-08-22 13:35:48,976 [1] INFO  - Starting the job. Results will be uploaded to: 892d9dcc-e56d-475c-8dee-2c395064223d/2302H0033/c9d29823-a69c-4328-a6b9-53e2b78fa3e3/Run_76ed1d6b-57d6-4076-9a09-09a6f1ded693_20230817_2302h0033_ControlCenter/20230817_175305/20230817_175305_S1/AnalysisResults/oxdwyv2woj/FOV012
2023-08-22 13:35:48,976 [1] INFO  - Checking FOV status. Ref: oxdwyv2woj-i1qmz, ID: 892d9dcc-e56d-475c-8dee-2c395064223d/2302H0033/c9d29823-a69c-4328-a6b9-53e2b78fa3e3/Run_76ed1d6b-57d6-4076-9a09-09a6f1ded693_20230817_2302h0033_ControlCenter/20230817_175305/20230817_175305_S1/SpotFiles/FOV012/
2023-08-22 13:35:49,128 [1] INFO  - Executing with retries set to: 10
2023-08-22 13:35:49,128 [1] INFO  - Setting fov oxdwyv2woj-i1qmz into status InProgress
2023-08-22 13:35:49,130 [1] INFO  - Saving a fov processing run: oxdwyv2woj-i1qmz
2023-08-22 13:35:49,130 [1] INFO  - Updating an existing fov run.
2023-08-22 13:35:49,166 [1] INFO  - Downloading FOV using next path: 892d9dcc-e56d-475c-8dee-2c395064223d/2302H0033/c9d29823-a69c-4328-a6b9-53e2b78fa3e3/Run_76ed1d6b-57d6-4076-9a09-09a6f1ded693_20230817_2302h0033_ControlCenter/20230817_175305/20230817_175305_S1/SpotFiles/FOV012/
2023-08-22 13:35:49,166 [1] INFO  - Start downloading 892d9dcc-e56d-475c-8dee-2c395064223d/2302H0033/c9d29823-a69c-4328-a6b9-53e2b78fa3e3/Run_76ed1d6b-57d6-4076-9a09-09a6f1ded693_20230817_2302h0033_ControlCenter/20230817_175305/20230817_175305_S1/SpotFiles/FOV012/
2023-08-22 13:35:49,166 [1] INFO  - Executing with retries set to: 10
2023-08-22 13:39:22,899 [1] INFO  - Download 892d9dcc-e56d-475c-8dee-2c395064223d/2302H0033/c9d29823-a69c-4328-a6b9-53e2b78fa3e3/Run_76ed1d6b-57d6-4076-9a09-09a6f1ded693_20230817_2302h0033_ControlCenter/20230817_175305/20230817_175305_S1/SpotFiles/FOV012/ complete
2023-08-22 13:39:22,899 [1] INFO  - Custom plex file specified. The default one will be overriden.
2023-08-22 13:39:22,899 [1] INFO  - Downloading plex file using next path: 892d9dcc-e56d-475c-8dee-2c395064223d/2302H0033/c9d29823-a69c-4328-a6b9-53e2b78fa3e3/Run_76ed1d6b-57d6-4076-9a09-09a6f1ded693_20230817_2302h0033_ControlCenter/20230817_175305/20230817_175305_S1/plex-oxdwyv2woj.txt
2023-08-22 13:39:22,899 [1] INFO  - Downloading 892d9dcc-e56d-475c-8dee-2c395064223d/2302H0033/c9d29823-a69c-4328-a6b9-53e2b78fa3e3/Run_76ed1d6b-57d6-4076-9a09-09a6f1ded693_20230817_2302h0033_ControlCenter/20230817_175305/20230817_175305_S1/plex-oxdwyv2woj.txt
2023-08-22 13:39:23,018 [1] INFO  - Download 892d9dcc-e56d-475c-8dee-2c395064223d/2302H0033/c9d29823-a69c-4328-a6b9-53e2b78fa3e3/Run_76ed1d6b-57d6-4076-9a09-09a6f1ded693_20230817_2302h0033_ControlCenter/20230817_175305/20230817_175305_S1/plex-oxdwyv2woj.txt finished
2023-08-22 13:39:23,018 [1] INFO  - No user params file specified. Trying to use the one from the storage.
2023-08-22 13:39:23,018 [1] INFO  - Downloading params file using next path: 892d9dcc-e56d-475c-8dee-2c395064223d/2302H0033/c9d29823-a69c-4328-a6b9-53e2b78fa3e3/Run_76ed1d6b-57d6-4076-9a09-09a6f1ded693_20230817_2302h0033_ControlCenter/20230817_175305/20230817_175305_S1/analysis_params_v6.txt
2023-08-22 13:39:23,018 [1] INFO  - Downloading 892d9dcc-e56d-475c-8dee-2c395064223d/2302H0033/c9d29823-a69c-4328-a6b9-53e2b78fa3e3/Run_76ed1d6b-57d6-4076-9a09-09a6f1ded693_20230817_2302h0033_ControlCenter/20230817_175305/20230817_175305_S1/analysis_params_v6.txt
2023-08-22 13:39:23,054 [1] ERROR -    at Amazon.Runtime.Internal.HttpErrorResponseExceptionHandler.HandleExceptionStream(IRequestContext requestContext, IWebResponseData httpErrorResponse, HttpErrorResponseException exception, Stream responseStream)
   at Amazon.Runtime.Internal.HttpErrorResponseExceptionHandler.HandleExceptionAsync(IExecutionContext executionContext, HttpErrorResponseException exception)
   at Amazon.Runtime.Internal.ExceptionHandler`1.HandleAsync(IExecutionContext executionContext, Exception exception)
   at Amazon.Runtime.Internal.ErrorHandler.ProcessExceptionAsync(IExecutionContext executionContext, Exception exception)
   at Amazon.Runtime.Internal.ErrorHandler.InvokeAsync[T](IExecutionContext executionContext)
   at Amazon.Runtime.Internal.CallbackHandler.InvokeAsync[T](IExecutionContext executionContext)
   at Amazon.Runtime.Internal.EndpointDiscoveryHandler.InvokeAsync[T](IExecutionContext executionContext)
   at Amazon.Runtime.Internal.EndpointDiscoveryHandler.InvokeAsync[T](IExecutionContext executionContext)
   at Amazon.Runtime.Internal.CredentialsRetriever.InvokeAsync[T](IExecutionContext executionContext)
   at Amazon.Runtime.Internal.RetryHandler.InvokeAsync[T](IExecutionContext executionContext)
   at Amazon.Runtime.Internal.RetryHandler.InvokeAsync[T](IExecutionContext executionContext)
   at Amazon.Runtime.Internal.CallbackHandler.InvokeAsync[T](IExecutionContext executionContext)
   at Amazon.Runtime.Internal.CallbackHandler.InvokeAsync[T](IExecutionContext executionContext)
   at Amazon.S3.Internal.AmazonS3ExceptionHandler.InvokeAsync[T](IExecutionContext executionContext)
   at Amazon.Runtime.Internal.ErrorCallbackHandler.InvokeAsync[T](IExecutionContext executionContext)
   at Amazon.Runtime.Internal.MetricsHandler.InvokeAsync[T](IExecutionContext executionContext)
   at Amazon.S3.Transfer.Internal.DownloadCommand.ExecuteAsync(CancellationToken cancellationToken)
   at Amazon.S3.Transfer.TransferUtility.Download(String filePath, String bucketName, String key)
   at Core.S3FileStorageService.DownloadFile(String remoteFilePath, String localFilePath) in /src/Core/S3FileStorageService.cs:line 67
   at MTMCWorker.Service.Impl.MtmcWorker.FetchParamsFile(String paramsFileRef, String flowCellPath) in /src/MTMCWorker/Service/Impl/MtmcWorker.cs:line 297
2023-08-22 13:39:23,054 [1] INFO  - Can't download params file next to nBCDir. Using the default one.
Amazon.S3.AmazonS3Exception: The specified key does not exist.
 ---> Amazon.Runtime.Internal.HttpErrorResponseException: Exception of type 'Amazon.Runtime.Internal.HttpErrorResponseException' was thrown.
   at Amazon.Runtime.HttpWebRequestMessage.GetResponseAsync(CancellationToken cancellationToken)
   at Amazon.Runtime.Internal.HttpHandler`1.InvokeAsync[T](IExecutionContext executionContext)
   at Amazon.Runtime.Internal.RedirectHandler.InvokeAsync[T](IExecutionContext executionContext)
   at Amazon.Runtime.Internal.Unmarshaller.InvokeAsync[T](IExecutionContext executionContext)
   at Amazon.S3.Internal.AmazonS3ResponseHandler.InvokeAsync[T](IExecutionContext executionContext)
   at Amazon.Runtime.Internal.ErrorHandler.InvokeAsync[T](IExecutionContext executionContext)
   --- End of inner exception stack trace ---
   at Amazon.Runtime.Internal.HttpErrorResponseExceptionHandler.HandleExceptionStream(IRequestContext requestContext, IWebResponseData httpErrorResponse, HttpErrorResponseException exception, Stream responseStream)
   at Amazon.Runtime.Internal.HttpErrorResponseExceptionHandler.HandleExceptionAsync(IExecutionContext executionContext, HttpErrorResponseException exception)
   at Amazon.Runtime.Internal.ExceptionHandler`1.HandleAsync(IExecutionContext executionContext, Exception exception)
   at Amazon.Runtime.Internal.ErrorHandler.ProcessExceptionAsync(IExecutionContext executionContext, Exception exception)
   at Amazon.Runtime.Internal.ErrorHandler.InvokeAsync[T](IExecutionContext executionContext)
   at Amazon.Runtime.Internal.CallbackHandler.InvokeAsync[T](IExecutionContext executionContext)
   at Amazon.Runtime.Internal.EndpointDiscoveryHandler.InvokeAsync[T](IExecutionContext executionContext)
   at Amazon.Runtime.Internal.EndpointDiscoveryHandler.InvokeAsync[T](IExecutionContext executionContext)
   at Amazon.Runtime.Internal.CredentialsRetriever.InvokeAsync[T](IExecutionContext executionContext)
   at Amazon.Runtime.Internal.RetryHandler.InvokeAsync[T](IExecutionContext executionContext)
   at Amazon.Runtime.Internal.RetryHandler.InvokeAsync[T](IExecutionContext executionContext)
   at Amazon.Runtime.Internal.CallbackHandler.InvokeAsync[T](IExecutionContext executionContext)
   at Amazon.Runtime.Internal.CallbackHandler.InvokeAsync[T](IExecutionContext executionContext)
   at Amazon.S3.Internal.AmazonS3ExceptionHandler.InvokeAsync[T](IExecutionContext executionContext)
   at Amazon.Runtime.Internal.ErrorCallbackHandler.InvokeAsync[T](IExecutionContext executionContext)
   at Amazon.Runtime.Internal.MetricsHandler.InvokeAsync[T](IExecutionContext executionContext)
   at Amazon.S3.Transfer.Internal.DownloadCommand.ExecuteAsync(CancellationToken cancellationToken)
   at Amazon.S3.Transfer.TransferUtility.Download(String filePath, String bucketName, String key)
   at Core.S3FileStorageService.DownloadFile(String remoteFilePath, String localFilePath) in /src/Core/S3FileStorageService.cs:line 67
   at MTMCWorker.Service.Impl.MtmcWorker.FetchParamsFile(String paramsFileRef, String flowCellPath) in /src/MTMCWorker/Service/Impl/MtmcWorker.cs:line 297
2023-08-22 13:39:23,058 [1] INFO  - Fetching CellStatsDir folder data...
2023-08-22 13:39:23,127 [1] INFO  - Downloading 892d9dcc-e56d-475c-8dee-2c395064223d/2302H0033/c9d29823-a69c-4328-a6b9-53e2b78fa3e3/Run_76ed1d6b-57d6-4076-9a09-09a6f1ded693_20230817_2302h0033_ControlCenter/20230817_175305/20230817_175305_S1/CellStatsDir/CellComposite/CellComposite_F012.jpg
2023-08-22 13:39:23,433 [1] INFO  - Download 892d9dcc-e56d-475c-8dee-2c395064223d/2302H0033/c9d29823-a69c-4328-a6b9-53e2b78fa3e3/Run_76ed1d6b-57d6-4076-9a09-09a6f1ded693_20230817_2302h0033_ControlCenter/20230817_175305/20230817_175305_S1/CellStatsDir/CellComposite/CellComposite_F012.jpg finished
2023-08-22 13:39:23,433 [1] INFO  - Downloading 892d9dcc-e56d-475c-8dee-2c395064223d/2302H0033/c9d29823-a69c-4328-a6b9-53e2b78fa3e3/Run_76ed1d6b-57d6-4076-9a09-09a6f1ded693_20230817_2302h0033_ControlCenter/20230817_175305/20230817_175305_S1/CellStatsDir/CellOverlay/CellOverlay_F012.jpg
2023-08-22 13:39:23,734 [1] INFO  - Download 892d9dcc-e56d-475c-8dee-2c395064223d/2302H0033/c9d29823-a69c-4328-a6b9-53e2b78fa3e3/Run_76ed1d6b-57d6-4076-9a09-09a6f1ded693_20230817_2302h0033_ControlCenter/20230817_175305/20230817_175305_S1/CellStatsDir/CellOverlay/CellOverlay_F012.jpg finished
2023-08-22 13:39:23,735 [1] INFO  - Downloading 892d9dcc-e56d-475c-8dee-2c395064223d/2302H0033/c9d29823-a69c-4328-a6b9-53e2b78fa3e3/Run_76ed1d6b-57d6-4076-9a09-09a6f1ded693_20230817_2302h0033_ControlCenter/20230817_175305/20230817_175305_S1/CellStatsDir/FOV012/CellLabels_F012.tif
2023-08-22 13:39:23,922 [1] INFO  - Download 892d9dcc-e56d-475c-8dee-2c395064223d/2302H0033/c9d29823-a69c-4328-a6b9-53e2b78fa3e3/Run_76ed1d6b-57d6-4076-9a09-09a6f1ded693_20230817_2302h0033_ControlCenter/20230817_175305/20230817_175305_S1/CellStatsDir/FOV012/CellLabels_F012.tif finished
2023-08-22 13:39:23,922 [1] INFO  - Downloading 892d9dcc-e56d-475c-8dee-2c395064223d/2302H0033/c9d29823-a69c-4328-a6b9-53e2b78fa3e3/Run_76ed1d6b-57d6-4076-9a09-09a6f1ded693_20230817_2302h0033_ControlCenter/20230817_175305/20230817_175305_S1/CellStatsDir/FOV012/CompartmentLabels_F012.tif
2023-08-22 13:39:24,125 [1] INFO  - Download 892d9dcc-e56d-475c-8dee-2c395064223d/2302H0033/c9d29823-a69c-4328-a6b9-53e2b78fa3e3/Run_76ed1d6b-57d6-4076-9a09-09a6f1ded693_20230817_2302h0033_ControlCenter/20230817_175305/20230817_175305_S1/CellStatsDir/FOV012/CompartmentLabels_F012.tif finished
2023-08-22 13:39:24,125 [1] INFO  - Downloading 892d9dcc-e56d-475c-8dee-2c395064223d/2302H0033/c9d29823-a69c-4328-a6b9-53e2b78fa3e3/Run_76ed1d6b-57d6-4076-9a09-09a6f1ded693_20230817_2302h0033_ControlCenter/20230817_175305/20230817_175305_S1/CellStatsDir/FOV012/Run_76ed1d6b-57d6-4076-9a09-09a6f1ded693_20230817_175305_S1_Cell_Stats_F012.csv
2023-08-22 13:39:24,314 [1] INFO  - Download 892d9dcc-e56d-475c-8dee-2c395064223d/2302H0033/c9d29823-a69c-4328-a6b9-53e2b78fa3e3/Run_76ed1d6b-57d6-4076-9a09-09a6f1ded693_20230817_2302h0033_ControlCenter/20230817_175305/20230817_175305_S1/CellStatsDir/FOV012/Run_76ed1d6b-57d6-4076-9a09-09a6f1ded693_20230817_175305_S1_Cell_Stats_F012.csv finished
2023-08-22 13:39:24,314 [1] INFO  - Downloading 892d9dcc-e56d-475c-8dee-2c395064223d/2302H0033/c9d29823-a69c-4328-a6b9-53e2b78fa3e3/Run_76ed1d6b-57d6-4076-9a09-09a6f1ded693_20230817_2302h0033_ControlCenter/20230817_175305/20230817_175305_S1/CellStatsDir/Morphology2D/20230817_175305_S1_C902_P99_N99_F012.TIF
2023-08-22 13:39:25,655 [1] INFO  - Download 892d9dcc-e56d-475c-8dee-2c395064223d/2302H0033/c9d29823-a69c-4328-a6b9-53e2b78fa3e3/Run_76ed1d6b-57d6-4076-9a09-09a6f1ded693_20230817_2302h0033_ControlCenter/20230817_175305/20230817_175305_S1/CellStatsDir/Morphology2D/20230817_175305_S1_C902_P99_N99_F012.TIF finished
2023-08-22 13:39:25,655 [1] INFO  - Downloading 892d9dcc-e56d-475c-8dee-2c395064223d/2302H0033/c9d29823-a69c-4328-a6b9-53e2b78fa3e3/Run_76ed1d6b-57d6-4076-9a09-09a6f1ded693_20230817_2302h0033_ControlCenter/20230817_175305/20230817_175305_S1/CellStatsDir/RnD/Run_76ed1d6b-57d6-4076-9a09-09a6f1ded693_20230817_175305_S1_Summary_F012.csv
2023-08-22 13:39:25,845 [1] INFO  - Download 892d9dcc-e56d-475c-8dee-2c395064223d/2302H0033/c9d29823-a69c-4328-a6b9-53e2b78fa3e3/Run_76ed1d6b-57d6-4076-9a09-09a6f1ded693_20230817_2302h0033_ControlCenter/20230817_175305/20230817_175305_S1/CellStatsDir/RnD/Run_76ed1d6b-57d6-4076-9a09-09a6f1ded693_20230817_175305_S1_Summary_F012.csv finished
2023-08-22 13:39:25,845 [1] INFO  - CellStatsDir data download complete.
2023-08-22 13:39:25,845 [1] INFO  - FOV downloaded successfully.
2023-08-22 13:39:25,845 [1] INFO  - Preparing dirs structure for mtmc
2023-08-22 13:39:25,846 [1] INFO  - Preparing mtmc input. FOV dir: FOV012
2023-08-22 13:39:25,849 [1] INFO  - Running mtmc...
2023-08-22 13:39:25,855 [15] INFO  - directory: "/app/input_data/"
2023-08-22 13:39:26,092 [18] INFO  - directory: "/app/out/FOV012/"
2023-08-22 13:41:17,959 [18] INFO  - 2023-08-22 13:39:26,F012,Z,0,iter,0,feat,0,0, Reading and combining input data, 0.030644, sec
2023-08-22 13:41:17,959 [18] INFO  - 2023-08-22 13:39:28,F012,Z,0,iter,0,feat,1526913,1526913, Spot file data loading and filtration , 2.87859, sec
2023-08-22 13:41:17,959 [18] INFO  - 2023-08-22 13:39:29,F012,Z,0,iter,0,feat,1526913,1526913, Seed neighbor determination, 1.59954, sec
2023-08-22 13:41:17,959 [18] INFO  - 2023-08-22 13:39:30,F012,Z,0,iter,0,feat,1526913,1526913, Quality Score Generation, 1.81787, sec
2023-08-22 13:41:17,959 [18] INFO  - 2023-08-22 13:39:32,F012,Z,0,iter,0,feat,1526913,1526913, Spots per feature calculation and feature filtration, 1.9465, sec
2023-08-22 13:41:17,959 [18] INFO  - 2023-08-22 13:39:32,F012,Z,0,iter,0,feat,1526913,1526913, Making Complete Code Target Calls, 0.451401, sec
2023-08-22 13:41:17,959 [18] INFO  - 2023-08-22 13:39:32,F012,Z,0,iter,0,feat,1526913,1526913, Target Call Location Estimation and iteration end update, 0.152229, sec
2023-08-22 13:41:17,959 [18] INFO  - 2023-08-22 13:39:32,F012,Z,0,iter,0,feat,1526913,1526913, Iteration summary generation, 0.000892, sec
2023-08-22 13:41:17,959 [18] INFO  - 2023-08-22 13:39:32,F012,Z,0,iter,0,feat,1526913,1526913, Iteration duration, 5.27777, sec
2023-08-22 13:41:17,959 [18] INFO  - 2023-08-22 13:39:33,F012,Z,0,iter,1,feat,1526913,1526913, Seed neighbor determination, 1.59796, sec
2023-08-22 13:41:17,959 [18] INFO  - 2023-08-22 13:39:35,F012,Z,0,iter,1,feat,1526913,1526913, Quality Score Generation, 4.16025, sec
2023-08-22 13:41:17,959 [18] INFO  - 2023-08-22 13:39:36,F012,Z,0,iter,1,feat,1526913,1526913, Spots per feature calculation and feature filtration, 1.6871, sec
2023-08-22 13:41:17,959 [18] INFO  - 2023-08-22 13:39:37,F012,Z,0,iter,1,feat,1526913,1526913, Making Complete Code Target Calls, 0.715711, sec
2023-08-22 13:41:17,959 [18] INFO  - 2023-08-22 13:39:37,F012,Z,0,iter,1,feat,1526913,1526913, Target Call Location Estimation and iteration end update, 0.122566, sec
2023-08-22 13:41:17,959 [18] INFO  - 2023-08-22 13:39:37,F012,Z,0,iter,1,feat,1526913,1526913, Iteration summary generation, 0.01767, sec
2023-08-22 13:41:17,959 [18] INFO  - 2023-08-22 13:39:37,F012,Z,0,iter,1,feat,1526913,1526913, Iteration duration, 7.66721, sec
2023-08-22 13:41:17,959 [18] INFO  - 2023-08-22 13:39:37,F012,Z,0,iter,1,feat,1526913,1526913, Z slice processing duration, 15.8267, sec
2023-08-22 13:41:17,959 [18] INFO  - 2023-08-22 13:39:52,F012,Z,1,iter,0,feat,4922071,6448984, Spot file data loading and filtration , 14.1245, sec
2023-08-22 13:41:17,959 [18] INFO  - 2023-08-22 13:39:55,F012,Z,1,iter,0,feat,4922071,6448984, Seed neighbor determination, 5.6749, sec
2023-08-22 13:41:17,959 [27] INFO  - 2023-08-22 13:39:58,F012,Z,1,iter,0,feat,4922071,6448984, Quality Score Generation, 10.2808, sec
2023-08-22 13:41:17,959 [27] INFO  - 2023-08-22 13:40:03,F012,Z,1,iter,0,feat,4922071,6448984, Spots per feature calculation and feature filtration, 5.28236, sec
2023-08-22 13:41:17,959 [27] INFO  - 2023-08-22 13:40:12,F012,Z,1,iter,0,feat,4922071,6448984, Making Complete Code Target Calls, 8.60109, sec
2023-08-22 13:41:17,959 [27] INFO  - 2023-08-22 13:40:15,F012,Z,1,iter,0,feat,4922071,6448984, Target Call Location Estimation and iteration end update, 2.71309, sec
2023-08-22 13:41:17,959 [27] INFO  - 2023-08-22 13:40:15,F012,Z,1,iter,0,feat,4922071,6448984, Iteration summary generation, 0.016301, sec
2023-08-22 13:41:17,959 [27] INFO  - 2023-08-22 13:40:15,F012,Z,1,iter,0,feat,4922071,6448984, Iteration duration, 30.1379, sec
2023-08-22 13:41:17,959 [27] INFO  - 2023-08-22 13:40:17,F012,Z,1,iter,1,feat,4922071,6448984, Seed neighbor determination, 5.6952, sec
2023-08-22 13:41:17,959 [27] INFO  - 2023-08-22 13:40:20,F012,Z,1,iter,1,feat,4922071,6448984, Quality Score Generation, 11.2585, sec
2023-08-22 13:41:17,959 [27] INFO  - 2023-08-22 13:40:25,F012,Z,1,iter,1,feat,4922071,6448984, Spots per feature calculation and feature filtration, 4.61597, sec
2023-08-22 13:41:17,959 [27] INFO  - 2023-08-22 13:40:36,F012,Z,1,iter,1,feat,4922071,6448984, Making Complete Code Target Calls, 11.0981, sec
2023-08-22 13:41:17,959 [27] INFO  - 2023-08-22 13:40:40,F012,Z,1,iter,1,feat,4922071,6448984, Target Call Location Estimation and iteration end update, 3.51677, sec
2023-08-22 13:41:17,959 [27] INFO  - 2023-08-22 13:40:40,F012,Z,1,iter,1,feat,4922071,6448984, Iteration summary generation, 0.29972, sec
2023-08-22 13:41:17,959 [27] INFO  - 2023-08-22 13:40:40,F012,Z,1,iter,1,feat,4922071,6448984, Iteration duration, 33.96, sec
2023-08-22 13:41:17,959 [27] INFO  - 2023-08-22 13:40:40,F012,Z,1,iter,1,feat,4922071,6448984, Z slice processing duration, 79.0416, sec
2023-08-22 13:41:17,959 [27] INFO  - 2023-08-22 13:40:54,F012,Z,2,iter,0,feat,4612262,11061246, Spot file data loading and filtration , 10.814, sec
2023-08-22 13:41:17,959 [27] INFO  - 2023-08-22 13:40:56,F012,Z,2,iter,0,feat,4612262,11061246, Seed neighbor determination, 4.24477, sec
2023-08-22 13:41:17,959 [27] INFO  - 2023-08-22 13:40:58,F012,Z,2,iter,0,feat,4612262,11061246, Quality Score Generation, 7.16419, sec
2023-08-22 13:41:17,959 [27] INFO  - 2023-08-22 13:41:05,F012,Z,2,iter,0,feat,4612262,11061246, Spots per feature calculation and feature filtration, 6.75418, sec
2023-08-22 13:41:17,959 [27] INFO  - 2023-08-22 13:41:14,F012,Z,2,iter,0,feat,4612262,11061246, Making Complete Code Target Calls, 9.05721, sec
2023-08-22 13:42:58,551 [27] INFO  - 2023-08-22 13:41:17,F012,Z,2,iter,0,feat,4612262,11061246, Target Call Location Estimation and iteration end update, 3.48841, sec
2023-08-22 13:42:58,551 [27] INFO  - 2023-08-22 13:41:17,F012,Z,2,iter,0,feat,4612262,11061246, Iteration summary generation, 0.028457, sec
2023-08-22 13:42:58,551 [27] INFO  - 2023-08-22 13:41:17,F012,Z,2,iter,0,feat,4612262,11061246, Iteration duration, 28.9085, sec
2023-08-22 13:42:58,551 [27] INFO  - 2023-08-22 13:41:20,F012,Z,2,iter,1,feat,4612262,11061246, Seed neighbor determination, 4.25199, sec
2023-08-22 13:42:58,551 [27] INFO  - 2023-08-22 13:41:22,F012,Z,2,iter,1,feat,4612262,11061246, Quality Score Generation, 8.71845, sec
2023-08-22 13:42:58,551 [27] INFO  - 2023-08-22 13:41:26,F012,Z,2,iter,1,feat,4612262,11061246, Spots per feature calculation and feature filtration, 4.06832, sec
2023-08-22 13:42:58,551 [27] INFO  - 2023-08-22 13:41:37,F012,Z,2,iter,1,feat,4612262,11061246, Making Complete Code Target Calls, 10.6, sec
2023-08-22 13:42:58,551 [27] INFO  - 2023-08-22 13:41:38,F012,Z,2,iter,1,feat,4612262,11061246, Target Call Location Estimation and iteration end update, 1.10925, sec
2023-08-22 13:42:58,551 [27] INFO  - 2023-08-22 13:41:38,F012,Z,2,iter,1,feat,4612262,11061246, Iteration summary generation, 0.411795, sec
2023-08-22 13:42:58,551 [27] INFO  - 2023-08-22 13:41:38,F012,Z,2,iter,1,feat,4612262,11061246, Iteration duration, 27.4727, sec
2023-08-22 13:42:58,551 [27] INFO  - 2023-08-22 13:41:38,F012,Z,2,iter,1,feat,4612262,11061246, Z slice processing duration, 70.0757, sec
2023-08-22 13:42:58,551 [27] INFO  - 2023-08-22 13:41:53,F012,Z,3,iter,0,feat,3657668,14718914, Spot file data loading and filtration , 12.1487, sec
2023-08-22 13:42:58,551 [27] INFO  - 2023-08-22 13:41:54,F012,Z,3,iter,0,feat,3657668,14718914, Seed neighbor determination, 3.39029, sec
2023-08-22 13:42:58,551 [27] INFO  - 2023-08-22 13:41:56,F012,Z,3,iter,0,feat,3657668,14718914, Quality Score Generation, 5.90955, sec
2023-08-22 13:42:58,551 [27] INFO  - 2023-08-22 13:42:00,F012,Z,3,iter,0,feat,3657668,14718914, Spots per feature calculation and feature filtration, 4.19092, sec
2023-08-22 13:42:58,551 [27] INFO  - 2023-08-22 13:42:05,F012,Z,3,iter,0,feat,3657668,14718914, Making Complete Code Target Calls, 5.03925, sec
2023-08-22 13:42:58,551 [27] INFO  - 2023-08-22 13:42:07,F012,Z,3,iter,0,feat,3657668,14718914, Target Call Location Estimation and iteration end update, 1.30004, sec
2023-08-22 13:42:58,551 [27] INFO  - 2023-08-22 13:42:07,F012,Z,3,iter,0,feat,3657668,14718914, Iteration summary generation, 0.013786, sec
2023-08-22 13:42:58,551 [27] INFO  - 2023-08-22 13:42:07,F012,Z,3,iter,0,feat,3657668,14718914, Iteration duration, 18.3801, sec
2023-08-22 13:42:58,551 [18] INFO  - 2023-08-22 13:42:09,F012,Z,3,iter,1,feat,3657668,14718914, Seed neighbor determination, 3.5926, sec
2023-08-22 13:42:58,551 [18] INFO  - 2023-08-22 13:42:11,F012,Z,3,iter,1,feat,3657668,14718914, Quality Score Generation, 9.02447, sec
2023-08-22 13:42:58,551 [18] INFO  - 2023-08-22 13:42:14,F012,Z,3,iter,1,feat,3657668,14718914, Spots per feature calculation and feature filtration, 3.17962, sec
2023-08-22 13:42:58,551 [18] INFO  - 2023-08-22 13:42:22,F012,Z,3,iter,1,feat,3657668,14718914, Making Complete Code Target Calls, 7.39489, sec
2023-08-22 13:42:58,551 [18] INFO  - 2023-08-22 13:42:23,F012,Z,3,iter,1,feat,3657668,14718914, Target Call Location Estimation and iteration end update, 1.44232, sec
2023-08-22 13:42:58,551 [18] INFO  - 2023-08-22 13:42:23,F012,Z,3,iter,1,feat,3657668,14718914, Iteration summary generation, 0.26058, sec
2023-08-22 13:42:58,551 [18] INFO  - 2023-08-22 13:42:23,F012,Z,3,iter,1,feat,3657668,14718914, Iteration duration, 23.337, sec
2023-08-22 13:42:58,551 [18] INFO  - 2023-08-22 13:42:23,F012,Z,3,iter,1,feat,3657668,14718914, Z slice processing duration, 56.0045, sec
2023-08-22 13:42:58,551 [18] INFO  - 2023-08-22 13:42:32,F012,Z,4,iter,0,feat,2966360,17685274, Spot file data loading and filtration , 6.53105, sec
2023-08-22 13:42:58,551 [18] INFO  - 2023-08-22 13:42:33,F012,Z,4,iter,0,feat,2966360,17685274, Seed neighbor determination, 3.17037, sec
2023-08-22 13:42:58,551 [18] INFO  - 2023-08-22 13:42:35,F012,Z,4,iter,0,feat,2966360,17685274, Quality Score Generation, 6.03539, sec
2023-08-22 13:42:58,551 [18] INFO  - 2023-08-22 13:42:41,F012,Z,4,iter,0,feat,2966360,17685274, Spots per feature calculation and feature filtration, 5.58811, sec
2023-08-22 13:42:58,552 [18] INFO  - 2023-08-22 13:42:45,F012,Z,4,iter,0,feat,2966360,17685274, Making Complete Code Target Calls, 4.77666, sec
2023-08-22 13:42:58,552 [18] INFO  - 2023-08-22 13:42:46,F012,Z,4,iter,0,feat,2966360,17685274, Target Call Location Estimation and iteration end update, 0.987891, sec
2023-08-22 13:42:58,552 [18] INFO  - 2023-08-22 13:42:46,F012,Z,4,iter,0,feat,2966360,17685274, Iteration summary generation, 0.012551, sec
2023-08-22 13:42:58,552 [18] INFO  - 2023-08-22 13:42:46,F012,Z,4,iter,0,feat,2966360,17685274, Iteration duration, 19.2222, sec
2023-08-22 13:42:58,552 [18] INFO  - 2023-08-22 13:42:48,F012,Z,4,iter,1,feat,2966360,17685274, Seed neighbor determination, 2.73872, sec
2023-08-22 13:42:58,552 [18] INFO  - 2023-08-22 13:42:49,F012,Z,4,iter,1,feat,2966360,17685274, Quality Score Generation, 5.77252, sec
2023-08-22 13:42:58,552 [18] INFO  - 2023-08-22 13:42:52,F012,Z,4,iter,1,feat,2966360,17685274, Spots per feature calculation and feature filtration, 2.70667, sec
2023-08-22 13:43:49,088 [18] INFO  - 2023-08-22 13:42:58,F012,Z,4,iter,1,feat,2966360,17685274, Making Complete Code Target Calls, 5.85085, sec
2023-08-22 13:43:49,089 [18] INFO  - 2023-08-22 13:42:59,F012,Z,4,iter,1,feat,2966360,17685274, Target Call Location Estimation and iteration end update, 0.538891, sec
2023-08-22 13:43:49,089 [18] INFO  - 2023-08-22 13:42:59,F012,Z,4,iter,1,feat,2966360,17685274, Iteration summary generation, 0.196143, sec
2023-08-22 13:43:49,089 [18] INFO  - 2023-08-22 13:42:59,F012,Z,4,iter,1,feat,2966360,17685274, Iteration duration, 16.6072, sec
2023-08-22 13:43:49,089 [18] INFO  - 2023-08-22 13:42:59,F012,Z,4,iter,1,feat,2966360,17685274, Z slice processing duration, 44.1701, sec
2023-08-22 13:43:49,089 [18] INFO  - 2023-08-22 13:43:06,F012,Z,5,iter,0,feat,2407318,20092592, Spot file data loading and filtration , 5.46978, sec
2023-08-22 13:43:49,089 [18] INFO  - 2023-08-22 13:43:07,F012,Z,5,iter,0,feat,2407318,20092592, Seed neighbor determination, 2.18722, sec
2023-08-22 13:43:49,089 [18] INFO  - 2023-08-22 13:43:08,F012,Z,5,iter,0,feat,2407318,20092592, Quality Score Generation, 3.63679, sec
2023-08-22 13:43:49,089 [18] INFO  - 2023-08-22 13:43:10,F012,Z,5,iter,0,feat,2407318,20092592, Spots per feature calculation and feature filtration, 2.44814, sec
2023-08-22 13:43:49,089 [31] INFO  - 2023-08-22 13:43:13,F012,Z,5,iter,0,feat,2407318,20092592, Making Complete Code Target Calls, 2.73984, sec
2023-08-22 13:43:49,089 [31] INFO  - 2023-08-22 13:43:14,F012,Z,5,iter,0,feat,2407318,20092592, Target Call Location Estimation and iteration end update, 0.741685, sec
2023-08-22 13:43:49,089 [31] INFO  - 2023-08-22 13:43:14,F012,Z,5,iter,0,feat,2407318,20092592, Iteration summary generation, 0.008025, sec
2023-08-22 13:43:49,089 [31] INFO  - 2023-08-22 13:43:14,F012,Z,5,iter,0,feat,2407318,20092592, Iteration duration, 10.8303, sec
2023-08-22 13:43:49,089 [31] INFO  - 2023-08-22 13:43:15,F012,Z,5,iter,1,feat,2407318,20092592, Seed neighbor determination, 2.16922, sec
2023-08-22 13:43:49,089 [31] INFO  - 2023-08-22 13:43:16,F012,Z,5,iter,1,feat,2407318,20092592, Quality Score Generation, 4.7636, sec
2023-08-22 13:43:49,089 [31] INFO  - 2023-08-22 13:43:18,F012,Z,5,iter,1,feat,2407318,20092592, Spots per feature calculation and feature filtration, 2.03411, sec
2023-08-22 13:43:49,089 [31] INFO  - 2023-08-22 13:43:22,F012,Z,5,iter,1,feat,2407318,20092592, Making Complete Code Target Calls, 3.57569, sec
2023-08-22 13:43:49,089 [31] INFO  - 2023-08-22 13:43:22,F012,Z,5,iter,1,feat,2407318,20092592, Target Call Location Estimation and iteration end update, 0.402054, sec
2023-08-22 13:43:49,089 [31] INFO  - 2023-08-22 13:43:22,F012,Z,5,iter,1,feat,2407318,20092592, Iteration summary generation, 0.149934, sec
2023-08-22 13:43:49,089 [31] INFO  - 2023-08-22 13:43:22,F012,Z,5,iter,1,feat,2407318,20092592, Iteration duration, 12.1668, sec
2023-08-22 13:43:49,089 [31] INFO  - 2023-08-22 13:43:22,F012,Z,5,iter,1,feat,2407318,20092592, Z slice processing duration, 29.8435, sec
2023-08-22 13:43:49,089 [31] INFO  - 2023-08-22 13:43:28,F012,Z,6,iter,0,feat,2018785,22111377, Spot file data loading and filtration , 4.73063, sec
2023-08-22 13:43:49,089 [31] INFO  - 2023-08-22 13:43:29,F012,Z,6,iter,0,feat,2018785,22111377, Seed neighbor determination, 1.82092, sec
2023-08-22 13:43:49,089 [31] INFO  - 2023-08-22 13:43:30,F012,Z,6,iter,0,feat,2018785,22111377, Quality Score Generation, 3.27319, sec
2023-08-22 13:43:49,089 [31] INFO  - 2023-08-22 13:43:32,F012,Z,6,iter,0,feat,2018785,22111377, Spots per feature calculation and feature filtration, 2.03999, sec
2023-08-22 13:43:49,089 [31] INFO  - 2023-08-22 13:43:34,F012,Z,6,iter,0,feat,2018785,22111377, Making Complete Code Target Calls, 2.17132, sec
2023-08-22 13:43:49,089 [31] INFO  - 2023-08-22 13:43:35,F012,Z,6,iter,0,feat,2018785,22111377, Target Call Location Estimation and iteration end update, 0.550163, sec
2023-08-22 13:43:49,089 [31] INFO  - 2023-08-22 13:43:35,F012,Z,6,iter,0,feat,2018785,22111377, Iteration summary generation, 0.005972, sec
2023-08-22 13:43:49,089 [31] INFO  - 2023-08-22 13:43:35,F012,Z,6,iter,0,feat,2018785,22111377, Iteration duration, 9.08398, sec
2023-08-22 13:43:49,089 [31] INFO  - 2023-08-22 13:43:36,F012,Z,6,iter,1,feat,2018785,22111377, Seed neighbor determination, 1.80855, sec
2023-08-22 13:43:49,089 [31] INFO  - 2023-08-22 13:43:37,F012,Z,6,iter,1,feat,2018785,22111377, Quality Score Generation, 3.61767, sec
2023-08-22 13:43:49,089 [31] INFO  - 2023-08-22 13:43:38,F012,Z,6,iter,1,feat,2018785,22111377, Spots per feature calculation and feature filtration, 1.62546, sec
2023-08-22 13:43:49,089 [31] INFO  - 2023-08-22 13:43:41,F012,Z,6,iter,1,feat,2018785,22111377, Making Complete Code Target Calls, 2.90088, sec
2023-08-22 13:43:49,089 [31] INFO  - 2023-08-22 13:43:42,F012,Z,6,iter,1,feat,2018785,22111377, Target Call Location Estimation and iteration end update, 0.318201, sec
2023-08-22 13:43:49,089 [31] INFO  - 2023-08-22 13:43:42,F012,Z,6,iter,1,feat,2018785,22111377, Iteration summary generation, 0.119922, sec
2023-08-22 13:43:49,089 [31] INFO  - 2023-08-22 13:43:42,F012,Z,6,iter,1,feat,2018785,22111377, Iteration duration, 9.61438, sec
2023-08-22 13:43:49,089 [31] INFO  - 2023-08-22 13:43:42,F012,Z,6,iter,1,feat,2018785,22111377, Z slice processing duration, 24.519, sec
2023-08-22 13:43:49,089 [31] INFO  - 2023-08-22 13:43:48,F012,Z,7,iter,0,feat,1827297,23938674, Spot file data loading and filtration , 5.04335, sec
2023-08-22 13:44:07,808 [31] INFO  - 2023-08-22 13:43:49,F012,Z,7,iter,0,feat,1827297,23938674, Seed neighbor determination, 1.63703, sec
2023-08-22 13:44:07,808 [31] INFO  - 2023-08-22 13:43:49,F012,Z,7,iter,0,feat,1827297,23938674, Quality Score Generation, 2.77417, sec
2023-08-22 13:44:07,808 [31] INFO  - 2023-08-22 13:43:51,F012,Z,7,iter,0,feat,1827297,23938674, Spots per feature calculation and feature filtration, 1.85402, sec
2023-08-22 13:44:07,808 [31] INFO  - 2023-08-22 13:43:53,F012,Z,7,iter,0,feat,1827297,23938674, Making Complete Code Target Calls, 1.90544, sec
2023-08-22 13:44:07,808 [31] INFO  - 2023-08-22 13:43:54,F012,Z,7,iter,0,feat,1827297,23938674, Target Call Location Estimation and iteration end update, 0.485041, sec
2023-08-22 13:44:07,808 [31] INFO  - 2023-08-22 13:43:54,F012,Z,7,iter,0,feat,1827297,23938674, Iteration summary generation, 0.005328, sec
2023-08-22 13:44:07,808 [31] INFO  - 2023-08-22 13:43:54,F012,Z,7,iter,0,feat,1827297,23938674, Iteration duration, 7.95904, sec
2023-08-22 13:44:07,808 [31] INFO  - 2023-08-22 13:43:54,F012,Z,7,iter,1,feat,1827297,23938674, Seed neighbor determination, 1.63392, sec
2023-08-22 13:44:07,808 [31] INFO  - 2023-08-22 13:43:55,F012,Z,7,iter,1,feat,1827297,23938674, Quality Score Generation, 3.12503, sec
2023-08-22 13:44:07,808 [35] INFO  - 2023-08-22 13:43:57,F012,Z,7,iter,1,feat,1827297,23938674, Spots per feature calculation and feature filtration, 1.45134, sec
2023-08-22 13:44:07,808 [35] INFO  - 2023-08-22 13:43:59,F012,Z,7,iter,1,feat,1827297,23938674, Making Complete Code Target Calls, 2.36947, sec
2023-08-22 13:44:07,808 [35] INFO  - 2023-08-22 13:43:59,F012,Z,7,iter,1,feat,1827297,23938674, Target Call Location Estimation and iteration end update, 0.30091, sec
2023-08-22 13:44:07,808 [35] INFO  - 2023-08-22 13:44:00,F012,Z,7,iter,1,feat,1827297,23938674, Iteration summary generation, 0.101163, sec
2023-08-22 13:44:07,808 [35] INFO  - 2023-08-22 13:44:00,F012,Z,7,iter,1,feat,1827297,23938674, Iteration duration, 8.27927, sec
2023-08-22 13:44:07,808 [35] INFO  - 2023-08-22 13:44:00,F012,Z,7,iter,1,feat,1827297,23938674, Z slice processing duration, 22.1898, sec
2023-08-22 13:44:07,808 [35] INFO  - 2023-08-22 13:44:01,F012,Z,8,iter,0,feat,927484,24866158, Spot file data loading and filtration , 0.722307, sec
2023-08-22 13:44:07,808 [35] INFO  - 2023-08-22 13:44:02,F012,Z,8,iter,0,feat,927484,24866158, Seed neighbor determination, 0.820118, sec
2023-08-22 13:44:07,808 [35] INFO  - 2023-08-22 13:44:02,F012,Z,8,iter,0,feat,927484,24866158, Quality Score Generation, 1.35413, sec
2023-08-22 13:44:07,808 [35] INFO  - 2023-08-22 13:44:03,F012,Z,8,iter,0,feat,927484,24866158, Spots per feature calculation and feature filtration, 0.979342, sec
2023-08-22 13:44:07,808 [35] INFO  - 2023-08-22 13:44:04,F012,Z,8,iter,0,feat,927484,24866158, Making Complete Code Target Calls, 0.678469, sec
2023-08-22 13:44:07,808 [35] INFO  - 2023-08-22 13:44:04,F012,Z,8,iter,0,feat,927484,24866158, Target Call Location Estimation and iteration end update, 0.223817, sec
2023-08-22 13:44:07,808 [35] INFO  - 2023-08-22 13:44:04,F012,Z,8,iter,0,feat,927484,24866158, Iteration summary generation, 0.002758, sec
2023-08-22 13:44:07,808 [35] INFO  - 2023-08-22 13:44:04,F012,Z,8,iter,0,feat,927484,24866158, Iteration duration, 3.71356, sec
2023-08-22 13:44:07,808 [35] INFO  - 2023-08-22 13:44:04,F012,Z,8,iter,1,feat,927484,24866158, Seed neighbor determination, 0.798532, sec
2023-08-22 13:44:07,808 [35] INFO  - 2023-08-22 13:44:05,F012,Z,8,iter,1,feat,927484,24866158, Quality Score Generation, 1.44131, sec
2023-08-22 13:44:07,808 [35] INFO  - 2023-08-22 13:44:05,F012,Z,8,iter,1,feat,927484,24866158, Spots per feature calculation and feature filtration, 0.811131, sec
2023-08-22 13:44:07,808 [35] INFO  - 2023-08-22 13:44:06,F012,Z,8,iter,1,feat,927484,24866158, Making Complete Code Target Calls, 0.755314, sec
2023-08-22 13:44:07,808 [35] INFO  - 2023-08-22 13:44:06,F012,Z,8,iter,1,feat,927484,24866158, Target Call Location Estimation and iteration end update, 0.102465, sec
2023-08-22 13:44:07,808 [35] INFO  - 2023-08-22 13:44:06,F012,Z,8,iter,1,feat,927484,24866158, Iteration summary generation, 0.066088, sec
2023-08-22 13:44:07,808 [35] INFO  - 2023-08-22 13:44:06,F012,Z,8,iter,1,feat,927484,24866158, Iteration duration, 3.64003, sec
2023-08-22 13:44:07,808 [35] INFO  - 2023-08-22 13:44:06,F012,Z,8,iter,1,feat,927484,24866158, Z slice processing duration, 8.89519, sec
2023-08-22 13:44:07,808 [35] INFO  - 2023-08-22 13:44:06,F012,Z,9,iter,0,feat,6746,24872904, Spot file data loading and filtration , -0.394377, sec
2023-08-22 13:44:07,808 [35] INFO  - 2023-08-22 13:44:06,F012,Z,9,iter,0,feat,6746,24872904, Seed neighbor determination, 0.003948, sec
2023-08-22 13:44:07,808 [35] INFO  - 2023-08-22 13:44:06,F012,Z,9,iter,0,feat,6746,24872904, Quality Score Generation, 0.005116, sec
2023-08-22 13:44:07,808 [35] INFO  - 2023-08-22 13:44:06,F012,Z,9,iter,1,feat,6746,24872904, Seed neighbor determination, 0.003979, sec
2023-08-22 13:44:07,808 [35] INFO  - 2023-08-22 13:44:06,F012,Z,9,iter,1,feat,6746,24872904, Quality Score Generation, 0.003858, sec
2023-08-22 13:44:07,808 [35] INFO  - 2023-08-22 13:44:06,F012,Z,9,iter,1,feat,6746,24872904, Z slice processing duration, 0.029686, sec
2023-08-22 13:44:07,808 [35] INFO  - 2023-08-22 13:44:07,F012,Z,9,iter,1,feat,6746,24872904, FOV processing duration (final) , 351.492, sec
2023-08-22 13:44:07,820 [35] INFO  - Exited
2023-08-22 13:44:07,820 [35] INFO  - System.EventArgs
2023-08-22 13:44:07,821 [35] INFO  - { }
2023-08-22 13:44:07,821 [1] INFO  - mtmc run complete
2023-08-22 13:44:07,821 [1] INFO  - Zipping and uploading results...
2023-08-22 13:44:07,822 [1] INFO  - Uploading mtm results to storage.
2023-08-22 13:44:07,822 [1] INFO  - Start uploading /app/out/FOV012 to 892d9dcc-e56d-475c-8dee-2c395064223d/2302H0033/c9d29823-a69c-4328-a6b9-53e2b78fa3e3/Run_76ed1d6b-57d6-4076-9a09-09a6f1ded693_20230817_2302h0033_ControlCenter/20230817_175305/20230817_175305_S1/AnalysisResults/oxdwyv2woj/FOV012
2023-08-22 13:44:07,822 [1] INFO  - Executing with retries set to: 10
2023-08-22 13:44:09,127 [1] INFO  - Upload /app/out/FOV012 finished
2023-08-22 13:44:09,127 [1] INFO  - Results uploaded.
2023-08-22 13:44:09,127 [1] INFO  - All done
2023-08-22 13:44:09,127 [1] INFO  - Executing with retries set to: 10
2023-08-22 13:44:09,127 [1] INFO  - Setting fov oxdwyv2woj-i1qmz into status Completed
2023-08-22 13:44:09,130 [1] INFO  - Saving a fov processing run: oxdwyv2woj-i1qmz
2023-08-22 13:44:09,130 [1] INFO  - Updating an existing fov run.
2023-08-22 13:44:09,131 [1] INFO  - Uploading logs
2023-08-22 13:44:09,133 [1] INFO  - Start uploading 892d9dcc-e56d-475c-8dee-2c395064223d/2302H0033/c9d29823-a69c-4328-a6b9-53e2b78fa3e3/Run_76ed1d6b-57d6-4076-9a09-09a6f1ded693_20230817_2302h0033_ControlCenter/20230817_175305/20230817_175305_S1/AnalysisResults/oxdwyv2woj/FOV012/mtm-run.log
