2023-08-22 13:37:43,729 [1] INFO  - Using bucket s3-euw1-eu2-datarepository-eu2-eu2-kcl-01 and region eu-west-1
2023-08-22 13:37:43,768 [1] INFO  - Using role to access S3
2023-08-22 13:37:43,979 [1] INFO  - ===============================
2023-08-22 13:37:43,979 [1] INFO  - build info: 
commit 1860d865ce7409a4b25d5549a62e2b7be0a93d33
Author: alexander-serebriyan <alexander.serebriyan@teamdev.com>
Date:   Fri Feb 10 15:42:48 2023 +0100

    Add UAT env for ECR pushing.

Build done on: Fri Feb 10 14:46:39 UTC 2023
Version: 20230210.1

2023-08-22 13:37:43,979 [1] INFO  - ===============================
2023-08-22 13:37:43,979 [1] INFO  - Starting the job. Results will be uploaded to: 892d9dcc-e56d-475c-8dee-2c395064223d/2302H0033/c9d29823-a69c-4328-a6b9-53e2b78fa3e3/Run_76ed1d6b-57d6-4076-9a09-09a6f1ded693_20230817_2302h0033_ControlCenter/20230817_175305/20230817_175305_S1/AnalysisResults/oxdwyv2woj/FOV055
2023-08-22 13:37:43,980 [1] INFO  - Checking FOV status. Ref: oxdwyv2woj-ggm3u, ID: 892d9dcc-e56d-475c-8dee-2c395064223d/2302H0033/c9d29823-a69c-4328-a6b9-53e2b78fa3e3/Run_76ed1d6b-57d6-4076-9a09-09a6f1ded693_20230817_2302h0033_ControlCenter/20230817_175305/20230817_175305_S1/SpotFiles/FOV055/
2023-08-22 13:37:44,133 [1] INFO  - Executing with retries set to: 10
2023-08-22 13:37:44,134 [1] INFO  - Setting fov oxdwyv2woj-ggm3u into status InProgress
2023-08-22 13:37:44,136 [1] INFO  - Saving a fov processing run: oxdwyv2woj-ggm3u
2023-08-22 13:37:44,136 [1] INFO  - Updating an existing fov run.
2023-08-22 13:37:44,171 [1] INFO  - Downloading FOV using next path: 892d9dcc-e56d-475c-8dee-2c395064223d/2302H0033/c9d29823-a69c-4328-a6b9-53e2b78fa3e3/Run_76ed1d6b-57d6-4076-9a09-09a6f1ded693_20230817_2302h0033_ControlCenter/20230817_175305/20230817_175305_S1/SpotFiles/FOV055/
2023-08-22 13:37:44,171 [1] INFO  - Start downloading 892d9dcc-e56d-475c-8dee-2c395064223d/2302H0033/c9d29823-a69c-4328-a6b9-53e2b78fa3e3/Run_76ed1d6b-57d6-4076-9a09-09a6f1ded693_20230817_2302h0033_ControlCenter/20230817_175305/20230817_175305_S1/SpotFiles/FOV055/
2023-08-22 13:37:44,171 [1] INFO  - Executing with retries set to: 10
2023-08-22 13:41:22,168 [1] INFO  - Download 892d9dcc-e56d-475c-8dee-2c395064223d/2302H0033/c9d29823-a69c-4328-a6b9-53e2b78fa3e3/Run_76ed1d6b-57d6-4076-9a09-09a6f1ded693_20230817_2302h0033_ControlCenter/20230817_175305/20230817_175305_S1/SpotFiles/FOV055/ complete
2023-08-22 13:41:22,168 [1] INFO  - Custom plex file specified. The default one will be overriden.
2023-08-22 13:41:22,168 [1] INFO  - Downloading plex file using next path: 892d9dcc-e56d-475c-8dee-2c395064223d/2302H0033/c9d29823-a69c-4328-a6b9-53e2b78fa3e3/Run_76ed1d6b-57d6-4076-9a09-09a6f1ded693_20230817_2302h0033_ControlCenter/20230817_175305/20230817_175305_S1/plex-oxdwyv2woj.txt
2023-08-22 13:41:22,168 [1] INFO  - Downloading 892d9dcc-e56d-475c-8dee-2c395064223d/2302H0033/c9d29823-a69c-4328-a6b9-53e2b78fa3e3/Run_76ed1d6b-57d6-4076-9a09-09a6f1ded693_20230817_2302h0033_ControlCenter/20230817_175305/20230817_175305_S1/plex-oxdwyv2woj.txt
2023-08-22 13:41:22,287 [1] INFO  - Download 892d9dcc-e56d-475c-8dee-2c395064223d/2302H0033/c9d29823-a69c-4328-a6b9-53e2b78fa3e3/Run_76ed1d6b-57d6-4076-9a09-09a6f1ded693_20230817_2302h0033_ControlCenter/20230817_175305/20230817_175305_S1/plex-oxdwyv2woj.txt finished
2023-08-22 13:41:22,287 [1] INFO  - No user params file specified. Trying to use the one from the storage.
2023-08-22 13:41:22,287 [1] INFO  - Downloading params file using next path: 892d9dcc-e56d-475c-8dee-2c395064223d/2302H0033/c9d29823-a69c-4328-a6b9-53e2b78fa3e3/Run_76ed1d6b-57d6-4076-9a09-09a6f1ded693_20230817_2302h0033_ControlCenter/20230817_175305/20230817_175305_S1/analysis_params_v6.txt
2023-08-22 13:41:22,287 [1] INFO  - Downloading 892d9dcc-e56d-475c-8dee-2c395064223d/2302H0033/c9d29823-a69c-4328-a6b9-53e2b78fa3e3/Run_76ed1d6b-57d6-4076-9a09-09a6f1ded693_20230817_2302h0033_ControlCenter/20230817_175305/20230817_175305_S1/analysis_params_v6.txt
2023-08-22 13:41:22,321 [1] ERROR -    at Amazon.Runtime.Internal.HttpErrorResponseExceptionHandler.HandleExceptionStream(IRequestContext requestContext, IWebResponseData httpErrorResponse, HttpErrorResponseException exception, Stream responseStream)
   at Amazon.Runtime.Internal.HttpErrorResponseExceptionHandler.HandleExceptionAsync(IExecutionContext executionContext, HttpErrorResponseException exception)
   at Amazon.Runtime.Internal.ExceptionHandler`1.HandleAsync(IExecutionContext executionContext, Exception exception)
   at Amazon.Runtime.Internal.ErrorHandler.ProcessExceptionAsync(IExecutionContext executionContext, Exception exception)
   at Amazon.Runtime.Internal.ErrorHandler.InvokeAsync[T](IExecutionContext executionContext)
   at Amazon.Runtime.Internal.CallbackHandler.InvokeAsync[T](IExecutionContext executionContext)
   at Amazon.Runtime.Internal.EndpointDiscoveryHandler.InvokeAsync[T](IExecutionContext executionContext)
   at Amazon.Runtime.Internal.EndpointDiscoveryHandler.InvokeAsync[T](IExecutionContext executionContext)
   at Amazon.Runtime.Internal.CredentialsRetriever.InvokeAsync[T](IExecutionContext executionContext)
   at Amazon.Runtime.Internal.RetryHandler.InvokeAsync[T](IExecutionContext executionContext)
   at Amazon.Runtime.Internal.RetryHandler.InvokeAsync[T](IExecutionContext executionContext)
   at Amazon.Runtime.Internal.CallbackHandler.InvokeAsync[T](IExecutionContext executionContext)
   at Amazon.Runtime.Internal.CallbackHandler.InvokeAsync[T](IExecutionContext executionContext)
   at Amazon.S3.Internal.AmazonS3ExceptionHandler.InvokeAsync[T](IExecutionContext executionContext)
   at Amazon.Runtime.Internal.ErrorCallbackHandler.InvokeAsync[T](IExecutionContext executionContext)
   at Amazon.Runtime.Internal.MetricsHandler.InvokeAsync[T](IExecutionContext executionContext)
   at Amazon.S3.Transfer.Internal.DownloadCommand.ExecuteAsync(CancellationToken cancellationToken)
   at Amazon.S3.Transfer.TransferUtility.Download(String filePath, String bucketName, String key)
   at Core.S3FileStorageService.DownloadFile(String remoteFilePath, String localFilePath) in /src/Core/S3FileStorageService.cs:line 67
   at MTMCWorker.Service.Impl.MtmcWorker.FetchParamsFile(String paramsFileRef, String flowCellPath) in /src/MTMCWorker/Service/Impl/MtmcWorker.cs:line 297
2023-08-22 13:41:22,321 [1] INFO  - Can't download params file next to nBCDir. Using the default one.
Amazon.S3.AmazonS3Exception: The specified key does not exist.
 ---> Amazon.Runtime.Internal.HttpErrorResponseException: Exception of type 'Amazon.Runtime.Internal.HttpErrorResponseException' was thrown.
   at Amazon.Runtime.HttpWebRequestMessage.GetResponseAsync(CancellationToken cancellationToken)
   at Amazon.Runtime.Internal.HttpHandler`1.InvokeAsync[T](IExecutionContext executionContext)
   at Amazon.Runtime.Internal.RedirectHandler.InvokeAsync[T](IExecutionContext executionContext)
   at Amazon.Runtime.Internal.Unmarshaller.InvokeAsync[T](IExecutionContext executionContext)
   at Amazon.S3.Internal.AmazonS3ResponseHandler.InvokeAsync[T](IExecutionContext executionContext)
   at Amazon.Runtime.Internal.ErrorHandler.InvokeAsync[T](IExecutionContext executionContext)
   --- End of inner exception stack trace ---
   at Amazon.Runtime.Internal.HttpErrorResponseExceptionHandler.HandleExceptionStream(IRequestContext requestContext, IWebResponseData httpErrorResponse, HttpErrorResponseException exception, Stream responseStream)
   at Amazon.Runtime.Internal.HttpErrorResponseExceptionHandler.HandleExceptionAsync(IExecutionContext executionContext, HttpErrorResponseException exception)
   at Amazon.Runtime.Internal.ExceptionHandler`1.HandleAsync(IExecutionContext executionContext, Exception exception)
   at Amazon.Runtime.Internal.ErrorHandler.ProcessExceptionAsync(IExecutionContext executionContext, Exception exception)
   at Amazon.Runtime.Internal.ErrorHandler.InvokeAsync[T](IExecutionContext executionContext)
   at Amazon.Runtime.Internal.CallbackHandler.InvokeAsync[T](IExecutionContext executionContext)
   at Amazon.Runtime.Internal.EndpointDiscoveryHandler.InvokeAsync[T](IExecutionContext executionContext)
   at Amazon.Runtime.Internal.EndpointDiscoveryHandler.InvokeAsync[T](IExecutionContext executionContext)
   at Amazon.Runtime.Internal.CredentialsRetriever.InvokeAsync[T](IExecutionContext executionContext)
   at Amazon.Runtime.Internal.RetryHandler.InvokeAsync[T](IExecutionContext executionContext)
   at Amazon.Runtime.Internal.RetryHandler.InvokeAsync[T](IExecutionContext executionContext)
   at Amazon.Runtime.Internal.CallbackHandler.InvokeAsync[T](IExecutionContext executionContext)
   at Amazon.Runtime.Internal.CallbackHandler.InvokeAsync[T](IExecutionContext executionContext)
   at Amazon.S3.Internal.AmazonS3ExceptionHandler.InvokeAsync[T](IExecutionContext executionContext)
   at Amazon.Runtime.Internal.ErrorCallbackHandler.InvokeAsync[T](IExecutionContext executionContext)
   at Amazon.Runtime.Internal.MetricsHandler.InvokeAsync[T](IExecutionContext executionContext)
   at Amazon.S3.Transfer.Internal.DownloadCommand.ExecuteAsync(CancellationToken cancellationToken)
   at Amazon.S3.Transfer.TransferUtility.Download(String filePath, String bucketName, String key)
   at Core.S3FileStorageService.DownloadFile(String remoteFilePath, String localFilePath) in /src/Core/S3FileStorageService.cs:line 67
   at MTMCWorker.Service.Impl.MtmcWorker.FetchParamsFile(String paramsFileRef, String flowCellPath) in /src/MTMCWorker/Service/Impl/MtmcWorker.cs:line 297
2023-08-22 13:41:22,325 [1] INFO  - Fetching CellStatsDir folder data...
2023-08-22 13:41:22,386 [1] INFO  - Downloading 892d9dcc-e56d-475c-8dee-2c395064223d/2302H0033/c9d29823-a69c-4328-a6b9-53e2b78fa3e3/Run_76ed1d6b-57d6-4076-9a09-09a6f1ded693_20230817_2302h0033_ControlCenter/20230817_175305/20230817_175305_S1/CellStatsDir/CellComposite/CellComposite_F055.jpg
2023-08-22 13:41:22,586 [1] INFO  - Download 892d9dcc-e56d-475c-8dee-2c395064223d/2302H0033/c9d29823-a69c-4328-a6b9-53e2b78fa3e3/Run_76ed1d6b-57d6-4076-9a09-09a6f1ded693_20230817_2302h0033_ControlCenter/20230817_175305/20230817_175305_S1/CellStatsDir/CellComposite/CellComposite_F055.jpg finished
2023-08-22 13:41:22,586 [1] INFO  - Downloading 892d9dcc-e56d-475c-8dee-2c395064223d/2302H0033/c9d29823-a69c-4328-a6b9-53e2b78fa3e3/Run_76ed1d6b-57d6-4076-9a09-09a6f1ded693_20230817_2302h0033_ControlCenter/20230817_175305/20230817_175305_S1/CellStatsDir/CellOverlay/CellOverlay_F055.jpg
2023-08-22 13:41:23,001 [1] INFO  - Download 892d9dcc-e56d-475c-8dee-2c395064223d/2302H0033/c9d29823-a69c-4328-a6b9-53e2b78fa3e3/Run_76ed1d6b-57d6-4076-9a09-09a6f1ded693_20230817_2302h0033_ControlCenter/20230817_175305/20230817_175305_S1/CellStatsDir/CellOverlay/CellOverlay_F055.jpg finished
2023-08-22 13:41:23,002 [1] INFO  - Downloading 892d9dcc-e56d-475c-8dee-2c395064223d/2302H0033/c9d29823-a69c-4328-a6b9-53e2b78fa3e3/Run_76ed1d6b-57d6-4076-9a09-09a6f1ded693_20230817_2302h0033_ControlCenter/20230817_175305/20230817_175305_S1/CellStatsDir/FOV055/CellLabels_F055.tif
2023-08-22 13:41:23,208 [1] INFO  - Download 892d9dcc-e56d-475c-8dee-2c395064223d/2302H0033/c9d29823-a69c-4328-a6b9-53e2b78fa3e3/Run_76ed1d6b-57d6-4076-9a09-09a6f1ded693_20230817_2302h0033_ControlCenter/20230817_175305/20230817_175305_S1/CellStatsDir/FOV055/CellLabels_F055.tif finished
2023-08-22 13:41:23,208 [1] INFO  - Downloading 892d9dcc-e56d-475c-8dee-2c395064223d/2302H0033/c9d29823-a69c-4328-a6b9-53e2b78fa3e3/Run_76ed1d6b-57d6-4076-9a09-09a6f1ded693_20230817_2302h0033_ControlCenter/20230817_175305/20230817_175305_S1/CellStatsDir/FOV055/CompartmentLabels_F055.tif
2023-08-22 13:41:23,380 [1] INFO  - Download 892d9dcc-e56d-475c-8dee-2c395064223d/2302H0033/c9d29823-a69c-4328-a6b9-53e2b78fa3e3/Run_76ed1d6b-57d6-4076-9a09-09a6f1ded693_20230817_2302h0033_ControlCenter/20230817_175305/20230817_175305_S1/CellStatsDir/FOV055/CompartmentLabels_F055.tif finished
2023-08-22 13:41:23,380 [1] INFO  - Downloading 892d9dcc-e56d-475c-8dee-2c395064223d/2302H0033/c9d29823-a69c-4328-a6b9-53e2b78fa3e3/Run_76ed1d6b-57d6-4076-9a09-09a6f1ded693_20230817_2302h0033_ControlCenter/20230817_175305/20230817_175305_S1/CellStatsDir/FOV055/Run_76ed1d6b-57d6-4076-9a09-09a6f1ded693_20230817_175305_S1_Cell_Stats_F055.csv
2023-08-22 13:41:23,590 [1] INFO  - Download 892d9dcc-e56d-475c-8dee-2c395064223d/2302H0033/c9d29823-a69c-4328-a6b9-53e2b78fa3e3/Run_76ed1d6b-57d6-4076-9a09-09a6f1ded693_20230817_2302h0033_ControlCenter/20230817_175305/20230817_175305_S1/CellStatsDir/FOV055/Run_76ed1d6b-57d6-4076-9a09-09a6f1ded693_20230817_175305_S1_Cell_Stats_F055.csv finished
2023-08-22 13:41:23,590 [1] INFO  - Downloading 892d9dcc-e56d-475c-8dee-2c395064223d/2302H0033/c9d29823-a69c-4328-a6b9-53e2b78fa3e3/Run_76ed1d6b-57d6-4076-9a09-09a6f1ded693_20230817_2302h0033_ControlCenter/20230817_175305/20230817_175305_S1/CellStatsDir/Morphology2D/20230817_175305_S1_C902_P99_N99_F055.TIF
2023-08-22 13:41:25,332 [1] INFO  - Download 892d9dcc-e56d-475c-8dee-2c395064223d/2302H0033/c9d29823-a69c-4328-a6b9-53e2b78fa3e3/Run_76ed1d6b-57d6-4076-9a09-09a6f1ded693_20230817_2302h0033_ControlCenter/20230817_175305/20230817_175305_S1/CellStatsDir/Morphology2D/20230817_175305_S1_C902_P99_N99_F055.TIF finished
2023-08-22 13:41:25,332 [1] INFO  - Downloading 892d9dcc-e56d-475c-8dee-2c395064223d/2302H0033/c9d29823-a69c-4328-a6b9-53e2b78fa3e3/Run_76ed1d6b-57d6-4076-9a09-09a6f1ded693_20230817_2302h0033_ControlCenter/20230817_175305/20230817_175305_S1/CellStatsDir/RnD/Run_76ed1d6b-57d6-4076-9a09-09a6f1ded693_20230817_175305_S1_Summary_F055.csv
2023-08-22 13:41:25,476 [1] INFO  - Download 892d9dcc-e56d-475c-8dee-2c395064223d/2302H0033/c9d29823-a69c-4328-a6b9-53e2b78fa3e3/Run_76ed1d6b-57d6-4076-9a09-09a6f1ded693_20230817_2302h0033_ControlCenter/20230817_175305/20230817_175305_S1/CellStatsDir/RnD/Run_76ed1d6b-57d6-4076-9a09-09a6f1ded693_20230817_175305_S1_Summary_F055.csv finished
2023-08-22 13:41:25,477 [1] INFO  - CellStatsDir data download complete.
2023-08-22 13:41:25,477 [1] INFO  - FOV downloaded successfully.
2023-08-22 13:41:25,477 [1] INFO  - Preparing dirs structure for mtmc
2023-08-22 13:41:25,477 [1] INFO  - Preparing mtmc input. FOV dir: FOV055
2023-08-22 13:41:25,480 [1] INFO  - Running mtmc...
2023-08-22 13:41:25,487 [21] INFO  - directory: "/app/input_data/"
2023-08-22 13:41:25,722 [21] INFO  - directory: "/app/out/FOV055/"
2023-08-22 13:43:07,695 [14] INFO  - 2023-08-22 13:41:25,F055,Z,0,iter,0,feat,0,0, Reading and combining input data, 0.027619, sec
2023-08-22 13:43:07,695 [14] INFO  - 2023-08-22 13:41:30,F055,Z,0,iter,0,feat,2423927,2423927, Spot file data loading and filtration , 4.71786, sec
2023-08-22 13:43:07,695 [14] INFO  - 2023-08-22 13:41:31,F055,Z,0,iter,0,feat,2423927,2423927, Seed neighbor determination, 2.28907, sec
2023-08-22 13:43:07,695 [14] INFO  - 2023-08-22 13:41:32,F055,Z,0,iter,0,feat,2423927,2423927, Quality Score Generation, 3.36913, sec
2023-08-22 13:43:07,695 [14] INFO  - 2023-08-22 13:41:35,F055,Z,0,iter,0,feat,2423927,2423927, Spots per feature calculation and feature filtration, 2.80866, sec
2023-08-22 13:43:07,695 [14] INFO  - 2023-08-22 13:41:36,F055,Z,0,iter,0,feat,2423927,2423927, Making Complete Code Target Calls, 1.16879, sec
2023-08-22 13:43:07,695 [14] INFO  - 2023-08-22 13:41:37,F055,Z,0,iter,0,feat,2423927,2423927, Target Call Location Estimation and iteration end update, 0.435689, sec
2023-08-22 13:43:07,695 [14] INFO  - 2023-08-22 13:41:37,F055,Z,0,iter,0,feat,2423927,2423927, Iteration summary generation, 0.004427, sec
2023-08-22 13:43:07,695 [14] INFO  - 2023-08-22 13:41:37,F055,Z,0,iter,0,feat,2423927,2423927, Iteration duration, 9.09187, sec
2023-08-22 13:43:07,695 [14] INFO  - 2023-08-22 13:41:38,F055,Z,0,iter,1,feat,2423927,2423927, Seed neighbor determination, 2.24236, sec
2023-08-22 13:43:07,695 [14] INFO  - 2023-08-22 13:41:39,F055,Z,0,iter,1,feat,2423927,2423927, Quality Score Generation, 3.62714, sec
2023-08-22 13:43:07,695 [14] INFO  - 2023-08-22 13:41:41,F055,Z,0,iter,1,feat,2423927,2423927, Spots per feature calculation and feature filtration, 2.47877, sec
2023-08-22 13:43:07,695 [14] INFO  - 2023-08-22 13:41:43,F055,Z,0,iter,1,feat,2423927,2423927, Making Complete Code Target Calls, 1.41139, sec
2023-08-22 13:43:07,695 [14] INFO  - 2023-08-22 13:41:43,F055,Z,0,iter,1,feat,2423927,2423927, Target Call Location Estimation and iteration end update, 0.320731, sec
2023-08-22 13:43:07,695 [14] INFO  - 2023-08-22 13:41:43,F055,Z,0,iter,1,feat,2423927,2423927, Iteration summary generation, 0.135706, sec
2023-08-22 13:43:07,695 [14] INFO  - 2023-08-22 13:41:43,F055,Z,0,iter,1,feat,2423927,2423927, Iteration duration, 9.20262, sec
2023-08-22 13:43:07,695 [14] INFO  - 2023-08-22 13:41:43,F055,Z,0,iter,1,feat,2423927,2423927, Z slice processing duration, 23.0238, sec
2023-08-22 13:43:07,695 [14] INFO  - 2023-08-22 13:41:57,F055,Z,1,iter,0,feat,5286496,7710423, Spot file data loading and filtration , 12.7586, sec
2023-08-22 13:43:07,695 [14] INFO  - 2023-08-22 13:41:59,F055,Z,1,iter,0,feat,5286496,7710423, Seed neighbor determination, 4.87633, sec
2023-08-22 13:43:07,695 [14] INFO  - 2023-08-22 13:42:01,F055,Z,1,iter,0,feat,5286496,7710423, Quality Score Generation, 7.86359, sec
2023-08-22 13:43:07,696 [14] INFO  - 2023-08-22 13:42:07,F055,Z,1,iter,0,feat,5286496,7710423, Spots per feature calculation and feature filtration, 5.56268, sec
2023-08-22 13:43:07,696 [14] INFO  - 2023-08-22 13:42:15,F055,Z,1,iter,0,feat,5286496,7710423, Making Complete Code Target Calls, 7.43265, sec
2023-08-22 13:43:07,696 [14] INFO  - 2023-08-22 13:42:18,F055,Z,1,iter,0,feat,5286496,7710423, Target Call Location Estimation and iteration end update, 3.06, sec
2023-08-22 13:43:07,696 [14] INFO  - 2023-08-22 13:42:18,F055,Z,1,iter,0,feat,5286496,7710423, Iteration summary generation, 0.047222, sec
2023-08-22 13:43:07,696 [14] INFO  - 2023-08-22 13:42:18,F055,Z,1,iter,0,feat,5286496,7710423, Iteration duration, 26.7289, sec
2023-08-22 13:43:07,696 [14] INFO  - 2023-08-22 13:42:20,F055,Z,1,iter,1,feat,5286496,7710423, Seed neighbor determination, 4.62828, sec
2023-08-22 13:43:07,696 [14] INFO  - 2023-08-22 13:42:22,F055,Z,1,iter,1,feat,5286496,7710423, Quality Score Generation, 8.49695, sec
2023-08-22 13:43:07,696 [14] INFO  - 2023-08-22 13:42:27,F055,Z,1,iter,1,feat,5286496,7710423, Spots per feature calculation and feature filtration, 4.29068, sec
2023-08-22 13:43:07,696 [14] INFO  - 2023-08-22 13:42:33,F055,Z,1,iter,1,feat,5286496,7710423, Making Complete Code Target Calls, 5.74333, sec
2023-08-22 13:43:07,696 [14] INFO  - 2023-08-22 13:42:34,F055,Z,1,iter,1,feat,5286496,7710423, Target Call Location Estimation and iteration end update, 1.17142, sec
2023-08-22 13:43:07,696 [14] INFO  - 2023-08-22 13:42:35,F055,Z,1,iter,1,feat,5286496,7710423, Iteration summary generation, 0.887214, sec
2023-08-22 13:43:07,696 [14] INFO  - 2023-08-22 13:42:35,F055,Z,1,iter,1,feat,5286496,7710423, Iteration duration, 23.106, sec
2023-08-22 13:43:07,696 [14] INFO  - 2023-08-22 13:42:35,F055,Z,1,iter,1,feat,5286496,7710423, Z slice processing duration, 63.7711, sec
2023-08-22 13:43:07,696 [14] INFO  - 2023-08-22 13:42:47,F055,Z,2,iter,0,feat,4985655,12696078, Spot file data loading and filtration , 9.81824, sec
2023-08-22 13:43:07,696 [14] INFO  - 2023-08-22 13:42:49,F055,Z,2,iter,0,feat,4985655,12696078, Seed neighbor determination, 4.60485, sec
2023-08-22 13:43:07,696 [14] INFO  - 2023-08-22 13:42:51,F055,Z,2,iter,0,feat,4985655,12696078, Quality Score Generation, 7.85834, sec
2023-08-22 13:43:07,696 [14] INFO  - 2023-08-22 13:42:56,F055,Z,2,iter,0,feat,4985655,12696078, Spots per feature calculation and feature filtration, 4.9014, sec
2023-08-22 13:43:07,696 [14] INFO  - 2023-08-22 13:43:05,F055,Z,2,iter,0,feat,4985655,12696078, Making Complete Code Target Calls, 8.19296, sec
2023-08-22 13:44:54,106 [14] INFO  - 2023-08-22 13:43:07,F055,Z,2,iter,0,feat,4985655,12696078, Target Call Location Estimation and iteration end update, 2.67395, sec
2023-08-22 13:44:54,106 [14] INFO  - 2023-08-22 13:43:07,F055,Z,2,iter,0,feat,4985655,12696078, Iteration summary generation, 0.063233, sec
2023-08-22 13:44:54,106 [14] INFO  - 2023-08-22 13:43:07,F055,Z,2,iter,0,feat,4985655,12696078, Iteration duration, 26.293, sec
2023-08-22 13:44:54,106 [14] INFO  - 2023-08-22 13:43:09,F055,Z,2,iter,1,feat,4985655,12696078, Seed neighbor determination, 4.11929, sec
2023-08-22 13:44:54,106 [14] INFO  - 2023-08-22 13:43:11,F055,Z,2,iter,1,feat,4985655,12696078, Quality Score Generation, 7.83877, sec
2023-08-22 13:44:54,106 [14] INFO  - 2023-08-22 13:43:15,F055,Z,2,iter,1,feat,4985655,12696078, Spots per feature calculation and feature filtration, 3.71181, sec
2023-08-22 13:44:54,106 [14] INFO  - 2023-08-22 13:43:23,F055,Z,2,iter,1,feat,4985655,12696078, Making Complete Code Target Calls, 7.73579, sec
2023-08-22 13:44:54,106 [14] INFO  - 2023-08-22 13:43:24,F055,Z,2,iter,1,feat,4985655,12696078, Target Call Location Estimation and iteration end update, 1.13122, sec
2023-08-22 13:44:54,106 [14] INFO  - 2023-08-22 13:43:25,F055,Z,2,iter,1,feat,4985655,12696078, Iteration summary generation, 1.27643, sec
2023-08-22 13:44:54,107 [33] INFO  - 2023-08-22 13:43:25,F055,Z,2,iter,1,feat,4985655,12696078, Iteration duration, 23.9885, sec
2023-08-22 13:44:54,107 [33] INFO  - 2023-08-22 13:43:25,F055,Z,2,iter,1,feat,4985655,12696078, Z slice processing duration, 62.4731, sec
2023-08-22 13:44:54,107 [33] INFO  - 2023-08-22 13:43:38,F055,Z,3,iter,0,feat,4643768,17339846, Spot file data loading and filtration , 10.6026, sec
2023-08-22 13:44:54,107 [33] INFO  - 2023-08-22 13:43:40,F055,Z,3,iter,0,feat,4643768,17339846, Seed neighbor determination, 4.32952, sec
2023-08-22 13:44:54,107 [33] INFO  - 2023-08-22 13:43:42,F055,Z,3,iter,0,feat,4643768,17339846, Quality Score Generation, 7.41251, sec
2023-08-22 13:44:54,107 [33] INFO  - 2023-08-22 13:43:47,F055,Z,3,iter,0,feat,4643768,17339846, Spots per feature calculation and feature filtration, 4.66452, sec
2023-08-22 13:44:54,107 [33] INFO  - 2023-08-22 13:43:55,F055,Z,3,iter,0,feat,4643768,17339846, Making Complete Code Target Calls, 7.37142, sec
2023-08-22 13:44:54,107 [33] INFO  - 2023-08-22 13:43:57,F055,Z,3,iter,0,feat,4643768,17339846, Target Call Location Estimation and iteration end update, 2.43358, sec
2023-08-22 13:44:54,107 [33] INFO  - 2023-08-22 13:43:57,F055,Z,3,iter,0,feat,4643768,17339846, Iteration summary generation, 0.060319, sec
2023-08-22 13:44:54,107 [33] INFO  - 2023-08-22 13:43:57,F055,Z,3,iter,0,feat,4643768,17339846, Iteration duration, 24.4062, sec
2023-08-22 13:44:54,107 [38] INFO  - 2023-08-22 13:43:59,F055,Z,3,iter,1,feat,4643768,17339846, Seed neighbor determination, 3.81793, sec
2023-08-22 13:44:54,107 [38] INFO  - 2023-08-22 13:44:01,F055,Z,3,iter,1,feat,4643768,17339846, Quality Score Generation, 7.32659, sec
2023-08-22 13:44:54,107 [38] INFO  - 2023-08-22 13:44:04,F055,Z,3,iter,1,feat,4643768,17339846, Spots per feature calculation and feature filtration, 3.46386, sec
2023-08-22 13:44:54,107 [38] INFO  - 2023-08-22 13:44:11,F055,Z,3,iter,1,feat,4643768,17339846, Making Complete Code Target Calls, 6.19991, sec
2023-08-22 13:44:54,107 [38] INFO  - 2023-08-22 13:44:12,F055,Z,3,iter,1,feat,4643768,17339846, Target Call Location Estimation and iteration end update, 0.807684, sec
2023-08-22 13:44:54,107 [38] INFO  - 2023-08-22 13:44:13,F055,Z,3,iter,1,feat,4643768,17339846, Iteration summary generation, 1.14947, sec
2023-08-22 13:44:54,107 [38] INFO  - 2023-08-22 13:44:13,F055,Z,3,iter,1,feat,4643768,17339846, Iteration duration, 21.0985, sec
2023-08-22 13:44:54,107 [38] INFO  - 2023-08-22 13:44:13,F055,Z,3,iter,1,feat,4643768,17339846, Z slice processing duration, 58.2323, sec
2023-08-22 13:44:54,107 [38] INFO  - 2023-08-22 13:44:24,F055,Z,4,iter,0,feat,4419468,21759314, Spot file data loading and filtration , 9.49364, sec
2023-08-22 13:44:54,107 [38] INFO  - 2023-08-22 13:44:26,F055,Z,4,iter,0,feat,4419468,21759314, Seed neighbor determination, 4.13696, sec
2023-08-22 13:44:54,107 [38] INFO  - 2023-08-22 13:44:28,F055,Z,4,iter,0,feat,4419468,21759314, Quality Score Generation, 7.02235, sec
2023-08-22 13:44:54,107 [38] INFO  - 2023-08-22 13:44:32,F055,Z,4,iter,0,feat,4419468,21759314, Spots per feature calculation and feature filtration, 4.30925, sec
2023-08-22 13:44:54,107 [38] INFO  - 2023-08-22 13:44:39,F055,Z,4,iter,0,feat,4419468,21759314, Making Complete Code Target Calls, 6.75874, sec
2023-08-22 13:44:54,107 [38] INFO  - 2023-08-22 13:44:41,F055,Z,4,iter,0,feat,4419468,21759314, Target Call Location Estimation and iteration end update, 2.18088, sec
2023-08-22 13:44:54,107 [38] INFO  - 2023-08-22 13:44:42,F055,Z,4,iter,0,feat,4419468,21759314, Iteration summary generation, 0.052975, sec
2023-08-22 13:44:54,107 [38] INFO  - 2023-08-22 13:44:42,F055,Z,4,iter,0,feat,4419468,21759314, Iteration duration, 22.6612, sec
2023-08-22 13:44:54,107 [38] INFO  - 2023-08-22 13:44:43,F055,Z,4,iter,1,feat,4419468,21759314, Seed neighbor determination, 3.6153, sec
2023-08-22 13:44:54,107 [38] INFO  - 2023-08-22 13:44:45,F055,Z,4,iter,1,feat,4419468,21759314, Quality Score Generation, 6.9517, sec
2023-08-22 13:44:54,107 [38] INFO  - 2023-08-22 13:44:49,F055,Z,4,iter,1,feat,4419468,21759314, Spots per feature calculation and feature filtration, 3.33485, sec
2023-08-22 13:46:24,205 [38] INFO  - 2023-08-22 13:44:54,F055,Z,4,iter,1,feat,4419468,21759314, Making Complete Code Target Calls, 5.03277, sec
2023-08-22 13:46:24,205 [38] INFO  - 2023-08-22 13:44:54,F055,Z,4,iter,1,feat,4419468,21759314, Target Call Location Estimation and iteration end update, 0.814338, sec
2023-08-22 13:46:24,205 [38] INFO  - 2023-08-22 13:44:55,F055,Z,4,iter,1,feat,4419468,21759314, Iteration summary generation, 1.03383, sec
2023-08-22 13:46:24,205 [38] INFO  - 2023-08-22 13:44:55,F055,Z,4,iter,1,feat,4419468,21759314, Iteration duration, 19.0489, sec
2023-08-22 13:46:24,205 [38] INFO  - 2023-08-22 13:44:55,F055,Z,4,iter,1,feat,4419468,21759314, Z slice processing duration, 53.1701, sec
2023-08-22 13:46:24,205 [38] INFO  - 2023-08-22 13:45:04,F055,Z,5,iter,0,feat,4182914,25942228, Spot file data loading and filtration , 6.82754, sec
2023-08-22 13:46:24,205 [38] INFO  - 2023-08-22 13:45:06,F055,Z,5,iter,0,feat,4182914,25942228, Seed neighbor determination, 3.89945, sec
2023-08-22 13:46:24,205 [38] INFO  - 2023-08-22 13:45:08,F055,Z,5,iter,0,feat,4182914,25942228, Quality Score Generation, 6.64916, sec
2023-08-22 13:46:24,205 [38] INFO  - 2023-08-22 13:45:12,F055,Z,5,iter,0,feat,4182914,25942228, Spots per feature calculation and feature filtration, 4.15318, sec
2023-08-22 13:46:24,206 [39] INFO  - 2023-08-22 13:45:18,F055,Z,5,iter,0,feat,4182914,25942228, Making Complete Code Target Calls, 6.29826, sec
2023-08-22 13:46:24,206 [39] INFO  - 2023-08-22 13:45:21,F055,Z,5,iter,0,feat,4182914,25942228, Target Call Location Estimation and iteration end update, 2.0912, sec
2023-08-22 13:46:24,206 [39] INFO  - 2023-08-22 13:45:21,F055,Z,5,iter,0,feat,4182914,25942228, Iteration summary generation, 0.051915, sec
2023-08-22 13:46:24,206 [39] INFO  - 2023-08-22 13:45:21,F055,Z,5,iter,0,feat,4182914,25942228, Iteration duration, 21.4734, sec
2023-08-22 13:46:24,206 [39] INFO  - 2023-08-22 13:45:22,F055,Z,5,iter,1,feat,4182914,25942228, Seed neighbor determination, 3.461, sec
2023-08-22 13:46:24,206 [39] INFO  - 2023-08-22 13:45:24,F055,Z,5,iter,1,feat,4182914,25942228, Quality Score Generation, 6.61784, sec
2023-08-22 13:46:24,206 [39] INFO  - 2023-08-22 13:45:27,F055,Z,5,iter,1,feat,4182914,25942228, Spots per feature calculation and feature filtration, 3.17574, sec
2023-08-22 13:46:24,206 [39] INFO  - 2023-08-22 13:45:33,F055,Z,5,iter,1,feat,4182914,25942228, Making Complete Code Target Calls, 5.09073, sec
2023-08-22 13:46:24,206 [39] INFO  - 2023-08-22 13:45:33,F055,Z,5,iter,1,feat,4182914,25942228, Target Call Location Estimation and iteration end update, 0.767925, sec
2023-08-22 13:46:24,206 [39] INFO  - 2023-08-22 13:45:34,F055,Z,5,iter,1,feat,4182914,25942228, Iteration summary generation, 0.92013, sec
2023-08-22 13:46:24,206 [39] INFO  - 2023-08-22 13:45:34,F055,Z,5,iter,1,feat,4182914,25942228, Iteration duration, 18.5243, sec
2023-08-22 13:46:24,206 [39] INFO  - 2023-08-22 13:45:34,F055,Z,5,iter,1,feat,4182914,25942228, Z slice processing duration, 48.6861, sec
2023-08-22 13:46:24,206 [39] INFO  - 2023-08-22 13:45:43,F055,Z,6,iter,0,feat,3909728,29851956, Spot file data loading and filtration , 7.17804, sec
2023-08-22 13:46:24,206 [39] INFO  - 2023-08-22 13:45:45,F055,Z,6,iter,0,feat,3909728,29851956, Seed neighbor determination, 3.65648, sec
2023-08-22 13:46:24,206 [39] INFO  - 2023-08-22 13:45:47,F055,Z,6,iter,0,feat,3909728,29851956, Quality Score Generation, 6.67344, sec
2023-08-22 13:46:24,206 [39] INFO  - 2023-08-22 13:45:51,F055,Z,6,iter,0,feat,3909728,29851956, Spots per feature calculation and feature filtration, 3.85536, sec
2023-08-22 13:46:24,206 [39] INFO  - 2023-08-22 13:45:56,F055,Z,6,iter,0,feat,3909728,29851956, Making Complete Code Target Calls, 5.70912, sec
2023-08-22 13:46:24,206 [39] INFO  - 2023-08-22 13:45:58,F055,Z,6,iter,0,feat,3909728,29851956, Target Call Location Estimation and iteration end update, 1.92676, sec
2023-08-22 13:46:24,206 [39] INFO  - 2023-08-22 13:45:58,F055,Z,6,iter,0,feat,3909728,29851956, Iteration summary generation, 0.044571, sec
2023-08-22 13:46:24,206 [39] INFO  - 2023-08-22 13:45:58,F055,Z,6,iter,0,feat,3909728,29851956, Iteration duration, 20.2886, sec
2023-08-22 13:46:24,206 [39] INFO  - 2023-08-22 13:46:00,F055,Z,6,iter,1,feat,3909728,29851956, Seed neighbor determination, 3.28104, sec
2023-08-22 13:46:24,206 [39] INFO  - 2023-08-22 13:46:02,F055,Z,6,iter,1,feat,3909728,29851956, Quality Score Generation, 6.23531, sec
2023-08-22 13:46:24,206 [39] INFO  - 2023-08-22 13:46:05,F055,Z,6,iter,1,feat,3909728,29851956, Spots per feature calculation and feature filtration, 2.93326, sec
2023-08-22 13:46:24,206 [39] INFO  - 2023-08-22 13:46:10,F055,Z,6,iter,1,feat,3909728,29851956, Making Complete Code Target Calls, 4.75674, sec
2023-08-22 13:46:24,206 [39] INFO  - 2023-08-22 13:46:10,F055,Z,6,iter,1,feat,3909728,29851956, Target Call Location Estimation and iteration end update, 0.73287, sec
2023-08-22 13:46:24,206 [39] INFO  - 2023-08-22 13:46:11,F055,Z,6,iter,1,feat,3909728,29851956, Iteration summary generation, 0.79004, sec
2023-08-22 13:46:24,206 [39] INFO  - 2023-08-22 13:46:11,F055,Z,6,iter,1,feat,3909728,29851956, Iteration duration, 17.2828, sec
2023-08-22 13:46:24,206 [39] INFO  - 2023-08-22 13:46:11,F055,Z,6,iter,1,feat,3909728,29851956, Z slice processing duration, 46.5328, sec
2023-08-22 13:46:24,206 [39] INFO  - 2023-08-22 13:46:22,F055,Z,7,iter,0,feat,3878934,33730890, Spot file data loading and filtration , 9.03429, sec
2023-08-22 13:47:09,320 [39] INFO  - 2023-08-22 13:46:24,F055,Z,7,iter,0,feat,3878934,33730890, Seed neighbor determination, 3.59845, sec
2023-08-22 13:47:09,320 [39] INFO  - 2023-08-22 13:46:25,F055,Z,7,iter,0,feat,3878934,33730890, Quality Score Generation, 6.99382, sec
2023-08-22 13:47:09,320 [39] INFO  - 2023-08-22 13:46:29,F055,Z,7,iter,0,feat,3878934,33730890, Spots per feature calculation and feature filtration, 3.84069, sec
2023-08-22 13:47:09,320 [39] INFO  - 2023-08-22 13:46:36,F055,Z,7,iter,0,feat,3878934,33730890, Making Complete Code Target Calls, 6.14137, sec
2023-08-22 13:47:09,320 [39] INFO  - 2023-08-22 13:46:37,F055,Z,7,iter,0,feat,3878934,33730890, Target Call Location Estimation and iteration end update, 1.74628, sec
2023-08-22 13:47:09,320 [39] INFO  - 2023-08-22 13:46:37,F055,Z,7,iter,0,feat,3878934,33730890, Iteration summary generation, 0.026934, sec
2023-08-22 13:47:09,320 [39] INFO  - 2023-08-22 13:46:37,F055,Z,7,iter,0,feat,3878934,33730890, Iteration duration, 20.7982, sec
2023-08-22 13:47:09,320 [39] INFO  - 2023-08-22 13:46:39,F055,Z,7,iter,1,feat,3878934,33730890, Seed neighbor determination, 3.36826, sec
2023-08-22 13:47:09,320 [39] INFO  - 2023-08-22 13:46:41,F055,Z,7,iter,1,feat,3878934,33730890, Quality Score Generation, 6.45944, sec
2023-08-22 13:47:09,321 [39] INFO  - 2023-08-22 13:46:44,F055,Z,7,iter,1,feat,3878934,33730890, Spots per feature calculation and feature filtration, 2.8629, sec
2023-08-22 13:47:09,321 [39] INFO  - 2023-08-22 13:46:49,F055,Z,7,iter,1,feat,3878934,33730890, Making Complete Code Target Calls, 5.09071, sec
2023-08-22 13:47:09,321 [39] INFO  - 2023-08-22 13:46:50,F055,Z,7,iter,1,feat,3878934,33730890, Target Call Location Estimation and iteration end update, 0.733713, sec
2023-08-22 13:47:09,321 [39] INFO  - 2023-08-22 13:46:50,F055,Z,7,iter,1,feat,3878934,33730890, Iteration summary generation, 0.569803, sec
2023-08-22 13:47:09,321 [39] INFO  - 2023-08-22 13:46:50,F055,Z,7,iter,1,feat,3878934,33730890, Iteration duration, 17.5934, sec
2023-08-22 13:47:09,321 [39] INFO  - 2023-08-22 13:46:50,F055,Z,7,iter,1,feat,3878934,33730890, Z slice processing duration, 49.0961, sec
2023-08-22 13:47:09,321 [39] INFO  - 2023-08-22 13:46:54,F055,Z,8,iter,0,feat,2083038,35813928, Spot file data loading and filtration , 1.65168, sec
2023-08-22 13:47:09,321 [39] INFO  - 2023-08-22 13:46:54,F055,Z,8,iter,0,feat,2083038,35813928, Seed neighbor determination, 1.90198, sec
2023-08-22 13:47:09,321 [39] INFO  - 2023-08-22 13:46:55,F055,Z,8,iter,0,feat,2083038,35813928, Quality Score Generation, 2.99899, sec
2023-08-22 13:47:09,321 [39] INFO  - 2023-08-22 13:46:57,F055,Z,8,iter,0,feat,2083038,35813928, Spots per feature calculation and feature filtration, 2.12553, sec
2023-08-22 13:47:09,321 [44] INFO  - 2023-08-22 13:47:00,F055,Z,8,iter,0,feat,2083038,35813928, Making Complete Code Target Calls, 2.00712, sec
2023-08-22 13:47:09,321 [44] INFO  - 2023-08-22 13:47:00,F055,Z,8,iter,0,feat,2083038,35813928, Target Call Location Estimation and iteration end update, 0.689942, sec
2023-08-22 13:47:09,321 [44] INFO  - 2023-08-22 13:47:00,F055,Z,8,iter,0,feat,2083038,35813928, Iteration summary generation, 0.009574, sec
2023-08-22 13:47:09,321 [44] INFO  - 2023-08-22 13:47:00,F055,Z,8,iter,0,feat,2083038,35813928, Iteration duration, 8.91704, sec
2023-08-22 13:47:09,321 [44] INFO  - 2023-08-22 13:47:01,F055,Z,8,iter,1,feat,2083038,35813928, Seed neighbor determination, 1.83405, sec
2023-08-22 13:47:09,321 [44] INFO  - 2023-08-22 13:47:02,F055,Z,8,iter,1,feat,2083038,35813928, Quality Score Generation, 3.28683, sec
2023-08-22 13:47:09,321 [44] INFO  - 2023-08-22 13:47:04,F055,Z,8,iter,1,feat,2083038,35813928, Spots per feature calculation and feature filtration, 1.68352, sec
2023-08-22 13:47:09,321 [44] INFO  - 2023-08-22 13:47:06,F055,Z,8,iter,1,feat,2083038,35813928, Making Complete Code Target Calls, 2.03233, sec
2023-08-22 13:47:09,321 [44] INFO  - 2023-08-22 13:47:06,F055,Z,8,iter,1,feat,2083038,35813928, Target Call Location Estimation and iteration end update, 0.351716, sec
2023-08-22 13:47:09,321 [44] INFO  - 2023-08-22 13:47:06,F055,Z,8,iter,1,feat,2083038,35813928, Iteration summary generation, 0.20708, sec
2023-08-22 13:47:09,321 [44] INFO  - 2023-08-22 13:47:06,F055,Z,8,iter,1,feat,2083038,35813928, Iteration duration, 8.59613, sec
2023-08-22 13:47:09,321 [44] INFO  - 2023-08-22 13:47:06,F055,Z,8,iter,1,feat,2083038,35813928, Z slice processing duration, 20.8618, sec
2023-08-22 13:47:09,321 [44] INFO  - 2023-08-22 13:47:09,F055,Z,8,iter,1,feat,2083038,35813928, FOV processing duration (final) , 428.318, sec
2023-08-22 13:47:09,339 [39] INFO  - Exited
2023-08-22 13:47:09,339 [39] INFO  - System.EventArgs
2023-08-22 13:47:09,340 [39] INFO  - { }
2023-08-22 13:47:09,341 [1] INFO  - mtmc run complete
2023-08-22 13:47:09,341 [1] INFO  - Zipping and uploading results...
2023-08-22 13:47:09,341 [1] INFO  - Uploading mtm results to storage.
2023-08-22 13:47:09,342 [1] INFO  - Start uploading /app/out/FOV055 to 892d9dcc-e56d-475c-8dee-2c395064223d/2302H0033/c9d29823-a69c-4328-a6b9-53e2b78fa3e3/Run_76ed1d6b-57d6-4076-9a09-09a6f1ded693_20230817_2302h0033_ControlCenter/20230817_175305/20230817_175305_S1/AnalysisResults/oxdwyv2woj/FOV055
2023-08-22 13:47:09,342 [1] INFO  - Executing with retries set to: 10
2023-08-22 13:47:11,222 [1] INFO  - Upload /app/out/FOV055 finished
2023-08-22 13:47:11,222 [1] INFO  - Results uploaded.
2023-08-22 13:47:11,222 [1] INFO  - All done
2023-08-22 13:47:11,222 [1] INFO  - Executing with retries set to: 10
2023-08-22 13:47:11,222 [1] INFO  - Setting fov oxdwyv2woj-ggm3u into status Completed
2023-08-22 13:47:11,224 [1] INFO  - Saving a fov processing run: oxdwyv2woj-ggm3u
2023-08-22 13:47:11,224 [1] INFO  - Updating an existing fov run.
2023-08-22 13:47:11,225 [1] INFO  - Uploading logs
2023-08-22 13:47:11,226 [1] INFO  - Start uploading 892d9dcc-e56d-475c-8dee-2c395064223d/2302H0033/c9d29823-a69c-4328-a6b9-53e2b78fa3e3/Run_76ed1d6b-57d6-4076-9a09-09a6f1ded693_20230817_2302h0033_ControlCenter/20230817_175305/20230817_175305_S1/AnalysisResults/oxdwyv2woj/FOV055/mtm-run.log
