2023-08-22 13:35:49,737 [1] INFO  - Using bucket s3-euw1-eu2-datarepository-eu2-eu2-kcl-01 and region eu-west-1
2023-08-22 13:35:49,779 [1] INFO  - Using role to access S3
2023-08-22 13:35:49,980 [1] INFO  - ===============================
2023-08-22 13:35:49,980 [1] INFO  - build info: 
commit 1860d865ce7409a4b25d5549a62e2b7be0a93d33
Author: alexander-serebriyan <alexander.serebriyan@teamdev.com>
Date:   Fri Feb 10 15:42:48 2023 +0100

    Add UAT env for ECR pushing.

Build done on: Fri Feb 10 14:46:39 UTC 2023
Version: 20230210.1

2023-08-22 13:35:49,980 [1] INFO  - ===============================
2023-08-22 13:35:49,980 [1] INFO  - Starting the job. Results will be uploaded to: 892d9dcc-e56d-475c-8dee-2c395064223d/2302H0033/c9d29823-a69c-4328-a6b9-53e2b78fa3e3/Run_76ed1d6b-57d6-4076-9a09-09a6f1ded693_20230817_2302h0033_ControlCenter/20230817_175305/20230817_175305_S1/AnalysisResults/oxdwyv2woj/FOV033
2023-08-22 13:35:49,981 [1] INFO  - Checking FOV status. Ref: oxdwyv2woj-xu87o, ID: 892d9dcc-e56d-475c-8dee-2c395064223d/2302H0033/c9d29823-a69c-4328-a6b9-53e2b78fa3e3/Run_76ed1d6b-57d6-4076-9a09-09a6f1ded693_20230817_2302h0033_ControlCenter/20230817_175305/20230817_175305_S1/SpotFiles/FOV033/
2023-08-22 13:35:50,136 [1] INFO  - Executing with retries set to: 10
2023-08-22 13:35:50,136 [1] INFO  - Setting fov oxdwyv2woj-xu87o into status InProgress
2023-08-22 13:35:50,138 [1] INFO  - Saving a fov processing run: oxdwyv2woj-xu87o
2023-08-22 13:35:50,138 [1] INFO  - Updating an existing fov run.
2023-08-22 13:35:50,172 [1] INFO  - Downloading FOV using next path: 892d9dcc-e56d-475c-8dee-2c395064223d/2302H0033/c9d29823-a69c-4328-a6b9-53e2b78fa3e3/Run_76ed1d6b-57d6-4076-9a09-09a6f1ded693_20230817_2302h0033_ControlCenter/20230817_175305/20230817_175305_S1/SpotFiles/FOV033/
2023-08-22 13:35:50,172 [1] INFO  - Start downloading 892d9dcc-e56d-475c-8dee-2c395064223d/2302H0033/c9d29823-a69c-4328-a6b9-53e2b78fa3e3/Run_76ed1d6b-57d6-4076-9a09-09a6f1ded693_20230817_2302h0033_ControlCenter/20230817_175305/20230817_175305_S1/SpotFiles/FOV033/
2023-08-22 13:35:50,172 [1] INFO  - Executing with retries set to: 10
2023-08-22 13:39:26,334 [1] INFO  - Download 892d9dcc-e56d-475c-8dee-2c395064223d/2302H0033/c9d29823-a69c-4328-a6b9-53e2b78fa3e3/Run_76ed1d6b-57d6-4076-9a09-09a6f1ded693_20230817_2302h0033_ControlCenter/20230817_175305/20230817_175305_S1/SpotFiles/FOV033/ complete
2023-08-22 13:39:26,334 [1] INFO  - Custom plex file specified. The default one will be overriden.
2023-08-22 13:39:26,334 [1] INFO  - Downloading plex file using next path: 892d9dcc-e56d-475c-8dee-2c395064223d/2302H0033/c9d29823-a69c-4328-a6b9-53e2b78fa3e3/Run_76ed1d6b-57d6-4076-9a09-09a6f1ded693_20230817_2302h0033_ControlCenter/20230817_175305/20230817_175305_S1/plex-oxdwyv2woj.txt
2023-08-22 13:39:26,334 [1] INFO  - Downloading 892d9dcc-e56d-475c-8dee-2c395064223d/2302H0033/c9d29823-a69c-4328-a6b9-53e2b78fa3e3/Run_76ed1d6b-57d6-4076-9a09-09a6f1ded693_20230817_2302h0033_ControlCenter/20230817_175305/20230817_175305_S1/plex-oxdwyv2woj.txt
2023-08-22 13:39:26,449 [1] INFO  - Download 892d9dcc-e56d-475c-8dee-2c395064223d/2302H0033/c9d29823-a69c-4328-a6b9-53e2b78fa3e3/Run_76ed1d6b-57d6-4076-9a09-09a6f1ded693_20230817_2302h0033_ControlCenter/20230817_175305/20230817_175305_S1/plex-oxdwyv2woj.txt finished
2023-08-22 13:39:26,450 [1] INFO  - No user params file specified. Trying to use the one from the storage.
2023-08-22 13:39:26,450 [1] INFO  - Downloading params file using next path: 892d9dcc-e56d-475c-8dee-2c395064223d/2302H0033/c9d29823-a69c-4328-a6b9-53e2b78fa3e3/Run_76ed1d6b-57d6-4076-9a09-09a6f1ded693_20230817_2302h0033_ControlCenter/20230817_175305/20230817_175305_S1/analysis_params_v6.txt
2023-08-22 13:39:26,450 [1] INFO  - Downloading 892d9dcc-e56d-475c-8dee-2c395064223d/2302H0033/c9d29823-a69c-4328-a6b9-53e2b78fa3e3/Run_76ed1d6b-57d6-4076-9a09-09a6f1ded693_20230817_2302h0033_ControlCenter/20230817_175305/20230817_175305_S1/analysis_params_v6.txt
2023-08-22 13:39:26,486 [1] ERROR -    at Amazon.Runtime.Internal.HttpErrorResponseExceptionHandler.HandleExceptionStream(IRequestContext requestContext, IWebResponseData httpErrorResponse, HttpErrorResponseException exception, Stream responseStream)
   at Amazon.Runtime.Internal.HttpErrorResponseExceptionHandler.HandleExceptionAsync(IExecutionContext executionContext, HttpErrorResponseException exception)
   at Amazon.Runtime.Internal.ExceptionHandler`1.HandleAsync(IExecutionContext executionContext, Exception exception)
   at Amazon.Runtime.Internal.ErrorHandler.ProcessExceptionAsync(IExecutionContext executionContext, Exception exception)
   at Amazon.Runtime.Internal.ErrorHandler.InvokeAsync[T](IExecutionContext executionContext)
   at Amazon.Runtime.Internal.CallbackHandler.InvokeAsync[T](IExecutionContext executionContext)
   at Amazon.Runtime.Internal.EndpointDiscoveryHandler.InvokeAsync[T](IExecutionContext executionContext)
   at Amazon.Runtime.Internal.EndpointDiscoveryHandler.InvokeAsync[T](IExecutionContext executionContext)
   at Amazon.Runtime.Internal.CredentialsRetriever.InvokeAsync[T](IExecutionContext executionContext)
   at Amazon.Runtime.Internal.RetryHandler.InvokeAsync[T](IExecutionContext executionContext)
   at Amazon.Runtime.Internal.RetryHandler.InvokeAsync[T](IExecutionContext executionContext)
   at Amazon.Runtime.Internal.CallbackHandler.InvokeAsync[T](IExecutionContext executionContext)
   at Amazon.Runtime.Internal.CallbackHandler.InvokeAsync[T](IExecutionContext executionContext)
   at Amazon.S3.Internal.AmazonS3ExceptionHandler.InvokeAsync[T](IExecutionContext executionContext)
   at Amazon.Runtime.Internal.ErrorCallbackHandler.InvokeAsync[T](IExecutionContext executionContext)
   at Amazon.Runtime.Internal.MetricsHandler.InvokeAsync[T](IExecutionContext executionContext)
   at Amazon.S3.Transfer.Internal.DownloadCommand.ExecuteAsync(CancellationToken cancellationToken)
   at Amazon.S3.Transfer.TransferUtility.Download(String filePath, String bucketName, String key)
   at Core.S3FileStorageService.DownloadFile(String remoteFilePath, String localFilePath) in /src/Core/S3FileStorageService.cs:line 67
   at MTMCWorker.Service.Impl.MtmcWorker.FetchParamsFile(String paramsFileRef, String flowCellPath) in /src/MTMCWorker/Service/Impl/MtmcWorker.cs:line 297
2023-08-22 13:39:26,486 [1] INFO  - Can't download params file next to nBCDir. Using the default one.
Amazon.S3.AmazonS3Exception: The specified key does not exist.
 ---> Amazon.Runtime.Internal.HttpErrorResponseException: Exception of type 'Amazon.Runtime.Internal.HttpErrorResponseException' was thrown.
   at Amazon.Runtime.HttpWebRequestMessage.GetResponseAsync(CancellationToken cancellationToken)
   at Amazon.Runtime.Internal.HttpHandler`1.InvokeAsync[T](IExecutionContext executionContext)
   at Amazon.Runtime.Internal.RedirectHandler.InvokeAsync[T](IExecutionContext executionContext)
   at Amazon.Runtime.Internal.Unmarshaller.InvokeAsync[T](IExecutionContext executionContext)
   at Amazon.S3.Internal.AmazonS3ResponseHandler.InvokeAsync[T](IExecutionContext executionContext)
   at Amazon.Runtime.Internal.ErrorHandler.InvokeAsync[T](IExecutionContext executionContext)
   --- End of inner exception stack trace ---
   at Amazon.Runtime.Internal.HttpErrorResponseExceptionHandler.HandleExceptionStream(IRequestContext requestContext, IWebResponseData httpErrorResponse, HttpErrorResponseException exception, Stream responseStream)
   at Amazon.Runtime.Internal.HttpErrorResponseExceptionHandler.HandleExceptionAsync(IExecutionContext executionContext, HttpErrorResponseException exception)
   at Amazon.Runtime.Internal.ExceptionHandler`1.HandleAsync(IExecutionContext executionContext, Exception exception)
   at Amazon.Runtime.Internal.ErrorHandler.ProcessExceptionAsync(IExecutionContext executionContext, Exception exception)
   at Amazon.Runtime.Internal.ErrorHandler.InvokeAsync[T](IExecutionContext executionContext)
   at Amazon.Runtime.Internal.CallbackHandler.InvokeAsync[T](IExecutionContext executionContext)
   at Amazon.Runtime.Internal.EndpointDiscoveryHandler.InvokeAsync[T](IExecutionContext executionContext)
   at Amazon.Runtime.Internal.EndpointDiscoveryHandler.InvokeAsync[T](IExecutionContext executionContext)
   at Amazon.Runtime.Internal.CredentialsRetriever.InvokeAsync[T](IExecutionContext executionContext)
   at Amazon.Runtime.Internal.RetryHandler.InvokeAsync[T](IExecutionContext executionContext)
   at Amazon.Runtime.Internal.RetryHandler.InvokeAsync[T](IExecutionContext executionContext)
   at Amazon.Runtime.Internal.CallbackHandler.InvokeAsync[T](IExecutionContext executionContext)
   at Amazon.Runtime.Internal.CallbackHandler.InvokeAsync[T](IExecutionContext executionContext)
   at Amazon.S3.Internal.AmazonS3ExceptionHandler.InvokeAsync[T](IExecutionContext executionContext)
   at Amazon.Runtime.Internal.ErrorCallbackHandler.InvokeAsync[T](IExecutionContext executionContext)
   at Amazon.Runtime.Internal.MetricsHandler.InvokeAsync[T](IExecutionContext executionContext)
   at Amazon.S3.Transfer.Internal.DownloadCommand.ExecuteAsync(CancellationToken cancellationToken)
   at Amazon.S3.Transfer.TransferUtility.Download(String filePath, String bucketName, String key)
   at Core.S3FileStorageService.DownloadFile(String remoteFilePath, String localFilePath) in /src/Core/S3FileStorageService.cs:line 67
   at MTMCWorker.Service.Impl.MtmcWorker.FetchParamsFile(String paramsFileRef, String flowCellPath) in /src/MTMCWorker/Service/Impl/MtmcWorker.cs:line 297
2023-08-22 13:39:26,489 [1] INFO  - Fetching CellStatsDir folder data...
2023-08-22 13:39:26,545 [1] INFO  - Downloading 892d9dcc-e56d-475c-8dee-2c395064223d/2302H0033/c9d29823-a69c-4328-a6b9-53e2b78fa3e3/Run_76ed1d6b-57d6-4076-9a09-09a6f1ded693_20230817_2302h0033_ControlCenter/20230817_175305/20230817_175305_S1/CellStatsDir/CellComposite/CellComposite_F033.jpg
2023-08-22 13:39:26,771 [1] INFO  - Download 892d9dcc-e56d-475c-8dee-2c395064223d/2302H0033/c9d29823-a69c-4328-a6b9-53e2b78fa3e3/Run_76ed1d6b-57d6-4076-9a09-09a6f1ded693_20230817_2302h0033_ControlCenter/20230817_175305/20230817_175305_S1/CellStatsDir/CellComposite/CellComposite_F033.jpg finished
2023-08-22 13:39:26,771 [1] INFO  - Downloading 892d9dcc-e56d-475c-8dee-2c395064223d/2302H0033/c9d29823-a69c-4328-a6b9-53e2b78fa3e3/Run_76ed1d6b-57d6-4076-9a09-09a6f1ded693_20230817_2302h0033_ControlCenter/20230817_175305/20230817_175305_S1/CellStatsDir/CellOverlay/CellOverlay_F033.jpg
2023-08-22 13:39:27,080 [1] INFO  - Download 892d9dcc-e56d-475c-8dee-2c395064223d/2302H0033/c9d29823-a69c-4328-a6b9-53e2b78fa3e3/Run_76ed1d6b-57d6-4076-9a09-09a6f1ded693_20230817_2302h0033_ControlCenter/20230817_175305/20230817_175305_S1/CellStatsDir/CellOverlay/CellOverlay_F033.jpg finished
2023-08-22 13:39:27,080 [1] INFO  - Downloading 892d9dcc-e56d-475c-8dee-2c395064223d/2302H0033/c9d29823-a69c-4328-a6b9-53e2b78fa3e3/Run_76ed1d6b-57d6-4076-9a09-09a6f1ded693_20230817_2302h0033_ControlCenter/20230817_175305/20230817_175305_S1/CellStatsDir/FOV033/CellLabels_F033.tif
2023-08-22 13:39:27,290 [1] INFO  - Download 892d9dcc-e56d-475c-8dee-2c395064223d/2302H0033/c9d29823-a69c-4328-a6b9-53e2b78fa3e3/Run_76ed1d6b-57d6-4076-9a09-09a6f1ded693_20230817_2302h0033_ControlCenter/20230817_175305/20230817_175305_S1/CellStatsDir/FOV033/CellLabels_F033.tif finished
2023-08-22 13:39:27,290 [1] INFO  - Downloading 892d9dcc-e56d-475c-8dee-2c395064223d/2302H0033/c9d29823-a69c-4328-a6b9-53e2b78fa3e3/Run_76ed1d6b-57d6-4076-9a09-09a6f1ded693_20230817_2302h0033_ControlCenter/20230817_175305/20230817_175305_S1/CellStatsDir/FOV033/CompartmentLabels_F033.tif
2023-08-22 13:39:27,465 [1] INFO  - Download 892d9dcc-e56d-475c-8dee-2c395064223d/2302H0033/c9d29823-a69c-4328-a6b9-53e2b78fa3e3/Run_76ed1d6b-57d6-4076-9a09-09a6f1ded693_20230817_2302h0033_ControlCenter/20230817_175305/20230817_175305_S1/CellStatsDir/FOV033/CompartmentLabels_F033.tif finished
2023-08-22 13:39:27,465 [1] INFO  - Downloading 892d9dcc-e56d-475c-8dee-2c395064223d/2302H0033/c9d29823-a69c-4328-a6b9-53e2b78fa3e3/Run_76ed1d6b-57d6-4076-9a09-09a6f1ded693_20230817_2302h0033_ControlCenter/20230817_175305/20230817_175305_S1/CellStatsDir/FOV033/Run_76ed1d6b-57d6-4076-9a09-09a6f1ded693_20230817_175305_S1_Cell_Stats_F033.csv
2023-08-22 13:39:27,654 [1] INFO  - Download 892d9dcc-e56d-475c-8dee-2c395064223d/2302H0033/c9d29823-a69c-4328-a6b9-53e2b78fa3e3/Run_76ed1d6b-57d6-4076-9a09-09a6f1ded693_20230817_2302h0033_ControlCenter/20230817_175305/20230817_175305_S1/CellStatsDir/FOV033/Run_76ed1d6b-57d6-4076-9a09-09a6f1ded693_20230817_175305_S1_Cell_Stats_F033.csv finished
2023-08-22 13:39:27,654 [1] INFO  - Downloading 892d9dcc-e56d-475c-8dee-2c395064223d/2302H0033/c9d29823-a69c-4328-a6b9-53e2b78fa3e3/Run_76ed1d6b-57d6-4076-9a09-09a6f1ded693_20230817_2302h0033_ControlCenter/20230817_175305/20230817_175305_S1/CellStatsDir/Morphology2D/20230817_175305_S1_C902_P99_N99_F033.TIF
2023-08-22 13:39:29,033 [1] INFO  - Download 892d9dcc-e56d-475c-8dee-2c395064223d/2302H0033/c9d29823-a69c-4328-a6b9-53e2b78fa3e3/Run_76ed1d6b-57d6-4076-9a09-09a6f1ded693_20230817_2302h0033_ControlCenter/20230817_175305/20230817_175305_S1/CellStatsDir/Morphology2D/20230817_175305_S1_C902_P99_N99_F033.TIF finished
2023-08-22 13:39:29,033 [1] INFO  - Downloading 892d9dcc-e56d-475c-8dee-2c395064223d/2302H0033/c9d29823-a69c-4328-a6b9-53e2b78fa3e3/Run_76ed1d6b-57d6-4076-9a09-09a6f1ded693_20230817_2302h0033_ControlCenter/20230817_175305/20230817_175305_S1/CellStatsDir/RnD/Run_76ed1d6b-57d6-4076-9a09-09a6f1ded693_20230817_175305_S1_Summary_F033.csv
2023-08-22 13:39:29,173 [1] INFO  - Download 892d9dcc-e56d-475c-8dee-2c395064223d/2302H0033/c9d29823-a69c-4328-a6b9-53e2b78fa3e3/Run_76ed1d6b-57d6-4076-9a09-09a6f1ded693_20230817_2302h0033_ControlCenter/20230817_175305/20230817_175305_S1/CellStatsDir/RnD/Run_76ed1d6b-57d6-4076-9a09-09a6f1ded693_20230817_175305_S1_Summary_F033.csv finished
2023-08-22 13:39:29,174 [1] INFO  - CellStatsDir data download complete.
2023-08-22 13:39:29,174 [1] INFO  - FOV downloaded successfully.
2023-08-22 13:39:29,174 [1] INFO  - Preparing dirs structure for mtmc
2023-08-22 13:39:29,174 [1] INFO  - Preparing mtmc input. FOV dir: FOV033
2023-08-22 13:39:29,177 [1] INFO  - Running mtmc...
2023-08-22 13:39:29,184 [13] INFO  - directory: "/app/input_data/"
2023-08-22 13:39:29,449 [13] INFO  - directory: "/app/out/FOV033/"
2023-08-22 13:41:55,256 [13] INFO  - 2023-08-22 13:39:29,F033,Z,0,iter,0,feat,0,0, Reading and combining input data, 0.039947, sec
2023-08-22 13:41:55,256 [13] INFO  - 2023-08-22 13:39:34,F033,Z,0,iter,0,feat,2170898,2170898, Spot file data loading and filtration , 5.24695, sec
2023-08-22 13:41:55,256 [13] INFO  - 2023-08-22 13:39:35,F033,Z,0,iter,0,feat,2170898,2170898, Seed neighbor determination, 2.16824, sec
2023-08-22 13:41:55,256 [13] INFO  - 2023-08-22 13:39:36,F033,Z,0,iter,0,feat,2170898,2170898, Quality Score Generation, 3.67376, sec
2023-08-22 13:41:55,256 [13] INFO  - 2023-08-22 13:39:39,F033,Z,0,iter,0,feat,2170898,2170898, Spots per feature calculation and feature filtration, 2.75944, sec
2023-08-22 13:41:55,256 [13] INFO  - 2023-08-22 13:39:40,F033,Z,0,iter,0,feat,2170898,2170898, Making Complete Code Target Calls, 1.00727, sec
2023-08-22 13:41:55,256 [13] INFO  - 2023-08-22 13:39:40,F033,Z,0,iter,0,feat,2170898,2170898, Target Call Location Estimation and iteration end update, 0.269196, sec
2023-08-22 13:41:55,256 [13] INFO  - 2023-08-22 13:39:40,F033,Z,0,iter,0,feat,2170898,2170898, Iteration summary generation, 0.00174, sec
2023-08-22 13:41:55,256 [13] INFO  - 2023-08-22 13:39:40,F033,Z,0,iter,0,feat,2170898,2170898, Iteration duration, 8.94191, sec
2023-08-22 13:41:55,256 [13] INFO  - 2023-08-22 13:39:41,F033,Z,0,iter,1,feat,2170898,2170898, Seed neighbor determination, 1.97208, sec
2023-08-22 13:41:55,256 [13] INFO  - 2023-08-22 13:39:43,F033,Z,0,iter,1,feat,2170898,2170898, Quality Score Generation, 4.78063, sec
2023-08-22 13:41:55,256 [13] INFO  - 2023-08-22 13:39:46,F033,Z,0,iter,1,feat,2170898,2170898, Spots per feature calculation and feature filtration, 3.58365, sec
2023-08-22 13:41:55,256 [13] INFO  - 2023-08-22 13:39:48,F033,Z,0,iter,1,feat,2170898,2170898, Making Complete Code Target Calls, 1.6879, sec
2023-08-22 13:41:55,256 [13] INFO  - 2023-08-22 13:39:48,F033,Z,0,iter,1,feat,2170898,2170898, Target Call Location Estimation and iteration end update, 0.26251, sec
2023-08-22 13:41:55,256 [13] INFO  - 2023-08-22 13:39:48,F033,Z,0,iter,1,feat,2170898,2170898, Iteration summary generation, 0.060668, sec
2023-08-22 13:41:55,257 [13] INFO  - 2023-08-22 13:39:48,F033,Z,0,iter,1,feat,2170898,2170898, Iteration duration, 11.526, sec
2023-08-22 13:41:55,257 [13] INFO  - 2023-08-22 13:39:48,F033,Z,0,iter,1,feat,2170898,2170898, Z slice processing duration, 25.7216, sec
2023-08-22 13:41:55,257 [13] INFO  - 2023-08-22 13:40:08,F033,Z,1,iter,0,feat,5352784,7523682, Spot file data loading and filtration , 18.65, sec
2023-08-22 13:41:55,257 [13] INFO  - 2023-08-22 13:40:11,F033,Z,1,iter,0,feat,5352784,7523682, Seed neighbor determination, 5.48407, sec
2023-08-22 13:41:55,257 [28] INFO  - 2023-08-22 13:40:15,F033,Z,1,iter,0,feat,5352784,7523682, Quality Score Generation, 15.1978, sec
2023-08-22 13:41:55,257 [28] INFO  - 2023-08-22 13:40:22,F033,Z,1,iter,0,feat,5352784,7523682, Spots per feature calculation and feature filtration, 7.11507, sec
2023-08-22 13:41:55,257 [28] INFO  - 2023-08-22 13:40:31,F033,Z,1,iter,0,feat,5352784,7523682, Making Complete Code Target Calls, 8.89409, sec
2023-08-22 13:41:55,257 [28] INFO  - 2023-08-22 13:40:37,F033,Z,1,iter,0,feat,5352784,7523682, Target Call Location Estimation and iteration end update, 5.33233, sec
2023-08-22 13:41:55,257 [28] INFO  - 2023-08-22 13:40:37,F033,Z,1,iter,0,feat,5352784,7523682, Iteration summary generation, 0.024741, sec
2023-08-22 13:41:55,257 [28] INFO  - 2023-08-22 13:40:37,F033,Z,1,iter,0,feat,5352784,7523682, Iteration duration, 39.8426, sec
2023-08-22 13:41:55,257 [28] INFO  - 2023-08-22 13:40:40,F033,Z,1,iter,1,feat,5352784,7523682, Seed neighbor determination, 6.7445, sec
2023-08-22 13:41:55,257 [28] INFO  - 2023-08-22 13:40:46,F033,Z,1,iter,1,feat,5352784,7523682, Quality Score Generation, 21.1906, sec
2023-08-22 13:41:55,257 [28] INFO  - 2023-08-22 13:40:50,F033,Z,1,iter,1,feat,5352784,7523682, Spots per feature calculation and feature filtration, 4.50248, sec
2023-08-22 13:41:55,257 [28] INFO  - 2023-08-22 13:41:03,F033,Z,1,iter,1,feat,5352784,7523682, Making Complete Code Target Calls, 12.4851, sec
2023-08-22 13:41:55,257 [28] INFO  - 2023-08-22 13:41:07,F033,Z,1,iter,1,feat,5352784,7523682, Target Call Location Estimation and iteration end update, 4.45696, sec
2023-08-22 13:41:55,257 [28] INFO  - 2023-08-22 13:41:08,F033,Z,1,iter,1,feat,5352784,7523682, Iteration summary generation, 0.638613, sec
2023-08-22 13:41:55,257 [28] INFO  - 2023-08-22 13:41:08,F033,Z,1,iter,1,feat,5352784,7523682, Iteration duration, 47.0929, sec
2023-08-22 13:41:55,257 [28] INFO  - 2023-08-22 13:41:08,F033,Z,1,iter,1,feat,5352784,7523682, Z slice processing duration, 106.615, sec
2023-08-22 13:41:55,257 [28] INFO  - 2023-08-22 13:41:28,F033,Z,2,iter,0,feat,4859247,12382929, Spot file data loading and filtration , 16.2076, sec
2023-08-22 13:41:55,257 [28] INFO  - 2023-08-22 13:41:31,F033,Z,2,iter,0,feat,4859247,12382929, Seed neighbor determination, 5.87723, sec
2023-08-22 13:41:55,257 [28] INFO  - 2023-08-22 13:41:33,F033,Z,2,iter,0,feat,4859247,12382929, Quality Score Generation, 10.0537, sec
2023-08-22 13:41:55,257 [28] INFO  - 2023-08-22 13:41:39,F033,Z,2,iter,0,feat,4859247,12382929, Spots per feature calculation and feature filtration, 5.59802, sec
2023-08-22 13:41:55,257 [28] INFO  - 2023-08-22 13:41:52,F033,Z,2,iter,0,feat,4859247,12382929, Making Complete Code Target Calls, 12.53, sec
2023-08-22 13:43:58,695 [28] INFO  - 2023-08-22 13:41:55,F033,Z,2,iter,0,feat,4859247,12382929, Target Call Location Estimation and iteration end update, 2.78546, sec
2023-08-22 13:43:58,696 [28] INFO  - 2023-08-22 13:41:55,F033,Z,2,iter,0,feat,4859247,12382929, Iteration summary generation, 0.024011, sec
2023-08-22 13:43:58,696 [28] INFO  - 2023-08-22 13:41:55,F033,Z,2,iter,0,feat,4859247,12382929, Iteration duration, 34.4954, sec
2023-08-22 13:43:58,696 [28] INFO  - 2023-08-22 13:41:57,F033,Z,2,iter,1,feat,4859247,12382929, Seed neighbor determination, 4.51768, sec
2023-08-22 13:43:58,696 [28] INFO  - 2023-08-22 13:42:00,F033,Z,2,iter,1,feat,4859247,12382929, Quality Score Generation, 12.9747, sec
2023-08-22 13:43:58,696 [28] INFO  - 2023-08-22 13:42:04,F033,Z,2,iter,1,feat,4859247,12382929, Spots per feature calculation and feature filtration, 3.76059, sec
2023-08-22 13:43:58,696 [28] INFO  - 2023-08-22 13:42:14,F033,Z,2,iter,1,feat,4859247,12382929, Making Complete Code Target Calls, 9.78748, sec
2023-08-22 13:43:58,696 [28] INFO  - 2023-08-22 13:42:16,F033,Z,2,iter,1,feat,4859247,12382929, Target Call Location Estimation and iteration end update, 1.95871, sec
2023-08-22 13:43:58,696 [28] INFO  - 2023-08-22 13:42:17,F033,Z,2,iter,1,feat,4859247,12382929, Iteration summary generation, 0.500936, sec
2023-08-22 13:43:58,696 [13] INFO  - 2023-08-22 13:42:17,F033,Z,2,iter,1,feat,4859247,12382929, Iteration duration, 31.5381, sec
2023-08-22 13:43:58,696 [13] INFO  - 2023-08-22 13:42:17,F033,Z,2,iter,1,feat,4859247,12382929, Z slice processing duration, 85.6421, sec
2023-08-22 13:43:58,696 [13] INFO  - 2023-08-22 13:42:35,F033,Z,3,iter,0,feat,4086785,16469714, Spot file data loading and filtration , 16.1563, sec
2023-08-22 13:43:58,696 [13] INFO  - 2023-08-22 13:42:38,F033,Z,3,iter,0,feat,4086785,16469714, Seed neighbor determination, 4.99104, sec
2023-08-22 13:43:58,696 [13] INFO  - 2023-08-22 13:42:39,F033,Z,3,iter,0,feat,4086785,16469714, Quality Score Generation, 7.0867, sec
2023-08-22 13:43:58,696 [13] INFO  - 2023-08-22 13:42:44,F033,Z,3,iter,0,feat,4086785,16469714, Spots per feature calculation and feature filtration, 4.75403, sec
2023-08-22 13:43:58,696 [13] INFO  - 2023-08-22 13:42:53,F033,Z,3,iter,0,feat,4086785,16469714, Making Complete Code Target Calls, 9.05942, sec
2023-08-22 13:43:58,696 [13] INFO  - 2023-08-22 13:42:55,F033,Z,3,iter,0,feat,4086785,16469714, Target Call Location Estimation and iteration end update, 1.90194, sec
2023-08-22 13:43:58,696 [13] INFO  - 2023-08-22 13:42:55,F033,Z,3,iter,0,feat,4086785,16469714, Iteration summary generation, 0.022714, sec
2023-08-22 13:43:58,696 [13] INFO  - 2023-08-22 13:42:55,F033,Z,3,iter,0,feat,4086785,16469714, Iteration duration, 25.6054, sec
2023-08-22 13:43:58,696 [13] INFO  - 2023-08-22 13:42:58,F033,Z,3,iter,1,feat,4086785,16469714, Seed neighbor determination, 4.88437, sec
2023-08-22 13:43:58,696 [13] INFO  - 2023-08-22 13:43:02,F033,Z,3,iter,1,feat,4086785,16469714, Quality Score Generation, 14.7187, sec
2023-08-22 13:43:58,696 [13] INFO  - 2023-08-22 13:43:05,F033,Z,3,iter,1,feat,4086785,16469714, Spots per feature calculation and feature filtration, 3.41289, sec
2023-08-22 13:43:58,696 [13] INFO  - 2023-08-22 13:43:14,F033,Z,3,iter,1,feat,4086785,16469714, Making Complete Code Target Calls, 8.67803, sec
2023-08-22 13:43:58,696 [13] INFO  - 2023-08-22 13:43:17,F033,Z,3,iter,1,feat,4086785,16469714, Target Call Location Estimation and iteration end update, 2.99305, sec
2023-08-22 13:43:58,696 [13] INFO  - 2023-08-22 13:43:18,F033,Z,3,iter,1,feat,4086785,16469714, Iteration summary generation, 0.3937, sec
2023-08-22 13:43:58,696 [13] INFO  - 2023-08-22 13:43:18,F033,Z,3,iter,1,feat,4086785,16469714, Iteration duration, 33.1246, sec
2023-08-22 13:43:58,696 [13] INFO  - 2023-08-22 13:43:18,F033,Z,3,iter,1,feat,4086785,16469714, Z slice processing duration, 77.1724, sec
2023-08-22 13:43:58,696 [13] INFO  - 2023-08-22 13:43:30,F033,Z,4,iter,0,feat,3464428,19934142, Spot file data loading and filtration , 10.0159, sec
2023-08-22 13:43:58,696 [13] INFO  - 2023-08-22 13:43:32,F033,Z,4,iter,0,feat,3464428,19934142, Seed neighbor determination, 3.31004, sec
2023-08-22 13:43:58,696 [13] INFO  - 2023-08-22 13:43:33,F033,Z,4,iter,0,feat,3464428,19934142, Quality Score Generation, 6.43102, sec
2023-08-22 13:43:58,696 [13] INFO  - 2023-08-22 13:43:37,F033,Z,4,iter,0,feat,3464428,19934142, Spots per feature calculation and feature filtration, 3.95097, sec
2023-08-22 13:43:58,696 [13] INFO  - 2023-08-22 13:43:42,F033,Z,4,iter,0,feat,3464428,19934142, Making Complete Code Target Calls, 4.91419, sec
2023-08-22 13:43:58,696 [13] INFO  - 2023-08-22 13:43:45,F033,Z,4,iter,0,feat,3464428,19934142, Target Call Location Estimation and iteration end update, 2.47089, sec
2023-08-22 13:43:58,696 [13] INFO  - 2023-08-22 13:43:45,F033,Z,4,iter,0,feat,3464428,19934142, Iteration summary generation, 0.020101, sec
2023-08-22 13:43:58,696 [13] INFO  - 2023-08-22 13:43:45,F033,Z,4,iter,0,feat,3464428,19934142, Iteration duration, 19.6534, sec
2023-08-22 13:43:58,696 [13] INFO  - 2023-08-22 13:43:47,F033,Z,4,iter,1,feat,3464428,19934142, Seed neighbor determination, 3.22719, sec
2023-08-22 13:43:58,696 [13] INFO  - 2023-08-22 13:43:48,F033,Z,4,iter,1,feat,3464428,19934142, Quality Score Generation, 7.1887, sec
2023-08-22 13:43:58,696 [13] INFO  - 2023-08-22 13:43:51,F033,Z,4,iter,1,feat,3464428,19934142, Spots per feature calculation and feature filtration, 2.75396, sec
2023-08-22 13:45:08,698 [13] INFO  - 2023-08-22 13:43:58,F033,Z,4,iter,1,feat,3464428,19934142, Making Complete Code Target Calls, 6.86609, sec
2023-08-22 13:45:08,698 [13] INFO  - 2023-08-22 13:43:59,F033,Z,4,iter,1,feat,3464428,19934142, Target Call Location Estimation and iteration end update, 0.74934, sec
2023-08-22 13:45:08,698 [13] INFO  - 2023-08-22 13:43:59,F033,Z,4,iter,1,feat,3464428,19934142, Iteration summary generation, 0.262243, sec
2023-08-22 13:45:08,698 [13] INFO  - 2023-08-22 13:43:59,F033,Z,4,iter,1,feat,3464428,19934142, Iteration duration, 19.6555, sec
2023-08-22 13:45:08,698 [13] INFO  - 2023-08-22 13:43:59,F033,Z,4,iter,1,feat,3464428,19934142, Z slice processing duration, 51.7881, sec
2023-08-22 13:45:08,698 [13] INFO  - 2023-08-22 13:44:10,F033,Z,5,iter,0,feat,2981608,22915750, Spot file data loading and filtration , 8.77782, sec
2023-08-22 13:45:08,698 [13] INFO  - 2023-08-22 13:44:11,F033,Z,5,iter,0,feat,2981608,22915750, Seed neighbor determination, 2.73421, sec
2023-08-22 13:45:08,698 [13] INFO  - 2023-08-22 13:44:12,F033,Z,5,iter,0,feat,2981608,22915750, Quality Score Generation, 4.79866, sec
2023-08-22 13:45:08,698 [13] INFO  - 2023-08-22 13:44:15,F033,Z,5,iter,0,feat,2981608,22915750, Spots per feature calculation and feature filtration, 3.12688, sec
2023-08-22 13:45:08,698 [34] INFO  - 2023-08-22 13:44:21,F033,Z,5,iter,0,feat,2981608,22915750, Making Complete Code Target Calls, 5.28694, sec
2023-08-22 13:45:08,698 [34] INFO  - 2023-08-22 13:44:22,F033,Z,5,iter,0,feat,2981608,22915750, Target Call Location Estimation and iteration end update, 1.20118, sec
2023-08-22 13:45:08,698 [34] INFO  - 2023-08-22 13:44:22,F033,Z,5,iter,0,feat,2981608,22915750, Iteration summary generation, 0.018387, sec
2023-08-22 13:45:08,698 [34] INFO  - 2023-08-22 13:44:22,F033,Z,5,iter,0,feat,2981608,22915750, Iteration duration, 16.1256, sec
2023-08-22 13:45:08,698 [34] INFO  - 2023-08-22 13:44:24,F033,Z,5,iter,1,feat,2981608,22915750, Seed neighbor determination, 3.16166, sec
2023-08-22 13:45:08,698 [34] INFO  - 2023-08-22 13:44:26,F033,Z,5,iter,1,feat,2981608,22915750, Quality Score Generation, 7.05383, sec
2023-08-22 13:45:08,698 [34] INFO  - 2023-08-22 13:44:28,F033,Z,5,iter,1,feat,2981608,22915750, Spots per feature calculation and feature filtration, 2.55795, sec
2023-08-22 13:45:08,698 [34] INFO  - 2023-08-22 13:44:33,F033,Z,5,iter,1,feat,2981608,22915750, Making Complete Code Target Calls, 4.74291, sec
2023-08-22 13:45:08,698 [34] INFO  - 2023-08-22 13:44:34,F033,Z,5,iter,1,feat,2981608,22915750, Target Call Location Estimation and iteration end update, 0.547875, sec
2023-08-22 13:45:08,698 [34] INFO  - 2023-08-22 13:44:34,F033,Z,5,iter,1,feat,2981608,22915750, Iteration summary generation, 0.215198, sec
2023-08-22 13:45:08,698 [34] INFO  - 2023-08-22 13:44:34,F033,Z,5,iter,1,feat,2981608,22915750, Iteration duration, 16.8806, sec
2023-08-22 13:45:08,698 [34] INFO  - 2023-08-22 13:44:34,F033,Z,5,iter,1,feat,2981608,22915750, Z slice processing duration, 43.4195, sec
2023-08-22 13:45:08,698 [34] INFO  - 2023-08-22 13:44:41,F033,Z,6,iter,0,feat,2591008,25506758, Spot file data loading and filtration , 6.03817, sec
2023-08-22 13:45:08,698 [34] INFO  - 2023-08-22 13:44:43,F033,Z,6,iter,0,feat,2591008,25506758, Seed neighbor determination, 2.35288, sec
2023-08-22 13:45:08,698 [34] INFO  - 2023-08-22 13:44:44,F033,Z,6,iter,0,feat,2591008,25506758, Quality Score Generation, 4.02637, sec
2023-08-22 13:45:08,698 [34] INFO  - 2023-08-22 13:44:46,F033,Z,6,iter,0,feat,2591008,25506758, Spots per feature calculation and feature filtration, 2.56085, sec
2023-08-22 13:45:08,698 [34] INFO  - 2023-08-22 13:44:50,F033,Z,6,iter,0,feat,2591008,25506758, Making Complete Code Target Calls, 3.30697, sec
2023-08-22 13:45:08,698 [34] INFO  - 2023-08-22 13:44:50,F033,Z,6,iter,0,feat,2591008,25506758, Target Call Location Estimation and iteration end update, 0.765, sec
2023-08-22 13:45:08,698 [34] INFO  - 2023-08-22 13:44:50,F033,Z,6,iter,0,feat,2591008,25506758, Iteration summary generation, 0.009235, sec
2023-08-22 13:45:08,698 [34] INFO  - 2023-08-22 13:44:50,F033,Z,6,iter,0,feat,2591008,25506758, Iteration duration, 12.0183, sec
2023-08-22 13:45:08,698 [34] INFO  - 2023-08-22 13:44:52,F033,Z,6,iter,1,feat,2591008,25506758, Seed neighbor determination, 2.34979, sec
2023-08-22 13:45:08,698 [34] INFO  - 2023-08-22 13:44:53,F033,Z,6,iter,1,feat,2591008,25506758, Quality Score Generation, 5.69169, sec
2023-08-22 13:45:08,698 [34] INFO  - 2023-08-22 13:44:55,F033,Z,6,iter,1,feat,2591008,25506758, Spots per feature calculation and feature filtration, 2.10971, sec
2023-08-22 13:45:08,698 [34] INFO  - 2023-08-22 13:44:59,F033,Z,6,iter,1,feat,2591008,25506758, Making Complete Code Target Calls, 4.02995, sec
2023-08-22 13:45:08,698 [34] INFO  - 2023-08-22 13:45:00,F033,Z,6,iter,1,feat,2591008,25506758, Target Call Location Estimation and iteration end update, 0.458934, sec
2023-08-22 13:45:08,698 [34] INFO  - 2023-08-22 13:45:00,F033,Z,6,iter,1,feat,2591008,25506758, Iteration summary generation, 0.170443, sec
2023-08-22 13:45:08,698 [34] INFO  - 2023-08-22 13:45:00,F033,Z,6,iter,1,feat,2591008,25506758, Iteration duration, 13.7866, sec
2023-08-22 13:45:08,698 [34] INFO  - 2023-08-22 13:45:00,F033,Z,6,iter,1,feat,2591008,25506758, Z slice processing duration, 33.4321, sec
2023-08-22 13:45:08,698 [34] INFO  - 2023-08-22 13:45:07,F033,Z,7,iter,0,feat,2419974,27926732, Spot file data loading and filtration , 5.90607, sec
2023-08-22 13:45:36,650 [34] INFO  - 2023-08-22 13:45:08,F033,Z,7,iter,0,feat,2419974,27926732, Seed neighbor determination, 2.19151, sec
2023-08-22 13:45:36,651 [34] INFO  - 2023-08-22 13:45:09,F033,Z,7,iter,0,feat,2419974,27926732, Quality Score Generation, 3.83859, sec
2023-08-22 13:45:36,651 [34] INFO  - 2023-08-22 13:45:12,F033,Z,7,iter,0,feat,2419974,27926732, Spots per feature calculation and feature filtration, 2.45446, sec
2023-08-22 13:45:36,651 [34] INFO  - 2023-08-22 13:45:15,F033,Z,7,iter,0,feat,2419974,27926732, Making Complete Code Target Calls, 2.89573, sec
2023-08-22 13:45:36,651 [34] INFO  - 2023-08-22 13:45:15,F033,Z,7,iter,0,feat,2419974,27926732, Target Call Location Estimation and iteration end update, 0.670505, sec
2023-08-22 13:45:36,651 [34] INFO  - 2023-08-22 13:45:15,F033,Z,7,iter,0,feat,2419974,27926732, Iteration summary generation, 0.007328, sec
2023-08-22 13:45:36,651 [34] INFO  - 2023-08-22 13:45:15,F033,Z,7,iter,0,feat,2419974,27926732, Iteration duration, 11.1521, sec
2023-08-22 13:45:36,651 [34] INFO  - 2023-08-22 13:45:16,F033,Z,7,iter,1,feat,2419974,27926732, Seed neighbor determination, 2.22094, sec
2023-08-22 13:45:36,651 [34] INFO  - 2023-08-22 13:45:18,F033,Z,7,iter,1,feat,2419974,27926732, Quality Score Generation, 4.79665, sec
2023-08-22 13:45:36,651 [13] INFO  - 2023-08-22 13:45:20,F033,Z,7,iter,1,feat,2419974,27926732, Spots per feature calculation and feature filtration, 1.94177, sec
2023-08-22 13:45:36,651 [13] INFO  - 2023-08-22 13:45:23,F033,Z,7,iter,1,feat,2419974,27926732, Making Complete Code Target Calls, 3.68965, sec
2023-08-22 13:45:36,651 [13] INFO  - 2023-08-22 13:45:24,F033,Z,7,iter,1,feat,2419974,27926732, Target Call Location Estimation and iteration end update, 0.416905, sec
2023-08-22 13:45:36,651 [13] INFO  - 2023-08-22 13:45:24,F033,Z,7,iter,1,feat,2419974,27926732, Iteration summary generation, 0.132789, sec
2023-08-22 13:45:36,651 [13] INFO  - 2023-08-22 13:45:24,F033,Z,7,iter,1,feat,2419974,27926732, Iteration duration, 12.2339, sec
2023-08-22 13:45:36,651 [13] INFO  - 2023-08-22 13:45:24,F033,Z,7,iter,1,feat,2419974,27926732, Z slice processing duration, 30.4721, sec
2023-08-22 13:45:36,651 [13] INFO  - 2023-08-22 13:45:27,F033,Z,8,iter,0,feat,1354682,29281414, Spot file data loading and filtration , 1.67337, sec
2023-08-22 13:45:36,651 [13] INFO  - 2023-08-22 13:45:27,F033,Z,8,iter,0,feat,1354682,29281414, Seed neighbor determination, 1.20235, sec
2023-08-22 13:45:36,651 [13] INFO  - 2023-08-22 13:45:28,F033,Z,8,iter,0,feat,1354682,29281414, Quality Score Generation, 1.97307, sec
2023-08-22 13:45:36,651 [13] INFO  - 2023-08-22 13:45:29,F033,Z,8,iter,0,feat,1354682,29281414, Spots per feature calculation and feature filtration, 1.41649, sec
2023-08-22 13:45:36,651 [13] INFO  - 2023-08-22 13:45:31,F033,Z,8,iter,0,feat,1354682,29281414, Making Complete Code Target Calls, 1.16152, sec
2023-08-22 13:45:36,651 [13] INFO  - 2023-08-22 13:45:31,F033,Z,8,iter,0,feat,1354682,29281414, Target Call Location Estimation and iteration end update, 0.334031, sec
2023-08-22 13:45:36,651 [13] INFO  - 2023-08-22 13:45:31,F033,Z,8,iter,0,feat,1354682,29281414, Iteration summary generation, 0.003365, sec
2023-08-22 13:45:36,651 [13] INFO  - 2023-08-22 13:45:31,F033,Z,8,iter,0,feat,1354682,29281414, Iteration duration, 5.58787, sec
2023-08-22 13:45:36,651 [13] INFO  - 2023-08-22 13:45:31,F033,Z,8,iter,1,feat,1354682,29281414, Seed neighbor determination, 1.20029, sec
2023-08-22 13:45:36,651 [13] INFO  - 2023-08-22 13:45:32,F033,Z,8,iter,1,feat,1354682,29281414, Quality Score Generation, 2.3792, sec
2023-08-22 13:45:36,651 [13] INFO  - 2023-08-22 13:45:33,F033,Z,8,iter,1,feat,1354682,29281414, Spots per feature calculation and feature filtration, 1.19262, sec
2023-08-22 13:45:36,651 [13] INFO  - 2023-08-22 13:45:35,F033,Z,8,iter,1,feat,1354682,29281414, Making Complete Code Target Calls, 1.38608, sec
2023-08-22 13:45:36,651 [13] INFO  - 2023-08-22 13:45:35,F033,Z,8,iter,1,feat,1354682,29281414, Target Call Location Estimation and iteration end update, 0.188799, sec
2023-08-22 13:45:36,651 [13] INFO  - 2023-08-22 13:45:35,F033,Z,8,iter,1,feat,1354682,29281414, Iteration summary generation, 0.07236, sec
2023-08-22 13:45:36,651 [13] INFO  - 2023-08-22 13:45:35,F033,Z,8,iter,1,feat,1354682,29281414, Iteration duration, 5.92182, sec
2023-08-22 13:45:36,651 [13] INFO  - 2023-08-22 13:45:35,F033,Z,8,iter,1,feat,1354682,29281414, Z slice processing duration, 14.2965, sec
2023-08-22 13:45:36,651 [13] INFO  - 2023-08-22 13:45:36,F033,Z,8,iter,1,feat,1354682,29281414, FOV processing duration (final) , 469.685, sec
2023-08-22 13:45:36,666 [39] INFO  - Exited
2023-08-22 13:45:36,666 [39] INFO  - System.EventArgs
2023-08-22 13:45:36,667 [39] INFO  - { }
2023-08-22 13:45:36,668 [1] INFO  - mtmc run complete
2023-08-22 13:45:36,668 [1] INFO  - Zipping and uploading results...
2023-08-22 13:45:36,668 [1] INFO  - Uploading mtm results to storage.
2023-08-22 13:45:36,669 [1] INFO  - Start uploading /app/out/FOV033 to 892d9dcc-e56d-475c-8dee-2c395064223d/2302H0033/c9d29823-a69c-4328-a6b9-53e2b78fa3e3/Run_76ed1d6b-57d6-4076-9a09-09a6f1ded693_20230817_2302h0033_ControlCenter/20230817_175305/20230817_175305_S1/AnalysisResults/oxdwyv2woj/FOV033
2023-08-22 13:45:36,669 [1] INFO  - Executing with retries set to: 10
2023-08-22 13:45:38,117 [1] INFO  - Upload /app/out/FOV033 finished
2023-08-22 13:45:38,117 [1] INFO  - Results uploaded.
2023-08-22 13:45:38,117 [1] INFO  - All done
2023-08-22 13:45:38,117 [1] INFO  - Executing with retries set to: 10
2023-08-22 13:45:38,118 [1] INFO  - Setting fov oxdwyv2woj-xu87o into status Completed
2023-08-22 13:45:38,120 [1] INFO  - Saving a fov processing run: oxdwyv2woj-xu87o
2023-08-22 13:45:38,120 [1] INFO  - Updating an existing fov run.
2023-08-22 13:45:38,121 [1] INFO  - Uploading logs
2023-08-22 13:45:38,123 [1] INFO  - Start uploading 892d9dcc-e56d-475c-8dee-2c395064223d/2302H0033/c9d29823-a69c-4328-a6b9-53e2b78fa3e3/Run_76ed1d6b-57d6-4076-9a09-09a6f1ded693_20230817_2302h0033_ControlCenter/20230817_175305/20230817_175305_S1/AnalysisResults/oxdwyv2woj/FOV033/mtm-run.log
