2023-08-22 13:32:46,014 [1] INFO  - Using bucket s3-euw1-eu2-datarepository-eu2-eu2-kcl-01 and region eu-west-1
2023-08-22 13:32:46,065 [1] INFO  - Using role to access S3
2023-08-22 13:32:46,313 [1] INFO  - ===============================
2023-08-22 13:32:46,314 [1] INFO  - build info: 
commit 1860d865ce7409a4b25d5549a62e2b7be0a93d33
Author: alexander-serebriyan <alexander.serebriyan@teamdev.com>
Date:   Fri Feb 10 15:42:48 2023 +0100

    Add UAT env for ECR pushing.

Build done on: Fri Feb 10 14:46:39 UTC 2023
Version: 20230210.1

2023-08-22 13:32:46,314 [1] INFO  - ===============================
2023-08-22 13:32:46,314 [1] INFO  - Starting the job. Results will be uploaded to: 892d9dcc-e56d-475c-8dee-2c395064223d/2302H0033/c9d29823-a69c-4328-a6b9-53e2b78fa3e3/Run_76ed1d6b-57d6-4076-9a09-09a6f1ded693_20230817_2302h0033_ControlCenter/20230817_175305/20230817_175305_S1/AnalysisResults/oxdwyv2woj/FOV052
2023-08-22 13:32:46,314 [1] INFO  - Checking FOV status. Ref: oxdwyv2woj-u8bq6, ID: 892d9dcc-e56d-475c-8dee-2c395064223d/2302H0033/c9d29823-a69c-4328-a6b9-53e2b78fa3e3/Run_76ed1d6b-57d6-4076-9a09-09a6f1ded693_20230817_2302h0033_ControlCenter/20230817_175305/20230817_175305_S1/SpotFiles/FOV052/
2023-08-22 13:32:46,459 [1] INFO  - Executing with retries set to: 10
2023-08-22 13:32:46,460 [1] INFO  - Setting fov oxdwyv2woj-u8bq6 into status InProgress
2023-08-22 13:32:46,461 [1] INFO  - Saving a fov processing run: oxdwyv2woj-u8bq6
2023-08-22 13:32:46,461 [1] INFO  - Updating an existing fov run.
2023-08-22 13:32:46,499 [1] INFO  - Downloading FOV using next path: 892d9dcc-e56d-475c-8dee-2c395064223d/2302H0033/c9d29823-a69c-4328-a6b9-53e2b78fa3e3/Run_76ed1d6b-57d6-4076-9a09-09a6f1ded693_20230817_2302h0033_ControlCenter/20230817_175305/20230817_175305_S1/SpotFiles/FOV052/
2023-08-22 13:32:46,499 [1] INFO  - Start downloading 892d9dcc-e56d-475c-8dee-2c395064223d/2302H0033/c9d29823-a69c-4328-a6b9-53e2b78fa3e3/Run_76ed1d6b-57d6-4076-9a09-09a6f1ded693_20230817_2302h0033_ControlCenter/20230817_175305/20230817_175305_S1/SpotFiles/FOV052/
2023-08-22 13:32:46,499 [1] INFO  - Executing with retries set to: 10
2023-08-22 13:36:46,384 [1] INFO  - Download 892d9dcc-e56d-475c-8dee-2c395064223d/2302H0033/c9d29823-a69c-4328-a6b9-53e2b78fa3e3/Run_76ed1d6b-57d6-4076-9a09-09a6f1ded693_20230817_2302h0033_ControlCenter/20230817_175305/20230817_175305_S1/SpotFiles/FOV052/ complete
2023-08-22 13:36:46,384 [1] INFO  - Custom plex file specified. The default one will be overriden.
2023-08-22 13:36:46,384 [1] INFO  - Downloading plex file using next path: 892d9dcc-e56d-475c-8dee-2c395064223d/2302H0033/c9d29823-a69c-4328-a6b9-53e2b78fa3e3/Run_76ed1d6b-57d6-4076-9a09-09a6f1ded693_20230817_2302h0033_ControlCenter/20230817_175305/20230817_175305_S1/plex-oxdwyv2woj.txt
2023-08-22 13:36:46,384 [1] INFO  - Downloading 892d9dcc-e56d-475c-8dee-2c395064223d/2302H0033/c9d29823-a69c-4328-a6b9-53e2b78fa3e3/Run_76ed1d6b-57d6-4076-9a09-09a6f1ded693_20230817_2302h0033_ControlCenter/20230817_175305/20230817_175305_S1/plex-oxdwyv2woj.txt
2023-08-22 13:36:46,502 [1] INFO  - Download 892d9dcc-e56d-475c-8dee-2c395064223d/2302H0033/c9d29823-a69c-4328-a6b9-53e2b78fa3e3/Run_76ed1d6b-57d6-4076-9a09-09a6f1ded693_20230817_2302h0033_ControlCenter/20230817_175305/20230817_175305_S1/plex-oxdwyv2woj.txt finished
2023-08-22 13:36:46,502 [1] INFO  - No user params file specified. Trying to use the one from the storage.
2023-08-22 13:36:46,502 [1] INFO  - Downloading params file using next path: 892d9dcc-e56d-475c-8dee-2c395064223d/2302H0033/c9d29823-a69c-4328-a6b9-53e2b78fa3e3/Run_76ed1d6b-57d6-4076-9a09-09a6f1ded693_20230817_2302h0033_ControlCenter/20230817_175305/20230817_175305_S1/analysis_params_v6.txt
2023-08-22 13:36:46,502 [1] INFO  - Downloading 892d9dcc-e56d-475c-8dee-2c395064223d/2302H0033/c9d29823-a69c-4328-a6b9-53e2b78fa3e3/Run_76ed1d6b-57d6-4076-9a09-09a6f1ded693_20230817_2302h0033_ControlCenter/20230817_175305/20230817_175305_S1/analysis_params_v6.txt
2023-08-22 13:36:46,536 [1] ERROR -    at Amazon.Runtime.Internal.HttpErrorResponseExceptionHandler.HandleExceptionStream(IRequestContext requestContext, IWebResponseData httpErrorResponse, HttpErrorResponseException exception, Stream responseStream)
   at Amazon.Runtime.Internal.HttpErrorResponseExceptionHandler.HandleExceptionAsync(IExecutionContext executionContext, HttpErrorResponseException exception)
   at Amazon.Runtime.Internal.ExceptionHandler`1.HandleAsync(IExecutionContext executionContext, Exception exception)
   at Amazon.Runtime.Internal.ErrorHandler.ProcessExceptionAsync(IExecutionContext executionContext, Exception exception)
   at Amazon.Runtime.Internal.ErrorHandler.InvokeAsync[T](IExecutionContext executionContext)
   at Amazon.Runtime.Internal.CallbackHandler.InvokeAsync[T](IExecutionContext executionContext)
   at Amazon.Runtime.Internal.EndpointDiscoveryHandler.InvokeAsync[T](IExecutionContext executionContext)
   at Amazon.Runtime.Internal.EndpointDiscoveryHandler.InvokeAsync[T](IExecutionContext executionContext)
   at Amazon.Runtime.Internal.CredentialsRetriever.InvokeAsync[T](IExecutionContext executionContext)
   at Amazon.Runtime.Internal.RetryHandler.InvokeAsync[T](IExecutionContext executionContext)
   at Amazon.Runtime.Internal.RetryHandler.InvokeAsync[T](IExecutionContext executionContext)
   at Amazon.Runtime.Internal.CallbackHandler.InvokeAsync[T](IExecutionContext executionContext)
   at Amazon.Runtime.Internal.CallbackHandler.InvokeAsync[T](IExecutionContext executionContext)
   at Amazon.S3.Internal.AmazonS3ExceptionHandler.InvokeAsync[T](IExecutionContext executionContext)
   at Amazon.Runtime.Internal.ErrorCallbackHandler.InvokeAsync[T](IExecutionContext executionContext)
   at Amazon.Runtime.Internal.MetricsHandler.InvokeAsync[T](IExecutionContext executionContext)
   at Amazon.S3.Transfer.Internal.DownloadCommand.ExecuteAsync(CancellationToken cancellationToken)
   at Amazon.S3.Transfer.TransferUtility.Download(String filePath, String bucketName, String key)
   at Core.S3FileStorageService.DownloadFile(String remoteFilePath, String localFilePath) in /src/Core/S3FileStorageService.cs:line 67
   at MTMCWorker.Service.Impl.MtmcWorker.FetchParamsFile(String paramsFileRef, String flowCellPath) in /src/MTMCWorker/Service/Impl/MtmcWorker.cs:line 297
2023-08-22 13:36:46,537 [1] INFO  - Can't download params file next to nBCDir. Using the default one.
Amazon.S3.AmazonS3Exception: The specified key does not exist.
 ---> Amazon.Runtime.Internal.HttpErrorResponseException: Exception of type 'Amazon.Runtime.Internal.HttpErrorResponseException' was thrown.
   at Amazon.Runtime.HttpWebRequestMessage.GetResponseAsync(CancellationToken cancellationToken)
   at Amazon.Runtime.Internal.HttpHandler`1.InvokeAsync[T](IExecutionContext executionContext)
   at Amazon.Runtime.Internal.RedirectHandler.InvokeAsync[T](IExecutionContext executionContext)
   at Amazon.Runtime.Internal.Unmarshaller.InvokeAsync[T](IExecutionContext executionContext)
   at Amazon.S3.Internal.AmazonS3ResponseHandler.InvokeAsync[T](IExecutionContext executionContext)
   at Amazon.Runtime.Internal.ErrorHandler.InvokeAsync[T](IExecutionContext executionContext)
   --- End of inner exception stack trace ---
   at Amazon.Runtime.Internal.HttpErrorResponseExceptionHandler.HandleExceptionStream(IRequestContext requestContext, IWebResponseData httpErrorResponse, HttpErrorResponseException exception, Stream responseStream)
   at Amazon.Runtime.Internal.HttpErrorResponseExceptionHandler.HandleExceptionAsync(IExecutionContext executionContext, HttpErrorResponseException exception)
   at Amazon.Runtime.Internal.ExceptionHandler`1.HandleAsync(IExecutionContext executionContext, Exception exception)
   at Amazon.Runtime.Internal.ErrorHandler.ProcessExceptionAsync(IExecutionContext executionContext, Exception exception)
   at Amazon.Runtime.Internal.ErrorHandler.InvokeAsync[T](IExecutionContext executionContext)
   at Amazon.Runtime.Internal.CallbackHandler.InvokeAsync[T](IExecutionContext executionContext)
   at Amazon.Runtime.Internal.EndpointDiscoveryHandler.InvokeAsync[T](IExecutionContext executionContext)
   at Amazon.Runtime.Internal.EndpointDiscoveryHandler.InvokeAsync[T](IExecutionContext executionContext)
   at Amazon.Runtime.Internal.CredentialsRetriever.InvokeAsync[T](IExecutionContext executionContext)
   at Amazon.Runtime.Internal.RetryHandler.InvokeAsync[T](IExecutionContext executionContext)
   at Amazon.Runtime.Internal.RetryHandler.InvokeAsync[T](IExecutionContext executionContext)
   at Amazon.Runtime.Internal.CallbackHandler.InvokeAsync[T](IExecutionContext executionContext)
   at Amazon.Runtime.Internal.CallbackHandler.InvokeAsync[T](IExecutionContext executionContext)
   at Amazon.S3.Internal.AmazonS3ExceptionHandler.InvokeAsync[T](IExecutionContext executionContext)
   at Amazon.Runtime.Internal.ErrorCallbackHandler.InvokeAsync[T](IExecutionContext executionContext)
   at Amazon.Runtime.Internal.MetricsHandler.InvokeAsync[T](IExecutionContext executionContext)
   at Amazon.S3.Transfer.Internal.DownloadCommand.ExecuteAsync(CancellationToken cancellationToken)
   at Amazon.S3.Transfer.TransferUtility.Download(String filePath, String bucketName, String key)
   at Core.S3FileStorageService.DownloadFile(String remoteFilePath, String localFilePath) in /src/Core/S3FileStorageService.cs:line 67
   at MTMCWorker.Service.Impl.MtmcWorker.FetchParamsFile(String paramsFileRef, String flowCellPath) in /src/MTMCWorker/Service/Impl/MtmcWorker.cs:line 297
2023-08-22 13:36:46,539 [1] INFO  - Fetching CellStatsDir folder data...
2023-08-22 13:36:46,603 [1] INFO  - Downloading 892d9dcc-e56d-475c-8dee-2c395064223d/2302H0033/c9d29823-a69c-4328-a6b9-53e2b78fa3e3/Run_76ed1d6b-57d6-4076-9a09-09a6f1ded693_20230817_2302h0033_ControlCenter/20230817_175305/20230817_175305_S1/CellStatsDir/CellComposite/CellComposite_F052.jpg
2023-08-22 13:36:46,986 [1] INFO  - Download 892d9dcc-e56d-475c-8dee-2c395064223d/2302H0033/c9d29823-a69c-4328-a6b9-53e2b78fa3e3/Run_76ed1d6b-57d6-4076-9a09-09a6f1ded693_20230817_2302h0033_ControlCenter/20230817_175305/20230817_175305_S1/CellStatsDir/CellComposite/CellComposite_F052.jpg finished
2023-08-22 13:36:46,986 [1] INFO  - Downloading 892d9dcc-e56d-475c-8dee-2c395064223d/2302H0033/c9d29823-a69c-4328-a6b9-53e2b78fa3e3/Run_76ed1d6b-57d6-4076-9a09-09a6f1ded693_20230817_2302h0033_ControlCenter/20230817_175305/20230817_175305_S1/CellStatsDir/CellOverlay/CellOverlay_F052.jpg
2023-08-22 13:36:47,396 [1] INFO  - Download 892d9dcc-e56d-475c-8dee-2c395064223d/2302H0033/c9d29823-a69c-4328-a6b9-53e2b78fa3e3/Run_76ed1d6b-57d6-4076-9a09-09a6f1ded693_20230817_2302h0033_ControlCenter/20230817_175305/20230817_175305_S1/CellStatsDir/CellOverlay/CellOverlay_F052.jpg finished
2023-08-22 13:36:47,396 [1] INFO  - Downloading 892d9dcc-e56d-475c-8dee-2c395064223d/2302H0033/c9d29823-a69c-4328-a6b9-53e2b78fa3e3/Run_76ed1d6b-57d6-4076-9a09-09a6f1ded693_20230817_2302h0033_ControlCenter/20230817_175305/20230817_175305_S1/CellStatsDir/FOV052/CellLabels_F052.tif
2023-08-22 13:36:47,624 [1] INFO  - Download 892d9dcc-e56d-475c-8dee-2c395064223d/2302H0033/c9d29823-a69c-4328-a6b9-53e2b78fa3e3/Run_76ed1d6b-57d6-4076-9a09-09a6f1ded693_20230817_2302h0033_ControlCenter/20230817_175305/20230817_175305_S1/CellStatsDir/FOV052/CellLabels_F052.tif finished
2023-08-22 13:36:47,624 [1] INFO  - Downloading 892d9dcc-e56d-475c-8dee-2c395064223d/2302H0033/c9d29823-a69c-4328-a6b9-53e2b78fa3e3/Run_76ed1d6b-57d6-4076-9a09-09a6f1ded693_20230817_2302h0033_ControlCenter/20230817_175305/20230817_175305_S1/CellStatsDir/FOV052/CompartmentLabels_F052.tif
2023-08-22 13:36:47,849 [1] INFO  - Download 892d9dcc-e56d-475c-8dee-2c395064223d/2302H0033/c9d29823-a69c-4328-a6b9-53e2b78fa3e3/Run_76ed1d6b-57d6-4076-9a09-09a6f1ded693_20230817_2302h0033_ControlCenter/20230817_175305/20230817_175305_S1/CellStatsDir/FOV052/CompartmentLabels_F052.tif finished
2023-08-22 13:36:47,850 [1] INFO  - Downloading 892d9dcc-e56d-475c-8dee-2c395064223d/2302H0033/c9d29823-a69c-4328-a6b9-53e2b78fa3e3/Run_76ed1d6b-57d6-4076-9a09-09a6f1ded693_20230817_2302h0033_ControlCenter/20230817_175305/20230817_175305_S1/CellStatsDir/FOV052/Run_76ed1d6b-57d6-4076-9a09-09a6f1ded693_20230817_175305_S1_Cell_Stats_F052.csv
2023-08-22 13:36:48,062 [1] INFO  - Download 892d9dcc-e56d-475c-8dee-2c395064223d/2302H0033/c9d29823-a69c-4328-a6b9-53e2b78fa3e3/Run_76ed1d6b-57d6-4076-9a09-09a6f1ded693_20230817_2302h0033_ControlCenter/20230817_175305/20230817_175305_S1/CellStatsDir/FOV052/Run_76ed1d6b-57d6-4076-9a09-09a6f1ded693_20230817_175305_S1_Cell_Stats_F052.csv finished
2023-08-22 13:36:48,062 [1] INFO  - Downloading 892d9dcc-e56d-475c-8dee-2c395064223d/2302H0033/c9d29823-a69c-4328-a6b9-53e2b78fa3e3/Run_76ed1d6b-57d6-4076-9a09-09a6f1ded693_20230817_2302h0033_ControlCenter/20230817_175305/20230817_175305_S1/CellStatsDir/Morphology2D/20230817_175305_S1_C902_P99_N99_F052.TIF
2023-08-22 13:36:49,020 [1] INFO  - Download 892d9dcc-e56d-475c-8dee-2c395064223d/2302H0033/c9d29823-a69c-4328-a6b9-53e2b78fa3e3/Run_76ed1d6b-57d6-4076-9a09-09a6f1ded693_20230817_2302h0033_ControlCenter/20230817_175305/20230817_175305_S1/CellStatsDir/Morphology2D/20230817_175305_S1_C902_P99_N99_F052.TIF finished
2023-08-22 13:36:49,020 [1] INFO  - Downloading 892d9dcc-e56d-475c-8dee-2c395064223d/2302H0033/c9d29823-a69c-4328-a6b9-53e2b78fa3e3/Run_76ed1d6b-57d6-4076-9a09-09a6f1ded693_20230817_2302h0033_ControlCenter/20230817_175305/20230817_175305_S1/CellStatsDir/RnD/Run_76ed1d6b-57d6-4076-9a09-09a6f1ded693_20230817_175305_S1_Summary_F052.csv
2023-08-22 13:36:49,212 [1] INFO  - Download 892d9dcc-e56d-475c-8dee-2c395064223d/2302H0033/c9d29823-a69c-4328-a6b9-53e2b78fa3e3/Run_76ed1d6b-57d6-4076-9a09-09a6f1ded693_20230817_2302h0033_ControlCenter/20230817_175305/20230817_175305_S1/CellStatsDir/RnD/Run_76ed1d6b-57d6-4076-9a09-09a6f1ded693_20230817_175305_S1_Summary_F052.csv finished
2023-08-22 13:36:49,212 [1] INFO  - CellStatsDir data download complete.
2023-08-22 13:36:49,213 [1] INFO  - FOV downloaded successfully.
2023-08-22 13:36:49,213 [1] INFO  - Preparing dirs structure for mtmc
2023-08-22 13:36:49,213 [1] INFO  - Preparing mtmc input. FOV dir: FOV052
2023-08-22 13:36:49,216 [1] INFO  - Running mtmc...
2023-08-22 13:36:49,222 [16] INFO  - directory: "/app/input_data/"
2023-08-22 13:36:49,489 [16] INFO  - directory: "/app/out/FOV052/"
2023-08-22 13:40:11,120 [16] INFO  - 2023-08-22 13:36:49,F052,Z,0,iter,0,feat,0,0, Reading and combining input data, 0.033327, sec
2023-08-22 13:40:11,121 [16] INFO  - 2023-08-22 13:36:52,F052,Z,0,iter,0,feat,1511494,1511494, Spot file data loading and filtration , 3.12475, sec
2023-08-22 13:40:11,121 [16] INFO  - 2023-08-22 13:36:53,F052,Z,0,iter,0,feat,1511494,1511494, Seed neighbor determination, 1.88657, sec
2023-08-22 13:40:11,121 [16] INFO  - 2023-08-22 13:36:54,F052,Z,0,iter,0,feat,1511494,1511494, Quality Score Generation, 2.57073, sec
2023-08-22 13:40:11,121 [16] INFO  - 2023-08-22 13:36:58,F052,Z,0,iter,0,feat,1511494,1511494, Spots per feature calculation and feature filtration, 3.64216, sec
2023-08-22 13:40:11,121 [16] INFO  - 2023-08-22 13:36:58,F052,Z,0,iter,0,feat,1511494,1511494, Making Complete Code Target Calls, 0.57114, sec
2023-08-22 13:40:11,121 [16] INFO  - 2023-08-22 13:36:58,F052,Z,0,iter,0,feat,1511494,1511494, Target Call Location Estimation and iteration end update, 0.169546, sec
2023-08-22 13:40:11,121 [16] INFO  - 2023-08-22 13:36:58,F052,Z,0,iter,0,feat,1511494,1511494, Iteration summary generation, 0.001171, sec
2023-08-22 13:40:11,121 [16] INFO  - 2023-08-22 13:36:58,F052,Z,0,iter,0,feat,1511494,1511494, Iteration duration, 8.01982, sec
2023-08-22 13:40:11,124 [16] INFO  - 2023-08-22 13:36:59,F052,Z,0,iter,1,feat,1511494,1511494, Seed neighbor determination, 1.85478, sec
2023-08-22 13:40:11,124 [16] INFO  - 2023-08-22 13:37:01,F052,Z,0,iter,1,feat,1511494,1511494, Quality Score Generation, 3.32122, sec
2023-08-22 13:40:11,124 [16] INFO  - 2023-08-22 13:37:03,F052,Z,0,iter,1,feat,1511494,1511494, Spots per feature calculation and feature filtration, 1.827, sec
2023-08-22 13:40:11,124 [16] INFO  - 2023-08-22 13:37:04,F052,Z,0,iter,1,feat,1511494,1511494, Making Complete Code Target Calls, 0.637092, sec
2023-08-22 13:40:11,125 [16] INFO  - 2023-08-22 13:37:04,F052,Z,0,iter,1,feat,1511494,1511494, Target Call Location Estimation and iteration end update, 0.112427, sec
2023-08-22 13:40:11,125 [16] INFO  - 2023-08-22 13:37:04,F052,Z,0,iter,1,feat,1511494,1511494, Iteration summary generation, 0.015601, sec
2023-08-22 13:40:11,125 [16] INFO  - 2023-08-22 13:37:04,F052,Z,0,iter,1,feat,1511494,1511494, Iteration duration, 6.95611, sec
2023-08-22 13:40:11,125 [16] INFO  - 2023-08-22 13:37:04,F052,Z,0,iter,1,feat,1511494,1511494, Z slice processing duration, 18.1044, sec
2023-08-22 13:40:11,125 [16] INFO  - 2023-08-22 13:37:26,F052,Z,1,iter,0,feat,5972388,7483882, Spot file data loading and filtration , 19.8763, sec
2023-08-22 13:40:11,125 [16] INFO  - 2023-08-22 13:37:30,F052,Z,1,iter,0,feat,5972388,7483882, Seed neighbor determination, 7.39078, sec
2023-08-22 13:40:11,125 [16] INFO  - 2023-08-22 13:37:38,F052,Z,1,iter,0,feat,5972388,7483882, Quality Score Generation, 21.796, sec
2023-08-22 13:40:11,125 [16] INFO  - 2023-08-22 13:37:48,F052,Z,1,iter,0,feat,5972388,7483882, Spots per feature calculation and feature filtration, 9.87199, sec
2023-08-22 13:40:11,125 [16] INFO  - 2023-08-22 13:38:10,F052,Z,1,iter,0,feat,5972388,7483882, Making Complete Code Target Calls, 19.8896, sec
2023-08-22 13:40:11,125 [16] INFO  - 2023-08-22 13:38:18,F052,Z,1,iter,0,feat,5972388,7483882, Target Call Location Estimation and iteration end update, 7.76794, sec
2023-08-22 13:40:11,125 [16] INFO  - 2023-08-22 13:38:18,F052,Z,1,iter,0,feat,5972388,7483882, Iteration summary generation, 0.039254, sec
2023-08-22 13:40:11,125 [16] INFO  - 2023-08-22 13:38:18,F052,Z,1,iter,0,feat,5972388,7483882, Iteration duration, 63.8337, sec
2023-08-22 13:40:11,125 [16] INFO  - 2023-08-22 13:38:22,F052,Z,1,iter,1,feat,5972388,7483882, Seed neighbor determination, 8.16659, sec
2023-08-22 13:40:11,125 [16] INFO  - 2023-08-22 13:38:33,F052,Z,1,iter,1,feat,5972388,7483882, Quality Score Generation, 29.4511, sec
2023-08-22 13:40:11,125 [16] INFO  - 2023-08-22 13:38:42,F052,Z,1,iter,1,feat,5972388,7483882, Spots per feature calculation and feature filtration, 9.01725, sec
2023-08-22 13:40:11,125 [16] INFO  - 2023-08-22 13:39:04,F052,Z,1,iter,1,feat,5972388,7483882, Making Complete Code Target Calls, 20.6711, sec
2023-08-22 13:40:11,125 [16] INFO  - 2023-08-22 13:39:07,F052,Z,1,iter,1,feat,5972388,7483882, Target Call Location Estimation and iteration end update, 3.58823, sec
2023-08-22 13:40:11,125 [16] INFO  - 2023-08-22 13:39:08,F052,Z,1,iter,1,feat,5972388,7483882, Iteration summary generation, 0.680921, sec
2023-08-22 13:40:11,126 [16] INFO  - 2023-08-22 13:39:08,F052,Z,1,iter,1,feat,5972388,7483882, Iteration duration, 68.2927, sec
2023-08-22 13:40:11,126 [16] INFO  - 2023-08-22 13:39:08,F052,Z,1,iter,1,feat,5972388,7483882, Z slice processing duration, 152.986, sec
2023-08-22 13:40:11,126 [16] INFO  - 2023-08-22 13:39:28,F052,Z,2,iter,0,feat,5124633,12608515, Spot file data loading and filtration , 15.6811, sec
2023-08-22 13:40:11,126 [16] INFO  - 2023-08-22 13:39:31,F052,Z,2,iter,0,feat,5124633,12608515, Seed neighbor determination, 6.17104, sec
2023-08-22 13:40:11,126 [16] INFO  - 2023-08-22 13:39:37,F052,Z,2,iter,0,feat,5124633,12608515, Quality Score Generation, 21.2597, sec
2023-08-22 13:40:11,126 [16] INFO  - 2023-08-22 13:39:46,F052,Z,2,iter,0,feat,5124633,12608515, Spots per feature calculation and feature filtration, 8.52577, sec
2023-08-22 13:40:11,126 [16] INFO  - 2023-08-22 13:40:05,F052,Z,2,iter,0,feat,5124633,12608515, Making Complete Code Target Calls, 17.2244, sec
2023-08-22 13:43:01,378 [19] INFO  - 2023-08-22 13:40:11,F052,Z,2,iter,0,feat,5124633,12608515, Target Call Location Estimation and iteration end update, 6.01969, sec
2023-08-22 13:43:01,378 [19] INFO  - 2023-08-22 13:40:11,F052,Z,2,iter,0,feat,5124633,12608515, Iteration summary generation, 0.040749, sec
2023-08-22 13:43:01,378 [19] INFO  - 2023-08-22 13:40:11,F052,Z,2,iter,0,feat,5124633,12608515, Iteration duration, 56.7092, sec
2023-08-22 13:43:01,378 [19] INFO  - 2023-08-22 13:40:14,F052,Z,2,iter,1,feat,5124633,12608515, Seed neighbor determination, 6.7265, sec
2023-08-22 13:43:01,378 [19] INFO  - 2023-08-22 13:40:20,F052,Z,2,iter,1,feat,5124633,12608515, Quality Score Generation, 20.3228, sec
2023-08-22 13:43:01,378 [19] INFO  - 2023-08-22 13:40:29,F052,Z,2,iter,1,feat,5124633,12608515, Spots per feature calculation and feature filtration, 8.10424, sec
2023-08-22 13:43:01,378 [19] INFO  - 2023-08-22 13:40:46,F052,Z,2,iter,1,feat,5124633,12608515, Making Complete Code Target Calls, 16.9121, sec
2023-08-22 13:43:01,378 [19] INFO  - 2023-08-22 13:40:49,F052,Z,2,iter,1,feat,5124633,12608515, Target Call Location Estimation and iteration end update, 2.31702, sec
2023-08-22 13:43:01,378 [19] INFO  - 2023-08-22 13:40:50,F052,Z,2,iter,1,feat,5124633,12608515, Iteration summary generation, 0.782555, sec
2023-08-22 13:43:01,378 [19] INFO  - 2023-08-22 13:40:50,F052,Z,2,iter,1,feat,5124633,12608515, Iteration duration, 52.7548, sec
2023-08-22 13:43:01,378 [19] INFO  - 2023-08-22 13:40:50,F052,Z,2,iter,1,feat,5124633,12608515, Z slice processing duration, 129.28, sec
2023-08-22 13:43:01,378 [19] INFO  - 2023-08-22 13:41:05,F052,Z,3,iter,0,feat,4160614,16769129, Spot file data loading and filtration , 12.211, sec
2023-08-22 13:43:01,378 [19] INFO  - 2023-08-22 13:41:08,F052,Z,3,iter,0,feat,4160614,16769129, Seed neighbor determination, 6.53289, sec
2023-08-22 13:43:01,378 [19] INFO  - 2023-08-22 13:41:13,F052,Z,3,iter,0,feat,4160614,16769129, Quality Score Generation, 15.8475, sec
2023-08-22 13:43:01,378 [19] INFO  - 2023-08-22 13:41:22,F052,Z,3,iter,0,feat,4160614,16769129, Spots per feature calculation and feature filtration, 8.77424, sec
2023-08-22 13:43:01,378 [19] INFO  - 2023-08-22 13:41:35,F052,Z,3,iter,0,feat,4160614,16769129, Making Complete Code Target Calls, 12.9766, sec
2023-08-22 13:43:01,378 [19] INFO  - 2023-08-22 13:41:39,F052,Z,3,iter,0,feat,4160614,16769129, Target Call Location Estimation and iteration end update, 3.94943, sec
2023-08-22 13:43:01,378 [19] INFO  - 2023-08-22 13:41:39,F052,Z,3,iter,0,feat,4160614,16769129, Iteration summary generation, 0.022149, sec
2023-08-22 13:43:01,378 [19] INFO  - 2023-08-22 13:41:39,F052,Z,3,iter,0,feat,4160614,16769129, Iteration duration, 45.3553, sec
2023-08-22 13:43:01,378 [30] INFO  - 2023-08-22 13:41:41,F052,Z,3,iter,1,feat,4160614,16769129, Seed neighbor determination, 4.38207, sec
2023-08-22 13:43:01,378 [30] INFO  - 2023-08-22 13:41:46,F052,Z,3,iter,1,feat,4160614,16769129, Quality Score Generation, 17.7383, sec
2023-08-22 13:43:01,378 [30] INFO  - 2023-08-22 13:41:51,F052,Z,3,iter,1,feat,4160614,16769129, Spots per feature calculation and feature filtration, 4.99227, sec
2023-08-22 13:43:01,378 [30] INFO  - 2023-08-22 13:42:05,F052,Z,3,iter,1,feat,4160614,16769129, Making Complete Code Target Calls, 13.0516, sec
2023-08-22 13:43:01,378 [30] INFO  - 2023-08-22 13:42:08,F052,Z,3,iter,1,feat,4160614,16769129, Target Call Location Estimation and iteration end update, 3.3012, sec
2023-08-22 13:43:01,378 [30] INFO  - 2023-08-22 13:42:09,F052,Z,3,iter,1,feat,4160614,16769129, Iteration summary generation, 0.574076, sec
2023-08-22 13:43:01,378 [30] INFO  - 2023-08-22 13:42:09,F052,Z,3,iter,1,feat,4160614,16769129, Iteration duration, 42.2309, sec
2023-08-22 13:43:01,378 [30] INFO  - 2023-08-22 13:42:09,F052,Z,3,iter,1,feat,4160614,16769129, Z slice processing duration, 103.186, sec
2023-08-22 13:43:01,378 [30] INFO  - 2023-08-22 13:42:21,F052,Z,4,iter,0,feat,3441214,20210343, Spot file data loading and filtration , 10.454, sec
2023-08-22 13:43:01,378 [30] INFO  - 2023-08-22 13:42:23,F052,Z,4,iter,0,feat,3441214,20210343, Seed neighbor determination, 3.72933, sec
2023-08-22 13:43:01,378 [30] INFO  - 2023-08-22 13:42:28,F052,Z,4,iter,0,feat,3441214,20210343, Quality Score Generation, 15.8118, sec
2023-08-22 13:43:01,378 [30] INFO  - 2023-08-22 13:42:34,F052,Z,4,iter,0,feat,3441214,20210343, Spots per feature calculation and feature filtration, 5.78064, sec
2023-08-22 13:43:01,378 [30] INFO  - 2023-08-22 13:42:41,F052,Z,4,iter,0,feat,3441214,20210343, Making Complete Code Target Calls, 6.35553, sec
2023-08-22 13:43:01,378 [30] INFO  - 2023-08-22 13:42:42,F052,Z,4,iter,0,feat,3441214,20210343, Target Call Location Estimation and iteration end update, 1.33459, sec
2023-08-22 13:43:01,378 [30] INFO  - 2023-08-22 13:42:42,F052,Z,4,iter,0,feat,3441214,20210343, Iteration summary generation, 0.018848, sec
2023-08-22 13:43:01,378 [30] INFO  - 2023-08-22 13:42:42,F052,Z,4,iter,0,feat,3441214,20210343, Iteration duration, 31.473, sec
2023-08-22 13:43:01,378 [30] INFO  - 2023-08-22 13:42:44,F052,Z,4,iter,1,feat,3441214,20210343, Seed neighbor determination, 3.86807, sec
2023-08-22 13:43:01,378 [30] INFO  - 2023-08-22 13:42:48,F052,Z,4,iter,1,feat,3441214,20210343, Quality Score Generation, 12.3576, sec
2023-08-22 13:43:01,378 [30] INFO  - 2023-08-22 13:42:53,F052,Z,4,iter,1,feat,3441214,20210343, Spots per feature calculation and feature filtration, 5.07713, sec
2023-08-22 13:44:38,685 [30] INFO  - 2023-08-22 13:43:01,F052,Z,4,iter,1,feat,3441214,20210343, Making Complete Code Target Calls, 7.83401, sec
2023-08-22 13:44:38,685 [30] INFO  - 2023-08-22 13:43:04,F052,Z,4,iter,1,feat,3441214,20210343, Target Call Location Estimation and iteration end update, 3.1959, sec
2023-08-22 13:44:38,685 [30] INFO  - 2023-08-22 13:43:04,F052,Z,4,iter,1,feat,3441214,20210343, Iteration summary generation, 0.373684, sec
2023-08-22 13:44:38,685 [30] INFO  - 2023-08-22 13:43:04,F052,Z,4,iter,1,feat,3441214,20210343, Iteration duration, 30.9166, sec
2023-08-22 13:44:38,685 [30] INFO  - 2023-08-22 13:43:04,F052,Z,4,iter,1,feat,3441214,20210343, Z slice processing duration, 75.0583, sec
2023-08-22 13:44:38,685 [30] INFO  - 2023-08-22 13:43:16,F052,Z,5,iter,0,feat,2894673,23105016, Spot file data loading and filtration , 9.75728, sec
2023-08-22 13:44:38,685 [30] INFO  - 2023-08-22 13:43:18,F052,Z,5,iter,0,feat,2894673,23105016, Seed neighbor determination, 3.64391, sec
2023-08-22 13:44:38,685 [30] INFO  - 2023-08-22 13:43:20,F052,Z,5,iter,0,feat,2894673,23105016, Quality Score Generation, 7.51105, sec
2023-08-22 13:44:38,685 [30] INFO  - 2023-08-22 13:43:25,F052,Z,5,iter,0,feat,2894673,23105016, Spots per feature calculation and feature filtration, 5.02026, sec
2023-08-22 13:44:38,686 [30] INFO  - 2023-08-22 13:43:31,F052,Z,5,iter,0,feat,2894673,23105016, Making Complete Code Target Calls, 5.33459, sec
2023-08-22 13:44:38,686 [30] INFO  - 2023-08-22 13:43:32,F052,Z,5,iter,0,feat,2894673,23105016, Target Call Location Estimation and iteration end update, 1.49715, sec
2023-08-22 13:44:38,686 [30] INFO  - 2023-08-22 13:43:32,F052,Z,5,iter,0,feat,2894673,23105016, Iteration summary generation, 0.019465, sec
2023-08-22 13:44:38,686 [30] INFO  - 2023-08-22 13:43:32,F052,Z,5,iter,0,feat,2894673,23105016, Iteration duration, 21.3791, sec
2023-08-22 13:44:38,686 [30] INFO  - 2023-08-22 13:43:34,F052,Z,5,iter,1,feat,2894673,23105016, Seed neighbor determination, 3.43986, sec
2023-08-22 13:44:38,686 [30] INFO  - 2023-08-22 13:43:39,F052,Z,5,iter,1,feat,2894673,23105016, Quality Score Generation, 11.8721, sec
2023-08-22 13:44:38,686 [30] INFO  - 2023-08-22 13:43:42,F052,Z,5,iter,1,feat,2894673,23105016, Spots per feature calculation and feature filtration, 2.85168, sec
2023-08-22 13:44:38,686 [30] INFO  - 2023-08-22 13:43:48,F052,Z,5,iter,1,feat,2894673,23105016, Making Complete Code Target Calls, 5.72171, sec
2023-08-22 13:44:38,686 [30] INFO  - 2023-08-22 13:43:51,F052,Z,5,iter,1,feat,2894673,23105016, Target Call Location Estimation and iteration end update, 2.69453, sec
2023-08-22 13:44:38,686 [30] INFO  - 2023-08-22 13:43:51,F052,Z,5,iter,1,feat,2894673,23105016, Iteration summary generation, 0.279415, sec
2023-08-22 13:44:38,686 [30] INFO  - 2023-08-22 13:43:51,F052,Z,5,iter,1,feat,2894673,23105016, Iteration duration, 25.3718, sec
2023-08-22 13:44:38,686 [30] INFO  - 2023-08-22 13:43:51,F052,Z,5,iter,1,feat,2894673,23105016, Z slice processing duration, 58.4691, sec
2023-08-22 13:44:38,686 [30] INFO  - 2023-08-22 13:44:02,F052,Z,6,iter,0,feat,2515054,25620070, Spot file data loading and filtration , 9.10918, sec
2023-08-22 13:44:38,686 [30] INFO  - 2023-08-22 13:44:03,F052,Z,6,iter,0,feat,2515054,25620070, Seed neighbor determination, 2.9899, sec
2023-08-22 13:44:38,686 [30] INFO  - 2023-08-22 13:44:05,F052,Z,6,iter,0,feat,2515054,25620070, Quality Score Generation, 5.86446, sec
2023-08-22 13:44:38,686 [30] INFO  - 2023-08-22 13:44:09,F052,Z,6,iter,0,feat,2515054,25620070, Spots per feature calculation and feature filtration, 4.45352, sec
2023-08-22 13:44:38,686 [30] INFO  - 2023-08-22 13:44:13,F052,Z,6,iter,0,feat,2515054,25620070, Making Complete Code Target Calls, 3.68493, sec
2023-08-22 13:44:38,686 [30] INFO  - 2023-08-22 13:44:14,F052,Z,6,iter,0,feat,2515054,25620070, Target Call Location Estimation and iteration end update, 1.10037, sec
2023-08-22 13:44:38,686 [30] INFO  - 2023-08-22 13:44:14,F052,Z,6,iter,0,feat,2515054,25620070, Iteration summary generation, 0.015634, sec
2023-08-22 13:44:38,686 [30] INFO  - 2023-08-22 13:44:14,F052,Z,6,iter,0,feat,2515054,25620070, Iteration duration, 16.8659, sec
2023-08-22 13:44:38,686 [30] INFO  - 2023-08-22 13:44:16,F052,Z,6,iter,1,feat,2515054,25620070, Seed neighbor determination, 2.78156, sec
2023-08-22 13:44:38,686 [30] INFO  - 2023-08-22 13:44:18,F052,Z,6,iter,1,feat,2515054,25620070, Quality Score Generation, 9.07187, sec
2023-08-22 13:44:38,686 [30] INFO  - 2023-08-22 13:44:22,F052,Z,6,iter,1,feat,2515054,25620070, Spots per feature calculation and feature filtration, 3.7009, sec
2023-08-22 13:44:38,686 [30] INFO  - 2023-08-22 13:44:29,F052,Z,6,iter,1,feat,2515054,25620070, Making Complete Code Target Calls, 6.85514, sec
2023-08-22 13:44:38,686 [30] INFO  - 2023-08-22 13:44:29,F052,Z,6,iter,1,feat,2515054,25620070, Target Call Location Estimation and iteration end update, 0.501193, sec
2023-08-22 13:44:38,686 [30] INFO  - 2023-08-22 13:44:29,F052,Z,6,iter,1,feat,2515054,25620070, Iteration summary generation, 0.279612, sec
2023-08-22 13:44:38,686 [30] INFO  - 2023-08-22 13:44:29,F052,Z,6,iter,1,feat,2515054,25620070, Iteration duration, 21.8635, sec
2023-08-22 13:44:38,686 [30] INFO  - 2023-08-22 13:44:29,F052,Z,6,iter,1,feat,2515054,25620070, Z slice processing duration, 49.5754, sec
2023-08-22 13:44:38,686 [30] INFO  - 2023-08-22 13:44:37,F052,Z,7,iter,0,feat,2284117,27904187, Spot file data loading and filtration , 6.24951, sec
2023-08-22 13:45:14,415 [30] INFO  - 2023-08-22 13:44:38,F052,Z,7,iter,0,feat,2284117,27904187, Seed neighbor determination, 2.08097, sec
2023-08-22 13:45:14,415 [30] INFO  - 2023-08-22 13:44:39,F052,Z,7,iter,0,feat,2284117,27904187, Quality Score Generation, 4.71623, sec
2023-08-22 13:45:14,415 [30] INFO  - 2023-08-22 13:44:44,F052,Z,7,iter,0,feat,2284117,27904187, Spots per feature calculation and feature filtration, 4.12303, sec
2023-08-22 13:45:14,415 [30] INFO  - 2023-08-22 13:44:48,F052,Z,7,iter,0,feat,2284117,27904187, Making Complete Code Target Calls, 3.83255, sec
2023-08-22 13:45:14,415 [30] INFO  - 2023-08-22 13:44:49,F052,Z,7,iter,0,feat,2284117,27904187, Target Call Location Estimation and iteration end update, 0.979153, sec
2023-08-22 13:45:14,415 [30] INFO  - 2023-08-22 13:44:49,F052,Z,7,iter,0,feat,2284117,27904187, Iteration summary generation, 0.014883, sec
2023-08-22 13:45:14,415 [30] INFO  - 2023-08-22 13:44:49,F052,Z,7,iter,0,feat,2284117,27904187, Iteration duration, 14.9838, sec
2023-08-22 13:45:14,415 [30] INFO  - 2023-08-22 13:44:50,F052,Z,7,iter,1,feat,2284117,27904187, Seed neighbor determination, 2.71116, sec
2023-08-22 13:45:14,415 [30] INFO  - 2023-08-22 13:44:52,F052,Z,7,iter,1,feat,2284117,27904187, Quality Score Generation, 6.45037, sec
2023-08-22 13:45:14,417 [30] INFO  - 2023-08-22 13:44:54,F052,Z,7,iter,1,feat,2284117,27904187, Spots per feature calculation and feature filtration, 2.64849, sec
2023-08-22 13:45:14,417 [30] INFO  - 2023-08-22 13:44:58,F052,Z,7,iter,1,feat,2284117,27904187, Making Complete Code Target Calls, 3.98131, sec
2023-08-22 13:45:14,417 [30] INFO  - 2023-08-22 13:45:00,F052,Z,7,iter,1,feat,2284117,27904187, Target Call Location Estimation and iteration end update, 1.39564, sec
2023-08-22 13:45:14,417 [30] INFO  - 2023-08-22 13:45:00,F052,Z,7,iter,1,feat,2284117,27904187, Iteration summary generation, 0.267068, sec
2023-08-22 13:45:14,417 [30] INFO  - 2023-08-22 13:45:00,F052,Z,7,iter,1,feat,2284117,27904187, Iteration duration, 16.2881, sec
2023-08-22 13:45:14,417 [30] INFO  - 2023-08-22 13:45:00,F052,Z,7,iter,1,feat,2284117,27904187, Z slice processing duration, 38.9293, sec
2023-08-22 13:45:14,417 [30] INFO  - 2023-08-22 13:45:03,F052,Z,8,iter,0,feat,984451,28888638, Spot file data loading and filtration , 1.62871, sec
2023-08-22 13:45:14,417 [30] INFO  - 2023-08-22 13:45:04,F052,Z,8,iter,0,feat,984451,28888638, Seed neighbor determination, 1.11665, sec
2023-08-22 13:45:14,417 [30] INFO  - 2023-08-22 13:45:04,F052,Z,8,iter,0,feat,984451,28888638, Quality Score Generation, 2.25611, sec
2023-08-22 13:45:14,417 [30] INFO  - 2023-08-22 13:45:06,F052,Z,8,iter,0,feat,984451,28888638, Spots per feature calculation and feature filtration, 1.91579, sec
2023-08-22 13:45:14,418 [30] INFO  - 2023-08-22 13:45:07,F052,Z,8,iter,0,feat,984451,28888638, Making Complete Code Target Calls, 1.06089, sec
2023-08-22 13:45:14,418 [30] INFO  - 2023-08-22 13:45:08,F052,Z,8,iter,0,feat,984451,28888638, Target Call Location Estimation and iteration end update, 0.333366, sec
2023-08-22 13:45:14,418 [30] INFO  - 2023-08-22 13:45:08,F052,Z,8,iter,0,feat,984451,28888638, Iteration summary generation, 0.006651, sec
2023-08-22 13:45:14,418 [30] INFO  - 2023-08-22 13:45:08,F052,Z,8,iter,0,feat,984451,28888638, Iteration duration, 6.20731, sec
2023-08-22 13:45:14,418 [30] INFO  - 2023-08-22 13:45:08,F052,Z,8,iter,1,feat,984451,28888638, Seed neighbor determination, 1.25754, sec
2023-08-22 13:45:14,418 [30] INFO  - 2023-08-22 13:45:09,F052,Z,8,iter,1,feat,984451,28888638, Quality Score Generation, 2.87425, sec
2023-08-22 13:45:14,418 [30] INFO  - 2023-08-22 13:45:11,F052,Z,8,iter,1,feat,984451,28888638, Spots per feature calculation and feature filtration, 1.60137, sec
2023-08-22 13:45:14,418 [30] INFO  - 2023-08-22 13:45:12,F052,Z,8,iter,1,feat,984451,28888638, Making Complete Code Target Calls, 1.06794, sec
2023-08-22 13:45:14,418 [30] INFO  - 2023-08-22 13:45:12,F052,Z,8,iter,1,feat,984451,28888638, Target Call Location Estimation and iteration end update, 0.124318, sec
2023-08-22 13:45:14,418 [30] INFO  - 2023-08-22 13:45:12,F052,Z,8,iter,1,feat,984451,28888638, Iteration summary generation, 0.122117, sec
2023-08-22 13:45:14,418 [30] INFO  - 2023-08-22 13:45:12,F052,Z,8,iter,1,feat,984451,28888638, Iteration duration, 6.52677, sec
2023-08-22 13:45:14,418 [30] INFO  - 2023-08-22 13:45:12,F052,Z,8,iter,1,feat,984451,28888638, Z slice processing duration, 15.7261, sec
2023-08-22 13:45:14,418 [30] INFO  - 2023-08-22 13:45:14,F052,Z,8,iter,1,feat,984451,28888638, FOV processing duration (final) , 643.095, sec
2023-08-22 13:45:14,427 [30] INFO  - Exited
2023-08-22 13:45:14,427 [30] INFO  - System.EventArgs
2023-08-22 13:45:14,428 [30] INFO  - { }
2023-08-22 13:45:14,429 [1] INFO  - mtmc run complete
2023-08-22 13:45:14,429 [1] INFO  - Zipping and uploading results...
2023-08-22 13:45:14,429 [1] INFO  - Uploading mtm results to storage.
2023-08-22 13:45:14,430 [1] INFO  - Start uploading /app/out/FOV052 to 892d9dcc-e56d-475c-8dee-2c395064223d/2302H0033/c9d29823-a69c-4328-a6b9-53e2b78fa3e3/Run_76ed1d6b-57d6-4076-9a09-09a6f1ded693_20230817_2302h0033_ControlCenter/20230817_175305/20230817_175305_S1/AnalysisResults/oxdwyv2woj/FOV052
2023-08-22 13:45:14,430 [1] INFO  - Executing with retries set to: 10
2023-08-22 13:45:15,961 [1] INFO  - Upload /app/out/FOV052 finished
2023-08-22 13:45:15,961 [1] INFO  - Results uploaded.
2023-08-22 13:45:15,961 [1] INFO  - All done
2023-08-22 13:45:15,961 [1] INFO  - Executing with retries set to: 10
2023-08-22 13:45:15,961 [1] INFO  - Setting fov oxdwyv2woj-u8bq6 into status Completed
2023-08-22 13:45:15,974 [1] INFO  - Saving a fov processing run: oxdwyv2woj-u8bq6
2023-08-22 13:45:15,974 [1] INFO  - Updating an existing fov run.
2023-08-22 13:45:15,976 [1] INFO  - Uploading logs
2023-08-22 13:45:15,977 [1] INFO  - Start uploading 892d9dcc-e56d-475c-8dee-2c395064223d/2302H0033/c9d29823-a69c-4328-a6b9-53e2b78fa3e3/Run_76ed1d6b-57d6-4076-9a09-09a6f1ded693_20230817_2302h0033_ControlCenter/20230817_175305/20230817_175305_S1/AnalysisResults/oxdwyv2woj/FOV052/mtm-run.log
