2023-08-22 13:32:36,299 [1] INFO  - Using bucket s3-euw1-eu2-datarepository-eu2-eu2-kcl-01 and region eu-west-1
2023-08-22 13:32:36,338 [1] INFO  - Using role to access S3
2023-08-22 13:32:36,765 [1] INFO  - ===============================
2023-08-22 13:32:36,765 [1] INFO  - build info: 
commit 1860d865ce7409a4b25d5549a62e2b7be0a93d33
Author: alexander-serebriyan <alexander.serebriyan@teamdev.com>
Date:   Fri Feb 10 15:42:48 2023 +0100

    Add UAT env for ECR pushing.

Build done on: Fri Feb 10 14:46:39 UTC 2023
Version: 20230210.1

2023-08-22 13:32:36,765 [1] INFO  - ===============================
2023-08-22 13:32:36,765 [1] INFO  - Starting the job. Results will be uploaded to: 892d9dcc-e56d-475c-8dee-2c395064223d/2302H0033/c9d29823-a69c-4328-a6b9-53e2b78fa3e3/Run_76ed1d6b-57d6-4076-9a09-09a6f1ded693_20230817_2302h0033_ControlCenter/20230817_175305/20230817_175305_S1/AnalysisResults/oxdwyv2woj/FOV017
2023-08-22 13:32:36,766 [1] INFO  - Checking FOV status. Ref: oxdwyv2woj-2mfyi, ID: 892d9dcc-e56d-475c-8dee-2c395064223d/2302H0033/c9d29823-a69c-4328-a6b9-53e2b78fa3e3/Run_76ed1d6b-57d6-4076-9a09-09a6f1ded693_20230817_2302h0033_ControlCenter/20230817_175305/20230817_175305_S1/SpotFiles/FOV017/
2023-08-22 13:32:36,971 [1] INFO  - Executing with retries set to: 10
2023-08-22 13:32:36,971 [1] INFO  - Setting fov oxdwyv2woj-2mfyi into status InProgress
2023-08-22 13:32:36,973 [1] INFO  - Saving a fov processing run: oxdwyv2woj-2mfyi
2023-08-22 13:32:36,973 [1] INFO  - Updating an existing fov run.
2023-08-22 13:32:37,028 [1] INFO  - Downloading FOV using next path: 892d9dcc-e56d-475c-8dee-2c395064223d/2302H0033/c9d29823-a69c-4328-a6b9-53e2b78fa3e3/Run_76ed1d6b-57d6-4076-9a09-09a6f1ded693_20230817_2302h0033_ControlCenter/20230817_175305/20230817_175305_S1/SpotFiles/FOV017/
2023-08-22 13:32:37,029 [1] INFO  - Start downloading 892d9dcc-e56d-475c-8dee-2c395064223d/2302H0033/c9d29823-a69c-4328-a6b9-53e2b78fa3e3/Run_76ed1d6b-57d6-4076-9a09-09a6f1ded693_20230817_2302h0033_ControlCenter/20230817_175305/20230817_175305_S1/SpotFiles/FOV017/
2023-08-22 13:32:37,029 [1] INFO  - Executing with retries set to: 10
2023-08-22 13:36:40,292 [1] INFO  - Download 892d9dcc-e56d-475c-8dee-2c395064223d/2302H0033/c9d29823-a69c-4328-a6b9-53e2b78fa3e3/Run_76ed1d6b-57d6-4076-9a09-09a6f1ded693_20230817_2302h0033_ControlCenter/20230817_175305/20230817_175305_S1/SpotFiles/FOV017/ complete
2023-08-22 13:36:40,292 [1] INFO  - Custom plex file specified. The default one will be overriden.
2023-08-22 13:36:40,292 [1] INFO  - Downloading plex file using next path: 892d9dcc-e56d-475c-8dee-2c395064223d/2302H0033/c9d29823-a69c-4328-a6b9-53e2b78fa3e3/Run_76ed1d6b-57d6-4076-9a09-09a6f1ded693_20230817_2302h0033_ControlCenter/20230817_175305/20230817_175305_S1/plex-oxdwyv2woj.txt
2023-08-22 13:36:40,292 [1] INFO  - Downloading 892d9dcc-e56d-475c-8dee-2c395064223d/2302H0033/c9d29823-a69c-4328-a6b9-53e2b78fa3e3/Run_76ed1d6b-57d6-4076-9a09-09a6f1ded693_20230817_2302h0033_ControlCenter/20230817_175305/20230817_175305_S1/plex-oxdwyv2woj.txt
2023-08-22 13:36:40,407 [1] INFO  - Download 892d9dcc-e56d-475c-8dee-2c395064223d/2302H0033/c9d29823-a69c-4328-a6b9-53e2b78fa3e3/Run_76ed1d6b-57d6-4076-9a09-09a6f1ded693_20230817_2302h0033_ControlCenter/20230817_175305/20230817_175305_S1/plex-oxdwyv2woj.txt finished
2023-08-22 13:36:40,408 [1] INFO  - No user params file specified. Trying to use the one from the storage.
2023-08-22 13:36:40,408 [1] INFO  - Downloading params file using next path: 892d9dcc-e56d-475c-8dee-2c395064223d/2302H0033/c9d29823-a69c-4328-a6b9-53e2b78fa3e3/Run_76ed1d6b-57d6-4076-9a09-09a6f1ded693_20230817_2302h0033_ControlCenter/20230817_175305/20230817_175305_S1/analysis_params_v6.txt
2023-08-22 13:36:40,408 [1] INFO  - Downloading 892d9dcc-e56d-475c-8dee-2c395064223d/2302H0033/c9d29823-a69c-4328-a6b9-53e2b78fa3e3/Run_76ed1d6b-57d6-4076-9a09-09a6f1ded693_20230817_2302h0033_ControlCenter/20230817_175305/20230817_175305_S1/analysis_params_v6.txt
2023-08-22 13:36:40,450 [1] ERROR -    at Amazon.Runtime.Internal.HttpErrorResponseExceptionHandler.HandleExceptionStream(IRequestContext requestContext, IWebResponseData httpErrorResponse, HttpErrorResponseException exception, Stream responseStream)
   at Amazon.Runtime.Internal.HttpErrorResponseExceptionHandler.HandleExceptionAsync(IExecutionContext executionContext, HttpErrorResponseException exception)
   at Amazon.Runtime.Internal.ExceptionHandler`1.HandleAsync(IExecutionContext executionContext, Exception exception)
   at Amazon.Runtime.Internal.ErrorHandler.ProcessExceptionAsync(IExecutionContext executionContext, Exception exception)
   at Amazon.Runtime.Internal.ErrorHandler.InvokeAsync[T](IExecutionContext executionContext)
   at Amazon.Runtime.Internal.CallbackHandler.InvokeAsync[T](IExecutionContext executionContext)
   at Amazon.Runtime.Internal.EndpointDiscoveryHandler.InvokeAsync[T](IExecutionContext executionContext)
   at Amazon.Runtime.Internal.EndpointDiscoveryHandler.InvokeAsync[T](IExecutionContext executionContext)
   at Amazon.Runtime.Internal.CredentialsRetriever.InvokeAsync[T](IExecutionContext executionContext)
   at Amazon.Runtime.Internal.RetryHandler.InvokeAsync[T](IExecutionContext executionContext)
   at Amazon.Runtime.Internal.RetryHandler.InvokeAsync[T](IExecutionContext executionContext)
   at Amazon.Runtime.Internal.CallbackHandler.InvokeAsync[T](IExecutionContext executionContext)
   at Amazon.Runtime.Internal.CallbackHandler.InvokeAsync[T](IExecutionContext executionContext)
   at Amazon.S3.Internal.AmazonS3ExceptionHandler.InvokeAsync[T](IExecutionContext executionContext)
   at Amazon.Runtime.Internal.ErrorCallbackHandler.InvokeAsync[T](IExecutionContext executionContext)
   at Amazon.Runtime.Internal.MetricsHandler.InvokeAsync[T](IExecutionContext executionContext)
   at Amazon.S3.Transfer.Internal.DownloadCommand.ExecuteAsync(CancellationToken cancellationToken)
   at Amazon.S3.Transfer.TransferUtility.Download(String filePath, String bucketName, String key)
   at Core.S3FileStorageService.DownloadFile(String remoteFilePath, String localFilePath) in /src/Core/S3FileStorageService.cs:line 67
   at MTMCWorker.Service.Impl.MtmcWorker.FetchParamsFile(String paramsFileRef, String flowCellPath) in /src/MTMCWorker/Service/Impl/MtmcWorker.cs:line 297
2023-08-22 13:36:40,450 [1] INFO  - Can't download params file next to nBCDir. Using the default one.
Amazon.S3.AmazonS3Exception: The specified key does not exist.
 ---> Amazon.Runtime.Internal.HttpErrorResponseException: Exception of type 'Amazon.Runtime.Internal.HttpErrorResponseException' was thrown.
   at Amazon.Runtime.HttpWebRequestMessage.GetResponseAsync(CancellationToken cancellationToken)
   at Amazon.Runtime.Internal.HttpHandler`1.InvokeAsync[T](IExecutionContext executionContext)
   at Amazon.Runtime.Internal.RedirectHandler.InvokeAsync[T](IExecutionContext executionContext)
   at Amazon.Runtime.Internal.Unmarshaller.InvokeAsync[T](IExecutionContext executionContext)
   at Amazon.S3.Internal.AmazonS3ResponseHandler.InvokeAsync[T](IExecutionContext executionContext)
   at Amazon.Runtime.Internal.ErrorHandler.InvokeAsync[T](IExecutionContext executionContext)
   --- End of inner exception stack trace ---
   at Amazon.Runtime.Internal.HttpErrorResponseExceptionHandler.HandleExceptionStream(IRequestContext requestContext, IWebResponseData httpErrorResponse, HttpErrorResponseException exception, Stream responseStream)
   at Amazon.Runtime.Internal.HttpErrorResponseExceptionHandler.HandleExceptionAsync(IExecutionContext executionContext, HttpErrorResponseException exception)
   at Amazon.Runtime.Internal.ExceptionHandler`1.HandleAsync(IExecutionContext executionContext, Exception exception)
   at Amazon.Runtime.Internal.ErrorHandler.ProcessExceptionAsync(IExecutionContext executionContext, Exception exception)
   at Amazon.Runtime.Internal.ErrorHandler.InvokeAsync[T](IExecutionContext executionContext)
   at Amazon.Runtime.Internal.CallbackHandler.InvokeAsync[T](IExecutionContext executionContext)
   at Amazon.Runtime.Internal.EndpointDiscoveryHandler.InvokeAsync[T](IExecutionContext executionContext)
   at Amazon.Runtime.Internal.EndpointDiscoveryHandler.InvokeAsync[T](IExecutionContext executionContext)
   at Amazon.Runtime.Internal.CredentialsRetriever.InvokeAsync[T](IExecutionContext executionContext)
   at Amazon.Runtime.Internal.RetryHandler.InvokeAsync[T](IExecutionContext executionContext)
   at Amazon.Runtime.Internal.RetryHandler.InvokeAsync[T](IExecutionContext executionContext)
   at Amazon.Runtime.Internal.CallbackHandler.InvokeAsync[T](IExecutionContext executionContext)
   at Amazon.Runtime.Internal.CallbackHandler.InvokeAsync[T](IExecutionContext executionContext)
   at Amazon.S3.Internal.AmazonS3ExceptionHandler.InvokeAsync[T](IExecutionContext executionContext)
   at Amazon.Runtime.Internal.ErrorCallbackHandler.InvokeAsync[T](IExecutionContext executionContext)
   at Amazon.Runtime.Internal.MetricsHandler.InvokeAsync[T](IExecutionContext executionContext)
   at Amazon.S3.Transfer.Internal.DownloadCommand.ExecuteAsync(CancellationToken cancellationToken)
   at Amazon.S3.Transfer.TransferUtility.Download(String filePath, String bucketName, String key)
   at Core.S3FileStorageService.DownloadFile(String remoteFilePath, String localFilePath) in /src/Core/S3FileStorageService.cs:line 67
   at MTMCWorker.Service.Impl.MtmcWorker.FetchParamsFile(String paramsFileRef, String flowCellPath) in /src/MTMCWorker/Service/Impl/MtmcWorker.cs:line 297
2023-08-22 13:36:40,454 [1] INFO  - Fetching CellStatsDir folder data...
2023-08-22 13:36:40,525 [1] INFO  - Downloading 892d9dcc-e56d-475c-8dee-2c395064223d/2302H0033/c9d29823-a69c-4328-a6b9-53e2b78fa3e3/Run_76ed1d6b-57d6-4076-9a09-09a6f1ded693_20230817_2302h0033_ControlCenter/20230817_175305/20230817_175305_S1/CellStatsDir/CellComposite/CellComposite_F017.jpg
2023-08-22 13:36:40,751 [1] INFO  - Download 892d9dcc-e56d-475c-8dee-2c395064223d/2302H0033/c9d29823-a69c-4328-a6b9-53e2b78fa3e3/Run_76ed1d6b-57d6-4076-9a09-09a6f1ded693_20230817_2302h0033_ControlCenter/20230817_175305/20230817_175305_S1/CellStatsDir/CellComposite/CellComposite_F017.jpg finished
2023-08-22 13:36:40,751 [1] INFO  - Downloading 892d9dcc-e56d-475c-8dee-2c395064223d/2302H0033/c9d29823-a69c-4328-a6b9-53e2b78fa3e3/Run_76ed1d6b-57d6-4076-9a09-09a6f1ded693_20230817_2302h0033_ControlCenter/20230817_175305/20230817_175305_S1/CellStatsDir/CellOverlay/CellOverlay_F017.jpg
2023-08-22 13:36:41,121 [1] INFO  - Download 892d9dcc-e56d-475c-8dee-2c395064223d/2302H0033/c9d29823-a69c-4328-a6b9-53e2b78fa3e3/Run_76ed1d6b-57d6-4076-9a09-09a6f1ded693_20230817_2302h0033_ControlCenter/20230817_175305/20230817_175305_S1/CellStatsDir/CellOverlay/CellOverlay_F017.jpg finished
2023-08-22 13:36:41,121 [1] INFO  - Downloading 892d9dcc-e56d-475c-8dee-2c395064223d/2302H0033/c9d29823-a69c-4328-a6b9-53e2b78fa3e3/Run_76ed1d6b-57d6-4076-9a09-09a6f1ded693_20230817_2302h0033_ControlCenter/20230817_175305/20230817_175305_S1/CellStatsDir/FOV017/CellLabels_F017.tif
2023-08-22 13:36:41,335 [1] INFO  - Download 892d9dcc-e56d-475c-8dee-2c395064223d/2302H0033/c9d29823-a69c-4328-a6b9-53e2b78fa3e3/Run_76ed1d6b-57d6-4076-9a09-09a6f1ded693_20230817_2302h0033_ControlCenter/20230817_175305/20230817_175305_S1/CellStatsDir/FOV017/CellLabels_F017.tif finished
2023-08-22 13:36:41,335 [1] INFO  - Downloading 892d9dcc-e56d-475c-8dee-2c395064223d/2302H0033/c9d29823-a69c-4328-a6b9-53e2b78fa3e3/Run_76ed1d6b-57d6-4076-9a09-09a6f1ded693_20230817_2302h0033_ControlCenter/20230817_175305/20230817_175305_S1/CellStatsDir/FOV017/CompartmentLabels_F017.tif
2023-08-22 13:36:41,566 [1] INFO  - Download 892d9dcc-e56d-475c-8dee-2c395064223d/2302H0033/c9d29823-a69c-4328-a6b9-53e2b78fa3e3/Run_76ed1d6b-57d6-4076-9a09-09a6f1ded693_20230817_2302h0033_ControlCenter/20230817_175305/20230817_175305_S1/CellStatsDir/FOV017/CompartmentLabels_F017.tif finished
2023-08-22 13:36:41,566 [1] INFO  - Downloading 892d9dcc-e56d-475c-8dee-2c395064223d/2302H0033/c9d29823-a69c-4328-a6b9-53e2b78fa3e3/Run_76ed1d6b-57d6-4076-9a09-09a6f1ded693_20230817_2302h0033_ControlCenter/20230817_175305/20230817_175305_S1/CellStatsDir/FOV017/Run_76ed1d6b-57d6-4076-9a09-09a6f1ded693_20230817_175305_S1_Cell_Stats_F017.csv
2023-08-22 13:36:41,751 [1] INFO  - Download 892d9dcc-e56d-475c-8dee-2c395064223d/2302H0033/c9d29823-a69c-4328-a6b9-53e2b78fa3e3/Run_76ed1d6b-57d6-4076-9a09-09a6f1ded693_20230817_2302h0033_ControlCenter/20230817_175305/20230817_175305_S1/CellStatsDir/FOV017/Run_76ed1d6b-57d6-4076-9a09-09a6f1ded693_20230817_175305_S1_Cell_Stats_F017.csv finished
2023-08-22 13:36:41,751 [1] INFO  - Downloading 892d9dcc-e56d-475c-8dee-2c395064223d/2302H0033/c9d29823-a69c-4328-a6b9-53e2b78fa3e3/Run_76ed1d6b-57d6-4076-9a09-09a6f1ded693_20230817_2302h0033_ControlCenter/20230817_175305/20230817_175305_S1/CellStatsDir/Morphology2D/20230817_175305_S1_C902_P99_N99_F017.TIF
2023-08-22 13:36:42,966 [1] INFO  - Download 892d9dcc-e56d-475c-8dee-2c395064223d/2302H0033/c9d29823-a69c-4328-a6b9-53e2b78fa3e3/Run_76ed1d6b-57d6-4076-9a09-09a6f1ded693_20230817_2302h0033_ControlCenter/20230817_175305/20230817_175305_S1/CellStatsDir/Morphology2D/20230817_175305_S1_C902_P99_N99_F017.TIF finished
2023-08-22 13:36:42,967 [1] INFO  - Downloading 892d9dcc-e56d-475c-8dee-2c395064223d/2302H0033/c9d29823-a69c-4328-a6b9-53e2b78fa3e3/Run_76ed1d6b-57d6-4076-9a09-09a6f1ded693_20230817_2302h0033_ControlCenter/20230817_175305/20230817_175305_S1/CellStatsDir/RnD/Run_76ed1d6b-57d6-4076-9a09-09a6f1ded693_20230817_175305_S1_Summary_F017.csv
2023-08-22 13:36:43,172 [1] INFO  - Download 892d9dcc-e56d-475c-8dee-2c395064223d/2302H0033/c9d29823-a69c-4328-a6b9-53e2b78fa3e3/Run_76ed1d6b-57d6-4076-9a09-09a6f1ded693_20230817_2302h0033_ControlCenter/20230817_175305/20230817_175305_S1/CellStatsDir/RnD/Run_76ed1d6b-57d6-4076-9a09-09a6f1ded693_20230817_175305_S1_Summary_F017.csv finished
2023-08-22 13:36:43,172 [1] INFO  - CellStatsDir data download complete.
2023-08-22 13:36:43,172 [1] INFO  - FOV downloaded successfully.
2023-08-22 13:36:43,172 [1] INFO  - Preparing dirs structure for mtmc
2023-08-22 13:36:43,172 [1] INFO  - Preparing mtmc input. FOV dir: FOV017
2023-08-22 13:36:43,175 [1] INFO  - Running mtmc...
2023-08-22 13:36:43,184 [9] INFO  - directory: "/app/input_data/"
2023-08-22 13:36:43,514 [9] INFO  - directory: "/app/out/FOV017/"
2023-08-22 13:45:24,796 [9] INFO  - 2023-08-22 13:36:43,F017,Z,0,iter,0,feat,0,0, Reading and combining input data, 0.0337, sec
2023-08-22 13:45:24,796 [9] INFO  - 2023-08-22 13:37:07,F017,Z,0,iter,0,feat,5483331,5483331, Spot file data loading and filtration , 21.8548, sec
2023-08-22 13:45:24,796 [9] INFO  - 2023-08-22 13:37:13,F017,Z,0,iter,0,feat,5483331,5483331, Seed neighbor determination, 7.15951, sec
2023-08-22 13:45:24,796 [9] INFO  - 2023-08-22 13:37:21,F017,Z,0,iter,0,feat,5483331,5483331, Quality Score Generation, 14.6008, sec
2023-08-22 13:45:24,796 [9] INFO  - 2023-08-22 13:37:34,F017,Z,0,iter,0,feat,5483331,5483331, Spots per feature calculation and feature filtration, 11.161, sec
2023-08-22 13:45:24,796 [9] INFO  - 2023-08-22 13:37:57,F017,Z,0,iter,0,feat,5483331,5483331, Making Complete Code Target Calls, 16.371, sec
2023-08-22 13:45:24,796 [9] INFO  - 2023-08-22 13:38:10,F017,Z,0,iter,0,feat,5483331,5483331, Target Call Location Estimation and iteration end update, 12.5736, sec
2023-08-22 13:45:24,796 [9] INFO  - 2023-08-22 13:38:10,F017,Z,0,iter,0,feat,5483331,5483331, Iteration summary generation, 0.038331, sec
2023-08-22 13:45:24,796 [9] INFO  - 2023-08-22 13:38:10,F017,Z,0,iter,0,feat,5483331,5483331, Iteration duration, 59.0375, sec
2023-08-22 13:45:24,803 [9] INFO  - 2023-08-22 13:38:13,F017,Z,0,iter,1,feat,5483331,5483331, Seed neighbor determination, 7.13878, sec
2023-08-22 13:45:24,803 [9] INFO  - 2023-08-22 13:38:29,F017,Z,0,iter,1,feat,5483331,5483331, Quality Score Generation, 30.9333, sec
2023-08-22 13:45:24,803 [9] INFO  - 2023-08-22 13:38:42,F017,Z,0,iter,1,feat,5483331,5483331, Spots per feature calculation and feature filtration, 8.73698, sec
2023-08-22 13:45:24,803 [9] INFO  - 2023-08-22 13:39:18,F017,Z,0,iter,1,feat,5483331,5483331, Making Complete Code Target Calls, 23.5745, sec
2023-08-22 13:45:24,803 [9] INFO  - 2023-08-22 13:39:29,F017,Z,0,iter,1,feat,5483331,5483331, Target Call Location Estimation and iteration end update, 10.4559, sec
2023-08-22 13:45:24,803 [9] INFO  - 2023-08-22 13:39:30,F017,Z,0,iter,1,feat,5483331,5483331, Iteration summary generation, 0.433588, sec
2023-08-22 13:45:24,803 [9] INFO  - 2023-08-22 13:39:30,F017,Z,0,iter,1,feat,5483331,5483331, Iteration duration, 78.4348, sec
2023-08-22 13:45:24,803 [9] INFO  - 2023-08-22 13:39:30,F017,Z,0,iter,1,feat,5483331,5483331, Z slice processing duration, 159.395, sec
2023-08-22 13:45:24,803 [9] INFO  - 2023-08-22 13:40:29,F017,Z,1,iter,0,feat,6548995,12032326, Spot file data loading and filtration , 43.6568, sec
2023-08-22 13:45:24,803 [9] INFO  - 2023-08-22 13:40:35,F017,Z,1,iter,0,feat,6548995,12032326, Seed neighbor determination, 11.106, sec
2023-08-22 13:45:24,803 [9] INFO  - 2023-08-22 13:40:52,F017,Z,1,iter,0,feat,6548995,12032326, Quality Score Generation, 33.3522, sec
2023-08-22 13:45:24,803 [9] INFO  - 2023-08-22 13:41:08,F017,Z,1,iter,0,feat,6548995,12032326, Spots per feature calculation and feature filtration, 12.5082, sec
2023-08-22 13:45:24,803 [9] INFO  - 2023-08-22 13:41:40,F017,Z,1,iter,0,feat,6548995,12032326, Making Complete Code Target Calls, 26.7553, sec
2023-08-22 13:45:24,804 [9] INFO  - 2023-08-22 13:41:53,F017,Z,1,iter,0,feat,6548995,12032326, Target Call Location Estimation and iteration end update, 10.1074, sec
2023-08-22 13:45:24,804 [9] INFO  - 2023-08-22 13:41:53,F017,Z,1,iter,0,feat,6548995,12032326, Iteration summary generation, 0.082401, sec
2023-08-22 13:45:24,804 [9] INFO  - 2023-08-22 13:41:53,F017,Z,1,iter,0,feat,6548995,12032326, Iteration duration, 89.4141, sec
2023-08-22 13:45:24,804 [9] INFO  - 2023-08-22 13:42:01,F017,Z,1,iter,1,feat,6548995,12032326, Seed neighbor determination, 9.64176, sec
2023-08-22 13:45:24,804 [9] INFO  - 2023-08-22 13:42:26,F017,Z,1,iter,1,feat,6548995,12032326, Quality Score Generation, 47.9382, sec
2023-08-22 13:45:24,804 [9] INFO  - 2023-08-22 13:42:37,F017,Z,1,iter,1,feat,6548995,12032326, Spots per feature calculation and feature filtration, 9.26826, sec
2023-08-22 13:45:24,823 [40] INFO  - 2023-08-22 13:43:20,F017,Z,1,iter,1,feat,6548995,12032326, Making Complete Code Target Calls, 31.9518, sec
2023-08-22 13:45:24,823 [40] INFO  - 2023-08-22 13:43:33,F017,Z,1,iter,1,feat,6548995,12032326, Target Call Location Estimation and iteration end update, 12.0193, sec
2023-08-22 13:45:24,823 [40] INFO  - 2023-08-22 13:43:36,F017,Z,1,iter,1,feat,6548995,12032326, Iteration summary generation, 1.95459, sec
2023-08-22 13:45:24,823 [40] INFO  - 2023-08-22 13:43:36,F017,Z,1,iter,1,feat,6548995,12032326, Iteration duration, 108.453, sec
2023-08-22 13:45:24,823 [40] INFO  - 2023-08-22 13:43:36,F017,Z,1,iter,1,feat,6548995,12032326, Z slice processing duration, 245.208, sec
2023-08-22 13:45:24,823 [40] INFO  - 2023-08-22 13:44:20,F017,Z,2,iter,0,feat,5648519,17680845, Spot file data loading and filtration , 32.0784, sec
2023-08-22 13:45:24,823 [40] INFO  - 2023-08-22 13:44:24,F017,Z,2,iter,0,feat,5648519,17680845, Seed neighbor determination, 7.11256, sec
2023-08-22 13:45:24,823 [40] INFO  - 2023-08-22 13:44:33,F017,Z,2,iter,0,feat,5648519,17680845, Quality Score Generation, 23.3075, sec
2023-08-22 13:45:24,823 [40] INFO  - 2023-08-22 13:44:46,F017,Z,2,iter,0,feat,5648519,17680845, Spots per feature calculation and feature filtration, 11.1322, sec
2023-08-22 13:45:24,823 [40] INFO  - 2023-08-22 13:45:14,F017,Z,2,iter,0,feat,5648519,17680845, Making Complete Code Target Calls, 24.3819, sec
2023-08-22 13:50:55,044 [40] INFO  - 2023-08-22 13:45:24,F017,Z,2,iter,0,feat,5648519,17680845, Target Call Location Estimation and iteration end update, 6.7718, sec
2023-08-22 13:50:55,044 [40] INFO  - 2023-08-22 13:45:24,F017,Z,2,iter,0,feat,5648519,17680845, Iteration summary generation, 0.052403, sec
2023-08-22 13:50:55,045 [40] INFO  - 2023-08-22 13:45:24,F017,Z,2,iter,0,feat,5648519,17680845, Iteration duration, 70.348, sec
2023-08-22 13:50:55,045 [40] INFO  - 2023-08-22 13:45:30,F017,Z,2,iter,1,feat,5648519,17680845, Seed neighbor determination, 9.12622, sec
2023-08-22 13:50:55,045 [40] INFO  - 2023-08-22 13:45:48,F017,Z,2,iter,1,feat,5648519,17680845, Quality Score Generation, 31.9678, sec
2023-08-22 13:50:55,045 [40] INFO  - 2023-08-22 13:45:58,F017,Z,2,iter,1,feat,5648519,17680845, Spots per feature calculation and feature filtration, 7.62593, sec
2023-08-22 13:50:55,045 [40] INFO  - 2023-08-22 13:46:34,F017,Z,2,iter,1,feat,5648519,17680845, Making Complete Code Target Calls, 29.9827, sec
2023-08-22 13:50:55,045 [40] INFO  - 2023-08-22 13:46:43,F017,Z,2,iter,1,feat,5648519,17680845, Target Call Location Estimation and iteration end update, 7.96533, sec
2023-08-22 13:50:55,045 [40] INFO  - 2023-08-22 13:46:44,F017,Z,2,iter,1,feat,5648519,17680845, Iteration summary generation, 1.01536, sec
2023-08-22 13:50:55,045 [40] INFO  - 2023-08-22 13:46:44,F017,Z,2,iter,1,feat,5648519,17680845, Iteration duration, 83.8265, sec
2023-08-22 13:50:55,045 [40] INFO  - 2023-08-22 13:46:44,F017,Z,2,iter,1,feat,5648519,17680845, Z slice processing duration, 191.155, sec
2023-08-22 13:50:55,045 [40] INFO  - 2023-08-22 13:47:17,F017,Z,3,iter,0,feat,4876053,22556898, Spot file data loading and filtration , 26.3963, sec
2023-08-22 13:50:55,045 [40] INFO  - 2023-08-22 13:47:21,F017,Z,3,iter,0,feat,4876053,22556898, Seed neighbor determination, 6.23271, sec
2023-08-22 13:50:55,045 [40] INFO  - 2023-08-22 13:47:27,F017,Z,3,iter,0,feat,4876053,22556898, Quality Score Generation, 14.5985, sec
2023-08-22 13:50:55,045 [40] INFO  - 2023-08-22 13:47:38,F017,Z,3,iter,0,feat,4876053,22556898, Spots per feature calculation and feature filtration, 9.20105, sec
2023-08-22 13:50:55,045 [40] INFO  - 2023-08-22 13:48:01,F017,Z,3,iter,0,feat,4876053,22556898, Making Complete Code Target Calls, 20.2096, sec
2023-08-22 13:50:55,045 [40] INFO  - 2023-08-22 13:48:11,F017,Z,3,iter,0,feat,4876053,22556898, Target Call Location Estimation and iteration end update, 8.15227, sec
2023-08-22 13:50:55,045 [40] INFO  - 2023-08-22 13:48:11,F017,Z,3,iter,0,feat,4876053,22556898, Iteration summary generation, 0.042513, sec
2023-08-22 13:50:55,045 [40] INFO  - 2023-08-22 13:48:11,F017,Z,3,iter,0,feat,4876053,22556898, Iteration duration, 56.1622, sec
2023-08-22 13:50:55,045 [40] INFO  - 2023-08-22 13:48:16,F017,Z,3,iter,1,feat,4876053,22556898, Seed neighbor determination, 7.39374, sec
2023-08-22 13:50:55,046 [40] INFO  - 2023-08-22 13:48:30,F017,Z,3,iter,1,feat,4876053,22556898, Quality Score Generation, 24.5262, sec
2023-08-22 13:50:55,046 [40] INFO  - 2023-08-22 13:48:37,F017,Z,3,iter,1,feat,4876053,22556898, Spots per feature calculation and feature filtration, 7.26802, sec
2023-08-22 13:50:55,046 [40] INFO  - 2023-08-22 13:48:59,F017,Z,3,iter,1,feat,4876053,22556898, Making Complete Code Target Calls, 20.0073, sec
2023-08-22 13:50:55,046 [40] INFO  - 2023-08-22 13:49:05,F017,Z,3,iter,1,feat,4876053,22556898, Target Call Location Estimation and iteration end update, 6.22196, sec
2023-08-22 13:50:55,046 [40] INFO  - 2023-08-22 13:49:06,F017,Z,3,iter,1,feat,4876053,22556898, Iteration summary generation, 0.481823, sec
2023-08-22 13:50:55,046 [40] INFO  - 2023-08-22 13:49:06,F017,Z,3,iter,1,feat,4876053,22556898, Iteration duration, 62.7723, sec
2023-08-22 13:50:55,046 [40] INFO  - 2023-08-22 13:49:06,F017,Z,3,iter,1,feat,4876053,22556898, Z slice processing duration, 149.95, sec
2023-08-22 13:50:55,046 [40] INFO  - 2023-08-22 13:49:44,F017,Z,4,iter,0,feat,4248066,26804964, Spot file data loading and filtration , 25.9959, sec
2023-08-22 13:50:55,046 [40] INFO  - 2023-08-22 13:49:47,F017,Z,4,iter,0,feat,4248066,26804964, Seed neighbor determination, 6.71358, sec
2023-08-22 13:50:55,046 [40] INFO  - 2023-08-22 13:49:58,F017,Z,4,iter,0,feat,4248066,26804964, Quality Score Generation, 21.989, sec
2023-08-22 13:50:55,046 [40] INFO  - 2023-08-22 13:50:06,F017,Z,4,iter,0,feat,4248066,26804964, Spots per feature calculation and feature filtration, 8.54073, sec
2023-08-22 13:50:55,046 [40] INFO  - 2023-08-22 13:50:19,F017,Z,4,iter,0,feat,4248066,26804964, Making Complete Code Target Calls, 12.4111, sec
2023-08-22 13:50:55,046 [40] INFO  - 2023-08-22 13:50:24,F017,Z,4,iter,0,feat,4248066,26804964, Target Call Location Estimation and iteration end update, 4.28239, sec
2023-08-22 13:50:55,046 [40] INFO  - 2023-08-22 13:50:24,F017,Z,4,iter,0,feat,4248066,26804964, Iteration summary generation, 0.030312, sec
2023-08-22 13:50:55,046 [40] INFO  - 2023-08-22 13:50:24,F017,Z,4,iter,0,feat,4248066,26804964, Iteration duration, 51.5045, sec
2023-08-22 13:50:55,046 [40] INFO  - 2023-08-22 13:50:27,F017,Z,4,iter,1,feat,4248066,26804964, Seed neighbor determination, 6.23377, sec
2023-08-22 13:50:55,046 [40] INFO  - 2023-08-22 13:50:32,F017,Z,4,iter,1,feat,4248066,26804964, Quality Score Generation, 13.7939, sec
2023-08-22 13:50:55,046 [40] INFO  - 2023-08-22 13:50:38,F017,Z,4,iter,1,feat,4248066,26804964, Spots per feature calculation and feature filtration, 6.03412, sec
2023-08-22 13:53:33,127 [40] INFO  - 2023-08-22 13:50:55,F017,Z,4,iter,1,feat,4248066,26804964, Making Complete Code Target Calls, 16.5003, sec
2023-08-22 13:53:33,127 [40] INFO  - 2023-08-22 13:50:57,F017,Z,4,iter,1,feat,4248066,26804964, Target Call Location Estimation and iteration end update, 2.20739, sec
2023-08-22 13:53:33,127 [40] INFO  - 2023-08-22 13:50:57,F017,Z,4,iter,1,feat,4248066,26804964, Iteration summary generation, 0.475778, sec
2023-08-22 13:53:33,127 [40] INFO  - 2023-08-22 13:50:57,F017,Z,4,iter,1,feat,4248066,26804964, Iteration duration, 42.4264, sec
2023-08-22 13:53:33,127 [40] INFO  - 2023-08-22 13:50:57,F017,Z,4,iter,1,feat,4248066,26804964, Z slice processing duration, 123.656, sec
2023-08-22 13:53:33,127 [40] INFO  - 2023-08-22 13:51:22,F017,Z,5,iter,0,feat,3754889,30559853, Spot file data loading and filtration , 21.746, sec
2023-08-22 13:53:33,127 [40] INFO  - 2023-08-22 13:51:25,F017,Z,5,iter,0,feat,3754889,30559853, Seed neighbor determination, 4.98323, sec
2023-08-22 13:53:33,127 [40] INFO  - 2023-08-22 13:51:29,F017,Z,5,iter,0,feat,3754889,30559853, Quality Score Generation, 9.80195, sec
2023-08-22 13:53:33,127 [40] INFO  - 2023-08-22 13:51:36,F017,Z,5,iter,0,feat,3754889,30559853, Spots per feature calculation and feature filtration, 6.83329, sec
2023-08-22 13:53:33,127 [40] INFO  - 2023-08-22 13:51:52,F017,Z,5,iter,0,feat,3754889,30559853, Making Complete Code Target Calls, 15.0348, sec
2023-08-22 13:53:33,127 [40] INFO  - 2023-08-22 13:51:58,F017,Z,5,iter,0,feat,3754889,30559853, Target Call Location Estimation and iteration end update, 5.33612, sec
2023-08-22 13:53:33,127 [40] INFO  - 2023-08-22 13:51:58,F017,Z,5,iter,0,feat,3754889,30559853, Iteration summary generation, 0.04482, sec
2023-08-22 13:53:33,127 [40] INFO  - 2023-08-22 13:51:58,F017,Z,5,iter,0,feat,3754889,30559853, Iteration duration, 40.238, sec
2023-08-22 13:53:33,127 [40] INFO  - 2023-08-22 13:52:00,F017,Z,5,iter,1,feat,3754889,30559853, Seed neighbor determination, 5.09185, sec
2023-08-22 13:53:33,127 [40] INFO  - 2023-08-22 13:52:05,F017,Z,5,iter,1,feat,3754889,30559853, Quality Score Generation, 17.2911, sec
2023-08-22 13:53:33,127 [40] INFO  - 2023-08-22 13:52:11,F017,Z,5,iter,1,feat,3754889,30559853, Spots per feature calculation and feature filtration, 5.29814, sec
2023-08-22 13:53:33,127 [40] INFO  - 2023-08-22 13:52:25,F017,Z,5,iter,1,feat,3754889,30559853, Making Complete Code Target Calls, 13.8295, sec
2023-08-22 13:53:33,127 [40] INFO  - 2023-08-22 13:52:29,F017,Z,5,iter,1,feat,3754889,30559853, Target Call Location Estimation and iteration end update, 3.89217, sec
2023-08-22 13:53:33,127 [40] INFO  - 2023-08-22 13:52:29,F017,Z,5,iter,1,feat,3754889,30559853, Iteration summary generation, 0.265011, sec
2023-08-22 13:53:33,127 [53] INFO  - 2023-08-22 13:52:29,F017,Z,5,iter,1,feat,3754889,30559853, Iteration duration, 43.5388, sec
2023-08-22 13:53:33,127 [53] INFO  - 2023-08-22 13:52:29,F017,Z,5,iter,1,feat,3754889,30559853, Z slice processing duration, 108.697, sec
2023-08-22 13:53:33,127 [53] INFO  - 2023-08-22 13:52:42,F017,Z,6,iter,0,feat,3484581,34044434, Spot file data loading and filtration , 10.156, sec
2023-08-22 13:53:33,127 [53] INFO  - 2023-08-22 13:52:44,F017,Z,6,iter,0,feat,3484581,34044434, Seed neighbor determination, 4.17074, sec
2023-08-22 13:53:33,127 [53] INFO  - 2023-08-22 13:52:46,F017,Z,6,iter,0,feat,3484581,34044434, Quality Score Generation, 8.89272, sec
2023-08-22 13:53:33,127 [53] INFO  - 2023-08-22 13:52:51,F017,Z,6,iter,0,feat,3484581,34044434, Spots per feature calculation and feature filtration, 5.13397, sec
2023-08-22 13:53:33,127 [53] INFO  - 2023-08-22 13:52:58,F017,Z,6,iter,0,feat,3484581,34044434, Making Complete Code Target Calls, 6.43581, sec
2023-08-22 13:53:33,127 [53] INFO  - 2023-08-22 13:52:59,F017,Z,6,iter,0,feat,3484581,34044434, Target Call Location Estimation and iteration end update, 1.21741, sec
2023-08-22 13:53:33,127 [53] INFO  - 2023-08-22 13:52:59,F017,Z,6,iter,0,feat,3484581,34044434, Iteration summary generation, 0.013309, sec
2023-08-22 13:53:33,127 [53] INFO  - 2023-08-22 13:52:59,F017,Z,6,iter,0,feat,3484581,34044434, Iteration duration, 24.0686, sec
2023-08-22 13:53:33,127 [53] INFO  - 2023-08-22 13:53:01,F017,Z,6,iter,1,feat,3484581,34044434, Seed neighbor determination, 4.30976, sec
2023-08-22 13:53:33,127 [53] INFO  - 2023-08-22 13:53:04,F017,Z,6,iter,1,feat,3484581,34044434, Quality Score Generation, 8.53678, sec
2023-08-22 13:53:33,127 [53] INFO  - 2023-08-22 13:53:07,F017,Z,6,iter,1,feat,3484581,34044434, Spots per feature calculation and feature filtration, 3.00388, sec
2023-08-22 13:53:33,127 [53] INFO  - 2023-08-22 13:53:15,F017,Z,6,iter,1,feat,3484581,34044434, Making Complete Code Target Calls, 8.55361, sec
2023-08-22 13:53:33,127 [53] INFO  - 2023-08-22 13:53:17,F017,Z,6,iter,1,feat,3484581,34044434, Target Call Location Estimation and iteration end update, 1.89533, sec
2023-08-22 13:53:33,127 [53] INFO  - 2023-08-22 13:53:18,F017,Z,6,iter,1,feat,3484581,34044434, Iteration summary generation, 0.203813, sec
2023-08-22 13:53:33,127 [53] INFO  - 2023-08-22 13:53:18,F017,Z,6,iter,1,feat,3484581,34044434, Iteration duration, 24.6048, sec
2023-08-22 13:53:33,127 [53] INFO  - 2023-08-22 13:53:18,F017,Z,6,iter,1,feat,3484581,34044434, Z slice processing duration, 61.3942, sec
2023-08-22 13:53:33,127 [53] INFO  - 2023-08-22 13:53:31,F017,Z,7,iter,0,feat,3624262,37668696, Spot file data loading and filtration , 11.0835, sec
2023-08-22 13:54:06,180 [53] INFO  - 2023-08-22 13:53:33,F017,Z,7,iter,0,feat,3624262,37668696, Seed neighbor determination, 3.38113, sec
2023-08-22 13:54:06,180 [53] INFO  - 2023-08-22 13:53:34,F017,Z,7,iter,0,feat,3624262,37668696, Quality Score Generation, 6.07551, sec
2023-08-22 13:54:06,180 [53] INFO  - 2023-08-22 13:53:38,F017,Z,7,iter,0,feat,3624262,37668696, Spots per feature calculation and feature filtration, 3.3974, sec
2023-08-22 13:54:06,180 [53] INFO  - 2023-08-22 13:53:44,F017,Z,7,iter,0,feat,3624262,37668696, Making Complete Code Target Calls, 5.88896, sec
2023-08-22 13:54:06,180 [53] INFO  - 2023-08-22 13:53:45,F017,Z,7,iter,0,feat,3624262,37668696, Target Call Location Estimation and iteration end update, 1.38949, sec
2023-08-22 13:54:06,180 [53] INFO  - 2023-08-22 13:53:45,F017,Z,7,iter,0,feat,3624262,37668696, Iteration summary generation, 0.012898, sec
2023-08-22 13:54:06,180 [53] INFO  - 2023-08-22 13:53:45,F017,Z,7,iter,0,feat,3624262,37668696, Iteration duration, 18.6905, sec
2023-08-22 13:54:06,180 [53] INFO  - 2023-08-22 13:53:47,F017,Z,7,iter,1,feat,3624262,37668696, Seed neighbor determination, 3.40419, sec
2023-08-22 13:54:06,180 [53] INFO  - 2023-08-22 13:53:49,F017,Z,7,iter,1,feat,3624262,37668696, Quality Score Generation, 7.07754, sec
2023-08-22 13:54:06,181 [53] INFO  - 2023-08-22 13:53:51,F017,Z,7,iter,1,feat,3624262,37668696, Spots per feature calculation and feature filtration, 2.58704, sec
2023-08-22 13:54:06,181 [53] INFO  - 2023-08-22 13:53:59,F017,Z,7,iter,1,feat,3624262,37668696, Making Complete Code Target Calls, 7.34772, sec
2023-08-22 13:54:06,181 [53] INFO  - 2023-08-22 13:53:59,F017,Z,7,iter,1,feat,3624262,37668696, Target Call Location Estimation and iteration end update, 0.786404, sec
2023-08-22 13:54:06,181 [53] INFO  - 2023-08-22 13:54:00,F017,Z,7,iter,1,feat,3624262,37668696, Iteration summary generation, 0.206685, sec
2023-08-22 13:54:06,181 [53] INFO  - 2023-08-22 13:54:00,F017,Z,7,iter,1,feat,3624262,37668696, Iteration duration, 19.8944, sec
2023-08-22 13:54:06,181 [53] INFO  - 2023-08-22 13:54:00,F017,Z,7,iter,1,feat,3624262,37668696, Z slice processing duration, 51.8392, sec
2023-08-22 13:54:06,181 [53] INFO  - 2023-08-22 13:54:01,F017,Z,8,iter,0,feat,712664,38381360, Spot file data loading and filtration , -0.524337, sec
2023-08-22 13:54:06,181 [53] INFO  - 2023-08-22 13:54:01,F017,Z,8,iter,0,feat,712664,38381360, Seed neighbor determination, 0.62457, sec
2023-08-22 13:54:06,181 [53] INFO  - 2023-08-22 13:54:01,F017,Z,8,iter,0,feat,712664,38381360, Quality Score Generation, 0.838378, sec
2023-08-22 13:54:06,181 [53] INFO  - 2023-08-22 13:54:02,F017,Z,8,iter,0,feat,712664,38381360, Spots per feature calculation and feature filtration, 0.798983, sec
2023-08-22 13:54:06,181 [40] INFO  - 2023-08-22 13:54:02,F017,Z,8,iter,0,feat,712664,38381360, Making Complete Code Target Calls, 0.262053, sec
2023-08-22 13:54:06,181 [40] INFO  - 2023-08-22 13:54:03,F017,Z,8,iter,0,feat,712664,38381360, Target Call Location Estimation and iteration end update, 0.08901, sec
2023-08-22 13:54:06,181 [40] INFO  - 2023-08-22 13:54:03,F017,Z,8,iter,0,feat,712664,38381360, Iteration summary generation, 0.000731, sec
2023-08-22 13:54:06,181 [40] INFO  - 2023-08-22 13:54:03,F017,Z,8,iter,0,feat,712664,38381360, Iteration duration, 2.35344, sec
2023-08-22 13:54:06,181 [40] INFO  - 2023-08-22 13:54:03,F017,Z,8,iter,1,feat,712664,38381360, Seed neighbor determination, 0.622358, sec
2023-08-22 13:54:06,181 [40] INFO  - 2023-08-22 13:54:03,F017,Z,8,iter,1,feat,712664,38381360, Quality Score Generation, 1.09806, sec
2023-08-22 13:54:06,181 [40] INFO  - 2023-08-22 13:54:04,F017,Z,8,iter,1,feat,712664,38381360, Spots per feature calculation and feature filtration, 0.698066, sec
2023-08-22 13:54:06,181 [40] INFO  - 2023-08-22 13:54:04,F017,Z,8,iter,1,feat,712664,38381360, Making Complete Code Target Calls, 0.363447, sec
2023-08-22 13:54:06,181 [40] INFO  - 2023-08-22 13:54:04,F017,Z,8,iter,1,feat,712664,38381360, Target Call Location Estimation and iteration end update, 0.052451, sec
2023-08-22 13:54:06,181 [40] INFO  - 2023-08-22 13:54:04,F017,Z,8,iter,1,feat,712664,38381360, Iteration summary generation, 0.017386, sec
2023-08-22 13:54:06,181 [40] INFO  - 2023-08-22 13:54:04,F017,Z,8,iter,1,feat,712664,38381360, Iteration duration, 2.59566, sec
2023-08-22 13:54:06,181 [40] INFO  - 2023-08-22 13:54:04,F017,Z,8,iter,1,feat,712664,38381360, Z slice processing duration, 6.12768, sec
2023-08-22 13:54:06,181 [40] INFO  - 2023-08-22 13:54:06,F017,Z,8,iter,1,feat,712664,38381360, FOV processing duration (final) , 1098.8, sec
2023-08-22 13:54:06,193 [40] INFO  - Exited
2023-08-22 13:54:06,194 [40] INFO  - System.EventArgs
2023-08-22 13:54:06,194 [40] INFO  - { }
2023-08-22 13:54:06,195 [1] INFO  - mtmc run complete
2023-08-22 13:54:06,195 [1] INFO  - Zipping and uploading results...
2023-08-22 13:54:06,195 [1] INFO  - Uploading mtm results to storage.
2023-08-22 13:54:06,196 [1] INFO  - Start uploading /app/out/FOV017 to 892d9dcc-e56d-475c-8dee-2c395064223d/2302H0033/c9d29823-a69c-4328-a6b9-53e2b78fa3e3/Run_76ed1d6b-57d6-4076-9a09-09a6f1ded693_20230817_2302h0033_ControlCenter/20230817_175305/20230817_175305_S1/AnalysisResults/oxdwyv2woj/FOV017
2023-08-22 13:54:06,196 [1] INFO  - Executing with retries set to: 10
2023-08-22 13:54:07,569 [1] INFO  - Upload /app/out/FOV017 finished
2023-08-22 13:54:07,569 [1] INFO  - Results uploaded.
2023-08-22 13:54:07,569 [1] INFO  - All done
2023-08-22 13:54:07,569 [1] INFO  - Executing with retries set to: 10
2023-08-22 13:54:07,570 [1] INFO  - Setting fov oxdwyv2woj-2mfyi into status Completed
2023-08-22 13:54:07,584 [1] INFO  - Saving a fov processing run: oxdwyv2woj-2mfyi
2023-08-22 13:54:07,584 [1] INFO  - Updating an existing fov run.
2023-08-22 13:54:07,585 [1] INFO  - Uploading logs
2023-08-22 13:54:07,587 [1] INFO  - Start uploading 892d9dcc-e56d-475c-8dee-2c395064223d/2302H0033/c9d29823-a69c-4328-a6b9-53e2b78fa3e3/Run_76ed1d6b-57d6-4076-9a09-09a6f1ded693_20230817_2302h0033_ControlCenter/20230817_175305/20230817_175305_S1/AnalysisResults/oxdwyv2woj/FOV017/mtm-run.log
