2023-08-22 13:35:50,241 [1] INFO  - Using bucket s3-euw1-eu2-datarepository-eu2-eu2-kcl-01 and region eu-west-1
2023-08-22 13:35:50,263 [1] INFO  - Using role to access S3
2023-08-22 13:35:50,468 [1] INFO  - ===============================
2023-08-22 13:35:50,468 [1] INFO  - build info: 
commit 1860d865ce7409a4b25d5549a62e2b7be0a93d33
Author: alexander-serebriyan <alexander.serebriyan@teamdev.com>
Date:   Fri Feb 10 15:42:48 2023 +0100

    Add UAT env for ECR pushing.

Build done on: Fri Feb 10 14:46:39 UTC 2023
Version: 20230210.1

2023-08-22 13:35:50,468 [1] INFO  - ===============================
2023-08-22 13:35:50,468 [1] INFO  - Starting the job. Results will be uploaded to: 892d9dcc-e56d-475c-8dee-2c395064223d/2302H0033/c9d29823-a69c-4328-a6b9-53e2b78fa3e3/Run_76ed1d6b-57d6-4076-9a09-09a6f1ded693_20230817_2302h0033_ControlCenter/20230817_175305/20230817_175305_S1/AnalysisResults/oxdwyv2woj/FOV030
2023-08-22 13:35:50,468 [1] INFO  - Checking FOV status. Ref: oxdwyv2woj-qyj4h, ID: 892d9dcc-e56d-475c-8dee-2c395064223d/2302H0033/c9d29823-a69c-4328-a6b9-53e2b78fa3e3/Run_76ed1d6b-57d6-4076-9a09-09a6f1ded693_20230817_2302h0033_ControlCenter/20230817_175305/20230817_175305_S1/SpotFiles/FOV030/
2023-08-22 13:35:50,618 [1] INFO  - Executing with retries set to: 10
2023-08-22 13:35:50,619 [1] INFO  - Setting fov oxdwyv2woj-qyj4h into status InProgress
2023-08-22 13:35:50,620 [1] INFO  - Saving a fov processing run: oxdwyv2woj-qyj4h
2023-08-22 13:35:50,620 [1] INFO  - Updating an existing fov run.
2023-08-22 13:35:50,654 [1] INFO  - Downloading FOV using next path: 892d9dcc-e56d-475c-8dee-2c395064223d/2302H0033/c9d29823-a69c-4328-a6b9-53e2b78fa3e3/Run_76ed1d6b-57d6-4076-9a09-09a6f1ded693_20230817_2302h0033_ControlCenter/20230817_175305/20230817_175305_S1/SpotFiles/FOV030/
2023-08-22 13:35:50,655 [1] INFO  - Start downloading 892d9dcc-e56d-475c-8dee-2c395064223d/2302H0033/c9d29823-a69c-4328-a6b9-53e2b78fa3e3/Run_76ed1d6b-57d6-4076-9a09-09a6f1ded693_20230817_2302h0033_ControlCenter/20230817_175305/20230817_175305_S1/SpotFiles/FOV030/
2023-08-22 13:35:50,655 [1] INFO  - Executing with retries set to: 10
2023-08-22 13:39:22,181 [1] INFO  - Download 892d9dcc-e56d-475c-8dee-2c395064223d/2302H0033/c9d29823-a69c-4328-a6b9-53e2b78fa3e3/Run_76ed1d6b-57d6-4076-9a09-09a6f1ded693_20230817_2302h0033_ControlCenter/20230817_175305/20230817_175305_S1/SpotFiles/FOV030/ complete
2023-08-22 13:39:22,181 [1] INFO  - Custom plex file specified. The default one will be overriden.
2023-08-22 13:39:22,181 [1] INFO  - Downloading plex file using next path: 892d9dcc-e56d-475c-8dee-2c395064223d/2302H0033/c9d29823-a69c-4328-a6b9-53e2b78fa3e3/Run_76ed1d6b-57d6-4076-9a09-09a6f1ded693_20230817_2302h0033_ControlCenter/20230817_175305/20230817_175305_S1/plex-oxdwyv2woj.txt
2023-08-22 13:39:22,181 [1] INFO  - Downloading 892d9dcc-e56d-475c-8dee-2c395064223d/2302H0033/c9d29823-a69c-4328-a6b9-53e2b78fa3e3/Run_76ed1d6b-57d6-4076-9a09-09a6f1ded693_20230817_2302h0033_ControlCenter/20230817_175305/20230817_175305_S1/plex-oxdwyv2woj.txt
2023-08-22 13:39:22,306 [1] INFO  - Download 892d9dcc-e56d-475c-8dee-2c395064223d/2302H0033/c9d29823-a69c-4328-a6b9-53e2b78fa3e3/Run_76ed1d6b-57d6-4076-9a09-09a6f1ded693_20230817_2302h0033_ControlCenter/20230817_175305/20230817_175305_S1/plex-oxdwyv2woj.txt finished
2023-08-22 13:39:22,306 [1] INFO  - No user params file specified. Trying to use the one from the storage.
2023-08-22 13:39:22,306 [1] INFO  - Downloading params file using next path: 892d9dcc-e56d-475c-8dee-2c395064223d/2302H0033/c9d29823-a69c-4328-a6b9-53e2b78fa3e3/Run_76ed1d6b-57d6-4076-9a09-09a6f1ded693_20230817_2302h0033_ControlCenter/20230817_175305/20230817_175305_S1/analysis_params_v6.txt
2023-08-22 13:39:22,306 [1] INFO  - Downloading 892d9dcc-e56d-475c-8dee-2c395064223d/2302H0033/c9d29823-a69c-4328-a6b9-53e2b78fa3e3/Run_76ed1d6b-57d6-4076-9a09-09a6f1ded693_20230817_2302h0033_ControlCenter/20230817_175305/20230817_175305_S1/analysis_params_v6.txt
2023-08-22 13:39:22,340 [1] ERROR -    at Amazon.Runtime.Internal.HttpErrorResponseExceptionHandler.HandleExceptionStream(IRequestContext requestContext, IWebResponseData httpErrorResponse, HttpErrorResponseException exception, Stream responseStream)
   at Amazon.Runtime.Internal.HttpErrorResponseExceptionHandler.HandleExceptionAsync(IExecutionContext executionContext, HttpErrorResponseException exception)
   at Amazon.Runtime.Internal.ExceptionHandler`1.HandleAsync(IExecutionContext executionContext, Exception exception)
   at Amazon.Runtime.Internal.ErrorHandler.ProcessExceptionAsync(IExecutionContext executionContext, Exception exception)
   at Amazon.Runtime.Internal.ErrorHandler.InvokeAsync[T](IExecutionContext executionContext)
   at Amazon.Runtime.Internal.CallbackHandler.InvokeAsync[T](IExecutionContext executionContext)
   at Amazon.Runtime.Internal.EndpointDiscoveryHandler.InvokeAsync[T](IExecutionContext executionContext)
   at Amazon.Runtime.Internal.EndpointDiscoveryHandler.InvokeAsync[T](IExecutionContext executionContext)
   at Amazon.Runtime.Internal.CredentialsRetriever.InvokeAsync[T](IExecutionContext executionContext)
   at Amazon.Runtime.Internal.RetryHandler.InvokeAsync[T](IExecutionContext executionContext)
   at Amazon.Runtime.Internal.RetryHandler.InvokeAsync[T](IExecutionContext executionContext)
   at Amazon.Runtime.Internal.CallbackHandler.InvokeAsync[T](IExecutionContext executionContext)
   at Amazon.Runtime.Internal.CallbackHandler.InvokeAsync[T](IExecutionContext executionContext)
   at Amazon.S3.Internal.AmazonS3ExceptionHandler.InvokeAsync[T](IExecutionContext executionContext)
   at Amazon.Runtime.Internal.ErrorCallbackHandler.InvokeAsync[T](IExecutionContext executionContext)
   at Amazon.Runtime.Internal.MetricsHandler.InvokeAsync[T](IExecutionContext executionContext)
   at Amazon.S3.Transfer.Internal.DownloadCommand.ExecuteAsync(CancellationToken cancellationToken)
   at Amazon.S3.Transfer.TransferUtility.Download(String filePath, String bucketName, String key)
   at Core.S3FileStorageService.DownloadFile(String remoteFilePath, String localFilePath) in /src/Core/S3FileStorageService.cs:line 67
   at MTMCWorker.Service.Impl.MtmcWorker.FetchParamsFile(String paramsFileRef, String flowCellPath) in /src/MTMCWorker/Service/Impl/MtmcWorker.cs:line 297
2023-08-22 13:39:22,341 [1] INFO  - Can't download params file next to nBCDir. Using the default one.
Amazon.S3.AmazonS3Exception: The specified key does not exist.
 ---> Amazon.Runtime.Internal.HttpErrorResponseException: Exception of type 'Amazon.Runtime.Internal.HttpErrorResponseException' was thrown.
   at Amazon.Runtime.HttpWebRequestMessage.GetResponseAsync(CancellationToken cancellationToken)
   at Amazon.Runtime.Internal.HttpHandler`1.InvokeAsync[T](IExecutionContext executionContext)
   at Amazon.Runtime.Internal.RedirectHandler.InvokeAsync[T](IExecutionContext executionContext)
   at Amazon.Runtime.Internal.Unmarshaller.InvokeAsync[T](IExecutionContext executionContext)
   at Amazon.S3.Internal.AmazonS3ResponseHandler.InvokeAsync[T](IExecutionContext executionContext)
   at Amazon.Runtime.Internal.ErrorHandler.InvokeAsync[T](IExecutionContext executionContext)
   --- End of inner exception stack trace ---
   at Amazon.Runtime.Internal.HttpErrorResponseExceptionHandler.HandleExceptionStream(IRequestContext requestContext, IWebResponseData httpErrorResponse, HttpErrorResponseException exception, Stream responseStream)
   at Amazon.Runtime.Internal.HttpErrorResponseExceptionHandler.HandleExceptionAsync(IExecutionContext executionContext, HttpErrorResponseException exception)
   at Amazon.Runtime.Internal.ExceptionHandler`1.HandleAsync(IExecutionContext executionContext, Exception exception)
   at Amazon.Runtime.Internal.ErrorHandler.ProcessExceptionAsync(IExecutionContext executionContext, Exception exception)
   at Amazon.Runtime.Internal.ErrorHandler.InvokeAsync[T](IExecutionContext executionContext)
   at Amazon.Runtime.Internal.CallbackHandler.InvokeAsync[T](IExecutionContext executionContext)
   at Amazon.Runtime.Internal.EndpointDiscoveryHandler.InvokeAsync[T](IExecutionContext executionContext)
   at Amazon.Runtime.Internal.EndpointDiscoveryHandler.InvokeAsync[T](IExecutionContext executionContext)
   at Amazon.Runtime.Internal.CredentialsRetriever.InvokeAsync[T](IExecutionContext executionContext)
   at Amazon.Runtime.Internal.RetryHandler.InvokeAsync[T](IExecutionContext executionContext)
   at Amazon.Runtime.Internal.RetryHandler.InvokeAsync[T](IExecutionContext executionContext)
   at Amazon.Runtime.Internal.CallbackHandler.InvokeAsync[T](IExecutionContext executionContext)
   at Amazon.Runtime.Internal.CallbackHandler.InvokeAsync[T](IExecutionContext executionContext)
   at Amazon.S3.Internal.AmazonS3ExceptionHandler.InvokeAsync[T](IExecutionContext executionContext)
   at Amazon.Runtime.Internal.ErrorCallbackHandler.InvokeAsync[T](IExecutionContext executionContext)
   at Amazon.Runtime.Internal.MetricsHandler.InvokeAsync[T](IExecutionContext executionContext)
   at Amazon.S3.Transfer.Internal.DownloadCommand.ExecuteAsync(CancellationToken cancellationToken)
   at Amazon.S3.Transfer.TransferUtility.Download(String filePath, String bucketName, String key)
   at Core.S3FileStorageService.DownloadFile(String remoteFilePath, String localFilePath) in /src/Core/S3FileStorageService.cs:line 67
   at MTMCWorker.Service.Impl.MtmcWorker.FetchParamsFile(String paramsFileRef, String flowCellPath) in /src/MTMCWorker/Service/Impl/MtmcWorker.cs:line 297
2023-08-22 13:39:22,344 [1] INFO  - Fetching CellStatsDir folder data...
2023-08-22 13:39:22,416 [1] INFO  - Downloading 892d9dcc-e56d-475c-8dee-2c395064223d/2302H0033/c9d29823-a69c-4328-a6b9-53e2b78fa3e3/Run_76ed1d6b-57d6-4076-9a09-09a6f1ded693_20230817_2302h0033_ControlCenter/20230817_175305/20230817_175305_S1/CellStatsDir/CellComposite/CellComposite_F030.jpg
2023-08-22 13:39:22,635 [1] INFO  - Download 892d9dcc-e56d-475c-8dee-2c395064223d/2302H0033/c9d29823-a69c-4328-a6b9-53e2b78fa3e3/Run_76ed1d6b-57d6-4076-9a09-09a6f1ded693_20230817_2302h0033_ControlCenter/20230817_175305/20230817_175305_S1/CellStatsDir/CellComposite/CellComposite_F030.jpg finished
2023-08-22 13:39:22,635 [1] INFO  - Downloading 892d9dcc-e56d-475c-8dee-2c395064223d/2302H0033/c9d29823-a69c-4328-a6b9-53e2b78fa3e3/Run_76ed1d6b-57d6-4076-9a09-09a6f1ded693_20230817_2302h0033_ControlCenter/20230817_175305/20230817_175305_S1/CellStatsDir/CellOverlay/CellOverlay_F030.jpg
2023-08-22 13:39:22,939 [1] INFO  - Download 892d9dcc-e56d-475c-8dee-2c395064223d/2302H0033/c9d29823-a69c-4328-a6b9-53e2b78fa3e3/Run_76ed1d6b-57d6-4076-9a09-09a6f1ded693_20230817_2302h0033_ControlCenter/20230817_175305/20230817_175305_S1/CellStatsDir/CellOverlay/CellOverlay_F030.jpg finished
2023-08-22 13:39:22,939 [1] INFO  - Downloading 892d9dcc-e56d-475c-8dee-2c395064223d/2302H0033/c9d29823-a69c-4328-a6b9-53e2b78fa3e3/Run_76ed1d6b-57d6-4076-9a09-09a6f1ded693_20230817_2302h0033_ControlCenter/20230817_175305/20230817_175305_S1/CellStatsDir/FOV030/CellLabels_F030.tif
2023-08-22 13:39:23,122 [1] INFO  - Download 892d9dcc-e56d-475c-8dee-2c395064223d/2302H0033/c9d29823-a69c-4328-a6b9-53e2b78fa3e3/Run_76ed1d6b-57d6-4076-9a09-09a6f1ded693_20230817_2302h0033_ControlCenter/20230817_175305/20230817_175305_S1/CellStatsDir/FOV030/CellLabels_F030.tif finished
2023-08-22 13:39:23,122 [1] INFO  - Downloading 892d9dcc-e56d-475c-8dee-2c395064223d/2302H0033/c9d29823-a69c-4328-a6b9-53e2b78fa3e3/Run_76ed1d6b-57d6-4076-9a09-09a6f1ded693_20230817_2302h0033_ControlCenter/20230817_175305/20230817_175305_S1/CellStatsDir/FOV030/CompartmentLabels_F030.tif
2023-08-22 13:39:23,326 [1] INFO  - Download 892d9dcc-e56d-475c-8dee-2c395064223d/2302H0033/c9d29823-a69c-4328-a6b9-53e2b78fa3e3/Run_76ed1d6b-57d6-4076-9a09-09a6f1ded693_20230817_2302h0033_ControlCenter/20230817_175305/20230817_175305_S1/CellStatsDir/FOV030/CompartmentLabels_F030.tif finished
2023-08-22 13:39:23,326 [1] INFO  - Downloading 892d9dcc-e56d-475c-8dee-2c395064223d/2302H0033/c9d29823-a69c-4328-a6b9-53e2b78fa3e3/Run_76ed1d6b-57d6-4076-9a09-09a6f1ded693_20230817_2302h0033_ControlCenter/20230817_175305/20230817_175305_S1/CellStatsDir/FOV030/Run_76ed1d6b-57d6-4076-9a09-09a6f1ded693_20230817_175305_S1_Cell_Stats_F030.csv
2023-08-22 13:39:23,572 [1] INFO  - Download 892d9dcc-e56d-475c-8dee-2c395064223d/2302H0033/c9d29823-a69c-4328-a6b9-53e2b78fa3e3/Run_76ed1d6b-57d6-4076-9a09-09a6f1ded693_20230817_2302h0033_ControlCenter/20230817_175305/20230817_175305_S1/CellStatsDir/FOV030/Run_76ed1d6b-57d6-4076-9a09-09a6f1ded693_20230817_175305_S1_Cell_Stats_F030.csv finished
2023-08-22 13:39:23,572 [1] INFO  - Downloading 892d9dcc-e56d-475c-8dee-2c395064223d/2302H0033/c9d29823-a69c-4328-a6b9-53e2b78fa3e3/Run_76ed1d6b-57d6-4076-9a09-09a6f1ded693_20230817_2302h0033_ControlCenter/20230817_175305/20230817_175305_S1/CellStatsDir/Morphology2D/20230817_175305_S1_C902_P99_N99_F030.TIF
2023-08-22 13:39:24,515 [1] INFO  - Download 892d9dcc-e56d-475c-8dee-2c395064223d/2302H0033/c9d29823-a69c-4328-a6b9-53e2b78fa3e3/Run_76ed1d6b-57d6-4076-9a09-09a6f1ded693_20230817_2302h0033_ControlCenter/20230817_175305/20230817_175305_S1/CellStatsDir/Morphology2D/20230817_175305_S1_C902_P99_N99_F030.TIF finished
2023-08-22 13:39:24,515 [1] INFO  - Downloading 892d9dcc-e56d-475c-8dee-2c395064223d/2302H0033/c9d29823-a69c-4328-a6b9-53e2b78fa3e3/Run_76ed1d6b-57d6-4076-9a09-09a6f1ded693_20230817_2302h0033_ControlCenter/20230817_175305/20230817_175305_S1/CellStatsDir/RnD/Run_76ed1d6b-57d6-4076-9a09-09a6f1ded693_20230817_175305_S1_Summary_F030.csv
2023-08-22 13:39:24,679 [1] INFO  - Download 892d9dcc-e56d-475c-8dee-2c395064223d/2302H0033/c9d29823-a69c-4328-a6b9-53e2b78fa3e3/Run_76ed1d6b-57d6-4076-9a09-09a6f1ded693_20230817_2302h0033_ControlCenter/20230817_175305/20230817_175305_S1/CellStatsDir/RnD/Run_76ed1d6b-57d6-4076-9a09-09a6f1ded693_20230817_175305_S1_Summary_F030.csv finished
2023-08-22 13:39:24,679 [1] INFO  - CellStatsDir data download complete.
2023-08-22 13:39:24,679 [1] INFO  - FOV downloaded successfully.
2023-08-22 13:39:24,679 [1] INFO  - Preparing dirs structure for mtmc
2023-08-22 13:39:24,680 [1] INFO  - Preparing mtmc input. FOV dir: FOV030
2023-08-22 13:39:24,682 [1] INFO  - Running mtmc...
2023-08-22 13:39:24,688 [18] INFO  - directory: "/app/input_data/"
2023-08-22 13:39:24,924 [18] INFO  - directory: "/app/out/FOV030/"
2023-08-22 13:40:11,101 [18] INFO  - 2023-08-22 13:39:24,F030,Z,0,iter,0,feat,0,0, Reading and combining input data, 0.029697, sec
2023-08-22 13:40:11,101 [18] INFO  - 2023-08-22 13:39:25,F030,Z,0,iter,0,feat,638820,638820, Spot file data loading and filtration , 0.862315, sec
2023-08-22 13:40:11,101 [18] INFO  - 2023-08-22 13:39:26,F030,Z,0,iter,0,feat,638820,638820, Seed neighbor determination, 0.692287, sec
2023-08-22 13:40:11,101 [18] INFO  - 2023-08-22 13:39:26,F030,Z,0,iter,0,feat,638820,638820, Quality Score Generation, 0.832572, sec
2023-08-22 13:40:11,101 [18] INFO  - 2023-08-22 13:39:27,F030,Z,0,iter,0,feat,638820,638820, Spots per feature calculation and feature filtration, 0.747414, sec
2023-08-22 13:40:11,101 [18] INFO  - 2023-08-22 13:39:27,F030,Z,0,iter,0,feat,638820,638820, Making Complete Code Target Calls, 0.170221, sec
2023-08-22 13:40:11,101 [18] INFO  - 2023-08-22 13:39:27,F030,Z,0,iter,0,feat,638820,638820, Target Call Location Estimation and iteration end update, 0.067623, sec
2023-08-22 13:40:11,101 [18] INFO  - 2023-08-22 13:39:27,F030,Z,0,iter,0,feat,638820,638820, Iteration summary generation, 0.000593, sec
2023-08-22 13:40:11,101 [18] INFO  - 2023-08-22 13:39:27,F030,Z,0,iter,0,feat,638820,638820, Iteration duration, 2.2131, sec
2023-08-22 13:40:11,101 [18] INFO  - 2023-08-22 13:39:27,F030,Z,0,iter,1,feat,638820,638820, Seed neighbor determination, 0.621982, sec
2023-08-22 13:40:11,101 [18] INFO  - 2023-08-22 13:39:28,F030,Z,0,iter,1,feat,638820,638820, Quality Score Generation, 1.23444, sec
2023-08-22 13:40:11,101 [18] INFO  - 2023-08-22 13:39:28,F030,Z,0,iter,1,feat,638820,638820, Spots per feature calculation and feature filtration, 0.770427, sec
2023-08-22 13:40:11,101 [18] INFO  - 2023-08-22 13:39:29,F030,Z,0,iter,1,feat,638820,638820, Making Complete Code Target Calls, 0.213658, sec
2023-08-22 13:40:11,101 [18] INFO  - 2023-08-22 13:39:29,F030,Z,0,iter,1,feat,638820,638820, Target Call Location Estimation and iteration end update, 0.041712, sec
2023-08-22 13:40:11,101 [18] INFO  - 2023-08-22 13:39:29,F030,Z,0,iter,1,feat,638820,638820, Iteration summary generation, 0.018346, sec
2023-08-22 13:40:11,101 [18] INFO  - 2023-08-22 13:39:29,F030,Z,0,iter,1,feat,638820,638820, Iteration duration, 2.64426, sec
2023-08-22 13:40:11,101 [18] INFO  - 2023-08-22 13:39:29,F030,Z,0,iter,1,feat,638820,638820, Z slice processing duration, 5.72102, sec
2023-08-22 13:40:11,101 [18] INFO  - 2023-08-22 13:39:35,F030,Z,1,iter,0,feat,2230354,2869174, Spot file data loading and filtration , 5.54656, sec
2023-08-22 13:40:11,101 [18] INFO  - 2023-08-22 13:39:36,F030,Z,1,iter,0,feat,2230354,2869174, Seed neighbor determination, 2.11365, sec
2023-08-22 13:40:11,101 [18] INFO  - 2023-08-22 13:39:37,F030,Z,1,iter,0,feat,2230354,2869174, Quality Score Generation, 4.22412, sec
2023-08-22 13:40:11,101 [18] INFO  - 2023-08-22 13:39:40,F030,Z,1,iter,0,feat,2230354,2869174, Spots per feature calculation and feature filtration, 3.45316, sec
2023-08-22 13:40:11,101 [18] INFO  - 2023-08-22 13:39:43,F030,Z,1,iter,0,feat,2230354,2869174, Making Complete Code Target Calls, 2.69906, sec
2023-08-22 13:40:11,101 [18] INFO  - 2023-08-22 13:39:44,F030,Z,1,iter,0,feat,2230354,2869174, Target Call Location Estimation and iteration end update, 1.12206, sec
2023-08-22 13:40:11,101 [18] INFO  - 2023-08-22 13:39:44,F030,Z,1,iter,0,feat,2230354,2869174, Iteration summary generation, 0.020945, sec
2023-08-22 13:40:11,101 [18] INFO  - 2023-08-22 13:39:44,F030,Z,1,iter,0,feat,2230354,2869174, Iteration duration, 12.7512, sec
2023-08-22 13:40:11,101 [18] INFO  - 2023-08-22 13:39:45,F030,Z,1,iter,1,feat,2230354,2869174, Seed neighbor determination, 2.01525, sec
2023-08-22 13:40:11,101 [18] INFO  - 2023-08-22 13:39:46,F030,Z,1,iter,1,feat,2230354,2869174, Quality Score Generation, 4.3877, sec
2023-08-22 13:40:11,101 [18] INFO  - 2023-08-22 13:39:49,F030,Z,1,iter,1,feat,2230354,2869174, Spots per feature calculation and feature filtration, 3.13221, sec
2023-08-22 13:40:11,101 [18] INFO  - 2023-08-22 13:39:52,F030,Z,1,iter,1,feat,2230354,2869174, Making Complete Code Target Calls, 2.0344, sec
2023-08-22 13:40:11,101 [18] INFO  - 2023-08-22 13:39:52,F030,Z,1,iter,1,feat,2230354,2869174, Target Call Location Estimation and iteration end update, 0.385261, sec
2023-08-22 13:40:11,101 [18] INFO  - 2023-08-22 13:39:52,F030,Z,1,iter,1,feat,2230354,2869174, Iteration summary generation, 0.346046, sec
2023-08-22 13:40:11,101 [18] INFO  - 2023-08-22 13:39:52,F030,Z,1,iter,1,feat,2230354,2869174, Iteration duration, 11.4884, sec
2023-08-22 13:40:11,101 [18] INFO  - 2023-08-22 13:39:52,F030,Z,1,iter,1,feat,2230354,2869174, Z slice processing duration, 30.1261, sec
2023-08-22 13:40:11,101 [18] INFO  - 2023-08-22 13:39:59,F030,Z,2,iter,0,feat,2226957,5096131, Spot file data loading and filtration , 5.50982, sec
2023-08-22 13:40:11,101 [18] INFO  - 2023-08-22 13:40:00,F030,Z,2,iter,0,feat,2226957,5096131, Seed neighbor determination, 2.11407, sec
2023-08-22 13:40:11,101 [18] INFO  - 2023-08-22 13:40:02,F030,Z,2,iter,0,feat,2226957,5096131, Quality Score Generation, 6.32911, sec
2023-08-22 13:40:11,101 [18] INFO  - 2023-08-22 13:40:04,F030,Z,2,iter,0,feat,2226957,5096131, Spots per feature calculation and feature filtration, 2.81917, sec
2023-08-22 13:40:11,101 [18] INFO  - 2023-08-22 13:40:09,F030,Z,2,iter,0,feat,2226957,5096131, Making Complete Code Target Calls, 4.10018, sec
2023-08-22 13:41:14,647 [18] INFO  - 2023-08-22 13:40:11,F030,Z,2,iter,0,feat,2226957,5096131, Target Call Location Estimation and iteration end update, 1.91161, sec
2023-08-22 13:41:14,647 [18] INFO  - 2023-08-22 13:40:11,F030,Z,2,iter,0,feat,2226957,5096131, Iteration summary generation, 0.059184, sec
2023-08-22 13:41:14,647 [18] INFO  - 2023-08-22 13:40:11,F030,Z,2,iter,0,feat,2226957,5096131, Iteration duration, 16.4583, sec
2023-08-22 13:41:14,647 [18] INFO  - 2023-08-22 13:40:12,F030,Z,2,iter,1,feat,2226957,5096131, Seed neighbor determination, 2.33788, sec
2023-08-22 13:41:14,647 [18] INFO  - 2023-08-22 13:40:14,F030,Z,2,iter,1,feat,2226957,5096131, Quality Score Generation, 6.47138, sec
2023-08-22 13:41:14,647 [18] INFO  - 2023-08-22 13:40:15,F030,Z,2,iter,1,feat,2226957,5096131, Spots per feature calculation and feature filtration, 1.836, sec
2023-08-22 13:41:14,647 [18] INFO  - 2023-08-22 13:40:18,F030,Z,2,iter,1,feat,2226957,5096131, Making Complete Code Target Calls, 2.19372, sec
2023-08-22 13:41:14,647 [18] INFO  - 2023-08-22 13:40:18,F030,Z,2,iter,1,feat,2226957,5096131, Target Call Location Estimation and iteration end update, 0.335989, sec
2023-08-22 13:41:14,647 [18] INFO  - 2023-08-22 13:40:19,F030,Z,2,iter,1,feat,2226957,5096131, Iteration summary generation, 0.638706, sec
2023-08-22 13:41:14,647 [18] INFO  - 2023-08-22 13:40:19,F030,Z,2,iter,1,feat,2226957,5096131, Iteration duration, 12.8304, sec
2023-08-22 13:41:14,648 [4] INFO  - 2023-08-22 13:40:19,F030,Z,2,iter,1,feat,2226957,5096131, Z slice processing duration, 35.8447, sec
2023-08-22 13:41:14,648 [4] INFO  - 2023-08-22 13:40:26,F030,Z,3,iter,0,feat,2075851,7171982, Spot file data loading and filtration , 5.89485, sec
2023-08-22 13:41:14,648 [4] INFO  - 2023-08-22 13:40:27,F030,Z,3,iter,0,feat,2075851,7171982, Seed neighbor determination, 1.97506, sec
2023-08-22 13:41:14,648 [4] INFO  - 2023-08-22 13:40:28,F030,Z,3,iter,0,feat,2075851,7171982, Quality Score Generation, 4.74613, sec
2023-08-22 13:41:14,648 [4] INFO  - 2023-08-22 13:40:30,F030,Z,3,iter,0,feat,2075851,7171982, Spots per feature calculation and feature filtration, 2.21572, sec
2023-08-22 13:41:14,648 [4] INFO  - 2023-08-22 13:40:37,F030,Z,3,iter,0,feat,2075851,7171982, Making Complete Code Target Calls, 6.06282, sec
2023-08-22 13:41:14,648 [4] INFO  - 2023-08-22 13:40:39,F030,Z,3,iter,0,feat,2075851,7171982, Target Call Location Estimation and iteration end update, 2.15714, sec
2023-08-22 13:41:14,648 [4] INFO  - 2023-08-22 13:40:39,F030,Z,3,iter,0,feat,2075851,7171982, Iteration summary generation, 0.046655, sec
2023-08-22 13:41:14,648 [4] INFO  - 2023-08-22 13:40:39,F030,Z,3,iter,0,feat,2075851,7171982, Iteration duration, 16.4567, sec
2023-08-22 13:41:14,648 [4] INFO  - 2023-08-22 13:40:40,F030,Z,3,iter,1,feat,2075851,7171982, Seed neighbor determination, 1.61083, sec
2023-08-22 13:41:14,648 [4] INFO  - 2023-08-22 13:40:41,F030,Z,3,iter,1,feat,2075851,7171982, Quality Score Generation, 5.42251, sec
2023-08-22 13:41:14,648 [4] INFO  - 2023-08-22 13:40:43,F030,Z,3,iter,1,feat,2075851,7171982, Spots per feature calculation and feature filtration, 1.73392, sec
2023-08-22 13:41:14,648 [4] INFO  - 2023-08-22 13:40:45,F030,Z,3,iter,1,feat,2075851,7171982, Making Complete Code Target Calls, 2.38138, sec
2023-08-22 13:41:14,648 [4] INFO  - 2023-08-22 13:40:46,F030,Z,3,iter,1,feat,2075851,7171982, Target Call Location Estimation and iteration end update, 0.326839, sec
2023-08-22 13:41:14,648 [4] INFO  - 2023-08-22 13:40:46,F030,Z,3,iter,1,feat,2075851,7171982, Iteration summary generation, 0.660475, sec
2023-08-22 13:41:14,648 [4] INFO  - 2023-08-22 13:40:46,F030,Z,3,iter,1,feat,2075851,7171982, Iteration duration, 11.5121, sec
2023-08-22 13:41:14,648 [4] INFO  - 2023-08-22 13:40:46,F030,Z,3,iter,1,feat,2075851,7171982, Z slice processing duration, 35.0936, sec
2023-08-22 13:41:14,648 [4] INFO  - 2023-08-22 13:40:55,F030,Z,4,iter,0,feat,2021454,9193436, Spot file data loading and filtration , 7.74291, sec
2023-08-22 13:41:14,648 [4] INFO  - 2023-08-22 13:40:56,F030,Z,4,iter,0,feat,2021454,9193436, Seed neighbor determination, 2.15014, sec
2023-08-22 13:41:14,648 [4] INFO  - 2023-08-22 13:40:58,F030,Z,4,iter,0,feat,2021454,9193436, Quality Score Generation, 8.06502, sec
2023-08-22 13:41:14,648 [4] INFO  - 2023-08-22 13:41:01,F030,Z,4,iter,0,feat,2021454,9193436, Spots per feature calculation and feature filtration, 2.72411, sec
2023-08-22 13:41:14,648 [4] INFO  - 2023-08-22 13:41:05,F030,Z,4,iter,0,feat,2021454,9193436, Making Complete Code Target Calls, 3.83372, sec
2023-08-22 13:41:14,648 [4] INFO  - 2023-08-22 13:41:08,F030,Z,4,iter,0,feat,2021454,9193436, Target Call Location Estimation and iteration end update, 3.03702, sec
2023-08-22 13:41:14,648 [4] INFO  - 2023-08-22 13:41:08,F030,Z,4,iter,0,feat,2021454,9193436, Iteration summary generation, 0.048922, sec
2023-08-22 13:41:14,648 [4] INFO  - 2023-08-22 13:41:08,F030,Z,4,iter,0,feat,2021454,9193436, Iteration duration, 19.043, sec
2023-08-22 13:41:14,648 [4] INFO  - 2023-08-22 13:41:09,F030,Z,4,iter,1,feat,2021454,9193436, Seed neighbor determination, 2.13985, sec
2023-08-22 13:41:14,648 [4] INFO  - 2023-08-22 13:41:11,F030,Z,4,iter,1,feat,2021454,9193436, Quality Score Generation, 5.35111, sec
2023-08-22 13:41:14,648 [4] INFO  - 2023-08-22 13:41:12,F030,Z,4,iter,1,feat,2021454,9193436, Spots per feature calculation and feature filtration, 1.52338, sec
2023-08-22 13:42:10,838 [4] INFO  - 2023-08-22 13:41:14,F030,Z,4,iter,1,feat,2021454,9193436, Making Complete Code Target Calls, 1.91336, sec
2023-08-22 13:42:10,838 [4] INFO  - 2023-08-22 13:41:14,F030,Z,4,iter,1,feat,2021454,9193436, Target Call Location Estimation and iteration end update, 0.300148, sec
2023-08-22 13:42:10,838 [4] INFO  - 2023-08-22 13:41:15,F030,Z,4,iter,1,feat,2021454,9193436, Iteration summary generation, 0.60758, sec
2023-08-22 13:42:10,838 [4] INFO  - 2023-08-22 13:41:15,F030,Z,4,iter,1,feat,2021454,9193436, Iteration duration, 10.8567, sec
2023-08-22 13:42:10,838 [4] INFO  - 2023-08-22 13:41:15,F030,Z,4,iter,1,feat,2021454,9193436, Z slice processing duration, 38.4817, sec
2023-08-22 13:42:10,838 [4] INFO  - 2023-08-22 13:41:21,F030,Z,5,iter,0,feat,1941227,11134663, Spot file data loading and filtration , 4.82599, sec
2023-08-22 13:42:10,838 [4] INFO  - 2023-08-22 13:41:22,F030,Z,5,iter,0,feat,1941227,11134663, Seed neighbor determination, 1.82095, sec
2023-08-22 13:42:10,838 [4] INFO  - 2023-08-22 13:41:23,F030,Z,5,iter,0,feat,1941227,11134663, Quality Score Generation, 4.08533, sec
2023-08-22 13:42:10,838 [4] INFO  - 2023-08-22 13:41:25,F030,Z,5,iter,0,feat,1941227,11134663, Spots per feature calculation and feature filtration, 2.16002, sec
2023-08-22 13:42:10,838 [4] INFO  - 2023-08-22 13:41:30,F030,Z,5,iter,0,feat,1941227,11134663, Making Complete Code Target Calls, 4.56745, sec
2023-08-22 13:42:10,839 [27] INFO  - 2023-08-22 13:41:32,F030,Z,5,iter,0,feat,1941227,11134663, Target Call Location Estimation and iteration end update, 2.10703, sec
2023-08-22 13:42:10,839 [27] INFO  - 2023-08-22 13:41:32,F030,Z,5,iter,0,feat,1941227,11134663, Iteration summary generation, 0.039394, sec
2023-08-22 13:42:10,839 [27] INFO  - 2023-08-22 13:41:32,F030,Z,5,iter,0,feat,1941227,11134663, Iteration duration, 14.1242, sec
2023-08-22 13:42:10,839 [27] INFO  - 2023-08-22 13:41:33,F030,Z,5,iter,1,feat,1941227,11134663, Seed neighbor determination, 1.95053, sec
2023-08-22 13:42:10,839 [27] INFO  - 2023-08-22 13:41:34,F030,Z,5,iter,1,feat,1941227,11134663, Quality Score Generation, 3.39176, sec
2023-08-22 13:42:10,839 [27] INFO  - 2023-08-22 13:41:36,F030,Z,5,iter,1,feat,1941227,11134663, Spots per feature calculation and feature filtration, 1.60643, sec
2023-08-22 13:42:10,839 [27] INFO  - 2023-08-22 13:41:38,F030,Z,5,iter,1,feat,1941227,11134663, Making Complete Code Target Calls, 2.41554, sec
2023-08-22 13:42:10,839 [27] INFO  - 2023-08-22 13:41:39,F030,Z,5,iter,1,feat,1941227,11134663, Target Call Location Estimation and iteration end update, 0.552369, sec
2023-08-22 13:42:10,839 [27] INFO  - 2023-08-22 13:41:39,F030,Z,5,iter,1,feat,1941227,11134663, Iteration summary generation, 0.685321, sec
2023-08-22 13:42:10,839 [27] INFO  - 2023-08-22 13:41:39,F030,Z,5,iter,1,feat,1941227,11134663, Iteration duration, 9.78151, sec
2023-08-22 13:42:10,839 [27] INFO  - 2023-08-22 13:41:39,F030,Z,5,iter,1,feat,1941227,11134663, Z slice processing duration, 29.8322, sec
2023-08-22 13:42:10,839 [27] INFO  - 2023-08-22 13:41:48,F030,Z,6,iter,0,feat,1831127,12965790, Spot file data loading and filtration , 7.92336, sec
2023-08-22 13:42:10,839 [27] INFO  - 2023-08-22 13:41:49,F030,Z,6,iter,0,feat,1831127,12965790, Seed neighbor determination, 1.75073, sec
2023-08-22 13:42:10,839 [27] INFO  - 2023-08-22 13:41:50,F030,Z,6,iter,0,feat,1831127,12965790, Quality Score Generation, 4.15049, sec
2023-08-22 13:42:10,839 [27] INFO  - 2023-08-22 13:41:53,F030,Z,6,iter,0,feat,1831127,12965790, Spots per feature calculation and feature filtration, 2.97775, sec
2023-08-22 13:42:10,839 [27] INFO  - 2023-08-22 13:41:56,F030,Z,6,iter,0,feat,1831127,12965790, Making Complete Code Target Calls, 2.98916, sec
2023-08-22 13:42:10,839 [27] INFO  - 2023-08-22 13:41:57,F030,Z,6,iter,0,feat,1831127,12965790, Target Call Location Estimation and iteration end update, 1.10407, sec
2023-08-22 13:42:10,839 [27] INFO  - 2023-08-22 13:41:57,F030,Z,6,iter,0,feat,1831127,12965790, Iteration summary generation, 0.033036, sec
2023-08-22 13:42:10,839 [27] INFO  - 2023-08-22 13:41:57,F030,Z,6,iter,0,feat,1831127,12965790, Iteration duration, 12.2872, sec
2023-08-22 13:42:10,839 [27] INFO  - 2023-08-22 13:41:58,F030,Z,6,iter,1,feat,1831127,12965790, Seed neighbor determination, 1.46556, sec
2023-08-22 13:42:10,839 [27] INFO  - 2023-08-22 13:41:59,F030,Z,6,iter,1,feat,1831127,12965790, Quality Score Generation, 4.42452, sec
2023-08-22 13:42:10,839 [27] INFO  - 2023-08-22 13:42:01,F030,Z,6,iter,1,feat,1831127,12965790, Spots per feature calculation and feature filtration, 1.84694, sec
2023-08-22 13:42:10,839 [27] INFO  - 2023-08-22 13:42:03,F030,Z,6,iter,1,feat,1831127,12965790, Making Complete Code Target Calls, 1.86937, sec
2023-08-22 13:42:10,839 [27] INFO  - 2023-08-22 13:42:03,F030,Z,6,iter,1,feat,1831127,12965790, Target Call Location Estimation and iteration end update, 0.273819, sec
2023-08-22 13:42:10,839 [27] INFO  - 2023-08-22 13:42:04,F030,Z,6,iter,1,feat,1831127,12965790, Iteration summary generation, 0.540497, sec
2023-08-22 13:42:10,839 [27] INFO  - 2023-08-22 13:42:04,F030,Z,6,iter,1,feat,1831127,12965790, Iteration duration, 9.81542, sec
2023-08-22 13:42:10,839 [27] INFO  - 2023-08-22 13:42:04,F030,Z,6,iter,1,feat,1831127,12965790, Z slice processing duration, 31.0452, sec
2023-08-22 13:42:10,839 [27] INFO  - 2023-08-22 13:42:09,F030,Z,7,iter,0,feat,1768806,14734596, Spot file data loading and filtration , 4.62529, sec
2023-08-22 13:42:43,287 [27] INFO  - 2023-08-22 13:42:10,F030,Z,7,iter,0,feat,1768806,14734596, Seed neighbor determination, 1.83451, sec
2023-08-22 13:42:43,288 [27] INFO  - 2023-08-22 13:42:11,F030,Z,7,iter,0,feat,1768806,14734596, Quality Score Generation, 3.72646, sec
2023-08-22 13:42:43,288 [27] INFO  - 2023-08-22 13:42:13,F030,Z,7,iter,0,feat,1768806,14734596, Spots per feature calculation and feature filtration, 1.76879, sec
2023-08-22 13:42:43,288 [27] INFO  - 2023-08-22 13:42:16,F030,Z,7,iter,0,feat,1768806,14734596, Making Complete Code Target Calls, 2.89316, sec
2023-08-22 13:42:43,288 [27] INFO  - 2023-08-22 13:42:17,F030,Z,7,iter,0,feat,1768806,14734596, Target Call Location Estimation and iteration end update, 1.08374, sec
2023-08-22 13:42:43,288 [27] INFO  - 2023-08-22 13:42:17,F030,Z,7,iter,0,feat,1768806,14734596, Iteration summary generation, 0.031806, sec
2023-08-22 13:42:43,288 [27] INFO  - 2023-08-22 13:42:17,F030,Z,7,iter,0,feat,1768806,14734596, Iteration duration, 10.5681, sec
2023-08-22 13:42:43,288 [27] INFO  - 2023-08-22 13:42:18,F030,Z,7,iter,1,feat,1768806,14734596, Seed neighbor determination, 1.61315, sec
2023-08-22 13:42:43,288 [27] INFO  - 2023-08-22 13:42:20,F030,Z,7,iter,1,feat,1768806,14734596, Quality Score Generation, 6.45527, sec
2023-08-22 13:42:43,288 [27] INFO  - 2023-08-22 13:42:21,F030,Z,7,iter,1,feat,1768806,14734596, Spots per feature calculation and feature filtration, 1.66636, sec
2023-08-22 13:42:43,288 [27] INFO  - 2023-08-22 13:42:24,F030,Z,7,iter,1,feat,1768806,14734596, Making Complete Code Target Calls, 2.20538, sec
2023-08-22 13:42:43,288 [27] INFO  - 2023-08-22 13:42:24,F030,Z,7,iter,1,feat,1768806,14734596, Target Call Location Estimation and iteration end update, 0.269452, sec
2023-08-22 13:42:43,288 [27] INFO  - 2023-08-22 13:42:24,F030,Z,7,iter,1,feat,1768806,14734596, Iteration summary generation, 0.418334, sec
2023-08-22 13:42:43,288 [27] INFO  - 2023-08-22 13:42:24,F030,Z,7,iter,1,feat,1768806,14734596, Iteration duration, 11.944, sec
2023-08-22 13:42:43,288 [27] INFO  - 2023-08-22 13:42:24,F030,Z,7,iter,1,feat,1768806,14734596, Z slice processing duration, 27.9158, sec
2023-08-22 13:42:43,288 [27] INFO  - 2023-08-22 13:42:29,F030,Z,8,iter,0,feat,1472066,16206662, Spot file data loading and filtration , 4.16252, sec
2023-08-22 13:42:43,288 [27] INFO  - 2023-08-22 13:42:30,F030,Z,8,iter,0,feat,1472066,16206662, Seed neighbor determination, 1.37672, sec
2023-08-22 13:42:43,288 [27] INFO  - 2023-08-22 13:42:31,F030,Z,8,iter,0,feat,1472066,16206662, Quality Score Generation, 2.68882, sec
2023-08-22 13:42:43,288 [27] INFO  - 2023-08-22 13:42:32,F030,Z,8,iter,0,feat,1472066,16206662, Spots per feature calculation and feature filtration, 1.66128, sec
2023-08-22 13:42:43,288 [4] INFO  - 2023-08-22 13:42:35,F030,Z,8,iter,0,feat,1472066,16206662, Making Complete Code Target Calls, 2.5765, sec
2023-08-22 13:42:43,288 [4] INFO  - 2023-08-22 13:42:36,F030,Z,8,iter,0,feat,1472066,16206662, Target Call Location Estimation and iteration end update, 1.02954, sec
2023-08-22 13:42:43,288 [4] INFO  - 2023-08-22 13:42:36,F030,Z,8,iter,0,feat,1472066,16206662, Iteration summary generation, 0.019719, sec
2023-08-22 13:42:43,288 [4] INFO  - 2023-08-22 13:42:36,F030,Z,8,iter,0,feat,1472066,16206662, Iteration duration, 8.82967, sec
2023-08-22 13:42:43,288 [4] INFO  - 2023-08-22 13:42:37,F030,Z,8,iter,1,feat,1472066,16206662, Seed neighbor determination, 1.71103, sec
2023-08-22 13:42:43,288 [4] INFO  - 2023-08-22 13:42:38,F030,Z,8,iter,1,feat,1472066,16206662, Quality Score Generation, 2.71826, sec
2023-08-22 13:42:43,288 [4] INFO  - 2023-08-22 13:42:39,F030,Z,8,iter,1,feat,1472066,16206662, Spots per feature calculation and feature filtration, 1.27814, sec
2023-08-22 13:42:43,288 [4] INFO  - 2023-08-22 13:42:41,F030,Z,8,iter,1,feat,1472066,16206662, Making Complete Code Target Calls, 1.66669, sec
2023-08-22 13:42:43,288 [4] INFO  - 2023-08-22 13:42:41,F030,Z,8,iter,1,feat,1472066,16206662, Target Call Location Estimation and iteration end update, 0.22969, sec
2023-08-22 13:42:43,288 [4] INFO  - 2023-08-22 13:42:41,F030,Z,8,iter,1,feat,1472066,16206662, Iteration summary generation, 0.221436, sec
2023-08-22 13:42:43,288 [4] INFO  - 2023-08-22 13:42:41,F030,Z,8,iter,1,feat,1472066,16206662, Iteration duration, 7.08998, sec
2023-08-22 13:42:43,288 [4] INFO  - 2023-08-22 13:42:41,F030,Z,8,iter,1,feat,1472066,16206662, Z slice processing duration, 20.9188, sec
2023-08-22 13:42:43,288 [4] INFO  - 2023-08-22 13:42:41,F030,Z,9,iter,0,feat,17570,16224232, Spot file data loading and filtration , -0.846866, sec
2023-08-22 13:42:43,288 [4] INFO  - 2023-08-22 13:42:41,F030,Z,9,iter,0,feat,17570,16224232, Seed neighbor determination, 0.012741, sec
2023-08-22 13:42:43,288 [4] INFO  - 2023-08-22 13:42:41,F030,Z,9,iter,0,feat,17570,16224232, Quality Score Generation, 0.008798, sec
2023-08-22 13:42:43,288 [4] INFO  - 2023-08-22 13:42:41,F030,Z,9,iter,1,feat,17570,16224232, Seed neighbor determination, 0.012671, sec
2023-08-22 13:42:43,288 [4] INFO  - 2023-08-22 13:42:41,F030,Z,9,iter,1,feat,17570,16224232, Quality Score Generation, 0.00727, sec
2023-08-22 13:42:43,288 [4] INFO  - 2023-08-22 13:42:41,F030,Z,9,iter,1,feat,17570,16224232, Z slice processing duration, 0.068436, sec
2023-08-22 13:42:43,288 [4] INFO  - 2023-08-22 13:42:43,F030,Z,9,iter,1,feat,17570,16224232, FOV processing duration (final) , 256.495, sec
2023-08-22 13:42:43,296 [31] INFO  - Exited
2023-08-22 13:42:43,296 [31] INFO  - System.EventArgs
2023-08-22 13:42:43,297 [31] INFO  - { }
2023-08-22 13:42:43,298 [1] INFO  - mtmc run complete
2023-08-22 13:42:43,298 [1] INFO  - Zipping and uploading results...
2023-08-22 13:42:43,298 [1] INFO  - Uploading mtm results to storage.
2023-08-22 13:42:43,299 [1] INFO  - Start uploading /app/out/FOV030 to 892d9dcc-e56d-475c-8dee-2c395064223d/2302H0033/c9d29823-a69c-4328-a6b9-53e2b78fa3e3/Run_76ed1d6b-57d6-4076-9a09-09a6f1ded693_20230817_2302h0033_ControlCenter/20230817_175305/20230817_175305_S1/AnalysisResults/oxdwyv2woj/FOV030
2023-08-22 13:42:43,299 [1] INFO  - Executing with retries set to: 10
2023-08-22 13:42:44,797 [1] INFO  - Upload /app/out/FOV030 finished
2023-08-22 13:42:44,797 [1] INFO  - Results uploaded.
2023-08-22 13:42:44,797 [1] INFO  - All done
2023-08-22 13:42:44,797 [1] INFO  - Executing with retries set to: 10
2023-08-22 13:42:44,797 [1] INFO  - Setting fov oxdwyv2woj-qyj4h into status Completed
2023-08-22 13:42:44,799 [1] INFO  - Saving a fov processing run: oxdwyv2woj-qyj4h
2023-08-22 13:42:44,799 [1] INFO  - Updating an existing fov run.
2023-08-22 13:42:44,801 [1] INFO  - Uploading logs
2023-08-22 13:42:44,802 [1] INFO  - Start uploading 892d9dcc-e56d-475c-8dee-2c395064223d/2302H0033/c9d29823-a69c-4328-a6b9-53e2b78fa3e3/Run_76ed1d6b-57d6-4076-9a09-09a6f1ded693_20230817_2302h0033_ControlCenter/20230817_175305/20230817_175305_S1/AnalysisResults/oxdwyv2woj/FOV030/mtm-run.log
