2023-08-22 13:32:36,188 [1] INFO  - Using bucket s3-euw1-eu2-datarepository-eu2-eu2-kcl-01 and region eu-west-1
2023-08-22 13:32:36,224 [1] INFO  - Using role to access S3
2023-08-22 13:32:36,597 [1] INFO  - ===============================
2023-08-22 13:32:36,597 [1] INFO  - build info: 
commit 1860d865ce7409a4b25d5549a62e2b7be0a93d33
Author: alexander-serebriyan <alexander.serebriyan@teamdev.com>
Date:   Fri Feb 10 15:42:48 2023 +0100

    Add UAT env for ECR pushing.

Build done on: Fri Feb 10 14:46:39 UTC 2023
Version: 20230210.1

2023-08-22 13:32:36,597 [1] INFO  - ===============================
2023-08-22 13:32:36,597 [1] INFO  - Starting the job. Results will be uploaded to: 892d9dcc-e56d-475c-8dee-2c395064223d/2302H0033/c9d29823-a69c-4328-a6b9-53e2b78fa3e3/Run_76ed1d6b-57d6-4076-9a09-09a6f1ded693_20230817_2302h0033_ControlCenter/20230817_175305/20230817_175305_S1/AnalysisResults/oxdwyv2woj/FOV024
2023-08-22 13:32:36,597 [1] INFO  - Checking FOV status. Ref: oxdwyv2woj-8u5vt, ID: 892d9dcc-e56d-475c-8dee-2c395064223d/2302H0033/c9d29823-a69c-4328-a6b9-53e2b78fa3e3/Run_76ed1d6b-57d6-4076-9a09-09a6f1ded693_20230817_2302h0033_ControlCenter/20230817_175305/20230817_175305_S1/SpotFiles/FOV024/
2023-08-22 13:32:36,940 [1] INFO  - Executing with retries set to: 10
2023-08-22 13:32:36,940 [1] INFO  - Setting fov oxdwyv2woj-8u5vt into status InProgress
2023-08-22 13:32:36,947 [1] INFO  - Saving a fov processing run: oxdwyv2woj-8u5vt
2023-08-22 13:32:36,948 [1] INFO  - Updating an existing fov run.
2023-08-22 13:32:37,017 [1] INFO  - Downloading FOV using next path: 892d9dcc-e56d-475c-8dee-2c395064223d/2302H0033/c9d29823-a69c-4328-a6b9-53e2b78fa3e3/Run_76ed1d6b-57d6-4076-9a09-09a6f1ded693_20230817_2302h0033_ControlCenter/20230817_175305/20230817_175305_S1/SpotFiles/FOV024/
2023-08-22 13:32:37,018 [1] INFO  - Start downloading 892d9dcc-e56d-475c-8dee-2c395064223d/2302H0033/c9d29823-a69c-4328-a6b9-53e2b78fa3e3/Run_76ed1d6b-57d6-4076-9a09-09a6f1ded693_20230817_2302h0033_ControlCenter/20230817_175305/20230817_175305_S1/SpotFiles/FOV024/
2023-08-22 13:32:37,018 [1] INFO  - Executing with retries set to: 10
2023-08-22 13:36:41,200 [1] INFO  - Download 892d9dcc-e56d-475c-8dee-2c395064223d/2302H0033/c9d29823-a69c-4328-a6b9-53e2b78fa3e3/Run_76ed1d6b-57d6-4076-9a09-09a6f1ded693_20230817_2302h0033_ControlCenter/20230817_175305/20230817_175305_S1/SpotFiles/FOV024/ complete
2023-08-22 13:36:41,200 [1] INFO  - Custom plex file specified. The default one will be overriden.
2023-08-22 13:36:41,200 [1] INFO  - Downloading plex file using next path: 892d9dcc-e56d-475c-8dee-2c395064223d/2302H0033/c9d29823-a69c-4328-a6b9-53e2b78fa3e3/Run_76ed1d6b-57d6-4076-9a09-09a6f1ded693_20230817_2302h0033_ControlCenter/20230817_175305/20230817_175305_S1/plex-oxdwyv2woj.txt
2023-08-22 13:36:41,201 [1] INFO  - Downloading 892d9dcc-e56d-475c-8dee-2c395064223d/2302H0033/c9d29823-a69c-4328-a6b9-53e2b78fa3e3/Run_76ed1d6b-57d6-4076-9a09-09a6f1ded693_20230817_2302h0033_ControlCenter/20230817_175305/20230817_175305_S1/plex-oxdwyv2woj.txt
2023-08-22 13:36:41,321 [1] INFO  - Download 892d9dcc-e56d-475c-8dee-2c395064223d/2302H0033/c9d29823-a69c-4328-a6b9-53e2b78fa3e3/Run_76ed1d6b-57d6-4076-9a09-09a6f1ded693_20230817_2302h0033_ControlCenter/20230817_175305/20230817_175305_S1/plex-oxdwyv2woj.txt finished
2023-08-22 13:36:41,322 [1] INFO  - No user params file specified. Trying to use the one from the storage.
2023-08-22 13:36:41,322 [1] INFO  - Downloading params file using next path: 892d9dcc-e56d-475c-8dee-2c395064223d/2302H0033/c9d29823-a69c-4328-a6b9-53e2b78fa3e3/Run_76ed1d6b-57d6-4076-9a09-09a6f1ded693_20230817_2302h0033_ControlCenter/20230817_175305/20230817_175305_S1/analysis_params_v6.txt
2023-08-22 13:36:41,322 [1] INFO  - Downloading 892d9dcc-e56d-475c-8dee-2c395064223d/2302H0033/c9d29823-a69c-4328-a6b9-53e2b78fa3e3/Run_76ed1d6b-57d6-4076-9a09-09a6f1ded693_20230817_2302h0033_ControlCenter/20230817_175305/20230817_175305_S1/analysis_params_v6.txt
2023-08-22 13:36:41,367 [1] ERROR -    at Amazon.Runtime.Internal.HttpErrorResponseExceptionHandler.HandleExceptionStream(IRequestContext requestContext, IWebResponseData httpErrorResponse, HttpErrorResponseException exception, Stream responseStream)
   at Amazon.Runtime.Internal.HttpErrorResponseExceptionHandler.HandleExceptionAsync(IExecutionContext executionContext, HttpErrorResponseException exception)
   at Amazon.Runtime.Internal.ExceptionHandler`1.HandleAsync(IExecutionContext executionContext, Exception exception)
   at Amazon.Runtime.Internal.ErrorHandler.ProcessExceptionAsync(IExecutionContext executionContext, Exception exception)
   at Amazon.Runtime.Internal.ErrorHandler.InvokeAsync[T](IExecutionContext executionContext)
   at Amazon.Runtime.Internal.CallbackHandler.InvokeAsync[T](IExecutionContext executionContext)
   at Amazon.Runtime.Internal.EndpointDiscoveryHandler.InvokeAsync[T](IExecutionContext executionContext)
   at Amazon.Runtime.Internal.EndpointDiscoveryHandler.InvokeAsync[T](IExecutionContext executionContext)
   at Amazon.Runtime.Internal.CredentialsRetriever.InvokeAsync[T](IExecutionContext executionContext)
   at Amazon.Runtime.Internal.RetryHandler.InvokeAsync[T](IExecutionContext executionContext)
   at Amazon.Runtime.Internal.RetryHandler.InvokeAsync[T](IExecutionContext executionContext)
   at Amazon.Runtime.Internal.CallbackHandler.InvokeAsync[T](IExecutionContext executionContext)
   at Amazon.Runtime.Internal.CallbackHandler.InvokeAsync[T](IExecutionContext executionContext)
   at Amazon.S3.Internal.AmazonS3ExceptionHandler.InvokeAsync[T](IExecutionContext executionContext)
   at Amazon.Runtime.Internal.ErrorCallbackHandler.InvokeAsync[T](IExecutionContext executionContext)
   at Amazon.Runtime.Internal.MetricsHandler.InvokeAsync[T](IExecutionContext executionContext)
   at Amazon.S3.Transfer.Internal.DownloadCommand.ExecuteAsync(CancellationToken cancellationToken)
   at Amazon.S3.Transfer.TransferUtility.Download(String filePath, String bucketName, String key)
   at Core.S3FileStorageService.DownloadFile(String remoteFilePath, String localFilePath) in /src/Core/S3FileStorageService.cs:line 67
   at MTMCWorker.Service.Impl.MtmcWorker.FetchParamsFile(String paramsFileRef, String flowCellPath) in /src/MTMCWorker/Service/Impl/MtmcWorker.cs:line 297
2023-08-22 13:36:41,367 [1] INFO  - Can't download params file next to nBCDir. Using the default one.
Amazon.S3.AmazonS3Exception: The specified key does not exist.
 ---> Amazon.Runtime.Internal.HttpErrorResponseException: Exception of type 'Amazon.Runtime.Internal.HttpErrorResponseException' was thrown.
   at Amazon.Runtime.HttpWebRequestMessage.GetResponseAsync(CancellationToken cancellationToken)
   at Amazon.Runtime.Internal.HttpHandler`1.InvokeAsync[T](IExecutionContext executionContext)
   at Amazon.Runtime.Internal.RedirectHandler.InvokeAsync[T](IExecutionContext executionContext)
   at Amazon.Runtime.Internal.Unmarshaller.InvokeAsync[T](IExecutionContext executionContext)
   at Amazon.S3.Internal.AmazonS3ResponseHandler.InvokeAsync[T](IExecutionContext executionContext)
   at Amazon.Runtime.Internal.ErrorHandler.InvokeAsync[T](IExecutionContext executionContext)
   --- End of inner exception stack trace ---
   at Amazon.Runtime.Internal.HttpErrorResponseExceptionHandler.HandleExceptionStream(IRequestContext requestContext, IWebResponseData httpErrorResponse, HttpErrorResponseException exception, Stream responseStream)
   at Amazon.Runtime.Internal.HttpErrorResponseExceptionHandler.HandleExceptionAsync(IExecutionContext executionContext, HttpErrorResponseException exception)
   at Amazon.Runtime.Internal.ExceptionHandler`1.HandleAsync(IExecutionContext executionContext, Exception exception)
   at Amazon.Runtime.Internal.ErrorHandler.ProcessExceptionAsync(IExecutionContext executionContext, Exception exception)
   at Amazon.Runtime.Internal.ErrorHandler.InvokeAsync[T](IExecutionContext executionContext)
   at Amazon.Runtime.Internal.CallbackHandler.InvokeAsync[T](IExecutionContext executionContext)
   at Amazon.Runtime.Internal.EndpointDiscoveryHandler.InvokeAsync[T](IExecutionContext executionContext)
   at Amazon.Runtime.Internal.EndpointDiscoveryHandler.InvokeAsync[T](IExecutionContext executionContext)
   at Amazon.Runtime.Internal.CredentialsRetriever.InvokeAsync[T](IExecutionContext executionContext)
   at Amazon.Runtime.Internal.RetryHandler.InvokeAsync[T](IExecutionContext executionContext)
   at Amazon.Runtime.Internal.RetryHandler.InvokeAsync[T](IExecutionContext executionContext)
   at Amazon.Runtime.Internal.CallbackHandler.InvokeAsync[T](IExecutionContext executionContext)
   at Amazon.Runtime.Internal.CallbackHandler.InvokeAsync[T](IExecutionContext executionContext)
   at Amazon.S3.Internal.AmazonS3ExceptionHandler.InvokeAsync[T](IExecutionContext executionContext)
   at Amazon.Runtime.Internal.ErrorCallbackHandler.InvokeAsync[T](IExecutionContext executionContext)
   at Amazon.Runtime.Internal.MetricsHandler.InvokeAsync[T](IExecutionContext executionContext)
   at Amazon.S3.Transfer.Internal.DownloadCommand.ExecuteAsync(CancellationToken cancellationToken)
   at Amazon.S3.Transfer.TransferUtility.Download(String filePath, String bucketName, String key)
   at Core.S3FileStorageService.DownloadFile(String remoteFilePath, String localFilePath) in /src/Core/S3FileStorageService.cs:line 67
   at MTMCWorker.Service.Impl.MtmcWorker.FetchParamsFile(String paramsFileRef, String flowCellPath) in /src/MTMCWorker/Service/Impl/MtmcWorker.cs:line 297
2023-08-22 13:36:41,371 [1] INFO  - Fetching CellStatsDir folder data...
2023-08-22 13:36:41,433 [1] INFO  - Downloading 892d9dcc-e56d-475c-8dee-2c395064223d/2302H0033/c9d29823-a69c-4328-a6b9-53e2b78fa3e3/Run_76ed1d6b-57d6-4076-9a09-09a6f1ded693_20230817_2302h0033_ControlCenter/20230817_175305/20230817_175305_S1/CellStatsDir/CellComposite/CellComposite_F024.jpg
2023-08-22 13:36:41,650 [1] INFO  - Download 892d9dcc-e56d-475c-8dee-2c395064223d/2302H0033/c9d29823-a69c-4328-a6b9-53e2b78fa3e3/Run_76ed1d6b-57d6-4076-9a09-09a6f1ded693_20230817_2302h0033_ControlCenter/20230817_175305/20230817_175305_S1/CellStatsDir/CellComposite/CellComposite_F024.jpg finished
2023-08-22 13:36:41,650 [1] INFO  - Downloading 892d9dcc-e56d-475c-8dee-2c395064223d/2302H0033/c9d29823-a69c-4328-a6b9-53e2b78fa3e3/Run_76ed1d6b-57d6-4076-9a09-09a6f1ded693_20230817_2302h0033_ControlCenter/20230817_175305/20230817_175305_S1/CellStatsDir/CellOverlay/CellOverlay_F024.jpg
2023-08-22 13:36:42,110 [1] INFO  - Download 892d9dcc-e56d-475c-8dee-2c395064223d/2302H0033/c9d29823-a69c-4328-a6b9-53e2b78fa3e3/Run_76ed1d6b-57d6-4076-9a09-09a6f1ded693_20230817_2302h0033_ControlCenter/20230817_175305/20230817_175305_S1/CellStatsDir/CellOverlay/CellOverlay_F024.jpg finished
2023-08-22 13:36:42,111 [1] INFO  - Downloading 892d9dcc-e56d-475c-8dee-2c395064223d/2302H0033/c9d29823-a69c-4328-a6b9-53e2b78fa3e3/Run_76ed1d6b-57d6-4076-9a09-09a6f1ded693_20230817_2302h0033_ControlCenter/20230817_175305/20230817_175305_S1/CellStatsDir/FOV024/CellLabels_F024.tif
2023-08-22 13:36:42,382 [1] INFO  - Download 892d9dcc-e56d-475c-8dee-2c395064223d/2302H0033/c9d29823-a69c-4328-a6b9-53e2b78fa3e3/Run_76ed1d6b-57d6-4076-9a09-09a6f1ded693_20230817_2302h0033_ControlCenter/20230817_175305/20230817_175305_S1/CellStatsDir/FOV024/CellLabels_F024.tif finished
2023-08-22 13:36:42,382 [1] INFO  - Downloading 892d9dcc-e56d-475c-8dee-2c395064223d/2302H0033/c9d29823-a69c-4328-a6b9-53e2b78fa3e3/Run_76ed1d6b-57d6-4076-9a09-09a6f1ded693_20230817_2302h0033_ControlCenter/20230817_175305/20230817_175305_S1/CellStatsDir/FOV024/CompartmentLabels_F024.tif
2023-08-22 13:36:42,608 [1] INFO  - Download 892d9dcc-e56d-475c-8dee-2c395064223d/2302H0033/c9d29823-a69c-4328-a6b9-53e2b78fa3e3/Run_76ed1d6b-57d6-4076-9a09-09a6f1ded693_20230817_2302h0033_ControlCenter/20230817_175305/20230817_175305_S1/CellStatsDir/FOV024/CompartmentLabels_F024.tif finished
2023-08-22 13:36:42,609 [1] INFO  - Downloading 892d9dcc-e56d-475c-8dee-2c395064223d/2302H0033/c9d29823-a69c-4328-a6b9-53e2b78fa3e3/Run_76ed1d6b-57d6-4076-9a09-09a6f1ded693_20230817_2302h0033_ControlCenter/20230817_175305/20230817_175305_S1/CellStatsDir/FOV024/Run_76ed1d6b-57d6-4076-9a09-09a6f1ded693_20230817_175305_S1_Cell_Stats_F024.csv
2023-08-22 13:36:42,838 [1] INFO  - Download 892d9dcc-e56d-475c-8dee-2c395064223d/2302H0033/c9d29823-a69c-4328-a6b9-53e2b78fa3e3/Run_76ed1d6b-57d6-4076-9a09-09a6f1ded693_20230817_2302h0033_ControlCenter/20230817_175305/20230817_175305_S1/CellStatsDir/FOV024/Run_76ed1d6b-57d6-4076-9a09-09a6f1ded693_20230817_175305_S1_Cell_Stats_F024.csv finished
2023-08-22 13:36:42,839 [1] INFO  - Downloading 892d9dcc-e56d-475c-8dee-2c395064223d/2302H0033/c9d29823-a69c-4328-a6b9-53e2b78fa3e3/Run_76ed1d6b-57d6-4076-9a09-09a6f1ded693_20230817_2302h0033_ControlCenter/20230817_175305/20230817_175305_S1/CellStatsDir/Morphology2D/20230817_175305_S1_C902_P99_N99_F024.TIF
2023-08-22 13:36:43,989 [1] INFO  - Download 892d9dcc-e56d-475c-8dee-2c395064223d/2302H0033/c9d29823-a69c-4328-a6b9-53e2b78fa3e3/Run_76ed1d6b-57d6-4076-9a09-09a6f1ded693_20230817_2302h0033_ControlCenter/20230817_175305/20230817_175305_S1/CellStatsDir/Morphology2D/20230817_175305_S1_C902_P99_N99_F024.TIF finished
2023-08-22 13:36:43,989 [1] INFO  - Downloading 892d9dcc-e56d-475c-8dee-2c395064223d/2302H0033/c9d29823-a69c-4328-a6b9-53e2b78fa3e3/Run_76ed1d6b-57d6-4076-9a09-09a6f1ded693_20230817_2302h0033_ControlCenter/20230817_175305/20230817_175305_S1/CellStatsDir/RnD/Run_76ed1d6b-57d6-4076-9a09-09a6f1ded693_20230817_175305_S1_Summary_F024.csv
2023-08-22 13:36:44,144 [1] INFO  - Download 892d9dcc-e56d-475c-8dee-2c395064223d/2302H0033/c9d29823-a69c-4328-a6b9-53e2b78fa3e3/Run_76ed1d6b-57d6-4076-9a09-09a6f1ded693_20230817_2302h0033_ControlCenter/20230817_175305/20230817_175305_S1/CellStatsDir/RnD/Run_76ed1d6b-57d6-4076-9a09-09a6f1ded693_20230817_175305_S1_Summary_F024.csv finished
2023-08-22 13:36:44,144 [1] INFO  - CellStatsDir data download complete.
2023-08-22 13:36:44,144 [1] INFO  - FOV downloaded successfully.
2023-08-22 13:36:44,144 [1] INFO  - Preparing dirs structure for mtmc
2023-08-22 13:36:44,144 [1] INFO  - Preparing mtmc input. FOV dir: FOV024
2023-08-22 13:36:44,149 [1] INFO  - Running mtmc...
2023-08-22 13:36:44,162 [19] INFO  - directory: "/app/input_data/"
2023-08-22 13:36:44,495 [19] INFO  - directory: "/app/out/FOV024/"
2023-08-22 13:41:11,338 [19] INFO  - 2023-08-22 13:36:44,F024,Z,0,iter,0,feat,0,0, Reading and combining input data, 0.042483, sec
2023-08-22 13:41:11,338 [19] INFO  - 2023-08-22 13:36:45,F024,Z,0,iter,0,feat,842510,842510, Spot file data loading and filtration , 1.45711, sec
2023-08-22 13:41:11,339 [19] INFO  - 2023-08-22 13:36:46,F024,Z,0,iter,0,feat,842510,842510, Seed neighbor determination, 1.17073, sec
2023-08-22 13:41:11,339 [19] INFO  - 2023-08-22 13:36:47,F024,Z,0,iter,0,feat,842510,842510, Quality Score Generation, 1.32459, sec
2023-08-22 13:41:11,339 [19] INFO  - 2023-08-22 13:36:49,F024,Z,0,iter,0,feat,842510,842510, Spots per feature calculation and feature filtration, 1.84907, sec
2023-08-22 13:41:11,339 [19] INFO  - 2023-08-22 13:36:49,F024,Z,0,iter,0,feat,842510,842510, Making Complete Code Target Calls, 0.166234, sec
2023-08-22 13:41:11,339 [19] INFO  - 2023-08-22 13:36:49,F024,Z,0,iter,0,feat,842510,842510, Target Call Location Estimation and iteration end update, 0.048554, sec
2023-08-22 13:41:11,339 [19] INFO  - 2023-08-22 13:36:49,F024,Z,0,iter,0,feat,842510,842510, Iteration summary generation, 0.000421, sec
2023-08-22 13:41:11,339 [19] INFO  - 2023-08-22 13:36:49,F024,Z,0,iter,0,feat,842510,842510, Iteration duration, 4.06157, sec
2023-08-22 13:41:11,347 [38] INFO  - 2023-08-22 13:36:50,F024,Z,0,iter,1,feat,842510,842510, Seed neighbor determination, 1.08888, sec
2023-08-22 13:41:11,347 [38] INFO  - 2023-08-22 13:36:51,F024,Z,0,iter,1,feat,842510,842510, Quality Score Generation, 1.6957, sec
2023-08-22 13:41:11,347 [38] INFO  - 2023-08-22 13:36:54,F024,Z,0,iter,1,feat,842510,842510, Spots per feature calculation and feature filtration, 1.82059, sec
2023-08-22 13:41:11,347 [38] INFO  - 2023-08-22 13:36:54,F024,Z,0,iter,1,feat,842510,842510, Making Complete Code Target Calls, 0.222692, sec
2023-08-22 13:41:11,347 [38] INFO  - 2023-08-22 13:36:54,F024,Z,0,iter,1,feat,842510,842510, Target Call Location Estimation and iteration end update, 0.015516, sec
2023-08-22 13:41:11,347 [38] INFO  - 2023-08-22 13:36:54,F024,Z,0,iter,1,feat,842510,842510, Iteration summary generation, 0.005206, sec
2023-08-22 13:41:11,347 [38] INFO  - 2023-08-22 13:36:54,F024,Z,0,iter,1,feat,842510,842510, Iteration duration, 4.35492, sec
2023-08-22 13:41:11,347 [38] INFO  - 2023-08-22 13:36:54,F024,Z,0,iter,1,feat,842510,842510, Z slice processing duration, 9.8752, sec
2023-08-22 13:41:11,347 [38] INFO  - 2023-08-22 13:37:24,F024,Z,1,iter,0,feat,5722975,6565485, Spot file data loading and filtration , 23.1673, sec
2023-08-22 13:41:11,347 [38] INFO  - 2023-08-22 13:37:30,F024,Z,1,iter,0,feat,5722975,6565485, Seed neighbor determination, 9.10325, sec
2023-08-22 13:41:11,347 [38] INFO  - 2023-08-22 13:37:40,F024,Z,1,iter,0,feat,5722975,6565485, Quality Score Generation, 20.4628, sec
2023-08-22 13:41:11,347 [38] INFO  - 2023-08-22 13:37:54,F024,Z,1,iter,0,feat,5722975,6565485, Spots per feature calculation and feature filtration, 13.082, sec
2023-08-22 13:41:11,347 [38] INFO  - 2023-08-22 13:38:15,F024,Z,1,iter,0,feat,5722975,6565485, Making Complete Code Target Calls, 19.1958, sec
2023-08-22 13:41:11,347 [38] INFO  - 2023-08-22 13:38:26,F024,Z,1,iter,0,feat,5722975,6565485, Target Call Location Estimation and iteration end update, 6.56604, sec
2023-08-22 13:41:11,347 [38] INFO  - 2023-08-22 13:38:26,F024,Z,1,iter,0,feat,5722975,6565485, Iteration summary generation, 0.034023, sec
2023-08-22 13:41:11,348 [38] INFO  - 2023-08-22 13:38:26,F024,Z,1,iter,0,feat,5722975,6565485, Iteration duration, 65.1062, sec
2023-08-22 13:41:11,348 [38] INFO  - 2023-08-22 13:38:33,F024,Z,1,iter,1,feat,5722975,6565485, Seed neighbor determination, 7.77453, sec
2023-08-22 13:41:11,348 [38] INFO  - 2023-08-22 13:38:45,F024,Z,1,iter,1,feat,5722975,6565485, Quality Score Generation, 25.4468, sec
2023-08-22 13:41:11,348 [38] INFO  - 2023-08-22 13:38:59,F024,Z,1,iter,1,feat,5722975,6565485, Spots per feature calculation and feature filtration, 10.4559, sec
2023-08-22 13:41:11,348 [38] INFO  - 2023-08-22 13:39:20,F024,Z,1,iter,1,feat,5722975,6565485, Making Complete Code Target Calls, 18.0937, sec
2023-08-22 13:41:11,348 [38] INFO  - 2023-08-22 13:39:34,F024,Z,1,iter,1,feat,5722975,6565485, Target Call Location Estimation and iteration end update, 10.8896, sec
2023-08-22 13:41:11,348 [38] INFO  - 2023-08-22 13:39:35,F024,Z,1,iter,1,feat,5722975,6565485, Iteration summary generation, 0.670975, sec
2023-08-22 13:41:11,348 [38] INFO  - 2023-08-22 13:39:35,F024,Z,1,iter,1,feat,5722975,6565485, Iteration duration, 70.3228, sec
2023-08-22 13:41:11,348 [38] INFO  - 2023-08-22 13:39:35,F024,Z,1,iter,1,feat,5722975,6565485, Z slice processing duration, 159.202, sec
2023-08-22 13:41:11,349 [38] INFO  - 2023-08-22 13:40:17,F024,Z,2,iter,0,feat,5411992,11977477, Spot file data loading and filtration , 32.5897, sec
2023-08-22 13:41:11,349 [38] INFO  - 2023-08-22 13:40:22,F024,Z,2,iter,0,feat,5411992,11977477, Seed neighbor determination, 6.96515, sec
2023-08-22 13:41:11,349 [38] INFO  - 2023-08-22 13:40:32,F024,Z,2,iter,0,feat,5411992,11977477, Quality Score Generation, 22.3859, sec
2023-08-22 13:41:11,349 [38] INFO  - 2023-08-22 13:40:43,F024,Z,2,iter,0,feat,5411992,11977477, Spots per feature calculation and feature filtration, 11.359, sec
2023-08-22 13:41:11,349 [38] INFO  - 2023-08-22 13:41:02,F024,Z,2,iter,0,feat,5411992,11977477, Making Complete Code Target Calls, 14.9436, sec
2023-08-22 13:47:01,715 [19] INFO  - 2023-08-22 13:41:11,F024,Z,2,iter,0,feat,5411992,11977477, Target Call Location Estimation and iteration end update, 8.3556, sec
2023-08-22 13:47:01,716 [19] INFO  - 2023-08-22 13:41:11,F024,Z,2,iter,0,feat,5411992,11977477, Iteration summary generation, 0.082285, sec
2023-08-22 13:47:01,716 [19] INFO  - 2023-08-22 13:41:11,F024,Z,2,iter,0,feat,5411992,11977477, Iteration duration, 61.5043, sec
2023-08-22 13:47:01,716 [19] INFO  - 2023-08-22 13:41:15,F024,Z,2,iter,1,feat,5411992,11977477, Seed neighbor determination, 7.22748, sec
2023-08-22 13:47:01,716 [19] INFO  - 2023-08-22 13:41:30,F024,Z,2,iter,1,feat,5411992,11977477, Quality Score Generation, 27.958, sec
2023-08-22 13:47:01,716 [19] INFO  - 2023-08-22 13:41:40,F024,Z,2,iter,1,feat,5411992,11977477, Spots per feature calculation and feature filtration, 8.48892, sec
2023-08-22 13:47:01,716 [19] INFO  - 2023-08-22 13:42:09,F024,Z,2,iter,1,feat,5411992,11977477, Making Complete Code Target Calls, 16.5113, sec
2023-08-22 13:47:01,716 [19] INFO  - 2023-08-22 13:42:20,F024,Z,2,iter,1,feat,5411992,11977477, Target Call Location Estimation and iteration end update, 6.88885, sec
2023-08-22 13:47:01,716 [19] INFO  - 2023-08-22 13:42:24,F024,Z,2,iter,1,feat,5411992,11977477, Iteration summary generation, 2.33218, sec
2023-08-22 13:47:01,716 [19] INFO  - 2023-08-22 13:42:24,F024,Z,2,iter,1,feat,5411992,11977477, Iteration duration, 66.5503, sec
2023-08-22 13:47:01,727 [19] INFO  - 2023-08-22 13:42:25,F024,Z,2,iter,1,feat,5411992,11977477, Z slice processing duration, 164.683, sec
2023-08-22 13:47:01,727 [19] INFO  - 2023-08-22 13:43:10,F024,Z,3,iter,0,feat,4638740,16616217, Spot file data loading and filtration , 31.6043, sec
2023-08-22 13:47:01,727 [19] INFO  - 2023-08-22 13:43:13,F024,Z,3,iter,0,feat,4638740,16616217, Seed neighbor determination, 6.91034, sec
2023-08-22 13:47:01,727 [19] INFO  - 2023-08-22 13:43:27,F024,Z,3,iter,0,feat,4638740,16616217, Quality Score Generation, 29.8768, sec
2023-08-22 13:47:01,727 [19] INFO  - 2023-08-22 13:43:40,F024,Z,3,iter,0,feat,4638740,16616217, Spots per feature calculation and feature filtration, 10.9223, sec
2023-08-22 13:47:01,727 [19] INFO  - 2023-08-22 13:44:03,F024,Z,3,iter,0,feat,4638740,16616217, Making Complete Code Target Calls, 17.351, sec
2023-08-22 13:47:01,727 [19] INFO  - 2023-08-22 13:44:10,F024,Z,3,iter,0,feat,4638740,16616217, Target Call Location Estimation and iteration end update, 4.66489, sec
2023-08-22 13:47:01,727 [19] INFO  - 2023-08-22 13:44:10,F024,Z,3,iter,0,feat,4638740,16616217, Iteration summary generation, 0.042263, sec
2023-08-22 13:47:01,727 [19] INFO  - 2023-08-22 13:44:10,F024,Z,3,iter,0,feat,4638740,16616217, Iteration duration, 67.1772, sec
2023-08-22 13:47:01,728 [19] INFO  - 2023-08-22 13:44:13,F024,Z,3,iter,1,feat,4638740,16616217, Seed neighbor determination, 6.09519, sec
2023-08-22 13:47:01,728 [19] INFO  - 2023-08-22 13:44:20,F024,Z,3,iter,1,feat,4638740,16616217, Quality Score Generation, 15.0438, sec
2023-08-22 13:47:01,728 [19] INFO  - 2023-08-22 13:44:30,F024,Z,3,iter,1,feat,4638740,16616217, Spots per feature calculation and feature filtration, 7.19816, sec
2023-08-22 13:47:01,728 [19] INFO  - 2023-08-22 13:44:51,F024,Z,3,iter,1,feat,4638740,16616217, Making Complete Code Target Calls, 16.2701, sec
2023-08-22 13:47:01,728 [19] INFO  - 2023-08-22 13:44:58,F024,Z,3,iter,1,feat,4638740,16616217, Target Call Location Estimation and iteration end update, 5.0586, sec
2023-08-22 13:47:01,728 [19] INFO  - 2023-08-22 13:45:00,F024,Z,3,iter,1,feat,4638740,16616217, Iteration summary generation, 1.2848, sec
2023-08-22 13:47:01,728 [19] INFO  - 2023-08-22 13:45:00,F024,Z,3,iter,1,feat,4638740,16616217, Iteration duration, 48.3562, sec
2023-08-22 13:47:01,728 [19] INFO  - 2023-08-22 13:45:00,F024,Z,3,iter,1,feat,4638740,16616217, Z slice processing duration, 150.819, sec
2023-08-22 13:47:01,728 [19] INFO  - 2023-08-22 13:45:34,F024,Z,4,iter,0,feat,4152869,20769086, Spot file data loading and filtration , 26.5819, sec
2023-08-22 13:47:01,728 [19] INFO  - 2023-08-22 13:45:39,F024,Z,4,iter,0,feat,4152869,20769086, Seed neighbor determination, 5.67585, sec
2023-08-22 13:47:01,728 [19] INFO  - 2023-08-22 13:45:49,F024,Z,4,iter,0,feat,4152869,20769086, Quality Score Generation, 16.1595, sec
2023-08-22 13:47:01,728 [19] INFO  - 2023-08-22 13:45:59,F024,Z,4,iter,0,feat,4152869,20769086, Spots per feature calculation and feature filtration, 8.82923, sec
2023-08-22 13:47:01,728 [19] INFO  - 2023-08-22 13:46:17,F024,Z,4,iter,0,feat,4152869,20769086, Making Complete Code Target Calls, 15.2647, sec
2023-08-22 13:47:01,728 [19] INFO  - 2023-08-22 13:46:28,F024,Z,4,iter,0,feat,4152869,20769086, Target Call Location Estimation and iteration end update, 8.18008, sec
2023-08-22 13:47:01,728 [19] INFO  - 2023-08-22 13:46:28,F024,Z,4,iter,0,feat,4152869,20769086, Iteration summary generation, 0.055092, sec
2023-08-22 13:47:01,728 [19] INFO  - 2023-08-22 13:46:28,F024,Z,4,iter,0,feat,4152869,20769086, Iteration duration, 52.1251, sec
2023-08-22 13:47:01,728 [19] INFO  - 2023-08-22 13:46:33,F024,Z,4,iter,1,feat,4152869,20769086, Seed neighbor determination, 5.85207, sec
2023-08-22 13:47:01,728 [19] INFO  - 2023-08-22 13:46:42,F024,Z,4,iter,1,feat,4152869,20769086, Quality Score Generation, 25.5833, sec
2023-08-22 13:47:01,728 [19] INFO  - 2023-08-22 13:46:49,F024,Z,4,iter,1,feat,4152869,20769086, Spots per feature calculation and feature filtration, 6.00023, sec
2023-08-22 13:50:35,296 [19] INFO  - 2023-08-22 13:47:01,F024,Z,4,iter,1,feat,4152869,20769086, Making Complete Code Target Calls, 11.106, sec
2023-08-22 13:50:35,296 [19] INFO  - 2023-08-22 13:47:03,F024,Z,4,iter,1,feat,4152869,20769086, Target Call Location Estimation and iteration end update, 1.70232, sec
2023-08-22 13:50:35,297 [19] INFO  - 2023-08-22 13:47:05,F024,Z,4,iter,1,feat,4152869,20769086, Iteration summary generation, 0.974447, sec
2023-08-22 13:50:35,297 [19] INFO  - 2023-08-22 13:47:05,F024,Z,4,iter,1,feat,4152869,20769086, Iteration duration, 48.7264, sec
2023-08-22 13:50:35,297 [19] INFO  - 2023-08-22 13:47:05,F024,Z,4,iter,1,feat,4152869,20769086, Z slice processing duration, 130.576, sec
2023-08-22 13:50:35,297 [19] INFO  - 2023-08-22 13:47:27,F024,Z,5,iter,0,feat,3746180,24515266, Spot file data loading and filtration , 16.2322, sec
2023-08-22 13:50:35,297 [19] INFO  - 2023-08-22 13:47:31,F024,Z,5,iter,0,feat,3746180,24515266, Seed neighbor determination, 4.63641, sec
2023-08-22 13:50:35,297 [19] INFO  - 2023-08-22 13:47:42,F024,Z,5,iter,0,feat,3746180,24515266, Quality Score Generation, 19.069, sec
2023-08-22 13:50:35,297 [19] INFO  - 2023-08-22 13:47:54,F024,Z,5,iter,0,feat,3746180,24515266, Spots per feature calculation and feature filtration, 8.18419, sec
2023-08-22 13:50:35,297 [19] INFO  - 2023-08-22 13:48:12,F024,Z,5,iter,0,feat,3746180,24515266, Making Complete Code Target Calls, 12.6409, sec
2023-08-22 13:50:35,300 [19] INFO  - 2023-08-22 13:48:17,F024,Z,5,iter,0,feat,3746180,24515266, Target Call Location Estimation and iteration end update, 4.77428, sec
2023-08-22 13:50:35,300 [19] INFO  - 2023-08-22 13:48:17,F024,Z,5,iter,0,feat,3746180,24515266, Iteration summary generation, 0.039494, sec
2023-08-22 13:50:35,300 [19] INFO  - 2023-08-22 13:48:17,F024,Z,5,iter,0,feat,3746180,24515266, Iteration duration, 47.5633, sec
2023-08-22 13:50:35,300 [19] INFO  - 2023-08-22 13:48:21,F024,Z,5,iter,1,feat,3746180,24515266, Seed neighbor determination, 4.72459, sec
2023-08-22 13:50:35,300 [19] INFO  - 2023-08-22 13:48:29,F024,Z,5,iter,1,feat,3746180,24515266, Quality Score Generation, 16.4265, sec
2023-08-22 13:50:35,300 [19] INFO  - 2023-08-22 13:48:35,F024,Z,5,iter,1,feat,3746180,24515266, Spots per feature calculation and feature filtration, 6.25688, sec
2023-08-22 13:50:35,300 [19] INFO  - 2023-08-22 13:48:50,F024,Z,5,iter,1,feat,3746180,24515266, Making Complete Code Target Calls, 13.0213, sec
2023-08-22 13:50:35,300 [19] INFO  - 2023-08-22 13:48:52,F024,Z,5,iter,1,feat,3746180,24515266, Target Call Location Estimation and iteration end update, 2.09267, sec
2023-08-22 13:50:35,300 [19] INFO  - 2023-08-22 13:48:53,F024,Z,5,iter,1,feat,3746180,24515266, Iteration summary generation, 0.839993, sec
2023-08-22 13:50:35,300 [19] INFO  - 2023-08-22 13:48:53,F024,Z,5,iter,1,feat,3746180,24515266, Iteration duration, 41.5622, sec
2023-08-22 13:50:35,300 [19] INFO  - 2023-08-22 13:48:53,F024,Z,5,iter,1,feat,3746180,24515266, Z slice processing duration, 108.344, sec
2023-08-22 13:50:35,300 [19] INFO  - 2023-08-22 13:49:12,F024,Z,6,iter,0,feat,3422506,27937772, Spot file data loading and filtration , 16.3357, sec
2023-08-22 13:50:35,300 [19] INFO  - 2023-08-22 13:49:14,F024,Z,6,iter,0,feat,3422506,27937772, Seed neighbor determination, 4.59736, sec
2023-08-22 13:50:35,300 [19] INFO  - 2023-08-22 13:49:21,F024,Z,6,iter,0,feat,3422506,27937772, Quality Score Generation, 9.18586, sec
2023-08-22 13:50:35,300 [19] INFO  - 2023-08-22 13:49:31,F024,Z,6,iter,0,feat,3422506,27937772, Spots per feature calculation and feature filtration, 7.27745, sec
2023-08-22 13:50:35,300 [19] INFO  - 2023-08-22 13:49:47,F024,Z,6,iter,0,feat,3422506,27937772, Making Complete Code Target Calls, 15.2271, sec
2023-08-22 13:50:35,300 [19] INFO  - 2023-08-22 13:49:54,F024,Z,6,iter,0,feat,3422506,27937772, Target Call Location Estimation and iteration end update, 4.90743, sec
2023-08-22 13:50:35,300 [19] INFO  - 2023-08-22 13:49:54,F024,Z,6,iter,0,feat,3422506,27937772, Iteration summary generation, 0.053865, sec
2023-08-22 13:50:35,300 [19] INFO  - 2023-08-22 13:49:54,F024,Z,6,iter,0,feat,3422506,27937772, Iteration duration, 39.352, sec
2023-08-22 13:50:35,301 [25] INFO  - 2023-08-22 13:49:57,F024,Z,6,iter,1,feat,3422506,27937772, Seed neighbor determination, 4.52085, sec
2023-08-22 13:50:35,301 [25] INFO  - 2023-08-22 13:50:01,F024,Z,6,iter,1,feat,3422506,27937772, Quality Score Generation, 15.6197, sec
2023-08-22 13:50:35,301 [25] INFO  - 2023-08-22 13:50:07,F024,Z,6,iter,1,feat,3422506,27937772, Spots per feature calculation and feature filtration, 5.68403, sec
2023-08-22 13:50:35,301 [25] INFO  - 2023-08-22 13:50:15,F024,Z,6,iter,1,feat,3422506,27937772, Making Complete Code Target Calls, 7.50286, sec
2023-08-22 13:50:35,301 [25] INFO  - 2023-08-22 13:50:18,F024,Z,6,iter,1,feat,3422506,27937772, Target Call Location Estimation and iteration end update, 2.49602, sec
2023-08-22 13:50:35,301 [25] INFO  - 2023-08-22 13:50:18,F024,Z,6,iter,1,feat,3422506,27937772, Iteration summary generation, 0.676065, sec
2023-08-22 13:50:35,301 [25] INFO  - 2023-08-22 13:50:18,F024,Z,6,iter,1,feat,3422506,27937772, Iteration duration, 34.6847, sec
2023-08-22 13:50:35,301 [25] INFO  - 2023-08-22 13:50:18,F024,Z,6,iter,1,feat,3422506,27937772, Z slice processing duration, 92.8291, sec
2023-08-22 13:50:35,301 [25] INFO  - 2023-08-22 13:50:33,F024,Z,7,iter,0,feat,3246042,31183814, Spot file data loading and filtration , 11.9063, sec
2023-08-22 13:52:23,288 [25] INFO  - 2023-08-22 13:50:35,F024,Z,7,iter,0,feat,3246042,31183814, Seed neighbor determination, 3.68727, sec
2023-08-22 13:52:23,288 [25] INFO  - 2023-08-22 13:50:39,F024,Z,7,iter,0,feat,3246042,31183814, Quality Score Generation, 12.3947, sec
2023-08-22 13:52:23,288 [25] INFO  - 2023-08-22 13:50:44,F024,Z,7,iter,0,feat,3246042,31183814, Spots per feature calculation and feature filtration, 4.70562, sec
2023-08-22 13:52:23,288 [25] INFO  - 2023-08-22 13:50:52,F024,Z,7,iter,0,feat,3246042,31183814, Making Complete Code Target Calls, 8.22894, sec
2023-08-22 13:52:23,288 [25] INFO  - 2023-08-22 13:50:55,F024,Z,7,iter,0,feat,3246042,31183814, Target Call Location Estimation and iteration end update, 2.98345, sec
2023-08-22 13:52:23,288 [25] INFO  - 2023-08-22 13:50:55,F024,Z,7,iter,0,feat,3246042,31183814, Iteration summary generation, 0.029089, sec
2023-08-22 13:52:23,288 [25] INFO  - 2023-08-22 13:50:55,F024,Z,7,iter,0,feat,3246042,31183814, Iteration duration, 30.8144, sec
2023-08-22 13:52:23,288 [25] INFO  - 2023-08-22 13:50:57,F024,Z,7,iter,1,feat,3246042,31183814, Seed neighbor determination, 3.79294, sec
2023-08-22 13:52:23,288 [25] INFO  - 2023-08-22 13:51:02,F024,Z,7,iter,1,feat,3246042,31183814, Quality Score Generation, 12.9376, sec
2023-08-22 13:52:23,288 [25] INFO  - 2023-08-22 13:51:07,F024,Z,7,iter,1,feat,3246042,31183814, Spots per feature calculation and feature filtration, 4.72139, sec
2023-08-22 13:52:23,289 [25] INFO  - 2023-08-22 13:51:16,F024,Z,7,iter,1,feat,3246042,31183814, Making Complete Code Target Calls, 9.13428, sec
2023-08-22 13:52:23,289 [25] INFO  - 2023-08-22 13:51:20,F024,Z,7,iter,1,feat,3246042,31183814, Target Call Location Estimation and iteration end update, 3.49827, sec
2023-08-22 13:52:23,289 [25] INFO  - 2023-08-22 13:51:20,F024,Z,7,iter,1,feat,3246042,31183814, Iteration summary generation, 0.349244, sec
2023-08-22 13:52:23,289 [25] INFO  - 2023-08-22 13:51:20,F024,Z,7,iter,1,feat,3246042,31183814, Iteration duration, 32.7827, sec
2023-08-22 13:52:23,289 [25] INFO  - 2023-08-22 13:51:20,F024,Z,7,iter,1,feat,3246042,31183814, Z slice processing duration, 77.8066, sec
2023-08-22 13:52:23,289 [25] INFO  - 2023-08-22 13:51:32,F024,Z,8,iter,0,feat,2670276,33854090, Spot file data loading and filtration , 8.35568, sec
2023-08-22 13:52:23,289 [25] INFO  - 2023-08-22 13:51:34,F024,Z,8,iter,0,feat,2670276,33854090, Seed neighbor determination, 3.64539, sec
2023-08-22 13:52:23,289 [25] INFO  - 2023-08-22 13:51:41,F024,Z,8,iter,0,feat,2670276,33854090, Quality Score Generation, 16.9175, sec
2023-08-22 13:52:23,289 [25] INFO  - 2023-08-22 13:51:47,F024,Z,8,iter,0,feat,2670276,33854090, Spots per feature calculation and feature filtration, 5.87919, sec
2023-08-22 13:52:23,289 [25] INFO  - 2023-08-22 13:51:55,F024,Z,8,iter,0,feat,2670276,33854090, Making Complete Code Target Calls, 7.7554, sec
2023-08-22 13:52:23,289 [25] INFO  - 2023-08-22 13:52:00,F024,Z,8,iter,0,feat,2670276,33854090, Target Call Location Estimation and iteration end update, 5.17481, sec
2023-08-22 13:52:23,289 [25] INFO  - 2023-08-22 13:52:00,F024,Z,8,iter,0,feat,2670276,33854090, Iteration summary generation, 0.035883, sec
2023-08-22 13:52:23,289 [25] INFO  - 2023-08-22 13:52:00,F024,Z,8,iter,0,feat,2670276,33854090, Iteration duration, 37.953, sec
2023-08-22 13:52:23,289 [25] INFO  - 2023-08-22 13:52:02,F024,Z,8,iter,1,feat,2670276,33854090, Seed neighbor determination, 3.74848, sec
2023-08-22 13:52:23,289 [25] INFO  - 2023-08-22 13:52:06,F024,Z,8,iter,1,feat,2670276,33854090, Quality Score Generation, 10.3901, sec
2023-08-22 13:52:23,289 [25] INFO  - 2023-08-22 13:52:10,F024,Z,8,iter,1,feat,2670276,33854090, Spots per feature calculation and feature filtration, 4.28234, sec
2023-08-22 13:52:23,289 [25] INFO  - 2023-08-22 13:52:18,F024,Z,8,iter,1,feat,2670276,33854090, Making Complete Code Target Calls, 7.97898, sec
2023-08-22 13:52:23,289 [25] INFO  - 2023-08-22 13:52:20,F024,Z,8,iter,1,feat,2670276,33854090, Target Call Location Estimation and iteration end update, 1.55039, sec
2023-08-22 13:52:23,289 [25] INFO  - 2023-08-22 13:52:20,F024,Z,8,iter,1,feat,2670276,33854090, Iteration summary generation, 0.462364, sec
2023-08-22 13:52:23,289 [25] INFO  - 2023-08-22 13:52:20,F024,Z,8,iter,1,feat,2670276,33854090, Iteration duration, 26.8178, sec
2023-08-22 13:52:23,289 [25] INFO  - 2023-08-22 13:52:20,F024,Z,8,iter,1,feat,2670276,33854090, Z slice processing duration, 75.0784, sec
2023-08-22 13:52:23,289 [25] INFO  - 2023-08-22 13:52:20,F024,Z,9,iter,0,feat,8482,33862572, Spot file data loading and filtration , -1.86494, sec
2023-08-22 13:52:23,289 [25] INFO  - 2023-08-22 13:52:20,F024,Z,9,iter,0,feat,8482,33862572, Seed neighbor determination, 0.011384, sec
2023-08-22 13:52:23,289 [25] INFO  - 2023-08-22 13:52:20,F024,Z,9,iter,0,feat,8482,33862572, Quality Score Generation, 0.004835, sec
2023-08-22 13:52:23,289 [25] INFO  - 2023-08-22 13:52:20,F024,Z,9,iter,1,feat,8482,33862572, Seed neighbor determination, 0.00902, sec
2023-08-22 13:52:23,289 [25] INFO  - 2023-08-22 13:52:20,F024,Z,9,iter,1,feat,8482,33862572, Quality Score Generation, 0.005265, sec
2023-08-22 13:52:23,289 [25] INFO  - 2023-08-22 13:52:20,F024,Z,9,iter,1,feat,8482,33862572, Z slice processing duration, 0.059088, sec
2023-08-22 13:52:23,289 [25] INFO  - 2023-08-22 13:52:23,F024,Z,9,iter,1,feat,8482,33862572, FOV processing duration (final) , 972.006, sec
2023-08-22 13:52:23,314 [25] INFO  - Exited
2023-08-22 13:52:23,314 [25] INFO  - System.EventArgs
2023-08-22 13:52:23,315 [25] INFO  - { }
2023-08-22 13:52:23,317 [1] INFO  - mtmc run complete
2023-08-22 13:52:23,317 [1] INFO  - Zipping and uploading results...
2023-08-22 13:52:23,318 [1] INFO  - Uploading mtm results to storage.
2023-08-22 13:52:23,319 [1] INFO  - Start uploading /app/out/FOV024 to 892d9dcc-e56d-475c-8dee-2c395064223d/2302H0033/c9d29823-a69c-4328-a6b9-53e2b78fa3e3/Run_76ed1d6b-57d6-4076-9a09-09a6f1ded693_20230817_2302h0033_ControlCenter/20230817_175305/20230817_175305_S1/AnalysisResults/oxdwyv2woj/FOV024
2023-08-22 13:52:23,319 [1] INFO  - Executing with retries set to: 10
2023-08-22 13:52:26,150 [1] INFO  - Upload /app/out/FOV024 finished
2023-08-22 13:52:26,150 [1] INFO  - Results uploaded.
2023-08-22 13:52:26,150 [1] INFO  - All done
2023-08-22 13:52:26,150 [1] INFO  - Executing with retries set to: 10
2023-08-22 13:52:26,151 [1] INFO  - Setting fov oxdwyv2woj-8u5vt into status Completed
2023-08-22 13:52:26,176 [1] INFO  - Saving a fov processing run: oxdwyv2woj-8u5vt
2023-08-22 13:52:26,176 [1] INFO  - Updating an existing fov run.
2023-08-22 13:52:26,180 [1] INFO  - Uploading logs
2023-08-22 13:52:26,183 [1] INFO  - Start uploading 892d9dcc-e56d-475c-8dee-2c395064223d/2302H0033/c9d29823-a69c-4328-a6b9-53e2b78fa3e3/Run_76ed1d6b-57d6-4076-9a09-09a6f1ded693_20230817_2302h0033_ControlCenter/20230817_175305/20230817_175305_S1/AnalysisResults/oxdwyv2woj/FOV024/mtm-run.log
