2023-08-22 13:35:48,722 [1] INFO  - Using bucket s3-euw1-eu2-datarepository-eu2-eu2-kcl-01 and region eu-west-1
2023-08-22 13:35:48,763 [1] INFO  - Using role to access S3
2023-08-22 13:35:48,972 [1] INFO  - ===============================
2023-08-22 13:35:48,972 [1] INFO  - build info: 
commit 1860d865ce7409a4b25d5549a62e2b7be0a93d33
Author: alexander-serebriyan <alexander.serebriyan@teamdev.com>
Date:   Fri Feb 10 15:42:48 2023 +0100

    Add UAT env for ECR pushing.

Build done on: Fri Feb 10 14:46:39 UTC 2023
Version: 20230210.1

2023-08-22 13:35:48,972 [1] INFO  - ===============================
2023-08-22 13:35:48,972 [1] INFO  - Starting the job. Results will be uploaded to: 892d9dcc-e56d-475c-8dee-2c395064223d/2302H0033/c9d29823-a69c-4328-a6b9-53e2b78fa3e3/Run_76ed1d6b-57d6-4076-9a09-09a6f1ded693_20230817_2302h0033_ControlCenter/20230817_175305/20230817_175305_S1/AnalysisResults/oxdwyv2woj/FOV032
2023-08-22 13:35:48,972 [1] INFO  - Checking FOV status. Ref: oxdwyv2woj-vbb6m, ID: 892d9dcc-e56d-475c-8dee-2c395064223d/2302H0033/c9d29823-a69c-4328-a6b9-53e2b78fa3e3/Run_76ed1d6b-57d6-4076-9a09-09a6f1ded693_20230817_2302h0033_ControlCenter/20230817_175305/20230817_175305_S1/SpotFiles/FOV032/
2023-08-22 13:35:49,126 [1] INFO  - Executing with retries set to: 10
2023-08-22 13:35:49,126 [1] INFO  - Setting fov oxdwyv2woj-vbb6m into status InProgress
2023-08-22 13:35:49,127 [1] INFO  - Saving a fov processing run: oxdwyv2woj-vbb6m
2023-08-22 13:35:49,127 [1] INFO  - Updating an existing fov run.
2023-08-22 13:35:49,163 [1] INFO  - Downloading FOV using next path: 892d9dcc-e56d-475c-8dee-2c395064223d/2302H0033/c9d29823-a69c-4328-a6b9-53e2b78fa3e3/Run_76ed1d6b-57d6-4076-9a09-09a6f1ded693_20230817_2302h0033_ControlCenter/20230817_175305/20230817_175305_S1/SpotFiles/FOV032/
2023-08-22 13:35:49,163 [1] INFO  - Start downloading 892d9dcc-e56d-475c-8dee-2c395064223d/2302H0033/c9d29823-a69c-4328-a6b9-53e2b78fa3e3/Run_76ed1d6b-57d6-4076-9a09-09a6f1ded693_20230817_2302h0033_ControlCenter/20230817_175305/20230817_175305_S1/SpotFiles/FOV032/
2023-08-22 13:35:49,163 [1] INFO  - Executing with retries set to: 10
2023-08-22 13:39:23,995 [1] INFO  - Download 892d9dcc-e56d-475c-8dee-2c395064223d/2302H0033/c9d29823-a69c-4328-a6b9-53e2b78fa3e3/Run_76ed1d6b-57d6-4076-9a09-09a6f1ded693_20230817_2302h0033_ControlCenter/20230817_175305/20230817_175305_S1/SpotFiles/FOV032/ complete
2023-08-22 13:39:23,995 [1] INFO  - Custom plex file specified. The default one will be overriden.
2023-08-22 13:39:23,995 [1] INFO  - Downloading plex file using next path: 892d9dcc-e56d-475c-8dee-2c395064223d/2302H0033/c9d29823-a69c-4328-a6b9-53e2b78fa3e3/Run_76ed1d6b-57d6-4076-9a09-09a6f1ded693_20230817_2302h0033_ControlCenter/20230817_175305/20230817_175305_S1/plex-oxdwyv2woj.txt
2023-08-22 13:39:23,995 [1] INFO  - Downloading 892d9dcc-e56d-475c-8dee-2c395064223d/2302H0033/c9d29823-a69c-4328-a6b9-53e2b78fa3e3/Run_76ed1d6b-57d6-4076-9a09-09a6f1ded693_20230817_2302h0033_ControlCenter/20230817_175305/20230817_175305_S1/plex-oxdwyv2woj.txt
2023-08-22 13:39:24,115 [1] INFO  - Download 892d9dcc-e56d-475c-8dee-2c395064223d/2302H0033/c9d29823-a69c-4328-a6b9-53e2b78fa3e3/Run_76ed1d6b-57d6-4076-9a09-09a6f1ded693_20230817_2302h0033_ControlCenter/20230817_175305/20230817_175305_S1/plex-oxdwyv2woj.txt finished
2023-08-22 13:39:24,115 [1] INFO  - No user params file specified. Trying to use the one from the storage.
2023-08-22 13:39:24,115 [1] INFO  - Downloading params file using next path: 892d9dcc-e56d-475c-8dee-2c395064223d/2302H0033/c9d29823-a69c-4328-a6b9-53e2b78fa3e3/Run_76ed1d6b-57d6-4076-9a09-09a6f1ded693_20230817_2302h0033_ControlCenter/20230817_175305/20230817_175305_S1/analysis_params_v6.txt
2023-08-22 13:39:24,115 [1] INFO  - Downloading 892d9dcc-e56d-475c-8dee-2c395064223d/2302H0033/c9d29823-a69c-4328-a6b9-53e2b78fa3e3/Run_76ed1d6b-57d6-4076-9a09-09a6f1ded693_20230817_2302h0033_ControlCenter/20230817_175305/20230817_175305_S1/analysis_params_v6.txt
2023-08-22 13:39:24,149 [1] ERROR -    at Amazon.Runtime.Internal.HttpErrorResponseExceptionHandler.HandleExceptionStream(IRequestContext requestContext, IWebResponseData httpErrorResponse, HttpErrorResponseException exception, Stream responseStream)
   at Amazon.Runtime.Internal.HttpErrorResponseExceptionHandler.HandleExceptionAsync(IExecutionContext executionContext, HttpErrorResponseException exception)
   at Amazon.Runtime.Internal.ExceptionHandler`1.HandleAsync(IExecutionContext executionContext, Exception exception)
   at Amazon.Runtime.Internal.ErrorHandler.ProcessExceptionAsync(IExecutionContext executionContext, Exception exception)
   at Amazon.Runtime.Internal.ErrorHandler.InvokeAsync[T](IExecutionContext executionContext)
   at Amazon.Runtime.Internal.CallbackHandler.InvokeAsync[T](IExecutionContext executionContext)
   at Amazon.Runtime.Internal.EndpointDiscoveryHandler.InvokeAsync[T](IExecutionContext executionContext)
   at Amazon.Runtime.Internal.EndpointDiscoveryHandler.InvokeAsync[T](IExecutionContext executionContext)
   at Amazon.Runtime.Internal.CredentialsRetriever.InvokeAsync[T](IExecutionContext executionContext)
   at Amazon.Runtime.Internal.RetryHandler.InvokeAsync[T](IExecutionContext executionContext)
   at Amazon.Runtime.Internal.RetryHandler.InvokeAsync[T](IExecutionContext executionContext)
   at Amazon.Runtime.Internal.CallbackHandler.InvokeAsync[T](IExecutionContext executionContext)
   at Amazon.Runtime.Internal.CallbackHandler.InvokeAsync[T](IExecutionContext executionContext)
   at Amazon.S3.Internal.AmazonS3ExceptionHandler.InvokeAsync[T](IExecutionContext executionContext)
   at Amazon.Runtime.Internal.ErrorCallbackHandler.InvokeAsync[T](IExecutionContext executionContext)
   at Amazon.Runtime.Internal.MetricsHandler.InvokeAsync[T](IExecutionContext executionContext)
   at Amazon.S3.Transfer.Internal.DownloadCommand.ExecuteAsync(CancellationToken cancellationToken)
   at Amazon.S3.Transfer.TransferUtility.Download(String filePath, String bucketName, String key)
   at Core.S3FileStorageService.DownloadFile(String remoteFilePath, String localFilePath) in /src/Core/S3FileStorageService.cs:line 67
   at MTMCWorker.Service.Impl.MtmcWorker.FetchParamsFile(String paramsFileRef, String flowCellPath) in /src/MTMCWorker/Service/Impl/MtmcWorker.cs:line 297
2023-08-22 13:39:24,149 [1] INFO  - Can't download params file next to nBCDir. Using the default one.
Amazon.S3.AmazonS3Exception: The specified key does not exist.
 ---> Amazon.Runtime.Internal.HttpErrorResponseException: Exception of type 'Amazon.Runtime.Internal.HttpErrorResponseException' was thrown.
   at Amazon.Runtime.HttpWebRequestMessage.GetResponseAsync(CancellationToken cancellationToken)
   at Amazon.Runtime.Internal.HttpHandler`1.InvokeAsync[T](IExecutionContext executionContext)
   at Amazon.Runtime.Internal.RedirectHandler.InvokeAsync[T](IExecutionContext executionContext)
   at Amazon.Runtime.Internal.Unmarshaller.InvokeAsync[T](IExecutionContext executionContext)
   at Amazon.S3.Internal.AmazonS3ResponseHandler.InvokeAsync[T](IExecutionContext executionContext)
   at Amazon.Runtime.Internal.ErrorHandler.InvokeAsync[T](IExecutionContext executionContext)
   --- End of inner exception stack trace ---
   at Amazon.Runtime.Internal.HttpErrorResponseExceptionHandler.HandleExceptionStream(IRequestContext requestContext, IWebResponseData httpErrorResponse, HttpErrorResponseException exception, Stream responseStream)
   at Amazon.Runtime.Internal.HttpErrorResponseExceptionHandler.HandleExceptionAsync(IExecutionContext executionContext, HttpErrorResponseException exception)
   at Amazon.Runtime.Internal.ExceptionHandler`1.HandleAsync(IExecutionContext executionContext, Exception exception)
   at Amazon.Runtime.Internal.ErrorHandler.ProcessExceptionAsync(IExecutionContext executionContext, Exception exception)
   at Amazon.Runtime.Internal.ErrorHandler.InvokeAsync[T](IExecutionContext executionContext)
   at Amazon.Runtime.Internal.CallbackHandler.InvokeAsync[T](IExecutionContext executionContext)
   at Amazon.Runtime.Internal.EndpointDiscoveryHandler.InvokeAsync[T](IExecutionContext executionContext)
   at Amazon.Runtime.Internal.EndpointDiscoveryHandler.InvokeAsync[T](IExecutionContext executionContext)
   at Amazon.Runtime.Internal.CredentialsRetriever.InvokeAsync[T](IExecutionContext executionContext)
   at Amazon.Runtime.Internal.RetryHandler.InvokeAsync[T](IExecutionContext executionContext)
   at Amazon.Runtime.Internal.RetryHandler.InvokeAsync[T](IExecutionContext executionContext)
   at Amazon.Runtime.Internal.CallbackHandler.InvokeAsync[T](IExecutionContext executionContext)
   at Amazon.Runtime.Internal.CallbackHandler.InvokeAsync[T](IExecutionContext executionContext)
   at Amazon.S3.Internal.AmazonS3ExceptionHandler.InvokeAsync[T](IExecutionContext executionContext)
   at Amazon.Runtime.Internal.ErrorCallbackHandler.InvokeAsync[T](IExecutionContext executionContext)
   at Amazon.Runtime.Internal.MetricsHandler.InvokeAsync[T](IExecutionContext executionContext)
   at Amazon.S3.Transfer.Internal.DownloadCommand.ExecuteAsync(CancellationToken cancellationToken)
   at Amazon.S3.Transfer.TransferUtility.Download(String filePath, String bucketName, String key)
   at Core.S3FileStorageService.DownloadFile(String remoteFilePath, String localFilePath) in /src/Core/S3FileStorageService.cs:line 67
   at MTMCWorker.Service.Impl.MtmcWorker.FetchParamsFile(String paramsFileRef, String flowCellPath) in /src/MTMCWorker/Service/Impl/MtmcWorker.cs:line 297
2023-08-22 13:39:24,152 [1] INFO  - Fetching CellStatsDir folder data...
2023-08-22 13:39:24,209 [1] INFO  - Downloading 892d9dcc-e56d-475c-8dee-2c395064223d/2302H0033/c9d29823-a69c-4328-a6b9-53e2b78fa3e3/Run_76ed1d6b-57d6-4076-9a09-09a6f1ded693_20230817_2302h0033_ControlCenter/20230817_175305/20230817_175305_S1/CellStatsDir/CellComposite/CellComposite_F032.jpg
2023-08-22 13:39:24,439 [1] INFO  - Download 892d9dcc-e56d-475c-8dee-2c395064223d/2302H0033/c9d29823-a69c-4328-a6b9-53e2b78fa3e3/Run_76ed1d6b-57d6-4076-9a09-09a6f1ded693_20230817_2302h0033_ControlCenter/20230817_175305/20230817_175305_S1/CellStatsDir/CellComposite/CellComposite_F032.jpg finished
2023-08-22 13:39:24,439 [1] INFO  - Downloading 892d9dcc-e56d-475c-8dee-2c395064223d/2302H0033/c9d29823-a69c-4328-a6b9-53e2b78fa3e3/Run_76ed1d6b-57d6-4076-9a09-09a6f1ded693_20230817_2302h0033_ControlCenter/20230817_175305/20230817_175305_S1/CellStatsDir/CellOverlay/CellOverlay_F032.jpg
2023-08-22 13:39:24,725 [1] INFO  - Download 892d9dcc-e56d-475c-8dee-2c395064223d/2302H0033/c9d29823-a69c-4328-a6b9-53e2b78fa3e3/Run_76ed1d6b-57d6-4076-9a09-09a6f1ded693_20230817_2302h0033_ControlCenter/20230817_175305/20230817_175305_S1/CellStatsDir/CellOverlay/CellOverlay_F032.jpg finished
2023-08-22 13:39:24,725 [1] INFO  - Downloading 892d9dcc-e56d-475c-8dee-2c395064223d/2302H0033/c9d29823-a69c-4328-a6b9-53e2b78fa3e3/Run_76ed1d6b-57d6-4076-9a09-09a6f1ded693_20230817_2302h0033_ControlCenter/20230817_175305/20230817_175305_S1/CellStatsDir/FOV032/CellLabels_F032.tif
2023-08-22 13:39:24,926 [1] INFO  - Download 892d9dcc-e56d-475c-8dee-2c395064223d/2302H0033/c9d29823-a69c-4328-a6b9-53e2b78fa3e3/Run_76ed1d6b-57d6-4076-9a09-09a6f1ded693_20230817_2302h0033_ControlCenter/20230817_175305/20230817_175305_S1/CellStatsDir/FOV032/CellLabels_F032.tif finished
2023-08-22 13:39:24,926 [1] INFO  - Downloading 892d9dcc-e56d-475c-8dee-2c395064223d/2302H0033/c9d29823-a69c-4328-a6b9-53e2b78fa3e3/Run_76ed1d6b-57d6-4076-9a09-09a6f1ded693_20230817_2302h0033_ControlCenter/20230817_175305/20230817_175305_S1/CellStatsDir/FOV032/CompartmentLabels_F032.tif
2023-08-22 13:39:25,131 [1] INFO  - Download 892d9dcc-e56d-475c-8dee-2c395064223d/2302H0033/c9d29823-a69c-4328-a6b9-53e2b78fa3e3/Run_76ed1d6b-57d6-4076-9a09-09a6f1ded693_20230817_2302h0033_ControlCenter/20230817_175305/20230817_175305_S1/CellStatsDir/FOV032/CompartmentLabels_F032.tif finished
2023-08-22 13:39:25,131 [1] INFO  - Downloading 892d9dcc-e56d-475c-8dee-2c395064223d/2302H0033/c9d29823-a69c-4328-a6b9-53e2b78fa3e3/Run_76ed1d6b-57d6-4076-9a09-09a6f1ded693_20230817_2302h0033_ControlCenter/20230817_175305/20230817_175305_S1/CellStatsDir/FOV032/Run_76ed1d6b-57d6-4076-9a09-09a6f1ded693_20230817_175305_S1_Cell_Stats_F032.csv
2023-08-22 13:39:25,332 [1] INFO  - Download 892d9dcc-e56d-475c-8dee-2c395064223d/2302H0033/c9d29823-a69c-4328-a6b9-53e2b78fa3e3/Run_76ed1d6b-57d6-4076-9a09-09a6f1ded693_20230817_2302h0033_ControlCenter/20230817_175305/20230817_175305_S1/CellStatsDir/FOV032/Run_76ed1d6b-57d6-4076-9a09-09a6f1ded693_20230817_175305_S1_Cell_Stats_F032.csv finished
2023-08-22 13:39:25,332 [1] INFO  - Downloading 892d9dcc-e56d-475c-8dee-2c395064223d/2302H0033/c9d29823-a69c-4328-a6b9-53e2b78fa3e3/Run_76ed1d6b-57d6-4076-9a09-09a6f1ded693_20230817_2302h0033_ControlCenter/20230817_175305/20230817_175305_S1/CellStatsDir/Morphology2D/20230817_175305_S1_C902_P99_N99_F032.TIF
2023-08-22 13:39:26,467 [1] INFO  - Download 892d9dcc-e56d-475c-8dee-2c395064223d/2302H0033/c9d29823-a69c-4328-a6b9-53e2b78fa3e3/Run_76ed1d6b-57d6-4076-9a09-09a6f1ded693_20230817_2302h0033_ControlCenter/20230817_175305/20230817_175305_S1/CellStatsDir/Morphology2D/20230817_175305_S1_C902_P99_N99_F032.TIF finished
2023-08-22 13:39:26,468 [1] INFO  - Downloading 892d9dcc-e56d-475c-8dee-2c395064223d/2302H0033/c9d29823-a69c-4328-a6b9-53e2b78fa3e3/Run_76ed1d6b-57d6-4076-9a09-09a6f1ded693_20230817_2302h0033_ControlCenter/20230817_175305/20230817_175305_S1/CellStatsDir/RnD/Run_76ed1d6b-57d6-4076-9a09-09a6f1ded693_20230817_175305_S1_Summary_F032.csv
2023-08-22 13:39:26,621 [1] INFO  - Download 892d9dcc-e56d-475c-8dee-2c395064223d/2302H0033/c9d29823-a69c-4328-a6b9-53e2b78fa3e3/Run_76ed1d6b-57d6-4076-9a09-09a6f1ded693_20230817_2302h0033_ControlCenter/20230817_175305/20230817_175305_S1/CellStatsDir/RnD/Run_76ed1d6b-57d6-4076-9a09-09a6f1ded693_20230817_175305_S1_Summary_F032.csv finished
2023-08-22 13:39:26,621 [1] INFO  - CellStatsDir data download complete.
2023-08-22 13:39:26,621 [1] INFO  - FOV downloaded successfully.
2023-08-22 13:39:26,621 [1] INFO  - Preparing dirs structure for mtmc
2023-08-22 13:39:26,621 [1] INFO  - Preparing mtmc input. FOV dir: FOV032
2023-08-22 13:39:26,625 [1] INFO  - Running mtmc...
2023-08-22 13:39:26,632 [18] INFO  - directory: "/app/input_data/"
2023-08-22 13:39:26,877 [25] INFO  - directory: "/app/out/FOV032/"
2023-08-22 13:42:36,892 [26] INFO  - 2023-08-22 13:39:26,F032,Z,0,iter,0,feat,0,0, Reading and combining input data, 0.029506, sec
2023-08-22 13:42:36,892 [26] INFO  - 2023-08-22 13:39:36,F032,Z,0,iter,0,feat,3558857,3558857, Spot file data loading and filtration , 10.0881, sec
2023-08-22 13:42:36,892 [26] INFO  - 2023-08-22 13:39:38,F032,Z,0,iter,0,feat,3558857,3558857, Seed neighbor determination, 3.2931, sec
2023-08-22 13:42:36,892 [26] INFO  - 2023-08-22 13:39:40,F032,Z,0,iter,0,feat,3558857,3558857, Quality Score Generation, 5.29094, sec
2023-08-22 13:42:36,892 [26] INFO  - 2023-08-22 13:39:45,F032,Z,0,iter,0,feat,3558857,3558857, Spots per feature calculation and feature filtration, 5.7353, sec
2023-08-22 13:42:36,892 [26] INFO  - 2023-08-22 13:39:49,F032,Z,0,iter,0,feat,3558857,3558857, Making Complete Code Target Calls, 3.24356, sec
2023-08-22 13:42:36,892 [26] INFO  - 2023-08-22 13:39:50,F032,Z,0,iter,0,feat,3558857,3558857, Target Call Location Estimation and iteration end update, 1.24112, sec
2023-08-22 13:42:36,892 [26] INFO  - 2023-08-22 13:39:50,F032,Z,0,iter,0,feat,3558857,3558857, Iteration summary generation, 0.006523, sec
2023-08-22 13:42:36,892 [26] INFO  - 2023-08-22 13:39:50,F032,Z,0,iter,0,feat,3558857,3558857, Iteration duration, 17.4142, sec
2023-08-22 13:42:36,893 [25] INFO  - 2023-08-22 13:39:52,F032,Z,0,iter,1,feat,3558857,3558857, Seed neighbor determination, 3.22214, sec
2023-08-22 13:42:36,893 [25] INFO  - 2023-08-22 13:39:54,F032,Z,0,iter,1,feat,3558857,3558857, Quality Score Generation, 8.01442, sec
2023-08-22 13:42:36,893 [25] INFO  - 2023-08-22 13:39:57,F032,Z,0,iter,1,feat,3558857,3558857, Spots per feature calculation and feature filtration, 3.57488, sec
2023-08-22 13:42:36,893 [25] INFO  - 2023-08-22 13:40:02,F032,Z,0,iter,1,feat,3558857,3558857, Making Complete Code Target Calls, 4.23515, sec
2023-08-22 13:42:36,893 [25] INFO  - 2023-08-22 13:40:04,F032,Z,0,iter,1,feat,3558857,3558857, Target Call Location Estimation and iteration end update, 1.8043, sec
2023-08-22 13:42:36,893 [25] INFO  - 2023-08-22 13:40:04,F032,Z,0,iter,1,feat,3558857,3558857, Iteration summary generation, 0.141407, sec
2023-08-22 13:42:36,893 [25] INFO  - 2023-08-22 13:40:04,F032,Z,0,iter,1,feat,3558857,3558857, Iteration duration, 19.6174, sec
2023-08-22 13:42:36,893 [25] INFO  - 2023-08-22 13:40:04,F032,Z,0,iter,1,feat,3558857,3558857, Z slice processing duration, 47.1293, sec
2023-08-22 13:42:36,893 [25] INFO  - 2023-08-22 13:40:29,F032,Z,1,iter,0,feat,6106499,9665356, Spot file data loading and filtration , 23.2168, sec
2023-08-22 13:42:36,893 [25] INFO  - 2023-08-22 13:40:32,F032,Z,1,iter,0,feat,6106499,9665356, Seed neighbor determination, 6.32596, sec
2023-08-22 13:42:36,893 [25] INFO  - 2023-08-22 13:40:37,F032,Z,1,iter,0,feat,6106499,9665356, Quality Score Generation, 17.7037, sec
2023-08-22 13:42:36,893 [25] INFO  - 2023-08-22 13:40:46,F032,Z,1,iter,0,feat,6106499,9665356, Spots per feature calculation and feature filtration, 9.67905, sec
2023-08-22 13:42:36,893 [25] INFO  - 2023-08-22 13:41:00,F032,Z,1,iter,0,feat,6106499,9665356, Making Complete Code Target Calls, 13.6278, sec
2023-08-22 13:42:36,893 [25] INFO  - 2023-08-22 13:41:05,F032,Z,1,iter,0,feat,6106499,9665356, Target Call Location Estimation and iteration end update, 4.68564, sec
2023-08-22 13:42:36,893 [25] INFO  - 2023-08-22 13:41:05,F032,Z,1,iter,0,feat,6106499,9665356, Iteration summary generation, 0.061831, sec
2023-08-22 13:42:36,893 [25] INFO  - 2023-08-22 13:41:05,F032,Z,1,iter,0,feat,6106499,9665356, Iteration duration, 49.5377, sec
2023-08-22 13:42:36,893 [25] INFO  - 2023-08-22 13:41:09,F032,Z,1,iter,1,feat,6106499,9665356, Seed neighbor determination, 7.46233, sec
2023-08-22 13:42:36,893 [25] INFO  - 2023-08-22 13:41:13,F032,Z,1,iter,1,feat,6106499,9665356, Quality Score Generation, 16.0872, sec
2023-08-22 13:42:36,893 [25] INFO  - 2023-08-22 13:41:18,F032,Z,1,iter,1,feat,6106499,9665356, Spots per feature calculation and feature filtration, 4.94863, sec
2023-08-22 13:42:36,893 [25] INFO  - 2023-08-22 13:41:34,F032,Z,1,iter,1,feat,6106499,9665356, Making Complete Code Target Calls, 15.743, sec
2023-08-22 13:42:36,893 [25] INFO  - 2023-08-22 13:41:39,F032,Z,1,iter,1,feat,6106499,9665356, Target Call Location Estimation and iteration end update, 4.31173, sec
2023-08-22 13:42:36,893 [25] INFO  - 2023-08-22 13:41:39,F032,Z,1,iter,1,feat,6106499,9665356, Iteration summary generation, 0.868731, sec
2023-08-22 13:42:36,893 [25] INFO  - 2023-08-22 13:41:39,F032,Z,1,iter,1,feat,6106499,9665356, Iteration duration, 46.0498, sec
2023-08-22 13:42:36,893 [25] INFO  - 2023-08-22 13:41:39,F032,Z,1,iter,1,feat,6106499,9665356, Z slice processing duration, 120.52, sec
2023-08-22 13:42:36,893 [25] INFO  - 2023-08-22 13:42:05,F032,Z,2,iter,0,feat,5759935,15425291, Spot file data loading and filtration , 21.9212, sec
2023-08-22 13:42:36,893 [25] INFO  - 2023-08-22 13:42:08,F032,Z,2,iter,0,feat,5759935,15425291, Seed neighbor determination, 5.59776, sec
2023-08-22 13:42:36,893 [25] INFO  - 2023-08-22 13:42:11,F032,Z,2,iter,0,feat,5759935,15425291, Quality Score Generation, 12.7436, sec
2023-08-22 13:42:36,893 [25] INFO  - 2023-08-22 13:42:18,F032,Z,2,iter,0,feat,5759935,15425291, Spots per feature calculation and feature filtration, 6.78968, sec
2023-08-22 13:42:36,893 [25] INFO  - 2023-08-22 13:42:31,F032,Z,2,iter,0,feat,5759935,15425291, Making Complete Code Target Calls, 12.1045, sec
2023-08-22 13:45:11,404 [25] INFO  - 2023-08-22 13:42:36,F032,Z,2,iter,0,feat,5759935,15425291, Target Call Location Estimation and iteration end update, 5.69811, sec
2023-08-22 13:45:11,404 [25] INFO  - 2023-08-22 13:42:36,F032,Z,2,iter,0,feat,5759935,15425291, Iteration summary generation, 0.048778, sec
2023-08-22 13:45:11,404 [25] INFO  - 2023-08-22 13:42:36,F032,Z,2,iter,0,feat,5759935,15425291, Iteration duration, 40.8519, sec
2023-08-22 13:45:11,404 [25] INFO  - 2023-08-22 13:42:40,F032,Z,2,iter,1,feat,5759935,15425291, Seed neighbor determination, 6.1641, sec
2023-08-22 13:45:11,404 [25] INFO  - 2023-08-22 13:42:43,F032,Z,2,iter,1,feat,5759935,15425291, Quality Score Generation, 14.4301, sec
2023-08-22 13:45:11,404 [25] INFO  - 2023-08-22 13:42:48,F032,Z,2,iter,1,feat,5759935,15425291, Spots per feature calculation and feature filtration, 4.7034, sec
2023-08-22 13:45:11,404 [25] INFO  - 2023-08-22 13:43:03,F032,Z,2,iter,1,feat,5759935,15425291, Making Complete Code Target Calls, 14.1306, sec
2023-08-22 13:45:11,404 [25] INFO  - 2023-08-22 13:43:06,F032,Z,2,iter,1,feat,5759935,15425291, Target Call Location Estimation and iteration end update, 3.56399, sec
2023-08-22 13:45:11,404 [25] INFO  - 2023-08-22 13:43:08,F032,Z,2,iter,1,feat,5759935,15425291, Iteration summary generation, 1.41859, sec
2023-08-22 13:45:11,404 [25] INFO  - 2023-08-22 13:43:08,F032,Z,2,iter,1,feat,5759935,15425291, Iteration duration, 41.8378, sec
2023-08-22 13:45:11,404 [25] INFO  - 2023-08-22 13:43:08,F032,Z,2,iter,1,feat,5759935,15425291, Z slice processing duration, 108.427, sec
2023-08-22 13:45:11,404 [25] INFO  - 2023-08-22 13:43:29,F032,Z,3,iter,0,feat,5221154,20646445, Spot file data loading and filtration , 18.3669, sec
2023-08-22 13:45:11,404 [25] INFO  - 2023-08-22 13:43:32,F032,Z,3,iter,0,feat,5221154,20646445, Seed neighbor determination, 4.82659, sec
2023-08-22 13:45:11,404 [25] INFO  - 2023-08-22 13:43:34,F032,Z,3,iter,0,feat,5221154,20646445, Quality Score Generation, 10.1065, sec
2023-08-22 13:45:11,404 [25] INFO  - 2023-08-22 13:43:40,F032,Z,3,iter,0,feat,5221154,20646445, Spots per feature calculation and feature filtration, 5.72903, sec
2023-08-22 13:45:11,404 [25] INFO  - 2023-08-22 13:43:51,F032,Z,3,iter,0,feat,5221154,20646445, Making Complete Code Target Calls, 10.5105, sec
2023-08-22 13:45:11,404 [25] INFO  - 2023-08-22 13:43:55,F032,Z,3,iter,0,feat,5221154,20646445, Target Call Location Estimation and iteration end update, 4.15223, sec
2023-08-22 13:45:11,404 [25] INFO  - 2023-08-22 13:43:55,F032,Z,3,iter,0,feat,5221154,20646445, Iteration summary generation, 0.047993, sec
2023-08-22 13:45:11,404 [25] INFO  - 2023-08-22 13:43:55,F032,Z,3,iter,0,feat,5221154,20646445, Iteration duration, 33.308, sec
2023-08-22 13:45:11,404 [45] INFO  - 2023-08-22 13:43:57,F032,Z,3,iter,1,feat,5221154,20646445, Seed neighbor determination, 4.94547, sec
2023-08-22 13:45:11,404 [45] INFO  - 2023-08-22 13:44:00,F032,Z,3,iter,1,feat,5221154,20646445, Quality Score Generation, 10.7068, sec
2023-08-22 13:45:11,404 [45] INFO  - 2023-08-22 13:44:04,F032,Z,3,iter,1,feat,5221154,20646445, Spots per feature calculation and feature filtration, 4.20448, sec
2023-08-22 13:45:11,404 [45] INFO  - 2023-08-22 13:44:14,F032,Z,3,iter,1,feat,5221154,20646445, Making Complete Code Target Calls, 9.73225, sec
2023-08-22 13:45:11,404 [45] INFO  - 2023-08-22 13:44:18,F032,Z,3,iter,1,feat,5221154,20646445, Target Call Location Estimation and iteration end update, 4.08924, sec
2023-08-22 13:45:11,404 [45] INFO  - 2023-08-22 13:44:19,F032,Z,3,iter,1,feat,5221154,20646445, Iteration summary generation, 0.721162, sec
2023-08-22 13:45:11,404 [45] INFO  - 2023-08-22 13:44:19,F032,Z,3,iter,1,feat,5221154,20646445, Iteration duration, 32.2116, sec
2023-08-22 13:45:11,404 [45] INFO  - 2023-08-22 13:44:19,F032,Z,3,iter,1,feat,5221154,20646445, Z slice processing duration, 87.0331, sec
2023-08-22 13:45:11,404 [45] INFO  - 2023-08-22 13:44:35,F032,Z,4,iter,0,feat,4782120,25428565, Spot file data loading and filtration , 12.9815, sec
2023-08-22 13:45:11,404 [45] INFO  - 2023-08-22 13:44:37,F032,Z,4,iter,0,feat,4782120,25428565, Seed neighbor determination, 4.39841, sec
2023-08-22 13:45:11,404 [45] INFO  - 2023-08-22 13:44:39,F032,Z,4,iter,0,feat,4782120,25428565, Quality Score Generation, 7.86477, sec
2023-08-22 13:45:11,404 [45] INFO  - 2023-08-22 13:44:44,F032,Z,4,iter,0,feat,4782120,25428565, Spots per feature calculation and feature filtration, 4.74247, sec
2023-08-22 13:45:11,404 [45] INFO  - 2023-08-22 13:44:52,F032,Z,4,iter,0,feat,4782120,25428565, Making Complete Code Target Calls, 7.59124, sec
2023-08-22 13:45:11,404 [45] INFO  - 2023-08-22 13:44:54,F032,Z,4,iter,0,feat,4782120,25428565, Target Call Location Estimation and iteration end update, 2.81485, sec
2023-08-22 13:45:11,404 [45] INFO  - 2023-08-22 13:44:54,F032,Z,4,iter,0,feat,4782120,25428565, Iteration summary generation, 0.034286, sec
2023-08-22 13:45:11,404 [45] INFO  - 2023-08-22 13:44:54,F032,Z,4,iter,0,feat,4782120,25428565, Iteration duration, 25.5562, sec
2023-08-22 13:45:11,404 [45] INFO  - 2023-08-22 13:44:56,F032,Z,4,iter,1,feat,4782120,25428565, Seed neighbor determination, 4.22653, sec
2023-08-22 13:45:11,404 [45] INFO  - 2023-08-22 13:44:59,F032,Z,4,iter,1,feat,4782120,25428565, Quality Score Generation, 8.99254, sec
2023-08-22 13:45:11,404 [45] INFO  - 2023-08-22 13:45:02,F032,Z,4,iter,1,feat,4782120,25428565, Spots per feature calculation and feature filtration, 3.51894, sec
2023-08-22 13:46:47,766 [45] INFO  - 2023-08-22 13:45:11,F032,Z,4,iter,1,feat,4782120,25428565, Making Complete Code Target Calls, 8.34122, sec
2023-08-22 13:46:47,766 [45] INFO  - 2023-08-22 13:45:13,F032,Z,4,iter,1,feat,4782120,25428565, Target Call Location Estimation and iteration end update, 1.96353, sec
2023-08-22 13:46:47,766 [45] INFO  - 2023-08-22 13:45:14,F032,Z,4,iter,1,feat,4782120,25428565, Iteration summary generation, 0.639615, sec
2023-08-22 13:46:47,766 [45] INFO  - 2023-08-22 13:45:14,F032,Z,4,iter,1,feat,4782120,25428565, Iteration duration, 25.8299, sec
2023-08-22 13:46:47,766 [45] INFO  - 2023-08-22 13:45:14,F032,Z,4,iter,1,feat,4782120,25428565, Z slice processing duration, 66.881, sec
2023-08-22 13:46:47,766 [45] INFO  - 2023-08-22 13:45:27,F032,Z,5,iter,0,feat,4318981,29747546, Spot file data loading and filtration , 11.0274, sec
2023-08-22 13:46:47,766 [45] INFO  - 2023-08-22 13:45:29,F032,Z,5,iter,0,feat,4318981,29747546, Seed neighbor determination, 4.04529, sec
2023-08-22 13:46:47,766 [45] INFO  - 2023-08-22 13:45:31,F032,Z,5,iter,0,feat,4318981,29747546, Quality Score Generation, 7.02577, sec
2023-08-22 13:46:47,766 [45] INFO  - 2023-08-22 13:45:35,F032,Z,5,iter,0,feat,4318981,29747546, Spots per feature calculation and feature filtration, 4.37253, sec
2023-08-22 13:46:47,766 [45] INFO  - 2023-08-22 13:45:43,F032,Z,5,iter,0,feat,4318981,29747546, Making Complete Code Target Calls, 7.75461, sec
2023-08-22 13:46:47,766 [45] INFO  - 2023-08-22 13:45:45,F032,Z,5,iter,0,feat,4318981,29747546, Target Call Location Estimation and iteration end update, 1.81486, sec
2023-08-22 13:46:47,766 [45] INFO  - 2023-08-22 13:45:45,F032,Z,5,iter,0,feat,4318981,29747546, Iteration summary generation, 0.024078, sec
2023-08-22 13:46:47,766 [45] INFO  - 2023-08-22 13:45:45,F032,Z,5,iter,0,feat,4318981,29747546, Iteration duration, 23.2975, sec
2023-08-22 13:46:47,766 [45] INFO  - 2023-08-22 13:45:47,F032,Z,5,iter,1,feat,4318981,29747546, Seed neighbor determination, 3.86286, sec
2023-08-22 13:46:47,766 [45] INFO  - 2023-08-22 13:45:49,F032,Z,5,iter,1,feat,4318981,29747546, Quality Score Generation, 7.78373, sec
2023-08-22 13:46:47,766 [45] INFO  - 2023-08-22 13:45:52,F032,Z,5,iter,1,feat,4318981,29747546, Spots per feature calculation and feature filtration, 3.17594, sec
2023-08-22 13:46:47,766 [45] INFO  - 2023-08-22 13:45:59,F032,Z,5,iter,1,feat,4318981,29747546, Making Complete Code Target Calls, 6.83624, sec
2023-08-22 13:46:47,766 [45] INFO  - 2023-08-22 13:46:00,F032,Z,5,iter,1,feat,4318981,29747546, Target Call Location Estimation and iteration end update, 0.919934, sec
2023-08-22 13:46:47,766 [45] INFO  - 2023-08-22 13:46:00,F032,Z,5,iter,1,feat,4318981,29747546, Iteration summary generation, 0.516085, sec
2023-08-22 13:46:47,767 [47] INFO  - 2023-08-22 13:46:00,F032,Z,5,iter,1,feat,4318981,29747546, Iteration duration, 21.376, sec
2023-08-22 13:46:47,767 [47] INFO  - 2023-08-22 13:46:00,F032,Z,5,iter,1,feat,4318981,29747546, Z slice processing duration, 57.8445, sec
2023-08-22 13:46:47,767 [47] INFO  - 2023-08-22 13:46:10,F032,Z,6,iter,0,feat,3865648,33613194, Spot file data loading and filtration , 7.69242, sec
2023-08-22 13:46:47,767 [47] INFO  - 2023-08-22 13:46:12,F032,Z,6,iter,0,feat,3865648,33613194, Seed neighbor determination, 3.53034, sec
2023-08-22 13:46:47,767 [47] INFO  - 2023-08-22 13:46:13,F032,Z,6,iter,0,feat,3865648,33613194, Quality Score Generation, 6.01977, sec
2023-08-22 13:46:47,767 [47] INFO  - 2023-08-22 13:46:17,F032,Z,6,iter,0,feat,3865648,33613194, Spots per feature calculation and feature filtration, 3.87921, sec
2023-08-22 13:46:47,767 [47] INFO  - 2023-08-22 13:46:23,F032,Z,6,iter,0,feat,3865648,33613194, Making Complete Code Target Calls, 5.19229, sec
2023-08-22 13:46:47,767 [47] INFO  - 2023-08-22 13:46:24,F032,Z,6,iter,0,feat,3865648,33613194, Target Call Location Estimation and iteration end update, 1.38498, sec
2023-08-22 13:46:47,767 [47] INFO  - 2023-08-22 13:46:24,F032,Z,6,iter,0,feat,3865648,33613194, Iteration summary generation, 0.018344, sec
2023-08-22 13:46:47,767 [47] INFO  - 2023-08-22 13:46:24,F032,Z,6,iter,0,feat,3865648,33613194, Iteration duration, 18.4943, sec
2023-08-22 13:46:47,767 [47] INFO  - 2023-08-22 13:46:26,F032,Z,6,iter,1,feat,3865648,33613194, Seed neighbor determination, 3.43283, sec
2023-08-22 13:46:47,767 [47] INFO  - 2023-08-22 13:46:27,F032,Z,6,iter,1,feat,3865648,33613194, Quality Score Generation, 6.92653, sec
2023-08-22 13:46:47,767 [47] INFO  - 2023-08-22 13:46:30,F032,Z,6,iter,1,feat,3865648,33613194, Spots per feature calculation and feature filtration, 2.87713, sec
2023-08-22 13:46:47,767 [47] INFO  - 2023-08-22 13:46:36,F032,Z,6,iter,1,feat,3865648,33613194, Making Complete Code Target Calls, 5.86047, sec
2023-08-22 13:46:47,767 [47] INFO  - 2023-08-22 13:46:37,F032,Z,6,iter,1,feat,3865648,33613194, Target Call Location Estimation and iteration end update, 0.875056, sec
2023-08-22 13:46:47,767 [47] INFO  - 2023-08-22 13:46:38,F032,Z,6,iter,1,feat,3865648,33613194, Iteration summary generation, 0.410613, sec
2023-08-22 13:46:47,767 [47] INFO  - 2023-08-22 13:46:38,F032,Z,6,iter,1,feat,3865648,33613194, Iteration duration, 18.8765, sec
2023-08-22 13:46:47,767 [47] INFO  - 2023-08-22 13:46:38,F032,Z,6,iter,1,feat,3865648,33613194, Z slice processing duration, 47.0197, sec
2023-08-22 13:46:47,767 [47] INFO  - 2023-08-22 13:46:46,F032,Z,7,iter,0,feat,3692019,37305213, Spot file data loading and filtration , 6.13901, sec
2023-08-22 13:47:22,982 [47] INFO  - 2023-08-22 13:46:47,F032,Z,7,iter,0,feat,3692019,37305213, Seed neighbor determination, 3.35871, sec
2023-08-22 13:47:22,982 [47] INFO  - 2023-08-22 13:46:49,F032,Z,7,iter,0,feat,3692019,37305213, Quality Score Generation, 5.54013, sec
2023-08-22 13:47:22,982 [47] INFO  - 2023-08-22 13:46:52,F032,Z,7,iter,0,feat,3692019,37305213, Spots per feature calculation and feature filtration, 3.69011, sec
2023-08-22 13:47:22,982 [47] INFO  - 2023-08-22 13:46:57,F032,Z,7,iter,0,feat,3692019,37305213, Making Complete Code Target Calls, 4.73368, sec
2023-08-22 13:47:22,982 [47] INFO  - 2023-08-22 13:46:58,F032,Z,7,iter,0,feat,3692019,37305213, Target Call Location Estimation and iteration end update, 1.25225, sec
2023-08-22 13:47:22,982 [47] INFO  - 2023-08-22 13:46:59,F032,Z,7,iter,0,feat,3692019,37305213, Iteration summary generation, 0.014709, sec
2023-08-22 13:47:22,982 [47] INFO  - 2023-08-22 13:46:59,F032,Z,7,iter,0,feat,3692019,37305213, Iteration duration, 17.1326, sec
2023-08-22 13:47:22,982 [47] INFO  - 2023-08-22 13:47:00,F032,Z,7,iter,1,feat,3692019,37305213, Seed neighbor determination, 3.32189, sec
2023-08-22 13:47:22,982 [47] INFO  - 2023-08-22 13:47:02,F032,Z,7,iter,1,feat,3692019,37305213, Quality Score Generation, 6.66188, sec
2023-08-22 13:47:22,982 [47] INFO  - 2023-08-22 13:47:05,F032,Z,7,iter,1,feat,3692019,37305213, Spots per feature calculation and feature filtration, 2.76691, sec
2023-08-22 13:47:22,982 [47] INFO  - 2023-08-22 13:47:10,F032,Z,7,iter,1,feat,3692019,37305213, Making Complete Code Target Calls, 5.6366, sec
2023-08-22 13:47:22,982 [47] INFO  - 2023-08-22 13:47:11,F032,Z,7,iter,1,feat,3692019,37305213, Target Call Location Estimation and iteration end update, 0.840591, sec
2023-08-22 13:47:22,982 [47] INFO  - 2023-08-22 13:47:12,F032,Z,7,iter,1,feat,3692019,37305213, Iteration summary generation, 0.302819, sec
2023-08-22 13:47:22,982 [47] INFO  - 2023-08-22 13:47:12,F032,Z,7,iter,1,feat,3692019,37305213, Iteration duration, 18.063, sec
2023-08-22 13:47:22,982 [47] INFO  - 2023-08-22 13:47:12,F032,Z,7,iter,1,feat,3692019,37305213, Z slice processing duration, 43.0702, sec
2023-08-22 13:47:22,982 [47] INFO  - 2023-08-22 13:47:13,F032,Z,8,iter,0,feat,1301923,38607136, Spot file data loading and filtration , 0.078408, sec
2023-08-22 13:47:22,982 [47] INFO  - 2023-08-22 13:47:14,F032,Z,8,iter,0,feat,1301923,38607136, Seed neighbor determination, 1.16274, sec
2023-08-22 13:47:22,982 [47] INFO  - 2023-08-22 13:47:14,F032,Z,8,iter,0,feat,1301923,38607136, Quality Score Generation, 1.84828, sec
2023-08-22 13:47:22,982 [47] INFO  - 2023-08-22 13:47:16,F032,Z,8,iter,0,feat,1301923,38607136, Spots per feature calculation and feature filtration, 1.37279, sec
2023-08-22 13:47:22,982 [45] INFO  - 2023-08-22 13:47:17,F032,Z,8,iter,0,feat,1301923,38607136, Making Complete Code Target Calls, 0.848347, sec
2023-08-22 13:47:22,982 [45] INFO  - 2023-08-22 13:47:17,F032,Z,8,iter,0,feat,1301923,38607136, Target Call Location Estimation and iteration end update, 0.320998, sec
2023-08-22 13:47:22,982 [45] INFO  - 2023-08-22 13:47:17,F032,Z,8,iter,0,feat,1301923,38607136, Iteration summary generation, 0.003064, sec
2023-08-22 13:47:22,982 [45] INFO  - 2023-08-22 13:47:17,F032,Z,8,iter,0,feat,1301923,38607136, Iteration duration, 5.064, sec
2023-08-22 13:47:22,982 [45] INFO  - 2023-08-22 13:47:18,F032,Z,8,iter,1,feat,1301923,38607136, Seed neighbor determination, 1.21068, sec
2023-08-22 13:47:22,982 [45] INFO  - 2023-08-22 13:47:18,F032,Z,8,iter,1,feat,1301923,38607136, Quality Score Generation, 2.02764, sec
2023-08-22 13:47:22,982 [45] INFO  - 2023-08-22 13:47:19,F032,Z,8,iter,1,feat,1301923,38607136, Spots per feature calculation and feature filtration, 1.17119, sec
2023-08-22 13:47:22,982 [45] INFO  - 2023-08-22 13:47:20,F032,Z,8,iter,1,feat,1301923,38607136, Making Complete Code Target Calls, 0.988228, sec
2023-08-22 13:47:22,982 [45] INFO  - 2023-08-22 13:47:21,F032,Z,8,iter,1,feat,1301923,38607136, Target Call Location Estimation and iteration end update, 0.179383, sec
2023-08-22 13:47:22,982 [45] INFO  - 2023-08-22 13:47:21,F032,Z,8,iter,1,feat,1301923,38607136, Iteration summary generation, 0.073009, sec
2023-08-22 13:47:22,982 [45] INFO  - 2023-08-22 13:47:21,F032,Z,8,iter,1,feat,1301923,38607136, Iteration duration, 5.10374, sec
2023-08-22 13:47:22,982 [45] INFO  - 2023-08-22 13:47:21,F032,Z,8,iter,1,feat,1301923,38607136, Z slice processing duration, 11.9095, sec
2023-08-22 13:47:22,982 [45] INFO  - 2023-08-22 13:47:22,F032,Z,8,iter,1,feat,1301923,38607136, FOV processing duration (final) , 591.699, sec
2023-08-22 13:47:22,993 [47] INFO  - Exited
2023-08-22 13:47:22,993 [47] INFO  - System.EventArgs
2023-08-22 13:47:22,993 [47] INFO  - { }
2023-08-22 13:47:22,994 [1] INFO  - mtmc run complete
2023-08-22 13:47:22,994 [1] INFO  - Zipping and uploading results...
2023-08-22 13:47:22,994 [1] INFO  - Uploading mtm results to storage.
2023-08-22 13:47:22,995 [1] INFO  - Start uploading /app/out/FOV032 to 892d9dcc-e56d-475c-8dee-2c395064223d/2302H0033/c9d29823-a69c-4328-a6b9-53e2b78fa3e3/Run_76ed1d6b-57d6-4076-9a09-09a6f1ded693_20230817_2302h0033_ControlCenter/20230817_175305/20230817_175305_S1/AnalysisResults/oxdwyv2woj/FOV032
2023-08-22 13:47:22,995 [1] INFO  - Executing with retries set to: 10
2023-08-22 13:47:24,711 [1] INFO  - Upload /app/out/FOV032 finished
2023-08-22 13:47:24,711 [1] INFO  - Results uploaded.
2023-08-22 13:47:24,711 [1] INFO  - All done
2023-08-22 13:47:24,711 [1] INFO  - Executing with retries set to: 10
2023-08-22 13:47:24,711 [1] INFO  - Setting fov oxdwyv2woj-vbb6m into status Completed
2023-08-22 13:47:24,720 [1] INFO  - Saving a fov processing run: oxdwyv2woj-vbb6m
2023-08-22 13:47:24,720 [1] INFO  - Updating an existing fov run.
2023-08-22 13:47:24,721 [1] INFO  - Uploading logs
2023-08-22 13:47:24,722 [1] INFO  - Start uploading 892d9dcc-e56d-475c-8dee-2c395064223d/2302H0033/c9d29823-a69c-4328-a6b9-53e2b78fa3e3/Run_76ed1d6b-57d6-4076-9a09-09a6f1ded693_20230817_2302h0033_ControlCenter/20230817_175305/20230817_175305_S1/AnalysisResults/oxdwyv2woj/FOV032/mtm-run.log
