2023-08-22 13:32:45,508 [1] INFO  - Using bucket s3-euw1-eu2-datarepository-eu2-eu2-kcl-01 and region eu-west-1
2023-08-22 13:32:45,566 [1] INFO  - Using role to access S3
2023-08-22 13:32:46,052 [1] INFO  - ===============================
2023-08-22 13:32:46,052 [1] INFO  - build info: 
commit 1860d865ce7409a4b25d5549a62e2b7be0a93d33
Author: alexander-serebriyan <alexander.serebriyan@teamdev.com>
Date:   Fri Feb 10 15:42:48 2023 +0100

    Add UAT env for ECR pushing.

Build done on: Fri Feb 10 14:46:39 UTC 2023
Version: 20230210.1

2023-08-22 13:32:46,053 [1] INFO  - ===============================
2023-08-22 13:32:46,053 [1] INFO  - Starting the job. Results will be uploaded to: 892d9dcc-e56d-475c-8dee-2c395064223d/2302H0033/c9d29823-a69c-4328-a6b9-53e2b78fa3e3/Run_76ed1d6b-57d6-4076-9a09-09a6f1ded693_20230817_2302h0033_ControlCenter/20230817_175305/20230817_175305_S1/AnalysisResults/oxdwyv2woj/FOV051
2023-08-22 13:32:46,053 [1] INFO  - Checking FOV status. Ref: oxdwyv2woj-dtg2e, ID: 892d9dcc-e56d-475c-8dee-2c395064223d/2302H0033/c9d29823-a69c-4328-a6b9-53e2b78fa3e3/Run_76ed1d6b-57d6-4076-9a09-09a6f1ded693_20230817_2302h0033_ControlCenter/20230817_175305/20230817_175305_S1/SpotFiles/FOV051/
2023-08-22 13:32:46,265 [1] INFO  - Executing with retries set to: 10
2023-08-22 13:32:46,266 [1] INFO  - Setting fov oxdwyv2woj-dtg2e into status InProgress
2023-08-22 13:32:46,268 [1] INFO  - Saving a fov processing run: oxdwyv2woj-dtg2e
2023-08-22 13:32:46,268 [1] INFO  - Updating an existing fov run.
2023-08-22 13:32:46,314 [1] INFO  - Downloading FOV using next path: 892d9dcc-e56d-475c-8dee-2c395064223d/2302H0033/c9d29823-a69c-4328-a6b9-53e2b78fa3e3/Run_76ed1d6b-57d6-4076-9a09-09a6f1ded693_20230817_2302h0033_ControlCenter/20230817_175305/20230817_175305_S1/SpotFiles/FOV051/
2023-08-22 13:32:46,314 [1] INFO  - Start downloading 892d9dcc-e56d-475c-8dee-2c395064223d/2302H0033/c9d29823-a69c-4328-a6b9-53e2b78fa3e3/Run_76ed1d6b-57d6-4076-9a09-09a6f1ded693_20230817_2302h0033_ControlCenter/20230817_175305/20230817_175305_S1/SpotFiles/FOV051/
2023-08-22 13:32:46,315 [1] INFO  - Executing with retries set to: 10
2023-08-22 13:36:46,083 [1] INFO  - Download 892d9dcc-e56d-475c-8dee-2c395064223d/2302H0033/c9d29823-a69c-4328-a6b9-53e2b78fa3e3/Run_76ed1d6b-57d6-4076-9a09-09a6f1ded693_20230817_2302h0033_ControlCenter/20230817_175305/20230817_175305_S1/SpotFiles/FOV051/ complete
2023-08-22 13:36:46,083 [1] INFO  - Custom plex file specified. The default one will be overriden.
2023-08-22 13:36:46,083 [1] INFO  - Downloading plex file using next path: 892d9dcc-e56d-475c-8dee-2c395064223d/2302H0033/c9d29823-a69c-4328-a6b9-53e2b78fa3e3/Run_76ed1d6b-57d6-4076-9a09-09a6f1ded693_20230817_2302h0033_ControlCenter/20230817_175305/20230817_175305_S1/plex-oxdwyv2woj.txt
2023-08-22 13:36:46,083 [1] INFO  - Downloading 892d9dcc-e56d-475c-8dee-2c395064223d/2302H0033/c9d29823-a69c-4328-a6b9-53e2b78fa3e3/Run_76ed1d6b-57d6-4076-9a09-09a6f1ded693_20230817_2302h0033_ControlCenter/20230817_175305/20230817_175305_S1/plex-oxdwyv2woj.txt
2023-08-22 13:36:46,200 [1] INFO  - Download 892d9dcc-e56d-475c-8dee-2c395064223d/2302H0033/c9d29823-a69c-4328-a6b9-53e2b78fa3e3/Run_76ed1d6b-57d6-4076-9a09-09a6f1ded693_20230817_2302h0033_ControlCenter/20230817_175305/20230817_175305_S1/plex-oxdwyv2woj.txt finished
2023-08-22 13:36:46,200 [1] INFO  - No user params file specified. Trying to use the one from the storage.
2023-08-22 13:36:46,200 [1] INFO  - Downloading params file using next path: 892d9dcc-e56d-475c-8dee-2c395064223d/2302H0033/c9d29823-a69c-4328-a6b9-53e2b78fa3e3/Run_76ed1d6b-57d6-4076-9a09-09a6f1ded693_20230817_2302h0033_ControlCenter/20230817_175305/20230817_175305_S1/analysis_params_v6.txt
2023-08-22 13:36:46,200 [1] INFO  - Downloading 892d9dcc-e56d-475c-8dee-2c395064223d/2302H0033/c9d29823-a69c-4328-a6b9-53e2b78fa3e3/Run_76ed1d6b-57d6-4076-9a09-09a6f1ded693_20230817_2302h0033_ControlCenter/20230817_175305/20230817_175305_S1/analysis_params_v6.txt
2023-08-22 13:36:46,238 [1] ERROR -    at Amazon.Runtime.Internal.HttpErrorResponseExceptionHandler.HandleExceptionStream(IRequestContext requestContext, IWebResponseData httpErrorResponse, HttpErrorResponseException exception, Stream responseStream)
   at Amazon.Runtime.Internal.HttpErrorResponseExceptionHandler.HandleExceptionAsync(IExecutionContext executionContext, HttpErrorResponseException exception)
   at Amazon.Runtime.Internal.ExceptionHandler`1.HandleAsync(IExecutionContext executionContext, Exception exception)
   at Amazon.Runtime.Internal.ErrorHandler.ProcessExceptionAsync(IExecutionContext executionContext, Exception exception)
   at Amazon.Runtime.Internal.ErrorHandler.InvokeAsync[T](IExecutionContext executionContext)
   at Amazon.Runtime.Internal.CallbackHandler.InvokeAsync[T](IExecutionContext executionContext)
   at Amazon.Runtime.Internal.EndpointDiscoveryHandler.InvokeAsync[T](IExecutionContext executionContext)
   at Amazon.Runtime.Internal.EndpointDiscoveryHandler.InvokeAsync[T](IExecutionContext executionContext)
   at Amazon.Runtime.Internal.CredentialsRetriever.InvokeAsync[T](IExecutionContext executionContext)
   at Amazon.Runtime.Internal.RetryHandler.InvokeAsync[T](IExecutionContext executionContext)
   at Amazon.Runtime.Internal.RetryHandler.InvokeAsync[T](IExecutionContext executionContext)
   at Amazon.Runtime.Internal.CallbackHandler.InvokeAsync[T](IExecutionContext executionContext)
   at Amazon.Runtime.Internal.CallbackHandler.InvokeAsync[T](IExecutionContext executionContext)
   at Amazon.S3.Internal.AmazonS3ExceptionHandler.InvokeAsync[T](IExecutionContext executionContext)
   at Amazon.Runtime.Internal.ErrorCallbackHandler.InvokeAsync[T](IExecutionContext executionContext)
   at Amazon.Runtime.Internal.MetricsHandler.InvokeAsync[T](IExecutionContext executionContext)
   at Amazon.S3.Transfer.Internal.DownloadCommand.ExecuteAsync(CancellationToken cancellationToken)
   at Amazon.S3.Transfer.TransferUtility.Download(String filePath, String bucketName, String key)
   at Core.S3FileStorageService.DownloadFile(String remoteFilePath, String localFilePath) in /src/Core/S3FileStorageService.cs:line 67
   at MTMCWorker.Service.Impl.MtmcWorker.FetchParamsFile(String paramsFileRef, String flowCellPath) in /src/MTMCWorker/Service/Impl/MtmcWorker.cs:line 297
2023-08-22 13:36:46,238 [1] INFO  - Can't download params file next to nBCDir. Using the default one.
Amazon.S3.AmazonS3Exception: The specified key does not exist.
 ---> Amazon.Runtime.Internal.HttpErrorResponseException: Exception of type 'Amazon.Runtime.Internal.HttpErrorResponseException' was thrown.
   at Amazon.Runtime.HttpWebRequestMessage.GetResponseAsync(CancellationToken cancellationToken)
   at Amazon.Runtime.Internal.HttpHandler`1.InvokeAsync[T](IExecutionContext executionContext)
   at Amazon.Runtime.Internal.RedirectHandler.InvokeAsync[T](IExecutionContext executionContext)
   at Amazon.Runtime.Internal.Unmarshaller.InvokeAsync[T](IExecutionContext executionContext)
   at Amazon.S3.Internal.AmazonS3ResponseHandler.InvokeAsync[T](IExecutionContext executionContext)
   at Amazon.Runtime.Internal.ErrorHandler.InvokeAsync[T](IExecutionContext executionContext)
   --- End of inner exception stack trace ---
   at Amazon.Runtime.Internal.HttpErrorResponseExceptionHandler.HandleExceptionStream(IRequestContext requestContext, IWebResponseData httpErrorResponse, HttpErrorResponseException exception, Stream responseStream)
   at Amazon.Runtime.Internal.HttpErrorResponseExceptionHandler.HandleExceptionAsync(IExecutionContext executionContext, HttpErrorResponseException exception)
   at Amazon.Runtime.Internal.ExceptionHandler`1.HandleAsync(IExecutionContext executionContext, Exception exception)
   at Amazon.Runtime.Internal.ErrorHandler.ProcessExceptionAsync(IExecutionContext executionContext, Exception exception)
   at Amazon.Runtime.Internal.ErrorHandler.InvokeAsync[T](IExecutionContext executionContext)
   at Amazon.Runtime.Internal.CallbackHandler.InvokeAsync[T](IExecutionContext executionContext)
   at Amazon.Runtime.Internal.EndpointDiscoveryHandler.InvokeAsync[T](IExecutionContext executionContext)
   at Amazon.Runtime.Internal.EndpointDiscoveryHandler.InvokeAsync[T](IExecutionContext executionContext)
   at Amazon.Runtime.Internal.CredentialsRetriever.InvokeAsync[T](IExecutionContext executionContext)
   at Amazon.Runtime.Internal.RetryHandler.InvokeAsync[T](IExecutionContext executionContext)
   at Amazon.Runtime.Internal.RetryHandler.InvokeAsync[T](IExecutionContext executionContext)
   at Amazon.Runtime.Internal.CallbackHandler.InvokeAsync[T](IExecutionContext executionContext)
   at Amazon.Runtime.Internal.CallbackHandler.InvokeAsync[T](IExecutionContext executionContext)
   at Amazon.S3.Internal.AmazonS3ExceptionHandler.InvokeAsync[T](IExecutionContext executionContext)
   at Amazon.Runtime.Internal.ErrorCallbackHandler.InvokeAsync[T](IExecutionContext executionContext)
   at Amazon.Runtime.Internal.MetricsHandler.InvokeAsync[T](IExecutionContext executionContext)
   at Amazon.S3.Transfer.Internal.DownloadCommand.ExecuteAsync(CancellationToken cancellationToken)
   at Amazon.S3.Transfer.TransferUtility.Download(String filePath, String bucketName, String key)
   at Core.S3FileStorageService.DownloadFile(String remoteFilePath, String localFilePath) in /src/Core/S3FileStorageService.cs:line 67
   at MTMCWorker.Service.Impl.MtmcWorker.FetchParamsFile(String paramsFileRef, String flowCellPath) in /src/MTMCWorker/Service/Impl/MtmcWorker.cs:line 297
2023-08-22 13:36:46,241 [1] INFO  - Fetching CellStatsDir folder data...
2023-08-22 13:36:46,304 [1] INFO  - Downloading 892d9dcc-e56d-475c-8dee-2c395064223d/2302H0033/c9d29823-a69c-4328-a6b9-53e2b78fa3e3/Run_76ed1d6b-57d6-4076-9a09-09a6f1ded693_20230817_2302h0033_ControlCenter/20230817_175305/20230817_175305_S1/CellStatsDir/CellComposite/CellComposite_F051.jpg
2023-08-22 13:36:46,553 [1] INFO  - Download 892d9dcc-e56d-475c-8dee-2c395064223d/2302H0033/c9d29823-a69c-4328-a6b9-53e2b78fa3e3/Run_76ed1d6b-57d6-4076-9a09-09a6f1ded693_20230817_2302h0033_ControlCenter/20230817_175305/20230817_175305_S1/CellStatsDir/CellComposite/CellComposite_F051.jpg finished
2023-08-22 13:36:46,554 [1] INFO  - Downloading 892d9dcc-e56d-475c-8dee-2c395064223d/2302H0033/c9d29823-a69c-4328-a6b9-53e2b78fa3e3/Run_76ed1d6b-57d6-4076-9a09-09a6f1ded693_20230817_2302h0033_ControlCenter/20230817_175305/20230817_175305_S1/CellStatsDir/CellOverlay/CellOverlay_F051.jpg
2023-08-22 13:36:46,978 [1] INFO  - Download 892d9dcc-e56d-475c-8dee-2c395064223d/2302H0033/c9d29823-a69c-4328-a6b9-53e2b78fa3e3/Run_76ed1d6b-57d6-4076-9a09-09a6f1ded693_20230817_2302h0033_ControlCenter/20230817_175305/20230817_175305_S1/CellStatsDir/CellOverlay/CellOverlay_F051.jpg finished
2023-08-22 13:36:46,978 [1] INFO  - Downloading 892d9dcc-e56d-475c-8dee-2c395064223d/2302H0033/c9d29823-a69c-4328-a6b9-53e2b78fa3e3/Run_76ed1d6b-57d6-4076-9a09-09a6f1ded693_20230817_2302h0033_ControlCenter/20230817_175305/20230817_175305_S1/CellStatsDir/FOV051/CellLabels_F051.tif
2023-08-22 13:36:47,304 [1] INFO  - Download 892d9dcc-e56d-475c-8dee-2c395064223d/2302H0033/c9d29823-a69c-4328-a6b9-53e2b78fa3e3/Run_76ed1d6b-57d6-4076-9a09-09a6f1ded693_20230817_2302h0033_ControlCenter/20230817_175305/20230817_175305_S1/CellStatsDir/FOV051/CellLabels_F051.tif finished
2023-08-22 13:36:47,304 [1] INFO  - Downloading 892d9dcc-e56d-475c-8dee-2c395064223d/2302H0033/c9d29823-a69c-4328-a6b9-53e2b78fa3e3/Run_76ed1d6b-57d6-4076-9a09-09a6f1ded693_20230817_2302h0033_ControlCenter/20230817_175305/20230817_175305_S1/CellStatsDir/FOV051/CompartmentLabels_F051.tif
2023-08-22 13:36:47,515 [1] INFO  - Download 892d9dcc-e56d-475c-8dee-2c395064223d/2302H0033/c9d29823-a69c-4328-a6b9-53e2b78fa3e3/Run_76ed1d6b-57d6-4076-9a09-09a6f1ded693_20230817_2302h0033_ControlCenter/20230817_175305/20230817_175305_S1/CellStatsDir/FOV051/CompartmentLabels_F051.tif finished
2023-08-22 13:36:47,515 [1] INFO  - Downloading 892d9dcc-e56d-475c-8dee-2c395064223d/2302H0033/c9d29823-a69c-4328-a6b9-53e2b78fa3e3/Run_76ed1d6b-57d6-4076-9a09-09a6f1ded693_20230817_2302h0033_ControlCenter/20230817_175305/20230817_175305_S1/CellStatsDir/FOV051/Run_76ed1d6b-57d6-4076-9a09-09a6f1ded693_20230817_175305_S1_Cell_Stats_F051.csv
2023-08-22 13:36:47,705 [1] INFO  - Download 892d9dcc-e56d-475c-8dee-2c395064223d/2302H0033/c9d29823-a69c-4328-a6b9-53e2b78fa3e3/Run_76ed1d6b-57d6-4076-9a09-09a6f1ded693_20230817_2302h0033_ControlCenter/20230817_175305/20230817_175305_S1/CellStatsDir/FOV051/Run_76ed1d6b-57d6-4076-9a09-09a6f1ded693_20230817_175305_S1_Cell_Stats_F051.csv finished
2023-08-22 13:36:47,705 [1] INFO  - Downloading 892d9dcc-e56d-475c-8dee-2c395064223d/2302H0033/c9d29823-a69c-4328-a6b9-53e2b78fa3e3/Run_76ed1d6b-57d6-4076-9a09-09a6f1ded693_20230817_2302h0033_ControlCenter/20230817_175305/20230817_175305_S1/CellStatsDir/Morphology2D/20230817_175305_S1_C902_P99_N99_F051.TIF
2023-08-22 13:36:48,712 [1] INFO  - Download 892d9dcc-e56d-475c-8dee-2c395064223d/2302H0033/c9d29823-a69c-4328-a6b9-53e2b78fa3e3/Run_76ed1d6b-57d6-4076-9a09-09a6f1ded693_20230817_2302h0033_ControlCenter/20230817_175305/20230817_175305_S1/CellStatsDir/Morphology2D/20230817_175305_S1_C902_P99_N99_F051.TIF finished
2023-08-22 13:36:48,712 [1] INFO  - Downloading 892d9dcc-e56d-475c-8dee-2c395064223d/2302H0033/c9d29823-a69c-4328-a6b9-53e2b78fa3e3/Run_76ed1d6b-57d6-4076-9a09-09a6f1ded693_20230817_2302h0033_ControlCenter/20230817_175305/20230817_175305_S1/CellStatsDir/RnD/Run_76ed1d6b-57d6-4076-9a09-09a6f1ded693_20230817_175305_S1_Summary_F051.csv
2023-08-22 13:36:48,891 [1] INFO  - Download 892d9dcc-e56d-475c-8dee-2c395064223d/2302H0033/c9d29823-a69c-4328-a6b9-53e2b78fa3e3/Run_76ed1d6b-57d6-4076-9a09-09a6f1ded693_20230817_2302h0033_ControlCenter/20230817_175305/20230817_175305_S1/CellStatsDir/RnD/Run_76ed1d6b-57d6-4076-9a09-09a6f1ded693_20230817_175305_S1_Summary_F051.csv finished
2023-08-22 13:36:48,891 [1] INFO  - CellStatsDir data download complete.
2023-08-22 13:36:48,892 [1] INFO  - FOV downloaded successfully.
2023-08-22 13:36:48,892 [1] INFO  - Preparing dirs structure for mtmc
2023-08-22 13:36:48,892 [1] INFO  - Preparing mtmc input. FOV dir: FOV051
2023-08-22 13:36:48,895 [1] INFO  - Running mtmc...
2023-08-22 13:36:48,902 [16] INFO  - directory: "/app/input_data/"
2023-08-22 13:36:49,140 [8] INFO  - directory: "/app/out/FOV051/"
2023-08-22 13:40:05,623 [5] INFO  - 2023-08-22 13:36:49,F051,Z,0,iter,0,feat,0,0, Reading and combining input data, 0.026102, sec
2023-08-22 13:40:05,623 [5] INFO  - 2023-08-22 13:36:51,F051,Z,0,iter,0,feat,1310726,1310726, Spot file data loading and filtration , 2.43101, sec
2023-08-22 13:40:05,623 [5] INFO  - 2023-08-22 13:36:52,F051,Z,0,iter,0,feat,1310726,1310726, Seed neighbor determination, 1.31806, sec
2023-08-22 13:40:05,623 [5] INFO  - 2023-08-22 13:36:52,F051,Z,0,iter,0,feat,1310726,1310726, Quality Score Generation, 1.71854, sec
2023-08-22 13:40:05,623 [5] INFO  - 2023-08-22 13:36:55,F051,Z,0,iter,0,feat,1310726,1310726, Spots per feature calculation and feature filtration, 2.45504, sec
2023-08-22 13:40:05,623 [5] INFO  - 2023-08-22 13:36:55,F051,Z,0,iter,0,feat,1310726,1310726, Making Complete Code Target Calls, 0.336603, sec
2023-08-22 13:40:05,623 [5] INFO  - 2023-08-22 13:36:55,F051,Z,0,iter,0,feat,1310726,1310726, Target Call Location Estimation and iteration end update, 0.1344, sec
2023-08-22 13:40:05,623 [5] INFO  - 2023-08-22 13:36:55,F051,Z,0,iter,0,feat,1310726,1310726, Iteration summary generation, 0.000724, sec
2023-08-22 13:40:05,623 [5] INFO  - 2023-08-22 13:36:55,F051,Z,0,iter,0,feat,1310726,1310726, Iteration duration, 5.39861, sec
2023-08-22 13:40:05,624 [5] INFO  - 2023-08-22 13:36:56,F051,Z,0,iter,1,feat,1310726,1310726, Seed neighbor determination, 1.56037, sec
2023-08-22 13:40:05,624 [5] INFO  - 2023-08-22 13:36:57,F051,Z,0,iter,1,feat,1310726,1310726, Quality Score Generation, 2.61435, sec
2023-08-22 13:40:05,624 [5] INFO  - 2023-08-22 13:36:59,F051,Z,0,iter,1,feat,1310726,1310726, Spots per feature calculation and feature filtration, 2.7154, sec
2023-08-22 13:40:05,624 [5] INFO  - 2023-08-22 13:37:00,F051,Z,0,iter,1,feat,1310726,1310726, Making Complete Code Target Calls, 0.524171, sec
2023-08-22 13:40:05,624 [5] INFO  - 2023-08-22 13:37:00,F051,Z,0,iter,1,feat,1310726,1310726, Target Call Location Estimation and iteration end update, 0.083112, sec
2023-08-22 13:40:05,624 [5] INFO  - 2023-08-22 13:37:00,F051,Z,0,iter,1,feat,1310726,1310726, Iteration summary generation, 0.023615, sec
2023-08-22 13:40:05,624 [5] INFO  - 2023-08-22 13:37:00,F051,Z,0,iter,1,feat,1310726,1310726, Iteration duration, 6.81528, sec
2023-08-22 13:40:05,624 [5] INFO  - 2023-08-22 13:37:00,F051,Z,0,iter,1,feat,1310726,1310726, Z slice processing duration, 14.6494, sec
2023-08-22 13:40:05,624 [5] INFO  - 2023-08-22 13:37:21,F051,Z,1,iter,0,feat,5887289,7198015, Spot file data loading and filtration , 20.1467, sec
2023-08-22 13:40:05,624 [5] INFO  - 2023-08-22 13:37:26,F051,Z,1,iter,0,feat,5887289,7198015, Seed neighbor determination, 7.09875, sec
2023-08-22 13:40:05,625 [5] INFO  - 2023-08-22 13:37:33,F051,Z,1,iter,0,feat,5887289,7198015, Quality Score Generation, 14.596, sec
2023-08-22 13:40:05,625 [5] INFO  - 2023-08-22 13:37:46,F051,Z,1,iter,0,feat,5887289,7198015, Spots per feature calculation and feature filtration, 12.6444, sec
2023-08-22 13:40:05,625 [5] INFO  - 2023-08-22 13:38:07,F051,Z,1,iter,0,feat,5887289,7198015, Making Complete Code Target Calls, 20.2736, sec
2023-08-22 13:40:05,625 [5] INFO  - 2023-08-22 13:38:15,F051,Z,1,iter,0,feat,5887289,7198015, Target Call Location Estimation and iteration end update, 6.69373, sec
2023-08-22 13:40:05,625 [5] INFO  - 2023-08-22 13:38:15,F051,Z,1,iter,0,feat,5887289,7198015, Iteration summary generation, 0.042001, sec
2023-08-22 13:40:05,625 [5] INFO  - 2023-08-22 13:38:15,F051,Z,1,iter,0,feat,5887289,7198015, Iteration duration, 58.7434, sec
2023-08-22 13:40:05,625 [5] INFO  - 2023-08-22 13:38:19,F051,Z,1,iter,1,feat,5887289,7198015, Seed neighbor determination, 7.39322, sec
2023-08-22 13:40:05,625 [5] INFO  - 2023-08-22 13:38:28,F051,Z,1,iter,1,feat,5887289,7198015, Quality Score Generation, 26.6002, sec
2023-08-22 13:40:05,625 [5] INFO  - 2023-08-22 13:38:37,F051,Z,1,iter,1,feat,5887289,7198015, Spots per feature calculation and feature filtration, 7.69945, sec
2023-08-22 13:40:05,625 [5] INFO  - 2023-08-22 13:38:51,F051,Z,1,iter,1,feat,5887289,7198015, Making Complete Code Target Calls, 14.333, sec
2023-08-22 13:40:05,625 [5] INFO  - 2023-08-22 13:38:58,F051,Z,1,iter,1,feat,5887289,7198015, Target Call Location Estimation and iteration end update, 6.97801, sec
2023-08-22 13:40:05,625 [5] INFO  - 2023-08-22 13:38:59,F051,Z,1,iter,1,feat,5887289,7198015, Iteration summary generation, 0.401152, sec
2023-08-22 13:40:05,625 [5] INFO  - 2023-08-22 13:38:59,F051,Z,1,iter,1,feat,5887289,7198015, Iteration duration, 60.1371, sec
2023-08-22 13:40:05,625 [5] INFO  - 2023-08-22 13:38:59,F051,Z,1,iter,1,feat,5887289,7198015, Z slice processing duration, 139.855, sec
2023-08-22 13:40:05,625 [5] INFO  - 2023-08-22 13:39:20,F051,Z,2,iter,0,feat,5355188,12553203, Spot file data loading and filtration , 17.2824, sec
2023-08-22 13:40:05,625 [5] INFO  - 2023-08-22 13:39:23,F051,Z,2,iter,0,feat,5355188,12553203, Seed neighbor determination, 5.15845, sec
2023-08-22 13:40:05,625 [5] INFO  - 2023-08-22 13:39:25,F051,Z,2,iter,0,feat,5355188,12553203, Quality Score Generation, 10.4279, sec
2023-08-22 13:40:05,625 [5] INFO  - 2023-08-22 13:39:36,F051,Z,2,iter,0,feat,5355188,12553203, Spots per feature calculation and feature filtration, 10.456, sec
2023-08-22 13:40:05,625 [5] INFO  - 2023-08-22 13:39:57,F051,Z,2,iter,0,feat,5355188,12553203, Making Complete Code Target Calls, 20.6307, sec
2023-08-22 13:43:06,078 [5] INFO  - 2023-08-22 13:40:05,F051,Z,2,iter,0,feat,5355188,12553203, Target Call Location Estimation and iteration end update, 8.05109, sec
2023-08-22 13:43:06,078 [5] INFO  - 2023-08-22 13:40:05,F051,Z,2,iter,0,feat,5355188,12553203, Iteration summary generation, 0.068594, sec
2023-08-22 13:43:06,078 [5] INFO  - 2023-08-22 13:40:05,F051,Z,2,iter,0,feat,5355188,12553203, Iteration duration, 52.9573, sec
2023-08-22 13:43:06,078 [5] INFO  - 2023-08-22 13:40:09,F051,Z,2,iter,1,feat,5355188,12553203, Seed neighbor determination, 6.98496, sec
2023-08-22 13:43:06,078 [5] INFO  - 2023-08-22 13:40:14,F051,Z,2,iter,1,feat,5355188,12553203, Quality Score Generation, 16.9462, sec
2023-08-22 13:43:06,078 [5] INFO  - 2023-08-22 13:40:22,F051,Z,2,iter,1,feat,5355188,12553203, Spots per feature calculation and feature filtration, 7.35921, sec
2023-08-22 13:43:06,078 [5] INFO  - 2023-08-22 13:40:39,F051,Z,2,iter,1,feat,5355188,12553203, Making Complete Code Target Calls, 17.3116, sec
2023-08-22 13:43:06,078 [5] INFO  - 2023-08-22 13:40:43,F051,Z,2,iter,1,feat,5355188,12553203, Target Call Location Estimation and iteration end update, 4.2569, sec
2023-08-22 13:43:06,078 [5] INFO  - 2023-08-22 13:40:44,F051,Z,2,iter,1,feat,5355188,12553203, Iteration summary generation, 0.987762, sec
2023-08-22 13:43:06,078 [36] INFO  - 2023-08-22 13:40:44,F051,Z,2,iter,1,feat,5355188,12553203, Iteration duration, 50.5739, sec
2023-08-22 13:43:06,078 [36] INFO  - 2023-08-22 13:40:44,F051,Z,2,iter,1,feat,5355188,12553203, Z slice processing duration, 124.61, sec
2023-08-22 13:43:06,078 [36] INFO  - 2023-08-22 13:41:00,F051,Z,3,iter,0,feat,4303432,16856635, Spot file data loading and filtration , 12.3783, sec
2023-08-22 13:43:06,078 [36] INFO  - 2023-08-22 13:41:03,F051,Z,3,iter,0,feat,4303432,16856635, Seed neighbor determination, 4.25267, sec
2023-08-22 13:43:06,078 [36] INFO  - 2023-08-22 13:41:05,F051,Z,3,iter,0,feat,4303432,16856635, Quality Score Generation, 9.28749, sec
2023-08-22 13:43:06,078 [36] INFO  - 2023-08-22 13:41:13,F051,Z,3,iter,0,feat,4303432,16856635, Spots per feature calculation and feature filtration, 7.86116, sec
2023-08-22 13:43:06,078 [36] INFO  - 2023-08-22 13:41:29,F051,Z,3,iter,0,feat,4303432,16856635, Making Complete Code Target Calls, 15.9114, sec
2023-08-22 13:43:06,078 [36] INFO  - 2023-08-22 13:41:35,F051,Z,3,iter,0,feat,4303432,16856635, Target Call Location Estimation and iteration end update, 5.65041, sec
2023-08-22 13:43:06,078 [36] INFO  - 2023-08-22 13:41:35,F051,Z,3,iter,0,feat,4303432,16856635, Iteration summary generation, 0.058536, sec
2023-08-22 13:43:06,078 [36] INFO  - 2023-08-22 13:41:35,F051,Z,3,iter,0,feat,4303432,16856635, Iteration duration, 41.1923, sec
2023-08-22 13:43:06,078 [36] INFO  - 2023-08-22 13:41:38,F051,Z,3,iter,1,feat,4303432,16856635, Seed neighbor determination, 6.92065, sec
2023-08-22 13:43:06,078 [36] INFO  - 2023-08-22 13:41:42,F051,Z,3,iter,1,feat,4303432,16856635, Quality Score Generation, 12.9915, sec
2023-08-22 13:43:06,078 [36] INFO  - 2023-08-22 13:41:48,F051,Z,3,iter,1,feat,4303432,16856635, Spots per feature calculation and feature filtration, 5.49626, sec
2023-08-22 13:43:06,078 [36] INFO  - 2023-08-22 13:42:03,F051,Z,3,iter,1,feat,4303432,16856635, Making Complete Code Target Calls, 14.2146, sec
2023-08-22 13:43:06,078 [36] INFO  - 2023-08-22 13:42:07,F051,Z,3,iter,1,feat,4303432,16856635, Target Call Location Estimation and iteration end update, 3.6866, sec
2023-08-22 13:43:06,078 [36] INFO  - 2023-08-22 13:42:08,F051,Z,3,iter,1,feat,4303432,16856635, Iteration summary generation, 0.772036, sec
2023-08-22 13:43:06,078 [36] INFO  - 2023-08-22 13:42:08,F051,Z,3,iter,1,feat,4303432,16856635, Iteration duration, 40.9512, sec
2023-08-22 13:43:06,078 [36] INFO  - 2023-08-22 13:42:08,F051,Z,3,iter,1,feat,4303432,16856635, Z slice processing duration, 98.102, sec
2023-08-22 13:43:06,078 [36] INFO  - 2023-08-22 13:42:21,F051,Z,4,iter,0,feat,3536749,20393384, Spot file data loading and filtration , 9.30547, sec
2023-08-22 13:43:06,078 [36] INFO  - 2023-08-22 13:42:23,F051,Z,4,iter,0,feat,3536749,20393384, Seed neighbor determination, 4.8712, sec
2023-08-22 13:43:06,078 [36] INFO  - 2023-08-22 13:42:28,F051,Z,4,iter,0,feat,3536749,20393384, Quality Score Generation, 17.0253, sec
2023-08-22 13:43:06,078 [36] INFO  - 2023-08-22 13:42:32,F051,Z,4,iter,0,feat,3536749,20393384, Spots per feature calculation and feature filtration, 3.81812, sec
2023-08-22 13:43:06,078 [36] INFO  - 2023-08-22 13:42:42,F051,Z,4,iter,0,feat,3536749,20393384, Making Complete Code Target Calls, 9.03879, sec
2023-08-22 13:43:06,078 [36] INFO  - 2023-08-22 13:42:44,F051,Z,4,iter,0,feat,3536749,20393384, Target Call Location Estimation and iteration end update, 2.74787, sec
2023-08-22 13:43:06,078 [36] INFO  - 2023-08-22 13:42:45,F051,Z,4,iter,0,feat,3536749,20393384, Iteration summary generation, 0.03771, sec
2023-08-22 13:43:06,078 [36] INFO  - 2023-08-22 13:42:45,F051,Z,4,iter,0,feat,3536749,20393384, Iteration duration, 35.4633, sec
2023-08-22 13:43:06,078 [36] INFO  - 2023-08-22 13:42:47,F051,Z,4,iter,1,feat,3536749,20393384, Seed neighbor determination, 4.78069, sec
2023-08-22 13:43:06,078 [36] INFO  - 2023-08-22 13:42:51,F051,Z,4,iter,1,feat,3536749,20393384, Quality Score Generation, 11.315, sec
2023-08-22 13:43:06,078 [36] INFO  - 2023-08-22 13:42:56,F051,Z,4,iter,1,feat,3536749,20393384, Spots per feature calculation and feature filtration, 4.60894, sec
2023-08-22 13:44:42,309 [36] INFO  - 2023-08-22 13:43:06,F051,Z,4,iter,1,feat,3536749,20393384, Making Complete Code Target Calls, 9.41194, sec
2023-08-22 13:44:42,309 [36] INFO  - 2023-08-22 13:43:08,F051,Z,4,iter,1,feat,3536749,20393384, Target Call Location Estimation and iteration end update, 2.87361, sec
2023-08-22 13:44:42,309 [36] INFO  - 2023-08-22 13:43:09,F051,Z,4,iter,1,feat,3536749,20393384, Iteration summary generation, 0.808794, sec
2023-08-22 13:44:42,309 [36] INFO  - 2023-08-22 13:43:09,F051,Z,4,iter,1,feat,3536749,20393384, Iteration duration, 31.5917, sec
2023-08-22 13:44:42,309 [36] INFO  - 2023-08-22 13:43:09,F051,Z,4,iter,1,feat,3536749,20393384, Z slice processing duration, 79.8807, sec
2023-08-22 13:44:42,309 [36] INFO  - 2023-08-22 13:43:20,F051,Z,5,iter,0,feat,2912676,23306060, Spot file data loading and filtration , 8.64658, sec
2023-08-22 13:44:42,309 [36] INFO  - 2023-08-22 13:43:22,F051,Z,5,iter,0,feat,2912676,23306060, Seed neighbor determination, 3.63041, sec
2023-08-22 13:44:42,309 [36] INFO  - 2023-08-22 13:43:24,F051,Z,5,iter,0,feat,2912676,23306060, Quality Score Generation, 7.43884, sec
2023-08-22 13:44:42,309 [36] INFO  - 2023-08-22 13:43:30,F051,Z,5,iter,0,feat,2912676,23306060, Spots per feature calculation and feature filtration, 5.58441, sec
2023-08-22 13:44:42,310 [36] INFO  - 2023-08-22 13:43:37,F051,Z,5,iter,0,feat,2912676,23306060, Making Complete Code Target Calls, 7.26936, sec
2023-08-22 13:44:42,310 [36] INFO  - 2023-08-22 13:43:40,F051,Z,5,iter,0,feat,2912676,23306060, Target Call Location Estimation and iteration end update, 2.79724, sec
2023-08-22 13:44:42,310 [36] INFO  - 2023-08-22 13:43:40,F051,Z,5,iter,0,feat,2912676,23306060, Iteration summary generation, 0.018392, sec
2023-08-22 13:44:42,310 [36] INFO  - 2023-08-22 13:43:40,F051,Z,5,iter,0,feat,2912676,23306060, Iteration duration, 25.1835, sec
2023-08-22 13:44:42,310 [36] INFO  - 2023-08-22 13:43:42,F051,Z,5,iter,1,feat,2912676,23306060, Seed neighbor determination, 2.63927, sec
2023-08-22 13:44:42,310 [36] INFO  - 2023-08-22 13:43:44,F051,Z,5,iter,1,feat,2912676,23306060, Quality Score Generation, 7.64653, sec
2023-08-22 13:44:42,310 [36] INFO  - 2023-08-22 13:43:47,F051,Z,5,iter,1,feat,2912676,23306060, Spots per feature calculation and feature filtration, 3.82093, sec
2023-08-22 13:44:42,310 [36] INFO  - 2023-08-22 13:43:55,F051,Z,5,iter,1,feat,2912676,23306060, Making Complete Code Target Calls, 7.85685, sec
2023-08-22 13:44:42,310 [36] INFO  - 2023-08-22 13:43:56,F051,Z,5,iter,1,feat,2912676,23306060, Target Call Location Estimation and iteration end update, 0.623492, sec
2023-08-22 13:44:42,310 [36] INFO  - 2023-08-22 13:43:56,F051,Z,5,iter,1,feat,2912676,23306060, Iteration summary generation, 0.288112, sec
2023-08-22 13:44:42,310 [5] INFO  - 2023-08-22 13:43:56,F051,Z,5,iter,1,feat,2912676,23306060, Iteration duration, 21.7447, sec
2023-08-22 13:44:42,310 [5] INFO  - 2023-08-22 13:43:56,F051,Z,5,iter,1,feat,2912676,23306060, Z slice processing duration, 57.9835, sec
2023-08-22 13:44:42,310 [5] INFO  - 2023-08-22 13:44:05,F051,Z,6,iter,0,feat,2464787,25770847, Spot file data loading and filtration , 7.17462, sec
2023-08-22 13:44:42,310 [5] INFO  - 2023-08-22 13:44:06,F051,Z,6,iter,0,feat,2464787,25770847, Seed neighbor determination, 2.26643, sec
2023-08-22 13:44:42,310 [5] INFO  - 2023-08-22 13:44:08,F051,Z,6,iter,0,feat,2464787,25770847, Quality Score Generation, 7.22185, sec
2023-08-22 13:44:42,310 [5] INFO  - 2023-08-22 13:44:13,F051,Z,6,iter,0,feat,2464787,25770847, Spots per feature calculation and feature filtration, 4.66847, sec
2023-08-22 13:44:42,310 [5] INFO  - 2023-08-22 13:44:20,F051,Z,6,iter,0,feat,2464787,25770847, Making Complete Code Target Calls, 6.8652, sec
2023-08-22 13:44:42,310 [5] INFO  - 2023-08-22 13:44:21,F051,Z,6,iter,0,feat,2464787,25770847, Target Call Location Estimation and iteration end update, 1.16936, sec
2023-08-22 13:44:42,310 [5] INFO  - 2023-08-22 13:44:21,F051,Z,6,iter,0,feat,2464787,25770847, Iteration summary generation, 0.019159, sec
2023-08-22 13:44:42,310 [5] INFO  - 2023-08-22 13:44:21,F051,Z,6,iter,0,feat,2464787,25770847, Iteration duration, 21.3537, sec
2023-08-22 13:44:42,310 [5] INFO  - 2023-08-22 13:44:22,F051,Z,6,iter,1,feat,2464787,25770847, Seed neighbor determination, 2.66148, sec
2023-08-22 13:44:42,310 [5] INFO  - 2023-08-22 13:44:24,F051,Z,6,iter,1,feat,2464787,25770847, Quality Score Generation, 6.56524, sec
2023-08-22 13:44:42,310 [5] INFO  - 2023-08-22 13:44:27,F051,Z,6,iter,1,feat,2464787,25770847, Spots per feature calculation and feature filtration, 3.45027, sec
2023-08-22 13:44:42,310 [5] INFO  - 2023-08-22 13:44:33,F051,Z,6,iter,1,feat,2464787,25770847, Making Complete Code Target Calls, 5.13935, sec
2023-08-22 13:44:42,310 [5] INFO  - 2023-08-22 13:44:34,F051,Z,6,iter,1,feat,2464787,25770847, Target Call Location Estimation and iteration end update, 0.905859, sec
2023-08-22 13:44:42,310 [5] INFO  - 2023-08-22 13:44:34,F051,Z,6,iter,1,feat,2464787,25770847, Iteration summary generation, 0.22767, sec
2023-08-22 13:44:42,310 [5] INFO  - 2023-08-22 13:44:34,F051,Z,6,iter,1,feat,2464787,25770847, Iteration duration, 17.8179, sec
2023-08-22 13:44:42,310 [5] INFO  - 2023-08-22 13:44:34,F051,Z,6,iter,1,feat,2464787,25770847, Z slice processing duration, 47.6831, sec
2023-08-22 13:44:42,310 [5] INFO  - 2023-08-22 13:44:40,F051,Z,7,iter,0,feat,2110535,27881382, Spot file data loading and filtration , 5.13481, sec
2023-08-22 13:45:16,128 [5] INFO  - 2023-08-22 13:44:42,F051,Z,7,iter,0,feat,2110535,27881382, Seed neighbor determination, 2.6675, sec
2023-08-22 13:45:16,128 [5] INFO  - 2023-08-22 13:44:44,F051,Z,7,iter,0,feat,2110535,27881382, Quality Score Generation, 7.77147, sec
2023-08-22 13:45:16,128 [5] INFO  - 2023-08-22 13:44:48,F051,Z,7,iter,0,feat,2110535,27881382, Spots per feature calculation and feature filtration, 3.50142, sec
2023-08-22 13:45:16,128 [5] INFO  - 2023-08-22 13:44:52,F051,Z,7,iter,0,feat,2110535,27881382, Making Complete Code Target Calls, 4.01626, sec
2023-08-22 13:45:16,128 [5] INFO  - 2023-08-22 13:44:52,F051,Z,7,iter,0,feat,2110535,27881382, Target Call Location Estimation and iteration end update, 0.775755, sec
2023-08-22 13:45:16,128 [5] INFO  - 2023-08-22 13:44:52,F051,Z,7,iter,0,feat,2110535,27881382, Iteration summary generation, 0.013226, sec
2023-08-22 13:45:16,129 [5] INFO  - 2023-08-22 13:44:52,F051,Z,7,iter,0,feat,2110535,27881382, Iteration duration, 17.6489, sec
2023-08-22 13:45:16,129 [5] INFO  - 2023-08-22 13:44:53,F051,Z,7,iter,1,feat,2110535,27881382, Seed neighbor determination, 1.96429, sec
2023-08-22 13:45:16,129 [5] INFO  - 2023-08-22 13:44:55,F051,Z,7,iter,1,feat,2110535,27881382, Quality Score Generation, 6.11017, sec
2023-08-22 13:45:16,130 [5] INFO  - 2023-08-22 13:44:58,F051,Z,7,iter,1,feat,2110535,27881382, Spots per feature calculation and feature filtration, 2.9844, sec
2023-08-22 13:45:16,130 [5] INFO  - 2023-08-22 13:45:03,F051,Z,7,iter,1,feat,2110535,27881382, Making Complete Code Target Calls, 4.87925, sec
2023-08-22 13:45:16,130 [5] INFO  - 2023-08-22 13:45:03,F051,Z,7,iter,1,feat,2110535,27881382, Target Call Location Estimation and iteration end update, 0.338457, sec
2023-08-22 13:45:16,130 [5] INFO  - 2023-08-22 13:45:04,F051,Z,7,iter,1,feat,2110535,27881382, Iteration summary generation, 0.281999, sec
2023-08-22 13:45:16,130 [5] INFO  - 2023-08-22 13:45:04,F051,Z,7,iter,1,feat,2110535,27881382, Iteration duration, 15.6441, sec
2023-08-22 13:45:16,130 [5] INFO  - 2023-08-22 13:45:04,F051,Z,7,iter,1,feat,2110535,27881382, Z slice processing duration, 39.7725, sec
2023-08-22 13:45:16,130 [5] INFO  - 2023-08-22 13:45:06,F051,Z,8,iter,0,feat,757676,28639058, Spot file data loading and filtration , 1.15932, sec
2023-08-22 13:45:16,130 [5] INFO  - 2023-08-22 13:45:06,F051,Z,8,iter,0,feat,757676,28639058, Seed neighbor determination, 0.864448, sec
2023-08-22 13:45:16,130 [5] INFO  - 2023-08-22 13:45:07,F051,Z,8,iter,0,feat,757676,28639058, Quality Score Generation, 2.05501, sec
2023-08-22 13:45:16,130 [5] INFO  - 2023-08-22 13:45:08,F051,Z,8,iter,0,feat,757676,28639058, Spots per feature calculation and feature filtration, 1.55004, sec
2023-08-22 13:45:16,130 [5] INFO  - 2023-08-22 13:45:09,F051,Z,8,iter,0,feat,757676,28639058, Making Complete Code Target Calls, 0.969512, sec
2023-08-22 13:45:16,130 [5] INFO  - 2023-08-22 13:45:10,F051,Z,8,iter,0,feat,757676,28639058, Target Call Location Estimation and iteration end update, 0.336743, sec
2023-08-22 13:45:16,130 [5] INFO  - 2023-08-22 13:45:10,F051,Z,8,iter,0,feat,757676,28639058, Iteration summary generation, 0.007926, sec
2023-08-22 13:45:16,130 [5] INFO  - 2023-08-22 13:45:10,F051,Z,8,iter,0,feat,757676,28639058, Iteration duration, 5.42521, sec
2023-08-22 13:45:16,130 [5] INFO  - 2023-08-22 13:45:10,F051,Z,8,iter,1,feat,757676,28639058, Seed neighbor determination, 0.922076, sec
2023-08-22 13:45:16,130 [5] INFO  - 2023-08-22 13:45:11,F051,Z,8,iter,1,feat,757676,28639058, Quality Score Generation, 2.27148, sec
2023-08-22 13:45:16,130 [5] INFO  - 2023-08-22 13:45:13,F051,Z,8,iter,1,feat,757676,28639058, Spots per feature calculation and feature filtration, 1.27072, sec
2023-08-22 13:45:16,130 [5] INFO  - 2023-08-22 13:45:13,F051,Z,8,iter,1,feat,757676,28639058, Making Complete Code Target Calls, 0.830163, sec
2023-08-22 13:45:16,130 [5] INFO  - 2023-08-22 13:45:13,F051,Z,8,iter,1,feat,757676,28639058, Target Call Location Estimation and iteration end update, 0.083807, sec
2023-08-22 13:45:16,130 [5] INFO  - 2023-08-22 13:45:14,F051,Z,8,iter,1,feat,757676,28639058, Iteration summary generation, 0.120696, sec
2023-08-22 13:45:16,130 [5] INFO  - 2023-08-22 13:45:14,F051,Z,8,iter,1,feat,757676,28639058, Iteration duration, 5.13177, sec
2023-08-22 13:45:16,130 [5] INFO  - 2023-08-22 13:45:14,F051,Z,8,iter,1,feat,757676,28639058, Z slice processing duration, 12.7095, sec
2023-08-22 13:45:16,130 [5] INFO  - 2023-08-22 13:45:16,F051,Z,8,iter,1,feat,757676,28639058, FOV processing duration (final) , 617.286, sec
2023-08-22 13:45:16,147 [5] INFO  - Exited
2023-08-22 13:45:16,147 [5] INFO  - System.EventArgs
2023-08-22 13:45:16,148 [5] INFO  - { }
2023-08-22 13:45:16,149 [1] INFO  - mtmc run complete
2023-08-22 13:45:16,149 [1] INFO  - Zipping and uploading results...
2023-08-22 13:45:16,149 [1] INFO  - Uploading mtm results to storage.
2023-08-22 13:45:16,150 [1] INFO  - Start uploading /app/out/FOV051 to 892d9dcc-e56d-475c-8dee-2c395064223d/2302H0033/c9d29823-a69c-4328-a6b9-53e2b78fa3e3/Run_76ed1d6b-57d6-4076-9a09-09a6f1ded693_20230817_2302h0033_ControlCenter/20230817_175305/20230817_175305_S1/AnalysisResults/oxdwyv2woj/FOV051
2023-08-22 13:45:16,150 [1] INFO  - Executing with retries set to: 10
2023-08-22 13:45:17,781 [1] INFO  - Upload /app/out/FOV051 finished
2023-08-22 13:45:17,781 [1] INFO  - Results uploaded.
2023-08-22 13:45:17,781 [1] INFO  - All done
2023-08-22 13:45:17,781 [1] INFO  - Executing with retries set to: 10
2023-08-22 13:45:17,782 [1] INFO  - Setting fov oxdwyv2woj-dtg2e into status Completed
2023-08-22 13:45:17,791 [1] INFO  - Saving a fov processing run: oxdwyv2woj-dtg2e
2023-08-22 13:45:17,791 [1] INFO  - Updating an existing fov run.
2023-08-22 13:45:17,792 [1] INFO  - Uploading logs
2023-08-22 13:45:17,793 [1] INFO  - Start uploading 892d9dcc-e56d-475c-8dee-2c395064223d/2302H0033/c9d29823-a69c-4328-a6b9-53e2b78fa3e3/Run_76ed1d6b-57d6-4076-9a09-09a6f1ded693_20230817_2302h0033_ControlCenter/20230817_175305/20230817_175305_S1/AnalysisResults/oxdwyv2woj/FOV051/mtm-run.log
