2023-08-22 13:32:45,356 [1] INFO  - Using bucket s3-euw1-eu2-datarepository-eu2-eu2-kcl-01 and region eu-west-1
2023-08-22 13:32:45,418 [1] INFO  - Using role to access S3
2023-08-22 13:32:45,769 [1] INFO  - ===============================
2023-08-22 13:32:45,769 [1] INFO  - build info: 
commit 1860d865ce7409a4b25d5549a62e2b7be0a93d33
Author: alexander-serebriyan <alexander.serebriyan@teamdev.com>
Date:   Fri Feb 10 15:42:48 2023 +0100

    Add UAT env for ECR pushing.

Build done on: Fri Feb 10 14:46:39 UTC 2023
Version: 20230210.1

2023-08-22 13:32:45,769 [1] INFO  - ===============================
2023-08-22 13:32:45,769 [1] INFO  - Starting the job. Results will be uploaded to: 892d9dcc-e56d-475c-8dee-2c395064223d/2302H0033/c9d29823-a69c-4328-a6b9-53e2b78fa3e3/Run_76ed1d6b-57d6-4076-9a09-09a6f1ded693_20230817_2302h0033_ControlCenter/20230817_175305/20230817_175305_S1/AnalysisResults/oxdwyv2woj/FOV048
2023-08-22 13:32:45,769 [1] INFO  - Checking FOV status. Ref: oxdwyv2woj-6o19h, ID: 892d9dcc-e56d-475c-8dee-2c395064223d/2302H0033/c9d29823-a69c-4328-a6b9-53e2b78fa3e3/Run_76ed1d6b-57d6-4076-9a09-09a6f1ded693_20230817_2302h0033_ControlCenter/20230817_175305/20230817_175305_S1/SpotFiles/FOV048/
2023-08-22 13:32:46,058 [1] INFO  - Executing with retries set to: 10
2023-08-22 13:32:46,059 [1] INFO  - Setting fov oxdwyv2woj-6o19h into status InProgress
2023-08-22 13:32:46,065 [1] INFO  - Saving a fov processing run: oxdwyv2woj-6o19h
2023-08-22 13:32:46,065 [1] INFO  - Updating an existing fov run.
2023-08-22 13:32:46,128 [1] INFO  - Downloading FOV using next path: 892d9dcc-e56d-475c-8dee-2c395064223d/2302H0033/c9d29823-a69c-4328-a6b9-53e2b78fa3e3/Run_76ed1d6b-57d6-4076-9a09-09a6f1ded693_20230817_2302h0033_ControlCenter/20230817_175305/20230817_175305_S1/SpotFiles/FOV048/
2023-08-22 13:32:46,128 [1] INFO  - Start downloading 892d9dcc-e56d-475c-8dee-2c395064223d/2302H0033/c9d29823-a69c-4328-a6b9-53e2b78fa3e3/Run_76ed1d6b-57d6-4076-9a09-09a6f1ded693_20230817_2302h0033_ControlCenter/20230817_175305/20230817_175305_S1/SpotFiles/FOV048/
2023-08-22 13:32:46,129 [1] INFO  - Executing with retries set to: 10
2023-08-22 13:36:41,152 [1] INFO  - Download 892d9dcc-e56d-475c-8dee-2c395064223d/2302H0033/c9d29823-a69c-4328-a6b9-53e2b78fa3e3/Run_76ed1d6b-57d6-4076-9a09-09a6f1ded693_20230817_2302h0033_ControlCenter/20230817_175305/20230817_175305_S1/SpotFiles/FOV048/ complete
2023-08-22 13:36:41,152 [1] INFO  - Custom plex file specified. The default one will be overriden.
2023-08-22 13:36:41,152 [1] INFO  - Downloading plex file using next path: 892d9dcc-e56d-475c-8dee-2c395064223d/2302H0033/c9d29823-a69c-4328-a6b9-53e2b78fa3e3/Run_76ed1d6b-57d6-4076-9a09-09a6f1ded693_20230817_2302h0033_ControlCenter/20230817_175305/20230817_175305_S1/plex-oxdwyv2woj.txt
2023-08-22 13:36:41,152 [1] INFO  - Downloading 892d9dcc-e56d-475c-8dee-2c395064223d/2302H0033/c9d29823-a69c-4328-a6b9-53e2b78fa3e3/Run_76ed1d6b-57d6-4076-9a09-09a6f1ded693_20230817_2302h0033_ControlCenter/20230817_175305/20230817_175305_S1/plex-oxdwyv2woj.txt
2023-08-22 13:36:41,269 [1] INFO  - Download 892d9dcc-e56d-475c-8dee-2c395064223d/2302H0033/c9d29823-a69c-4328-a6b9-53e2b78fa3e3/Run_76ed1d6b-57d6-4076-9a09-09a6f1ded693_20230817_2302h0033_ControlCenter/20230817_175305/20230817_175305_S1/plex-oxdwyv2woj.txt finished
2023-08-22 13:36:41,269 [1] INFO  - No user params file specified. Trying to use the one from the storage.
2023-08-22 13:36:41,269 [1] INFO  - Downloading params file using next path: 892d9dcc-e56d-475c-8dee-2c395064223d/2302H0033/c9d29823-a69c-4328-a6b9-53e2b78fa3e3/Run_76ed1d6b-57d6-4076-9a09-09a6f1ded693_20230817_2302h0033_ControlCenter/20230817_175305/20230817_175305_S1/analysis_params_v6.txt
2023-08-22 13:36:41,269 [1] INFO  - Downloading 892d9dcc-e56d-475c-8dee-2c395064223d/2302H0033/c9d29823-a69c-4328-a6b9-53e2b78fa3e3/Run_76ed1d6b-57d6-4076-9a09-09a6f1ded693_20230817_2302h0033_ControlCenter/20230817_175305/20230817_175305_S1/analysis_params_v6.txt
2023-08-22 13:36:41,303 [1] ERROR -    at Amazon.Runtime.Internal.HttpErrorResponseExceptionHandler.HandleExceptionStream(IRequestContext requestContext, IWebResponseData httpErrorResponse, HttpErrorResponseException exception, Stream responseStream)
   at Amazon.Runtime.Internal.HttpErrorResponseExceptionHandler.HandleExceptionAsync(IExecutionContext executionContext, HttpErrorResponseException exception)
   at Amazon.Runtime.Internal.ExceptionHandler`1.HandleAsync(IExecutionContext executionContext, Exception exception)
   at Amazon.Runtime.Internal.ErrorHandler.ProcessExceptionAsync(IExecutionContext executionContext, Exception exception)
   at Amazon.Runtime.Internal.ErrorHandler.InvokeAsync[T](IExecutionContext executionContext)
   at Amazon.Runtime.Internal.CallbackHandler.InvokeAsync[T](IExecutionContext executionContext)
   at Amazon.Runtime.Internal.EndpointDiscoveryHandler.InvokeAsync[T](IExecutionContext executionContext)
   at Amazon.Runtime.Internal.EndpointDiscoveryHandler.InvokeAsync[T](IExecutionContext executionContext)
   at Amazon.Runtime.Internal.CredentialsRetriever.InvokeAsync[T](IExecutionContext executionContext)
   at Amazon.Runtime.Internal.RetryHandler.InvokeAsync[T](IExecutionContext executionContext)
   at Amazon.Runtime.Internal.RetryHandler.InvokeAsync[T](IExecutionContext executionContext)
   at Amazon.Runtime.Internal.CallbackHandler.InvokeAsync[T](IExecutionContext executionContext)
   at Amazon.Runtime.Internal.CallbackHandler.InvokeAsync[T](IExecutionContext executionContext)
   at Amazon.S3.Internal.AmazonS3ExceptionHandler.InvokeAsync[T](IExecutionContext executionContext)
   at Amazon.Runtime.Internal.ErrorCallbackHandler.InvokeAsync[T](IExecutionContext executionContext)
   at Amazon.Runtime.Internal.MetricsHandler.InvokeAsync[T](IExecutionContext executionContext)
   at Amazon.S3.Transfer.Internal.DownloadCommand.ExecuteAsync(CancellationToken cancellationToken)
   at Amazon.S3.Transfer.TransferUtility.Download(String filePath, String bucketName, String key)
   at Core.S3FileStorageService.DownloadFile(String remoteFilePath, String localFilePath) in /src/Core/S3FileStorageService.cs:line 67
   at MTMCWorker.Service.Impl.MtmcWorker.FetchParamsFile(String paramsFileRef, String flowCellPath) in /src/MTMCWorker/Service/Impl/MtmcWorker.cs:line 297
2023-08-22 13:36:41,303 [1] INFO  - Can't download params file next to nBCDir. Using the default one.
Amazon.S3.AmazonS3Exception: The specified key does not exist.
 ---> Amazon.Runtime.Internal.HttpErrorResponseException: Exception of type 'Amazon.Runtime.Internal.HttpErrorResponseException' was thrown.
   at Amazon.Runtime.HttpWebRequestMessage.GetResponseAsync(CancellationToken cancellationToken)
   at Amazon.Runtime.Internal.HttpHandler`1.InvokeAsync[T](IExecutionContext executionContext)
   at Amazon.Runtime.Internal.RedirectHandler.InvokeAsync[T](IExecutionContext executionContext)
   at Amazon.Runtime.Internal.Unmarshaller.InvokeAsync[T](IExecutionContext executionContext)
   at Amazon.S3.Internal.AmazonS3ResponseHandler.InvokeAsync[T](IExecutionContext executionContext)
   at Amazon.Runtime.Internal.ErrorHandler.InvokeAsync[T](IExecutionContext executionContext)
   --- End of inner exception stack trace ---
   at Amazon.Runtime.Internal.HttpErrorResponseExceptionHandler.HandleExceptionStream(IRequestContext requestContext, IWebResponseData httpErrorResponse, HttpErrorResponseException exception, Stream responseStream)
   at Amazon.Runtime.Internal.HttpErrorResponseExceptionHandler.HandleExceptionAsync(IExecutionContext executionContext, HttpErrorResponseException exception)
   at Amazon.Runtime.Internal.ExceptionHandler`1.HandleAsync(IExecutionContext executionContext, Exception exception)
   at Amazon.Runtime.Internal.ErrorHandler.ProcessExceptionAsync(IExecutionContext executionContext, Exception exception)
   at Amazon.Runtime.Internal.ErrorHandler.InvokeAsync[T](IExecutionContext executionContext)
   at Amazon.Runtime.Internal.CallbackHandler.InvokeAsync[T](IExecutionContext executionContext)
   at Amazon.Runtime.Internal.EndpointDiscoveryHandler.InvokeAsync[T](IExecutionContext executionContext)
   at Amazon.Runtime.Internal.EndpointDiscoveryHandler.InvokeAsync[T](IExecutionContext executionContext)
   at Amazon.Runtime.Internal.CredentialsRetriever.InvokeAsync[T](IExecutionContext executionContext)
   at Amazon.Runtime.Internal.RetryHandler.InvokeAsync[T](IExecutionContext executionContext)
   at Amazon.Runtime.Internal.RetryHandler.InvokeAsync[T](IExecutionContext executionContext)
   at Amazon.Runtime.Internal.CallbackHandler.InvokeAsync[T](IExecutionContext executionContext)
   at Amazon.Runtime.Internal.CallbackHandler.InvokeAsync[T](IExecutionContext executionContext)
   at Amazon.S3.Internal.AmazonS3ExceptionHandler.InvokeAsync[T](IExecutionContext executionContext)
   at Amazon.Runtime.Internal.ErrorCallbackHandler.InvokeAsync[T](IExecutionContext executionContext)
   at Amazon.Runtime.Internal.MetricsHandler.InvokeAsync[T](IExecutionContext executionContext)
   at Amazon.S3.Transfer.Internal.DownloadCommand.ExecuteAsync(CancellationToken cancellationToken)
   at Amazon.S3.Transfer.TransferUtility.Download(String filePath, String bucketName, String key)
   at Core.S3FileStorageService.DownloadFile(String remoteFilePath, String localFilePath) in /src/Core/S3FileStorageService.cs:line 67
   at MTMCWorker.Service.Impl.MtmcWorker.FetchParamsFile(String paramsFileRef, String flowCellPath) in /src/MTMCWorker/Service/Impl/MtmcWorker.cs:line 297
2023-08-22 13:36:41,305 [1] INFO  - Fetching CellStatsDir folder data...
2023-08-22 13:36:41,391 [1] INFO  - Downloading 892d9dcc-e56d-475c-8dee-2c395064223d/2302H0033/c9d29823-a69c-4328-a6b9-53e2b78fa3e3/Run_76ed1d6b-57d6-4076-9a09-09a6f1ded693_20230817_2302h0033_ControlCenter/20230817_175305/20230817_175305_S1/CellStatsDir/CellComposite/CellComposite_F048.jpg
2023-08-22 13:36:41,618 [1] INFO  - Download 892d9dcc-e56d-475c-8dee-2c395064223d/2302H0033/c9d29823-a69c-4328-a6b9-53e2b78fa3e3/Run_76ed1d6b-57d6-4076-9a09-09a6f1ded693_20230817_2302h0033_ControlCenter/20230817_175305/20230817_175305_S1/CellStatsDir/CellComposite/CellComposite_F048.jpg finished
2023-08-22 13:36:41,618 [1] INFO  - Downloading 892d9dcc-e56d-475c-8dee-2c395064223d/2302H0033/c9d29823-a69c-4328-a6b9-53e2b78fa3e3/Run_76ed1d6b-57d6-4076-9a09-09a6f1ded693_20230817_2302h0033_ControlCenter/20230817_175305/20230817_175305_S1/CellStatsDir/CellOverlay/CellOverlay_F048.jpg
2023-08-22 13:36:42,007 [1] INFO  - Download 892d9dcc-e56d-475c-8dee-2c395064223d/2302H0033/c9d29823-a69c-4328-a6b9-53e2b78fa3e3/Run_76ed1d6b-57d6-4076-9a09-09a6f1ded693_20230817_2302h0033_ControlCenter/20230817_175305/20230817_175305_S1/CellStatsDir/CellOverlay/CellOverlay_F048.jpg finished
2023-08-22 13:36:42,007 [1] INFO  - Downloading 892d9dcc-e56d-475c-8dee-2c395064223d/2302H0033/c9d29823-a69c-4328-a6b9-53e2b78fa3e3/Run_76ed1d6b-57d6-4076-9a09-09a6f1ded693_20230817_2302h0033_ControlCenter/20230817_175305/20230817_175305_S1/CellStatsDir/FOV048/CellLabels_F048.tif
2023-08-22 13:36:42,245 [1] INFO  - Download 892d9dcc-e56d-475c-8dee-2c395064223d/2302H0033/c9d29823-a69c-4328-a6b9-53e2b78fa3e3/Run_76ed1d6b-57d6-4076-9a09-09a6f1ded693_20230817_2302h0033_ControlCenter/20230817_175305/20230817_175305_S1/CellStatsDir/FOV048/CellLabels_F048.tif finished
2023-08-22 13:36:42,245 [1] INFO  - Downloading 892d9dcc-e56d-475c-8dee-2c395064223d/2302H0033/c9d29823-a69c-4328-a6b9-53e2b78fa3e3/Run_76ed1d6b-57d6-4076-9a09-09a6f1ded693_20230817_2302h0033_ControlCenter/20230817_175305/20230817_175305_S1/CellStatsDir/FOV048/CompartmentLabels_F048.tif
2023-08-22 13:36:42,481 [1] INFO  - Download 892d9dcc-e56d-475c-8dee-2c395064223d/2302H0033/c9d29823-a69c-4328-a6b9-53e2b78fa3e3/Run_76ed1d6b-57d6-4076-9a09-09a6f1ded693_20230817_2302h0033_ControlCenter/20230817_175305/20230817_175305_S1/CellStatsDir/FOV048/CompartmentLabels_F048.tif finished
2023-08-22 13:36:42,481 [1] INFO  - Downloading 892d9dcc-e56d-475c-8dee-2c395064223d/2302H0033/c9d29823-a69c-4328-a6b9-53e2b78fa3e3/Run_76ed1d6b-57d6-4076-9a09-09a6f1ded693_20230817_2302h0033_ControlCenter/20230817_175305/20230817_175305_S1/CellStatsDir/FOV048/Run_76ed1d6b-57d6-4076-9a09-09a6f1ded693_20230817_175305_S1_Cell_Stats_F048.csv
2023-08-22 13:36:42,759 [1] INFO  - Download 892d9dcc-e56d-475c-8dee-2c395064223d/2302H0033/c9d29823-a69c-4328-a6b9-53e2b78fa3e3/Run_76ed1d6b-57d6-4076-9a09-09a6f1ded693_20230817_2302h0033_ControlCenter/20230817_175305/20230817_175305_S1/CellStatsDir/FOV048/Run_76ed1d6b-57d6-4076-9a09-09a6f1ded693_20230817_175305_S1_Cell_Stats_F048.csv finished
2023-08-22 13:36:42,759 [1] INFO  - Downloading 892d9dcc-e56d-475c-8dee-2c395064223d/2302H0033/c9d29823-a69c-4328-a6b9-53e2b78fa3e3/Run_76ed1d6b-57d6-4076-9a09-09a6f1ded693_20230817_2302h0033_ControlCenter/20230817_175305/20230817_175305_S1/CellStatsDir/Morphology2D/20230817_175305_S1_C902_P99_N99_F048.TIF
2023-08-22 13:36:44,223 [1] INFO  - Download 892d9dcc-e56d-475c-8dee-2c395064223d/2302H0033/c9d29823-a69c-4328-a6b9-53e2b78fa3e3/Run_76ed1d6b-57d6-4076-9a09-09a6f1ded693_20230817_2302h0033_ControlCenter/20230817_175305/20230817_175305_S1/CellStatsDir/Morphology2D/20230817_175305_S1_C902_P99_N99_F048.TIF finished
2023-08-22 13:36:44,223 [1] INFO  - Downloading 892d9dcc-e56d-475c-8dee-2c395064223d/2302H0033/c9d29823-a69c-4328-a6b9-53e2b78fa3e3/Run_76ed1d6b-57d6-4076-9a09-09a6f1ded693_20230817_2302h0033_ControlCenter/20230817_175305/20230817_175305_S1/CellStatsDir/RnD/Run_76ed1d6b-57d6-4076-9a09-09a6f1ded693_20230817_175305_S1_Summary_F048.csv
2023-08-22 13:36:44,426 [1] INFO  - Download 892d9dcc-e56d-475c-8dee-2c395064223d/2302H0033/c9d29823-a69c-4328-a6b9-53e2b78fa3e3/Run_76ed1d6b-57d6-4076-9a09-09a6f1ded693_20230817_2302h0033_ControlCenter/20230817_175305/20230817_175305_S1/CellStatsDir/RnD/Run_76ed1d6b-57d6-4076-9a09-09a6f1ded693_20230817_175305_S1_Summary_F048.csv finished
2023-08-22 13:36:44,426 [1] INFO  - CellStatsDir data download complete.
2023-08-22 13:36:44,426 [1] INFO  - FOV downloaded successfully.
2023-08-22 13:36:44,426 [1] INFO  - Preparing dirs structure for mtmc
2023-08-22 13:36:44,427 [1] INFO  - Preparing mtmc input. FOV dir: FOV048
2023-08-22 13:36:44,429 [1] INFO  - Running mtmc...
2023-08-22 13:36:44,435 [23] INFO  - directory: "/app/input_data/"
2023-08-22 13:36:44,694 [23] INFO  - directory: "/app/out/FOV048/"
2023-08-22 13:39:44,446 [4] INFO  - 2023-08-22 13:36:44,F048,Z,0,iter,0,feat,0,0, Reading and combining input data, 0.039657, sec
2023-08-22 13:39:44,446 [4] INFO  - 2023-08-22 13:36:47,F048,Z,0,iter,0,feat,1574927,1574927, Spot file data loading and filtration , 2.79442, sec
2023-08-22 13:39:44,446 [4] INFO  - 2023-08-22 13:36:48,F048,Z,0,iter,0,feat,1574927,1574927, Seed neighbor determination, 1.57231, sec
2023-08-22 13:39:44,446 [4] INFO  - 2023-08-22 13:36:48,F048,Z,0,iter,0,feat,1574927,1574927, Quality Score Generation, 1.99344, sec
2023-08-22 13:39:44,447 [4] INFO  - 2023-08-22 13:36:51,F048,Z,0,iter,0,feat,1574927,1574927, Spots per feature calculation and feature filtration, 2.21123, sec
2023-08-22 13:39:44,447 [4] INFO  - 2023-08-22 13:36:51,F048,Z,0,iter,0,feat,1574927,1574927, Making Complete Code Target Calls, 0.559912, sec
2023-08-22 13:39:44,447 [4] INFO  - 2023-08-22 13:36:51,F048,Z,0,iter,0,feat,1574927,1574927, Target Call Location Estimation and iteration end update, 0.167084, sec
2023-08-22 13:39:44,447 [4] INFO  - 2023-08-22 13:36:51,F048,Z,0,iter,0,feat,1574927,1574927, Iteration summary generation, 0.000914, sec
2023-08-22 13:39:44,447 [4] INFO  - 2023-08-22 13:36:51,F048,Z,0,iter,0,feat,1574927,1574927, Iteration duration, 5.83495, sec
2023-08-22 13:39:44,447 [4] INFO  - 2023-08-22 13:36:52,F048,Z,0,iter,1,feat,1574927,1574927, Seed neighbor determination, 1.69652, sec
2023-08-22 13:39:44,447 [4] INFO  - 2023-08-22 13:36:53,F048,Z,0,iter,1,feat,1574927,1574927, Quality Score Generation, 3.31803, sec
2023-08-22 13:39:44,447 [4] INFO  - 2023-08-22 13:36:56,F048,Z,0,iter,1,feat,1574927,1574927, Spots per feature calculation and feature filtration, 2.45127, sec
2023-08-22 13:39:44,447 [4] INFO  - 2023-08-22 13:36:57,F048,Z,0,iter,1,feat,1574927,1574927, Making Complete Code Target Calls, 0.90866, sec
2023-08-22 13:39:44,447 [4] INFO  - 2023-08-22 13:36:57,F048,Z,0,iter,1,feat,1574927,1574927, Target Call Location Estimation and iteration end update, 0.145195, sec
2023-08-22 13:39:44,447 [4] INFO  - 2023-08-22 13:36:57,F048,Z,0,iter,1,feat,1574927,1574927, Iteration summary generation, 0.026472, sec
2023-08-22 13:39:44,447 [4] INFO  - 2023-08-22 13:36:57,F048,Z,0,iter,1,feat,1574927,1574927, Iteration duration, 7.8315, sec
2023-08-22 13:39:44,447 [4] INFO  - 2023-08-22 13:36:57,F048,Z,0,iter,1,feat,1574927,1574927, Z slice processing duration, 16.4637, sec
2023-08-22 13:39:44,447 [4] INFO  - 2023-08-22 13:37:16,F048,Z,1,iter,0,feat,5526035,7100962, Spot file data loading and filtration , 17.8102, sec
2023-08-22 13:39:44,447 [4] INFO  - 2023-08-22 13:37:20,F048,Z,1,iter,0,feat,5526035,7100962, Seed neighbor determination, 7.01721, sec
2023-08-22 13:39:44,447 [4] INFO  - 2023-08-22 13:37:26,F048,Z,1,iter,0,feat,5526035,7100962, Quality Score Generation, 13.4355, sec
2023-08-22 13:39:44,448 [4] INFO  - 2023-08-22 13:37:38,F048,Z,1,iter,0,feat,5526035,7100962, Spots per feature calculation and feature filtration, 11.2584, sec
2023-08-22 13:39:44,448 [4] INFO  - 2023-08-22 13:37:52,F048,Z,1,iter,0,feat,5526035,7100962, Making Complete Code Target Calls, 12.6756, sec
2023-08-22 13:39:44,448 [4] INFO  - 2023-08-22 13:38:00,F048,Z,1,iter,0,feat,5526035,7100962, Target Call Location Estimation and iteration end update, 8.50169, sec
2023-08-22 13:39:44,448 [4] INFO  - 2023-08-22 13:38:00,F048,Z,1,iter,0,feat,5526035,7100962, Iteration summary generation, 0.038969, sec
2023-08-22 13:39:44,448 [4] INFO  - 2023-08-22 13:38:00,F048,Z,1,iter,0,feat,5526035,7100962, Iteration duration, 50.076, sec
2023-08-22 13:39:44,448 [4] INFO  - 2023-08-22 13:38:04,F048,Z,1,iter,1,feat,5526035,7100962, Seed neighbor determination, 6.8827, sec
2023-08-22 13:39:44,448 [4] INFO  - 2023-08-22 13:38:11,F048,Z,1,iter,1,feat,5526035,7100962, Quality Score Generation, 21.4729, sec
2023-08-22 13:39:44,448 [4] INFO  - 2023-08-22 13:38:19,F048,Z,1,iter,1,feat,5526035,7100962, Spots per feature calculation and feature filtration, 8.31783, sec
2023-08-22 13:39:44,448 [4] INFO  - 2023-08-22 13:38:36,F048,Z,1,iter,1,feat,5526035,7100962, Making Complete Code Target Calls, 16.4698, sec
2023-08-22 13:39:44,448 [4] INFO  - 2023-08-22 13:38:40,F048,Z,1,iter,1,feat,5526035,7100962, Target Call Location Estimation and iteration end update, 3.93553, sec
2023-08-22 13:39:44,448 [4] INFO  - 2023-08-22 13:38:40,F048,Z,1,iter,1,feat,5526035,7100962, Iteration summary generation, 0.537078, sec
2023-08-22 13:39:44,448 [4] INFO  - 2023-08-22 13:38:40,F048,Z,1,iter,1,feat,5526035,7100962, Iteration duration, 54.5628, sec
2023-08-22 13:39:44,448 [4] INFO  - 2023-08-22 13:38:40,F048,Z,1,iter,1,feat,5526035,7100962, Z slice processing duration, 123.348, sec
2023-08-22 13:39:44,448 [4] INFO  - 2023-08-22 13:39:08,F048,Z,2,iter,0,feat,5008826,12109788, Spot file data loading and filtration , 23.9464, sec
2023-08-22 13:39:44,448 [4] INFO  - 2023-08-22 13:39:11,F048,Z,2,iter,0,feat,5008826,12109788, Seed neighbor determination, 6.43095, sec
2023-08-22 13:39:44,448 [4] INFO  - 2023-08-22 13:39:15,F048,Z,2,iter,0,feat,5008826,12109788, Quality Score Generation, 12.8363, sec
2023-08-22 13:39:44,448 [4] INFO  - 2023-08-22 13:39:23,F048,Z,2,iter,0,feat,5008826,12109788, Spots per feature calculation and feature filtration, 7.37214, sec
2023-08-22 13:39:44,448 [4] INFO  - 2023-08-22 13:39:37,F048,Z,2,iter,0,feat,5008826,12109788, Making Complete Code Target Calls, 12.217, sec
2023-08-22 13:42:53,016 [4] INFO  - 2023-08-22 13:39:44,F048,Z,2,iter,0,feat,5008826,12109788, Target Call Location Estimation and iteration end update, 6.70904, sec
2023-08-22 13:42:53,024 [4] INFO  - 2023-08-22 13:39:44,F048,Z,2,iter,0,feat,5008826,12109788, Iteration summary generation, 0.047874, sec
2023-08-22 13:42:53,024 [4] INFO  - 2023-08-22 13:39:44,F048,Z,2,iter,0,feat,5008826,12109788, Iteration duration, 42.6932, sec
2023-08-22 13:42:53,024 [4] INFO  - 2023-08-22 13:39:48,F048,Z,2,iter,1,feat,5008826,12109788, Seed neighbor determination, 7.05561, sec
2023-08-22 13:42:53,024 [4] INFO  - 2023-08-22 13:39:57,F048,Z,2,iter,1,feat,5008826,12109788, Quality Score Generation, 34.9817, sec
2023-08-22 13:42:53,024 [4] INFO  - 2023-08-22 13:40:04,F048,Z,2,iter,1,feat,5008826,12109788, Spots per feature calculation and feature filtration, 6.90751, sec
2023-08-22 13:42:53,024 [4] INFO  - 2023-08-22 13:40:19,F048,Z,2,iter,1,feat,5008826,12109788, Making Complete Code Target Calls, 12.8434, sec
2023-08-22 13:42:53,024 [4] INFO  - 2023-08-22 13:40:26,F048,Z,2,iter,1,feat,5008826,12109788, Target Call Location Estimation and iteration end update, 7.07138, sec
2023-08-22 13:42:53,024 [4] INFO  - 2023-08-22 13:40:27,F048,Z,2,iter,1,feat,5008826,12109788, Iteration summary generation, 1.3328, sec
2023-08-22 13:42:53,044 [31] INFO  - 2023-08-22 13:40:27,F048,Z,2,iter,1,feat,5008826,12109788, Iteration duration, 67.2277, sec
2023-08-22 13:42:53,044 [31] INFO  - 2023-08-22 13:40:27,F048,Z,2,iter,1,feat,5008826,12109788, Z slice processing duration, 137.392, sec
2023-08-22 13:42:53,044 [31] INFO  - 2023-08-22 13:40:50,F048,Z,3,iter,0,feat,4007929,16117717, Spot file data loading and filtration , 18.8992, sec
2023-08-22 13:42:53,044 [31] INFO  - 2023-08-22 13:40:52,F048,Z,3,iter,0,feat,4007929,16117717, Seed neighbor determination, 3.79487, sec
2023-08-22 13:42:53,044 [31] INFO  - 2023-08-22 13:40:55,F048,Z,3,iter,0,feat,4007929,16117717, Quality Score Generation, 10.0842, sec
2023-08-22 13:42:53,044 [31] INFO  - 2023-08-22 13:41:02,F048,Z,3,iter,0,feat,4007929,16117717, Spots per feature calculation and feature filtration, 7.47401, sec
2023-08-22 13:42:53,044 [31] INFO  - 2023-08-22 13:41:16,F048,Z,3,iter,0,feat,4007929,16117717, Making Complete Code Target Calls, 13.8522, sec
2023-08-22 13:42:53,044 [31] INFO  - 2023-08-22 13:41:23,F048,Z,3,iter,0,feat,4007929,16117717, Target Call Location Estimation and iteration end update, 6.24441, sec
2023-08-22 13:42:53,044 [31] INFO  - 2023-08-22 13:41:23,F048,Z,3,iter,0,feat,4007929,16117717, Iteration summary generation, 0.032389, sec
2023-08-22 13:42:53,044 [31] INFO  - 2023-08-22 13:41:23,F048,Z,3,iter,0,feat,4007929,16117717, Iteration duration, 39.9038, sec
2023-08-22 13:42:53,044 [31] INFO  - 2023-08-22 13:41:26,F048,Z,3,iter,1,feat,4007929,16117717, Seed neighbor determination, 5.41591, sec
2023-08-22 13:42:53,044 [31] INFO  - 2023-08-22 13:41:31,F048,Z,3,iter,1,feat,4007929,16117717, Quality Score Generation, 17.8439, sec
2023-08-22 13:42:53,044 [31] INFO  - 2023-08-22 13:41:37,F048,Z,3,iter,1,feat,4007929,16117717, Spots per feature calculation and feature filtration, 6.08182, sec
2023-08-22 13:42:53,044 [31] INFO  - 2023-08-22 13:41:50,F048,Z,3,iter,1,feat,4007929,16117717, Making Complete Code Target Calls, 12.4244, sec
2023-08-22 13:42:53,044 [31] INFO  - 2023-08-22 13:41:53,F048,Z,3,iter,1,feat,4007929,16117717, Target Call Location Estimation and iteration end update, 3.23775, sec
2023-08-22 13:42:53,044 [31] INFO  - 2023-08-22 13:41:53,F048,Z,3,iter,1,feat,4007929,16117717, Iteration summary generation, 0.606628, sec
2023-08-22 13:42:53,044 [31] INFO  - 2023-08-22 13:41:53,F048,Z,3,iter,1,feat,4007929,16117717, Iteration duration, 43.4076, sec
2023-08-22 13:42:53,044 [31] INFO  - 2023-08-22 13:41:53,F048,Z,3,iter,1,feat,4007929,16117717, Z slice processing duration, 105.79, sec
2023-08-22 13:42:53,044 [31] INFO  - 2023-08-22 13:42:12,F048,Z,4,iter,0,feat,3249141,19366858, Spot file data loading and filtration , 14.926, sec
2023-08-22 13:42:53,048 [31] INFO  - 2023-08-22 13:42:14,F048,Z,4,iter,0,feat,3249141,19366858, Seed neighbor determination, 3.88415, sec
2023-08-22 13:42:53,048 [31] INFO  - 2023-08-22 13:42:16,F048,Z,4,iter,0,feat,3249141,19366858, Quality Score Generation, 8.43146, sec
2023-08-22 13:42:53,048 [31] INFO  - 2023-08-22 13:42:22,F048,Z,4,iter,0,feat,3249141,19366858, Spots per feature calculation and feature filtration, 5.81003, sec
2023-08-22 13:42:53,048 [31] INFO  - 2023-08-22 13:42:33,F048,Z,4,iter,0,feat,3249141,19366858, Making Complete Code Target Calls, 10.4476, sec
2023-08-22 13:42:53,048 [31] INFO  - 2023-08-22 13:42:34,F048,Z,4,iter,0,feat,3249141,19366858, Target Call Location Estimation and iteration end update, 1.47451, sec
2023-08-22 13:42:53,048 [31] INFO  - 2023-08-22 13:42:34,F048,Z,4,iter,0,feat,3249141,19366858, Iteration summary generation, 0.029956, sec
2023-08-22 13:42:53,048 [31] INFO  - 2023-08-22 13:42:34,F048,Z,4,iter,0,feat,3249141,19366858, Iteration duration, 28.4504, sec
2023-08-22 13:42:53,048 [31] INFO  - 2023-08-22 13:42:36,F048,Z,4,iter,1,feat,3249141,19366858, Seed neighbor determination, 4.6168, sec
2023-08-22 13:42:53,048 [31] INFO  - 2023-08-22 13:42:39,F048,Z,4,iter,1,feat,3249141,19366858, Quality Score Generation, 10.186, sec
2023-08-22 13:42:53,048 [31] INFO  - 2023-08-22 13:42:44,F048,Z,4,iter,1,feat,3249141,19366858, Spots per feature calculation and feature filtration, 4.76412, sec
2023-08-22 13:44:22,107 [31] INFO  - 2023-08-22 13:42:53,F048,Z,4,iter,1,feat,3249141,19366858, Making Complete Code Target Calls, 7.73545, sec
2023-08-22 13:44:22,107 [31] INFO  - 2023-08-22 13:42:54,F048,Z,4,iter,1,feat,3249141,19366858, Target Call Location Estimation and iteration end update, 1.20002, sec
2023-08-22 13:44:22,107 [31] INFO  - 2023-08-22 13:42:54,F048,Z,4,iter,1,feat,3249141,19366858, Iteration summary generation, 0.427194, sec
2023-08-22 13:44:22,107 [31] INFO  - 2023-08-22 13:42:54,F048,Z,4,iter,1,feat,3249141,19366858, Iteration duration, 26.9937, sec
2023-08-22 13:44:22,107 [31] INFO  - 2023-08-22 13:42:54,F048,Z,4,iter,1,feat,3249141,19366858, Z slice processing duration, 73.1169, sec
2023-08-22 13:44:22,107 [31] INFO  - 2023-08-22 13:43:07,F048,Z,5,iter,0,feat,2659524,22026382, Spot file data loading and filtration , 10.2191, sec
2023-08-22 13:44:22,107 [31] INFO  - 2023-08-22 13:43:08,F048,Z,5,iter,0,feat,2659524,22026382, Seed neighbor determination, 2.71015, sec
2023-08-22 13:44:22,107 [31] INFO  - 2023-08-22 13:43:10,F048,Z,5,iter,0,feat,2659524,22026382, Quality Score Generation, 6.36762, sec
2023-08-22 13:44:22,107 [31] INFO  - 2023-08-22 13:43:13,F048,Z,5,iter,0,feat,2659524,22026382, Spots per feature calculation and feature filtration, 2.66612, sec
2023-08-22 13:44:22,108 [31] INFO  - 2023-08-22 13:43:17,F048,Z,5,iter,0,feat,2659524,22026382, Making Complete Code Target Calls, 4.52712, sec
2023-08-22 13:44:22,108 [31] INFO  - 2023-08-22 13:43:19,F048,Z,5,iter,0,feat,2659524,22026382, Target Call Location Estimation and iteration end update, 1.54111, sec
2023-08-22 13:44:22,108 [31] INFO  - 2023-08-22 13:43:19,F048,Z,5,iter,0,feat,2659524,22026382, Iteration summary generation, 0.017861, sec
2023-08-22 13:44:22,108 [31] INFO  - 2023-08-22 13:43:19,F048,Z,5,iter,0,feat,2659524,22026382, Iteration duration, 16.7298, sec
2023-08-22 13:44:22,108 [31] INFO  - 2023-08-22 13:43:20,F048,Z,5,iter,1,feat,2659524,22026382, Seed neighbor determination, 3.03252, sec
2023-08-22 13:44:22,108 [31] INFO  - 2023-08-22 13:43:22,F048,Z,5,iter,1,feat,2659524,22026382, Quality Score Generation, 7.26511, sec
2023-08-22 13:44:22,108 [31] INFO  - 2023-08-22 13:43:26,F048,Z,5,iter,1,feat,2659524,22026382, Spots per feature calculation and feature filtration, 3.73475, sec
2023-08-22 13:44:22,108 [31] INFO  - 2023-08-22 13:43:32,F048,Z,5,iter,1,feat,2659524,22026382, Making Complete Code Target Calls, 5.59956, sec
2023-08-22 13:44:22,108 [31] INFO  - 2023-08-22 13:43:33,F048,Z,5,iter,1,feat,2659524,22026382, Target Call Location Estimation and iteration end update, 1.15633, sec
2023-08-22 13:44:22,108 [31] INFO  - 2023-08-22 13:43:33,F048,Z,5,iter,1,feat,2659524,22026382, Iteration summary generation, 0.336559, sec
2023-08-22 13:44:22,108 [36] INFO  - 2023-08-22 13:43:33,F048,Z,5,iter,1,feat,2659524,22026382, Iteration duration, 19.8067, sec
2023-08-22 13:44:22,108 [36] INFO  - 2023-08-22 13:43:33,F048,Z,5,iter,1,feat,2659524,22026382, Z slice processing duration, 49.0881, sec
2023-08-22 13:44:22,108 [36] INFO  - 2023-08-22 13:43:44,F048,Z,6,iter,0,feat,2294052,24320434, Spot file data loading and filtration , 8.12996, sec
2023-08-22 13:44:22,108 [36] INFO  - 2023-08-22 13:43:46,F048,Z,6,iter,0,feat,2294052,24320434, Seed neighbor determination, 2.51358, sec
2023-08-22 13:44:22,108 [36] INFO  - 2023-08-22 13:43:47,F048,Z,6,iter,0,feat,2294052,24320434, Quality Score Generation, 5.36485, sec
2023-08-22 13:44:22,108 [36] INFO  - 2023-08-22 13:43:52,F048,Z,6,iter,0,feat,2294052,24320434, Spots per feature calculation and feature filtration, 4.59673, sec
2023-08-22 13:44:22,108 [36] INFO  - 2023-08-22 13:43:57,F048,Z,6,iter,0,feat,2294052,24320434, Making Complete Code Target Calls, 5.5698, sec
2023-08-22 13:44:22,108 [36] INFO  - 2023-08-22 13:43:58,F048,Z,6,iter,0,feat,2294052,24320434, Target Call Location Estimation and iteration end update, 0.912702, sec
2023-08-22 13:44:22,108 [36] INFO  - 2023-08-22 13:43:58,F048,Z,6,iter,0,feat,2294052,24320434, Iteration summary generation, 0.01441, sec
2023-08-22 13:44:22,108 [36] INFO  - 2023-08-22 13:43:58,F048,Z,6,iter,0,feat,2294052,24320434, Iteration duration, 18.0639, sec
2023-08-22 13:44:22,108 [36] INFO  - 2023-08-22 13:44:00,F048,Z,6,iter,1,feat,2294052,24320434, Seed neighbor determination, 2.94526, sec
2023-08-22 13:44:22,108 [36] INFO  - 2023-08-22 13:44:02,F048,Z,6,iter,1,feat,2294052,24320434, Quality Score Generation, 6.55216, sec
2023-08-22 13:44:22,108 [36] INFO  - 2023-08-22 13:44:05,F048,Z,6,iter,1,feat,2294052,24320434, Spots per feature calculation and feature filtration, 3.28466, sec
2023-08-22 13:44:22,108 [36] INFO  - 2023-08-22 13:44:10,F048,Z,6,iter,1,feat,2294052,24320434, Making Complete Code Target Calls, 4.51615, sec
2023-08-22 13:44:22,108 [36] INFO  - 2023-08-22 13:44:10,F048,Z,6,iter,1,feat,2294052,24320434, Target Call Location Estimation and iteration end update, 0.406661, sec
2023-08-22 13:44:22,108 [36] INFO  - 2023-08-22 13:44:10,F048,Z,6,iter,1,feat,2294052,24320434, Iteration summary generation, 0.249516, sec
2023-08-22 13:44:22,108 [36] INFO  - 2023-08-22 13:44:10,F048,Z,6,iter,1,feat,2294052,24320434, Iteration duration, 16.6349, sec
2023-08-22 13:44:22,108 [36] INFO  - 2023-08-22 13:44:10,F048,Z,6,iter,1,feat,2294052,24320434, Z slice processing duration, 44.3575, sec
2023-08-22 13:44:22,108 [36] INFO  - 2023-08-22 13:44:20,F048,Z,7,iter,0,feat,2033109,26353543, Spot file data loading and filtration , 8.50777, sec
2023-08-22 13:44:50,093 [36] INFO  - 2023-08-22 13:44:22,F048,Z,7,iter,0,feat,2033109,26353543, Seed neighbor determination, 2.70302, sec
2023-08-22 13:44:50,093 [36] INFO  - 2023-08-22 13:44:23,F048,Z,7,iter,0,feat,2033109,26353543, Quality Score Generation, 4.22403, sec
2023-08-22 13:44:50,093 [36] INFO  - 2023-08-22 13:44:26,F048,Z,7,iter,0,feat,2033109,26353543, Spots per feature calculation and feature filtration, 3.58003, sec
2023-08-22 13:44:50,093 [36] INFO  - 2023-08-22 13:44:30,F048,Z,7,iter,0,feat,2033109,26353543, Making Complete Code Target Calls, 3.38718, sec
2023-08-22 13:44:50,093 [36] INFO  - 2023-08-22 13:44:30,F048,Z,7,iter,0,feat,2033109,26353543, Target Call Location Estimation and iteration end update, 0.661272, sec
2023-08-22 13:44:50,093 [36] INFO  - 2023-08-22 13:44:31,F048,Z,7,iter,0,feat,2033109,26353543, Iteration summary generation, 0.009269, sec
2023-08-22 13:44:50,093 [36] INFO  - 2023-08-22 13:44:31,F048,Z,7,iter,0,feat,2033109,26353543, Iteration duration, 13.4673, sec
2023-08-22 13:44:50,093 [36] INFO  - 2023-08-22 13:44:31,F048,Z,7,iter,1,feat,2033109,26353543, Seed neighbor determination, 1.85964, sec
2023-08-22 13:44:50,093 [36] INFO  - 2023-08-22 13:44:33,F048,Z,7,iter,1,feat,2033109,26353543, Quality Score Generation, 5.0763, sec
2023-08-22 13:44:50,093 [36] INFO  - 2023-08-22 13:44:35,F048,Z,7,iter,1,feat,2033109,26353543, Spots per feature calculation and feature filtration, 2.30461, sec
2023-08-22 13:44:50,093 [36] INFO  - 2023-08-22 13:44:39,F048,Z,7,iter,1,feat,2033109,26353543, Making Complete Code Target Calls, 3.44036, sec
2023-08-22 13:44:50,093 [36] INFO  - 2023-08-22 13:44:39,F048,Z,7,iter,1,feat,2033109,26353543, Target Call Location Estimation and iteration end update, 0.343717, sec
2023-08-22 13:44:50,093 [36] INFO  - 2023-08-22 13:44:39,F048,Z,7,iter,1,feat,2033109,26353543, Iteration summary generation, 0.136272, sec
2023-08-22 13:44:50,093 [36] INFO  - 2023-08-22 13:44:39,F048,Z,7,iter,1,feat,2033109,26353543, Iteration duration, 12.3239, sec
2023-08-22 13:44:50,093 [36] INFO  - 2023-08-22 13:44:39,F048,Z,7,iter,1,feat,2033109,26353543, Z slice processing duration, 35.7808, sec
2023-08-22 13:44:50,093 [36] INFO  - 2023-08-22 13:44:41,F048,Z,8,iter,0,feat,718602,27072145, Spot file data loading and filtration , 1.05048, sec
2023-08-22 13:44:50,093 [36] INFO  - 2023-08-22 13:44:42,F048,Z,8,iter,0,feat,718602,27072145, Seed neighbor determination, 0.861289, sec
2023-08-22 13:44:50,093 [36] INFO  - 2023-08-22 13:44:42,F048,Z,8,iter,0,feat,718602,27072145, Quality Score Generation, 2.10295, sec
2023-08-22 13:44:50,093 [36] INFO  - 2023-08-22 13:44:44,F048,Z,8,iter,0,feat,718602,27072145, Spots per feature calculation and feature filtration, 1.42406, sec
2023-08-22 13:44:50,094 [36] INFO  - 2023-08-22 13:44:44,F048,Z,8,iter,0,feat,718602,27072145, Making Complete Code Target Calls, 0.735494, sec
2023-08-22 13:44:50,094 [36] INFO  - 2023-08-22 13:44:45,F048,Z,8,iter,0,feat,718602,27072145, Target Call Location Estimation and iteration end update, 0.231468, sec
2023-08-22 13:44:50,094 [36] INFO  - 2023-08-22 13:44:45,F048,Z,8,iter,0,feat,718602,27072145, Iteration summary generation, 0.00423, sec
2023-08-22 13:44:50,094 [36] INFO  - 2023-08-22 13:44:45,F048,Z,8,iter,0,feat,718602,27072145, Iteration duration, 5.05301, sec
2023-08-22 13:44:50,094 [36] INFO  - 2023-08-22 13:44:45,F048,Z,8,iter,1,feat,718602,27072145, Seed neighbor determination, 0.825424, sec
2023-08-22 13:44:50,094 [36] INFO  - 2023-08-22 13:44:46,F048,Z,8,iter,1,feat,718602,27072145, Quality Score Generation, 2.45006, sec
2023-08-22 13:44:50,094 [36] INFO  - 2023-08-22 13:44:47,F048,Z,8,iter,1,feat,718602,27072145, Spots per feature calculation and feature filtration, 1.15602, sec
2023-08-22 13:44:50,094 [36] INFO  - 2023-08-22 13:44:48,F048,Z,8,iter,1,feat,718602,27072145, Making Complete Code Target Calls, 0.668603, sec
2023-08-22 13:44:50,094 [36] INFO  - 2023-08-22 13:44:48,F048,Z,8,iter,1,feat,718602,27072145, Target Call Location Estimation and iteration end update, 0.070683, sec
2023-08-22 13:44:50,094 [36] INFO  - 2023-08-22 13:44:48,F048,Z,8,iter,1,feat,718602,27072145, Iteration summary generation, 0.092317, sec
2023-08-22 13:44:50,094 [36] INFO  - 2023-08-22 13:44:48,F048,Z,8,iter,1,feat,718602,27072145, Iteration duration, 4.94643, sec
2023-08-22 13:44:50,094 [36] INFO  - 2023-08-22 13:44:48,F048,Z,8,iter,1,feat,718602,27072145, Z slice processing duration, 11.9871, sec
2023-08-22 13:44:50,094 [36] INFO  - 2023-08-22 13:44:48,F048,Z,9,iter,0,feat,2764,27074909, Spot file data loading and filtration , -0.407077, sec
2023-08-22 13:44:50,094 [36] INFO  - 2023-08-22 13:44:48,F048,Z,9,iter,0,feat,2764,27074909, Seed neighbor determination, 0.003562, sec
2023-08-22 13:44:50,094 [36] INFO  - 2023-08-22 13:44:48,F048,Z,9,iter,0,feat,2764,27074909, Quality Score Generation, 0.002156, sec
2023-08-22 13:44:50,094 [36] INFO  - 2023-08-22 13:44:48,F048,Z,9,iter,1,feat,2764,27074909, Seed neighbor determination, 0.002716, sec
2023-08-22 13:44:50,094 [36] INFO  - 2023-08-22 13:44:48,F048,Z,9,iter,1,feat,2764,27074909, Quality Score Generation, 0.001814, sec
2023-08-22 13:44:50,094 [36] INFO  - 2023-08-22 13:44:48,F048,Z,9,iter,1,feat,2764,27074909, Z slice processing duration, 0.023861, sec
2023-08-22 13:44:50,094 [36] INFO  - 2023-08-22 13:44:50,F048,Z,9,iter,1,feat,2764,27074909, FOV processing duration (final) , 599.127, sec
2023-08-22 13:44:50,107 [36] INFO  - Exited
2023-08-22 13:44:50,108 [36] INFO  - System.EventArgs
2023-08-22 13:44:50,108 [36] INFO  - { }
2023-08-22 13:44:50,109 [1] INFO  - mtmc run complete
2023-08-22 13:44:50,109 [1] INFO  - Zipping and uploading results...
2023-08-22 13:44:50,110 [1] INFO  - Uploading mtm results to storage.
2023-08-22 13:44:50,110 [1] INFO  - Start uploading /app/out/FOV048 to 892d9dcc-e56d-475c-8dee-2c395064223d/2302H0033/c9d29823-a69c-4328-a6b9-53e2b78fa3e3/Run_76ed1d6b-57d6-4076-9a09-09a6f1ded693_20230817_2302h0033_ControlCenter/20230817_175305/20230817_175305_S1/AnalysisResults/oxdwyv2woj/FOV048
2023-08-22 13:44:50,110 [1] INFO  - Executing with retries set to: 10
2023-08-22 13:44:51,733 [1] INFO  - Upload /app/out/FOV048 finished
2023-08-22 13:44:51,733 [1] INFO  - Results uploaded.
2023-08-22 13:44:51,733 [1] INFO  - All done
2023-08-22 13:44:51,733 [1] INFO  - Executing with retries set to: 10
2023-08-22 13:44:51,733 [1] INFO  - Setting fov oxdwyv2woj-6o19h into status Completed
2023-08-22 13:44:51,747 [1] INFO  - Saving a fov processing run: oxdwyv2woj-6o19h
2023-08-22 13:44:51,747 [1] INFO  - Updating an existing fov run.
2023-08-22 13:44:51,749 [1] INFO  - Uploading logs
2023-08-22 13:44:51,750 [1] INFO  - Start uploading 892d9dcc-e56d-475c-8dee-2c395064223d/2302H0033/c9d29823-a69c-4328-a6b9-53e2b78fa3e3/Run_76ed1d6b-57d6-4076-9a09-09a6f1ded693_20230817_2302h0033_ControlCenter/20230817_175305/20230817_175305_S1/AnalysisResults/oxdwyv2woj/FOV048/mtm-run.log
