2023-08-22 13:31:22,803 [1] INFO  - Using bucket s3-euw1-eu2-datarepository-eu2-eu2-kcl-01 and region eu-west-1
2023-08-22 13:31:22,851 [1] INFO  - Using role to access S3
2023-08-22 13:31:23,217 [1] INFO  - ===============================
2023-08-22 13:31:23,217 [1] INFO  - build info: 
commit 1860d865ce7409a4b25d5549a62e2b7be0a93d33
Author: alexander-serebriyan <alexander.serebriyan@teamdev.com>
Date:   Fri Feb 10 15:42:48 2023 +0100

    Add UAT env for ECR pushing.

Build done on: Fri Feb 10 14:46:39 UTC 2023
Version: 20230210.1

2023-08-22 13:31:23,217 [1] INFO  - ===============================
2023-08-22 13:31:23,217 [1] INFO  - Starting the job. Results will be uploaded to: 892d9dcc-e56d-475c-8dee-2c395064223d/2302H0033/c9d29823-a69c-4328-a6b9-53e2b78fa3e3/Run_76ed1d6b-57d6-4076-9a09-09a6f1ded693_20230817_2302h0033_ControlCenter/20230817_175305/20230817_175305_S1/AnalysisResults/oxdwyv2woj/FOV059
2023-08-22 13:31:23,218 [1] INFO  - Checking FOV status. Ref: oxdwyv2woj-a4hmq, ID: 892d9dcc-e56d-475c-8dee-2c395064223d/2302H0033/c9d29823-a69c-4328-a6b9-53e2b78fa3e3/Run_76ed1d6b-57d6-4076-9a09-09a6f1ded693_20230817_2302h0033_ControlCenter/20230817_175305/20230817_175305_S1/SpotFiles/FOV059/
2023-08-22 13:31:23,400 [1] INFO  - Executing with retries set to: 10
2023-08-22 13:31:23,400 [1] INFO  - Setting fov oxdwyv2woj-a4hmq into status InProgress
2023-08-22 13:31:23,402 [1] INFO  - Saving a fov processing run: oxdwyv2woj-a4hmq
2023-08-22 13:31:23,402 [1] INFO  - Updating an existing fov run.
2023-08-22 13:31:23,443 [1] INFO  - Downloading FOV using next path: 892d9dcc-e56d-475c-8dee-2c395064223d/2302H0033/c9d29823-a69c-4328-a6b9-53e2b78fa3e3/Run_76ed1d6b-57d6-4076-9a09-09a6f1ded693_20230817_2302h0033_ControlCenter/20230817_175305/20230817_175305_S1/SpotFiles/FOV059/
2023-08-22 13:31:23,443 [1] INFO  - Start downloading 892d9dcc-e56d-475c-8dee-2c395064223d/2302H0033/c9d29823-a69c-4328-a6b9-53e2b78fa3e3/Run_76ed1d6b-57d6-4076-9a09-09a6f1ded693_20230817_2302h0033_ControlCenter/20230817_175305/20230817_175305_S1/SpotFiles/FOV059/
2023-08-22 13:31:23,443 [1] INFO  - Executing with retries set to: 10
2023-08-22 13:35:27,335 [1] INFO  - Download 892d9dcc-e56d-475c-8dee-2c395064223d/2302H0033/c9d29823-a69c-4328-a6b9-53e2b78fa3e3/Run_76ed1d6b-57d6-4076-9a09-09a6f1ded693_20230817_2302h0033_ControlCenter/20230817_175305/20230817_175305_S1/SpotFiles/FOV059/ complete
2023-08-22 13:35:27,335 [1] INFO  - Custom plex file specified. The default one will be overriden.
2023-08-22 13:35:27,335 [1] INFO  - Downloading plex file using next path: 892d9dcc-e56d-475c-8dee-2c395064223d/2302H0033/c9d29823-a69c-4328-a6b9-53e2b78fa3e3/Run_76ed1d6b-57d6-4076-9a09-09a6f1ded693_20230817_2302h0033_ControlCenter/20230817_175305/20230817_175305_S1/plex-oxdwyv2woj.txt
2023-08-22 13:35:27,335 [1] INFO  - Downloading 892d9dcc-e56d-475c-8dee-2c395064223d/2302H0033/c9d29823-a69c-4328-a6b9-53e2b78fa3e3/Run_76ed1d6b-57d6-4076-9a09-09a6f1ded693_20230817_2302h0033_ControlCenter/20230817_175305/20230817_175305_S1/plex-oxdwyv2woj.txt
2023-08-22 13:35:27,464 [1] INFO  - Download 892d9dcc-e56d-475c-8dee-2c395064223d/2302H0033/c9d29823-a69c-4328-a6b9-53e2b78fa3e3/Run_76ed1d6b-57d6-4076-9a09-09a6f1ded693_20230817_2302h0033_ControlCenter/20230817_175305/20230817_175305_S1/plex-oxdwyv2woj.txt finished
2023-08-22 13:35:27,464 [1] INFO  - No user params file specified. Trying to use the one from the storage.
2023-08-22 13:35:27,464 [1] INFO  - Downloading params file using next path: 892d9dcc-e56d-475c-8dee-2c395064223d/2302H0033/c9d29823-a69c-4328-a6b9-53e2b78fa3e3/Run_76ed1d6b-57d6-4076-9a09-09a6f1ded693_20230817_2302h0033_ControlCenter/20230817_175305/20230817_175305_S1/analysis_params_v6.txt
2023-08-22 13:35:27,464 [1] INFO  - Downloading 892d9dcc-e56d-475c-8dee-2c395064223d/2302H0033/c9d29823-a69c-4328-a6b9-53e2b78fa3e3/Run_76ed1d6b-57d6-4076-9a09-09a6f1ded693_20230817_2302h0033_ControlCenter/20230817_175305/20230817_175305_S1/analysis_params_v6.txt
2023-08-22 13:35:27,499 [1] ERROR -    at Amazon.Runtime.Internal.HttpErrorResponseExceptionHandler.HandleExceptionStream(IRequestContext requestContext, IWebResponseData httpErrorResponse, HttpErrorResponseException exception, Stream responseStream)
   at Amazon.Runtime.Internal.HttpErrorResponseExceptionHandler.HandleExceptionAsync(IExecutionContext executionContext, HttpErrorResponseException exception)
   at Amazon.Runtime.Internal.ExceptionHandler`1.HandleAsync(IExecutionContext executionContext, Exception exception)
   at Amazon.Runtime.Internal.ErrorHandler.ProcessExceptionAsync(IExecutionContext executionContext, Exception exception)
   at Amazon.Runtime.Internal.ErrorHandler.InvokeAsync[T](IExecutionContext executionContext)
   at Amazon.Runtime.Internal.CallbackHandler.InvokeAsync[T](IExecutionContext executionContext)
   at Amazon.Runtime.Internal.EndpointDiscoveryHandler.InvokeAsync[T](IExecutionContext executionContext)
   at Amazon.Runtime.Internal.EndpointDiscoveryHandler.InvokeAsync[T](IExecutionContext executionContext)
   at Amazon.Runtime.Internal.CredentialsRetriever.InvokeAsync[T](IExecutionContext executionContext)
   at Amazon.Runtime.Internal.RetryHandler.InvokeAsync[T](IExecutionContext executionContext)
   at Amazon.Runtime.Internal.RetryHandler.InvokeAsync[T](IExecutionContext executionContext)
   at Amazon.Runtime.Internal.CallbackHandler.InvokeAsync[T](IExecutionContext executionContext)
   at Amazon.Runtime.Internal.CallbackHandler.InvokeAsync[T](IExecutionContext executionContext)
   at Amazon.S3.Internal.AmazonS3ExceptionHandler.InvokeAsync[T](IExecutionContext executionContext)
   at Amazon.Runtime.Internal.ErrorCallbackHandler.InvokeAsync[T](IExecutionContext executionContext)
   at Amazon.Runtime.Internal.MetricsHandler.InvokeAsync[T](IExecutionContext executionContext)
   at Amazon.S3.Transfer.Internal.DownloadCommand.ExecuteAsync(CancellationToken cancellationToken)
   at Amazon.S3.Transfer.TransferUtility.Download(String filePath, String bucketName, String key)
   at Core.S3FileStorageService.DownloadFile(String remoteFilePath, String localFilePath) in /src/Core/S3FileStorageService.cs:line 67
   at MTMCWorker.Service.Impl.MtmcWorker.FetchParamsFile(String paramsFileRef, String flowCellPath) in /src/MTMCWorker/Service/Impl/MtmcWorker.cs:line 297
2023-08-22 13:35:27,499 [1] INFO  - Can't download params file next to nBCDir. Using the default one.
Amazon.S3.AmazonS3Exception: The specified key does not exist.
 ---> Amazon.Runtime.Internal.HttpErrorResponseException: Exception of type 'Amazon.Runtime.Internal.HttpErrorResponseException' was thrown.
   at Amazon.Runtime.HttpWebRequestMessage.GetResponseAsync(CancellationToken cancellationToken)
   at Amazon.Runtime.Internal.HttpHandler`1.InvokeAsync[T](IExecutionContext executionContext)
   at Amazon.Runtime.Internal.RedirectHandler.InvokeAsync[T](IExecutionContext executionContext)
   at Amazon.Runtime.Internal.Unmarshaller.InvokeAsync[T](IExecutionContext executionContext)
   at Amazon.S3.Internal.AmazonS3ResponseHandler.InvokeAsync[T](IExecutionContext executionContext)
   at Amazon.Runtime.Internal.ErrorHandler.InvokeAsync[T](IExecutionContext executionContext)
   --- End of inner exception stack trace ---
   at Amazon.Runtime.Internal.HttpErrorResponseExceptionHandler.HandleExceptionStream(IRequestContext requestContext, IWebResponseData httpErrorResponse, HttpErrorResponseException exception, Stream responseStream)
   at Amazon.Runtime.Internal.HttpErrorResponseExceptionHandler.HandleExceptionAsync(IExecutionContext executionContext, HttpErrorResponseException exception)
   at Amazon.Runtime.Internal.ExceptionHandler`1.HandleAsync(IExecutionContext executionContext, Exception exception)
   at Amazon.Runtime.Internal.ErrorHandler.ProcessExceptionAsync(IExecutionContext executionContext, Exception exception)
   at Amazon.Runtime.Internal.ErrorHandler.InvokeAsync[T](IExecutionContext executionContext)
   at Amazon.Runtime.Internal.CallbackHandler.InvokeAsync[T](IExecutionContext executionContext)
   at Amazon.Runtime.Internal.EndpointDiscoveryHandler.InvokeAsync[T](IExecutionContext executionContext)
   at Amazon.Runtime.Internal.EndpointDiscoveryHandler.InvokeAsync[T](IExecutionContext executionContext)
   at Amazon.Runtime.Internal.CredentialsRetriever.InvokeAsync[T](IExecutionContext executionContext)
   at Amazon.Runtime.Internal.RetryHandler.InvokeAsync[T](IExecutionContext executionContext)
   at Amazon.Runtime.Internal.RetryHandler.InvokeAsync[T](IExecutionContext executionContext)
   at Amazon.Runtime.Internal.CallbackHandler.InvokeAsync[T](IExecutionContext executionContext)
   at Amazon.Runtime.Internal.CallbackHandler.InvokeAsync[T](IExecutionContext executionContext)
   at Amazon.S3.Internal.AmazonS3ExceptionHandler.InvokeAsync[T](IExecutionContext executionContext)
   at Amazon.Runtime.Internal.ErrorCallbackHandler.InvokeAsync[T](IExecutionContext executionContext)
   at Amazon.Runtime.Internal.MetricsHandler.InvokeAsync[T](IExecutionContext executionContext)
   at Amazon.S3.Transfer.Internal.DownloadCommand.ExecuteAsync(CancellationToken cancellationToken)
   at Amazon.S3.Transfer.TransferUtility.Download(String filePath, String bucketName, String key)
   at Core.S3FileStorageService.DownloadFile(String remoteFilePath, String localFilePath) in /src/Core/S3FileStorageService.cs:line 67
   at MTMCWorker.Service.Impl.MtmcWorker.FetchParamsFile(String paramsFileRef, String flowCellPath) in /src/MTMCWorker/Service/Impl/MtmcWorker.cs:line 297
2023-08-22 13:35:27,501 [1] INFO  - Fetching CellStatsDir folder data...
2023-08-22 13:35:27,560 [1] INFO  - Downloading 892d9dcc-e56d-475c-8dee-2c395064223d/2302H0033/c9d29823-a69c-4328-a6b9-53e2b78fa3e3/Run_76ed1d6b-57d6-4076-9a09-09a6f1ded693_20230817_2302h0033_ControlCenter/20230817_175305/20230817_175305_S1/CellStatsDir/CellComposite/CellComposite_F059.jpg
2023-08-22 13:35:27,849 [1] INFO  - Download 892d9dcc-e56d-475c-8dee-2c395064223d/2302H0033/c9d29823-a69c-4328-a6b9-53e2b78fa3e3/Run_76ed1d6b-57d6-4076-9a09-09a6f1ded693_20230817_2302h0033_ControlCenter/20230817_175305/20230817_175305_S1/CellStatsDir/CellComposite/CellComposite_F059.jpg finished
2023-08-22 13:35:27,849 [1] INFO  - Downloading 892d9dcc-e56d-475c-8dee-2c395064223d/2302H0033/c9d29823-a69c-4328-a6b9-53e2b78fa3e3/Run_76ed1d6b-57d6-4076-9a09-09a6f1ded693_20230817_2302h0033_ControlCenter/20230817_175305/20230817_175305_S1/CellStatsDir/CellOverlay/CellOverlay_F059.jpg
2023-08-22 13:35:28,246 [1] INFO  - Download 892d9dcc-e56d-475c-8dee-2c395064223d/2302H0033/c9d29823-a69c-4328-a6b9-53e2b78fa3e3/Run_76ed1d6b-57d6-4076-9a09-09a6f1ded693_20230817_2302h0033_ControlCenter/20230817_175305/20230817_175305_S1/CellStatsDir/CellOverlay/CellOverlay_F059.jpg finished
2023-08-22 13:35:28,246 [1] INFO  - Downloading 892d9dcc-e56d-475c-8dee-2c395064223d/2302H0033/c9d29823-a69c-4328-a6b9-53e2b78fa3e3/Run_76ed1d6b-57d6-4076-9a09-09a6f1ded693_20230817_2302h0033_ControlCenter/20230817_175305/20230817_175305_S1/CellStatsDir/FOV059/CellLabels_F059.tif
2023-08-22 13:35:28,438 [1] INFO  - Download 892d9dcc-e56d-475c-8dee-2c395064223d/2302H0033/c9d29823-a69c-4328-a6b9-53e2b78fa3e3/Run_76ed1d6b-57d6-4076-9a09-09a6f1ded693_20230817_2302h0033_ControlCenter/20230817_175305/20230817_175305_S1/CellStatsDir/FOV059/CellLabels_F059.tif finished
2023-08-22 13:35:28,438 [1] INFO  - Downloading 892d9dcc-e56d-475c-8dee-2c395064223d/2302H0033/c9d29823-a69c-4328-a6b9-53e2b78fa3e3/Run_76ed1d6b-57d6-4076-9a09-09a6f1ded693_20230817_2302h0033_ControlCenter/20230817_175305/20230817_175305_S1/CellStatsDir/FOV059/CompartmentLabels_F059.tif
2023-08-22 13:35:28,636 [1] INFO  - Download 892d9dcc-e56d-475c-8dee-2c395064223d/2302H0033/c9d29823-a69c-4328-a6b9-53e2b78fa3e3/Run_76ed1d6b-57d6-4076-9a09-09a6f1ded693_20230817_2302h0033_ControlCenter/20230817_175305/20230817_175305_S1/CellStatsDir/FOV059/CompartmentLabels_F059.tif finished
2023-08-22 13:35:28,636 [1] INFO  - Downloading 892d9dcc-e56d-475c-8dee-2c395064223d/2302H0033/c9d29823-a69c-4328-a6b9-53e2b78fa3e3/Run_76ed1d6b-57d6-4076-9a09-09a6f1ded693_20230817_2302h0033_ControlCenter/20230817_175305/20230817_175305_S1/CellStatsDir/FOV059/Run_76ed1d6b-57d6-4076-9a09-09a6f1ded693_20230817_175305_S1_Cell_Stats_F059.csv
2023-08-22 13:35:28,834 [1] INFO  - Download 892d9dcc-e56d-475c-8dee-2c395064223d/2302H0033/c9d29823-a69c-4328-a6b9-53e2b78fa3e3/Run_76ed1d6b-57d6-4076-9a09-09a6f1ded693_20230817_2302h0033_ControlCenter/20230817_175305/20230817_175305_S1/CellStatsDir/FOV059/Run_76ed1d6b-57d6-4076-9a09-09a6f1ded693_20230817_175305_S1_Cell_Stats_F059.csv finished
2023-08-22 13:35:28,834 [1] INFO  - Downloading 892d9dcc-e56d-475c-8dee-2c395064223d/2302H0033/c9d29823-a69c-4328-a6b9-53e2b78fa3e3/Run_76ed1d6b-57d6-4076-9a09-09a6f1ded693_20230817_2302h0033_ControlCenter/20230817_175305/20230817_175305_S1/CellStatsDir/Morphology2D/20230817_175305_S1_C902_P99_N99_F059.TIF
2023-08-22 13:35:30,256 [1] INFO  - Download 892d9dcc-e56d-475c-8dee-2c395064223d/2302H0033/c9d29823-a69c-4328-a6b9-53e2b78fa3e3/Run_76ed1d6b-57d6-4076-9a09-09a6f1ded693_20230817_2302h0033_ControlCenter/20230817_175305/20230817_175305_S1/CellStatsDir/Morphology2D/20230817_175305_S1_C902_P99_N99_F059.TIF finished
2023-08-22 13:35:30,256 [1] INFO  - Downloading 892d9dcc-e56d-475c-8dee-2c395064223d/2302H0033/c9d29823-a69c-4328-a6b9-53e2b78fa3e3/Run_76ed1d6b-57d6-4076-9a09-09a6f1ded693_20230817_2302h0033_ControlCenter/20230817_175305/20230817_175305_S1/CellStatsDir/RnD/Run_76ed1d6b-57d6-4076-9a09-09a6f1ded693_20230817_175305_S1_Summary_F059.csv
2023-08-22 13:35:30,410 [1] INFO  - Download 892d9dcc-e56d-475c-8dee-2c395064223d/2302H0033/c9d29823-a69c-4328-a6b9-53e2b78fa3e3/Run_76ed1d6b-57d6-4076-9a09-09a6f1ded693_20230817_2302h0033_ControlCenter/20230817_175305/20230817_175305_S1/CellStatsDir/RnD/Run_76ed1d6b-57d6-4076-9a09-09a6f1ded693_20230817_175305_S1_Summary_F059.csv finished
2023-08-22 13:35:30,410 [1] INFO  - CellStatsDir data download complete.
2023-08-22 13:35:30,410 [1] INFO  - FOV downloaded successfully.
2023-08-22 13:35:30,410 [1] INFO  - Preparing dirs structure for mtmc
2023-08-22 13:35:30,410 [1] INFO  - Preparing mtmc input. FOV dir: FOV059
2023-08-22 13:35:30,414 [1] INFO  - Running mtmc...
2023-08-22 13:35:30,423 [5] INFO  - directory: "/app/input_data/"
2023-08-22 13:35:30,722 [5] INFO  - directory: "/app/out/FOV059/"
2023-08-22 13:40:50,425 [5] INFO  - 2023-08-22 13:35:30,F059,Z,0,iter,0,feat,0,0, Reading and combining input data, 0.028772, sec
2023-08-22 13:40:50,426 [5] INFO  - 2023-08-22 13:35:41,F059,Z,0,iter,0,feat,3308541,3308541, Spot file data loading and filtration , 9.68262, sec
2023-08-22 13:40:50,426 [5] INFO  - 2023-08-22 13:35:43,F059,Z,0,iter,0,feat,3308541,3308541, Seed neighbor determination, 3.95821, sec
2023-08-22 13:40:50,426 [5] INFO  - 2023-08-22 13:35:47,F059,Z,0,iter,0,feat,3308541,3308541, Quality Score Generation, 7.21122, sec
2023-08-22 13:40:50,426 [5] INFO  - 2023-08-22 13:35:56,F059,Z,0,iter,0,feat,3308541,3308541, Spots per feature calculation and feature filtration, 7.33919, sec
2023-08-22 13:40:50,426 [5] INFO  - 2023-08-22 13:35:59,F059,Z,0,iter,0,feat,3308541,3308541, Making Complete Code Target Calls, 3.04866, sec
2023-08-22 13:40:50,426 [5] INFO  - 2023-08-22 13:36:00,F059,Z,0,iter,0,feat,3308541,3308541, Target Call Location Estimation and iteration end update, 0.790551, sec
2023-08-22 13:40:50,426 [5] INFO  - 2023-08-22 13:36:00,F059,Z,0,iter,0,feat,3308541,3308541, Iteration summary generation, 0.006622, sec
2023-08-22 13:40:50,426 [5] INFO  - 2023-08-22 13:36:00,F059,Z,0,iter,0,feat,3308541,3308541, Iteration duration, 20.6578, sec
2023-08-22 13:40:50,441 [5] INFO  - 2023-08-22 13:36:02,F059,Z,0,iter,1,feat,3308541,3308541, Seed neighbor determination, 4.21926, sec
2023-08-22 13:40:50,441 [5] INFO  - 2023-08-22 13:36:07,F059,Z,0,iter,1,feat,3308541,3308541, Quality Score Generation, 9.80104, sec
2023-08-22 13:40:50,441 [5] INFO  - 2023-08-22 13:36:14,F059,Z,0,iter,1,feat,3308541,3308541, Spots per feature calculation and feature filtration, 5.99118, sec
2023-08-22 13:40:50,441 [5] INFO  - 2023-08-22 13:36:20,F059,Z,0,iter,1,feat,3308541,3308541, Making Complete Code Target Calls, 3.86495, sec
2023-08-22 13:40:50,441 [5] INFO  - 2023-08-22 13:36:21,F059,Z,0,iter,1,feat,3308541,3308541, Target Call Location Estimation and iteration end update, 0.87046, sec
2023-08-22 13:40:50,441 [5] INFO  - 2023-08-22 13:36:21,F059,Z,0,iter,1,feat,3308541,3308541, Iteration summary generation, 0.241276, sec
2023-08-22 13:40:50,441 [5] INFO  - 2023-08-22 13:36:21,F059,Z,0,iter,1,feat,3308541,3308541, Iteration duration, 23.2508, sec
2023-08-22 13:40:50,441 [5] INFO  - 2023-08-22 13:36:21,F059,Z,0,iter,1,feat,3308541,3308541, Z slice processing duration, 53.6057, sec
2023-08-22 13:40:50,441 [5] INFO  - 2023-08-22 13:37:00,F059,Z,1,iter,0,feat,6232921,9541462, Spot file data loading and filtration , 32.6944, sec
2023-08-22 13:40:50,441 [5] INFO  - 2023-08-22 13:37:06,F059,Z,1,iter,0,feat,6232921,9541462, Seed neighbor determination, 8.28697, sec
2023-08-22 13:40:50,445 [5] INFO  - 2023-08-22 13:37:16,F059,Z,1,iter,0,feat,6232921,9541462, Quality Score Generation, 22.5386, sec
2023-08-22 13:40:50,445 [5] INFO  - 2023-08-22 13:37:32,F059,Z,1,iter,0,feat,6232921,9541462, Spots per feature calculation and feature filtration, 12.6333, sec
2023-08-22 13:40:50,445 [5] INFO  - 2023-08-22 13:37:54,F059,Z,1,iter,0,feat,6232921,9541462, Making Complete Code Target Calls, 15.3799, sec
2023-08-22 13:40:50,445 [5] INFO  - 2023-08-22 13:38:07,F059,Z,1,iter,0,feat,6232921,9541462, Target Call Location Estimation and iteration end update, 9.7504, sec
2023-08-22 13:40:50,445 [5] INFO  - 2023-08-22 13:38:07,F059,Z,1,iter,0,feat,6232921,9541462, Iteration summary generation, 0.05213, sec
2023-08-22 13:40:50,445 [5] INFO  - 2023-08-22 13:38:07,F059,Z,1,iter,0,feat,6232921,9541462, Iteration duration, 65.7226, sec
2023-08-22 13:40:50,445 [5] INFO  - 2023-08-22 13:38:14,F059,Z,1,iter,1,feat,6232921,9541462, Seed neighbor determination, 9.23261, sec
2023-08-22 13:40:50,445 [5] INFO  - 2023-08-22 13:38:30,F059,Z,1,iter,1,feat,6232921,9541462, Quality Score Generation, 29.8593, sec
2023-08-22 13:40:50,445 [5] INFO  - 2023-08-22 13:38:42,F059,Z,1,iter,1,feat,6232921,9541462, Spots per feature calculation and feature filtration, 9.57899, sec
2023-08-22 13:40:50,445 [5] INFO  - 2023-08-22 13:39:03,F059,Z,1,iter,1,feat,6232921,9541462, Making Complete Code Target Calls, 18.9277, sec
2023-08-22 13:40:50,445 [5] INFO  - 2023-08-22 13:39:12,F059,Z,1,iter,1,feat,6232921,9541462, Target Call Location Estimation and iteration end update, 7.97632, sec
2023-08-22 13:40:50,445 [5] INFO  - 2023-08-22 13:39:14,F059,Z,1,iter,1,feat,6232921,9541462, Iteration summary generation, 1.17489, sec
2023-08-22 13:40:50,445 [5] INFO  - 2023-08-22 13:39:14,F059,Z,1,iter,1,feat,6232921,9541462, Iteration duration, 72.8763, sec
2023-08-22 13:40:50,445 [5] INFO  - 2023-08-22 13:39:14,F059,Z,1,iter,1,feat,6232921,9541462, Z slice processing duration, 173.502, sec
2023-08-22 13:40:50,445 [5] INFO  - 2023-08-22 13:39:52,F059,Z,2,iter,0,feat,5424115,14965577, Spot file data loading and filtration , 24.7545, sec
2023-08-22 13:40:50,445 [5] INFO  - 2023-08-22 13:39:55,F059,Z,2,iter,0,feat,5424115,14965577, Seed neighbor determination, 6.95996, sec
2023-08-22 13:40:50,445 [5] INFO  - 2023-08-22 13:40:04,F059,Z,2,iter,0,feat,5424115,14965577, Quality Score Generation, 20.3902, sec
2023-08-22 13:40:50,445 [5] INFO  - 2023-08-22 13:40:18,F059,Z,2,iter,0,feat,5424115,14965577, Spots per feature calculation and feature filtration, 10.9131, sec
2023-08-22 13:40:50,445 [5] INFO  - 2023-08-22 13:40:42,F059,Z,2,iter,0,feat,5424115,14965577, Making Complete Code Target Calls, 21.0677, sec
2023-08-22 13:46:00,876 [39] INFO  - 2023-08-22 13:40:50,F059,Z,2,iter,0,feat,5424115,14965577, Target Call Location Estimation and iteration end update, 5.58132, sec
2023-08-22 13:46:00,877 [39] INFO  - 2023-08-22 13:40:50,F059,Z,2,iter,0,feat,5424115,14965577, Iteration summary generation, 0.05518, sec
2023-08-22 13:46:00,877 [39] INFO  - 2023-08-22 13:40:50,F059,Z,2,iter,0,feat,5424115,14965577, Iteration duration, 62.3803, sec
2023-08-22 13:46:00,877 [39] INFO  - 2023-08-22 13:40:54,F059,Z,2,iter,1,feat,5424115,14965577, Seed neighbor determination, 7.31132, sec
2023-08-22 13:46:00,877 [39] INFO  - 2023-08-22 13:41:08,F059,Z,2,iter,1,feat,5424115,14965577, Quality Score Generation, 27.5575, sec
2023-08-22 13:46:00,877 [39] INFO  - 2023-08-22 13:41:20,F059,Z,2,iter,1,feat,5424115,14965577, Spots per feature calculation and feature filtration, 8.56863, sec
2023-08-22 13:46:00,877 [39] INFO  - 2023-08-22 13:41:38,F059,Z,2,iter,1,feat,5424115,14965577, Making Complete Code Target Calls, 15.3153, sec
2023-08-22 13:46:00,877 [39] INFO  - 2023-08-22 13:41:41,F059,Z,2,iter,1,feat,5424115,14965577, Target Call Location Estimation and iteration end update, 2.7993, sec
2023-08-22 13:46:00,877 [39] INFO  - 2023-08-22 13:41:42,F059,Z,2,iter,1,feat,5424115,14965577, Iteration summary generation, 0.843328, sec
2023-08-22 13:46:00,889 [46] INFO  - 2023-08-22 13:41:42,F059,Z,2,iter,1,feat,5424115,14965577, Iteration duration, 59.3765, sec
2023-08-22 13:46:00,889 [46] INFO  - 2023-08-22 13:41:42,F059,Z,2,iter,1,feat,5424115,14965577, Z slice processing duration, 151.228, sec
2023-08-22 13:46:00,889 [46] INFO  - 2023-08-22 13:42:23,F059,Z,3,iter,0,feat,4572074,19537651, Spot file data loading and filtration , 22.322, sec
2023-08-22 13:46:00,889 [46] INFO  - 2023-08-22 13:42:26,F059,Z,3,iter,0,feat,4572074,19537651, Seed neighbor determination, 5.63413, sec
2023-08-22 13:46:00,889 [46] INFO  - 2023-08-22 13:42:34,F059,Z,3,iter,0,feat,4572074,19537651, Quality Score Generation, 12.1742, sec
2023-08-22 13:46:00,889 [46] INFO  - 2023-08-22 13:42:46,F059,Z,3,iter,0,feat,4572074,19537651, Spots per feature calculation and feature filtration, 9.80325, sec
2023-08-22 13:46:00,889 [46] INFO  - 2023-08-22 13:43:05,F059,Z,3,iter,0,feat,4572074,19537651, Making Complete Code Target Calls, 13.6887, sec
2023-08-22 13:46:00,889 [46] INFO  - 2023-08-22 13:43:15,F059,Z,3,iter,0,feat,4572074,19537651, Target Call Location Estimation and iteration end update, 9.80419, sec
2023-08-22 13:46:00,889 [46] INFO  - 2023-08-22 13:43:15,F059,Z,3,iter,0,feat,4572074,19537651, Iteration summary generation, 0.055243, sec
2023-08-22 13:46:00,889 [46] INFO  - 2023-08-22 13:43:15,F059,Z,3,iter,0,feat,4572074,19537651, Iteration duration, 49.1956, sec
2023-08-22 13:46:00,889 [46] INFO  - 2023-08-22 13:43:21,F059,Z,3,iter,1,feat,4572074,19537651, Seed neighbor determination, 8.1999, sec
2023-08-22 13:46:00,889 [46] INFO  - 2023-08-22 13:43:36,F059,Z,3,iter,1,feat,4572074,19537651, Quality Score Generation, 29.6562, sec
2023-08-22 13:46:00,889 [46] INFO  - 2023-08-22 13:43:46,F059,Z,3,iter,1,feat,4572074,19537651, Spots per feature calculation and feature filtration, 8.11006, sec
2023-08-22 13:46:00,889 [46] INFO  - 2023-08-22 13:44:09,F059,Z,3,iter,1,feat,4572074,19537651, Making Complete Code Target Calls, 20.666, sec
2023-08-22 13:46:00,889 [46] INFO  - 2023-08-22 13:44:18,F059,Z,3,iter,1,feat,4572074,19537651, Target Call Location Estimation and iteration end update, 8.44327, sec
2023-08-22 13:46:00,889 [46] INFO  - 2023-08-22 13:44:19,F059,Z,3,iter,1,feat,4572074,19537651, Iteration summary generation, 0.894382, sec
2023-08-22 13:46:00,889 [46] INFO  - 2023-08-22 13:44:19,F059,Z,3,iter,1,feat,4572074,19537651, Iteration duration, 72.7376, sec
2023-08-22 13:46:00,889 [46] INFO  - 2023-08-22 13:44:19,F059,Z,3,iter,1,feat,4572074,19537651, Z slice processing duration, 147.994, sec
2023-08-22 13:46:00,889 [46] INFO  - 2023-08-22 13:44:43,F059,Z,4,iter,0,feat,3950297,23487948, Spot file data loading and filtration , 17.2371, sec
2023-08-22 13:46:00,893 [46] INFO  - 2023-08-22 13:44:47,F059,Z,4,iter,0,feat,3950297,23487948, Seed neighbor determination, 5.52532, sec
2023-08-22 13:46:00,893 [46] INFO  - 2023-08-22 13:44:54,F059,Z,4,iter,0,feat,3950297,23487948, Quality Score Generation, 10.6315, sec
2023-08-22 13:46:00,893 [46] INFO  - 2023-08-22 13:45:06,F059,Z,4,iter,0,feat,3950297,23487948, Spots per feature calculation and feature filtration, 7.88142, sec
2023-08-22 13:46:00,893 [46] INFO  - 2023-08-22 13:45:16,F059,Z,4,iter,0,feat,3950297,23487948, Making Complete Code Target Calls, 9.62553, sec
2023-08-22 13:46:00,893 [46] INFO  - 2023-08-22 13:45:22,F059,Z,4,iter,0,feat,3950297,23487948, Target Call Location Estimation and iteration end update, 5.64118, sec
2023-08-22 13:46:00,893 [46] INFO  - 2023-08-22 13:45:22,F059,Z,4,iter,0,feat,3950297,23487948, Iteration summary generation, 0.033895, sec
2023-08-22 13:46:00,893 [46] INFO  - 2023-08-22 13:45:22,F059,Z,4,iter,0,feat,3950297,23487948, Iteration duration, 37.0324, sec
2023-08-22 13:46:00,893 [46] INFO  - 2023-08-22 13:45:25,F059,Z,4,iter,1,feat,3950297,23487948, Seed neighbor determination, 5.25206, sec
2023-08-22 13:46:00,893 [46] INFO  - 2023-08-22 13:45:35,F059,Z,4,iter,1,feat,3950297,23487948, Quality Score Generation, 22.1954, sec
2023-08-22 13:46:00,894 [46] INFO  - 2023-08-22 13:45:43,F059,Z,4,iter,1,feat,3950297,23487948, Spots per feature calculation and feature filtration, 6.17168, sec
2023-08-22 13:49:50,481 [46] INFO  - 2023-08-22 13:46:00,F059,Z,4,iter,1,feat,3950297,23487948, Making Complete Code Target Calls, 10.7622, sec
2023-08-22 13:49:50,481 [46] INFO  - 2023-08-22 13:46:05,F059,Z,4,iter,1,feat,3950297,23487948, Target Call Location Estimation and iteration end update, 2.51645, sec
2023-08-22 13:49:50,481 [46] INFO  - 2023-08-22 13:46:06,F059,Z,4,iter,1,feat,3950297,23487948, Iteration summary generation, 0.553381, sec
2023-08-22 13:49:50,482 [46] INFO  - 2023-08-22 13:46:06,F059,Z,4,iter,1,feat,3950297,23487948, Iteration duration, 45.2858, sec
2023-08-22 13:49:50,482 [46] INFO  - 2023-08-22 13:46:06,F059,Z,4,iter,1,feat,3950297,23487948, Z slice processing duration, 103.708, sec
2023-08-22 13:49:50,482 [46] INFO  - 2023-08-22 13:46:31,F059,Z,5,iter,0,feat,3478533,26966481, Spot file data loading and filtration , 17.6018, sec
2023-08-22 13:49:50,482 [46] INFO  - 2023-08-22 13:46:34,F059,Z,5,iter,0,feat,3478533,26966481, Seed neighbor determination, 5.48395, sec
2023-08-22 13:49:50,482 [46] INFO  - 2023-08-22 13:46:45,F059,Z,5,iter,0,feat,3478533,26966481, Quality Score Generation, 13.8981, sec
2023-08-22 13:49:50,482 [46] INFO  - 2023-08-22 13:46:55,F059,Z,5,iter,0,feat,3478533,26966481, Spots per feature calculation and feature filtration, 7.10088, sec
2023-08-22 13:49:50,497 [46] INFO  - 2023-08-22 13:47:07,F059,Z,5,iter,0,feat,3478533,26966481, Making Complete Code Target Calls, 8.60855, sec
2023-08-22 13:49:50,497 [46] INFO  - 2023-08-22 13:47:11,F059,Z,5,iter,0,feat,3478533,26966481, Target Call Location Estimation and iteration end update, 3.33631, sec
2023-08-22 13:49:50,498 [46] INFO  - 2023-08-22 13:47:11,F059,Z,5,iter,0,feat,3478533,26966481, Iteration summary generation, 0.024135, sec
2023-08-22 13:49:50,498 [46] INFO  - 2023-08-22 13:47:11,F059,Z,5,iter,0,feat,3478533,26966481, Iteration duration, 36.2627, sec
2023-08-22 13:49:50,498 [46] INFO  - 2023-08-22 13:47:13,F059,Z,5,iter,1,feat,3478533,26966481, Seed neighbor determination, 4.34398, sec
2023-08-22 13:49:50,498 [46] INFO  - 2023-08-22 13:47:22,F059,Z,5,iter,1,feat,3478533,26966481, Quality Score Generation, 16.3187, sec
2023-08-22 13:49:50,498 [46] INFO  - 2023-08-22 13:47:27,F059,Z,5,iter,1,feat,3478533,26966481, Spots per feature calculation and feature filtration, 5.35442, sec
2023-08-22 13:49:50,498 [46] INFO  - 2023-08-22 13:47:39,F059,Z,5,iter,1,feat,3478533,26966481, Making Complete Code Target Calls, 11.6351, sec
2023-08-22 13:49:50,498 [46] INFO  - 2023-08-22 13:47:42,F059,Z,5,iter,1,feat,3478533,26966481, Target Call Location Estimation and iteration end update, 1.95727, sec
2023-08-22 13:49:50,498 [46] INFO  - 2023-08-22 13:47:43,F059,Z,5,iter,1,feat,3478533,26966481, Iteration summary generation, 0.476595, sec
2023-08-22 13:49:50,499 [46] INFO  - 2023-08-22 13:47:43,F059,Z,5,iter,1,feat,3478533,26966481, Iteration duration, 38.3929, sec
2023-08-22 13:49:50,499 [46] INFO  - 2023-08-22 13:47:43,F059,Z,5,iter,1,feat,3478533,26966481, Z slice processing duration, 94.9263, sec
2023-08-22 13:49:50,499 [46] INFO  - 2023-08-22 13:48:11,F059,Z,6,iter,0,feat,3145090,30111571, Spot file data loading and filtration , 17.3006, sec
2023-08-22 13:49:50,499 [46] INFO  - 2023-08-22 13:48:15,F059,Z,6,iter,0,feat,3145090,30111571, Seed neighbor determination, 4.85793, sec
2023-08-22 13:49:50,499 [46] INFO  - 2023-08-22 13:48:20,F059,Z,6,iter,0,feat,3145090,30111571, Quality Score Generation, 13.4429, sec
2023-08-22 13:49:50,499 [46] INFO  - 2023-08-22 13:48:27,F059,Z,6,iter,0,feat,3145090,30111571, Spots per feature calculation and feature filtration, 6.2088, sec
2023-08-22 13:49:50,499 [46] INFO  - 2023-08-22 13:48:37,F059,Z,6,iter,0,feat,3145090,30111571, Making Complete Code Target Calls, 8.09894, sec
2023-08-22 13:49:50,499 [46] INFO  - 2023-08-22 13:48:41,F059,Z,6,iter,0,feat,3145090,30111571, Target Call Location Estimation and iteration end update, 2.6153, sec
2023-08-22 13:49:50,499 [46] INFO  - 2023-08-22 13:48:41,F059,Z,6,iter,0,feat,3145090,30111571, Iteration summary generation, 0.025859, sec
2023-08-22 13:49:50,500 [46] INFO  - 2023-08-22 13:48:41,F059,Z,6,iter,0,feat,3145090,30111571, Iteration duration, 33.4387, sec
2023-08-22 13:49:50,500 [46] INFO  - 2023-08-22 13:48:44,F059,Z,6,iter,1,feat,3145090,30111571, Seed neighbor determination, 3.84496, sec
2023-08-22 13:49:50,500 [46] INFO  - 2023-08-22 13:48:51,F059,Z,6,iter,1,feat,3145090,30111571, Quality Score Generation, 11.4584, sec
2023-08-22 13:49:50,500 [46] INFO  - 2023-08-22 13:49:00,F059,Z,6,iter,1,feat,3145090,30111571, Spots per feature calculation and feature filtration, 5.07041, sec
2023-08-22 13:49:50,500 [46] INFO  - 2023-08-22 13:49:15,F059,Z,6,iter,1,feat,3145090,30111571, Making Complete Code Target Calls, 11.8781, sec
2023-08-22 13:49:50,500 [46] INFO  - 2023-08-22 13:49:20,F059,Z,6,iter,1,feat,3145090,30111571, Target Call Location Estimation and iteration end update, 5.24087, sec
2023-08-22 13:49:50,500 [46] INFO  - 2023-08-22 13:49:21,F059,Z,6,iter,1,feat,3145090,30111571, Iteration summary generation, 0.448746, sec
2023-08-22 13:49:50,500 [46] INFO  - 2023-08-22 13:49:21,F059,Z,6,iter,1,feat,3145090,30111571, Iteration duration, 36.4469, sec
2023-08-22 13:49:50,500 [46] INFO  - 2023-08-22 13:49:21,F059,Z,6,iter,1,feat,3145090,30111571, Z slice processing duration, 89.3907, sec
2023-08-22 13:49:50,500 [46] INFO  - 2023-08-22 13:49:47,F059,Z,7,iter,0,feat,3047651,33159222, Spot file data loading and filtration , 22.4194, sec
2023-08-22 13:51:10,033 [46] INFO  - 2023-08-22 13:49:50,F059,Z,7,iter,0,feat,3047651,33159222, Seed neighbor determination, 5.52696, sec
2023-08-22 13:51:10,033 [46] INFO  - 2023-08-22 13:49:56,F059,Z,7,iter,0,feat,3047651,33159222, Quality Score Generation, 11.0842, sec
2023-08-22 13:51:10,033 [46] INFO  - 2023-08-22 13:50:04,F059,Z,7,iter,0,feat,3047651,33159222, Spots per feature calculation and feature filtration, 6.0178, sec
2023-08-22 13:51:10,033 [46] INFO  - 2023-08-22 13:50:13,F059,Z,7,iter,0,feat,3047651,33159222, Making Complete Code Target Calls, 6.87184, sec
2023-08-22 13:51:10,033 [46] INFO  - 2023-08-22 13:50:18,F059,Z,7,iter,0,feat,3047651,33159222, Target Call Location Estimation and iteration end update, 4.55507, sec
2023-08-22 13:51:10,033 [46] INFO  - 2023-08-22 13:50:18,F059,Z,7,iter,0,feat,3047651,33159222, Iteration summary generation, 0.020409, sec
2023-08-22 13:51:10,033 [46] INFO  - 2023-08-22 13:50:18,F059,Z,7,iter,0,feat,3047651,33159222, Iteration duration, 31.9294, sec
2023-08-22 13:51:10,033 [46] INFO  - 2023-08-22 13:50:20,F059,Z,7,iter,1,feat,3047651,33159222, Seed neighbor determination, 4.19652, sec
2023-08-22 13:51:10,033 [46] INFO  - 2023-08-22 13:50:26,F059,Z,7,iter,1,feat,3047651,33159222, Quality Score Generation, 13.8901, sec
2023-08-22 13:51:10,041 [46] INFO  - 2023-08-22 13:50:34,F059,Z,7,iter,1,feat,3047651,33159222, Spots per feature calculation and feature filtration, 4.40116, sec
2023-08-22 13:51:10,041 [46] INFO  - 2023-08-22 13:50:44,F059,Z,7,iter,1,feat,3047651,33159222, Making Complete Code Target Calls, 7.96734, sec
2023-08-22 13:51:10,041 [46] INFO  - 2023-08-22 13:50:47,F059,Z,7,iter,1,feat,3047651,33159222, Target Call Location Estimation and iteration end update, 3.40034, sec
2023-08-22 13:51:10,041 [46] INFO  - 2023-08-22 13:50:47,F059,Z,7,iter,1,feat,3047651,33159222, Iteration summary generation, 0.419477, sec
2023-08-22 13:51:10,041 [46] INFO  - 2023-08-22 13:50:47,F059,Z,7,iter,1,feat,3047651,33159222, Iteration duration, 32.3607, sec
2023-08-22 13:51:10,041 [46] INFO  - 2023-08-22 13:50:47,F059,Z,7,iter,1,feat,3047651,33159222, Z slice processing duration, 88.6669, sec
2023-08-22 13:51:10,042 [46] INFO  - 2023-08-22 13:50:52,F059,Z,8,iter,0,feat,1209635,34368857, Spot file data loading and filtration , 1.93594, sec
2023-08-22 13:51:10,042 [46] INFO  - 2023-08-22 13:50:52,F059,Z,8,iter,0,feat,1209635,34368857, Seed neighbor determination, 1.48527, sec
2023-08-22 13:51:10,042 [46] INFO  - 2023-08-22 13:50:54,F059,Z,8,iter,0,feat,1209635,34368857, Quality Score Generation, 3.83583, sec
2023-08-22 13:51:10,042 [46] INFO  - 2023-08-22 13:50:57,F059,Z,8,iter,0,feat,1209635,34368857, Spots per feature calculation and feature filtration, 2.72105, sec
2023-08-22 13:51:10,049 [46] INFO  - 2023-08-22 13:50:58,F059,Z,8,iter,0,feat,1209635,34368857, Making Complete Code Target Calls, 1.01843, sec
2023-08-22 13:51:10,049 [46] INFO  - 2023-08-22 13:50:59,F059,Z,8,iter,0,feat,1209635,34368857, Target Call Location Estimation and iteration end update, 0.362177, sec
2023-08-22 13:51:10,049 [46] INFO  - 2023-08-22 13:50:59,F059,Z,8,iter,0,feat,1209635,34368857, Iteration summary generation, 0.004024, sec
2023-08-22 13:51:10,049 [46] INFO  - 2023-08-22 13:50:59,F059,Z,8,iter,0,feat,1209635,34368857, Iteration duration, 8.76055, sec
2023-08-22 13:51:10,049 [46] INFO  - 2023-08-22 13:51:00,F059,Z,8,iter,1,feat,1209635,34368857, Seed neighbor determination, 1.62469, sec
2023-08-22 13:51:10,049 [46] INFO  - 2023-08-22 13:51:02,F059,Z,8,iter,1,feat,1209635,34368857, Quality Score Generation, 4.1986, sec
2023-08-22 13:51:10,049 [46] INFO  - 2023-08-22 13:51:04,F059,Z,8,iter,1,feat,1209635,34368857, Spots per feature calculation and feature filtration, 2.13043, sec
2023-08-22 13:51:10,049 [46] INFO  - 2023-08-22 13:51:06,F059,Z,8,iter,1,feat,1209635,34368857, Making Complete Code Target Calls, 1.21005, sec
2023-08-22 13:51:10,050 [46] INFO  - 2023-08-22 13:51:06,F059,Z,8,iter,1,feat,1209635,34368857, Target Call Location Estimation and iteration end update, 0.187577, sec
2023-08-22 13:51:10,050 [46] INFO  - 2023-08-22 13:51:06,F059,Z,8,iter,1,feat,1209635,34368857, Iteration summary generation, 0.085723, sec
2023-08-22 13:51:10,050 [46] INFO  - 2023-08-22 13:51:06,F059,Z,8,iter,1,feat,1209635,34368857, Iteration duration, 8.79774, sec
2023-08-22 13:51:10,050 [46] INFO  - 2023-08-22 13:51:06,F059,Z,8,iter,1,feat,1209635,34368857, Z slice processing duration, 21.5996, sec
2023-08-22 13:51:10,050 [46] INFO  - 2023-08-22 13:51:09,F059,Z,8,iter,1,feat,1209635,34368857, FOV processing duration (final) , 927.663, sec
2023-08-22 13:51:10,087 [46] INFO  - Exited
2023-08-22 13:51:10,087 [46] INFO  - System.EventArgs
2023-08-22 13:51:10,088 [46] INFO  - { }
2023-08-22 13:51:10,090 [1] INFO  - mtmc run complete
2023-08-22 13:51:10,090 [1] INFO  - Zipping and uploading results...
2023-08-22 13:51:10,090 [1] INFO  - Uploading mtm results to storage.
2023-08-22 13:51:10,091 [1] INFO  - Start uploading /app/out/FOV059 to 892d9dcc-e56d-475c-8dee-2c395064223d/2302H0033/c9d29823-a69c-4328-a6b9-53e2b78fa3e3/Run_76ed1d6b-57d6-4076-9a09-09a6f1ded693_20230817_2302h0033_ControlCenter/20230817_175305/20230817_175305_S1/AnalysisResults/oxdwyv2woj/FOV059
2023-08-22 13:51:10,092 [1] INFO  - Executing with retries set to: 10
2023-08-22 13:51:13,569 [1] INFO  - Upload /app/out/FOV059 finished
2023-08-22 13:51:13,569 [1] INFO  - Results uploaded.
2023-08-22 13:51:13,569 [1] INFO  - All done
2023-08-22 13:51:13,569 [1] INFO  - Executing with retries set to: 10
2023-08-22 13:51:13,569 [1] INFO  - Setting fov oxdwyv2woj-a4hmq into status Completed
2023-08-22 13:51:13,607 [1] INFO  - Saving a fov processing run: oxdwyv2woj-a4hmq
2023-08-22 13:51:13,607 [1] INFO  - Updating an existing fov run.
2023-08-22 13:51:13,618 [1] INFO  - Uploading logs
2023-08-22 13:51:13,619 [1] INFO  - Start uploading 892d9dcc-e56d-475c-8dee-2c395064223d/2302H0033/c9d29823-a69c-4328-a6b9-53e2b78fa3e3/Run_76ed1d6b-57d6-4076-9a09-09a6f1ded693_20230817_2302h0033_ControlCenter/20230817_175305/20230817_175305_S1/AnalysisResults/oxdwyv2woj/FOV059/mtm-run.log
