2023-08-22 13:32:36,198 [1] INFO  - Using bucket s3-euw1-eu2-datarepository-eu2-eu2-kcl-01 and region eu-west-1
2023-08-22 13:32:36,248 [1] INFO  - Using role to access S3
2023-08-22 13:32:36,632 [1] INFO  - ===============================
2023-08-22 13:32:36,632 [1] INFO  - build info: 
commit 1860d865ce7409a4b25d5549a62e2b7be0a93d33
Author: alexander-serebriyan <alexander.serebriyan@teamdev.com>
Date:   Fri Feb 10 15:42:48 2023 +0100

    Add UAT env for ECR pushing.

Build done on: Fri Feb 10 14:46:39 UTC 2023
Version: 20230210.1

2023-08-22 13:32:36,632 [1] INFO  - ===============================
2023-08-22 13:32:36,632 [1] INFO  - Starting the job. Results will be uploaded to: 892d9dcc-e56d-475c-8dee-2c395064223d/2302H0033/c9d29823-a69c-4328-a6b9-53e2b78fa3e3/Run_76ed1d6b-57d6-4076-9a09-09a6f1ded693_20230817_2302h0033_ControlCenter/20230817_175305/20230817_175305_S1/AnalysisResults/oxdwyv2woj/FOV043
2023-08-22 13:32:36,632 [1] INFO  - Checking FOV status. Ref: oxdwyv2woj-fr337, ID: 892d9dcc-e56d-475c-8dee-2c395064223d/2302H0033/c9d29823-a69c-4328-a6b9-53e2b78fa3e3/Run_76ed1d6b-57d6-4076-9a09-09a6f1ded693_20230817_2302h0033_ControlCenter/20230817_175305/20230817_175305_S1/SpotFiles/FOV043/
2023-08-22 13:32:36,969 [1] INFO  - Executing with retries set to: 10
2023-08-22 13:32:36,969 [1] INFO  - Setting fov oxdwyv2woj-fr337 into status InProgress
2023-08-22 13:32:36,975 [1] INFO  - Saving a fov processing run: oxdwyv2woj-fr337
2023-08-22 13:32:36,975 [1] INFO  - Updating an existing fov run.
2023-08-22 13:32:37,040 [1] INFO  - Downloading FOV using next path: 892d9dcc-e56d-475c-8dee-2c395064223d/2302H0033/c9d29823-a69c-4328-a6b9-53e2b78fa3e3/Run_76ed1d6b-57d6-4076-9a09-09a6f1ded693_20230817_2302h0033_ControlCenter/20230817_175305/20230817_175305_S1/SpotFiles/FOV043/
2023-08-22 13:32:37,041 [1] INFO  - Start downloading 892d9dcc-e56d-475c-8dee-2c395064223d/2302H0033/c9d29823-a69c-4328-a6b9-53e2b78fa3e3/Run_76ed1d6b-57d6-4076-9a09-09a6f1ded693_20230817_2302h0033_ControlCenter/20230817_175305/20230817_175305_S1/SpotFiles/FOV043/
2023-08-22 13:32:37,041 [1] INFO  - Executing with retries set to: 10
2023-08-22 13:36:39,030 [1] INFO  - Download 892d9dcc-e56d-475c-8dee-2c395064223d/2302H0033/c9d29823-a69c-4328-a6b9-53e2b78fa3e3/Run_76ed1d6b-57d6-4076-9a09-09a6f1ded693_20230817_2302h0033_ControlCenter/20230817_175305/20230817_175305_S1/SpotFiles/FOV043/ complete
2023-08-22 13:36:39,030 [1] INFO  - Custom plex file specified. The default one will be overriden.
2023-08-22 13:36:39,030 [1] INFO  - Downloading plex file using next path: 892d9dcc-e56d-475c-8dee-2c395064223d/2302H0033/c9d29823-a69c-4328-a6b9-53e2b78fa3e3/Run_76ed1d6b-57d6-4076-9a09-09a6f1ded693_20230817_2302h0033_ControlCenter/20230817_175305/20230817_175305_S1/plex-oxdwyv2woj.txt
2023-08-22 13:36:39,030 [1] INFO  - Downloading 892d9dcc-e56d-475c-8dee-2c395064223d/2302H0033/c9d29823-a69c-4328-a6b9-53e2b78fa3e3/Run_76ed1d6b-57d6-4076-9a09-09a6f1ded693_20230817_2302h0033_ControlCenter/20230817_175305/20230817_175305_S1/plex-oxdwyv2woj.txt
2023-08-22 13:36:39,152 [1] INFO  - Download 892d9dcc-e56d-475c-8dee-2c395064223d/2302H0033/c9d29823-a69c-4328-a6b9-53e2b78fa3e3/Run_76ed1d6b-57d6-4076-9a09-09a6f1ded693_20230817_2302h0033_ControlCenter/20230817_175305/20230817_175305_S1/plex-oxdwyv2woj.txt finished
2023-08-22 13:36:39,153 [1] INFO  - No user params file specified. Trying to use the one from the storage.
2023-08-22 13:36:39,153 [1] INFO  - Downloading params file using next path: 892d9dcc-e56d-475c-8dee-2c395064223d/2302H0033/c9d29823-a69c-4328-a6b9-53e2b78fa3e3/Run_76ed1d6b-57d6-4076-9a09-09a6f1ded693_20230817_2302h0033_ControlCenter/20230817_175305/20230817_175305_S1/analysis_params_v6.txt
2023-08-22 13:36:39,153 [1] INFO  - Downloading 892d9dcc-e56d-475c-8dee-2c395064223d/2302H0033/c9d29823-a69c-4328-a6b9-53e2b78fa3e3/Run_76ed1d6b-57d6-4076-9a09-09a6f1ded693_20230817_2302h0033_ControlCenter/20230817_175305/20230817_175305_S1/analysis_params_v6.txt
2023-08-22 13:36:39,194 [1] ERROR -    at Amazon.Runtime.Internal.HttpErrorResponseExceptionHandler.HandleExceptionStream(IRequestContext requestContext, IWebResponseData httpErrorResponse, HttpErrorResponseException exception, Stream responseStream)
   at Amazon.Runtime.Internal.HttpErrorResponseExceptionHandler.HandleExceptionAsync(IExecutionContext executionContext, HttpErrorResponseException exception)
   at Amazon.Runtime.Internal.ExceptionHandler`1.HandleAsync(IExecutionContext executionContext, Exception exception)
   at Amazon.Runtime.Internal.ErrorHandler.ProcessExceptionAsync(IExecutionContext executionContext, Exception exception)
   at Amazon.Runtime.Internal.ErrorHandler.InvokeAsync[T](IExecutionContext executionContext)
   at Amazon.Runtime.Internal.CallbackHandler.InvokeAsync[T](IExecutionContext executionContext)
   at Amazon.Runtime.Internal.EndpointDiscoveryHandler.InvokeAsync[T](IExecutionContext executionContext)
   at Amazon.Runtime.Internal.EndpointDiscoveryHandler.InvokeAsync[T](IExecutionContext executionContext)
   at Amazon.Runtime.Internal.CredentialsRetriever.InvokeAsync[T](IExecutionContext executionContext)
   at Amazon.Runtime.Internal.RetryHandler.InvokeAsync[T](IExecutionContext executionContext)
   at Amazon.Runtime.Internal.RetryHandler.InvokeAsync[T](IExecutionContext executionContext)
   at Amazon.Runtime.Internal.CallbackHandler.InvokeAsync[T](IExecutionContext executionContext)
   at Amazon.Runtime.Internal.CallbackHandler.InvokeAsync[T](IExecutionContext executionContext)
   at Amazon.S3.Internal.AmazonS3ExceptionHandler.InvokeAsync[T](IExecutionContext executionContext)
   at Amazon.Runtime.Internal.ErrorCallbackHandler.InvokeAsync[T](IExecutionContext executionContext)
   at Amazon.Runtime.Internal.MetricsHandler.InvokeAsync[T](IExecutionContext executionContext)
   at Amazon.S3.Transfer.Internal.DownloadCommand.ExecuteAsync(CancellationToken cancellationToken)
   at Amazon.S3.Transfer.TransferUtility.Download(String filePath, String bucketName, String key)
   at Core.S3FileStorageService.DownloadFile(String remoteFilePath, String localFilePath) in /src/Core/S3FileStorageService.cs:line 67
   at MTMCWorker.Service.Impl.MtmcWorker.FetchParamsFile(String paramsFileRef, String flowCellPath) in /src/MTMCWorker/Service/Impl/MtmcWorker.cs:line 297
2023-08-22 13:36:39,194 [1] INFO  - Can't download params file next to nBCDir. Using the default one.
Amazon.S3.AmazonS3Exception: The specified key does not exist.
 ---> Amazon.Runtime.Internal.HttpErrorResponseException: Exception of type 'Amazon.Runtime.Internal.HttpErrorResponseException' was thrown.
   at Amazon.Runtime.HttpWebRequestMessage.GetResponseAsync(CancellationToken cancellationToken)
   at Amazon.Runtime.Internal.HttpHandler`1.InvokeAsync[T](IExecutionContext executionContext)
   at Amazon.Runtime.Internal.RedirectHandler.InvokeAsync[T](IExecutionContext executionContext)
   at Amazon.Runtime.Internal.Unmarshaller.InvokeAsync[T](IExecutionContext executionContext)
   at Amazon.S3.Internal.AmazonS3ResponseHandler.InvokeAsync[T](IExecutionContext executionContext)
   at Amazon.Runtime.Internal.ErrorHandler.InvokeAsync[T](IExecutionContext executionContext)
   --- End of inner exception stack trace ---
   at Amazon.Runtime.Internal.HttpErrorResponseExceptionHandler.HandleExceptionStream(IRequestContext requestContext, IWebResponseData httpErrorResponse, HttpErrorResponseException exception, Stream responseStream)
   at Amazon.Runtime.Internal.HttpErrorResponseExceptionHandler.HandleExceptionAsync(IExecutionContext executionContext, HttpErrorResponseException exception)
   at Amazon.Runtime.Internal.ExceptionHandler`1.HandleAsync(IExecutionContext executionContext, Exception exception)
   at Amazon.Runtime.Internal.ErrorHandler.ProcessExceptionAsync(IExecutionContext executionContext, Exception exception)
   at Amazon.Runtime.Internal.ErrorHandler.InvokeAsync[T](IExecutionContext executionContext)
   at Amazon.Runtime.Internal.CallbackHandler.InvokeAsync[T](IExecutionContext executionContext)
   at Amazon.Runtime.Internal.EndpointDiscoveryHandler.InvokeAsync[T](IExecutionContext executionContext)
   at Amazon.Runtime.Internal.EndpointDiscoveryHandler.InvokeAsync[T](IExecutionContext executionContext)
   at Amazon.Runtime.Internal.CredentialsRetriever.InvokeAsync[T](IExecutionContext executionContext)
   at Amazon.Runtime.Internal.RetryHandler.InvokeAsync[T](IExecutionContext executionContext)
   at Amazon.Runtime.Internal.RetryHandler.InvokeAsync[T](IExecutionContext executionContext)
   at Amazon.Runtime.Internal.CallbackHandler.InvokeAsync[T](IExecutionContext executionContext)
   at Amazon.Runtime.Internal.CallbackHandler.InvokeAsync[T](IExecutionContext executionContext)
   at Amazon.S3.Internal.AmazonS3ExceptionHandler.InvokeAsync[T](IExecutionContext executionContext)
   at Amazon.Runtime.Internal.ErrorCallbackHandler.InvokeAsync[T](IExecutionContext executionContext)
   at Amazon.Runtime.Internal.MetricsHandler.InvokeAsync[T](IExecutionContext executionContext)
   at Amazon.S3.Transfer.Internal.DownloadCommand.ExecuteAsync(CancellationToken cancellationToken)
   at Amazon.S3.Transfer.TransferUtility.Download(String filePath, String bucketName, String key)
   at Core.S3FileStorageService.DownloadFile(String remoteFilePath, String localFilePath) in /src/Core/S3FileStorageService.cs:line 67
   at MTMCWorker.Service.Impl.MtmcWorker.FetchParamsFile(String paramsFileRef, String flowCellPath) in /src/MTMCWorker/Service/Impl/MtmcWorker.cs:line 297
2023-08-22 13:36:39,199 [1] INFO  - Fetching CellStatsDir folder data...
2023-08-22 13:36:39,268 [1] INFO  - Downloading 892d9dcc-e56d-475c-8dee-2c395064223d/2302H0033/c9d29823-a69c-4328-a6b9-53e2b78fa3e3/Run_76ed1d6b-57d6-4076-9a09-09a6f1ded693_20230817_2302h0033_ControlCenter/20230817_175305/20230817_175305_S1/CellStatsDir/CellComposite/CellComposite_F043.jpg
2023-08-22 13:36:39,559 [1] INFO  - Download 892d9dcc-e56d-475c-8dee-2c395064223d/2302H0033/c9d29823-a69c-4328-a6b9-53e2b78fa3e3/Run_76ed1d6b-57d6-4076-9a09-09a6f1ded693_20230817_2302h0033_ControlCenter/20230817_175305/20230817_175305_S1/CellStatsDir/CellComposite/CellComposite_F043.jpg finished
2023-08-22 13:36:39,559 [1] INFO  - Downloading 892d9dcc-e56d-475c-8dee-2c395064223d/2302H0033/c9d29823-a69c-4328-a6b9-53e2b78fa3e3/Run_76ed1d6b-57d6-4076-9a09-09a6f1ded693_20230817_2302h0033_ControlCenter/20230817_175305/20230817_175305_S1/CellStatsDir/CellOverlay/CellOverlay_F043.jpg
2023-08-22 13:36:39,976 [1] INFO  - Download 892d9dcc-e56d-475c-8dee-2c395064223d/2302H0033/c9d29823-a69c-4328-a6b9-53e2b78fa3e3/Run_76ed1d6b-57d6-4076-9a09-09a6f1ded693_20230817_2302h0033_ControlCenter/20230817_175305/20230817_175305_S1/CellStatsDir/CellOverlay/CellOverlay_F043.jpg finished
2023-08-22 13:36:39,976 [1] INFO  - Downloading 892d9dcc-e56d-475c-8dee-2c395064223d/2302H0033/c9d29823-a69c-4328-a6b9-53e2b78fa3e3/Run_76ed1d6b-57d6-4076-9a09-09a6f1ded693_20230817_2302h0033_ControlCenter/20230817_175305/20230817_175305_S1/CellStatsDir/FOV043/CellLabels_F043.tif
2023-08-22 13:36:40,239 [1] INFO  - Download 892d9dcc-e56d-475c-8dee-2c395064223d/2302H0033/c9d29823-a69c-4328-a6b9-53e2b78fa3e3/Run_76ed1d6b-57d6-4076-9a09-09a6f1ded693_20230817_2302h0033_ControlCenter/20230817_175305/20230817_175305_S1/CellStatsDir/FOV043/CellLabels_F043.tif finished
2023-08-22 13:36:40,239 [1] INFO  - Downloading 892d9dcc-e56d-475c-8dee-2c395064223d/2302H0033/c9d29823-a69c-4328-a6b9-53e2b78fa3e3/Run_76ed1d6b-57d6-4076-9a09-09a6f1ded693_20230817_2302h0033_ControlCenter/20230817_175305/20230817_175305_S1/CellStatsDir/FOV043/CompartmentLabels_F043.tif
2023-08-22 13:36:40,496 [1] INFO  - Download 892d9dcc-e56d-475c-8dee-2c395064223d/2302H0033/c9d29823-a69c-4328-a6b9-53e2b78fa3e3/Run_76ed1d6b-57d6-4076-9a09-09a6f1ded693_20230817_2302h0033_ControlCenter/20230817_175305/20230817_175305_S1/CellStatsDir/FOV043/CompartmentLabels_F043.tif finished
2023-08-22 13:36:40,496 [1] INFO  - Downloading 892d9dcc-e56d-475c-8dee-2c395064223d/2302H0033/c9d29823-a69c-4328-a6b9-53e2b78fa3e3/Run_76ed1d6b-57d6-4076-9a09-09a6f1ded693_20230817_2302h0033_ControlCenter/20230817_175305/20230817_175305_S1/CellStatsDir/FOV043/Run_76ed1d6b-57d6-4076-9a09-09a6f1ded693_20230817_175305_S1_Cell_Stats_F043.csv
2023-08-22 13:36:40,705 [1] INFO  - Download 892d9dcc-e56d-475c-8dee-2c395064223d/2302H0033/c9d29823-a69c-4328-a6b9-53e2b78fa3e3/Run_76ed1d6b-57d6-4076-9a09-09a6f1ded693_20230817_2302h0033_ControlCenter/20230817_175305/20230817_175305_S1/CellStatsDir/FOV043/Run_76ed1d6b-57d6-4076-9a09-09a6f1ded693_20230817_175305_S1_Cell_Stats_F043.csv finished
2023-08-22 13:36:40,705 [1] INFO  - Downloading 892d9dcc-e56d-475c-8dee-2c395064223d/2302H0033/c9d29823-a69c-4328-a6b9-53e2b78fa3e3/Run_76ed1d6b-57d6-4076-9a09-09a6f1ded693_20230817_2302h0033_ControlCenter/20230817_175305/20230817_175305_S1/CellStatsDir/Morphology2D/20230817_175305_S1_C902_P99_N99_F043.TIF
2023-08-22 13:36:42,125 [1] INFO  - Download 892d9dcc-e56d-475c-8dee-2c395064223d/2302H0033/c9d29823-a69c-4328-a6b9-53e2b78fa3e3/Run_76ed1d6b-57d6-4076-9a09-09a6f1ded693_20230817_2302h0033_ControlCenter/20230817_175305/20230817_175305_S1/CellStatsDir/Morphology2D/20230817_175305_S1_C902_P99_N99_F043.TIF finished
2023-08-22 13:36:42,125 [1] INFO  - Downloading 892d9dcc-e56d-475c-8dee-2c395064223d/2302H0033/c9d29823-a69c-4328-a6b9-53e2b78fa3e3/Run_76ed1d6b-57d6-4076-9a09-09a6f1ded693_20230817_2302h0033_ControlCenter/20230817_175305/20230817_175305_S1/CellStatsDir/RnD/Run_76ed1d6b-57d6-4076-9a09-09a6f1ded693_20230817_175305_S1_Summary_F043.csv
2023-08-22 13:36:42,281 [1] INFO  - Download 892d9dcc-e56d-475c-8dee-2c395064223d/2302H0033/c9d29823-a69c-4328-a6b9-53e2b78fa3e3/Run_76ed1d6b-57d6-4076-9a09-09a6f1ded693_20230817_2302h0033_ControlCenter/20230817_175305/20230817_175305_S1/CellStatsDir/RnD/Run_76ed1d6b-57d6-4076-9a09-09a6f1ded693_20230817_175305_S1_Summary_F043.csv finished
2023-08-22 13:36:42,281 [1] INFO  - CellStatsDir data download complete.
2023-08-22 13:36:42,281 [1] INFO  - FOV downloaded successfully.
2023-08-22 13:36:42,281 [1] INFO  - Preparing dirs structure for mtmc
2023-08-22 13:36:42,281 [1] INFO  - Preparing mtmc input. FOV dir: FOV043
2023-08-22 13:36:42,285 [1] INFO  - Running mtmc...
2023-08-22 13:36:42,295 [22] INFO  - directory: "/app/input_data/"
2023-08-22 13:36:42,626 [23] INFO  - directory: "/app/out/FOV043/"
2023-08-22 13:42:29,087 [22] INFO  - 2023-08-22 13:36:42,F043,Z,0,iter,0,feat,0,0, Reading and combining input data, 0.041857, sec
2023-08-22 13:42:29,087 [22] INFO  - 2023-08-22 13:36:45,F043,Z,0,iter,0,feat,1162598,1162598, Spot file data loading and filtration , 2.72543, sec
2023-08-22 13:42:29,087 [22] INFO  - 2023-08-22 13:36:46,F043,Z,0,iter,0,feat,1162598,1162598, Seed neighbor determination, 1.48453, sec
2023-08-22 13:42:29,087 [22] INFO  - 2023-08-22 13:36:47,F043,Z,0,iter,0,feat,1162598,1162598, Quality Score Generation, 2.03304, sec
2023-08-22 13:42:29,087 [22] INFO  - 2023-08-22 13:36:51,F043,Z,0,iter,0,feat,1162598,1162598, Spots per feature calculation and feature filtration, 2.54651, sec
2023-08-22 13:42:29,087 [22] INFO  - 2023-08-22 13:36:51,F043,Z,0,iter,0,feat,1162598,1162598, Making Complete Code Target Calls, 0.237048, sec
2023-08-22 13:42:29,087 [22] INFO  - 2023-08-22 13:36:51,F043,Z,0,iter,0,feat,1162598,1162598, Target Call Location Estimation and iteration end update, 0.085233, sec
2023-08-22 13:42:29,087 [22] INFO  - 2023-08-22 13:36:51,F043,Z,0,iter,0,feat,1162598,1162598, Iteration summary generation, 0.000512, sec
2023-08-22 13:42:29,087 [22] INFO  - 2023-08-22 13:36:51,F043,Z,0,iter,0,feat,1162598,1162598, Iteration duration, 5.75527, sec
2023-08-22 13:42:29,095 [33] INFO  - 2023-08-22 13:36:52,F043,Z,0,iter,1,feat,1162598,1162598, Seed neighbor determination, 1.36354, sec
2023-08-22 13:42:29,095 [33] INFO  - 2023-08-22 13:36:53,F043,Z,0,iter,1,feat,1162598,1162598, Quality Score Generation, 2.71344, sec
2023-08-22 13:42:29,095 [33] INFO  - 2023-08-22 13:36:56,F043,Z,0,iter,1,feat,1162598,1162598, Spots per feature calculation and feature filtration, 2.41793, sec
2023-08-22 13:42:29,095 [33] INFO  - 2023-08-22 13:36:57,F043,Z,0,iter,1,feat,1162598,1162598, Making Complete Code Target Calls, 0.377459, sec
2023-08-22 13:42:29,095 [33] INFO  - 2023-08-22 13:36:57,F043,Z,0,iter,1,feat,1162598,1162598, Target Call Location Estimation and iteration end update, 0.049591, sec
2023-08-22 13:42:29,095 [33] INFO  - 2023-08-22 13:36:57,F043,Z,0,iter,1,feat,1162598,1162598, Iteration summary generation, 0.010223, sec
2023-08-22 13:42:29,095 [33] INFO  - 2023-08-22 13:36:57,F043,Z,0,iter,1,feat,1162598,1162598, Iteration duration, 6.37047, sec
2023-08-22 13:42:29,095 [33] INFO  - 2023-08-22 13:36:57,F043,Z,0,iter,1,feat,1162598,1162598, Z slice processing duration, 14.8535, sec
2023-08-22 13:42:29,095 [33] INFO  - 2023-08-22 13:37:35,F043,Z,1,iter,0,feat,6496402,7659000, Spot file data loading and filtration , 30.911, sec
2023-08-22 13:42:29,095 [33] INFO  - 2023-08-22 13:37:40,F043,Z,1,iter,0,feat,6496402,7659000, Seed neighbor determination, 8.52626, sec
2023-08-22 13:42:29,103 [33] INFO  - 2023-08-22 13:37:54,F043,Z,1,iter,0,feat,6496402,7659000, Quality Score Generation, 30.409, sec
2023-08-22 13:42:29,103 [33] INFO  - 2023-08-22 13:38:13,F043,Z,1,iter,0,feat,6496402,7659000, Spots per feature calculation and feature filtration, 13.4181, sec
2023-08-22 13:42:29,103 [33] INFO  - 2023-08-22 13:38:39,F043,Z,1,iter,0,feat,6496402,7659000, Making Complete Code Target Calls, 18.8553, sec
2023-08-22 13:42:29,103 [33] INFO  - 2023-08-22 13:38:52,F043,Z,1,iter,0,feat,6496402,7659000, Target Call Location Estimation and iteration end update, 8.71213, sec
2023-08-22 13:42:29,103 [33] INFO  - 2023-08-22 13:38:52,F043,Z,1,iter,0,feat,6496402,7659000, Iteration summary generation, 0.051891, sec
2023-08-22 13:42:29,103 [33] INFO  - 2023-08-22 13:38:52,F043,Z,1,iter,0,feat,6496402,7659000, Iteration duration, 76.5428, sec
2023-08-22 13:42:29,103 [33] INFO  - 2023-08-22 13:38:59,F043,Z,1,iter,1,feat,6496402,7659000, Seed neighbor determination, 13.4483, sec
2023-08-22 13:42:29,103 [33] INFO  - 2023-08-22 13:39:21,F043,Z,1,iter,1,feat,6496402,7659000, Quality Score Generation, 46.4913, sec
2023-08-22 13:42:29,103 [33] INFO  - 2023-08-22 13:39:35,F043,Z,1,iter,1,feat,6496402,7659000, Spots per feature calculation and feature filtration, 10.8599, sec
2023-08-22 13:42:29,103 [33] INFO  - 2023-08-22 13:40:02,F043,Z,1,iter,1,feat,6496402,7659000, Making Complete Code Target Calls, 24.9369, sec
2023-08-22 13:42:29,103 [33] INFO  - 2023-08-22 13:40:10,F043,Z,1,iter,1,feat,6496402,7659000, Target Call Location Estimation and iteration end update, 6.28905, sec
2023-08-22 13:42:29,103 [33] INFO  - 2023-08-22 13:40:11,F043,Z,1,iter,1,feat,6496402,7659000, Iteration summary generation, 0.8355, sec
2023-08-22 13:42:29,103 [33] INFO  - 2023-08-22 13:40:11,F043,Z,1,iter,1,feat,6496402,7659000, Iteration duration, 97.1887, sec
2023-08-22 13:42:29,103 [33] INFO  - 2023-08-22 13:40:11,F043,Z,1,iter,1,feat,6496402,7659000, Z slice processing duration, 205.405, sec
2023-08-22 13:42:29,103 [33] INFO  - 2023-08-22 13:41:01,F043,Z,2,iter,0,feat,6229791,13888791, Spot file data loading and filtration , 34.5307, sec
2023-08-22 13:42:29,103 [33] INFO  - 2023-08-22 13:41:07,F043,Z,2,iter,0,feat,6229791,13888791, Seed neighbor determination, 9.21704, sec
2023-08-22 13:42:29,103 [33] INFO  - 2023-08-22 13:41:24,F043,Z,2,iter,0,feat,6229791,13888791, Quality Score Generation, 30.2983, sec
2023-08-22 13:42:29,103 [33] INFO  - 2023-08-22 13:41:40,F043,Z,2,iter,0,feat,6229791,13888791, Spots per feature calculation and feature filtration, 11.6829, sec
2023-08-22 13:42:29,103 [33] INFO  - 2023-08-22 13:42:13,F043,Z,2,iter,0,feat,6229791,13888791, Making Complete Code Target Calls, 24.5273, sec
2023-08-22 13:48:37,368 [26] INFO  - 2023-08-22 13:42:29,F043,Z,2,iter,0,feat,6229791,13888791, Target Call Location Estimation and iteration end update, 13.7821, sec
2023-08-22 13:48:37,368 [26] INFO  - 2023-08-22 13:42:29,F043,Z,2,iter,0,feat,6229791,13888791, Iteration summary generation, 0.109445, sec
2023-08-22 13:48:37,368 [26] INFO  - 2023-08-22 13:42:29,F043,Z,2,iter,0,feat,6229791,13888791, Iteration duration, 86.0115, sec
2023-08-22 13:48:37,368 [26] INFO  - 2023-08-22 13:42:36,F043,Z,2,iter,1,feat,6229791,13888791, Seed neighbor determination, 9.28547, sec
2023-08-22 13:48:37,368 [26] INFO  - 2023-08-22 13:42:51,F043,Z,2,iter,1,feat,6229791,13888791, Quality Score Generation, 37.1739, sec
2023-08-22 13:48:37,368 [26] INFO  - 2023-08-22 13:43:02,F043,Z,2,iter,1,feat,6229791,13888791, Spots per feature calculation and feature filtration, 8.68601, sec
2023-08-22 13:48:37,368 [26] INFO  - 2023-08-22 13:43:45,F043,Z,2,iter,1,feat,6229791,13888791, Making Complete Code Target Calls, 33.7971, sec
2023-08-22 13:48:37,368 [26] INFO  - 2023-08-22 13:43:55,F043,Z,2,iter,1,feat,6229791,13888791, Target Call Location Estimation and iteration end update, 8.80402, sec
2023-08-22 13:48:37,368 [26] INFO  - 2023-08-22 13:43:56,F043,Z,2,iter,1,feat,6229791,13888791, Iteration summary generation, 1.22935, sec
2023-08-22 13:48:37,375 [45] INFO  - 2023-08-22 13:43:56,F043,Z,2,iter,1,feat,6229791,13888791, Iteration duration, 95.0879, sec
2023-08-22 13:48:37,375 [45] INFO  - 2023-08-22 13:43:57,F043,Z,2,iter,1,feat,6229791,13888791, Z slice processing duration, 222.503, sec
2023-08-22 13:48:37,375 [45] INFO  - 2023-08-22 13:44:27,F043,Z,3,iter,0,feat,5094208,18982999, Spot file data loading and filtration , 21.4834, sec
2023-08-22 13:48:37,375 [45] INFO  - 2023-08-22 13:44:32,F043,Z,3,iter,0,feat,5094208,18982999, Seed neighbor determination, 7.6186, sec
2023-08-22 13:48:37,375 [45] INFO  - 2023-08-22 13:44:44,F043,Z,3,iter,0,feat,5094208,18982999, Quality Score Generation, 25.5261, sec
2023-08-22 13:48:37,375 [45] INFO  - 2023-08-22 13:44:58,F043,Z,3,iter,0,feat,5094208,18982999, Spots per feature calculation and feature filtration, 10.2404, sec
2023-08-22 13:48:37,375 [45] INFO  - 2023-08-22 13:45:23,F043,Z,3,iter,0,feat,5094208,18982999, Making Complete Code Target Calls, 19.1756, sec
2023-08-22 13:48:37,375 [45] INFO  - 2023-08-22 13:45:33,F043,Z,3,iter,0,feat,5094208,18982999, Target Call Location Estimation and iteration end update, 8.26996, sec
2023-08-22 13:48:37,375 [45] INFO  - 2023-08-22 13:45:33,F043,Z,3,iter,0,feat,5094208,18982999, Iteration summary generation, 0.052475, sec
2023-08-22 13:48:37,375 [45] INFO  - 2023-08-22 13:45:33,F043,Z,3,iter,0,feat,5094208,18982999, Iteration duration, 67.632, sec
2023-08-22 13:48:37,375 [45] INFO  - 2023-08-22 13:45:37,F043,Z,3,iter,1,feat,5094208,18982999, Seed neighbor determination, 7.1573, sec
2023-08-22 13:48:37,375 [45] INFO  - 2023-08-22 13:45:52,F043,Z,3,iter,1,feat,5094208,18982999, Quality Score Generation, 26.1591, sec
2023-08-22 13:48:37,375 [45] INFO  - 2023-08-22 13:46:00,F043,Z,3,iter,1,feat,5094208,18982999, Spots per feature calculation and feature filtration, 7.13898, sec
2023-08-22 13:48:37,375 [45] INFO  - 2023-08-22 13:46:29,F043,Z,3,iter,1,feat,5094208,18982999, Making Complete Code Target Calls, 23.8928, sec
2023-08-22 13:48:37,375 [45] INFO  - 2023-08-22 13:46:37,F043,Z,3,iter,1,feat,5094208,18982999, Target Call Location Estimation and iteration end update, 7.0134, sec
2023-08-22 13:48:37,375 [45] INFO  - 2023-08-22 13:46:38,F043,Z,3,iter,1,feat,5094208,18982999, Iteration summary generation, 0.969106, sec
2023-08-22 13:48:37,375 [45] INFO  - 2023-08-22 13:46:38,F043,Z,3,iter,1,feat,5094208,18982999, Iteration duration, 69.3565, sec
2023-08-22 13:48:37,375 [45] INFO  - 2023-08-22 13:46:38,F043,Z,3,iter,1,feat,5094208,18982999, Z slice processing duration, 163.194, sec
2023-08-22 13:48:37,375 [45] INFO  - 2023-08-22 13:47:10,F043,Z,4,iter,0,feat,4222769,23205768, Spot file data loading and filtration , 24.0078, sec
2023-08-22 13:48:37,391 [45] INFO  - 2023-08-22 13:47:13,F043,Z,4,iter,0,feat,4222769,23205768, Seed neighbor determination, 5.5195, sec
2023-08-22 13:48:37,391 [45] INFO  - 2023-08-22 13:47:20,F043,Z,4,iter,0,feat,4222769,23205768, Quality Score Generation, 13.8288, sec
2023-08-22 13:48:37,391 [45] INFO  - 2023-08-22 13:47:31,F043,Z,4,iter,0,feat,4222769,23205768, Spots per feature calculation and feature filtration, 7.93392, sec
2023-08-22 13:48:37,391 [45] INFO  - 2023-08-22 13:47:51,F043,Z,4,iter,0,feat,4222769,23205768, Making Complete Code Target Calls, 16.4382, sec
2023-08-22 13:48:37,391 [45] INFO  - 2023-08-22 13:47:57,F043,Z,4,iter,0,feat,4222769,23205768, Target Call Location Estimation and iteration end update, 5.27722, sec
2023-08-22 13:48:37,391 [45] INFO  - 2023-08-22 13:47:58,F043,Z,4,iter,0,feat,4222769,23205768, Iteration summary generation, 0.052617, sec
2023-08-22 13:48:37,391 [45] INFO  - 2023-08-22 13:47:58,F043,Z,4,iter,0,feat,4222769,23205768, Iteration duration, 46.8827, sec
2023-08-22 13:48:37,391 [45] INFO  - 2023-08-22 13:48:02,F043,Z,4,iter,1,feat,4222769,23205768, Seed neighbor determination, 6.50297, sec
2023-08-22 13:48:37,391 [45] INFO  - 2023-08-22 13:48:13,F043,Z,4,iter,1,feat,4222769,23205768, Quality Score Generation, 24.9484, sec
2023-08-22 13:48:37,391 [45] INFO  - 2023-08-22 13:48:20,F043,Z,4,iter,1,feat,4222769,23205768, Spots per feature calculation and feature filtration, 5.75144, sec
2023-08-22 13:51:27,364 [45] INFO  - 2023-08-22 13:48:37,F043,Z,4,iter,1,feat,4222769,23205768, Making Complete Code Target Calls, 15.7001, sec
2023-08-22 13:51:27,364 [45] INFO  - 2023-08-22 13:48:44,F043,Z,4,iter,1,feat,4222769,23205768, Target Call Location Estimation and iteration end update, 6.64268, sec
2023-08-22 13:51:27,364 [45] INFO  - 2023-08-22 13:48:45,F043,Z,4,iter,1,feat,4222769,23205768, Iteration summary generation, 0.834468, sec
2023-08-22 13:51:27,364 [45] INFO  - 2023-08-22 13:48:45,F043,Z,4,iter,1,feat,4222769,23205768, Iteration duration, 57.8487, sec
2023-08-22 13:51:27,364 [45] INFO  - 2023-08-22 13:48:45,F043,Z,4,iter,1,feat,4222769,23205768, Z slice processing duration, 132.403, sec
2023-08-22 13:51:27,364 [45] INFO  - 2023-08-22 13:49:08,F043,Z,5,iter,0,feat,3448589,26654357, Spot file data loading and filtration , 18.3523, sec
2023-08-22 13:51:27,364 [45] INFO  - 2023-08-22 13:49:10,F043,Z,5,iter,0,feat,3448589,26654357, Seed neighbor determination, 4.20779, sec
2023-08-22 13:51:27,364 [45] INFO  - 2023-08-22 13:49:13,F043,Z,5,iter,0,feat,3448589,26654357, Quality Score Generation, 9.48458, sec
2023-08-22 13:51:27,364 [45] INFO  - 2023-08-22 13:49:21,F043,Z,5,iter,0,feat,3448589,26654357, Spots per feature calculation and feature filtration, 6.45373, sec
2023-08-22 13:51:27,379 [45] INFO  - 2023-08-22 13:49:33,F043,Z,5,iter,0,feat,3448589,26654357, Making Complete Code Target Calls, 10.8246, sec
2023-08-22 13:51:27,379 [45] INFO  - 2023-08-22 13:49:43,F043,Z,5,iter,0,feat,3448589,26654357, Target Call Location Estimation and iteration end update, 9.8276, sec
2023-08-22 13:51:27,379 [45] INFO  - 2023-08-22 13:49:43,F043,Z,5,iter,0,feat,3448589,26654357, Iteration summary generation, 0.060019, sec
2023-08-22 13:51:27,379 [45] INFO  - 2023-08-22 13:49:43,F043,Z,5,iter,0,feat,3448589,26654357, Iteration duration, 39.0584, sec
2023-08-22 13:51:27,379 [45] INFO  - 2023-08-22 13:49:47,F043,Z,5,iter,1,feat,3448589,26654357, Seed neighbor determination, 5.97302, sec
2023-08-22 13:51:27,379 [45] INFO  - 2023-08-22 13:49:55,F043,Z,5,iter,1,feat,3448589,26654357, Quality Score Generation, 21.0937, sec
2023-08-22 13:51:27,379 [45] INFO  - 2023-08-22 13:50:00,F043,Z,5,iter,1,feat,3448589,26654357, Spots per feature calculation and feature filtration, 5.07839, sec
2023-08-22 13:51:27,379 [45] INFO  - 2023-08-22 13:50:13,F043,Z,5,iter,1,feat,3448589,26654357, Making Complete Code Target Calls, 12.2546, sec
2023-08-22 13:51:27,379 [45] INFO  - 2023-08-22 13:50:14,F043,Z,5,iter,1,feat,3448589,26654357, Target Call Location Estimation and iteration end update, 0.675686, sec
2023-08-22 13:51:27,379 [45] INFO  - 2023-08-22 13:50:14,F043,Z,5,iter,1,feat,3448589,26654357, Iteration summary generation, 0.353185, sec
2023-08-22 13:51:27,379 [45] INFO  - 2023-08-22 13:50:14,F043,Z,5,iter,1,feat,3448589,26654357, Iteration duration, 42.9521, sec
2023-08-22 13:51:27,379 [45] INFO  - 2023-08-22 13:50:14,F043,Z,5,iter,1,feat,3448589,26654357, Z slice processing duration, 103.699, sec
2023-08-22 13:51:27,379 [45] INFO  - 2023-08-22 13:50:27,F043,Z,6,iter,0,feat,2821454,29475811, Spot file data loading and filtration , 10.1727, sec
2023-08-22 13:51:27,379 [45] INFO  - 2023-08-22 13:50:29,F043,Z,6,iter,0,feat,2821454,29475811, Seed neighbor determination, 3.45813, sec
2023-08-22 13:51:27,379 [45] INFO  - 2023-08-22 13:50:32,F043,Z,6,iter,0,feat,2821454,29475811, Quality Score Generation, 7.19305, sec
2023-08-22 13:51:27,379 [45] INFO  - 2023-08-22 13:50:38,F043,Z,6,iter,0,feat,2821454,29475811, Spots per feature calculation and feature filtration, 5.6077, sec
2023-08-22 13:51:27,379 [45] INFO  - 2023-08-22 13:50:47,F043,Z,6,iter,0,feat,2821454,29475811, Making Complete Code Target Calls, 8.72171, sec
2023-08-22 13:51:27,379 [45] INFO  - 2023-08-22 13:50:50,F043,Z,6,iter,0,feat,2821454,29475811, Target Call Location Estimation and iteration end update, 3.28922, sec
2023-08-22 13:51:27,379 [45] INFO  - 2023-08-22 13:50:50,F043,Z,6,iter,0,feat,2821454,29475811, Iteration summary generation, 0.020984, sec
2023-08-22 13:51:27,379 [45] INFO  - 2023-08-22 13:50:50,F043,Z,6,iter,0,feat,2821454,29475811, Iteration duration, 26.8869, sec
2023-08-22 13:51:27,379 [45] INFO  - 2023-08-22 13:50:52,F043,Z,6,iter,1,feat,2821454,29475811, Seed neighbor determination, 3.45278, sec
2023-08-22 13:51:27,379 [45] INFO  - 2023-08-22 13:50:57,F043,Z,6,iter,1,feat,2821454,29475811, Quality Score Generation, 11.2463, sec
2023-08-22 13:51:27,379 [45] INFO  - 2023-08-22 13:51:01,F043,Z,6,iter,1,feat,2821454,29475811, Spots per feature calculation and feature filtration, 4.42204, sec
2023-08-22 13:51:27,379 [45] INFO  - 2023-08-22 13:51:09,F043,Z,6,iter,1,feat,2821454,29475811, Making Complete Code Target Calls, 7.49634, sec
2023-08-22 13:51:27,379 [45] INFO  - 2023-08-22 13:51:10,F043,Z,6,iter,1,feat,2821454,29475811, Target Call Location Estimation and iteration end update, 1.48876, sec
2023-08-22 13:51:27,379 [45] INFO  - 2023-08-22 13:51:11,F043,Z,6,iter,1,feat,2821454,29475811, Iteration summary generation, 0.363901, sec
2023-08-22 13:51:27,379 [45] INFO  - 2023-08-22 13:51:11,F043,Z,6,iter,1,feat,2821454,29475811, Iteration duration, 27.0503, sec
2023-08-22 13:51:27,379 [45] INFO  - 2023-08-22 13:51:11,F043,Z,6,iter,1,feat,2821454,29475811, Z slice processing duration, 67.1309, sec
2023-08-22 13:51:27,379 [45] INFO  - 2023-08-22 13:51:25,F043,Z,7,iter,0,feat,2410241,31886052, Spot file data loading and filtration , 12.7999, sec
2023-08-22 13:52:34,714 [53] INFO  - 2023-08-22 13:51:27,F043,Z,7,iter,0,feat,2410241,31886052, Seed neighbor determination, 3.05984, sec
2023-08-22 13:52:34,714 [53] INFO  - 2023-08-22 13:51:29,F043,Z,7,iter,0,feat,2410241,31886052, Quality Score Generation, 6.10801, sec
2023-08-22 13:52:34,714 [53] INFO  - 2023-08-22 13:51:34,F043,Z,7,iter,0,feat,2410241,31886052, Spots per feature calculation and feature filtration, 4.54544, sec
2023-08-22 13:52:34,714 [53] INFO  - 2023-08-22 13:51:43,F043,Z,7,iter,0,feat,2410241,31886052, Making Complete Code Target Calls, 8.82864, sec
2023-08-22 13:52:34,714 [53] INFO  - 2023-08-22 13:51:47,F043,Z,7,iter,0,feat,2410241,31886052, Target Call Location Estimation and iteration end update, 3.45841, sec
2023-08-22 13:52:34,714 [53] INFO  - 2023-08-22 13:51:47,F043,Z,7,iter,0,feat,2410241,31886052, Iteration summary generation, 0.01472, sec
2023-08-22 13:52:34,714 [53] INFO  - 2023-08-22 13:51:47,F043,Z,7,iter,0,feat,2410241,31886052, Iteration duration, 24.8277, sec
2023-08-22 13:52:34,714 [53] INFO  - 2023-08-22 13:51:48,F043,Z,7,iter,1,feat,2410241,31886052, Seed neighbor determination, 2.51974, sec
2023-08-22 13:52:34,714 [53] INFO  - 2023-08-22 13:51:51,F043,Z,7,iter,1,feat,2410241,31886052, Quality Score Generation, 10.1701, sec
2023-08-22 13:52:34,714 [53] INFO  - 2023-08-22 13:51:55,F043,Z,7,iter,1,feat,2410241,31886052, Spots per feature calculation and feature filtration, 3.93719, sec
2023-08-22 13:52:34,714 [53] INFO  - 2023-08-22 13:52:04,F043,Z,7,iter,1,feat,2410241,31886052, Making Complete Code Target Calls, 7.45238, sec
2023-08-22 13:52:34,714 [53] INFO  - 2023-08-22 13:52:04,F043,Z,7,iter,1,feat,2410241,31886052, Target Call Location Estimation and iteration end update, 0.464231, sec
2023-08-22 13:52:34,714 [53] INFO  - 2023-08-22 13:52:05,F043,Z,7,iter,1,feat,2410241,31886052, Iteration summary generation, 0.218796, sec
2023-08-22 13:52:34,714 [53] INFO  - 2023-08-22 13:52:05,F043,Z,7,iter,1,feat,2410241,31886052, Iteration duration, 23.7865, sec
2023-08-22 13:52:34,714 [53] INFO  - 2023-08-22 13:52:05,F043,Z,7,iter,1,feat,2410241,31886052, Z slice processing duration, 63.1531, sec
2023-08-22 13:52:34,714 [53] INFO  - 2023-08-22 13:52:13,F043,Z,8,iter,0,feat,1748343,33634395, Spot file data loading and filtration , 6.86902, sec
2023-08-22 13:52:34,714 [53] INFO  - 2023-08-22 13:52:14,F043,Z,8,iter,0,feat,1748343,33634395, Seed neighbor determination, 2.62533, sec
2023-08-22 13:52:34,714 [53] INFO  - 2023-08-22 13:52:16,F043,Z,8,iter,0,feat,1748343,33634395, Quality Score Generation, 7.352, sec
2023-08-22 13:52:34,714 [53] INFO  - 2023-08-22 13:52:19,F043,Z,8,iter,0,feat,1748343,33634395, Spots per feature calculation and feature filtration, 2.59196, sec
2023-08-22 13:52:34,714 [56] INFO  - 2023-08-22 13:52:21,F043,Z,8,iter,0,feat,1748343,33634395, Making Complete Code Target Calls, 2.04175, sec
2023-08-22 13:52:34,715 [56] INFO  - 2023-08-22 13:52:22,F043,Z,8,iter,0,feat,1748343,33634395, Target Call Location Estimation and iteration end update, 0.602277, sec
2023-08-22 13:52:34,715 [56] INFO  - 2023-08-22 13:52:22,F043,Z,8,iter,0,feat,1748343,33634395, Iteration summary generation, 0.009762, sec
2023-08-22 13:52:34,715 [56] INFO  - 2023-08-22 13:52:22,F043,Z,8,iter,0,feat,1748343,33634395, Iteration duration, 14.1663, sec
2023-08-22 13:52:34,715 [56] INFO  - 2023-08-22 13:52:23,F043,Z,8,iter,1,feat,1748343,33634395, Seed neighbor determination, 1.91995, sec
2023-08-22 13:52:34,715 [56] INFO  - 2023-08-22 13:52:25,F043,Z,8,iter,1,feat,1748343,33634395, Quality Score Generation, 9.04984, sec
2023-08-22 13:52:34,715 [56] INFO  - 2023-08-22 13:52:28,F043,Z,8,iter,1,feat,1748343,33634395, Spots per feature calculation and feature filtration, 3.08206, sec
2023-08-22 13:52:34,715 [56] INFO  - 2023-08-22 13:52:32,F043,Z,8,iter,1,feat,1748343,33634395, Making Complete Code Target Calls, 2.85929, sec
2023-08-22 13:52:34,715 [56] INFO  - 2023-08-22 13:52:32,F043,Z,8,iter,1,feat,1748343,33634395, Target Call Location Estimation and iteration end update, 0.265394, sec
2023-08-22 13:52:34,715 [56] INFO  - 2023-08-22 13:52:32,F043,Z,8,iter,1,feat,1748343,33634395, Iteration summary generation, 0.167126, sec
2023-08-22 13:52:34,715 [56] INFO  - 2023-08-22 13:52:32,F043,Z,8,iter,1,feat,1748343,33634395, Iteration duration, 16.7505, sec
2023-08-22 13:52:34,715 [56] INFO  - 2023-08-22 13:52:32,F043,Z,8,iter,1,feat,1748343,33634395, Z slice processing duration, 39.0556, sec
2023-08-22 13:52:34,715 [56] INFO  - 2023-08-22 13:52:32,F043,Z,9,iter,0,feat,18776,33653171, Spot file data loading and filtration , -0.945779, sec
2023-08-22 13:52:34,715 [56] INFO  - 2023-08-22 13:52:32,F043,Z,9,iter,0,feat,18776,33653171, Seed neighbor determination, 0.021459, sec
2023-08-22 13:52:34,715 [56] INFO  - 2023-08-22 13:52:32,F043,Z,9,iter,0,feat,18776,33653171, Quality Score Generation, 0.011658, sec
2023-08-22 13:52:34,715 [56] INFO  - 2023-08-22 13:52:32,F043,Z,9,iter,1,feat,18776,33653171, Seed neighbor determination, 0.022647, sec
2023-08-22 13:52:34,715 [56] INFO  - 2023-08-22 13:52:32,F043,Z,9,iter,1,feat,18776,33653171, Quality Score Generation, 0.011768, sec
2023-08-22 13:52:34,715 [56] INFO  - 2023-08-22 13:52:32,F043,Z,9,iter,1,feat,18776,33653171, Z slice processing duration, 0.126532, sec
2023-08-22 13:52:34,715 [56] INFO  - 2023-08-22 13:52:34,F043,Z,9,iter,1,feat,18776,33653171, FOV processing duration (final) , 1013.7, sec
2023-08-22 13:52:34,729 [56] INFO  - Exited
2023-08-22 13:52:34,729 [56] INFO  - System.EventArgs
2023-08-22 13:52:34,730 [56] INFO  - { }
2023-08-22 13:52:34,731 [1] INFO  - mtmc run complete
2023-08-22 13:52:34,731 [1] INFO  - Zipping and uploading results...
2023-08-22 13:52:34,731 [1] INFO  - Uploading mtm results to storage.
2023-08-22 13:52:34,732 [1] INFO  - Start uploading /app/out/FOV043 to 892d9dcc-e56d-475c-8dee-2c395064223d/2302H0033/c9d29823-a69c-4328-a6b9-53e2b78fa3e3/Run_76ed1d6b-57d6-4076-9a09-09a6f1ded693_20230817_2302h0033_ControlCenter/20230817_175305/20230817_175305_S1/AnalysisResults/oxdwyv2woj/FOV043
2023-08-22 13:52:34,732 [1] INFO  - Executing with retries set to: 10
2023-08-22 13:52:36,118 [1] INFO  - Upload /app/out/FOV043 finished
2023-08-22 13:52:36,118 [1] INFO  - Results uploaded.
2023-08-22 13:52:36,118 [1] INFO  - All done
2023-08-22 13:52:36,118 [1] INFO  - Executing with retries set to: 10
2023-08-22 13:52:36,118 [1] INFO  - Setting fov oxdwyv2woj-fr337 into status Completed
2023-08-22 13:52:36,132 [1] INFO  - Saving a fov processing run: oxdwyv2woj-fr337
2023-08-22 13:52:36,132 [1] INFO  - Updating an existing fov run.
2023-08-22 13:52:36,133 [1] INFO  - Uploading logs
2023-08-22 13:52:36,135 [1] INFO  - Start uploading 892d9dcc-e56d-475c-8dee-2c395064223d/2302H0033/c9d29823-a69c-4328-a6b9-53e2b78fa3e3/Run_76ed1d6b-57d6-4076-9a09-09a6f1ded693_20230817_2302h0033_ControlCenter/20230817_175305/20230817_175305_S1/AnalysisResults/oxdwyv2woj/FOV043/mtm-run.log
