2023-08-22 13:31:22,816 [1] INFO  - Using bucket s3-euw1-eu2-datarepository-eu2-eu2-kcl-01 and region eu-west-1
2023-08-22 13:31:22,842 [1] INFO  - Using role to access S3
2023-08-22 13:31:23,187 [1] INFO  - ===============================
2023-08-22 13:31:23,187 [1] INFO  - build info: 
commit 1860d865ce7409a4b25d5549a62e2b7be0a93d33
Author: alexander-serebriyan <alexander.serebriyan@teamdev.com>
Date:   Fri Feb 10 15:42:48 2023 +0100

    Add UAT env for ECR pushing.

Build done on: Fri Feb 10 14:46:39 UTC 2023
Version: 20230210.1

2023-08-22 13:31:23,188 [1] INFO  - ===============================
2023-08-22 13:31:23,188 [1] INFO  - Starting the job. Results will be uploaded to: 892d9dcc-e56d-475c-8dee-2c395064223d/2302H0033/c9d29823-a69c-4328-a6b9-53e2b78fa3e3/Run_76ed1d6b-57d6-4076-9a09-09a6f1ded693_20230817_2302h0033_ControlCenter/20230817_175305/20230817_175305_S1/AnalysisResults/oxdwyv2woj/FOV060
2023-08-22 13:31:23,188 [1] INFO  - Checking FOV status. Ref: oxdwyv2woj-6wrn2, ID: 892d9dcc-e56d-475c-8dee-2c395064223d/2302H0033/c9d29823-a69c-4328-a6b9-53e2b78fa3e3/Run_76ed1d6b-57d6-4076-9a09-09a6f1ded693_20230817_2302h0033_ControlCenter/20230817_175305/20230817_175305_S1/SpotFiles/FOV060/
2023-08-22 13:31:23,390 [1] INFO  - Executing with retries set to: 10
2023-08-22 13:31:23,391 [1] INFO  - Setting fov oxdwyv2woj-6wrn2 into status InProgress
2023-08-22 13:31:23,393 [1] INFO  - Saving a fov processing run: oxdwyv2woj-6wrn2
2023-08-22 13:31:23,393 [1] INFO  - Updating an existing fov run.
2023-08-22 13:31:23,449 [1] INFO  - Downloading FOV using next path: 892d9dcc-e56d-475c-8dee-2c395064223d/2302H0033/c9d29823-a69c-4328-a6b9-53e2b78fa3e3/Run_76ed1d6b-57d6-4076-9a09-09a6f1ded693_20230817_2302h0033_ControlCenter/20230817_175305/20230817_175305_S1/SpotFiles/FOV060/
2023-08-22 13:31:23,450 [1] INFO  - Start downloading 892d9dcc-e56d-475c-8dee-2c395064223d/2302H0033/c9d29823-a69c-4328-a6b9-53e2b78fa3e3/Run_76ed1d6b-57d6-4076-9a09-09a6f1ded693_20230817_2302h0033_ControlCenter/20230817_175305/20230817_175305_S1/SpotFiles/FOV060/
2023-08-22 13:31:23,450 [1] INFO  - Executing with retries set to: 10
2023-08-22 13:35:26,141 [1] INFO  - Download 892d9dcc-e56d-475c-8dee-2c395064223d/2302H0033/c9d29823-a69c-4328-a6b9-53e2b78fa3e3/Run_76ed1d6b-57d6-4076-9a09-09a6f1ded693_20230817_2302h0033_ControlCenter/20230817_175305/20230817_175305_S1/SpotFiles/FOV060/ complete
2023-08-22 13:35:26,141 [1] INFO  - Custom plex file specified. The default one will be overriden.
2023-08-22 13:35:26,141 [1] INFO  - Downloading plex file using next path: 892d9dcc-e56d-475c-8dee-2c395064223d/2302H0033/c9d29823-a69c-4328-a6b9-53e2b78fa3e3/Run_76ed1d6b-57d6-4076-9a09-09a6f1ded693_20230817_2302h0033_ControlCenter/20230817_175305/20230817_175305_S1/plex-oxdwyv2woj.txt
2023-08-22 13:35:26,141 [1] INFO  - Downloading 892d9dcc-e56d-475c-8dee-2c395064223d/2302H0033/c9d29823-a69c-4328-a6b9-53e2b78fa3e3/Run_76ed1d6b-57d6-4076-9a09-09a6f1ded693_20230817_2302h0033_ControlCenter/20230817_175305/20230817_175305_S1/plex-oxdwyv2woj.txt
2023-08-22 13:35:26,256 [1] INFO  - Download 892d9dcc-e56d-475c-8dee-2c395064223d/2302H0033/c9d29823-a69c-4328-a6b9-53e2b78fa3e3/Run_76ed1d6b-57d6-4076-9a09-09a6f1ded693_20230817_2302h0033_ControlCenter/20230817_175305/20230817_175305_S1/plex-oxdwyv2woj.txt finished
2023-08-22 13:35:26,256 [1] INFO  - No user params file specified. Trying to use the one from the storage.
2023-08-22 13:35:26,256 [1] INFO  - Downloading params file using next path: 892d9dcc-e56d-475c-8dee-2c395064223d/2302H0033/c9d29823-a69c-4328-a6b9-53e2b78fa3e3/Run_76ed1d6b-57d6-4076-9a09-09a6f1ded693_20230817_2302h0033_ControlCenter/20230817_175305/20230817_175305_S1/analysis_params_v6.txt
2023-08-22 13:35:26,256 [1] INFO  - Downloading 892d9dcc-e56d-475c-8dee-2c395064223d/2302H0033/c9d29823-a69c-4328-a6b9-53e2b78fa3e3/Run_76ed1d6b-57d6-4076-9a09-09a6f1ded693_20230817_2302h0033_ControlCenter/20230817_175305/20230817_175305_S1/analysis_params_v6.txt
2023-08-22 13:35:26,289 [1] ERROR -    at Amazon.Runtime.Internal.HttpErrorResponseExceptionHandler.HandleExceptionStream(IRequestContext requestContext, IWebResponseData httpErrorResponse, HttpErrorResponseException exception, Stream responseStream)
   at Amazon.Runtime.Internal.HttpErrorResponseExceptionHandler.HandleExceptionAsync(IExecutionContext executionContext, HttpErrorResponseException exception)
   at Amazon.Runtime.Internal.ExceptionHandler`1.HandleAsync(IExecutionContext executionContext, Exception exception)
   at Amazon.Runtime.Internal.ErrorHandler.ProcessExceptionAsync(IExecutionContext executionContext, Exception exception)
   at Amazon.Runtime.Internal.ErrorHandler.InvokeAsync[T](IExecutionContext executionContext)
   at Amazon.Runtime.Internal.CallbackHandler.InvokeAsync[T](IExecutionContext executionContext)
   at Amazon.Runtime.Internal.EndpointDiscoveryHandler.InvokeAsync[T](IExecutionContext executionContext)
   at Amazon.Runtime.Internal.EndpointDiscoveryHandler.InvokeAsync[T](IExecutionContext executionContext)
   at Amazon.Runtime.Internal.CredentialsRetriever.InvokeAsync[T](IExecutionContext executionContext)
   at Amazon.Runtime.Internal.RetryHandler.InvokeAsync[T](IExecutionContext executionContext)
   at Amazon.Runtime.Internal.RetryHandler.InvokeAsync[T](IExecutionContext executionContext)
   at Amazon.Runtime.Internal.CallbackHandler.InvokeAsync[T](IExecutionContext executionContext)
   at Amazon.Runtime.Internal.CallbackHandler.InvokeAsync[T](IExecutionContext executionContext)
   at Amazon.S3.Internal.AmazonS3ExceptionHandler.InvokeAsync[T](IExecutionContext executionContext)
   at Amazon.Runtime.Internal.ErrorCallbackHandler.InvokeAsync[T](IExecutionContext executionContext)
   at Amazon.Runtime.Internal.MetricsHandler.InvokeAsync[T](IExecutionContext executionContext)
   at Amazon.S3.Transfer.Internal.DownloadCommand.ExecuteAsync(CancellationToken cancellationToken)
   at Amazon.S3.Transfer.TransferUtility.Download(String filePath, String bucketName, String key)
   at Core.S3FileStorageService.DownloadFile(String remoteFilePath, String localFilePath) in /src/Core/S3FileStorageService.cs:line 67
   at MTMCWorker.Service.Impl.MtmcWorker.FetchParamsFile(String paramsFileRef, String flowCellPath) in /src/MTMCWorker/Service/Impl/MtmcWorker.cs:line 297
2023-08-22 13:35:26,289 [1] INFO  - Can't download params file next to nBCDir. Using the default one.
Amazon.S3.AmazonS3Exception: The specified key does not exist.
 ---> Amazon.Runtime.Internal.HttpErrorResponseException: Exception of type 'Amazon.Runtime.Internal.HttpErrorResponseException' was thrown.
   at Amazon.Runtime.HttpWebRequestMessage.GetResponseAsync(CancellationToken cancellationToken)
   at Amazon.Runtime.Internal.HttpHandler`1.InvokeAsync[T](IExecutionContext executionContext)
   at Amazon.Runtime.Internal.RedirectHandler.InvokeAsync[T](IExecutionContext executionContext)
   at Amazon.Runtime.Internal.Unmarshaller.InvokeAsync[T](IExecutionContext executionContext)
   at Amazon.S3.Internal.AmazonS3ResponseHandler.InvokeAsync[T](IExecutionContext executionContext)
   at Amazon.Runtime.Internal.ErrorHandler.InvokeAsync[T](IExecutionContext executionContext)
   --- End of inner exception stack trace ---
   at Amazon.Runtime.Internal.HttpErrorResponseExceptionHandler.HandleExceptionStream(IRequestContext requestContext, IWebResponseData httpErrorResponse, HttpErrorResponseException exception, Stream responseStream)
   at Amazon.Runtime.Internal.HttpErrorResponseExceptionHandler.HandleExceptionAsync(IExecutionContext executionContext, HttpErrorResponseException exception)
   at Amazon.Runtime.Internal.ExceptionHandler`1.HandleAsync(IExecutionContext executionContext, Exception exception)
   at Amazon.Runtime.Internal.ErrorHandler.ProcessExceptionAsync(IExecutionContext executionContext, Exception exception)
   at Amazon.Runtime.Internal.ErrorHandler.InvokeAsync[T](IExecutionContext executionContext)
   at Amazon.Runtime.Internal.CallbackHandler.InvokeAsync[T](IExecutionContext executionContext)
   at Amazon.Runtime.Internal.EndpointDiscoveryHandler.InvokeAsync[T](IExecutionContext executionContext)
   at Amazon.Runtime.Internal.EndpointDiscoveryHandler.InvokeAsync[T](IExecutionContext executionContext)
   at Amazon.Runtime.Internal.CredentialsRetriever.InvokeAsync[T](IExecutionContext executionContext)
   at Amazon.Runtime.Internal.RetryHandler.InvokeAsync[T](IExecutionContext executionContext)
   at Amazon.Runtime.Internal.RetryHandler.InvokeAsync[T](IExecutionContext executionContext)
   at Amazon.Runtime.Internal.CallbackHandler.InvokeAsync[T](IExecutionContext executionContext)
   at Amazon.Runtime.Internal.CallbackHandler.InvokeAsync[T](IExecutionContext executionContext)
   at Amazon.S3.Internal.AmazonS3ExceptionHandler.InvokeAsync[T](IExecutionContext executionContext)
   at Amazon.Runtime.Internal.ErrorCallbackHandler.InvokeAsync[T](IExecutionContext executionContext)
   at Amazon.Runtime.Internal.MetricsHandler.InvokeAsync[T](IExecutionContext executionContext)
   at Amazon.S3.Transfer.Internal.DownloadCommand.ExecuteAsync(CancellationToken cancellationToken)
   at Amazon.S3.Transfer.TransferUtility.Download(String filePath, String bucketName, String key)
   at Core.S3FileStorageService.DownloadFile(String remoteFilePath, String localFilePath) in /src/Core/S3FileStorageService.cs:line 67
   at MTMCWorker.Service.Impl.MtmcWorker.FetchParamsFile(String paramsFileRef, String flowCellPath) in /src/MTMCWorker/Service/Impl/MtmcWorker.cs:line 297
2023-08-22 13:35:26,292 [1] INFO  - Fetching CellStatsDir folder data...
2023-08-22 13:35:26,353 [1] INFO  - Downloading 892d9dcc-e56d-475c-8dee-2c395064223d/2302H0033/c9d29823-a69c-4328-a6b9-53e2b78fa3e3/Run_76ed1d6b-57d6-4076-9a09-09a6f1ded693_20230817_2302h0033_ControlCenter/20230817_175305/20230817_175305_S1/CellStatsDir/CellComposite/CellComposite_F060.jpg
2023-08-22 13:35:26,590 [1] INFO  - Download 892d9dcc-e56d-475c-8dee-2c395064223d/2302H0033/c9d29823-a69c-4328-a6b9-53e2b78fa3e3/Run_76ed1d6b-57d6-4076-9a09-09a6f1ded693_20230817_2302h0033_ControlCenter/20230817_175305/20230817_175305_S1/CellStatsDir/CellComposite/CellComposite_F060.jpg finished
2023-08-22 13:35:26,590 [1] INFO  - Downloading 892d9dcc-e56d-475c-8dee-2c395064223d/2302H0033/c9d29823-a69c-4328-a6b9-53e2b78fa3e3/Run_76ed1d6b-57d6-4076-9a09-09a6f1ded693_20230817_2302h0033_ControlCenter/20230817_175305/20230817_175305_S1/CellStatsDir/CellOverlay/CellOverlay_F060.jpg
2023-08-22 13:35:26,961 [1] INFO  - Download 892d9dcc-e56d-475c-8dee-2c395064223d/2302H0033/c9d29823-a69c-4328-a6b9-53e2b78fa3e3/Run_76ed1d6b-57d6-4076-9a09-09a6f1ded693_20230817_2302h0033_ControlCenter/20230817_175305/20230817_175305_S1/CellStatsDir/CellOverlay/CellOverlay_F060.jpg finished
2023-08-22 13:35:26,961 [1] INFO  - Downloading 892d9dcc-e56d-475c-8dee-2c395064223d/2302H0033/c9d29823-a69c-4328-a6b9-53e2b78fa3e3/Run_76ed1d6b-57d6-4076-9a09-09a6f1ded693_20230817_2302h0033_ControlCenter/20230817_175305/20230817_175305_S1/CellStatsDir/FOV060/CellLabels_F060.tif
2023-08-22 13:35:27,216 [1] INFO  - Download 892d9dcc-e56d-475c-8dee-2c395064223d/2302H0033/c9d29823-a69c-4328-a6b9-53e2b78fa3e3/Run_76ed1d6b-57d6-4076-9a09-09a6f1ded693_20230817_2302h0033_ControlCenter/20230817_175305/20230817_175305_S1/CellStatsDir/FOV060/CellLabels_F060.tif finished
2023-08-22 13:35:27,216 [1] INFO  - Downloading 892d9dcc-e56d-475c-8dee-2c395064223d/2302H0033/c9d29823-a69c-4328-a6b9-53e2b78fa3e3/Run_76ed1d6b-57d6-4076-9a09-09a6f1ded693_20230817_2302h0033_ControlCenter/20230817_175305/20230817_175305_S1/CellStatsDir/FOV060/CompartmentLabels_F060.tif
2023-08-22 13:35:27,429 [1] INFO  - Download 892d9dcc-e56d-475c-8dee-2c395064223d/2302H0033/c9d29823-a69c-4328-a6b9-53e2b78fa3e3/Run_76ed1d6b-57d6-4076-9a09-09a6f1ded693_20230817_2302h0033_ControlCenter/20230817_175305/20230817_175305_S1/CellStatsDir/FOV060/CompartmentLabels_F060.tif finished
2023-08-22 13:35:27,429 [1] INFO  - Downloading 892d9dcc-e56d-475c-8dee-2c395064223d/2302H0033/c9d29823-a69c-4328-a6b9-53e2b78fa3e3/Run_76ed1d6b-57d6-4076-9a09-09a6f1ded693_20230817_2302h0033_ControlCenter/20230817_175305/20230817_175305_S1/CellStatsDir/FOV060/Run_76ed1d6b-57d6-4076-9a09-09a6f1ded693_20230817_175305_S1_Cell_Stats_F060.csv
2023-08-22 13:35:27,651 [1] INFO  - Download 892d9dcc-e56d-475c-8dee-2c395064223d/2302H0033/c9d29823-a69c-4328-a6b9-53e2b78fa3e3/Run_76ed1d6b-57d6-4076-9a09-09a6f1ded693_20230817_2302h0033_ControlCenter/20230817_175305/20230817_175305_S1/CellStatsDir/FOV060/Run_76ed1d6b-57d6-4076-9a09-09a6f1ded693_20230817_175305_S1_Cell_Stats_F060.csv finished
2023-08-22 13:35:27,652 [1] INFO  - Downloading 892d9dcc-e56d-475c-8dee-2c395064223d/2302H0033/c9d29823-a69c-4328-a6b9-53e2b78fa3e3/Run_76ed1d6b-57d6-4076-9a09-09a6f1ded693_20230817_2302h0033_ControlCenter/20230817_175305/20230817_175305_S1/CellStatsDir/Morphology2D/20230817_175305_S1_C902_P99_N99_F060.TIF
2023-08-22 13:35:29,205 [1] INFO  - Download 892d9dcc-e56d-475c-8dee-2c395064223d/2302H0033/c9d29823-a69c-4328-a6b9-53e2b78fa3e3/Run_76ed1d6b-57d6-4076-9a09-09a6f1ded693_20230817_2302h0033_ControlCenter/20230817_175305/20230817_175305_S1/CellStatsDir/Morphology2D/20230817_175305_S1_C902_P99_N99_F060.TIF finished
2023-08-22 13:35:29,205 [1] INFO  - Downloading 892d9dcc-e56d-475c-8dee-2c395064223d/2302H0033/c9d29823-a69c-4328-a6b9-53e2b78fa3e3/Run_76ed1d6b-57d6-4076-9a09-09a6f1ded693_20230817_2302h0033_ControlCenter/20230817_175305/20230817_175305_S1/CellStatsDir/RnD/Run_76ed1d6b-57d6-4076-9a09-09a6f1ded693_20230817_175305_S1_Summary_F060.csv
2023-08-22 13:35:29,350 [1] INFO  - Download 892d9dcc-e56d-475c-8dee-2c395064223d/2302H0033/c9d29823-a69c-4328-a6b9-53e2b78fa3e3/Run_76ed1d6b-57d6-4076-9a09-09a6f1ded693_20230817_2302h0033_ControlCenter/20230817_175305/20230817_175305_S1/CellStatsDir/RnD/Run_76ed1d6b-57d6-4076-9a09-09a6f1ded693_20230817_175305_S1_Summary_F060.csv finished
2023-08-22 13:35:29,350 [1] INFO  - CellStatsDir data download complete.
2023-08-22 13:35:29,350 [1] INFO  - FOV downloaded successfully.
2023-08-22 13:35:29,351 [1] INFO  - Preparing dirs structure for mtmc
2023-08-22 13:35:29,351 [1] INFO  - Preparing mtmc input. FOV dir: FOV060
2023-08-22 13:35:29,354 [1] INFO  - Running mtmc...
2023-08-22 13:35:29,361 [4] INFO  - directory: "/app/input_data/"
2023-08-22 13:35:29,658 [4] INFO  - directory: "/app/out/FOV060/"
2023-08-22 13:40:32,067 [14] INFO  - 2023-08-22 13:35:29,F060,Z,0,iter,0,feat,0,0, Reading and combining input data, 0.040442, sec
2023-08-22 13:40:32,073 [14] INFO  - 2023-08-22 13:35:36,F060,Z,0,iter,0,feat,2701525,2701525, Spot file data loading and filtration , 7.24808, sec
2023-08-22 13:40:32,073 [14] INFO  - 2023-08-22 13:35:38,F060,Z,0,iter,0,feat,2701525,2701525, Seed neighbor determination, 3.34649, sec
2023-08-22 13:40:32,074 [14] INFO  - 2023-08-22 13:35:41,F060,Z,0,iter,0,feat,2701525,2701525, Quality Score Generation, 5.29022, sec
2023-08-22 13:40:32,074 [14] INFO  - 2023-08-22 13:35:47,F060,Z,0,iter,0,feat,2701525,2701525, Spots per feature calculation and feature filtration, 5.94964, sec
2023-08-22 13:40:32,074 [14] INFO  - 2023-08-22 13:35:49,F060,Z,0,iter,0,feat,2701525,2701525, Making Complete Code Target Calls, 1.72022, sec
2023-08-22 13:40:32,074 [14] INFO  - 2023-08-22 13:35:51,F060,Z,0,iter,0,feat,2701525,2701525, Target Call Location Estimation and iteration end update, 0.698718, sec
2023-08-22 13:40:32,075 [14] INFO  - 2023-08-22 13:35:51,F060,Z,0,iter,0,feat,2701525,2701525, Iteration summary generation, 0.004401, sec
2023-08-22 13:40:32,075 [14] INFO  - 2023-08-22 13:35:51,F060,Z,0,iter,0,feat,2701525,2701525, Iteration duration, 15.5566, sec
2023-08-22 13:40:32,093 [14] INFO  - 2023-08-22 13:35:52,F060,Z,0,iter,1,feat,2701525,2701525, Seed neighbor determination, 3.24636, sec
2023-08-22 13:40:32,094 [14] INFO  - 2023-08-22 13:35:56,F060,Z,0,iter,1,feat,2701525,2701525, Quality Score Generation, 6.93099, sec
2023-08-22 13:40:32,094 [14] INFO  - 2023-08-22 13:36:03,F060,Z,0,iter,1,feat,2701525,2701525, Spots per feature calculation and feature filtration, 5.23587, sec
2023-08-22 13:40:32,094 [14] INFO  - 2023-08-22 13:36:07,F060,Z,0,iter,1,feat,2701525,2701525, Making Complete Code Target Calls, 2.42093, sec
2023-08-22 13:40:32,094 [14] INFO  - 2023-08-22 13:36:08,F060,Z,0,iter,1,feat,2701525,2701525, Target Call Location Estimation and iteration end update, 0.45659, sec
2023-08-22 13:40:32,094 [14] INFO  - 2023-08-22 13:36:08,F060,Z,0,iter,1,feat,2701525,2701525, Iteration summary generation, 0.1558, sec
2023-08-22 13:40:32,094 [14] INFO  - 2023-08-22 13:36:08,F060,Z,0,iter,1,feat,2701525,2701525, Iteration duration, 17.0616, sec
2023-08-22 13:40:32,094 [14] INFO  - 2023-08-22 13:36:08,F060,Z,0,iter,1,feat,2701525,2701525, Z slice processing duration, 39.8786, sec
2023-08-22 13:40:32,094 [14] INFO  - 2023-08-22 13:36:53,F060,Z,1,iter,0,feat,6036205,8737730, Spot file data loading and filtration , 29.8586, sec
2023-08-22 13:40:32,094 [14] INFO  - 2023-08-22 13:36:57,F060,Z,1,iter,0,feat,6036205,8737730, Seed neighbor determination, 7.55163, sec
2023-08-22 13:40:32,094 [14] INFO  - 2023-08-22 13:37:06,F060,Z,1,iter,0,feat,6036205,8737730, Quality Score Generation, 18.953, sec
2023-08-22 13:40:32,094 [14] INFO  - 2023-08-22 13:37:24,F060,Z,1,iter,0,feat,6036205,8737730, Spots per feature calculation and feature filtration, 12.4218, sec
2023-08-22 13:40:32,094 [14] INFO  - 2023-08-22 13:37:46,F060,Z,1,iter,0,feat,6036205,8737730, Making Complete Code Target Calls, 17.2787, sec
2023-08-22 13:40:32,094 [14] INFO  - 2023-08-22 13:37:53,F060,Z,1,iter,0,feat,6036205,8737730, Target Call Location Estimation and iteration end update, 6.06064, sec
2023-08-22 13:40:32,094 [14] INFO  - 2023-08-22 13:37:53,F060,Z,1,iter,0,feat,6036205,8737730, Iteration summary generation, 0.036144, sec
2023-08-22 13:40:32,094 [14] INFO  - 2023-08-22 13:37:53,F060,Z,1,iter,0,feat,6036205,8737730, Iteration duration, 59.1609, sec
2023-08-22 13:40:32,094 [14] INFO  - 2023-08-22 13:37:59,F060,Z,1,iter,1,feat,6036205,8737730, Seed neighbor determination, 9.64311, sec
2023-08-22 13:40:32,094 [14] INFO  - 2023-08-22 13:38:14,F060,Z,1,iter,1,feat,6036205,8737730, Quality Score Generation, 30.0378, sec
2023-08-22 13:40:32,094 [14] INFO  - 2023-08-22 13:38:28,F060,Z,1,iter,1,feat,6036205,8737730, Spots per feature calculation and feature filtration, 9.41578, sec
2023-08-22 13:40:32,105 [34] INFO  - 2023-08-22 13:38:51,F060,Z,1,iter,1,feat,6036205,8737730, Making Complete Code Target Calls, 19.3388, sec
2023-08-22 13:40:32,105 [34] INFO  - 2023-08-22 13:38:58,F060,Z,1,iter,1,feat,6036205,8737730, Target Call Location Estimation and iteration end update, 6.66876, sec
2023-08-22 13:40:32,105 [34] INFO  - 2023-08-22 13:38:59,F060,Z,1,iter,1,feat,6036205,8737730, Iteration summary generation, 0.849493, sec
2023-08-22 13:40:32,105 [34] INFO  - 2023-08-22 13:38:59,F060,Z,1,iter,1,feat,6036205,8737730, Iteration duration, 71.8743, sec
2023-08-22 13:40:32,105 [34] INFO  - 2023-08-22 13:38:59,F060,Z,1,iter,1,feat,6036205,8737730, Z slice processing duration, 162.571, sec
2023-08-22 13:40:32,105 [34] INFO  - 2023-08-22 13:39:36,F060,Z,2,iter,0,feat,5338060,14075790, Spot file data loading and filtration , 27.0639, sec
2023-08-22 13:40:32,105 [34] INFO  - 2023-08-22 13:39:42,F060,Z,2,iter,0,feat,5338060,14075790, Seed neighbor determination, 6.97196, sec
2023-08-22 13:40:32,105 [34] INFO  - 2023-08-22 13:39:51,F060,Z,2,iter,0,feat,5338060,14075790, Quality Score Generation, 18.6613, sec
2023-08-22 13:40:32,105 [34] INFO  - 2023-08-22 13:40:03,F060,Z,2,iter,0,feat,5338060,14075790, Spots per feature calculation and feature filtration, 10.654, sec
2023-08-22 13:40:32,105 [34] INFO  - 2023-08-22 13:40:19,F060,Z,2,iter,0,feat,5338060,14075790, Making Complete Code Target Calls, 14.3118, sec
2023-08-22 13:45:26,203 [34] INFO  - 2023-08-22 13:40:32,F060,Z,2,iter,0,feat,5338060,14075790, Target Call Location Estimation and iteration end update, 10.0022, sec
2023-08-22 13:45:26,218 [34] INFO  - 2023-08-22 13:40:32,F060,Z,2,iter,0,feat,5338060,14075790, Iteration summary generation, 0.072146, sec
2023-08-22 13:45:26,218 [34] INFO  - 2023-08-22 13:40:32,F060,Z,2,iter,0,feat,5338060,14075790, Iteration duration, 57.9038, sec
2023-08-22 13:45:26,218 [34] INFO  - 2023-08-22 13:40:37,F060,Z,2,iter,1,feat,5338060,14075790, Seed neighbor determination, 7.43854, sec
2023-08-22 13:45:26,218 [34] INFO  - 2023-08-22 13:40:48,F060,Z,2,iter,1,feat,5338060,14075790, Quality Score Generation, 20.7885, sec
2023-08-22 13:45:26,218 [34] INFO  - 2023-08-22 13:40:57,F060,Z,2,iter,1,feat,5338060,14075790, Spots per feature calculation and feature filtration, 7.84671, sec
2023-08-22 13:45:26,218 [34] INFO  - 2023-08-22 13:41:19,F060,Z,2,iter,1,feat,5338060,14075790, Making Complete Code Target Calls, 19.2248, sec
2023-08-22 13:45:26,218 [34] INFO  - 2023-08-22 13:41:25,F060,Z,2,iter,1,feat,5338060,14075790, Target Call Location Estimation and iteration end update, 5.95524, sec
2023-08-22 13:45:26,218 [34] INFO  - 2023-08-22 13:41:26,F060,Z,2,iter,1,feat,5338060,14075790, Iteration summary generation, 1.185, sec
2023-08-22 13:45:26,219 [34] INFO  - 2023-08-22 13:41:26,F060,Z,2,iter,1,feat,5338060,14075790, Iteration duration, 59.3664, sec
2023-08-22 13:45:26,219 [34] INFO  - 2023-08-22 13:41:26,F060,Z,2,iter,1,feat,5338060,14075790, Z slice processing duration, 149.272, sec
2023-08-22 13:45:26,219 [34] INFO  - 2023-08-22 13:41:56,F060,Z,3,iter,0,feat,4506485,18582275, Spot file data loading and filtration , 21.7741, sec
2023-08-22 13:45:26,219 [34] INFO  - 2023-08-22 13:42:00,F060,Z,3,iter,0,feat,4506485,18582275, Seed neighbor determination, 5.60117, sec
2023-08-22 13:45:26,219 [34] INFO  - 2023-08-22 13:42:08,F060,Z,3,iter,0,feat,4506485,18582275, Quality Score Generation, 12.6853, sec
2023-08-22 13:45:26,219 [34] INFO  - 2023-08-22 13:42:19,F060,Z,3,iter,0,feat,4506485,18582275, Spots per feature calculation and feature filtration, 8.72599, sec
2023-08-22 13:45:26,219 [34] INFO  - 2023-08-22 13:42:36,F060,Z,3,iter,0,feat,4506485,18582275, Making Complete Code Target Calls, 9.77405, sec
2023-08-22 13:45:26,219 [34] INFO  - 2023-08-22 13:42:44,F060,Z,3,iter,0,feat,4506485,18582275, Target Call Location Estimation and iteration end update, 7.5923, sec
2023-08-22 13:45:26,219 [34] INFO  - 2023-08-22 13:42:44,F060,Z,3,iter,0,feat,4506485,18582275, Iteration summary generation, 0.077144, sec
2023-08-22 13:45:26,219 [34] INFO  - 2023-08-22 13:42:44,F060,Z,3,iter,0,feat,4506485,18582275, Iteration duration, 42.194, sec
2023-08-22 13:45:26,219 [34] INFO  - 2023-08-22 13:42:48,F060,Z,3,iter,1,feat,4506485,18582275, Seed neighbor determination, 8.34791, sec
2023-08-22 13:45:26,219 [34] INFO  - 2023-08-22 13:43:01,F060,Z,3,iter,1,feat,4506485,18582275, Quality Score Generation, 22.0223, sec
2023-08-22 13:45:26,219 [34] INFO  - 2023-08-22 13:43:11,F060,Z,3,iter,1,feat,4506485,18582275, Spots per feature calculation and feature filtration, 7.54069, sec
2023-08-22 13:45:26,219 [34] INFO  - 2023-08-22 13:43:38,F060,Z,3,iter,1,feat,4506485,18582275, Making Complete Code Target Calls, 17.2709, sec
2023-08-22 13:45:26,219 [34] INFO  - 2023-08-22 13:43:47,F060,Z,3,iter,1,feat,4506485,18582275, Target Call Location Estimation and iteration end update, 9.02102, sec
2023-08-22 13:45:26,220 [34] INFO  - 2023-08-22 13:43:48,F060,Z,3,iter,1,feat,4506485,18582275, Iteration summary generation, 0.928275, sec
2023-08-22 13:45:26,220 [34] INFO  - 2023-08-22 13:43:48,F060,Z,3,iter,1,feat,4506485,18582275, Iteration duration, 61.8904, sec
2023-08-22 13:45:26,220 [34] INFO  - 2023-08-22 13:43:48,F060,Z,3,iter,1,feat,4506485,18582275, Z slice processing duration, 129.698, sec
2023-08-22 13:45:26,220 [34] INFO  - 2023-08-22 13:44:24,F060,Z,4,iter,0,feat,3892625,22474900, Spot file data loading and filtration , 29.7266, sec
2023-08-22 13:45:26,220 [34] INFO  - 2023-08-22 13:44:27,F060,Z,4,iter,0,feat,3892625,22474900, Seed neighbor determination, 5.11541, sec
2023-08-22 13:45:26,220 [34] INFO  - 2023-08-22 13:44:33,F060,Z,4,iter,0,feat,3892625,22474900, Quality Score Generation, 10.3813, sec
2023-08-22 13:45:26,220 [34] INFO  - 2023-08-22 13:44:41,F060,Z,4,iter,0,feat,3892625,22474900, Spots per feature calculation and feature filtration, 7.67179, sec
2023-08-22 13:45:26,220 [34] INFO  - 2023-08-22 13:44:51,F060,Z,4,iter,0,feat,3892625,22474900, Making Complete Code Target Calls, 8.90532, sec
2023-08-22 13:45:26,220 [34] INFO  - 2023-08-22 13:44:54,F060,Z,4,iter,0,feat,3892625,22474900, Target Call Location Estimation and iteration end update, 2.81808, sec
2023-08-22 13:45:26,220 [34] INFO  - 2023-08-22 13:44:55,F060,Z,4,iter,0,feat,3892625,22474900, Iteration summary generation, 0.027052, sec
2023-08-22 13:45:26,220 [34] INFO  - 2023-08-22 13:44:55,F060,Z,4,iter,0,feat,3892625,22474900, Iteration duration, 32.7951, sec
2023-08-22 13:45:26,220 [34] INFO  - 2023-08-22 13:44:58,F060,Z,4,iter,1,feat,3892625,22474900, Seed neighbor determination, 4.65813, sec
2023-08-22 13:45:26,220 [34] INFO  - 2023-08-22 13:45:03,F060,Z,4,iter,1,feat,3892625,22474900, Quality Score Generation, 12.095, sec
2023-08-22 13:45:26,221 [34] INFO  - 2023-08-22 13:45:13,F060,Z,4,iter,1,feat,3892625,22474900, Spots per feature calculation and feature filtration, 5.76923, sec
2023-08-22 13:48:56,457 [34] INFO  - 2023-08-22 13:45:26,F060,Z,4,iter,1,feat,3892625,22474900, Making Complete Code Target Calls, 11.7982, sec
2023-08-22 13:48:56,461 [34] INFO  - 2023-08-22 13:45:29,F060,Z,4,iter,1,feat,3892625,22474900, Target Call Location Estimation and iteration end update, 2.82448, sec
2023-08-22 13:48:56,461 [34] INFO  - 2023-08-22 13:45:29,F060,Z,4,iter,1,feat,3892625,22474900, Iteration summary generation, 0.720432, sec
2023-08-22 13:48:56,461 [34] INFO  - 2023-08-22 13:45:29,F060,Z,4,iter,1,feat,3892625,22474900, Iteration duration, 35.8859, sec
2023-08-22 13:48:56,461 [34] INFO  - 2023-08-22 13:45:29,F060,Z,4,iter,1,feat,3892625,22474900, Z slice processing duration, 102.635, sec
2023-08-22 13:48:56,461 [34] INFO  - 2023-08-22 13:45:57,F060,Z,5,iter,0,feat,3391370,25866270, Spot file data loading and filtration , 19.4514, sec
2023-08-22 13:48:56,461 [34] INFO  - 2023-08-22 13:46:00,F060,Z,5,iter,0,feat,3391370,25866270, Seed neighbor determination, 4.57628, sec
2023-08-22 13:48:56,461 [34] INFO  - 2023-08-22 13:46:07,F060,Z,5,iter,0,feat,3391370,25866270, Quality Score Generation, 10.5888, sec
2023-08-22 13:48:56,461 [34] INFO  - 2023-08-22 13:46:15,F060,Z,5,iter,0,feat,3391370,25866270, Spots per feature calculation and feature filtration, 6.80213, sec
2023-08-22 13:48:56,473 [34] INFO  - 2023-08-22 13:46:29,F060,Z,5,iter,0,feat,3391370,25866270, Making Complete Code Target Calls, 8.77896, sec
2023-08-22 13:48:56,473 [34] INFO  - 2023-08-22 13:46:35,F060,Z,5,iter,0,feat,3391370,25866270, Target Call Location Estimation and iteration end update, 5.04689, sec
2023-08-22 13:48:56,473 [34] INFO  - 2023-08-22 13:46:35,F060,Z,5,iter,0,feat,3391370,25866270, Iteration summary generation, 0.033379, sec
2023-08-22 13:48:56,473 [34] INFO  - 2023-08-22 13:46:35,F060,Z,5,iter,0,feat,3391370,25866270, Iteration duration, 34.0038, sec
2023-08-22 13:48:56,473 [34] INFO  - 2023-08-22 13:46:37,F060,Z,5,iter,1,feat,3391370,25866270, Seed neighbor determination, 4.76316, sec
2023-08-22 13:48:56,473 [34] INFO  - 2023-08-22 13:46:45,F060,Z,5,iter,1,feat,3391370,25866270, Quality Score Generation, 15.9552, sec
2023-08-22 13:48:56,473 [34] INFO  - 2023-08-22 13:46:51,F060,Z,5,iter,1,feat,3391370,25866270, Spots per feature calculation and feature filtration, 5.52265, sec
2023-08-22 13:48:56,473 [34] INFO  - 2023-08-22 13:47:03,F060,Z,5,iter,1,feat,3391370,25866270, Making Complete Code Target Calls, 9.5826, sec
2023-08-22 13:48:56,473 [34] INFO  - 2023-08-22 13:47:05,F060,Z,5,iter,1,feat,3391370,25866270, Target Call Location Estimation and iteration end update, 1.78508, sec
2023-08-22 13:48:56,474 [34] INFO  - 2023-08-22 13:47:05,F060,Z,5,iter,1,feat,3391370,25866270, Iteration summary generation, 0.41071, sec
2023-08-22 13:48:56,474 [34] INFO  - 2023-08-22 13:47:05,F060,Z,5,iter,1,feat,3391370,25866270, Iteration duration, 36.2195, sec
2023-08-22 13:48:56,474 [34] INFO  - 2023-08-22 13:47:05,F060,Z,5,iter,1,feat,3391370,25866270, Z slice processing duration, 92.0395, sec
2023-08-22 13:48:56,474 [34] INFO  - 2023-08-22 13:47:27,F060,Z,6,iter,0,feat,3102948,28969218, Spot file data loading and filtration , 16.5775, sec
2023-08-22 13:48:56,474 [34] INFO  - 2023-08-22 13:47:29,F060,Z,6,iter,0,feat,3102948,28969218, Seed neighbor determination, 4.14686, sec
2023-08-22 13:48:56,474 [34] INFO  - 2023-08-22 13:47:35,F060,Z,6,iter,0,feat,3102948,28969218, Quality Score Generation, 14.9072, sec
2023-08-22 13:48:56,474 [34] INFO  - 2023-08-22 13:47:43,F060,Z,6,iter,0,feat,3102948,28969218, Spots per feature calculation and feature filtration, 6.10379, sec
2023-08-22 13:48:56,474 [34] INFO  - 2023-08-22 13:47:54,F060,Z,6,iter,0,feat,3102948,28969218, Making Complete Code Target Calls, 6.72206, sec
2023-08-22 13:48:56,474 [34] INFO  - 2023-08-22 13:47:57,F060,Z,6,iter,0,feat,3102948,28969218, Target Call Location Estimation and iteration end update, 2.93856, sec
2023-08-22 13:48:56,474 [34] INFO  - 2023-08-22 13:47:57,F060,Z,6,iter,0,feat,3102948,28969218, Iteration summary generation, 0.021628, sec
2023-08-22 13:48:56,481 [34] INFO  - 2023-08-22 13:47:57,F060,Z,6,iter,0,feat,3102948,28969218, Iteration duration, 33.222, sec
2023-08-22 13:48:56,485 [34] INFO  - 2023-08-22 13:48:00,F060,Z,6,iter,1,feat,3102948,28969218, Seed neighbor determination, 4.34458, sec
2023-08-22 13:48:56,485 [34] INFO  - 2023-08-22 13:48:09,F060,Z,6,iter,1,feat,3102948,28969218, Quality Score Generation, 15.0384, sec
2023-08-22 13:48:56,485 [34] INFO  - 2023-08-22 13:48:14,F060,Z,6,iter,1,feat,3102948,28969218, Spots per feature calculation and feature filtration, 5.52641, sec
2023-08-22 13:48:56,485 [34] INFO  - 2023-08-22 13:48:25,F060,Z,6,iter,1,feat,3102948,28969218, Making Complete Code Target Calls, 8.87864, sec
2023-08-22 13:48:56,485 [34] INFO  - 2023-08-22 13:48:29,F060,Z,6,iter,1,feat,3102948,28969218, Target Call Location Estimation and iteration end update, 2.84212, sec
2023-08-22 13:48:56,485 [34] INFO  - 2023-08-22 13:48:30,F060,Z,6,iter,1,feat,3102948,28969218, Iteration summary generation, 0.499183, sec
2023-08-22 13:48:56,485 [34] INFO  - 2023-08-22 13:48:30,F060,Z,6,iter,1,feat,3102948,28969218, Iteration duration, 35.1162, sec
2023-08-22 13:48:56,485 [34] INFO  - 2023-08-22 13:48:30,F060,Z,6,iter,1,feat,3102948,28969218, Z slice processing duration, 87.3323, sec
2023-08-22 13:48:56,485 [34] INFO  - 2023-08-22 13:48:53,F060,Z,7,iter,0,feat,3081890,32051108, Spot file data loading and filtration , 13.7091, sec
2023-08-22 13:50:35,126 [34] INFO  - 2023-08-22 13:48:56,F060,Z,7,iter,0,feat,3081890,32051108, Seed neighbor determination, 3.80597, sec
2023-08-22 13:50:35,127 [34] INFO  - 2023-08-22 13:49:01,F060,Z,7,iter,0,feat,3081890,32051108, Quality Score Generation, 11.9331, sec
2023-08-22 13:50:35,127 [34] INFO  - 2023-08-22 13:49:09,F060,Z,7,iter,0,feat,3081890,32051108, Spots per feature calculation and feature filtration, 6.77287, sec
2023-08-22 13:50:35,127 [34] INFO  - 2023-08-22 13:49:22,F060,Z,7,iter,0,feat,3081890,32051108, Making Complete Code Target Calls, 12.1922, sec
2023-08-22 13:50:35,127 [34] INFO  - 2023-08-22 13:49:28,F060,Z,7,iter,0,feat,3081890,32051108, Target Call Location Estimation and iteration end update, 6.28982, sec
2023-08-22 13:50:35,127 [34] INFO  - 2023-08-22 13:49:28,F060,Z,7,iter,0,feat,3081890,32051108, Iteration summary generation, 0.040906, sec
2023-08-22 13:50:35,127 [34] INFO  - 2023-08-22 13:49:28,F060,Z,7,iter,0,feat,3081890,32051108, Iteration duration, 39.8286, sec
2023-08-22 13:50:35,127 [34] INFO  - 2023-08-22 13:49:31,F060,Z,7,iter,1,feat,3081890,32051108, Seed neighbor determination, 5.72466, sec
2023-08-22 13:50:35,127 [34] INFO  - 2023-08-22 13:49:39,F060,Z,7,iter,1,feat,3081890,32051108, Quality Score Generation, 18.6418, sec
2023-08-22 13:50:35,133 [34] INFO  - 2023-08-22 13:49:44,F060,Z,7,iter,1,feat,3081890,32051108, Spots per feature calculation and feature filtration, 4.546, sec
2023-08-22 13:50:35,133 [34] INFO  - 2023-08-22 13:49:58,F060,Z,7,iter,1,feat,3081890,32051108, Making Complete Code Target Calls, 10.3994, sec
2023-08-22 13:50:35,133 [34] INFO  - 2023-08-22 13:50:00,F060,Z,7,iter,1,feat,3081890,32051108, Target Call Location Estimation and iteration end update, 2.32547, sec
2023-08-22 13:50:35,133 [34] INFO  - 2023-08-22 13:50:01,F060,Z,7,iter,1,feat,3081890,32051108, Iteration summary generation, 0.341462, sec
2023-08-22 13:50:35,133 [34] INFO  - 2023-08-22 13:50:01,F060,Z,7,iter,1,feat,3081890,32051108, Iteration duration, 39.6089, sec
2023-08-22 13:50:35,133 [34] INFO  - 2023-08-22 13:50:01,F060,Z,7,iter,1,feat,3081890,32051108, Z slice processing duration, 95.3523, sec
2023-08-22 13:50:35,133 [34] INFO  - 2023-08-22 13:50:08,F060,Z,8,iter,0,feat,1326996,33378104, Spot file data loading and filtration , 2.80999, sec
2023-08-22 13:50:35,133 [34] INFO  - 2023-08-22 13:50:10,F060,Z,8,iter,0,feat,1326996,33378104, Seed neighbor determination, 2.08336, sec
2023-08-22 13:50:35,133 [34] INFO  - 2023-08-22 13:50:12,F060,Z,8,iter,0,feat,1326996,33378104, Quality Score Generation, 4.94786, sec
2023-08-22 13:50:35,133 [34] INFO  - 2023-08-22 13:50:15,F060,Z,8,iter,0,feat,1326996,33378104, Spots per feature calculation and feature filtration, 2.85326, sec
2023-08-22 13:50:35,134 [34] INFO  - 2023-08-22 13:50:18,F060,Z,8,iter,0,feat,1326996,33378104, Making Complete Code Target Calls, 1.95529, sec
2023-08-22 13:50:35,134 [34] INFO  - 2023-08-22 13:50:19,F060,Z,8,iter,0,feat,1326996,33378104, Target Call Location Estimation and iteration end update, 0.629856, sec
2023-08-22 13:50:35,134 [34] INFO  - 2023-08-22 13:50:19,F060,Z,8,iter,0,feat,1326996,33378104, Iteration summary generation, 0.005839, sec
2023-08-22 13:50:35,134 [34] INFO  - 2023-08-22 13:50:19,F060,Z,8,iter,0,feat,1326996,33378104, Iteration duration, 11.6325, sec
2023-08-22 13:50:35,134 [34] INFO  - 2023-08-22 13:50:21,F060,Z,8,iter,1,feat,1326996,33378104, Seed neighbor determination, 1.53026, sec
2023-08-22 13:50:35,134 [34] INFO  - 2023-08-22 13:50:24,F060,Z,8,iter,1,feat,1326996,33378104, Quality Score Generation, 5.15829, sec
2023-08-22 13:50:35,134 [34] INFO  - 2023-08-22 13:50:27,F060,Z,8,iter,1,feat,1326996,33378104, Spots per feature calculation and feature filtration, 2.27481, sec
2023-08-22 13:50:35,134 [34] INFO  - 2023-08-22 13:50:29,F060,Z,8,iter,1,feat,1326996,33378104, Making Complete Code Target Calls, 1.68392, sec
2023-08-22 13:50:35,134 [34] INFO  - 2023-08-22 13:50:29,F060,Z,8,iter,1,feat,1326996,33378104, Target Call Location Estimation and iteration end update, 0.321016, sec
2023-08-22 13:50:35,134 [34] INFO  - 2023-08-22 13:50:29,F060,Z,8,iter,1,feat,1326996,33378104, Iteration summary generation, 0.155808, sec
2023-08-22 13:50:35,134 [34] INFO  - 2023-08-22 13:50:29,F060,Z,8,iter,1,feat,1326996,33378104, Iteration duration, 10.5545, sec
2023-08-22 13:50:35,134 [34] INFO  - 2023-08-22 13:50:29,F060,Z,8,iter,1,feat,1326996,33378104, Z slice processing duration, 27.8696, sec
2023-08-22 13:50:35,134 [34] INFO  - 2023-08-22 13:50:35,F060,Z,8,iter,1,feat,1326996,33378104, FOV processing duration (final) , 889.409, sec
2023-08-22 13:50:35,167 [34] INFO  - Exited
2023-08-22 13:50:35,173 [34] INFO  - System.EventArgs
2023-08-22 13:50:35,174 [34] INFO  - { }
2023-08-22 13:50:35,181 [1] INFO  - mtmc run complete
2023-08-22 13:50:35,181 [1] INFO  - Zipping and uploading results...
2023-08-22 13:50:35,182 [1] INFO  - Uploading mtm results to storage.
2023-08-22 13:50:35,183 [1] INFO  - Start uploading /app/out/FOV060 to 892d9dcc-e56d-475c-8dee-2c395064223d/2302H0033/c9d29823-a69c-4328-a6b9-53e2b78fa3e3/Run_76ed1d6b-57d6-4076-9a09-09a6f1ded693_20230817_2302h0033_ControlCenter/20230817_175305/20230817_175305_S1/AnalysisResults/oxdwyv2woj/FOV060
2023-08-22 13:50:35,183 [1] INFO  - Executing with retries set to: 10
2023-08-22 13:50:38,437 [1] INFO  - Upload /app/out/FOV060 finished
2023-08-22 13:50:38,437 [1] INFO  - Results uploaded.
2023-08-22 13:50:38,437 [1] INFO  - All done
2023-08-22 13:50:38,437 [1] INFO  - Executing with retries set to: 10
2023-08-22 13:50:38,438 [1] INFO  - Setting fov oxdwyv2woj-6wrn2 into status Completed
2023-08-22 13:50:38,479 [1] INFO  - Saving a fov processing run: oxdwyv2woj-6wrn2
2023-08-22 13:50:38,479 [1] INFO  - Updating an existing fov run.
2023-08-22 13:50:38,486 [1] INFO  - Uploading logs
2023-08-22 13:50:38,487 [1] INFO  - Start uploading 892d9dcc-e56d-475c-8dee-2c395064223d/2302H0033/c9d29823-a69c-4328-a6b9-53e2b78fa3e3/Run_76ed1d6b-57d6-4076-9a09-09a6f1ded693_20230817_2302h0033_ControlCenter/20230817_175305/20230817_175305_S1/AnalysisResults/oxdwyv2woj/FOV060/mtm-run.log
