2023-08-22 13:32:36,383 [1] INFO  - Using bucket s3-euw1-eu2-datarepository-eu2-eu2-kcl-01 and region eu-west-1
2023-08-22 13:32:36,441 [1] INFO  - Using role to access S3
2023-08-22 13:32:36,837 [1] INFO  - ===============================
2023-08-22 13:32:36,838 [1] INFO  - build info: 
commit 1860d865ce7409a4b25d5549a62e2b7be0a93d33
Author: alexander-serebriyan <alexander.serebriyan@teamdev.com>
Date:   Fri Feb 10 15:42:48 2023 +0100

    Add UAT env for ECR pushing.

Build done on: Fri Feb 10 14:46:39 UTC 2023
Version: 20230210.1

2023-08-22 13:32:36,838 [1] INFO  - ===============================
2023-08-22 13:32:36,838 [1] INFO  - Starting the job. Results will be uploaded to: 892d9dcc-e56d-475c-8dee-2c395064223d/2302H0033/c9d29823-a69c-4328-a6b9-53e2b78fa3e3/Run_76ed1d6b-57d6-4076-9a09-09a6f1ded693_20230817_2302h0033_ControlCenter/20230817_175305/20230817_175305_S1/AnalysisResults/oxdwyv2woj/FOV016
2023-08-22 13:32:36,838 [1] INFO  - Checking FOV status. Ref: oxdwyv2woj-0dv13, ID: 892d9dcc-e56d-475c-8dee-2c395064223d/2302H0033/c9d29823-a69c-4328-a6b9-53e2b78fa3e3/Run_76ed1d6b-57d6-4076-9a09-09a6f1ded693_20230817_2302h0033_ControlCenter/20230817_175305/20230817_175305_S1/SpotFiles/FOV016/
2023-08-22 13:32:37,071 [1] INFO  - Executing with retries set to: 10
2023-08-22 13:32:37,071 [1] INFO  - Setting fov oxdwyv2woj-0dv13 into status InProgress
2023-08-22 13:32:37,075 [1] INFO  - Saving a fov processing run: oxdwyv2woj-0dv13
2023-08-22 13:32:37,075 [1] INFO  - Updating an existing fov run.
2023-08-22 13:32:37,134 [1] INFO  - Downloading FOV using next path: 892d9dcc-e56d-475c-8dee-2c395064223d/2302H0033/c9d29823-a69c-4328-a6b9-53e2b78fa3e3/Run_76ed1d6b-57d6-4076-9a09-09a6f1ded693_20230817_2302h0033_ControlCenter/20230817_175305/20230817_175305_S1/SpotFiles/FOV016/
2023-08-22 13:32:37,134 [1] INFO  - Start downloading 892d9dcc-e56d-475c-8dee-2c395064223d/2302H0033/c9d29823-a69c-4328-a6b9-53e2b78fa3e3/Run_76ed1d6b-57d6-4076-9a09-09a6f1ded693_20230817_2302h0033_ControlCenter/20230817_175305/20230817_175305_S1/SpotFiles/FOV016/
2023-08-22 13:32:37,134 [1] INFO  - Executing with retries set to: 10
2023-08-22 13:36:40,675 [1] INFO  - Download 892d9dcc-e56d-475c-8dee-2c395064223d/2302H0033/c9d29823-a69c-4328-a6b9-53e2b78fa3e3/Run_76ed1d6b-57d6-4076-9a09-09a6f1ded693_20230817_2302h0033_ControlCenter/20230817_175305/20230817_175305_S1/SpotFiles/FOV016/ complete
2023-08-22 13:36:40,675 [1] INFO  - Custom plex file specified. The default one will be overriden.
2023-08-22 13:36:40,675 [1] INFO  - Downloading plex file using next path: 892d9dcc-e56d-475c-8dee-2c395064223d/2302H0033/c9d29823-a69c-4328-a6b9-53e2b78fa3e3/Run_76ed1d6b-57d6-4076-9a09-09a6f1ded693_20230817_2302h0033_ControlCenter/20230817_175305/20230817_175305_S1/plex-oxdwyv2woj.txt
2023-08-22 13:36:40,675 [1] INFO  - Downloading 892d9dcc-e56d-475c-8dee-2c395064223d/2302H0033/c9d29823-a69c-4328-a6b9-53e2b78fa3e3/Run_76ed1d6b-57d6-4076-9a09-09a6f1ded693_20230817_2302h0033_ControlCenter/20230817_175305/20230817_175305_S1/plex-oxdwyv2woj.txt
2023-08-22 13:36:40,790 [1] INFO  - Download 892d9dcc-e56d-475c-8dee-2c395064223d/2302H0033/c9d29823-a69c-4328-a6b9-53e2b78fa3e3/Run_76ed1d6b-57d6-4076-9a09-09a6f1ded693_20230817_2302h0033_ControlCenter/20230817_175305/20230817_175305_S1/plex-oxdwyv2woj.txt finished
2023-08-22 13:36:40,791 [1] INFO  - No user params file specified. Trying to use the one from the storage.
2023-08-22 13:36:40,791 [1] INFO  - Downloading params file using next path: 892d9dcc-e56d-475c-8dee-2c395064223d/2302H0033/c9d29823-a69c-4328-a6b9-53e2b78fa3e3/Run_76ed1d6b-57d6-4076-9a09-09a6f1ded693_20230817_2302h0033_ControlCenter/20230817_175305/20230817_175305_S1/analysis_params_v6.txt
2023-08-22 13:36:40,791 [1] INFO  - Downloading 892d9dcc-e56d-475c-8dee-2c395064223d/2302H0033/c9d29823-a69c-4328-a6b9-53e2b78fa3e3/Run_76ed1d6b-57d6-4076-9a09-09a6f1ded693_20230817_2302h0033_ControlCenter/20230817_175305/20230817_175305_S1/analysis_params_v6.txt
2023-08-22 13:36:40,825 [1] ERROR -    at Amazon.Runtime.Internal.HttpErrorResponseExceptionHandler.HandleExceptionStream(IRequestContext requestContext, IWebResponseData httpErrorResponse, HttpErrorResponseException exception, Stream responseStream)
   at Amazon.Runtime.Internal.HttpErrorResponseExceptionHandler.HandleExceptionAsync(IExecutionContext executionContext, HttpErrorResponseException exception)
   at Amazon.Runtime.Internal.ExceptionHandler`1.HandleAsync(IExecutionContext executionContext, Exception exception)
   at Amazon.Runtime.Internal.ErrorHandler.ProcessExceptionAsync(IExecutionContext executionContext, Exception exception)
   at Amazon.Runtime.Internal.ErrorHandler.InvokeAsync[T](IExecutionContext executionContext)
   at Amazon.Runtime.Internal.CallbackHandler.InvokeAsync[T](IExecutionContext executionContext)
   at Amazon.Runtime.Internal.EndpointDiscoveryHandler.InvokeAsync[T](IExecutionContext executionContext)
   at Amazon.Runtime.Internal.EndpointDiscoveryHandler.InvokeAsync[T](IExecutionContext executionContext)
   at Amazon.Runtime.Internal.CredentialsRetriever.InvokeAsync[T](IExecutionContext executionContext)
   at Amazon.Runtime.Internal.RetryHandler.InvokeAsync[T](IExecutionContext executionContext)
   at Amazon.Runtime.Internal.RetryHandler.InvokeAsync[T](IExecutionContext executionContext)
   at Amazon.Runtime.Internal.CallbackHandler.InvokeAsync[T](IExecutionContext executionContext)
   at Amazon.Runtime.Internal.CallbackHandler.InvokeAsync[T](IExecutionContext executionContext)
   at Amazon.S3.Internal.AmazonS3ExceptionHandler.InvokeAsync[T](IExecutionContext executionContext)
   at Amazon.Runtime.Internal.ErrorCallbackHandler.InvokeAsync[T](IExecutionContext executionContext)
   at Amazon.Runtime.Internal.MetricsHandler.InvokeAsync[T](IExecutionContext executionContext)
   at Amazon.S3.Transfer.Internal.DownloadCommand.ExecuteAsync(CancellationToken cancellationToken)
   at Amazon.S3.Transfer.TransferUtility.Download(String filePath, String bucketName, String key)
   at Core.S3FileStorageService.DownloadFile(String remoteFilePath, String localFilePath) in /src/Core/S3FileStorageService.cs:line 67
   at MTMCWorker.Service.Impl.MtmcWorker.FetchParamsFile(String paramsFileRef, String flowCellPath) in /src/MTMCWorker/Service/Impl/MtmcWorker.cs:line 297
2023-08-22 13:36:40,826 [1] INFO  - Can't download params file next to nBCDir. Using the default one.
Amazon.S3.AmazonS3Exception: The specified key does not exist.
 ---> Amazon.Runtime.Internal.HttpErrorResponseException: Exception of type 'Amazon.Runtime.Internal.HttpErrorResponseException' was thrown.
   at Amazon.Runtime.HttpWebRequestMessage.GetResponseAsync(CancellationToken cancellationToken)
   at Amazon.Runtime.Internal.HttpHandler`1.InvokeAsync[T](IExecutionContext executionContext)
   at Amazon.Runtime.Internal.RedirectHandler.InvokeAsync[T](IExecutionContext executionContext)
   at Amazon.Runtime.Internal.Unmarshaller.InvokeAsync[T](IExecutionContext executionContext)
   at Amazon.S3.Internal.AmazonS3ResponseHandler.InvokeAsync[T](IExecutionContext executionContext)
   at Amazon.Runtime.Internal.ErrorHandler.InvokeAsync[T](IExecutionContext executionContext)
   --- End of inner exception stack trace ---
   at Amazon.Runtime.Internal.HttpErrorResponseExceptionHandler.HandleExceptionStream(IRequestContext requestContext, IWebResponseData httpErrorResponse, HttpErrorResponseException exception, Stream responseStream)
   at Amazon.Runtime.Internal.HttpErrorResponseExceptionHandler.HandleExceptionAsync(IExecutionContext executionContext, HttpErrorResponseException exception)
   at Amazon.Runtime.Internal.ExceptionHandler`1.HandleAsync(IExecutionContext executionContext, Exception exception)
   at Amazon.Runtime.Internal.ErrorHandler.ProcessExceptionAsync(IExecutionContext executionContext, Exception exception)
   at Amazon.Runtime.Internal.ErrorHandler.InvokeAsync[T](IExecutionContext executionContext)
   at Amazon.Runtime.Internal.CallbackHandler.InvokeAsync[T](IExecutionContext executionContext)
   at Amazon.Runtime.Internal.EndpointDiscoveryHandler.InvokeAsync[T](IExecutionContext executionContext)
   at Amazon.Runtime.Internal.EndpointDiscoveryHandler.InvokeAsync[T](IExecutionContext executionContext)
   at Amazon.Runtime.Internal.CredentialsRetriever.InvokeAsync[T](IExecutionContext executionContext)
   at Amazon.Runtime.Internal.RetryHandler.InvokeAsync[T](IExecutionContext executionContext)
   at Amazon.Runtime.Internal.RetryHandler.InvokeAsync[T](IExecutionContext executionContext)
   at Amazon.Runtime.Internal.CallbackHandler.InvokeAsync[T](IExecutionContext executionContext)
   at Amazon.Runtime.Internal.CallbackHandler.InvokeAsync[T](IExecutionContext executionContext)
   at Amazon.S3.Internal.AmazonS3ExceptionHandler.InvokeAsync[T](IExecutionContext executionContext)
   at Amazon.Runtime.Internal.ErrorCallbackHandler.InvokeAsync[T](IExecutionContext executionContext)
   at Amazon.Runtime.Internal.MetricsHandler.InvokeAsync[T](IExecutionContext executionContext)
   at Amazon.S3.Transfer.Internal.DownloadCommand.ExecuteAsync(CancellationToken cancellationToken)
   at Amazon.S3.Transfer.TransferUtility.Download(String filePath, String bucketName, String key)
   at Core.S3FileStorageService.DownloadFile(String remoteFilePath, String localFilePath) in /src/Core/S3FileStorageService.cs:line 67
   at MTMCWorker.Service.Impl.MtmcWorker.FetchParamsFile(String paramsFileRef, String flowCellPath) in /src/MTMCWorker/Service/Impl/MtmcWorker.cs:line 297
2023-08-22 13:36:40,828 [1] INFO  - Fetching CellStatsDir folder data...
2023-08-22 13:36:40,893 [1] INFO  - Downloading 892d9dcc-e56d-475c-8dee-2c395064223d/2302H0033/c9d29823-a69c-4328-a6b9-53e2b78fa3e3/Run_76ed1d6b-57d6-4076-9a09-09a6f1ded693_20230817_2302h0033_ControlCenter/20230817_175305/20230817_175305_S1/CellStatsDir/CellComposite/CellComposite_F016.jpg
2023-08-22 13:36:41,129 [1] INFO  - Download 892d9dcc-e56d-475c-8dee-2c395064223d/2302H0033/c9d29823-a69c-4328-a6b9-53e2b78fa3e3/Run_76ed1d6b-57d6-4076-9a09-09a6f1ded693_20230817_2302h0033_ControlCenter/20230817_175305/20230817_175305_S1/CellStatsDir/CellComposite/CellComposite_F016.jpg finished
2023-08-22 13:36:41,129 [1] INFO  - Downloading 892d9dcc-e56d-475c-8dee-2c395064223d/2302H0033/c9d29823-a69c-4328-a6b9-53e2b78fa3e3/Run_76ed1d6b-57d6-4076-9a09-09a6f1ded693_20230817_2302h0033_ControlCenter/20230817_175305/20230817_175305_S1/CellStatsDir/CellOverlay/CellOverlay_F016.jpg
2023-08-22 13:36:41,612 [1] INFO  - Download 892d9dcc-e56d-475c-8dee-2c395064223d/2302H0033/c9d29823-a69c-4328-a6b9-53e2b78fa3e3/Run_76ed1d6b-57d6-4076-9a09-09a6f1ded693_20230817_2302h0033_ControlCenter/20230817_175305/20230817_175305_S1/CellStatsDir/CellOverlay/CellOverlay_F016.jpg finished
2023-08-22 13:36:41,613 [1] INFO  - Downloading 892d9dcc-e56d-475c-8dee-2c395064223d/2302H0033/c9d29823-a69c-4328-a6b9-53e2b78fa3e3/Run_76ed1d6b-57d6-4076-9a09-09a6f1ded693_20230817_2302h0033_ControlCenter/20230817_175305/20230817_175305_S1/CellStatsDir/FOV016/CellLabels_F016.tif
2023-08-22 13:36:41,825 [1] INFO  - Download 892d9dcc-e56d-475c-8dee-2c395064223d/2302H0033/c9d29823-a69c-4328-a6b9-53e2b78fa3e3/Run_76ed1d6b-57d6-4076-9a09-09a6f1ded693_20230817_2302h0033_ControlCenter/20230817_175305/20230817_175305_S1/CellStatsDir/FOV016/CellLabels_F016.tif finished
2023-08-22 13:36:41,825 [1] INFO  - Downloading 892d9dcc-e56d-475c-8dee-2c395064223d/2302H0033/c9d29823-a69c-4328-a6b9-53e2b78fa3e3/Run_76ed1d6b-57d6-4076-9a09-09a6f1ded693_20230817_2302h0033_ControlCenter/20230817_175305/20230817_175305_S1/CellStatsDir/FOV016/CompartmentLabels_F016.tif
2023-08-22 13:36:42,047 [1] INFO  - Download 892d9dcc-e56d-475c-8dee-2c395064223d/2302H0033/c9d29823-a69c-4328-a6b9-53e2b78fa3e3/Run_76ed1d6b-57d6-4076-9a09-09a6f1ded693_20230817_2302h0033_ControlCenter/20230817_175305/20230817_175305_S1/CellStatsDir/FOV016/CompartmentLabels_F016.tif finished
2023-08-22 13:36:42,047 [1] INFO  - Downloading 892d9dcc-e56d-475c-8dee-2c395064223d/2302H0033/c9d29823-a69c-4328-a6b9-53e2b78fa3e3/Run_76ed1d6b-57d6-4076-9a09-09a6f1ded693_20230817_2302h0033_ControlCenter/20230817_175305/20230817_175305_S1/CellStatsDir/FOV016/Run_76ed1d6b-57d6-4076-9a09-09a6f1ded693_20230817_175305_S1_Cell_Stats_F016.csv
2023-08-22 13:36:42,330 [1] INFO  - Download 892d9dcc-e56d-475c-8dee-2c395064223d/2302H0033/c9d29823-a69c-4328-a6b9-53e2b78fa3e3/Run_76ed1d6b-57d6-4076-9a09-09a6f1ded693_20230817_2302h0033_ControlCenter/20230817_175305/20230817_175305_S1/CellStatsDir/FOV016/Run_76ed1d6b-57d6-4076-9a09-09a6f1ded693_20230817_175305_S1_Cell_Stats_F016.csv finished
2023-08-22 13:36:42,330 [1] INFO  - Downloading 892d9dcc-e56d-475c-8dee-2c395064223d/2302H0033/c9d29823-a69c-4328-a6b9-53e2b78fa3e3/Run_76ed1d6b-57d6-4076-9a09-09a6f1ded693_20230817_2302h0033_ControlCenter/20230817_175305/20230817_175305_S1/CellStatsDir/Morphology2D/20230817_175305_S1_C902_P99_N99_F016.TIF
2023-08-22 13:36:43,433 [1] INFO  - Download 892d9dcc-e56d-475c-8dee-2c395064223d/2302H0033/c9d29823-a69c-4328-a6b9-53e2b78fa3e3/Run_76ed1d6b-57d6-4076-9a09-09a6f1ded693_20230817_2302h0033_ControlCenter/20230817_175305/20230817_175305_S1/CellStatsDir/Morphology2D/20230817_175305_S1_C902_P99_N99_F016.TIF finished
2023-08-22 13:36:43,433 [1] INFO  - Downloading 892d9dcc-e56d-475c-8dee-2c395064223d/2302H0033/c9d29823-a69c-4328-a6b9-53e2b78fa3e3/Run_76ed1d6b-57d6-4076-9a09-09a6f1ded693_20230817_2302h0033_ControlCenter/20230817_175305/20230817_175305_S1/CellStatsDir/RnD/Run_76ed1d6b-57d6-4076-9a09-09a6f1ded693_20230817_175305_S1_Summary_F016.csv
2023-08-22 13:36:43,610 [1] INFO  - Download 892d9dcc-e56d-475c-8dee-2c395064223d/2302H0033/c9d29823-a69c-4328-a6b9-53e2b78fa3e3/Run_76ed1d6b-57d6-4076-9a09-09a6f1ded693_20230817_2302h0033_ControlCenter/20230817_175305/20230817_175305_S1/CellStatsDir/RnD/Run_76ed1d6b-57d6-4076-9a09-09a6f1ded693_20230817_175305_S1_Summary_F016.csv finished
2023-08-22 13:36:43,611 [1] INFO  - CellStatsDir data download complete.
2023-08-22 13:36:43,611 [1] INFO  - FOV downloaded successfully.
2023-08-22 13:36:43,611 [1] INFO  - Preparing dirs structure for mtmc
2023-08-22 13:36:43,611 [1] INFO  - Preparing mtmc input. FOV dir: FOV016
2023-08-22 13:36:43,614 [1] INFO  - Running mtmc...
2023-08-22 13:36:43,623 [32] INFO  - directory: "/app/input_data/"
2023-08-22 13:36:44,031 [32] INFO  - directory: "/app/out/FOV016/"
2023-08-22 13:43:19,755 [32] INFO  - 2023-08-22 13:36:44,F016,Z,0,iter,0,feat,0,0, Reading and combining input data, 0.052637, sec
2023-08-22 13:43:19,756 [32] INFO  - 2023-08-22 13:36:44,F016,Z,-1,iter,0,feat,93722,93722, Spot file data loading and filtration , 0.050014, sec
2023-08-22 13:43:19,756 [32] INFO  - 2023-08-22 13:36:44,F016,Z,-1,iter,0,feat,93722,93722, Seed neighbor determination, 0.115366, sec
2023-08-22 13:43:19,756 [32] INFO  - 2023-08-22 13:36:44,F016,Z,-1,iter,0,feat,93722,93722, Quality Score Generation, 0.028942, sec
2023-08-22 13:43:19,756 [32] INFO  - 2023-08-22 13:36:44,F016,Z,-1,iter,1,feat,93722,93722, Seed neighbor determination, 0.109481, sec
2023-08-22 13:43:19,756 [32] INFO  - 2023-08-22 13:36:44,F016,Z,-1,iter,1,feat,93722,93722, Quality Score Generation, 0.033356, sec
2023-08-22 13:43:19,756 [32] INFO  - 2023-08-22 13:36:44,F016,Z,-1,iter,1,feat,93722,93722, Z slice processing duration, 0.599191, sec
2023-08-22 13:43:19,756 [32] INFO  - 2023-08-22 13:37:16,F016,Z,0,iter,0,feat,5907720,6001442, Spot file data loading and filtration , 25.3014, sec
2023-08-22 13:43:19,756 [32] INFO  - 2023-08-22 13:37:20,F016,Z,0,iter,0,feat,5907720,6001442, Seed neighbor determination, 7.42996, sec
2023-08-22 13:43:19,756 [32] INFO  - 2023-08-22 13:37:29,F016,Z,0,iter,0,feat,5907720,6001442, Quality Score Generation, 21.088, sec
2023-08-22 13:43:19,759 [32] INFO  - 2023-08-22 13:37:49,F016,Z,0,iter,0,feat,5907720,6001442, Spots per feature calculation and feature filtration, 12.0556, sec
2023-08-22 13:43:19,760 [32] INFO  - 2023-08-22 13:38:19,F016,Z,0,iter,0,feat,5907720,6001442, Making Complete Code Target Calls, 22.8737, sec
2023-08-22 13:43:19,760 [32] INFO  - 2023-08-22 13:38:29,F016,Z,0,iter,0,feat,5907720,6001442, Target Call Location Estimation and iteration end update, 7.5094, sec
2023-08-22 13:43:19,760 [32] INFO  - 2023-08-22 13:38:29,F016,Z,0,iter,0,feat,5907720,6001442, Iteration summary generation, 0.038401, sec
2023-08-22 13:43:19,760 [32] INFO  - 2023-08-22 13:38:29,F016,Z,0,iter,0,feat,5907720,6001442, Iteration duration, 68.2316, sec
2023-08-22 13:43:19,761 [32] INFO  - 2023-08-22 13:38:34,F016,Z,0,iter,1,feat,5907720,6001442, Seed neighbor determination, 8.30383, sec
2023-08-22 13:43:19,761 [32] INFO  - 2023-08-22 13:38:52,F016,Z,0,iter,1,feat,5907720,6001442, Quality Score Generation, 31.0723, sec
2023-08-22 13:43:19,761 [32] INFO  - 2023-08-22 13:39:04,F016,Z,0,iter,1,feat,5907720,6001442, Spots per feature calculation and feature filtration, 9.65455, sec
2023-08-22 13:43:19,761 [32] INFO  - 2023-08-22 13:39:44,F016,Z,0,iter,1,feat,5907720,6001442, Making Complete Code Target Calls, 30.2386, sec
2023-08-22 13:43:19,763 [32] INFO  - 2023-08-22 13:39:50,F016,Z,0,iter,1,feat,5907720,6001442, Target Call Location Estimation and iteration end update, 5.71561, sec
2023-08-22 13:43:19,763 [32] INFO  - 2023-08-22 13:39:51,F016,Z,0,iter,1,feat,5907720,6001442, Iteration summary generation, 0.438953, sec
2023-08-22 13:43:19,763 [32] INFO  - 2023-08-22 13:39:51,F016,Z,0,iter,1,feat,5907720,6001442, Iteration duration, 81.9728, sec
2023-08-22 13:43:19,763 [32] INFO  - 2023-08-22 13:39:51,F016,Z,0,iter,1,feat,5907720,6001442, Z slice processing duration, 175.628, sec
2023-08-22 13:43:19,763 [32] INFO  - 2023-08-22 13:40:39,F016,Z,1,iter,0,feat,5613239,11614681, Spot file data loading and filtration , 39.1485, sec
2023-08-22 13:43:19,763 [32] INFO  - 2023-08-22 13:40:43,F016,Z,1,iter,0,feat,5613239,11614681, Seed neighbor determination, 8.91363, sec
2023-08-22 13:43:19,763 [32] INFO  - 2023-08-22 13:40:55,F016,Z,1,iter,0,feat,5613239,11614681, Quality Score Generation, 23.9964, sec
2023-08-22 13:43:19,763 [32] INFO  - 2023-08-22 13:41:10,F016,Z,1,iter,0,feat,5613239,11614681, Spots per feature calculation and feature filtration, 10.2369, sec
2023-08-22 13:43:19,763 [32] INFO  - 2023-08-22 13:41:45,F016,Z,1,iter,0,feat,5613239,11614681, Making Complete Code Target Calls, 24.2661, sec
2023-08-22 13:43:19,763 [32] INFO  - 2023-08-22 13:41:55,F016,Z,1,iter,0,feat,5613239,11614681, Target Call Location Estimation and iteration end update, 8.59148, sec
2023-08-22 13:43:19,763 [32] INFO  - 2023-08-22 13:41:55,F016,Z,1,iter,0,feat,5613239,11614681, Iteration summary generation, 0.067784, sec
2023-08-22 13:43:19,764 [32] INFO  - 2023-08-22 13:41:55,F016,Z,1,iter,0,feat,5613239,11614681, Iteration duration, 72.5488, sec
2023-08-22 13:43:19,764 [32] INFO  - 2023-08-22 13:42:03,F016,Z,1,iter,1,feat,5613239,11614681, Seed neighbor determination, 7.84722, sec
2023-08-22 13:43:19,764 [32] INFO  - 2023-08-22 13:42:25,F016,Z,1,iter,1,feat,5613239,11614681, Quality Score Generation, 42.7535, sec
2023-08-22 13:43:19,764 [32] INFO  - 2023-08-22 13:42:36,F016,Z,1,iter,1,feat,5613239,11614681, Spots per feature calculation and feature filtration, 7.51375, sec
2023-08-22 13:43:19,764 [32] INFO  - 2023-08-22 13:43:11,F016,Z,1,iter,1,feat,5613239,11614681, Making Complete Code Target Calls, 27.5896, sec
2023-08-22 13:43:19,764 [32] INFO  - 2023-08-22 13:43:18,F016,Z,1,iter,1,feat,5613239,11614681, Target Call Location Estimation and iteration end update, 6.4539, sec
2023-08-22 13:43:19,764 [32] INFO  - 2023-08-22 13:43:19,F016,Z,1,iter,1,feat,5613239,11614681, Iteration summary generation, 0.873711, sec
2023-08-22 13:43:19,764 [32] INFO  - 2023-08-22 13:43:19,F016,Z,1,iter,1,feat,5613239,11614681, Iteration duration, 89.7731, sec
2023-08-22 13:49:15,303 [40] INFO  - 2023-08-22 13:43:19,F016,Z,1,iter,1,feat,5613239,11614681, Z slice processing duration, 205.731, sec
2023-08-22 13:49:15,304 [40] INFO  - 2023-08-22 13:44:12,F016,Z,2,iter,0,feat,4729130,16343811, Spot file data loading and filtration , 34.7384, sec
2023-08-22 13:49:15,304 [40] INFO  - 2023-08-22 13:44:15,F016,Z,2,iter,0,feat,4729130,16343811, Seed neighbor determination, 6.31335, sec
2023-08-22 13:49:15,304 [40] INFO  - 2023-08-22 13:44:22,F016,Z,2,iter,0,feat,4729130,16343811, Quality Score Generation, 14.6741, sec
2023-08-22 13:49:15,304 [40] INFO  - 2023-08-22 13:44:34,F016,Z,2,iter,0,feat,4729130,16343811, Spots per feature calculation and feature filtration, 9.1068, sec
2023-08-22 13:49:15,304 [40] INFO  - 2023-08-22 13:45:01,F016,Z,2,iter,0,feat,4729130,16343811, Making Complete Code Target Calls, 22.9424, sec
2023-08-22 13:49:15,304 [40] INFO  - 2023-08-22 13:45:10,F016,Z,2,iter,0,feat,4729130,16343811, Target Call Location Estimation and iteration end update, 8.48708, sec
2023-08-22 13:49:15,304 [40] INFO  - 2023-08-22 13:45:10,F016,Z,2,iter,0,feat,4729130,16343811, Iteration summary generation, 0.044868, sec
2023-08-22 13:49:15,304 [40] INFO  - 2023-08-22 13:45:10,F016,Z,2,iter,0,feat,4729130,16343811, Iteration duration, 59.0803, sec
2023-08-22 13:49:15,304 [40] INFO  - 2023-08-22 13:45:14,F016,Z,2,iter,1,feat,4729130,16343811, Seed neighbor determination, 6.78769, sec
2023-08-22 13:49:15,315 [40] INFO  - 2023-08-22 13:45:27,F016,Z,2,iter,1,feat,4729130,16343811, Quality Score Generation, 27.8534, sec
2023-08-22 13:49:15,315 [40] INFO  - 2023-08-22 13:45:34,F016,Z,2,iter,1,feat,4729130,16343811, Spots per feature calculation and feature filtration, 6.54505, sec
2023-08-22 13:49:15,315 [40] INFO  - 2023-08-22 13:46:01,F016,Z,2,iter,1,feat,4729130,16343811, Making Complete Code Target Calls, 19.1083, sec
2023-08-22 13:49:15,315 [40] INFO  - 2023-08-22 13:46:08,F016,Z,2,iter,1,feat,4729130,16343811, Target Call Location Estimation and iteration end update, 6.15065, sec
2023-08-22 13:49:15,315 [40] INFO  - 2023-08-22 13:46:08,F016,Z,2,iter,1,feat,4729130,16343811, Iteration summary generation, 0.707048, sec
2023-08-22 13:49:15,315 [40] INFO  - 2023-08-22 13:46:08,F016,Z,2,iter,1,feat,4729130,16343811, Iteration duration, 64.0902, sec
2023-08-22 13:49:15,315 [40] INFO  - 2023-08-22 13:46:08,F016,Z,2,iter,1,feat,4729130,16343811, Z slice processing duration, 161.907, sec
2023-08-22 13:49:15,315 [40] INFO  - 2023-08-22 13:46:47,F016,Z,3,iter,0,feat,4109370,20453181, Spot file data loading and filtration , 31.1459, sec
2023-08-22 13:49:15,315 [40] INFO  - 2023-08-22 13:46:51,F016,Z,3,iter,0,feat,4109370,20453181, Seed neighbor determination, 5.20524, sec
2023-08-22 13:49:15,315 [40] INFO  - 2023-08-22 13:46:58,F016,Z,3,iter,0,feat,4109370,20453181, Quality Score Generation, 18.5353, sec
2023-08-22 13:49:15,315 [40] INFO  - 2023-08-22 13:47:07,F016,Z,3,iter,0,feat,4109370,20453181, Spots per feature calculation and feature filtration, 7.4098, sec
2023-08-22 13:49:15,315 [40] INFO  - 2023-08-22 13:47:22,F016,Z,3,iter,0,feat,4109370,20453181, Making Complete Code Target Calls, 13.9011, sec
2023-08-22 13:49:15,315 [40] INFO  - 2023-08-22 13:47:25,F016,Z,3,iter,0,feat,4109370,20453181, Target Call Location Estimation and iteration end update, 2.98858, sec
2023-08-22 13:49:15,315 [40] INFO  - 2023-08-22 13:47:25,F016,Z,3,iter,0,feat,4109370,20453181, Iteration summary generation, 0.034685, sec
2023-08-22 13:49:15,315 [40] INFO  - 2023-08-22 13:47:25,F016,Z,3,iter,0,feat,4109370,20453181, Iteration duration, 46.0323, sec
2023-08-22 13:49:15,315 [40] INFO  - 2023-08-22 13:47:29,F016,Z,3,iter,1,feat,4109370,20453181, Seed neighbor determination, 5.58211, sec
2023-08-22 13:49:15,315 [40] INFO  - 2023-08-22 13:47:39,F016,Z,3,iter,1,feat,4109370,20453181, Quality Score Generation, 21.2534, sec
2023-08-22 13:49:15,315 [40] INFO  - 2023-08-22 13:47:46,F016,Z,3,iter,1,feat,4109370,20453181, Spots per feature calculation and feature filtration, 6.22928, sec
2023-08-22 13:49:15,315 [40] INFO  - 2023-08-22 13:48:10,F016,Z,3,iter,1,feat,4109370,20453181, Making Complete Code Target Calls, 19.976, sec
2023-08-22 13:49:15,327 [40] INFO  - 2023-08-22 13:48:15,F016,Z,3,iter,1,feat,4109370,20453181, Target Call Location Estimation and iteration end update, 2.94046, sec
2023-08-22 13:49:15,327 [40] INFO  - 2023-08-22 13:48:16,F016,Z,3,iter,1,feat,4109370,20453181, Iteration summary generation, 0.477173, sec
2023-08-22 13:49:15,327 [40] INFO  - 2023-08-22 13:48:16,F016,Z,3,iter,1,feat,4109370,20453181, Iteration duration, 54.1565, sec
2023-08-22 13:49:15,327 [40] INFO  - 2023-08-22 13:48:16,F016,Z,3,iter,1,feat,4109370,20453181, Z slice processing duration, 134.775, sec
2023-08-22 13:49:15,327 [40] INFO  - 2023-08-22 13:48:49,F016,Z,4,iter,0,feat,3567205,24020386, Spot file data loading and filtration , 25.0454, sec
2023-08-22 13:49:15,327 [40] INFO  - 2023-08-22 13:48:51,F016,Z,4,iter,0,feat,3567205,24020386, Seed neighbor determination, 4.6394, sec
2023-08-22 13:49:15,327 [40] INFO  - 2023-08-22 13:48:55,F016,Z,4,iter,0,feat,3567205,24020386, Quality Score Generation, 10.6095, sec
2023-08-22 13:49:15,327 [40] INFO  - 2023-08-22 13:49:02,F016,Z,4,iter,0,feat,3567205,24020386, Spots per feature calculation and feature filtration, 6.98616, sec
2023-08-22 13:49:15,327 [40] INFO  - 2023-08-22 13:49:12,F016,Z,4,iter,0,feat,3567205,24020386, Making Complete Code Target Calls, 9.66937, sec
2023-08-22 13:52:22,932 [40] INFO  - 2023-08-22 13:49:15,F016,Z,4,iter,0,feat,3567205,24020386, Target Call Location Estimation and iteration end update, 2.28352, sec
2023-08-22 13:52:22,932 [40] INFO  - 2023-08-22 13:49:15,F016,Z,4,iter,0,feat,3567205,24020386, Iteration summary generation, 0.024992, sec
2023-08-22 13:52:22,932 [40] INFO  - 2023-08-22 13:49:15,F016,Z,4,iter,0,feat,3567205,24020386, Iteration duration, 32.4175, sec
2023-08-22 13:52:22,932 [40] INFO  - 2023-08-22 13:49:17,F016,Z,4,iter,1,feat,3567205,24020386, Seed neighbor determination, 5.09775, sec
2023-08-22 13:52:22,932 [40] INFO  - 2023-08-22 13:49:26,F016,Z,4,iter,1,feat,3567205,24020386, Quality Score Generation, 16.796, sec
2023-08-22 13:52:22,932 [40] INFO  - 2023-08-22 13:49:31,F016,Z,4,iter,1,feat,3567205,24020386, Spots per feature calculation and feature filtration, 5.12994, sec
2023-08-22 13:52:22,932 [40] INFO  - 2023-08-22 13:49:54,F016,Z,4,iter,1,feat,3567205,24020386, Making Complete Code Target Calls, 21.9256, sec
2023-08-22 13:52:22,932 [40] INFO  - 2023-08-22 13:49:58,F016,Z,4,iter,1,feat,3567205,24020386, Target Call Location Estimation and iteration end update, 4.0841, sec
2023-08-22 13:52:22,932 [40] INFO  - 2023-08-22 13:49:59,F016,Z,4,iter,1,feat,3567205,24020386, Iteration summary generation, 0.322404, sec
2023-08-22 13:52:22,932 [40] INFO  - 2023-08-22 13:49:59,F016,Z,4,iter,1,feat,3567205,24020386, Iteration duration, 51.1431, sec
2023-08-22 13:52:22,933 [40] INFO  - 2023-08-22 13:49:59,F016,Z,4,iter,1,feat,3567205,24020386, Z slice processing duration, 111.423, sec
2023-08-22 13:52:22,933 [40] INFO  - 2023-08-22 13:50:18,F016,Z,5,iter,0,feat,3176607,27196993, Spot file data loading and filtration , 16.704, sec
2023-08-22 13:52:22,933 [40] INFO  - 2023-08-22 13:50:20,F016,Z,5,iter,0,feat,3176607,27196993, Seed neighbor determination, 3.84174, sec
2023-08-22 13:52:22,933 [40] INFO  - 2023-08-22 13:50:24,F016,Z,5,iter,0,feat,3176607,27196993, Quality Score Generation, 10.7517, sec
2023-08-22 13:52:22,933 [40] INFO  - 2023-08-22 13:50:30,F016,Z,5,iter,0,feat,3176607,27196993, Spots per feature calculation and feature filtration, 5.46699, sec
2023-08-22 13:52:22,933 [40] INFO  - 2023-08-22 13:50:40,F016,Z,5,iter,0,feat,3176607,27196993, Making Complete Code Target Calls, 10.0554, sec
2023-08-22 13:52:22,933 [40] INFO  - 2023-08-22 13:50:45,F016,Z,5,iter,0,feat,3176607,27196993, Target Call Location Estimation and iteration end update, 4.71773, sec
2023-08-22 13:52:22,933 [40] INFO  - 2023-08-22 13:50:45,F016,Z,5,iter,0,feat,3176607,27196993, Iteration summary generation, 0.025922, sec
2023-08-22 13:52:22,933 [40] INFO  - 2023-08-22 13:50:45,F016,Z,5,iter,0,feat,3176607,27196993, Iteration duration, 33.2864, sec
2023-08-22 13:52:22,933 [40] INFO  - 2023-08-22 13:50:48,F016,Z,5,iter,1,feat,3176607,27196993, Seed neighbor determination, 5.12338, sec
2023-08-22 13:52:22,933 [40] INFO  - 2023-08-22 13:50:53,F016,Z,5,iter,1,feat,3176607,27196993, Quality Score Generation, 15.2813, sec
2023-08-22 13:52:22,933 [40] INFO  - 2023-08-22 13:50:57,F016,Z,5,iter,1,feat,3176607,27196993, Spots per feature calculation and feature filtration, 4.1944, sec
2023-08-22 13:52:22,933 [40] INFO  - 2023-08-22 13:51:10,F016,Z,5,iter,1,feat,3176607,27196993, Making Complete Code Target Calls, 11.7608, sec
2023-08-22 13:52:22,933 [40] INFO  - 2023-08-22 13:51:14,F016,Z,5,iter,1,feat,3176607,27196993, Target Call Location Estimation and iteration end update, 4.2957, sec
2023-08-22 13:52:22,933 [40] INFO  - 2023-08-22 13:51:15,F016,Z,5,iter,1,feat,3176607,27196993, Iteration summary generation, 0.289282, sec
2023-08-22 13:52:22,933 [40] INFO  - 2023-08-22 13:51:15,F016,Z,5,iter,1,feat,3176607,27196993, Iteration duration, 38.7418, sec
2023-08-22 13:52:22,933 [40] INFO  - 2023-08-22 13:51:15,F016,Z,5,iter,1,feat,3176607,27196993, Z slice processing duration, 91.312, sec
2023-08-22 13:52:22,933 [40] INFO  - 2023-08-22 13:51:32,F016,Z,6,iter,0,feat,3009380,30206373, Spot file data loading and filtration , 13.0079, sec
2023-08-22 13:52:22,933 [40] INFO  - 2023-08-22 13:51:34,F016,Z,6,iter,0,feat,3009380,30206373, Seed neighbor determination, 3.76688, sec
2023-08-22 13:52:22,933 [40] INFO  - 2023-08-22 13:51:40,F016,Z,6,iter,0,feat,3009380,30206373, Quality Score Generation, 18.2026, sec
2023-08-22 13:52:22,933 [40] INFO  - 2023-08-22 13:51:46,F016,Z,6,iter,0,feat,3009380,30206373, Spots per feature calculation and feature filtration, 6.12862, sec
2023-08-22 13:52:22,933 [40] INFO  - 2023-08-22 13:51:57,F016,Z,6,iter,0,feat,3009380,30206373, Making Complete Code Target Calls, 10.0678, sec
2023-08-22 13:52:22,933 [40] INFO  - 2023-08-22 13:52:02,F016,Z,6,iter,0,feat,3009380,30206373, Target Call Location Estimation and iteration end update, 4.84539, sec
2023-08-22 13:52:22,933 [40] INFO  - 2023-08-22 13:52:02,F016,Z,6,iter,0,feat,3009380,30206373, Iteration summary generation, 0.025917, sec
2023-08-22 13:52:22,933 [40] INFO  - 2023-08-22 13:52:02,F016,Z,6,iter,0,feat,3009380,30206373, Iteration duration, 41.606, sec
2023-08-22 13:52:22,933 [40] INFO  - 2023-08-22 13:52:04,F016,Z,6,iter,1,feat,3009380,30206373, Seed neighbor determination, 3.75365, sec
2023-08-22 13:52:22,933 [40] INFO  - 2023-08-22 13:52:08,F016,Z,6,iter,1,feat,3009380,30206373, Quality Score Generation, 10.1432, sec
2023-08-22 13:52:22,933 [40] INFO  - 2023-08-22 13:52:12,F016,Z,6,iter,1,feat,3009380,30206373, Spots per feature calculation and feature filtration, 4.05411, sec
2023-08-22 13:53:08,146 [60] INFO  - 2023-08-22 13:52:22,F016,Z,6,iter,1,feat,3009380,30206373, Making Complete Code Target Calls, 10.7511, sec
2023-08-22 13:53:08,147 [60] INFO  - 2023-08-22 13:52:26,F016,Z,6,iter,1,feat,3009380,30206373, Target Call Location Estimation and iteration end update, 3.39505, sec
2023-08-22 13:53:08,147 [60] INFO  - 2023-08-22 13:52:26,F016,Z,6,iter,1,feat,3009380,30206373, Iteration summary generation, 0.155841, sec
2023-08-22 13:53:08,147 [60] INFO  - 2023-08-22 13:52:26,F016,Z,6,iter,1,feat,3009380,30206373, Iteration duration, 30.55, sec
2023-08-22 13:53:08,147 [60] INFO  - 2023-08-22 13:52:26,F016,Z,6,iter,1,feat,3009380,30206373, Z slice processing duration, 87.7515, sec
2023-08-22 13:53:08,147 [60] INFO  - 2023-08-22 13:52:38,F016,Z,7,iter,0,feat,2955545,33161918, Spot file data loading and filtration , 10.0392, sec
2023-08-22 13:53:08,147 [60] INFO  - 2023-08-22 13:52:40,F016,Z,7,iter,0,feat,2955545,33161918, Seed neighbor determination, 3.33151, sec
2023-08-22 13:53:08,147 [60] INFO  - 2023-08-22 13:52:41,F016,Z,7,iter,0,feat,2955545,33161918, Quality Score Generation, 6.27542, sec
2023-08-22 13:53:08,147 [60] INFO  - 2023-08-22 13:52:45,F016,Z,7,iter,0,feat,2955545,33161918, Spots per feature calculation and feature filtration, 3.5614, sec
2023-08-22 13:53:08,147 [60] INFO  - 2023-08-22 13:52:50,F016,Z,7,iter,0,feat,2955545,33161918, Making Complete Code Target Calls, 4.75343, sec
2023-08-22 13:53:08,147 [68] INFO  - 2023-08-22 13:52:51,F016,Z,7,iter,0,feat,2955545,33161918, Target Call Location Estimation and iteration end update, 1.00137, sec
2023-08-22 13:53:08,147 [68] INFO  - 2023-08-22 13:52:51,F016,Z,7,iter,0,feat,2955545,33161918, Iteration summary generation, 0.013019, sec
2023-08-22 13:53:08,147 [68] INFO  - 2023-08-22 13:52:51,F016,Z,7,iter,0,feat,2955545,33161918, Iteration duration, 17.5054, sec
2023-08-22 13:53:08,147 [68] INFO  - 2023-08-22 13:52:52,F016,Z,7,iter,1,feat,2955545,33161918, Seed neighbor determination, 3.23331, sec
2023-08-22 13:53:08,147 [68] INFO  - 2023-08-22 13:52:55,F016,Z,7,iter,1,feat,2955545,33161918, Quality Score Generation, 8.40525, sec
2023-08-22 13:53:08,147 [68] INFO  - 2023-08-22 13:52:57,F016,Z,7,iter,1,feat,2955545,33161918, Spots per feature calculation and feature filtration, 2.22052, sec
2023-08-22 13:53:08,147 [68] INFO  - 2023-08-22 13:53:04,F016,Z,7,iter,1,feat,2955545,33161918, Making Complete Code Target Calls, 7.36326, sec
2023-08-22 13:53:08,147 [68] INFO  - 2023-08-22 13:53:06,F016,Z,7,iter,1,feat,2955545,33161918, Target Call Location Estimation and iteration end update, 1.93206, sec
2023-08-22 13:53:08,147 [68] INFO  - 2023-08-22 13:53:06,F016,Z,7,iter,1,feat,2955545,33161918, Iteration summary generation, 0.154224, sec
2023-08-22 13:53:08,147 [68] INFO  - 2023-08-22 13:53:06,F016,Z,7,iter,1,feat,2955545,33161918, Iteration duration, 21.8652, sec
2023-08-22 13:53:08,147 [68] INFO  - 2023-08-22 13:53:06,F016,Z,7,iter,1,feat,2955545,33161918, Z slice processing duration, 51.3017, sec
2023-08-22 13:53:08,147 [68] INFO  - 2023-08-22 13:53:06,F016,Z,8,iter,0,feat,14337,33176255, Spot file data loading and filtration , -1.60428, sec
2023-08-22 13:53:08,147 [68] INFO  - 2023-08-22 13:53:06,F016,Z,8,iter,0,feat,14337,33176255, Seed neighbor determination, 0.015784, sec
2023-08-22 13:53:08,147 [68] INFO  - 2023-08-22 13:53:06,F016,Z,8,iter,0,feat,14337,33176255, Quality Score Generation, 0.011948, sec
2023-08-22 13:53:08,147 [68] INFO  - 2023-08-22 13:53:06,F016,Z,8,iter,1,feat,14337,33176255, Seed neighbor determination, 0.019187, sec
2023-08-22 13:53:08,147 [68] INFO  - 2023-08-22 13:53:06,F016,Z,8,iter,1,feat,14337,33176255, Quality Score Generation, 0.009967, sec
2023-08-22 13:53:08,147 [68] INFO  - 2023-08-22 13:53:06,F016,Z,8,iter,1,feat,14337,33176255, Z slice processing duration, 0.088113, sec
2023-08-22 13:53:08,147 [68] INFO  - 2023-08-22 13:53:08,F016,Z,8,iter,1,feat,14337,33176255, FOV processing duration (final) , 1021.79, sec
2023-08-22 13:53:08,174 [68] INFO  - Exited
2023-08-22 13:53:08,174 [68] INFO  - System.EventArgs
2023-08-22 13:53:08,175 [68] INFO  - { }
2023-08-22 13:53:08,176 [1] INFO  - mtmc run complete
2023-08-22 13:53:08,176 [1] INFO  - Zipping and uploading results...
2023-08-22 13:53:08,176 [1] INFO  - Uploading mtm results to storage.
2023-08-22 13:53:08,177 [1] INFO  - Start uploading /app/out/FOV016 to 892d9dcc-e56d-475c-8dee-2c395064223d/2302H0033/c9d29823-a69c-4328-a6b9-53e2b78fa3e3/Run_76ed1d6b-57d6-4076-9a09-09a6f1ded693_20230817_2302h0033_ControlCenter/20230817_175305/20230817_175305_S1/AnalysisResults/oxdwyv2woj/FOV016
2023-08-22 13:53:08,177 [1] INFO  - Executing with retries set to: 10
2023-08-22 13:53:09,446 [1] INFO  - Upload /app/out/FOV016 finished
2023-08-22 13:53:09,446 [1] INFO  - Results uploaded.
2023-08-22 13:53:09,446 [1] INFO  - All done
2023-08-22 13:53:09,446 [1] INFO  - Executing with retries set to: 10
2023-08-22 13:53:09,446 [1] INFO  - Setting fov oxdwyv2woj-0dv13 into status Completed
2023-08-22 13:53:09,461 [1] INFO  - Saving a fov processing run: oxdwyv2woj-0dv13
2023-08-22 13:53:09,461 [1] INFO  - Updating an existing fov run.
2023-08-22 13:53:09,463 [1] INFO  - Uploading logs
2023-08-22 13:53:09,465 [1] INFO  - Start uploading 892d9dcc-e56d-475c-8dee-2c395064223d/2302H0033/c9d29823-a69c-4328-a6b9-53e2b78fa3e3/Run_76ed1d6b-57d6-4076-9a09-09a6f1ded693_20230817_2302h0033_ControlCenter/20230817_175305/20230817_175305_S1/AnalysisResults/oxdwyv2woj/FOV016/mtm-run.log
