2023-08-22 13:32:36,234 [1] INFO  - Using bucket s3-euw1-eu2-datarepository-eu2-eu2-kcl-01 and region eu-west-1
2023-08-22 13:32:36,297 [1] INFO  - Using role to access S3
2023-08-22 13:32:36,665 [1] INFO  - ===============================
2023-08-22 13:32:36,665 [1] INFO  - build info: 
commit 1860d865ce7409a4b25d5549a62e2b7be0a93d33
Author: alexander-serebriyan <alexander.serebriyan@teamdev.com>
Date:   Fri Feb 10 15:42:48 2023 +0100

    Add UAT env for ECR pushing.

Build done on: Fri Feb 10 14:46:39 UTC 2023
Version: 20230210.1

2023-08-22 13:32:36,665 [1] INFO  - ===============================
2023-08-22 13:32:36,665 [1] INFO  - Starting the job. Results will be uploaded to: 892d9dcc-e56d-475c-8dee-2c395064223d/2302H0033/c9d29823-a69c-4328-a6b9-53e2b78fa3e3/Run_76ed1d6b-57d6-4076-9a09-09a6f1ded693_20230817_2302h0033_ControlCenter/20230817_175305/20230817_175305_S1/AnalysisResults/oxdwyv2woj/FOV023
2023-08-22 13:32:36,665 [1] INFO  - Checking FOV status. Ref: oxdwyv2woj-f8x8m, ID: 892d9dcc-e56d-475c-8dee-2c395064223d/2302H0033/c9d29823-a69c-4328-a6b9-53e2b78fa3e3/Run_76ed1d6b-57d6-4076-9a09-09a6f1ded693_20230817_2302h0033_ControlCenter/20230817_175305/20230817_175305_S1/SpotFiles/FOV023/
2023-08-22 13:32:36,939 [1] INFO  - Executing with retries set to: 10
2023-08-22 13:32:36,939 [1] INFO  - Setting fov oxdwyv2woj-f8x8m into status InProgress
2023-08-22 13:32:36,941 [1] INFO  - Saving a fov processing run: oxdwyv2woj-f8x8m
2023-08-22 13:32:36,942 [1] INFO  - Updating an existing fov run.
2023-08-22 13:32:37,005 [1] INFO  - Downloading FOV using next path: 892d9dcc-e56d-475c-8dee-2c395064223d/2302H0033/c9d29823-a69c-4328-a6b9-53e2b78fa3e3/Run_76ed1d6b-57d6-4076-9a09-09a6f1ded693_20230817_2302h0033_ControlCenter/20230817_175305/20230817_175305_S1/SpotFiles/FOV023/
2023-08-22 13:32:37,006 [1] INFO  - Start downloading 892d9dcc-e56d-475c-8dee-2c395064223d/2302H0033/c9d29823-a69c-4328-a6b9-53e2b78fa3e3/Run_76ed1d6b-57d6-4076-9a09-09a6f1ded693_20230817_2302h0033_ControlCenter/20230817_175305/20230817_175305_S1/SpotFiles/FOV023/
2023-08-22 13:32:37,006 [1] INFO  - Executing with retries set to: 10
2023-08-22 13:36:40,194 [1] INFO  - Download 892d9dcc-e56d-475c-8dee-2c395064223d/2302H0033/c9d29823-a69c-4328-a6b9-53e2b78fa3e3/Run_76ed1d6b-57d6-4076-9a09-09a6f1ded693_20230817_2302h0033_ControlCenter/20230817_175305/20230817_175305_S1/SpotFiles/FOV023/ complete
2023-08-22 13:36:40,194 [1] INFO  - Custom plex file specified. The default one will be overriden.
2023-08-22 13:36:40,194 [1] INFO  - Downloading plex file using next path: 892d9dcc-e56d-475c-8dee-2c395064223d/2302H0033/c9d29823-a69c-4328-a6b9-53e2b78fa3e3/Run_76ed1d6b-57d6-4076-9a09-09a6f1ded693_20230817_2302h0033_ControlCenter/20230817_175305/20230817_175305_S1/plex-oxdwyv2woj.txt
2023-08-22 13:36:40,194 [1] INFO  - Downloading 892d9dcc-e56d-475c-8dee-2c395064223d/2302H0033/c9d29823-a69c-4328-a6b9-53e2b78fa3e3/Run_76ed1d6b-57d6-4076-9a09-09a6f1ded693_20230817_2302h0033_ControlCenter/20230817_175305/20230817_175305_S1/plex-oxdwyv2woj.txt
2023-08-22 13:36:40,311 [1] INFO  - Download 892d9dcc-e56d-475c-8dee-2c395064223d/2302H0033/c9d29823-a69c-4328-a6b9-53e2b78fa3e3/Run_76ed1d6b-57d6-4076-9a09-09a6f1ded693_20230817_2302h0033_ControlCenter/20230817_175305/20230817_175305_S1/plex-oxdwyv2woj.txt finished
2023-08-22 13:36:40,311 [1] INFO  - No user params file specified. Trying to use the one from the storage.
2023-08-22 13:36:40,311 [1] INFO  - Downloading params file using next path: 892d9dcc-e56d-475c-8dee-2c395064223d/2302H0033/c9d29823-a69c-4328-a6b9-53e2b78fa3e3/Run_76ed1d6b-57d6-4076-9a09-09a6f1ded693_20230817_2302h0033_ControlCenter/20230817_175305/20230817_175305_S1/analysis_params_v6.txt
2023-08-22 13:36:40,311 [1] INFO  - Downloading 892d9dcc-e56d-475c-8dee-2c395064223d/2302H0033/c9d29823-a69c-4328-a6b9-53e2b78fa3e3/Run_76ed1d6b-57d6-4076-9a09-09a6f1ded693_20230817_2302h0033_ControlCenter/20230817_175305/20230817_175305_S1/analysis_params_v6.txt
2023-08-22 13:36:40,344 [1] ERROR -    at Amazon.Runtime.Internal.HttpErrorResponseExceptionHandler.HandleExceptionStream(IRequestContext requestContext, IWebResponseData httpErrorResponse, HttpErrorResponseException exception, Stream responseStream)
   at Amazon.Runtime.Internal.HttpErrorResponseExceptionHandler.HandleExceptionAsync(IExecutionContext executionContext, HttpErrorResponseException exception)
   at Amazon.Runtime.Internal.ExceptionHandler`1.HandleAsync(IExecutionContext executionContext, Exception exception)
   at Amazon.Runtime.Internal.ErrorHandler.ProcessExceptionAsync(IExecutionContext executionContext, Exception exception)
   at Amazon.Runtime.Internal.ErrorHandler.InvokeAsync[T](IExecutionContext executionContext)
   at Amazon.Runtime.Internal.CallbackHandler.InvokeAsync[T](IExecutionContext executionContext)
   at Amazon.Runtime.Internal.EndpointDiscoveryHandler.InvokeAsync[T](IExecutionContext executionContext)
   at Amazon.Runtime.Internal.EndpointDiscoveryHandler.InvokeAsync[T](IExecutionContext executionContext)
   at Amazon.Runtime.Internal.CredentialsRetriever.InvokeAsync[T](IExecutionContext executionContext)
   at Amazon.Runtime.Internal.RetryHandler.InvokeAsync[T](IExecutionContext executionContext)
   at Amazon.Runtime.Internal.RetryHandler.InvokeAsync[T](IExecutionContext executionContext)
   at Amazon.Runtime.Internal.CallbackHandler.InvokeAsync[T](IExecutionContext executionContext)
   at Amazon.Runtime.Internal.CallbackHandler.InvokeAsync[T](IExecutionContext executionContext)
   at Amazon.S3.Internal.AmazonS3ExceptionHandler.InvokeAsync[T](IExecutionContext executionContext)
   at Amazon.Runtime.Internal.ErrorCallbackHandler.InvokeAsync[T](IExecutionContext executionContext)
   at Amazon.Runtime.Internal.MetricsHandler.InvokeAsync[T](IExecutionContext executionContext)
   at Amazon.S3.Transfer.Internal.DownloadCommand.ExecuteAsync(CancellationToken cancellationToken)
   at Amazon.S3.Transfer.TransferUtility.Download(String filePath, String bucketName, String key)
   at Core.S3FileStorageService.DownloadFile(String remoteFilePath, String localFilePath) in /src/Core/S3FileStorageService.cs:line 67
   at MTMCWorker.Service.Impl.MtmcWorker.FetchParamsFile(String paramsFileRef, String flowCellPath) in /src/MTMCWorker/Service/Impl/MtmcWorker.cs:line 297
2023-08-22 13:36:40,344 [1] INFO  - Can't download params file next to nBCDir. Using the default one.
Amazon.S3.AmazonS3Exception: The specified key does not exist.
 ---> Amazon.Runtime.Internal.HttpErrorResponseException: Exception of type 'Amazon.Runtime.Internal.HttpErrorResponseException' was thrown.
   at Amazon.Runtime.HttpWebRequestMessage.GetResponseAsync(CancellationToken cancellationToken)
   at Amazon.Runtime.Internal.HttpHandler`1.InvokeAsync[T](IExecutionContext executionContext)
   at Amazon.Runtime.Internal.RedirectHandler.InvokeAsync[T](IExecutionContext executionContext)
   at Amazon.Runtime.Internal.Unmarshaller.InvokeAsync[T](IExecutionContext executionContext)
   at Amazon.S3.Internal.AmazonS3ResponseHandler.InvokeAsync[T](IExecutionContext executionContext)
   at Amazon.Runtime.Internal.ErrorHandler.InvokeAsync[T](IExecutionContext executionContext)
   --- End of inner exception stack trace ---
   at Amazon.Runtime.Internal.HttpErrorResponseExceptionHandler.HandleExceptionStream(IRequestContext requestContext, IWebResponseData httpErrorResponse, HttpErrorResponseException exception, Stream responseStream)
   at Amazon.Runtime.Internal.HttpErrorResponseExceptionHandler.HandleExceptionAsync(IExecutionContext executionContext, HttpErrorResponseException exception)
   at Amazon.Runtime.Internal.ExceptionHandler`1.HandleAsync(IExecutionContext executionContext, Exception exception)
   at Amazon.Runtime.Internal.ErrorHandler.ProcessExceptionAsync(IExecutionContext executionContext, Exception exception)
   at Amazon.Runtime.Internal.ErrorHandler.InvokeAsync[T](IExecutionContext executionContext)
   at Amazon.Runtime.Internal.CallbackHandler.InvokeAsync[T](IExecutionContext executionContext)
   at Amazon.Runtime.Internal.EndpointDiscoveryHandler.InvokeAsync[T](IExecutionContext executionContext)
   at Amazon.Runtime.Internal.EndpointDiscoveryHandler.InvokeAsync[T](IExecutionContext executionContext)
   at Amazon.Runtime.Internal.CredentialsRetriever.InvokeAsync[T](IExecutionContext executionContext)
   at Amazon.Runtime.Internal.RetryHandler.InvokeAsync[T](IExecutionContext executionContext)
   at Amazon.Runtime.Internal.RetryHandler.InvokeAsync[T](IExecutionContext executionContext)
   at Amazon.Runtime.Internal.CallbackHandler.InvokeAsync[T](IExecutionContext executionContext)
   at Amazon.Runtime.Internal.CallbackHandler.InvokeAsync[T](IExecutionContext executionContext)
   at Amazon.S3.Internal.AmazonS3ExceptionHandler.InvokeAsync[T](IExecutionContext executionContext)
   at Amazon.Runtime.Internal.ErrorCallbackHandler.InvokeAsync[T](IExecutionContext executionContext)
   at Amazon.Runtime.Internal.MetricsHandler.InvokeAsync[T](IExecutionContext executionContext)
   at Amazon.S3.Transfer.Internal.DownloadCommand.ExecuteAsync(CancellationToken cancellationToken)
   at Amazon.S3.Transfer.TransferUtility.Download(String filePath, String bucketName, String key)
   at Core.S3FileStorageService.DownloadFile(String remoteFilePath, String localFilePath) in /src/Core/S3FileStorageService.cs:line 67
   at MTMCWorker.Service.Impl.MtmcWorker.FetchParamsFile(String paramsFileRef, String flowCellPath) in /src/MTMCWorker/Service/Impl/MtmcWorker.cs:line 297
2023-08-22 13:36:40,347 [1] INFO  - Fetching CellStatsDir folder data...
2023-08-22 13:36:40,433 [1] INFO  - Downloading 892d9dcc-e56d-475c-8dee-2c395064223d/2302H0033/c9d29823-a69c-4328-a6b9-53e2b78fa3e3/Run_76ed1d6b-57d6-4076-9a09-09a6f1ded693_20230817_2302h0033_ControlCenter/20230817_175305/20230817_175305_S1/CellStatsDir/CellComposite/CellComposite_F023.jpg
2023-08-22 13:36:40,718 [1] INFO  - Download 892d9dcc-e56d-475c-8dee-2c395064223d/2302H0033/c9d29823-a69c-4328-a6b9-53e2b78fa3e3/Run_76ed1d6b-57d6-4076-9a09-09a6f1ded693_20230817_2302h0033_ControlCenter/20230817_175305/20230817_175305_S1/CellStatsDir/CellComposite/CellComposite_F023.jpg finished
2023-08-22 13:36:40,718 [1] INFO  - Downloading 892d9dcc-e56d-475c-8dee-2c395064223d/2302H0033/c9d29823-a69c-4328-a6b9-53e2b78fa3e3/Run_76ed1d6b-57d6-4076-9a09-09a6f1ded693_20230817_2302h0033_ControlCenter/20230817_175305/20230817_175305_S1/CellStatsDir/CellOverlay/CellOverlay_F023.jpg
2023-08-22 13:36:41,129 [1] INFO  - Download 892d9dcc-e56d-475c-8dee-2c395064223d/2302H0033/c9d29823-a69c-4328-a6b9-53e2b78fa3e3/Run_76ed1d6b-57d6-4076-9a09-09a6f1ded693_20230817_2302h0033_ControlCenter/20230817_175305/20230817_175305_S1/CellStatsDir/CellOverlay/CellOverlay_F023.jpg finished
2023-08-22 13:36:41,129 [1] INFO  - Downloading 892d9dcc-e56d-475c-8dee-2c395064223d/2302H0033/c9d29823-a69c-4328-a6b9-53e2b78fa3e3/Run_76ed1d6b-57d6-4076-9a09-09a6f1ded693_20230817_2302h0033_ControlCenter/20230817_175305/20230817_175305_S1/CellStatsDir/FOV023/CellLabels_F023.tif
2023-08-22 13:36:41,341 [1] INFO  - Download 892d9dcc-e56d-475c-8dee-2c395064223d/2302H0033/c9d29823-a69c-4328-a6b9-53e2b78fa3e3/Run_76ed1d6b-57d6-4076-9a09-09a6f1ded693_20230817_2302h0033_ControlCenter/20230817_175305/20230817_175305_S1/CellStatsDir/FOV023/CellLabels_F023.tif finished
2023-08-22 13:36:41,341 [1] INFO  - Downloading 892d9dcc-e56d-475c-8dee-2c395064223d/2302H0033/c9d29823-a69c-4328-a6b9-53e2b78fa3e3/Run_76ed1d6b-57d6-4076-9a09-09a6f1ded693_20230817_2302h0033_ControlCenter/20230817_175305/20230817_175305_S1/CellStatsDir/FOV023/CompartmentLabels_F023.tif
2023-08-22 13:36:41,535 [1] INFO  - Download 892d9dcc-e56d-475c-8dee-2c395064223d/2302H0033/c9d29823-a69c-4328-a6b9-53e2b78fa3e3/Run_76ed1d6b-57d6-4076-9a09-09a6f1ded693_20230817_2302h0033_ControlCenter/20230817_175305/20230817_175305_S1/CellStatsDir/FOV023/CompartmentLabels_F023.tif finished
2023-08-22 13:36:41,536 [1] INFO  - Downloading 892d9dcc-e56d-475c-8dee-2c395064223d/2302H0033/c9d29823-a69c-4328-a6b9-53e2b78fa3e3/Run_76ed1d6b-57d6-4076-9a09-09a6f1ded693_20230817_2302h0033_ControlCenter/20230817_175305/20230817_175305_S1/CellStatsDir/FOV023/Run_76ed1d6b-57d6-4076-9a09-09a6f1ded693_20230817_175305_S1_Cell_Stats_F023.csv
2023-08-22 13:36:41,770 [1] INFO  - Download 892d9dcc-e56d-475c-8dee-2c395064223d/2302H0033/c9d29823-a69c-4328-a6b9-53e2b78fa3e3/Run_76ed1d6b-57d6-4076-9a09-09a6f1ded693_20230817_2302h0033_ControlCenter/20230817_175305/20230817_175305_S1/CellStatsDir/FOV023/Run_76ed1d6b-57d6-4076-9a09-09a6f1ded693_20230817_175305_S1_Cell_Stats_F023.csv finished
2023-08-22 13:36:41,770 [1] INFO  - Downloading 892d9dcc-e56d-475c-8dee-2c395064223d/2302H0033/c9d29823-a69c-4328-a6b9-53e2b78fa3e3/Run_76ed1d6b-57d6-4076-9a09-09a6f1ded693_20230817_2302h0033_ControlCenter/20230817_175305/20230817_175305_S1/CellStatsDir/Morphology2D/20230817_175305_S1_C902_P99_N99_F023.TIF
2023-08-22 13:36:43,224 [1] INFO  - Download 892d9dcc-e56d-475c-8dee-2c395064223d/2302H0033/c9d29823-a69c-4328-a6b9-53e2b78fa3e3/Run_76ed1d6b-57d6-4076-9a09-09a6f1ded693_20230817_2302h0033_ControlCenter/20230817_175305/20230817_175305_S1/CellStatsDir/Morphology2D/20230817_175305_S1_C902_P99_N99_F023.TIF finished
2023-08-22 13:36:43,224 [1] INFO  - Downloading 892d9dcc-e56d-475c-8dee-2c395064223d/2302H0033/c9d29823-a69c-4328-a6b9-53e2b78fa3e3/Run_76ed1d6b-57d6-4076-9a09-09a6f1ded693_20230817_2302h0033_ControlCenter/20230817_175305/20230817_175305_S1/CellStatsDir/RnD/Run_76ed1d6b-57d6-4076-9a09-09a6f1ded693_20230817_175305_S1_Summary_F023.csv
2023-08-22 13:36:43,403 [1] INFO  - Download 892d9dcc-e56d-475c-8dee-2c395064223d/2302H0033/c9d29823-a69c-4328-a6b9-53e2b78fa3e3/Run_76ed1d6b-57d6-4076-9a09-09a6f1ded693_20230817_2302h0033_ControlCenter/20230817_175305/20230817_175305_S1/CellStatsDir/RnD/Run_76ed1d6b-57d6-4076-9a09-09a6f1ded693_20230817_175305_S1_Summary_F023.csv finished
2023-08-22 13:36:43,403 [1] INFO  - CellStatsDir data download complete.
2023-08-22 13:36:43,403 [1] INFO  - FOV downloaded successfully.
2023-08-22 13:36:43,403 [1] INFO  - Preparing dirs structure for mtmc
2023-08-22 13:36:43,404 [1] INFO  - Preparing mtmc input. FOV dir: FOV023
2023-08-22 13:36:43,407 [1] INFO  - Running mtmc...
2023-08-22 13:36:43,419 [31] INFO  - directory: "/app/input_data/"
2023-08-22 13:36:43,747 [33] INFO  - directory: "/app/out/FOV023/"
2023-08-22 13:47:17,518 [20] INFO  - 2023-08-22 13:36:43,F023,Z,0,iter,0,feat,0,0, Reading and combining input data, 0.039087, sec
2023-08-22 13:47:17,518 [20] INFO  - 2023-08-22 13:37:27,F023,Z,0,iter,0,feat,8164278,8164278, Spot file data loading and filtration , 34.844, sec
2023-08-22 13:47:17,518 [20] INFO  - 2023-08-22 13:37:34,F023,Z,0,iter,0,feat,8164278,8164278, Seed neighbor determination, 11.3208, sec
2023-08-22 13:47:17,518 [20] INFO  - 2023-08-22 13:37:49,F023,Z,0,iter,0,feat,8164278,8164278, Quality Score Generation, 31.5781, sec
2023-08-22 13:47:17,518 [20] INFO  - 2023-08-22 13:38:13,F023,Z,0,iter,0,feat,8164278,8164278, Spots per feature calculation and feature filtration, 18.911, sec
2023-08-22 13:47:17,518 [20] INFO  - 2023-08-22 13:38:42,F023,Z,0,iter,0,feat,8164278,8164278, Making Complete Code Target Calls, 19.2441, sec
2023-08-22 13:47:17,518 [20] INFO  - 2023-08-22 13:39:00,F023,Z,0,iter,0,feat,8164278,8164278, Target Call Location Estimation and iteration end update, 13.6275, sec
2023-08-22 13:47:17,518 [20] INFO  - 2023-08-22 13:39:00,F023,Z,0,iter,0,feat,8164278,8164278, Iteration summary generation, 0.058571, sec
2023-08-22 13:47:17,518 [20] INFO  - 2023-08-22 13:39:00,F023,Z,0,iter,0,feat,8164278,8164278, Iteration duration, 89.9242, sec
2023-08-22 13:47:17,539 [20] INFO  - 2023-08-22 13:39:09,F023,Z,0,iter,1,feat,8164278,8164278, Seed neighbor determination, 14.9444, sec
2023-08-22 13:47:17,539 [20] INFO  - 2023-08-22 13:39:36,F023,Z,0,iter,1,feat,8164278,8164278, Quality Score Generation, 59.0153, sec
2023-08-22 13:47:17,539 [20] INFO  - 2023-08-22 13:39:53,F023,Z,0,iter,1,feat,8164278,8164278, Spots per feature calculation and feature filtration, 13.1967, sec
2023-08-22 13:47:17,539 [20] INFO  - 2023-08-22 13:40:29,F023,Z,0,iter,1,feat,8164278,8164278, Making Complete Code Target Calls, 25.0693, sec
2023-08-22 13:47:17,539 [20] INFO  - 2023-08-22 13:40:40,F023,Z,0,iter,1,feat,8164278,8164278, Target Call Location Estimation and iteration end update, 9.82444, sec
2023-08-22 13:47:17,539 [20] INFO  - 2023-08-22 13:40:40,F023,Z,0,iter,1,feat,8164278,8164278, Iteration summary generation, 0.797279, sec
2023-08-22 13:47:17,539 [20] INFO  - 2023-08-22 13:40:40,F023,Z,0,iter,1,feat,8164278,8164278, Iteration duration, 116.391, sec
2023-08-22 13:47:17,539 [20] INFO  - 2023-08-22 13:40:41,F023,Z,0,iter,1,feat,8164278,8164278, Z slice processing duration, 241.243, sec
2023-08-22 13:47:17,539 [20] INFO  - 2023-08-22 13:41:49,F023,Z,1,iter,0,feat,8265354,16429632, Spot file data loading and filtration , 48.9737, sec
2023-08-22 13:47:17,539 [20] INFO  - 2023-08-22 13:41:55,F023,Z,1,iter,0,feat,8265354,16429632, Seed neighbor determination, 11.2256, sec
2023-08-22 13:47:17,540 [20] INFO  - 2023-08-22 13:42:11,F023,Z,1,iter,0,feat,8265354,16429632, Quality Score Generation, 32.9765, sec
2023-08-22 13:47:17,540 [20] INFO  - 2023-08-22 13:42:36,F023,Z,1,iter,0,feat,8265354,16429632, Spots per feature calculation and feature filtration, 18.4634, sec
2023-08-22 13:47:17,540 [20] INFO  - 2023-08-22 13:43:12,F023,Z,1,iter,0,feat,8265354,16429632, Making Complete Code Target Calls, 29.0497, sec
2023-08-22 13:47:17,540 [20] INFO  - 2023-08-22 13:43:32,F023,Z,1,iter,0,feat,8265354,16429632, Target Call Location Estimation and iteration end update, 18.3354, sec
2023-08-22 13:47:17,540 [20] INFO  - 2023-08-22 13:43:32,F023,Z,1,iter,0,feat,8265354,16429632, Iteration summary generation, 0.182802, sec
2023-08-22 13:47:17,540 [20] INFO  - 2023-08-22 13:43:32,F023,Z,1,iter,0,feat,8265354,16429632, Iteration duration, 105.828, sec
2023-08-22 13:47:17,540 [20] INFO  - 2023-08-22 13:43:41,F023,Z,1,iter,1,feat,8265354,16429632, Seed neighbor determination, 16.6146, sec
2023-08-22 13:47:17,540 [20] INFO  - 2023-08-22 13:44:05,F023,Z,1,iter,1,feat,8265354,16429632, Quality Score Generation, 47.086, sec
2023-08-22 13:47:17,540 [20] INFO  - 2023-08-22 13:44:20,F023,Z,1,iter,1,feat,8265354,16429632, Spots per feature calculation and feature filtration, 11.7751, sec
2023-08-22 13:47:17,541 [52] INFO  - 2023-08-22 13:45:00,F023,Z,1,iter,1,feat,8265354,16429632, Making Complete Code Target Calls, 29.6245, sec
2023-08-22 13:47:17,541 [52] INFO  - 2023-08-22 13:45:12,F023,Z,1,iter,1,feat,8265354,16429632, Target Call Location Estimation and iteration end update, 10.3761, sec
2023-08-22 13:47:17,541 [52] INFO  - 2023-08-22 13:45:13,F023,Z,1,iter,1,feat,8265354,16429632, Iteration summary generation, 1.2316, sec
2023-08-22 13:47:17,541 [52] INFO  - 2023-08-22 13:45:13,F023,Z,1,iter,1,feat,8265354,16429632, Iteration duration, 109.108, sec
2023-08-22 13:47:17,541 [52] INFO  - 2023-08-22 13:45:13,F023,Z,1,iter,1,feat,8265354,16429632, Z slice processing duration, 271.638, sec
2023-08-22 13:47:17,541 [52] INFO  - 2023-08-22 13:46:13,F023,Z,2,iter,0,feat,7067844,23497476, Spot file data loading and filtration , 41.0286, sec
2023-08-22 13:47:17,541 [52] INFO  - 2023-08-22 13:46:19,F023,Z,2,iter,0,feat,7067844,23497476, Seed neighbor determination, 12.1647, sec
2023-08-22 13:47:17,541 [52] INFO  - 2023-08-22 13:46:34,F023,Z,2,iter,0,feat,7067844,23497476, Quality Score Generation, 29.4357, sec
2023-08-22 13:47:17,541 [52] INFO  - 2023-08-22 13:46:50,F023,Z,2,iter,0,feat,7067844,23497476, Spots per feature calculation and feature filtration, 16.1853, sec
2023-08-22 13:47:17,541 [52] INFO  - 2023-08-22 13:47:09,F023,Z,2,iter,0,feat,7067844,23497476, Making Complete Code Target Calls, 17.0384, sec
2023-08-22 13:52:42,283 [52] INFO  - 2023-08-22 13:47:17,F023,Z,2,iter,0,feat,7067844,23497476, Target Call Location Estimation and iteration end update, 8.14991, sec
2023-08-22 13:52:42,284 [52] INFO  - 2023-08-22 13:47:17,F023,Z,2,iter,0,feat,7067844,23497476, Iteration summary generation, 0.054987, sec
2023-08-22 13:52:42,284 [52] INFO  - 2023-08-22 13:47:17,F023,Z,2,iter,0,feat,7067844,23497476, Iteration duration, 78.2257, sec
2023-08-22 13:52:42,284 [52] INFO  - 2023-08-22 13:47:25,F023,Z,2,iter,1,feat,7067844,23497476, Seed neighbor determination, 9.6643, sec
2023-08-22 13:52:42,284 [52] INFO  - 2023-08-22 13:47:40,F023,Z,2,iter,1,feat,7067844,23497476, Quality Score Generation, 28.3639, sec
2023-08-22 13:52:42,284 [52] INFO  - 2023-08-22 13:47:53,F023,Z,2,iter,1,feat,7067844,23497476, Spots per feature calculation and feature filtration, 12.121, sec
2023-08-22 13:52:42,284 [52] INFO  - 2023-08-22 13:48:20,F023,Z,2,iter,1,feat,7067844,23497476, Making Complete Code Target Calls, 22.6888, sec
2023-08-22 13:52:42,284 [52] INFO  - 2023-08-22 13:48:26,F023,Z,2,iter,1,feat,7067844,23497476, Target Call Location Estimation and iteration end update, 6.10036, sec
2023-08-22 13:52:42,284 [52] INFO  - 2023-08-22 13:48:27,F023,Z,2,iter,1,feat,7067844,23497476, Iteration summary generation, 1.00058, sec
2023-08-22 13:52:42,284 [50] INFO  - 2023-08-22 13:48:27,F023,Z,2,iter,1,feat,7067844,23497476, Iteration duration, 75.8753, sec
2023-08-22 13:52:42,284 [50] INFO  - 2023-08-22 13:48:27,F023,Z,2,iter,1,feat,7067844,23497476, Z slice processing duration, 203.521, sec
2023-08-22 13:52:42,284 [50] INFO  - 2023-08-22 13:49:13,F023,Z,3,iter,0,feat,6277461,29774937, Spot file data loading and filtration , 36.1411, sec
2023-08-22 13:52:42,284 [50] INFO  - 2023-08-22 13:49:17,F023,Z,3,iter,0,feat,6277461,29774937, Seed neighbor determination, 7.82835, sec
2023-08-22 13:52:42,284 [50] INFO  - 2023-08-22 13:49:26,F023,Z,3,iter,0,feat,6277461,29774937, Quality Score Generation, 19.261, sec
2023-08-22 13:52:42,284 [50] INFO  - 2023-08-22 13:49:42,F023,Z,3,iter,0,feat,6277461,29774937, Spots per feature calculation and feature filtration, 15.6755, sec
2023-08-22 13:52:42,284 [50] INFO  - 2023-08-22 13:50:03,F023,Z,3,iter,0,feat,6277461,29774937, Making Complete Code Target Calls, 18.2046, sec
2023-08-22 13:52:42,284 [50] INFO  - 2023-08-22 13:50:11,F023,Z,3,iter,0,feat,6277461,29774937, Target Call Location Estimation and iteration end update, 8.13049, sec
2023-08-22 13:52:42,284 [50] INFO  - 2023-08-22 13:50:11,F023,Z,3,iter,0,feat,6277461,29774937, Iteration summary generation, 0.044963, sec
2023-08-22 13:52:42,284 [50] INFO  - 2023-08-22 13:50:11,F023,Z,3,iter,0,feat,6277461,29774937, Iteration duration, 66.896, sec
2023-08-22 13:52:42,284 [50] INFO  - 2023-08-22 13:50:16,F023,Z,3,iter,1,feat,6277461,29774937, Seed neighbor determination, 8.26858, sec
2023-08-22 13:52:42,284 [50] INFO  - 2023-08-22 13:50:23,F023,Z,3,iter,1,feat,6277461,29774937, Quality Score Generation, 24.7473, sec
2023-08-22 13:52:42,284 [50] INFO  - 2023-08-22 13:50:31,F023,Z,3,iter,1,feat,6277461,29774937, Spots per feature calculation and feature filtration, 7.17521, sec
2023-08-22 13:52:42,284 [50] INFO  - 2023-08-22 13:50:50,F023,Z,3,iter,1,feat,6277461,29774937, Making Complete Code Target Calls, 18.4959, sec
2023-08-22 13:52:42,284 [50] INFO  - 2023-08-22 13:50:54,F023,Z,3,iter,1,feat,6277461,29774937, Target Call Location Estimation and iteration end update, 4.31653, sec
2023-08-22 13:52:42,284 [50] INFO  - 2023-08-22 13:50:55,F023,Z,3,iter,1,feat,6277461,29774937, Iteration summary generation, 0.850348, sec
2023-08-22 13:52:42,284 [50] INFO  - 2023-08-22 13:50:55,F023,Z,3,iter,1,feat,6277461,29774937, Iteration duration, 60.1756, sec
2023-08-22 13:52:42,284 [50] INFO  - 2023-08-22 13:50:55,F023,Z,3,iter,1,feat,6277461,29774937, Z slice processing duration, 168.124, sec
2023-08-22 13:52:42,284 [50] INFO  - 2023-08-22 13:51:26,F023,Z,4,iter,0,feat,5653594,35428531, Spot file data loading and filtration , 26.1432, sec
2023-08-22 13:52:42,284 [50] INFO  - 2023-08-22 13:51:30,F023,Z,4,iter,0,feat,5653594,35428531, Seed neighbor determination, 7.2231, sec
2023-08-22 13:52:42,284 [50] INFO  - 2023-08-22 13:51:39,F023,Z,4,iter,0,feat,5653594,35428531, Quality Score Generation, 21.2789, sec
2023-08-22 13:52:42,284 [50] INFO  - 2023-08-22 13:51:52,F023,Z,4,iter,0,feat,5653594,35428531, Spots per feature calculation and feature filtration, 12.8529, sec
2023-08-22 13:52:42,284 [50] INFO  - 2023-08-22 13:52:09,F023,Z,4,iter,0,feat,5653594,35428531, Making Complete Code Target Calls, 16.1107, sec
2023-08-22 13:52:42,284 [50] INFO  - 2023-08-22 13:52:14,F023,Z,4,iter,0,feat,5653594,35428531, Target Call Location Estimation and iteration end update, 5.48318, sec
2023-08-22 13:52:42,284 [50] INFO  - 2023-08-22 13:52:15,F023,Z,4,iter,0,feat,5653594,35428531, Iteration summary generation, 0.055384, sec
2023-08-22 13:52:42,284 [50] INFO  - 2023-08-22 13:52:15,F023,Z,4,iter,0,feat,5653594,35428531, Iteration duration, 60.2137, sec
2023-08-22 13:52:42,284 [50] INFO  - 2023-08-22 13:52:18,F023,Z,4,iter,1,feat,5653594,35428531, Seed neighbor determination, 7.3281, sec
2023-08-22 13:52:42,284 [50] INFO  - 2023-08-22 13:52:22,F023,Z,4,iter,1,feat,5653594,35428531, Quality Score Generation, 14.2756, sec
2023-08-22 13:52:42,284 [50] INFO  - 2023-08-22 13:52:32,F023,Z,4,iter,1,feat,5653594,35428531, Spots per feature calculation and feature filtration, 9.52389, sec
2023-08-22 13:54:47,793 [50] INFO  - 2023-08-22 13:52:42,F023,Z,4,iter,1,feat,5653594,35428531, Making Complete Code Target Calls, 9.54049, sec
2023-08-22 13:54:47,793 [50] INFO  - 2023-08-22 13:52:45,F023,Z,4,iter,1,feat,5653594,35428531, Target Call Location Estimation and iteration end update, 2.80139, sec
2023-08-22 13:54:47,793 [50] INFO  - 2023-08-22 13:52:45,F023,Z,4,iter,1,feat,5653594,35428531, Iteration summary generation, 0.628084, sec
2023-08-22 13:54:47,793 [50] INFO  - 2023-08-22 13:52:45,F023,Z,4,iter,1,feat,5653594,35428531, Iteration duration, 40.886, sec
2023-08-22 13:54:47,793 [50] INFO  - 2023-08-22 13:52:45,F023,Z,4,iter,1,feat,5653594,35428531, Z slice processing duration, 131.475, sec
2023-08-22 13:54:47,793 [50] INFO  - 2023-08-22 13:53:04,F023,Z,5,iter,0,feat,5211602,40640133, Spot file data loading and filtration , 15.3356, sec
2023-08-22 13:54:47,793 [50] INFO  - 2023-08-22 13:53:07,F023,Z,5,iter,0,feat,5211602,40640133, Seed neighbor determination, 5.12071, sec
2023-08-22 13:54:47,793 [50] INFO  - 2023-08-22 13:53:09,F023,Z,5,iter,0,feat,5211602,40640133, Quality Score Generation, 9.11812, sec
2023-08-22 13:54:47,793 [50] INFO  - 2023-08-22 13:53:16,F023,Z,5,iter,0,feat,5211602,40640133, Spots per feature calculation and feature filtration, 6.70978, sec
2023-08-22 13:54:47,794 [53] INFO  - 2023-08-22 13:53:23,F023,Z,5,iter,0,feat,5211602,40640133, Making Complete Code Target Calls, 6.21565, sec
2023-08-22 13:54:47,794 [53] INFO  - 2023-08-22 13:53:25,F023,Z,5,iter,0,feat,5211602,40640133, Target Call Location Estimation and iteration end update, 2.4655, sec
2023-08-22 13:54:47,794 [53] INFO  - 2023-08-22 13:53:25,F023,Z,5,iter,0,feat,5211602,40640133, Iteration summary generation, 0.023237, sec
2023-08-22 13:54:47,794 [53] INFO  - 2023-08-22 13:53:25,F023,Z,5,iter,0,feat,5211602,40640133, Iteration duration, 27.7136, sec
2023-08-22 13:54:47,794 [53] INFO  - 2023-08-22 13:53:28,F023,Z,5,iter,1,feat,5211602,40640133, Seed neighbor determination, 4.96236, sec
2023-08-22 13:54:47,794 [53] INFO  - 2023-08-22 13:53:30,F023,Z,5,iter,1,feat,5211602,40640133, Quality Score Generation, 9.64216, sec
2023-08-22 13:54:47,794 [53] INFO  - 2023-08-22 13:53:35,F023,Z,5,iter,1,feat,5211602,40640133, Spots per feature calculation and feature filtration, 4.66053, sec
2023-08-22 13:54:47,794 [53] INFO  - 2023-08-22 13:53:43,F023,Z,5,iter,1,feat,5211602,40640133, Making Complete Code Target Calls, 7.38758, sec
2023-08-22 13:54:47,794 [53] INFO  - 2023-08-22 13:53:44,F023,Z,5,iter,1,feat,5211602,40640133, Target Call Location Estimation and iteration end update, 1.63807, sec
2023-08-22 13:54:47,794 [53] INFO  - 2023-08-22 13:53:45,F023,Z,5,iter,1,feat,5211602,40640133, Iteration summary generation, 0.33873, sec
2023-08-22 13:54:47,794 [53] INFO  - 2023-08-22 13:53:45,F023,Z,5,iter,1,feat,5211602,40640133, Iteration duration, 26.4493, sec
2023-08-22 13:54:47,794 [53] INFO  - 2023-08-22 13:53:45,F023,Z,5,iter,1,feat,5211602,40640133, Z slice processing duration, 73.194, sec
2023-08-22 13:54:47,794 [53] INFO  - 2023-08-22 13:54:00,F023,Z,6,iter,0,feat,5124719,45764852, Spot file data loading and filtration , 12.7202, sec
2023-08-22 13:54:47,794 [53] INFO  - 2023-08-22 13:54:02,F023,Z,6,iter,0,feat,5124719,45764852, Seed neighbor determination, 4.78339, sec
2023-08-22 13:54:47,794 [53] INFO  - 2023-08-22 13:54:04,F023,Z,6,iter,0,feat,5124719,45764852, Quality Score Generation, 7.19937, sec
2023-08-22 13:54:47,794 [53] INFO  - 2023-08-22 13:54:09,F023,Z,6,iter,0,feat,5124719,45764852, Spots per feature calculation and feature filtration, 5.41056, sec
2023-08-22 13:54:47,794 [53] INFO  - 2023-08-22 13:54:16,F023,Z,6,iter,0,feat,5124719,45764852, Making Complete Code Target Calls, 6.52687, sec
2023-08-22 13:54:47,794 [53] INFO  - 2023-08-22 13:54:19,F023,Z,6,iter,0,feat,5124719,45764852, Target Call Location Estimation and iteration end update, 2.92029, sec
2023-08-22 13:54:47,794 [53] INFO  - 2023-08-22 13:54:19,F023,Z,6,iter,0,feat,5124719,45764852, Iteration summary generation, 0.021897, sec
2023-08-22 13:54:47,794 [50] INFO  - 2023-08-22 13:54:19,F023,Z,6,iter,0,feat,5124719,45764852, Iteration duration, 24.7773, sec
2023-08-22 13:54:47,794 [50] INFO  - 2023-08-22 13:54:22,F023,Z,6,iter,1,feat,5124719,45764852, Seed neighbor determination, 4.67983, sec
2023-08-22 13:54:47,794 [50] INFO  - 2023-08-22 13:54:24,F023,Z,6,iter,1,feat,5124719,45764852, Quality Score Generation, 8.65151, sec
2023-08-22 13:54:47,794 [50] INFO  - 2023-08-22 13:54:28,F023,Z,6,iter,1,feat,5124719,45764852, Spots per feature calculation and feature filtration, 4.35711, sec
2023-08-22 13:54:47,794 [50] INFO  - 2023-08-22 13:54:37,F023,Z,6,iter,1,feat,5124719,45764852, Making Complete Code Target Calls, 8.63902, sec
2023-08-22 13:54:47,794 [50] INFO  - 2023-08-22 13:54:38,F023,Z,6,iter,1,feat,5124719,45764852, Target Call Location Estimation and iteration end update, 1.14824, sec
2023-08-22 13:54:47,794 [50] INFO  - 2023-08-22 13:54:38,F023,Z,6,iter,1,feat,5124719,45764852, Iteration summary generation, 0.291737, sec
2023-08-22 13:54:47,794 [50] INFO  - 2023-08-22 13:54:38,F023,Z,6,iter,1,feat,5124719,45764852, Iteration duration, 25.7018, sec
2023-08-22 13:54:47,794 [50] INFO  - 2023-08-22 13:54:38,F023,Z,6,iter,1,feat,5124719,45764852, Z slice processing duration, 65.7033, sec
2023-08-22 13:54:47,794 [50] INFO  - 2023-08-22 13:54:46,F023,Z,7,iter,0,feat,3089165,48854017, Spot file data loading and filtration , 5.06403, sec
2023-08-22 13:55:07,983 [50] INFO  - 2023-08-22 13:54:47,F023,Z,7,iter,0,feat,3089165,48854017, Seed neighbor determination, 2.82143, sec
2023-08-22 13:55:07,984 [50] INFO  - 2023-08-22 13:54:48,F023,Z,7,iter,0,feat,3089165,48854017, Quality Score Generation, 4.1372, sec
2023-08-22 13:55:07,984 [50] INFO  - 2023-08-22 13:54:52,F023,Z,7,iter,0,feat,3089165,48854017, Spots per feature calculation and feature filtration, 3.50345, sec
2023-08-22 13:55:07,984 [50] INFO  - 2023-08-22 13:54:55,F023,Z,7,iter,0,feat,3089165,48854017, Making Complete Code Target Calls, 2.70885, sec
2023-08-22 13:55:07,984 [50] INFO  - 2023-08-22 13:54:56,F023,Z,7,iter,0,feat,3089165,48854017, Target Call Location Estimation and iteration end update, 0.857398, sec
2023-08-22 13:55:07,984 [50] INFO  - 2023-08-22 13:54:56,F023,Z,7,iter,0,feat,3089165,48854017, Iteration summary generation, 0.009236, sec
2023-08-22 13:55:07,984 [50] INFO  - 2023-08-22 13:54:56,F023,Z,7,iter,0,feat,3089165,48854017, Iteration duration, 12.8123, sec
2023-08-22 13:55:07,984 [50] INFO  - 2023-08-22 13:54:57,F023,Z,7,iter,1,feat,3089165,48854017, Seed neighbor determination, 2.76327, sec
2023-08-22 13:55:07,984 [50] INFO  - 2023-08-22 13:54:58,F023,Z,7,iter,1,feat,3089165,48854017, Quality Score Generation, 4.80456, sec
2023-08-22 13:55:07,984 [44] INFO  - 2023-08-22 13:55:01,F023,Z,7,iter,1,feat,3089165,48854017, Spots per feature calculation and feature filtration, 2.79425, sec
2023-08-22 13:55:07,984 [44] INFO  - 2023-08-22 13:55:04,F023,Z,7,iter,1,feat,3089165,48854017, Making Complete Code Target Calls, 3.03974, sec
2023-08-22 13:55:07,984 [44] INFO  - 2023-08-22 13:55:05,F023,Z,7,iter,1,feat,3089165,48854017, Target Call Location Estimation and iteration end update, 0.535189, sec
2023-08-22 13:55:07,984 [44] INFO  - 2023-08-22 13:55:05,F023,Z,7,iter,1,feat,3089165,48854017, Iteration summary generation, 0.183091, sec
2023-08-22 13:55:07,984 [44] INFO  - 2023-08-22 13:55:05,F023,Z,7,iter,1,feat,3089165,48854017, Iteration duration, 12.9164, sec
2023-08-22 13:55:07,984 [44] INFO  - 2023-08-22 13:55:05,F023,Z,7,iter,1,feat,3089165,48854017, Z slice processing duration, 33.1462, sec
2023-08-22 13:55:07,984 [44] INFO  - 2023-08-22 13:55:05,F023,Z,8,iter,0,feat,225988,49080005, Spot file data loading and filtration , -1.1926, sec
2023-08-22 13:55:07,984 [44] INFO  - 2023-08-22 13:55:05,F023,Z,8,iter,0,feat,225988,49080005, Seed neighbor determination, 0.209525, sec
2023-08-22 13:55:07,984 [44] INFO  - 2023-08-22 13:55:05,F023,Z,8,iter,0,feat,225988,49080005, Quality Score Generation, 0.213235, sec
2023-08-22 13:55:07,984 [44] INFO  - 2023-08-22 13:55:05,F023,Z,8,iter,0,feat,225988,49080005, Spots per feature calculation and feature filtration, 0.232625, sec
2023-08-22 13:55:07,984 [44] INFO  - 2023-08-22 13:55:06,F023,Z,8,iter,0,feat,225988,49080005, Making Complete Code Target Calls, 0.01599, sec
2023-08-22 13:55:07,984 [44] INFO  - 2023-08-22 13:55:06,F023,Z,8,iter,0,feat,225988,49080005, Target Call Location Estimation and iteration end update, 0.003012, sec
2023-08-22 13:55:07,984 [44] INFO  - 2023-08-22 13:55:06,F023,Z,8,iter,0,feat,225988,49080005, Iteration summary generation, 0.000217, sec
2023-08-22 13:55:07,984 [44] INFO  - 2023-08-22 13:55:06,F023,Z,8,iter,0,feat,225988,49080005, Iteration duration, 0.592707, sec
2023-08-22 13:55:07,984 [44] INFO  - 2023-08-22 13:55:06,F023,Z,8,iter,1,feat,225988,49080005, Seed neighbor determination, 0.209844, sec
2023-08-22 13:55:07,984 [44] INFO  - 2023-08-22 13:55:06,F023,Z,8,iter,1,feat,225988,49080005, Quality Score Generation, 0.178053, sec
2023-08-22 13:55:07,984 [44] INFO  - 2023-08-22 13:55:06,F023,Z,8,iter,1,feat,225988,49080005, Spots per feature calculation and feature filtration, 0.227462, sec
2023-08-22 13:55:07,984 [44] INFO  - 2023-08-22 13:55:06,F023,Z,8,iter,1,feat,225988,49080005, Making Complete Code Target Calls, 0.016231, sec
2023-08-22 13:55:07,984 [44] INFO  - 2023-08-22 13:55:06,F023,Z,8,iter,1,feat,225988,49080005, Target Call Location Estimation and iteration end update, 0.000857, sec
2023-08-22 13:55:07,984 [44] INFO  - 2023-08-22 13:55:06,F023,Z,8,iter,1,feat,225988,49080005, Iteration summary generation, 0.001346, sec
2023-08-22 13:55:07,984 [44] INFO  - 2023-08-22 13:55:06,F023,Z,8,iter,1,feat,225988,49080005, Iteration duration, 0.547593, sec
2023-08-22 13:55:07,984 [44] INFO  - 2023-08-22 13:55:06,F023,Z,8,iter,1,feat,225988,49080005, Z slice processing duration, 1.32945, sec
2023-08-22 13:55:07,984 [44] INFO  - 2023-08-22 13:55:07,F023,Z,8,iter,1,feat,225988,49080005, FOV processing duration (final) , 1190.95, sec
2023-08-22 13:55:07,999 [44] INFO  - Exited
2023-08-22 13:55:08,000 [44] INFO  - System.EventArgs
2023-08-22 13:55:08,000 [44] INFO  - { }
2023-08-22 13:55:08,001 [1] INFO  - mtmc run complete
2023-08-22 13:55:08,001 [1] INFO  - Zipping and uploading results...
2023-08-22 13:55:08,002 [1] INFO  - Uploading mtm results to storage.
2023-08-22 13:55:08,002 [1] INFO  - Start uploading /app/out/FOV023 to 892d9dcc-e56d-475c-8dee-2c395064223d/2302H0033/c9d29823-a69c-4328-a6b9-53e2b78fa3e3/Run_76ed1d6b-57d6-4076-9a09-09a6f1ded693_20230817_2302h0033_ControlCenter/20230817_175305/20230817_175305_S1/AnalysisResults/oxdwyv2woj/FOV023
2023-08-22 13:55:08,002 [1] INFO  - Executing with retries set to: 10
2023-08-22 13:55:09,573 [1] INFO  - Upload /app/out/FOV023 finished
2023-08-22 13:55:09,573 [1] INFO  - Results uploaded.
2023-08-22 13:55:09,573 [1] INFO  - All done
2023-08-22 13:55:09,573 [1] INFO  - Executing with retries set to: 10
2023-08-22 13:55:09,573 [1] INFO  - Setting fov oxdwyv2woj-f8x8m into status Completed
2023-08-22 13:55:09,584 [1] INFO  - Saving a fov processing run: oxdwyv2woj-f8x8m
2023-08-22 13:55:09,584 [1] INFO  - Updating an existing fov run.
2023-08-22 13:55:09,585 [1] INFO  - Uploading logs
2023-08-22 13:55:09,586 [1] INFO  - Start uploading 892d9dcc-e56d-475c-8dee-2c395064223d/2302H0033/c9d29823-a69c-4328-a6b9-53e2b78fa3e3/Run_76ed1d6b-57d6-4076-9a09-09a6f1ded693_20230817_2302h0033_ControlCenter/20230817_175305/20230817_175305_S1/AnalysisResults/oxdwyv2woj/FOV023/mtm-run.log
