2023-08-22 13:33:55,325 [1] INFO  - Using bucket s3-euw1-eu2-datarepository-eu2-eu2-kcl-01 and region eu-west-1
2023-08-22 13:33:55,359 [1] INFO  - Using role to access S3
2023-08-22 13:33:55,560 [1] INFO  - ===============================
2023-08-22 13:33:55,561 [1] INFO  - build info: 
commit 1860d865ce7409a4b25d5549a62e2b7be0a93d33
Author: alexander-serebriyan <alexander.serebriyan@teamdev.com>
Date:   Fri Feb 10 15:42:48 2023 +0100

    Add UAT env for ECR pushing.

Build done on: Fri Feb 10 14:46:39 UTC 2023
Version: 20230210.1

2023-08-22 13:33:55,561 [1] INFO  - ===============================
2023-08-22 13:33:55,561 [1] INFO  - Starting the job. Results will be uploaded to: 892d9dcc-e56d-475c-8dee-2c395064223d/2302H0033/c9d29823-a69c-4328-a6b9-53e2b78fa3e3/Run_76ed1d6b-57d6-4076-9a09-09a6f1ded693_20230817_2302h0033_ControlCenter/20230817_175305/20230817_175305_S1/AnalysisResults/oxdwyv2woj/FOV027
2023-08-22 13:33:55,561 [1] INFO  - Checking FOV status. Ref: oxdwyv2woj-1xgmj, ID: 892d9dcc-e56d-475c-8dee-2c395064223d/2302H0033/c9d29823-a69c-4328-a6b9-53e2b78fa3e3/Run_76ed1d6b-57d6-4076-9a09-09a6f1ded693_20230817_2302h0033_ControlCenter/20230817_175305/20230817_175305_S1/SpotFiles/FOV027/
2023-08-22 13:33:55,715 [1] INFO  - Executing with retries set to: 10
2023-08-22 13:33:55,715 [1] INFO  - Setting fov oxdwyv2woj-1xgmj into status InProgress
2023-08-22 13:33:55,717 [1] INFO  - Saving a fov processing run: oxdwyv2woj-1xgmj
2023-08-22 13:33:55,717 [1] INFO  - Updating an existing fov run.
2023-08-22 13:33:55,754 [1] INFO  - Downloading FOV using next path: 892d9dcc-e56d-475c-8dee-2c395064223d/2302H0033/c9d29823-a69c-4328-a6b9-53e2b78fa3e3/Run_76ed1d6b-57d6-4076-9a09-09a6f1ded693_20230817_2302h0033_ControlCenter/20230817_175305/20230817_175305_S1/SpotFiles/FOV027/
2023-08-22 13:33:55,754 [1] INFO  - Start downloading 892d9dcc-e56d-475c-8dee-2c395064223d/2302H0033/c9d29823-a69c-4328-a6b9-53e2b78fa3e3/Run_76ed1d6b-57d6-4076-9a09-09a6f1ded693_20230817_2302h0033_ControlCenter/20230817_175305/20230817_175305_S1/SpotFiles/FOV027/
2023-08-22 13:33:55,754 [1] INFO  - Executing with retries set to: 10
2023-08-22 13:37:55,367 [1] INFO  - Download 892d9dcc-e56d-475c-8dee-2c395064223d/2302H0033/c9d29823-a69c-4328-a6b9-53e2b78fa3e3/Run_76ed1d6b-57d6-4076-9a09-09a6f1ded693_20230817_2302h0033_ControlCenter/20230817_175305/20230817_175305_S1/SpotFiles/FOV027/ complete
2023-08-22 13:37:55,367 [1] INFO  - Custom plex file specified. The default one will be overriden.
2023-08-22 13:37:55,367 [1] INFO  - Downloading plex file using next path: 892d9dcc-e56d-475c-8dee-2c395064223d/2302H0033/c9d29823-a69c-4328-a6b9-53e2b78fa3e3/Run_76ed1d6b-57d6-4076-9a09-09a6f1ded693_20230817_2302h0033_ControlCenter/20230817_175305/20230817_175305_S1/plex-oxdwyv2woj.txt
2023-08-22 13:37:55,367 [1] INFO  - Downloading 892d9dcc-e56d-475c-8dee-2c395064223d/2302H0033/c9d29823-a69c-4328-a6b9-53e2b78fa3e3/Run_76ed1d6b-57d6-4076-9a09-09a6f1ded693_20230817_2302h0033_ControlCenter/20230817_175305/20230817_175305_S1/plex-oxdwyv2woj.txt
2023-08-22 13:37:55,485 [1] INFO  - Download 892d9dcc-e56d-475c-8dee-2c395064223d/2302H0033/c9d29823-a69c-4328-a6b9-53e2b78fa3e3/Run_76ed1d6b-57d6-4076-9a09-09a6f1ded693_20230817_2302h0033_ControlCenter/20230817_175305/20230817_175305_S1/plex-oxdwyv2woj.txt finished
2023-08-22 13:37:55,486 [1] INFO  - No user params file specified. Trying to use the one from the storage.
2023-08-22 13:37:55,486 [1] INFO  - Downloading params file using next path: 892d9dcc-e56d-475c-8dee-2c395064223d/2302H0033/c9d29823-a69c-4328-a6b9-53e2b78fa3e3/Run_76ed1d6b-57d6-4076-9a09-09a6f1ded693_20230817_2302h0033_ControlCenter/20230817_175305/20230817_175305_S1/analysis_params_v6.txt
2023-08-22 13:37:55,486 [1] INFO  - Downloading 892d9dcc-e56d-475c-8dee-2c395064223d/2302H0033/c9d29823-a69c-4328-a6b9-53e2b78fa3e3/Run_76ed1d6b-57d6-4076-9a09-09a6f1ded693_20230817_2302h0033_ControlCenter/20230817_175305/20230817_175305_S1/analysis_params_v6.txt
2023-08-22 13:37:55,517 [1] ERROR -    at Amazon.Runtime.Internal.HttpErrorResponseExceptionHandler.HandleExceptionStream(IRequestContext requestContext, IWebResponseData httpErrorResponse, HttpErrorResponseException exception, Stream responseStream)
   at Amazon.Runtime.Internal.HttpErrorResponseExceptionHandler.HandleExceptionAsync(IExecutionContext executionContext, HttpErrorResponseException exception)
   at Amazon.Runtime.Internal.ExceptionHandler`1.HandleAsync(IExecutionContext executionContext, Exception exception)
   at Amazon.Runtime.Internal.ErrorHandler.ProcessExceptionAsync(IExecutionContext executionContext, Exception exception)
   at Amazon.Runtime.Internal.ErrorHandler.InvokeAsync[T](IExecutionContext executionContext)
   at Amazon.Runtime.Internal.CallbackHandler.InvokeAsync[T](IExecutionContext executionContext)
   at Amazon.Runtime.Internal.EndpointDiscoveryHandler.InvokeAsync[T](IExecutionContext executionContext)
   at Amazon.Runtime.Internal.EndpointDiscoveryHandler.InvokeAsync[T](IExecutionContext executionContext)
   at Amazon.Runtime.Internal.CredentialsRetriever.InvokeAsync[T](IExecutionContext executionContext)
   at Amazon.Runtime.Internal.RetryHandler.InvokeAsync[T](IExecutionContext executionContext)
   at Amazon.Runtime.Internal.RetryHandler.InvokeAsync[T](IExecutionContext executionContext)
   at Amazon.Runtime.Internal.CallbackHandler.InvokeAsync[T](IExecutionContext executionContext)
   at Amazon.Runtime.Internal.CallbackHandler.InvokeAsync[T](IExecutionContext executionContext)
   at Amazon.S3.Internal.AmazonS3ExceptionHandler.InvokeAsync[T](IExecutionContext executionContext)
   at Amazon.Runtime.Internal.ErrorCallbackHandler.InvokeAsync[T](IExecutionContext executionContext)
   at Amazon.Runtime.Internal.MetricsHandler.InvokeAsync[T](IExecutionContext executionContext)
   at Amazon.S3.Transfer.Internal.DownloadCommand.ExecuteAsync(CancellationToken cancellationToken)
   at Amazon.S3.Transfer.TransferUtility.Download(String filePath, String bucketName, String key)
   at Core.S3FileStorageService.DownloadFile(String remoteFilePath, String localFilePath) in /src/Core/S3FileStorageService.cs:line 67
   at MTMCWorker.Service.Impl.MtmcWorker.FetchParamsFile(String paramsFileRef, String flowCellPath) in /src/MTMCWorker/Service/Impl/MtmcWorker.cs:line 297
2023-08-22 13:37:55,517 [1] INFO  - Can't download params file next to nBCDir. Using the default one.
Amazon.S3.AmazonS3Exception: The specified key does not exist.
 ---> Amazon.Runtime.Internal.HttpErrorResponseException: Exception of type 'Amazon.Runtime.Internal.HttpErrorResponseException' was thrown.
   at Amazon.Runtime.HttpWebRequestMessage.GetResponseAsync(CancellationToken cancellationToken)
   at Amazon.Runtime.Internal.HttpHandler`1.InvokeAsync[T](IExecutionContext executionContext)
   at Amazon.Runtime.Internal.RedirectHandler.InvokeAsync[T](IExecutionContext executionContext)
   at Amazon.Runtime.Internal.Unmarshaller.InvokeAsync[T](IExecutionContext executionContext)
   at Amazon.S3.Internal.AmazonS3ResponseHandler.InvokeAsync[T](IExecutionContext executionContext)
   at Amazon.Runtime.Internal.ErrorHandler.InvokeAsync[T](IExecutionContext executionContext)
   --- End of inner exception stack trace ---
   at Amazon.Runtime.Internal.HttpErrorResponseExceptionHandler.HandleExceptionStream(IRequestContext requestContext, IWebResponseData httpErrorResponse, HttpErrorResponseException exception, Stream responseStream)
   at Amazon.Runtime.Internal.HttpErrorResponseExceptionHandler.HandleExceptionAsync(IExecutionContext executionContext, HttpErrorResponseException exception)
   at Amazon.Runtime.Internal.ExceptionHandler`1.HandleAsync(IExecutionContext executionContext, Exception exception)
   at Amazon.Runtime.Internal.ErrorHandler.ProcessExceptionAsync(IExecutionContext executionContext, Exception exception)
   at Amazon.Runtime.Internal.ErrorHandler.InvokeAsync[T](IExecutionContext executionContext)
   at Amazon.Runtime.Internal.CallbackHandler.InvokeAsync[T](IExecutionContext executionContext)
   at Amazon.Runtime.Internal.EndpointDiscoveryHandler.InvokeAsync[T](IExecutionContext executionContext)
   at Amazon.Runtime.Internal.EndpointDiscoveryHandler.InvokeAsync[T](IExecutionContext executionContext)
   at Amazon.Runtime.Internal.CredentialsRetriever.InvokeAsync[T](IExecutionContext executionContext)
   at Amazon.Runtime.Internal.RetryHandler.InvokeAsync[T](IExecutionContext executionContext)
   at Amazon.Runtime.Internal.RetryHandler.InvokeAsync[T](IExecutionContext executionContext)
   at Amazon.Runtime.Internal.CallbackHandler.InvokeAsync[T](IExecutionContext executionContext)
   at Amazon.Runtime.Internal.CallbackHandler.InvokeAsync[T](IExecutionContext executionContext)
   at Amazon.S3.Internal.AmazonS3ExceptionHandler.InvokeAsync[T](IExecutionContext executionContext)
   at Amazon.Runtime.Internal.ErrorCallbackHandler.InvokeAsync[T](IExecutionContext executionContext)
   at Amazon.Runtime.Internal.MetricsHandler.InvokeAsync[T](IExecutionContext executionContext)
   at Amazon.S3.Transfer.Internal.DownloadCommand.ExecuteAsync(CancellationToken cancellationToken)
   at Amazon.S3.Transfer.TransferUtility.Download(String filePath, String bucketName, String key)
   at Core.S3FileStorageService.DownloadFile(String remoteFilePath, String localFilePath) in /src/Core/S3FileStorageService.cs:line 67
   at MTMCWorker.Service.Impl.MtmcWorker.FetchParamsFile(String paramsFileRef, String flowCellPath) in /src/MTMCWorker/Service/Impl/MtmcWorker.cs:line 297
2023-08-22 13:37:55,520 [1] INFO  - Fetching CellStatsDir folder data...
2023-08-22 13:37:55,587 [1] INFO  - Downloading 892d9dcc-e56d-475c-8dee-2c395064223d/2302H0033/c9d29823-a69c-4328-a6b9-53e2b78fa3e3/Run_76ed1d6b-57d6-4076-9a09-09a6f1ded693_20230817_2302h0033_ControlCenter/20230817_175305/20230817_175305_S1/CellStatsDir/CellComposite/CellComposite_F027.jpg
2023-08-22 13:37:55,788 [1] INFO  - Download 892d9dcc-e56d-475c-8dee-2c395064223d/2302H0033/c9d29823-a69c-4328-a6b9-53e2b78fa3e3/Run_76ed1d6b-57d6-4076-9a09-09a6f1ded693_20230817_2302h0033_ControlCenter/20230817_175305/20230817_175305_S1/CellStatsDir/CellComposite/CellComposite_F027.jpg finished
2023-08-22 13:37:55,788 [1] INFO  - Downloading 892d9dcc-e56d-475c-8dee-2c395064223d/2302H0033/c9d29823-a69c-4328-a6b9-53e2b78fa3e3/Run_76ed1d6b-57d6-4076-9a09-09a6f1ded693_20230817_2302h0033_ControlCenter/20230817_175305/20230817_175305_S1/CellStatsDir/CellOverlay/CellOverlay_F027.jpg
2023-08-22 13:37:56,173 [1] INFO  - Download 892d9dcc-e56d-475c-8dee-2c395064223d/2302H0033/c9d29823-a69c-4328-a6b9-53e2b78fa3e3/Run_76ed1d6b-57d6-4076-9a09-09a6f1ded693_20230817_2302h0033_ControlCenter/20230817_175305/20230817_175305_S1/CellStatsDir/CellOverlay/CellOverlay_F027.jpg finished
2023-08-22 13:37:56,173 [1] INFO  - Downloading 892d9dcc-e56d-475c-8dee-2c395064223d/2302H0033/c9d29823-a69c-4328-a6b9-53e2b78fa3e3/Run_76ed1d6b-57d6-4076-9a09-09a6f1ded693_20230817_2302h0033_ControlCenter/20230817_175305/20230817_175305_S1/CellStatsDir/FOV027/CellLabels_F027.tif
2023-08-22 13:37:56,466 [1] INFO  - Download 892d9dcc-e56d-475c-8dee-2c395064223d/2302H0033/c9d29823-a69c-4328-a6b9-53e2b78fa3e3/Run_76ed1d6b-57d6-4076-9a09-09a6f1ded693_20230817_2302h0033_ControlCenter/20230817_175305/20230817_175305_S1/CellStatsDir/FOV027/CellLabels_F027.tif finished
2023-08-22 13:37:56,466 [1] INFO  - Downloading 892d9dcc-e56d-475c-8dee-2c395064223d/2302H0033/c9d29823-a69c-4328-a6b9-53e2b78fa3e3/Run_76ed1d6b-57d6-4076-9a09-09a6f1ded693_20230817_2302h0033_ControlCenter/20230817_175305/20230817_175305_S1/CellStatsDir/FOV027/CompartmentLabels_F027.tif
2023-08-22 13:37:56,754 [1] INFO  - Download 892d9dcc-e56d-475c-8dee-2c395064223d/2302H0033/c9d29823-a69c-4328-a6b9-53e2b78fa3e3/Run_76ed1d6b-57d6-4076-9a09-09a6f1ded693_20230817_2302h0033_ControlCenter/20230817_175305/20230817_175305_S1/CellStatsDir/FOV027/CompartmentLabels_F027.tif finished
2023-08-22 13:37:56,754 [1] INFO  - Downloading 892d9dcc-e56d-475c-8dee-2c395064223d/2302H0033/c9d29823-a69c-4328-a6b9-53e2b78fa3e3/Run_76ed1d6b-57d6-4076-9a09-09a6f1ded693_20230817_2302h0033_ControlCenter/20230817_175305/20230817_175305_S1/CellStatsDir/FOV027/Run_76ed1d6b-57d6-4076-9a09-09a6f1ded693_20230817_175305_S1_Cell_Stats_F027.csv
2023-08-22 13:37:56,952 [1] INFO  - Download 892d9dcc-e56d-475c-8dee-2c395064223d/2302H0033/c9d29823-a69c-4328-a6b9-53e2b78fa3e3/Run_76ed1d6b-57d6-4076-9a09-09a6f1ded693_20230817_2302h0033_ControlCenter/20230817_175305/20230817_175305_S1/CellStatsDir/FOV027/Run_76ed1d6b-57d6-4076-9a09-09a6f1ded693_20230817_175305_S1_Cell_Stats_F027.csv finished
2023-08-22 13:37:56,952 [1] INFO  - Downloading 892d9dcc-e56d-475c-8dee-2c395064223d/2302H0033/c9d29823-a69c-4328-a6b9-53e2b78fa3e3/Run_76ed1d6b-57d6-4076-9a09-09a6f1ded693_20230817_2302h0033_ControlCenter/20230817_175305/20230817_175305_S1/CellStatsDir/Morphology2D/20230817_175305_S1_C902_P99_N99_F027.TIF
2023-08-22 13:37:58,028 [1] INFO  - Download 892d9dcc-e56d-475c-8dee-2c395064223d/2302H0033/c9d29823-a69c-4328-a6b9-53e2b78fa3e3/Run_76ed1d6b-57d6-4076-9a09-09a6f1ded693_20230817_2302h0033_ControlCenter/20230817_175305/20230817_175305_S1/CellStatsDir/Morphology2D/20230817_175305_S1_C902_P99_N99_F027.TIF finished
2023-08-22 13:37:58,029 [1] INFO  - Downloading 892d9dcc-e56d-475c-8dee-2c395064223d/2302H0033/c9d29823-a69c-4328-a6b9-53e2b78fa3e3/Run_76ed1d6b-57d6-4076-9a09-09a6f1ded693_20230817_2302h0033_ControlCenter/20230817_175305/20230817_175305_S1/CellStatsDir/RnD/Run_76ed1d6b-57d6-4076-9a09-09a6f1ded693_20230817_175305_S1_Summary_F027.csv
2023-08-22 13:37:58,248 [1] INFO  - Download 892d9dcc-e56d-475c-8dee-2c395064223d/2302H0033/c9d29823-a69c-4328-a6b9-53e2b78fa3e3/Run_76ed1d6b-57d6-4076-9a09-09a6f1ded693_20230817_2302h0033_ControlCenter/20230817_175305/20230817_175305_S1/CellStatsDir/RnD/Run_76ed1d6b-57d6-4076-9a09-09a6f1ded693_20230817_175305_S1_Summary_F027.csv finished
2023-08-22 13:37:58,248 [1] INFO  - CellStatsDir data download complete.
2023-08-22 13:37:58,248 [1] INFO  - FOV downloaded successfully.
2023-08-22 13:37:58,248 [1] INFO  - Preparing dirs structure for mtmc
2023-08-22 13:37:58,248 [1] INFO  - Preparing mtmc input. FOV dir: FOV027
2023-08-22 13:37:58,251 [1] INFO  - Running mtmc...
2023-08-22 13:37:58,256 [16] INFO  - directory: "/app/input_data/"
2023-08-22 13:37:58,489 [13] INFO  - directory: "/app/out/FOV027/"
2023-08-22 13:40:16,902 [8] INFO  - 2023-08-22 13:37:58,F027,Z,0,iter,0,feat,0,0, Reading and combining input data, 0.027973, sec
2023-08-22 13:40:16,902 [8] INFO  - 2023-08-22 13:38:05,F027,Z,0,iter,0,feat,3475492,3475492, Spot file data loading and filtration , 6.5489, sec
2023-08-22 13:40:16,902 [8] INFO  - 2023-08-22 13:38:06,F027,Z,0,iter,0,feat,3475492,3475492, Seed neighbor determination, 3.15607, sec
2023-08-22 13:40:16,902 [8] INFO  - 2023-08-22 13:38:07,F027,Z,0,iter,0,feat,3475492,3475492, Quality Score Generation, 4.78395, sec
2023-08-22 13:40:16,902 [8] INFO  - 2023-08-22 13:38:12,F027,Z,0,iter,0,feat,3475492,3475492, Spots per feature calculation and feature filtration, 4.131, sec
2023-08-22 13:40:16,902 [8] INFO  - 2023-08-22 13:38:14,F027,Z,0,iter,0,feat,3475492,3475492, Making Complete Code Target Calls, 2.09509, sec
2023-08-22 13:40:16,902 [8] INFO  - 2023-08-22 13:38:15,F027,Z,0,iter,0,feat,3475492,3475492, Target Call Location Estimation and iteration end update, 0.718979, sec
2023-08-22 13:40:16,902 [8] INFO  - 2023-08-22 13:38:15,F027,Z,0,iter,0,feat,3475492,3475492, Iteration summary generation, 0.005611, sec
2023-08-22 13:40:16,902 [8] INFO  - 2023-08-22 13:38:15,F027,Z,0,iter,0,feat,3475492,3475492, Iteration duration, 13.5237, sec
2023-08-22 13:40:16,903 [8] INFO  - 2023-08-22 13:38:16,F027,Z,0,iter,1,feat,3475492,3475492, Seed neighbor determination, 3.13116, sec
2023-08-22 13:40:16,903 [8] INFO  - 2023-08-22 13:38:18,F027,Z,0,iter,1,feat,3475492,3475492, Quality Score Generation, 5.59068, sec
2023-08-22 13:40:16,903 [8] INFO  - 2023-08-22 13:38:21,F027,Z,0,iter,1,feat,3475492,3475492, Spots per feature calculation and feature filtration, 3.41502, sec
2023-08-22 13:40:16,903 [8] INFO  - 2023-08-22 13:38:24,F027,Z,0,iter,1,feat,3475492,3475492, Making Complete Code Target Calls, 2.7287, sec
2023-08-22 13:40:16,903 [8] INFO  - 2023-08-22 13:38:24,F027,Z,0,iter,1,feat,3475492,3475492, Target Call Location Estimation and iteration end update, 0.612414, sec
2023-08-22 13:40:16,903 [8] INFO  - 2023-08-22 13:38:25,F027,Z,0,iter,1,feat,3475492,3475492, Iteration summary generation, 0.183531, sec
2023-08-22 13:40:16,903 [8] INFO  - 2023-08-22 13:38:25,F027,Z,0,iter,1,feat,3475492,3475492, Iteration duration, 14.299, sec
2023-08-22 13:40:16,903 [8] INFO  - 2023-08-22 13:38:25,F027,Z,0,iter,1,feat,3475492,3475492, Z slice processing duration, 34.3814, sec
2023-08-22 13:40:16,903 [8] INFO  - 2023-08-22 13:38:40,F027,Z,1,iter,0,feat,6044679,9520171, Spot file data loading and filtration , 13.6856, sec
2023-08-22 13:40:16,903 [8] INFO  - 2023-08-22 13:38:43,F027,Z,1,iter,0,feat,6044679,9520171, Seed neighbor determination, 5.54471, sec
2023-08-22 13:40:16,903 [8] INFO  - 2023-08-22 13:38:45,F027,Z,1,iter,0,feat,6044679,9520171, Quality Score Generation, 9.25025, sec
2023-08-22 13:40:16,903 [8] INFO  - 2023-08-22 13:38:51,F027,Z,1,iter,0,feat,6044679,9520171, Spots per feature calculation and feature filtration, 6.18879, sec
2023-08-22 13:40:16,903 [8] INFO  - 2023-08-22 13:39:00,F027,Z,1,iter,0,feat,6044679,9520171, Making Complete Code Target Calls, 8.49971, sec
2023-08-22 13:40:16,903 [8] INFO  - 2023-08-22 13:39:03,F027,Z,1,iter,0,feat,6044679,9520171, Target Call Location Estimation and iteration end update, 2.76633, sec
2023-08-22 13:40:16,903 [8] INFO  - 2023-08-22 13:39:03,F027,Z,1,iter,0,feat,6044679,9520171, Iteration summary generation, 0.047807, sec
2023-08-22 13:40:16,903 [8] INFO  - 2023-08-22 13:39:03,F027,Z,1,iter,0,feat,6044679,9520171, Iteration duration, 29.8933, sec
2023-08-22 13:40:16,903 [8] INFO  - 2023-08-22 13:39:06,F027,Z,1,iter,1,feat,6044679,9520171, Seed neighbor determination, 5.30849, sec
2023-08-22 13:40:16,903 [8] INFO  - 2023-08-22 13:39:08,F027,Z,1,iter,1,feat,6044679,9520171, Quality Score Generation, 10.2846, sec
2023-08-22 13:40:16,903 [8] INFO  - 2023-08-22 13:39:13,F027,Z,1,iter,1,feat,6044679,9520171, Spots per feature calculation and feature filtration, 4.69192, sec
2023-08-22 13:40:16,903 [8] INFO  - 2023-08-22 13:39:21,F027,Z,1,iter,1,feat,6044679,9520171, Making Complete Code Target Calls, 7.56939, sec
2023-08-22 13:40:16,903 [8] INFO  - 2023-08-22 13:39:23,F027,Z,1,iter,1,feat,6044679,9520171, Target Call Location Estimation and iteration end update, 2.16732, sec
2023-08-22 13:40:16,903 [8] INFO  - 2023-08-22 13:39:24,F027,Z,1,iter,1,feat,6044679,9520171, Iteration summary generation, 1.3238, sec
2023-08-22 13:40:16,903 [8] INFO  - 2023-08-22 13:39:24,F027,Z,1,iter,1,feat,6044679,9520171, Iteration duration, 28.9818, sec
2023-08-22 13:40:16,903 [8] INFO  - 2023-08-22 13:39:24,F027,Z,1,iter,1,feat,6044679,9520171, Z slice processing duration, 74.1673, sec
2023-08-22 13:40:16,903 [8] INFO  - 2023-08-22 13:39:44,F027,Z,2,iter,0,feat,5747383,15267554, Spot file data loading and filtration , 16.6383, sec
2023-08-22 13:40:16,903 [8] INFO  - 2023-08-22 13:39:47,F027,Z,2,iter,0,feat,5747383,15267554, Seed neighbor determination, 6.46371, sec
2023-08-22 13:40:16,903 [8] INFO  - 2023-08-22 13:39:50,F027,Z,2,iter,0,feat,5747383,15267554, Quality Score Generation, 12.256, sec
2023-08-22 13:40:16,903 [8] INFO  - 2023-08-22 13:39:57,F027,Z,2,iter,0,feat,5747383,15267554, Spots per feature calculation and feature filtration, 6.97296, sec
2023-08-22 13:40:16,903 [8] INFO  - 2023-08-22 13:40:10,F027,Z,2,iter,0,feat,5747383,15267554, Making Complete Code Target Calls, 12.7708, sec
2023-08-22 13:43:22,969 [8] INFO  - 2023-08-22 13:40:16,F027,Z,2,iter,0,feat,5747383,15267554, Target Call Location Estimation and iteration end update, 6.22041, sec
2023-08-22 13:43:22,970 [8] INFO  - 2023-08-22 13:40:16,F027,Z,2,iter,0,feat,5747383,15267554, Iteration summary generation, 0.07106, sec
2023-08-22 13:43:22,970 [8] INFO  - 2023-08-22 13:40:16,F027,Z,2,iter,0,feat,5747383,15267554, Iteration duration, 41.9218, sec
2023-08-22 13:43:22,970 [8] INFO  - 2023-08-22 13:40:19,F027,Z,2,iter,1,feat,5747383,15267554, Seed neighbor determination, 4.85754, sec
2023-08-22 13:43:22,970 [8] INFO  - 2023-08-22 13:40:23,F027,Z,2,iter,1,feat,5747383,15267554, Quality Score Generation, 14.8483, sec
2023-08-22 13:43:22,970 [8] INFO  - 2023-08-22 13:40:29,F027,Z,2,iter,1,feat,5747383,15267554, Spots per feature calculation and feature filtration, 5.72333, sec
2023-08-22 13:43:22,970 [8] INFO  - 2023-08-22 13:40:42,F027,Z,2,iter,1,feat,5747383,15267554, Making Complete Code Target Calls, 12.9144, sec
2023-08-22 13:43:22,970 [8] INFO  - 2023-08-22 13:40:45,F027,Z,2,iter,1,feat,5747383,15267554, Target Call Location Estimation and iteration end update, 3.57555, sec
2023-08-22 13:43:22,970 [8] INFO  - 2023-08-22 13:40:47,F027,Z,2,iter,1,feat,5747383,15267554, Iteration summary generation, 1.5729, sec
2023-08-22 13:43:22,970 [29] INFO  - 2023-08-22 13:40:47,F027,Z,2,iter,1,feat,5747383,15267554, Iteration duration, 41.4269, sec
2023-08-22 13:43:22,970 [29] INFO  - 2023-08-22 13:40:47,F027,Z,2,iter,1,feat,5747383,15267554, Z slice processing duration, 102.712, sec
2023-08-22 13:43:22,970 [29] INFO  - 2023-08-22 13:41:13,F027,Z,3,iter,0,feat,5324511,20592065, Spot file data loading and filtration , 23.7337, sec
2023-08-22 13:43:22,970 [29] INFO  - 2023-08-22 13:41:16,F027,Z,3,iter,0,feat,5324511,20592065, Seed neighbor determination, 4.98138, sec
2023-08-22 13:43:22,970 [29] INFO  - 2023-08-22 13:41:19,F027,Z,3,iter,0,feat,5324511,20592065, Quality Score Generation, 10.6132, sec
2023-08-22 13:43:22,970 [29] INFO  - 2023-08-22 13:41:24,F027,Z,3,iter,0,feat,5324511,20592065, Spots per feature calculation and feature filtration, 5.59099, sec
2023-08-22 13:43:22,970 [29] INFO  - 2023-08-22 13:41:39,F027,Z,3,iter,0,feat,5324511,20592065, Making Complete Code Target Calls, 14.3252, sec
2023-08-22 13:43:22,970 [29] INFO  - 2023-08-22 13:41:46,F027,Z,3,iter,0,feat,5324511,20592065, Target Call Location Estimation and iteration end update, 7.43253, sec
2023-08-22 13:43:22,970 [29] INFO  - 2023-08-22 13:41:47,F027,Z,3,iter,0,feat,5324511,20592065, Iteration summary generation, 0.092057, sec
2023-08-22 13:43:22,970 [29] INFO  - 2023-08-22 13:41:47,F027,Z,3,iter,0,feat,5324511,20592065, Iteration duration, 41.1536, sec
2023-08-22 13:43:22,970 [29] INFO  - 2023-08-22 13:41:49,F027,Z,3,iter,1,feat,5324511,20592065, Seed neighbor determination, 4.50311, sec
2023-08-22 13:43:22,970 [29] INFO  - 2023-08-22 13:41:53,F027,Z,3,iter,1,feat,5324511,20592065, Quality Score Generation, 14.7663, sec
2023-08-22 13:43:22,970 [29] INFO  - 2023-08-22 13:41:57,F027,Z,3,iter,1,feat,5324511,20592065, Spots per feature calculation and feature filtration, 3.95268, sec
2023-08-22 13:43:22,970 [29] INFO  - 2023-08-22 13:42:07,F027,Z,3,iter,1,feat,5324511,20592065, Making Complete Code Target Calls, 9.72164, sec
2023-08-22 13:43:22,970 [29] INFO  - 2023-08-22 13:42:08,F027,Z,3,iter,1,feat,5324511,20592065, Target Call Location Estimation and iteration end update, 1.67449, sec
2023-08-22 13:43:22,970 [29] INFO  - 2023-08-22 13:42:10,F027,Z,3,iter,1,feat,5324511,20592065, Iteration summary generation, 1.83696, sec
2023-08-22 13:43:22,970 [29] INFO  - 2023-08-22 13:42:10,F027,Z,3,iter,1,feat,5324511,20592065, Iteration duration, 34.5089, sec
2023-08-22 13:43:22,970 [29] INFO  - 2023-08-22 13:42:10,F027,Z,3,iter,1,feat,5324511,20592065, Z slice processing duration, 101.958, sec
2023-08-22 13:43:22,970 [29] INFO  - 2023-08-22 13:42:31,F027,Z,4,iter,0,feat,4978413,25570478, Spot file data loading and filtration , 18.739, sec
2023-08-22 13:43:22,970 [29] INFO  - 2023-08-22 13:42:34,F027,Z,4,iter,0,feat,4978413,25570478, Seed neighbor determination, 5.10988, sec
2023-08-22 13:43:22,970 [29] INFO  - 2023-08-22 13:42:37,F027,Z,4,iter,0,feat,4978413,25570478, Quality Score Generation, 12.4487, sec
2023-08-22 13:43:22,970 [29] INFO  - 2023-08-22 13:42:44,F027,Z,4,iter,0,feat,4978413,25570478, Spots per feature calculation and feature filtration, 6.506, sec
2023-08-22 13:43:22,970 [29] INFO  - 2023-08-22 13:42:56,F027,Z,4,iter,0,feat,4978413,25570478, Making Complete Code Target Calls, 12.2382, sec
2023-08-22 13:43:22,970 [29] INFO  - 2023-08-22 13:43:02,F027,Z,4,iter,0,feat,4978413,25570478, Target Call Location Estimation and iteration end update, 5.40752, sec
2023-08-22 13:43:22,970 [29] INFO  - 2023-08-22 13:43:02,F027,Z,4,iter,0,feat,4978413,25570478, Iteration summary generation, 0.080368, sec
2023-08-22 13:43:22,970 [29] INFO  - 2023-08-22 13:43:02,F027,Z,4,iter,0,feat,4978413,25570478, Iteration duration, 39.6865, sec
2023-08-22 13:43:22,970 [29] INFO  - 2023-08-22 13:43:04,F027,Z,4,iter,1,feat,4978413,25570478, Seed neighbor determination, 4.38147, sec
2023-08-22 13:43:22,970 [29] INFO  - 2023-08-22 13:43:08,F027,Z,4,iter,1,feat,4978413,25570478, Quality Score Generation, 15.5842, sec
2023-08-22 13:43:22,970 [29] INFO  - 2023-08-22 13:43:12,F027,Z,4,iter,1,feat,4978413,25570478, Spots per feature calculation and feature filtration, 4.27031, sec
2023-08-22 13:45:25,982 [29] INFO  - 2023-08-22 13:43:22,F027,Z,4,iter,1,feat,4978413,25570478, Making Complete Code Target Calls, 10.0542, sec
2023-08-22 13:45:25,982 [29] INFO  - 2023-08-22 13:43:25,F027,Z,4,iter,1,feat,4978413,25570478, Target Call Location Estimation and iteration end update, 2.17179, sec
2023-08-22 13:45:25,982 [29] INFO  - 2023-08-22 13:43:26,F027,Z,4,iter,1,feat,4978413,25570478, Iteration summary generation, 1.34115, sec
2023-08-22 13:45:25,982 [29] INFO  - 2023-08-22 13:43:26,F027,Z,4,iter,1,feat,4978413,25570478, Iteration duration, 35.8468, sec
2023-08-22 13:45:25,982 [29] INFO  - 2023-08-22 13:43:26,F027,Z,4,iter,1,feat,4978413,25570478, Z slice processing duration, 96.5963, sec
2023-08-22 13:45:25,982 [29] INFO  - 2023-08-22 13:43:41,F027,Z,5,iter,0,feat,4618351,30188829, Spot file data loading and filtration , 12.7845, sec
2023-08-22 13:45:25,982 [29] INFO  - 2023-08-22 13:43:44,F027,Z,5,iter,0,feat,4618351,30188829, Seed neighbor determination, 5.27566, sec
2023-08-22 13:45:25,982 [29] INFO  - 2023-08-22 13:43:46,F027,Z,5,iter,0,feat,4618351,30188829, Quality Score Generation, 10.1824, sec
2023-08-22 13:45:25,982 [29] INFO  - 2023-08-22 13:43:51,F027,Z,5,iter,0,feat,4618351,30188829, Spots per feature calculation and feature filtration, 4.62998, sec
2023-08-22 13:45:25,982 [35] INFO  - 2023-08-22 13:44:01,F027,Z,5,iter,0,feat,4618351,30188829, Making Complete Code Target Calls, 10.1771, sec
2023-08-22 13:45:25,982 [35] INFO  - 2023-08-22 13:44:04,F027,Z,5,iter,0,feat,4618351,30188829, Target Call Location Estimation and iteration end update, 2.93941, sec
2023-08-22 13:45:25,982 [35] INFO  - 2023-08-22 13:44:04,F027,Z,5,iter,0,feat,4618351,30188829, Iteration summary generation, 0.055893, sec
2023-08-22 13:45:25,982 [35] INFO  - 2023-08-22 13:44:04,F027,Z,5,iter,0,feat,4618351,30188829, Iteration duration, 31.0577, sec
2023-08-22 13:45:25,982 [35] INFO  - 2023-08-22 13:44:06,F027,Z,5,iter,1,feat,4618351,30188829, Seed neighbor determination, 3.92822, sec
2023-08-22 13:45:25,982 [35] INFO  - 2023-08-22 13:44:09,F027,Z,5,iter,1,feat,4618351,30188829, Quality Score Generation, 9.18161, sec
2023-08-22 13:45:25,982 [35] INFO  - 2023-08-22 13:44:12,F027,Z,5,iter,1,feat,4618351,30188829, Spots per feature calculation and feature filtration, 3.37085, sec
2023-08-22 13:45:25,982 [35] INFO  - 2023-08-22 13:44:21,F027,Z,5,iter,1,feat,4618351,30188829, Making Complete Code Target Calls, 8.70228, sec
2023-08-22 13:45:25,982 [35] INFO  - 2023-08-22 13:44:22,F027,Z,5,iter,1,feat,4618351,30188829, Target Call Location Estimation and iteration end update, 1.29773, sec
2023-08-22 13:45:25,982 [35] INFO  - 2023-08-22 13:44:24,F027,Z,5,iter,1,feat,4618351,30188829, Iteration summary generation, 1.63727, sec
2023-08-22 13:45:25,982 [35] INFO  - 2023-08-22 13:44:24,F027,Z,5,iter,1,feat,4618351,30188829, Iteration duration, 26.3959, sec
2023-08-22 13:45:25,982 [35] INFO  - 2023-08-22 13:44:24,F027,Z,5,iter,1,feat,4618351,30188829, Z slice processing duration, 72.4941, sec
2023-08-22 13:45:25,982 [35] INFO  - 2023-08-22 13:44:37,F027,Z,6,iter,0,feat,4206037,34394866, Spot file data loading and filtration , 11.4489, sec
2023-08-22 13:45:25,982 [35] INFO  - 2023-08-22 13:44:39,F027,Z,6,iter,0,feat,4206037,34394866, Seed neighbor determination, 3.91927, sec
2023-08-22 13:45:25,982 [35] INFO  - 2023-08-22 13:44:41,F027,Z,6,iter,0,feat,4206037,34394866, Quality Score Generation, 7.28852, sec
2023-08-22 13:45:25,982 [35] INFO  - 2023-08-22 13:44:46,F027,Z,6,iter,0,feat,4206037,34394866, Spots per feature calculation and feature filtration, 4.21225, sec
2023-08-22 13:45:25,982 [35] INFO  - 2023-08-22 13:44:52,F027,Z,6,iter,0,feat,4206037,34394866, Making Complete Code Target Calls, 6.53765, sec
2023-08-22 13:45:25,982 [35] INFO  - 2023-08-22 13:44:55,F027,Z,6,iter,0,feat,4206037,34394866, Target Call Location Estimation and iteration end update, 2.70988, sec
2023-08-22 13:45:25,982 [35] INFO  - 2023-08-22 13:44:55,F027,Z,6,iter,0,feat,4206037,34394866, Iteration summary generation, 0.044524, sec
2023-08-22 13:45:25,982 [35] INFO  - 2023-08-22 13:44:55,F027,Z,6,iter,0,feat,4206037,34394866, Iteration duration, 23.0329, sec
2023-08-22 13:45:25,982 [35] INFO  - 2023-08-22 13:44:57,F027,Z,6,iter,1,feat,4206037,34394866, Seed neighbor determination, 3.56039, sec
2023-08-22 13:45:25,982 [35] INFO  - 2023-08-22 13:44:59,F027,Z,6,iter,1,feat,4206037,34394866, Quality Score Generation, 8.96094, sec
2023-08-22 13:45:25,982 [35] INFO  - 2023-08-22 13:45:02,F027,Z,6,iter,1,feat,4206037,34394866, Spots per feature calculation and feature filtration, 3.17873, sec
2023-08-22 13:45:25,982 [35] INFO  - 2023-08-22 13:45:08,F027,Z,6,iter,1,feat,4206037,34394866, Making Complete Code Target Calls, 5.86131, sec
2023-08-22 13:45:25,982 [35] INFO  - 2023-08-22 13:45:09,F027,Z,6,iter,1,feat,4206037,34394866, Target Call Location Estimation and iteration end update, 0.869389, sec
2023-08-22 13:45:25,982 [35] INFO  - 2023-08-22 13:45:10,F027,Z,6,iter,1,feat,4206037,34394866, Iteration summary generation, 0.914316, sec
2023-08-22 13:45:25,982 [35] INFO  - 2023-08-22 13:45:10,F027,Z,6,iter,1,feat,4206037,34394866, Iteration duration, 21.7986, sec
2023-08-22 13:45:25,982 [35] INFO  - 2023-08-22 13:45:10,F027,Z,6,iter,1,feat,4206037,34394866, Z slice processing duration, 58.2949, sec
2023-08-22 13:45:25,982 [35] INFO  - 2023-08-22 13:45:23,F027,Z,7,iter,0,feat,4143607,38538473, Spot file data loading and filtration , 11.4238, sec
2023-08-22 13:46:11,034 [35] INFO  - 2023-08-22 13:45:25,F027,Z,7,iter,0,feat,4143607,38538473, Seed neighbor determination, 3.86414, sec
2023-08-22 13:46:11,034 [35] INFO  - 2023-08-22 13:45:27,F027,Z,7,iter,0,feat,4143607,38538473, Quality Score Generation, 6.94054, sec
2023-08-22 13:46:11,034 [35] INFO  - 2023-08-22 13:45:31,F027,Z,7,iter,0,feat,4143607,38538473, Spots per feature calculation and feature filtration, 4.18607, sec
2023-08-22 13:46:11,034 [35] INFO  - 2023-08-22 13:45:38,F027,Z,7,iter,0,feat,4143607,38538473, Making Complete Code Target Calls, 6.35281, sec
2023-08-22 13:46:11,034 [35] INFO  - 2023-08-22 13:45:41,F027,Z,7,iter,0,feat,4143607,38538473, Target Call Location Estimation and iteration end update, 2.68266, sec
2023-08-22 13:46:11,034 [35] INFO  - 2023-08-22 13:45:41,F027,Z,7,iter,0,feat,4143607,38538473, Iteration summary generation, 0.031311, sec
2023-08-22 13:46:11,034 [35] INFO  - 2023-08-22 13:45:41,F027,Z,7,iter,0,feat,4143607,38538473, Iteration duration, 22.4008, sec
2023-08-22 13:46:11,034 [35] INFO  - 2023-08-22 13:45:43,F027,Z,7,iter,1,feat,4143607,38538473, Seed neighbor determination, 3.64715, sec
2023-08-22 13:46:11,034 [35] INFO  - 2023-08-22 13:45:45,F027,Z,7,iter,1,feat,4143607,38538473, Quality Score Generation, 7.62269, sec
2023-08-22 13:46:11,035 [35] INFO  - 2023-08-22 13:45:48,F027,Z,7,iter,1,feat,4143607,38538473, Spots per feature calculation and feature filtration, 3.14792, sec
2023-08-22 13:46:11,035 [35] INFO  - 2023-08-22 13:45:54,F027,Z,7,iter,1,feat,4143607,38538473, Making Complete Code Target Calls, 5.69976, sec
2023-08-22 13:46:11,035 [35] INFO  - 2023-08-22 13:45:54,F027,Z,7,iter,1,feat,4143607,38538473, Target Call Location Estimation and iteration end update, 0.803296, sec
2023-08-22 13:46:11,035 [35] INFO  - 2023-08-22 13:45:55,F027,Z,7,iter,1,feat,4143607,38538473, Iteration summary generation, 0.650926, sec
2023-08-22 13:46:11,035 [35] INFO  - 2023-08-22 13:45:55,F027,Z,7,iter,1,feat,4143607,38538473, Iteration duration, 19.9645, sec
2023-08-22 13:46:11,035 [35] INFO  - 2023-08-22 13:45:55,F027,Z,7,iter,1,feat,4143607,38538473, Z slice processing duration, 55.6055, sec
2023-08-22 13:46:11,035 [35] INFO  - 2023-08-22 13:45:58,F027,Z,8,iter,0,feat,1672617,40211090, Spot file data loading and filtration , 1.31322, sec
2023-08-22 13:46:11,035 [35] INFO  - 2023-08-22 13:45:59,F027,Z,8,iter,0,feat,1672617,40211090, Seed neighbor determination, 1.52617, sec
2023-08-22 13:46:11,035 [35] INFO  - 2023-08-22 13:46:00,F027,Z,8,iter,0,feat,1672617,40211090, Quality Score Generation, 2.47338, sec
2023-08-22 13:46:11,035 [35] INFO  - 2023-08-22 13:46:01,F027,Z,8,iter,0,feat,1672617,40211090, Spots per feature calculation and feature filtration, 1.8428, sec
2023-08-22 13:46:11,035 [36] INFO  - 2023-08-22 13:46:03,F027,Z,8,iter,0,feat,1672617,40211090, Making Complete Code Target Calls, 1.2211, sec
2023-08-22 13:46:11,035 [36] INFO  - 2023-08-22 13:46:03,F027,Z,8,iter,0,feat,1672617,40211090, Target Call Location Estimation and iteration end update, 0.452279, sec
2023-08-22 13:46:11,035 [36] INFO  - 2023-08-22 13:46:03,F027,Z,8,iter,0,feat,1672617,40211090, Iteration summary generation, 0.005416, sec
2023-08-22 13:46:11,035 [36] INFO  - 2023-08-22 13:46:03,F027,Z,8,iter,0,feat,1672617,40211090, Iteration duration, 6.87343, sec
2023-08-22 13:46:11,035 [36] INFO  - 2023-08-22 13:46:04,F027,Z,8,iter,1,feat,1672617,40211090, Seed neighbor determination, 1.47346, sec
2023-08-22 13:46:11,035 [36] INFO  - 2023-08-22 13:46:05,F027,Z,8,iter,1,feat,1672617,40211090, Quality Score Generation, 2.63944, sec
2023-08-22 13:46:11,035 [36] INFO  - 2023-08-22 13:46:06,F027,Z,8,iter,1,feat,1672617,40211090, Spots per feature calculation and feature filtration, 1.48249, sec
2023-08-22 13:46:11,035 [36] INFO  - 2023-08-22 13:46:07,F027,Z,8,iter,1,feat,1672617,40211090, Making Complete Code Target Calls, 1.29822, sec
2023-08-22 13:46:11,035 [36] INFO  - 2023-08-22 13:46:08,F027,Z,8,iter,1,feat,1672617,40211090, Target Call Location Estimation and iteration end update, 0.243317, sec
2023-08-22 13:46:11,035 [36] INFO  - 2023-08-22 13:46:08,F027,Z,8,iter,1,feat,1672617,40211090, Iteration summary generation, 0.127351, sec
2023-08-22 13:46:11,035 [36] INFO  - 2023-08-22 13:46:08,F027,Z,8,iter,1,feat,1672617,40211090, Iteration duration, 6.63075, sec
2023-08-22 13:46:11,035 [36] INFO  - 2023-08-22 13:46:08,F027,Z,8,iter,1,feat,1672617,40211090, Z slice processing duration, 16.6459, sec
2023-08-22 13:46:11,035 [36] INFO  - 2023-08-22 13:46:11,F027,Z,8,iter,1,feat,1672617,40211090, FOV processing duration (final) , 615.573, sec
2023-08-22 13:46:11,048 [35] INFO  - Exited
2023-08-22 13:46:11,048 [35] INFO  - System.EventArgs
2023-08-22 13:46:11,049 [35] INFO  - { }
2023-08-22 13:46:11,049 [1] INFO  - mtmc run complete
2023-08-22 13:46:11,049 [1] INFO  - Zipping and uploading results...
2023-08-22 13:46:11,050 [1] INFO  - Uploading mtm results to storage.
2023-08-22 13:46:11,050 [1] INFO  - Start uploading /app/out/FOV027 to 892d9dcc-e56d-475c-8dee-2c395064223d/2302H0033/c9d29823-a69c-4328-a6b9-53e2b78fa3e3/Run_76ed1d6b-57d6-4076-9a09-09a6f1ded693_20230817_2302h0033_ControlCenter/20230817_175305/20230817_175305_S1/AnalysisResults/oxdwyv2woj/FOV027
2023-08-22 13:46:11,050 [1] INFO  - Executing with retries set to: 10
2023-08-22 13:46:12,994 [1] INFO  - Upload /app/out/FOV027 finished
2023-08-22 13:46:12,994 [1] INFO  - Results uploaded.
2023-08-22 13:46:12,994 [1] INFO  - All done
2023-08-22 13:46:12,994 [1] INFO  - Executing with retries set to: 10
2023-08-22 13:46:12,994 [1] INFO  - Setting fov oxdwyv2woj-1xgmj into status Completed
2023-08-22 13:46:13,005 [1] INFO  - Saving a fov processing run: oxdwyv2woj-1xgmj
2023-08-22 13:46:13,005 [1] INFO  - Updating an existing fov run.
2023-08-22 13:46:13,007 [1] INFO  - Uploading logs
2023-08-22 13:46:13,008 [1] INFO  - Start uploading 892d9dcc-e56d-475c-8dee-2c395064223d/2302H0033/c9d29823-a69c-4328-a6b9-53e2b78fa3e3/Run_76ed1d6b-57d6-4076-9a09-09a6f1ded693_20230817_2302h0033_ControlCenter/20230817_175305/20230817_175305_S1/AnalysisResults/oxdwyv2woj/FOV027/mtm-run.log
