2023-08-22 13:32:45,505 [1] INFO  - Using bucket s3-euw1-eu2-datarepository-eu2-eu2-kcl-01 and region eu-west-1
2023-08-22 13:32:45,556 [1] INFO  - Using role to access S3
2023-08-22 13:32:45,889 [1] INFO  - ===============================
2023-08-22 13:32:45,889 [1] INFO  - build info: 
commit 1860d865ce7409a4b25d5549a62e2b7be0a93d33
Author: alexander-serebriyan <alexander.serebriyan@teamdev.com>
Date:   Fri Feb 10 15:42:48 2023 +0100

    Add UAT env for ECR pushing.

Build done on: Fri Feb 10 14:46:39 UTC 2023
Version: 20230210.1

2023-08-22 13:32:45,889 [1] INFO  - ===============================
2023-08-22 13:32:45,889 [1] INFO  - Starting the job. Results will be uploaded to: 892d9dcc-e56d-475c-8dee-2c395064223d/2302H0033/c9d29823-a69c-4328-a6b9-53e2b78fa3e3/Run_76ed1d6b-57d6-4076-9a09-09a6f1ded693_20230817_2302h0033_ControlCenter/20230817_175305/20230817_175305_S1/AnalysisResults/oxdwyv2woj/FOV049
2023-08-22 13:32:45,889 [1] INFO  - Checking FOV status. Ref: oxdwyv2woj-g3isp, ID: 892d9dcc-e56d-475c-8dee-2c395064223d/2302H0033/c9d29823-a69c-4328-a6b9-53e2b78fa3e3/Run_76ed1d6b-57d6-4076-9a09-09a6f1ded693_20230817_2302h0033_ControlCenter/20230817_175305/20230817_175305_S1/SpotFiles/FOV049/
2023-08-22 13:32:46,102 [1] INFO  - Executing with retries set to: 10
2023-08-22 13:32:46,102 [1] INFO  - Setting fov oxdwyv2woj-g3isp into status InProgress
2023-08-22 13:32:46,104 [1] INFO  - Saving a fov processing run: oxdwyv2woj-g3isp
2023-08-22 13:32:46,104 [1] INFO  - Updating an existing fov run.
2023-08-22 13:32:46,161 [1] INFO  - Downloading FOV using next path: 892d9dcc-e56d-475c-8dee-2c395064223d/2302H0033/c9d29823-a69c-4328-a6b9-53e2b78fa3e3/Run_76ed1d6b-57d6-4076-9a09-09a6f1ded693_20230817_2302h0033_ControlCenter/20230817_175305/20230817_175305_S1/SpotFiles/FOV049/
2023-08-22 13:32:46,162 [1] INFO  - Start downloading 892d9dcc-e56d-475c-8dee-2c395064223d/2302H0033/c9d29823-a69c-4328-a6b9-53e2b78fa3e3/Run_76ed1d6b-57d6-4076-9a09-09a6f1ded693_20230817_2302h0033_ControlCenter/20230817_175305/20230817_175305_S1/SpotFiles/FOV049/
2023-08-22 13:32:46,162 [1] INFO  - Executing with retries set to: 10
2023-08-22 13:36:44,873 [1] INFO  - Download 892d9dcc-e56d-475c-8dee-2c395064223d/2302H0033/c9d29823-a69c-4328-a6b9-53e2b78fa3e3/Run_76ed1d6b-57d6-4076-9a09-09a6f1ded693_20230817_2302h0033_ControlCenter/20230817_175305/20230817_175305_S1/SpotFiles/FOV049/ complete
2023-08-22 13:36:44,873 [1] INFO  - Custom plex file specified. The default one will be overriden.
2023-08-22 13:36:44,873 [1] INFO  - Downloading plex file using next path: 892d9dcc-e56d-475c-8dee-2c395064223d/2302H0033/c9d29823-a69c-4328-a6b9-53e2b78fa3e3/Run_76ed1d6b-57d6-4076-9a09-09a6f1ded693_20230817_2302h0033_ControlCenter/20230817_175305/20230817_175305_S1/plex-oxdwyv2woj.txt
2023-08-22 13:36:44,873 [1] INFO  - Downloading 892d9dcc-e56d-475c-8dee-2c395064223d/2302H0033/c9d29823-a69c-4328-a6b9-53e2b78fa3e3/Run_76ed1d6b-57d6-4076-9a09-09a6f1ded693_20230817_2302h0033_ControlCenter/20230817_175305/20230817_175305_S1/plex-oxdwyv2woj.txt
2023-08-22 13:36:44,995 [1] INFO  - Download 892d9dcc-e56d-475c-8dee-2c395064223d/2302H0033/c9d29823-a69c-4328-a6b9-53e2b78fa3e3/Run_76ed1d6b-57d6-4076-9a09-09a6f1ded693_20230817_2302h0033_ControlCenter/20230817_175305/20230817_175305_S1/plex-oxdwyv2woj.txt finished
2023-08-22 13:36:44,995 [1] INFO  - No user params file specified. Trying to use the one from the storage.
2023-08-22 13:36:44,995 [1] INFO  - Downloading params file using next path: 892d9dcc-e56d-475c-8dee-2c395064223d/2302H0033/c9d29823-a69c-4328-a6b9-53e2b78fa3e3/Run_76ed1d6b-57d6-4076-9a09-09a6f1ded693_20230817_2302h0033_ControlCenter/20230817_175305/20230817_175305_S1/analysis_params_v6.txt
2023-08-22 13:36:44,995 [1] INFO  - Downloading 892d9dcc-e56d-475c-8dee-2c395064223d/2302H0033/c9d29823-a69c-4328-a6b9-53e2b78fa3e3/Run_76ed1d6b-57d6-4076-9a09-09a6f1ded693_20230817_2302h0033_ControlCenter/20230817_175305/20230817_175305_S1/analysis_params_v6.txt
2023-08-22 13:36:45,030 [1] ERROR -    at Amazon.Runtime.Internal.HttpErrorResponseExceptionHandler.HandleExceptionStream(IRequestContext requestContext, IWebResponseData httpErrorResponse, HttpErrorResponseException exception, Stream responseStream)
   at Amazon.Runtime.Internal.HttpErrorResponseExceptionHandler.HandleExceptionAsync(IExecutionContext executionContext, HttpErrorResponseException exception)
   at Amazon.Runtime.Internal.ExceptionHandler`1.HandleAsync(IExecutionContext executionContext, Exception exception)
   at Amazon.Runtime.Internal.ErrorHandler.ProcessExceptionAsync(IExecutionContext executionContext, Exception exception)
   at Amazon.Runtime.Internal.ErrorHandler.InvokeAsync[T](IExecutionContext executionContext)
   at Amazon.Runtime.Internal.CallbackHandler.InvokeAsync[T](IExecutionContext executionContext)
   at Amazon.Runtime.Internal.EndpointDiscoveryHandler.InvokeAsync[T](IExecutionContext executionContext)
   at Amazon.Runtime.Internal.EndpointDiscoveryHandler.InvokeAsync[T](IExecutionContext executionContext)
   at Amazon.Runtime.Internal.CredentialsRetriever.InvokeAsync[T](IExecutionContext executionContext)
   at Amazon.Runtime.Internal.RetryHandler.InvokeAsync[T](IExecutionContext executionContext)
   at Amazon.Runtime.Internal.RetryHandler.InvokeAsync[T](IExecutionContext executionContext)
   at Amazon.Runtime.Internal.CallbackHandler.InvokeAsync[T](IExecutionContext executionContext)
   at Amazon.Runtime.Internal.CallbackHandler.InvokeAsync[T](IExecutionContext executionContext)
   at Amazon.S3.Internal.AmazonS3ExceptionHandler.InvokeAsync[T](IExecutionContext executionContext)
   at Amazon.Runtime.Internal.ErrorCallbackHandler.InvokeAsync[T](IExecutionContext executionContext)
   at Amazon.Runtime.Internal.MetricsHandler.InvokeAsync[T](IExecutionContext executionContext)
   at Amazon.S3.Transfer.Internal.DownloadCommand.ExecuteAsync(CancellationToken cancellationToken)
   at Amazon.S3.Transfer.TransferUtility.Download(String filePath, String bucketName, String key)
   at Core.S3FileStorageService.DownloadFile(String remoteFilePath, String localFilePath) in /src/Core/S3FileStorageService.cs:line 67
   at MTMCWorker.Service.Impl.MtmcWorker.FetchParamsFile(String paramsFileRef, String flowCellPath) in /src/MTMCWorker/Service/Impl/MtmcWorker.cs:line 297
2023-08-22 13:36:45,030 [1] INFO  - Can't download params file next to nBCDir. Using the default one.
Amazon.S3.AmazonS3Exception: The specified key does not exist.
 ---> Amazon.Runtime.Internal.HttpErrorResponseException: Exception of type 'Amazon.Runtime.Internal.HttpErrorResponseException' was thrown.
   at Amazon.Runtime.HttpWebRequestMessage.GetResponseAsync(CancellationToken cancellationToken)
   at Amazon.Runtime.Internal.HttpHandler`1.InvokeAsync[T](IExecutionContext executionContext)
   at Amazon.Runtime.Internal.RedirectHandler.InvokeAsync[T](IExecutionContext executionContext)
   at Amazon.Runtime.Internal.Unmarshaller.InvokeAsync[T](IExecutionContext executionContext)
   at Amazon.S3.Internal.AmazonS3ResponseHandler.InvokeAsync[T](IExecutionContext executionContext)
   at Amazon.Runtime.Internal.ErrorHandler.InvokeAsync[T](IExecutionContext executionContext)
   --- End of inner exception stack trace ---
   at Amazon.Runtime.Internal.HttpErrorResponseExceptionHandler.HandleExceptionStream(IRequestContext requestContext, IWebResponseData httpErrorResponse, HttpErrorResponseException exception, Stream responseStream)
   at Amazon.Runtime.Internal.HttpErrorResponseExceptionHandler.HandleExceptionAsync(IExecutionContext executionContext, HttpErrorResponseException exception)
   at Amazon.Runtime.Internal.ExceptionHandler`1.HandleAsync(IExecutionContext executionContext, Exception exception)
   at Amazon.Runtime.Internal.ErrorHandler.ProcessExceptionAsync(IExecutionContext executionContext, Exception exception)
   at Amazon.Runtime.Internal.ErrorHandler.InvokeAsync[T](IExecutionContext executionContext)
   at Amazon.Runtime.Internal.CallbackHandler.InvokeAsync[T](IExecutionContext executionContext)
   at Amazon.Runtime.Internal.EndpointDiscoveryHandler.InvokeAsync[T](IExecutionContext executionContext)
   at Amazon.Runtime.Internal.EndpointDiscoveryHandler.InvokeAsync[T](IExecutionContext executionContext)
   at Amazon.Runtime.Internal.CredentialsRetriever.InvokeAsync[T](IExecutionContext executionContext)
   at Amazon.Runtime.Internal.RetryHandler.InvokeAsync[T](IExecutionContext executionContext)
   at Amazon.Runtime.Internal.RetryHandler.InvokeAsync[T](IExecutionContext executionContext)
   at Amazon.Runtime.Internal.CallbackHandler.InvokeAsync[T](IExecutionContext executionContext)
   at Amazon.Runtime.Internal.CallbackHandler.InvokeAsync[T](IExecutionContext executionContext)
   at Amazon.S3.Internal.AmazonS3ExceptionHandler.InvokeAsync[T](IExecutionContext executionContext)
   at Amazon.Runtime.Internal.ErrorCallbackHandler.InvokeAsync[T](IExecutionContext executionContext)
   at Amazon.Runtime.Internal.MetricsHandler.InvokeAsync[T](IExecutionContext executionContext)
   at Amazon.S3.Transfer.Internal.DownloadCommand.ExecuteAsync(CancellationToken cancellationToken)
   at Amazon.S3.Transfer.TransferUtility.Download(String filePath, String bucketName, String key)
   at Core.S3FileStorageService.DownloadFile(String remoteFilePath, String localFilePath) in /src/Core/S3FileStorageService.cs:line 67
   at MTMCWorker.Service.Impl.MtmcWorker.FetchParamsFile(String paramsFileRef, String flowCellPath) in /src/MTMCWorker/Service/Impl/MtmcWorker.cs:line 297
2023-08-22 13:36:45,033 [1] INFO  - Fetching CellStatsDir folder data...
2023-08-22 13:36:45,104 [1] INFO  - Downloading 892d9dcc-e56d-475c-8dee-2c395064223d/2302H0033/c9d29823-a69c-4328-a6b9-53e2b78fa3e3/Run_76ed1d6b-57d6-4076-9a09-09a6f1ded693_20230817_2302h0033_ControlCenter/20230817_175305/20230817_175305_S1/CellStatsDir/CellComposite/CellComposite_F049.jpg
2023-08-22 13:36:45,286 [1] INFO  - Download 892d9dcc-e56d-475c-8dee-2c395064223d/2302H0033/c9d29823-a69c-4328-a6b9-53e2b78fa3e3/Run_76ed1d6b-57d6-4076-9a09-09a6f1ded693_20230817_2302h0033_ControlCenter/20230817_175305/20230817_175305_S1/CellStatsDir/CellComposite/CellComposite_F049.jpg finished
2023-08-22 13:36:45,286 [1] INFO  - Downloading 892d9dcc-e56d-475c-8dee-2c395064223d/2302H0033/c9d29823-a69c-4328-a6b9-53e2b78fa3e3/Run_76ed1d6b-57d6-4076-9a09-09a6f1ded693_20230817_2302h0033_ControlCenter/20230817_175305/20230817_175305_S1/CellStatsDir/CellOverlay/CellOverlay_F049.jpg
2023-08-22 13:36:45,589 [1] INFO  - Download 892d9dcc-e56d-475c-8dee-2c395064223d/2302H0033/c9d29823-a69c-4328-a6b9-53e2b78fa3e3/Run_76ed1d6b-57d6-4076-9a09-09a6f1ded693_20230817_2302h0033_ControlCenter/20230817_175305/20230817_175305_S1/CellStatsDir/CellOverlay/CellOverlay_F049.jpg finished
2023-08-22 13:36:45,589 [1] INFO  - Downloading 892d9dcc-e56d-475c-8dee-2c395064223d/2302H0033/c9d29823-a69c-4328-a6b9-53e2b78fa3e3/Run_76ed1d6b-57d6-4076-9a09-09a6f1ded693_20230817_2302h0033_ControlCenter/20230817_175305/20230817_175305_S1/CellStatsDir/FOV049/CellLabels_F049.tif
2023-08-22 13:36:45,834 [1] INFO  - Download 892d9dcc-e56d-475c-8dee-2c395064223d/2302H0033/c9d29823-a69c-4328-a6b9-53e2b78fa3e3/Run_76ed1d6b-57d6-4076-9a09-09a6f1ded693_20230817_2302h0033_ControlCenter/20230817_175305/20230817_175305_S1/CellStatsDir/FOV049/CellLabels_F049.tif finished
2023-08-22 13:36:45,834 [1] INFO  - Downloading 892d9dcc-e56d-475c-8dee-2c395064223d/2302H0033/c9d29823-a69c-4328-a6b9-53e2b78fa3e3/Run_76ed1d6b-57d6-4076-9a09-09a6f1ded693_20230817_2302h0033_ControlCenter/20230817_175305/20230817_175305_S1/CellStatsDir/FOV049/CompartmentLabels_F049.tif
2023-08-22 13:36:46,078 [1] INFO  - Download 892d9dcc-e56d-475c-8dee-2c395064223d/2302H0033/c9d29823-a69c-4328-a6b9-53e2b78fa3e3/Run_76ed1d6b-57d6-4076-9a09-09a6f1ded693_20230817_2302h0033_ControlCenter/20230817_175305/20230817_175305_S1/CellStatsDir/FOV049/CompartmentLabels_F049.tif finished
2023-08-22 13:36:46,078 [1] INFO  - Downloading 892d9dcc-e56d-475c-8dee-2c395064223d/2302H0033/c9d29823-a69c-4328-a6b9-53e2b78fa3e3/Run_76ed1d6b-57d6-4076-9a09-09a6f1ded693_20230817_2302h0033_ControlCenter/20230817_175305/20230817_175305_S1/CellStatsDir/FOV049/Run_76ed1d6b-57d6-4076-9a09-09a6f1ded693_20230817_175305_S1_Cell_Stats_F049.csv
2023-08-22 13:36:46,267 [1] INFO  - Download 892d9dcc-e56d-475c-8dee-2c395064223d/2302H0033/c9d29823-a69c-4328-a6b9-53e2b78fa3e3/Run_76ed1d6b-57d6-4076-9a09-09a6f1ded693_20230817_2302h0033_ControlCenter/20230817_175305/20230817_175305_S1/CellStatsDir/FOV049/Run_76ed1d6b-57d6-4076-9a09-09a6f1ded693_20230817_175305_S1_Cell_Stats_F049.csv finished
2023-08-22 13:36:46,267 [1] INFO  - Downloading 892d9dcc-e56d-475c-8dee-2c395064223d/2302H0033/c9d29823-a69c-4328-a6b9-53e2b78fa3e3/Run_76ed1d6b-57d6-4076-9a09-09a6f1ded693_20230817_2302h0033_ControlCenter/20230817_175305/20230817_175305_S1/CellStatsDir/Morphology2D/20230817_175305_S1_C902_P99_N99_F049.TIF
2023-08-22 13:36:47,334 [1] INFO  - Download 892d9dcc-e56d-475c-8dee-2c395064223d/2302H0033/c9d29823-a69c-4328-a6b9-53e2b78fa3e3/Run_76ed1d6b-57d6-4076-9a09-09a6f1ded693_20230817_2302h0033_ControlCenter/20230817_175305/20230817_175305_S1/CellStatsDir/Morphology2D/20230817_175305_S1_C902_P99_N99_F049.TIF finished
2023-08-22 13:36:47,334 [1] INFO  - Downloading 892d9dcc-e56d-475c-8dee-2c395064223d/2302H0033/c9d29823-a69c-4328-a6b9-53e2b78fa3e3/Run_76ed1d6b-57d6-4076-9a09-09a6f1ded693_20230817_2302h0033_ControlCenter/20230817_175305/20230817_175305_S1/CellStatsDir/RnD/Run_76ed1d6b-57d6-4076-9a09-09a6f1ded693_20230817_175305_S1_Summary_F049.csv
2023-08-22 13:36:47,488 [1] INFO  - Download 892d9dcc-e56d-475c-8dee-2c395064223d/2302H0033/c9d29823-a69c-4328-a6b9-53e2b78fa3e3/Run_76ed1d6b-57d6-4076-9a09-09a6f1ded693_20230817_2302h0033_ControlCenter/20230817_175305/20230817_175305_S1/CellStatsDir/RnD/Run_76ed1d6b-57d6-4076-9a09-09a6f1ded693_20230817_175305_S1_Summary_F049.csv finished
2023-08-22 13:36:47,488 [1] INFO  - CellStatsDir data download complete.
2023-08-22 13:36:47,488 [1] INFO  - FOV downloaded successfully.
2023-08-22 13:36:47,488 [1] INFO  - Preparing dirs structure for mtmc
2023-08-22 13:36:47,488 [1] INFO  - Preparing mtmc input. FOV dir: FOV049
2023-08-22 13:36:47,491 [1] INFO  - Running mtmc...
2023-08-22 13:36:47,497 [20] INFO  - directory: "/app/input_data/"
2023-08-22 13:36:47,741 [20] INFO  - directory: "/app/out/FOV049/"
2023-08-22 13:40:07,288 [20] INFO  - 2023-08-22 13:36:47,F049,Z,0,iter,0,feat,0,0, Reading and combining input data, 0.026413, sec
2023-08-22 13:40:07,289 [20] INFO  - 2023-08-22 13:36:49,F049,Z,0,iter,0,feat,876105,876105, Spot file data loading and filtration , 1.26939, sec
2023-08-22 13:40:07,289 [20] INFO  - 2023-08-22 13:36:49,F049,Z,0,iter,0,feat,876105,876105, Seed neighbor determination, 0.838807, sec
2023-08-22 13:40:07,289 [20] INFO  - 2023-08-22 13:36:49,F049,Z,0,iter,0,feat,876105,876105, Quality Score Generation, 0.906093, sec
2023-08-22 13:40:07,289 [20] INFO  - 2023-08-22 13:36:50,F049,Z,0,iter,0,feat,876105,876105, Spots per feature calculation and feature filtration, 1.11014, sec
2023-08-22 13:40:07,289 [20] INFO  - 2023-08-22 13:36:51,F049,Z,0,iter,0,feat,876105,876105, Making Complete Code Target Calls, 0.143462, sec
2023-08-22 13:40:07,289 [20] INFO  - 2023-08-22 13:36:51,F049,Z,0,iter,0,feat,876105,876105, Target Call Location Estimation and iteration end update, 0.045672, sec
2023-08-22 13:40:07,289 [20] INFO  - 2023-08-22 13:36:51,F049,Z,0,iter,0,feat,876105,876105, Iteration summary generation, 0.000338, sec
2023-08-22 13:40:07,289 [20] INFO  - 2023-08-22 13:36:51,F049,Z,0,iter,0,feat,876105,876105, Iteration duration, 2.69224, sec
2023-08-22 13:40:07,289 [30] INFO  - 2023-08-22 13:36:51,F049,Z,0,iter,1,feat,876105,876105, Seed neighbor determination, 0.972252, sec
2023-08-22 13:40:07,289 [30] INFO  - 2023-08-22 13:36:51,F049,Z,0,iter,1,feat,876105,876105, Quality Score Generation, 1.1966, sec
2023-08-22 13:40:07,289 [30] INFO  - 2023-08-22 13:36:53,F049,Z,0,iter,1,feat,876105,876105, Spots per feature calculation and feature filtration, 1.89449, sec
2023-08-22 13:40:07,289 [30] INFO  - 2023-08-22 13:36:54,F049,Z,0,iter,1,feat,876105,876105, Making Complete Code Target Calls, 0.215162, sec
2023-08-22 13:40:07,289 [30] INFO  - 2023-08-22 13:36:54,F049,Z,0,iter,1,feat,876105,876105, Target Call Location Estimation and iteration end update, 0.019815, sec
2023-08-22 13:40:07,289 [30] INFO  - 2023-08-22 13:36:54,F049,Z,0,iter,1,feat,876105,876105, Iteration summary generation, 0.006686, sec
2023-08-22 13:40:07,289 [30] INFO  - 2023-08-22 13:36:54,F049,Z,0,iter,1,feat,876105,876105, Iteration duration, 3.90036, sec
2023-08-22 13:40:07,289 [30] INFO  - 2023-08-22 13:36:54,F049,Z,0,iter,1,feat,876105,876105, Z slice processing duration, 7.86293, sec
2023-08-22 13:40:07,289 [30] INFO  - 2023-08-22 13:37:14,F049,Z,1,iter,0,feat,6156384,7032489, Spot file data loading and filtration , 19.65, sec
2023-08-22 13:40:07,289 [30] INFO  - 2023-08-22 13:37:18,F049,Z,1,iter,0,feat,6156384,7032489, Seed neighbor determination, 8.17156, sec
2023-08-22 13:40:07,290 [30] INFO  - 2023-08-22 13:37:26,F049,Z,1,iter,0,feat,6156384,7032489, Quality Score Generation, 15.3299, sec
2023-08-22 13:40:07,290 [30] INFO  - 2023-08-22 13:37:39,F049,Z,1,iter,0,feat,6156384,7032489, Spots per feature calculation and feature filtration, 12.356, sec
2023-08-22 13:40:07,290 [30] INFO  - 2023-08-22 13:38:02,F049,Z,1,iter,0,feat,6156384,7032489, Making Complete Code Target Calls, 22.7282, sec
2023-08-22 13:40:07,290 [30] INFO  - 2023-08-22 13:38:07,F049,Z,1,iter,0,feat,6156384,7032489, Target Call Location Estimation and iteration end update, 4.41613, sec
2023-08-22 13:40:07,290 [30] INFO  - 2023-08-22 13:38:07,F049,Z,1,iter,0,feat,6156384,7032489, Iteration summary generation, 0.035036, sec
2023-08-22 13:40:07,290 [30] INFO  - 2023-08-22 13:38:07,F049,Z,1,iter,0,feat,6156384,7032489, Iteration duration, 59.4398, sec
2023-08-22 13:40:07,290 [30] INFO  - 2023-08-22 13:38:11,F049,Z,1,iter,1,feat,6156384,7032489, Seed neighbor determination, 8.32274, sec
2023-08-22 13:40:07,290 [30] INFO  - 2023-08-22 13:38:20,F049,Z,1,iter,1,feat,6156384,7032489, Quality Score Generation, 28.2527, sec
2023-08-22 13:40:07,290 [30] INFO  - 2023-08-22 13:38:31,F049,Z,1,iter,1,feat,6156384,7032489, Spots per feature calculation and feature filtration, 9.19536, sec
2023-08-22 13:40:07,290 [30] INFO  - 2023-08-22 13:38:50,F049,Z,1,iter,1,feat,6156384,7032489, Making Complete Code Target Calls, 18.2354, sec
2023-08-22 13:40:07,290 [30] INFO  - 2023-08-22 13:38:59,F049,Z,1,iter,1,feat,6156384,7032489, Target Call Location Estimation and iteration end update, 8.54337, sec
2023-08-22 13:40:07,290 [30] INFO  - 2023-08-22 13:38:59,F049,Z,1,iter,1,feat,6156384,7032489, Iteration summary generation, 0.638463, sec
2023-08-22 13:40:07,290 [30] INFO  - 2023-08-22 13:38:59,F049,Z,1,iter,1,feat,6156384,7032489, Iteration duration, 69.8914, sec
2023-08-22 13:40:07,290 [30] INFO  - 2023-08-22 13:38:59,F049,Z,1,iter,1,feat,6156384,7032489, Z slice processing duration, 149.517, sec
2023-08-22 13:40:07,290 [30] INFO  - 2023-08-22 13:39:22,F049,Z,2,iter,0,feat,5325828,12358317, Spot file data loading and filtration , 17.6508, sec
2023-08-22 13:40:07,290 [30] INFO  - 2023-08-22 13:39:25,F049,Z,2,iter,0,feat,5325828,12358317, Seed neighbor determination, 6.67621, sec
2023-08-22 13:40:07,290 [30] INFO  - 2023-08-22 13:39:29,F049,Z,2,iter,0,feat,5325828,12358317, Quality Score Generation, 14.022, sec
2023-08-22 13:40:07,290 [30] INFO  - 2023-08-22 13:39:40,F049,Z,2,iter,0,feat,5325828,12358317, Spots per feature calculation and feature filtration, 10.4182, sec
2023-08-22 13:40:07,290 [30] INFO  - 2023-08-22 13:39:59,F049,Z,2,iter,0,feat,5325828,12358317, Making Complete Code Target Calls, 18.8927, sec
2023-08-22 13:43:08,946 [30] INFO  - 2023-08-22 13:40:07,F049,Z,2,iter,0,feat,5325828,12358317, Target Call Location Estimation and iteration end update, 7.39318, sec
2023-08-22 13:43:08,947 [30] INFO  - 2023-08-22 13:40:07,F049,Z,2,iter,0,feat,5325828,12358317, Iteration summary generation, 0.070425, sec
2023-08-22 13:43:08,947 [30] INFO  - 2023-08-22 13:40:07,F049,Z,2,iter,0,feat,5325828,12358317, Iteration duration, 54.8658, sec
2023-08-22 13:43:08,947 [30] INFO  - 2023-08-22 13:40:10,F049,Z,2,iter,1,feat,5325828,12358317, Seed neighbor determination, 6.70104, sec
2023-08-22 13:43:08,947 [30] INFO  - 2023-08-22 13:40:16,F049,Z,2,iter,1,feat,5325828,12358317, Quality Score Generation, 19.7961, sec
2023-08-22 13:43:08,947 [30] INFO  - 2023-08-22 13:40:24,F049,Z,2,iter,1,feat,5325828,12358317, Spots per feature calculation and feature filtration, 7.97663, sec
2023-08-22 13:43:08,947 [30] INFO  - 2023-08-22 13:40:44,F049,Z,2,iter,1,feat,5325828,12358317, Making Complete Code Target Calls, 18.2399, sec
2023-08-22 13:43:08,947 [30] INFO  - 2023-08-22 13:40:46,F049,Z,2,iter,1,feat,5325828,12358317, Target Call Location Estimation and iteration end update, 2.55061, sec
2023-08-22 13:43:08,947 [30] INFO  - 2023-08-22 13:40:47,F049,Z,2,iter,1,feat,5325828,12358317, Iteration summary generation, 0.959746, sec
2023-08-22 13:43:08,947 [30] INFO  - 2023-08-22 13:40:47,F049,Z,2,iter,1,feat,5325828,12358317, Iteration duration, 53.6385, sec
2023-08-22 13:43:08,947 [30] INFO  - 2023-08-22 13:40:47,F049,Z,2,iter,1,feat,5325828,12358317, Z slice processing duration, 130.423, sec
2023-08-22 13:43:08,947 [30] INFO  - 2023-08-22 13:41:03,F049,Z,3,iter,0,feat,4310352,16668669, Spot file data loading and filtration , 12.7691, sec
2023-08-22 13:43:08,947 [30] INFO  - 2023-08-22 13:41:07,F049,Z,3,iter,0,feat,4310352,16668669, Seed neighbor determination, 6.75705, sec
2023-08-22 13:43:08,947 [30] INFO  - 2023-08-22 13:41:12,F049,Z,3,iter,0,feat,4310352,16668669, Quality Score Generation, 17.696, sec
2023-08-22 13:43:08,947 [30] INFO  - 2023-08-22 13:41:20,F049,Z,3,iter,0,feat,4310352,16668669, Spots per feature calculation and feature filtration, 8.06924, sec
2023-08-22 13:43:08,947 [30] INFO  - 2023-08-22 13:41:33,F049,Z,3,iter,0,feat,4310352,16668669, Making Complete Code Target Calls, 11.6157, sec
2023-08-22 13:43:08,947 [30] INFO  - 2023-08-22 13:41:38,F049,Z,3,iter,0,feat,4310352,16668669, Target Call Location Estimation and iteration end update, 5.04632, sec
2023-08-22 13:43:08,947 [30] INFO  - 2023-08-22 13:41:38,F049,Z,3,iter,0,feat,4310352,16668669, Iteration summary generation, 0.032532, sec
2023-08-22 13:43:08,947 [30] INFO  - 2023-08-22 13:41:38,F049,Z,3,iter,0,feat,4310352,16668669, Iteration duration, 46.7144, sec
2023-08-22 13:43:08,947 [39] INFO  - 2023-08-22 13:41:40,F049,Z,3,iter,1,feat,4310352,16668669, Seed neighbor determination, 4.89543, sec
2023-08-22 13:43:08,947 [39] INFO  - 2023-08-22 13:41:46,F049,Z,3,iter,1,feat,4310352,16668669, Quality Score Generation, 18.3248, sec
2023-08-22 13:43:08,947 [39] INFO  - 2023-08-22 13:41:51,F049,Z,3,iter,1,feat,4310352,16668669, Spots per feature calculation and feature filtration, 5.32908, sec
2023-08-22 13:43:08,947 [39] INFO  - 2023-08-22 13:42:04,F049,Z,3,iter,1,feat,4310352,16668669, Making Complete Code Target Calls, 13.1476, sec
2023-08-22 13:43:08,947 [39] INFO  - 2023-08-22 13:42:08,F049,Z,3,iter,1,feat,4310352,16668669, Target Call Location Estimation and iteration end update, 3.56694, sec
2023-08-22 13:43:08,947 [39] INFO  - 2023-08-22 13:42:09,F049,Z,3,iter,1,feat,4310352,16668669, Iteration summary generation, 0.49093, sec
2023-08-22 13:43:08,947 [39] INFO  - 2023-08-22 13:42:09,F049,Z,3,iter,1,feat,4310352,16668669, Iteration duration, 43.679, sec
2023-08-22 13:43:08,947 [39] INFO  - 2023-08-22 13:42:09,F049,Z,3,iter,1,feat,4310352,16668669, Z slice processing duration, 106.547, sec
2023-08-22 13:43:08,947 [39] INFO  - 2023-08-22 13:42:22,F049,Z,4,iter,0,feat,3590608,20259277, Spot file data loading and filtration , 10.9525, sec
2023-08-22 13:43:08,947 [39] INFO  - 2023-08-22 13:42:25,F049,Z,4,iter,0,feat,3590608,20259277, Seed neighbor determination, 5.28162, sec
2023-08-22 13:43:08,947 [39] INFO  - 2023-08-22 13:42:30,F049,Z,4,iter,0,feat,3590608,20259277, Quality Score Generation, 12.7647, sec
2023-08-22 13:43:08,947 [39] INFO  - 2023-08-22 13:42:37,F049,Z,4,iter,0,feat,3590608,20259277, Spots per feature calculation and feature filtration, 7.16912, sec
2023-08-22 13:43:08,947 [39] INFO  - 2023-08-22 13:42:44,F049,Z,4,iter,0,feat,3590608,20259277, Making Complete Code Target Calls, 6.55121, sec
2023-08-22 13:43:08,947 [39] INFO  - 2023-08-22 13:42:47,F049,Z,4,iter,0,feat,3590608,20259277, Target Call Location Estimation and iteration end update, 3.2108, sec
2023-08-22 13:43:08,947 [39] INFO  - 2023-08-22 13:42:47,F049,Z,4,iter,0,feat,3590608,20259277, Iteration summary generation, 0.026943, sec
2023-08-22 13:43:08,947 [39] INFO  - 2023-08-22 13:42:47,F049,Z,4,iter,0,feat,3590608,20259277, Iteration duration, 32.9745, sec
2023-08-22 13:43:08,947 [39] INFO  - 2023-08-22 13:42:49,F049,Z,4,iter,1,feat,3590608,20259277, Seed neighbor determination, 4.5807, sec
2023-08-22 13:43:08,947 [39] INFO  - 2023-08-22 13:42:54,F049,Z,4,iter,1,feat,3590608,20259277, Quality Score Generation, 12.2744, sec
2023-08-22 13:43:08,947 [39] INFO  - 2023-08-22 13:42:58,F049,Z,4,iter,1,feat,3590608,20259277, Spots per feature calculation and feature filtration, 4.83056, sec
2023-08-22 13:44:48,275 [27] INFO  - 2023-08-22 13:43:08,F049,Z,4,iter,1,feat,3590608,20259277, Making Complete Code Target Calls, 9.79074, sec
2023-08-22 13:44:48,275 [27] INFO  - 2023-08-22 13:43:10,F049,Z,4,iter,1,feat,3590608,20259277, Target Call Location Estimation and iteration end update, 1.6612, sec
2023-08-22 13:44:48,275 [27] INFO  - 2023-08-22 13:43:10,F049,Z,4,iter,1,feat,3590608,20259277, Iteration summary generation, 0.308471, sec
2023-08-22 13:44:48,275 [27] INFO  - 2023-08-22 13:43:10,F049,Z,4,iter,1,feat,3590608,20259277, Iteration duration, 31.3568, sec
2023-08-22 13:44:48,275 [27] INFO  - 2023-08-22 13:43:10,F049,Z,4,iter,1,feat,3590608,20259277, Z slice processing duration, 77.7571, sec
2023-08-22 13:44:48,275 [27] INFO  - 2023-08-22 13:43:21,F049,Z,5,iter,0,feat,3035107,23294384, Spot file data loading and filtration , 8.42351, sec
2023-08-22 13:44:48,275 [27] INFO  - 2023-08-22 13:43:23,F049,Z,5,iter,0,feat,3035107,23294384, Seed neighbor determination, 3.52932, sec
2023-08-22 13:44:48,275 [27] INFO  - 2023-08-22 13:43:25,F049,Z,5,iter,0,feat,3035107,23294384, Quality Score Generation, 8.04279, sec
2023-08-22 13:44:48,275 [27] INFO  - 2023-08-22 13:43:31,F049,Z,5,iter,0,feat,3035107,23294384, Spots per feature calculation and feature filtration, 5.57484, sec
2023-08-22 13:44:48,275 [27] INFO  - 2023-08-22 13:43:39,F049,Z,5,iter,0,feat,3035107,23294384, Making Complete Code Target Calls, 7.50645, sec
2023-08-22 13:44:48,276 [39] INFO  - 2023-08-22 13:43:41,F049,Z,5,iter,0,feat,3035107,23294384, Target Call Location Estimation and iteration end update, 1.93129, sec
2023-08-22 13:44:48,276 [39] INFO  - 2023-08-22 13:43:41,F049,Z,5,iter,0,feat,3035107,23294384, Iteration summary generation, 0.020371, sec
2023-08-22 13:44:48,276 [39] INFO  - 2023-08-22 13:43:41,F049,Z,5,iter,0,feat,3035107,23294384, Iteration duration, 25.1261, sec
2023-08-22 13:44:48,276 [39] INFO  - 2023-08-22 13:43:43,F049,Z,5,iter,1,feat,3035107,23294384, Seed neighbor determination, 3.82913, sec
2023-08-22 13:44:48,276 [39] INFO  - 2023-08-22 13:43:45,F049,Z,5,iter,1,feat,3035107,23294384, Quality Score Generation, 8.61932, sec
2023-08-22 13:44:48,276 [39] INFO  - 2023-08-22 13:43:50,F049,Z,5,iter,1,feat,3035107,23294384, Spots per feature calculation and feature filtration, 4.82723, sec
2023-08-22 13:44:48,276 [39] INFO  - 2023-08-22 13:43:58,F049,Z,5,iter,1,feat,3035107,23294384, Making Complete Code Target Calls, 7.6803, sec
2023-08-22 13:44:48,276 [39] INFO  - 2023-08-22 13:43:59,F049,Z,5,iter,1,feat,3035107,23294384, Target Call Location Estimation and iteration end update, 0.629075, sec
2023-08-22 13:44:48,276 [39] INFO  - 2023-08-22 13:43:59,F049,Z,5,iter,1,feat,3035107,23294384, Iteration summary generation, 0.410106, sec
2023-08-22 13:44:48,276 [39] INFO  - 2023-08-22 13:43:59,F049,Z,5,iter,1,feat,3035107,23294384, Iteration duration, 24.5372, sec
2023-08-22 13:44:48,276 [39] INFO  - 2023-08-22 13:43:59,F049,Z,5,iter,1,feat,3035107,23294384, Z slice processing duration, 60.3999, sec
2023-08-22 13:44:48,276 [39] INFO  - 2023-08-22 13:44:10,F049,Z,6,iter,0,feat,2647697,25942081, Spot file data loading and filtration , 8.50439, sec
2023-08-22 13:44:48,276 [39] INFO  - 2023-08-22 13:44:11,F049,Z,6,iter,0,feat,2647697,25942081, Seed neighbor determination, 2.54743, sec
2023-08-22 13:44:48,276 [39] INFO  - 2023-08-22 13:44:13,F049,Z,6,iter,0,feat,2647697,25942081, Quality Score Generation, 6.98574, sec
2023-08-22 13:44:48,276 [39] INFO  - 2023-08-22 13:44:18,F049,Z,6,iter,0,feat,2647697,25942081, Spots per feature calculation and feature filtration, 4.93799, sec
2023-08-22 13:44:48,276 [39] INFO  - 2023-08-22 13:44:22,F049,Z,6,iter,0,feat,2647697,25942081, Making Complete Code Target Calls, 3.80146, sec
2023-08-22 13:44:48,276 [39] INFO  - 2023-08-22 13:44:23,F049,Z,6,iter,0,feat,2647697,25942081, Target Call Location Estimation and iteration end update, 1.0904, sec
2023-08-22 13:44:48,276 [39] INFO  - 2023-08-22 13:44:23,F049,Z,6,iter,0,feat,2647697,25942081, Iteration summary generation, 0.017168, sec
2023-08-22 13:44:48,276 [39] INFO  - 2023-08-22 13:44:23,F049,Z,6,iter,0,feat,2647697,25942081, Iteration duration, 18.4113, sec
2023-08-22 13:44:48,276 [39] INFO  - 2023-08-22 13:44:25,F049,Z,6,iter,1,feat,2647697,25942081, Seed neighbor determination, 3.12784, sec
2023-08-22 13:44:48,276 [39] INFO  - 2023-08-22 13:44:27,F049,Z,6,iter,1,feat,2647697,25942081, Quality Score Generation, 9.13062, sec
2023-08-22 13:44:48,276 [39] INFO  - 2023-08-22 13:44:30,F049,Z,6,iter,1,feat,2647697,25942081, Spots per feature calculation and feature filtration, 3.37078, sec
2023-08-22 13:44:48,276 [39] INFO  - 2023-08-22 13:44:36,F049,Z,6,iter,1,feat,2647697,25942081, Making Complete Code Target Calls, 5.02371, sec
2023-08-22 13:44:48,276 [39] INFO  - 2023-08-22 13:44:36,F049,Z,6,iter,1,feat,2647697,25942081, Target Call Location Estimation and iteration end update, 0.45584, sec
2023-08-22 13:44:48,276 [39] INFO  - 2023-08-22 13:44:36,F049,Z,6,iter,1,feat,2647697,25942081, Iteration summary generation, 0.295805, sec
2023-08-22 13:44:48,276 [39] INFO  - 2023-08-22 13:44:36,F049,Z,6,iter,1,feat,2647697,25942081, Iteration duration, 20.0664, sec
2023-08-22 13:44:48,276 [39] INFO  - 2023-08-22 13:44:36,F049,Z,6,iter,1,feat,2647697,25942081, Z slice processing duration, 48.9117, sec
2023-08-22 13:44:48,276 [39] INFO  - 2023-08-22 13:44:46,F049,Z,7,iter,0,feat,2512177,28454258, Spot file data loading and filtration , 8.51509, sec
2023-08-22 13:45:28,548 [27] INFO  - 2023-08-22 13:44:48,F049,Z,7,iter,0,feat,2512177,28454258, Seed neighbor determination, 2.56913, sec
2023-08-22 13:45:28,548 [27] INFO  - 2023-08-22 13:44:50,F049,Z,7,iter,0,feat,2512177,28454258, Quality Score Generation, 7.18878, sec
2023-08-22 13:45:28,548 [27] INFO  - 2023-08-22 13:44:53,F049,Z,7,iter,0,feat,2512177,28454258, Spots per feature calculation and feature filtration, 3.37431, sec
2023-08-22 13:45:28,548 [27] INFO  - 2023-08-22 13:44:57,F049,Z,7,iter,0,feat,2512177,28454258, Making Complete Code Target Calls, 3.62103, sec
2023-08-22 13:45:28,548 [27] INFO  - 2023-08-22 13:44:58,F049,Z,7,iter,0,feat,2512177,28454258, Target Call Location Estimation and iteration end update, 1.44342, sec
2023-08-22 13:45:28,548 [27] INFO  - 2023-08-22 13:44:58,F049,Z,7,iter,0,feat,2512177,28454258, Iteration summary generation, 0.019349, sec
2023-08-22 13:45:28,548 [27] INFO  - 2023-08-22 13:44:58,F049,Z,7,iter,0,feat,2512177,28454258, Iteration duration, 17.1738, sec
2023-08-22 13:45:28,548 [27] INFO  - 2023-08-22 13:45:00,F049,Z,7,iter,1,feat,2512177,28454258, Seed neighbor determination, 2.59288, sec
2023-08-22 13:45:28,548 [27] INFO  - 2023-08-22 13:45:02,F049,Z,7,iter,1,feat,2512177,28454258, Quality Score Generation, 8.35638, sec
2023-08-22 13:45:28,548 [27] INFO  - 2023-08-22 13:45:06,F049,Z,7,iter,1,feat,2512177,28454258, Spots per feature calculation and feature filtration, 3.71606, sec
2023-08-22 13:45:28,550 [39] INFO  - 2023-08-22 13:45:12,F049,Z,7,iter,1,feat,2512177,28454258, Making Complete Code Target Calls, 6.45682, sec
2023-08-22 13:45:28,550 [39] INFO  - 2023-08-22 13:45:13,F049,Z,7,iter,1,feat,2512177,28454258, Target Call Location Estimation and iteration end update, 0.448471, sec
2023-08-22 13:45:28,550 [39] INFO  - 2023-08-22 13:45:13,F049,Z,7,iter,1,feat,2512177,28454258, Iteration summary generation, 0.274329, sec
2023-08-22 13:45:28,550 [39] INFO  - 2023-08-22 13:45:13,F049,Z,7,iter,1,feat,2512177,28454258, Iteration duration, 20.8448, sec
2023-08-22 13:45:28,550 [39] INFO  - 2023-08-22 13:45:13,F049,Z,7,iter,1,feat,2512177,28454258, Z slice processing duration, 48.1157, sec
2023-08-22 13:45:28,550 [39] INFO  - 2023-08-22 13:45:17,F049,Z,8,iter,0,feat,1378469,29832727, Spot file data loading and filtration , 2.64456, sec
2023-08-22 13:45:28,550 [39] INFO  - 2023-08-22 13:45:18,F049,Z,8,iter,0,feat,1378469,29832727, Seed neighbor determination, 1.28027, sec
2023-08-22 13:45:28,550 [39] INFO  - 2023-08-22 13:45:18,F049,Z,8,iter,0,feat,1378469,29832727, Quality Score Generation, 2.08365, sec
2023-08-22 13:45:28,550 [39] INFO  - 2023-08-22 13:45:20,F049,Z,8,iter,0,feat,1378469,29832727, Spots per feature calculation and feature filtration, 1.42981, sec
2023-08-22 13:45:28,550 [39] INFO  - 2023-08-22 13:45:21,F049,Z,8,iter,0,feat,1378469,29832727, Making Complete Code Target Calls, 1.35394, sec
2023-08-22 13:45:28,550 [39] INFO  - 2023-08-22 13:45:21,F049,Z,8,iter,0,feat,1378469,29832727, Target Call Location Estimation and iteration end update, 0.472573, sec
2023-08-22 13:45:28,550 [39] INFO  - 2023-08-22 13:45:21,F049,Z,8,iter,0,feat,1378469,29832727, Iteration summary generation, 0.010663, sec
2023-08-22 13:45:28,550 [39] INFO  - 2023-08-22 13:45:21,F049,Z,8,iter,0,feat,1378469,29832727, Iteration duration, 6.09194, sec
2023-08-22 13:45:28,550 [39] INFO  - 2023-08-22 13:45:22,F049,Z,8,iter,1,feat,1378469,29832727, Seed neighbor determination, 1.6416, sec
2023-08-22 13:45:28,550 [39] INFO  - 2023-08-22 13:45:23,F049,Z,8,iter,1,feat,1378469,29832727, Quality Score Generation, 4.26031, sec
2023-08-22 13:45:28,550 [39] INFO  - 2023-08-22 13:45:25,F049,Z,8,iter,1,feat,1378469,29832727, Spots per feature calculation and feature filtration, 1.57936, sec
2023-08-22 13:45:28,550 [39] INFO  - 2023-08-22 13:45:27,F049,Z,8,iter,1,feat,1378469,29832727, Making Complete Code Target Calls, 1.45646, sec
2023-08-22 13:45:28,550 [39] INFO  - 2023-08-22 13:45:27,F049,Z,8,iter,1,feat,1378469,29832727, Target Call Location Estimation and iteration end update, 0.177481, sec
2023-08-22 13:45:28,550 [39] INFO  - 2023-08-22 13:45:27,F049,Z,8,iter,1,feat,1378469,29832727, Iteration summary generation, 0.127927, sec
2023-08-22 13:45:28,550 [39] INFO  - 2023-08-22 13:45:27,F049,Z,8,iter,1,feat,1378469,29832727, Iteration duration, 8.56576, sec
2023-08-22 13:45:28,550 [39] INFO  - 2023-08-22 13:45:27,F049,Z,8,iter,1,feat,1378469,29832727, Z slice processing duration, 18.61, sec
2023-08-22 13:45:28,550 [39] INFO  - 2023-08-22 13:45:28,F049,Z,8,iter,1,feat,1378469,29832727, FOV processing duration (final) , 649.316, sec
2023-08-22 13:45:28,560 [45] INFO  - Exited
2023-08-22 13:45:28,561 [45] INFO  - System.EventArgs
2023-08-22 13:45:28,561 [45] INFO  - { }
2023-08-22 13:45:28,562 [1] INFO  - mtmc run complete
2023-08-22 13:45:28,562 [1] INFO  - Zipping and uploading results...
2023-08-22 13:45:28,562 [1] INFO  - Uploading mtm results to storage.
2023-08-22 13:45:28,563 [1] INFO  - Start uploading /app/out/FOV049 to 892d9dcc-e56d-475c-8dee-2c395064223d/2302H0033/c9d29823-a69c-4328-a6b9-53e2b78fa3e3/Run_76ed1d6b-57d6-4076-9a09-09a6f1ded693_20230817_2302h0033_ControlCenter/20230817_175305/20230817_175305_S1/AnalysisResults/oxdwyv2woj/FOV049
2023-08-22 13:45:28,563 [1] INFO  - Executing with retries set to: 10
2023-08-22 13:45:29,965 [1] INFO  - Upload /app/out/FOV049 finished
2023-08-22 13:45:29,965 [1] INFO  - Results uploaded.
2023-08-22 13:45:29,965 [1] INFO  - All done
2023-08-22 13:45:29,965 [1] INFO  - Executing with retries set to: 10
2023-08-22 13:45:29,965 [1] INFO  - Setting fov oxdwyv2woj-g3isp into status Completed
2023-08-22 13:45:29,976 [1] INFO  - Saving a fov processing run: oxdwyv2woj-g3isp
2023-08-22 13:45:29,976 [1] INFO  - Updating an existing fov run.
2023-08-22 13:45:29,977 [1] INFO  - Uploading logs
2023-08-22 13:45:29,979 [1] INFO  - Start uploading 892d9dcc-e56d-475c-8dee-2c395064223d/2302H0033/c9d29823-a69c-4328-a6b9-53e2b78fa3e3/Run_76ed1d6b-57d6-4076-9a09-09a6f1ded693_20230817_2302h0033_ControlCenter/20230817_175305/20230817_175305_S1/AnalysisResults/oxdwyv2woj/FOV049/mtm-run.log
