2023-08-22 13:33:45,024 [1] INFO  - Using bucket s3-euw1-eu2-datarepository-eu2-eu2-kcl-01 and region eu-west-1
2023-08-22 13:33:45,060 [1] INFO  - Using role to access S3
2023-08-22 13:33:45,259 [1] INFO  - ===============================
2023-08-22 13:33:45,259 [1] INFO  - build info: 
commit 1860d865ce7409a4b25d5549a62e2b7be0a93d33
Author: alexander-serebriyan <alexander.serebriyan@teamdev.com>
Date:   Fri Feb 10 15:42:48 2023 +0100

    Add UAT env for ECR pushing.

Build done on: Fri Feb 10 14:46:39 UTC 2023
Version: 20230210.1

2023-08-22 13:33:45,259 [1] INFO  - ===============================
2023-08-22 13:33:45,259 [1] INFO  - Starting the job. Results will be uploaded to: 892d9dcc-e56d-475c-8dee-2c395064223d/2302H0033/c9d29823-a69c-4328-a6b9-53e2b78fa3e3/Run_76ed1d6b-57d6-4076-9a09-09a6f1ded693_20230817_2302h0033_ControlCenter/20230817_175305/20230817_175305_S1/AnalysisResults/oxdwyv2woj/FOV045
2023-08-22 13:33:45,259 [1] INFO  - Checking FOV status. Ref: oxdwyv2woj-ul669, ID: 892d9dcc-e56d-475c-8dee-2c395064223d/2302H0033/c9d29823-a69c-4328-a6b9-53e2b78fa3e3/Run_76ed1d6b-57d6-4076-9a09-09a6f1ded693_20230817_2302h0033_ControlCenter/20230817_175305/20230817_175305_S1/SpotFiles/FOV045/
2023-08-22 13:33:45,411 [1] INFO  - Executing with retries set to: 10
2023-08-22 13:33:45,411 [1] INFO  - Setting fov oxdwyv2woj-ul669 into status InProgress
2023-08-22 13:33:45,413 [1] INFO  - Saving a fov processing run: oxdwyv2woj-ul669
2023-08-22 13:33:45,413 [1] INFO  - Updating an existing fov run.
2023-08-22 13:33:45,451 [1] INFO  - Downloading FOV using next path: 892d9dcc-e56d-475c-8dee-2c395064223d/2302H0033/c9d29823-a69c-4328-a6b9-53e2b78fa3e3/Run_76ed1d6b-57d6-4076-9a09-09a6f1ded693_20230817_2302h0033_ControlCenter/20230817_175305/20230817_175305_S1/SpotFiles/FOV045/
2023-08-22 13:33:45,451 [1] INFO  - Start downloading 892d9dcc-e56d-475c-8dee-2c395064223d/2302H0033/c9d29823-a69c-4328-a6b9-53e2b78fa3e3/Run_76ed1d6b-57d6-4076-9a09-09a6f1ded693_20230817_2302h0033_ControlCenter/20230817_175305/20230817_175305_S1/SpotFiles/FOV045/
2023-08-22 13:33:45,451 [1] INFO  - Executing with retries set to: 10
2023-08-22 13:37:41,870 [1] INFO  - Download 892d9dcc-e56d-475c-8dee-2c395064223d/2302H0033/c9d29823-a69c-4328-a6b9-53e2b78fa3e3/Run_76ed1d6b-57d6-4076-9a09-09a6f1ded693_20230817_2302h0033_ControlCenter/20230817_175305/20230817_175305_S1/SpotFiles/FOV045/ complete
2023-08-22 13:37:41,870 [1] INFO  - Custom plex file specified. The default one will be overriden.
2023-08-22 13:37:41,870 [1] INFO  - Downloading plex file using next path: 892d9dcc-e56d-475c-8dee-2c395064223d/2302H0033/c9d29823-a69c-4328-a6b9-53e2b78fa3e3/Run_76ed1d6b-57d6-4076-9a09-09a6f1ded693_20230817_2302h0033_ControlCenter/20230817_175305/20230817_175305_S1/plex-oxdwyv2woj.txt
2023-08-22 13:37:41,870 [1] INFO  - Downloading 892d9dcc-e56d-475c-8dee-2c395064223d/2302H0033/c9d29823-a69c-4328-a6b9-53e2b78fa3e3/Run_76ed1d6b-57d6-4076-9a09-09a6f1ded693_20230817_2302h0033_ControlCenter/20230817_175305/20230817_175305_S1/plex-oxdwyv2woj.txt
2023-08-22 13:37:41,987 [1] INFO  - Download 892d9dcc-e56d-475c-8dee-2c395064223d/2302H0033/c9d29823-a69c-4328-a6b9-53e2b78fa3e3/Run_76ed1d6b-57d6-4076-9a09-09a6f1ded693_20230817_2302h0033_ControlCenter/20230817_175305/20230817_175305_S1/plex-oxdwyv2woj.txt finished
2023-08-22 13:37:41,987 [1] INFO  - No user params file specified. Trying to use the one from the storage.
2023-08-22 13:37:41,988 [1] INFO  - Downloading params file using next path: 892d9dcc-e56d-475c-8dee-2c395064223d/2302H0033/c9d29823-a69c-4328-a6b9-53e2b78fa3e3/Run_76ed1d6b-57d6-4076-9a09-09a6f1ded693_20230817_2302h0033_ControlCenter/20230817_175305/20230817_175305_S1/analysis_params_v6.txt
2023-08-22 13:37:41,988 [1] INFO  - Downloading 892d9dcc-e56d-475c-8dee-2c395064223d/2302H0033/c9d29823-a69c-4328-a6b9-53e2b78fa3e3/Run_76ed1d6b-57d6-4076-9a09-09a6f1ded693_20230817_2302h0033_ControlCenter/20230817_175305/20230817_175305_S1/analysis_params_v6.txt
2023-08-22 13:37:42,019 [1] ERROR -    at Amazon.Runtime.Internal.HttpErrorResponseExceptionHandler.HandleExceptionStream(IRequestContext requestContext, IWebResponseData httpErrorResponse, HttpErrorResponseException exception, Stream responseStream)
   at Amazon.Runtime.Internal.HttpErrorResponseExceptionHandler.HandleExceptionAsync(IExecutionContext executionContext, HttpErrorResponseException exception)
   at Amazon.Runtime.Internal.ExceptionHandler`1.HandleAsync(IExecutionContext executionContext, Exception exception)
   at Amazon.Runtime.Internal.ErrorHandler.ProcessExceptionAsync(IExecutionContext executionContext, Exception exception)
   at Amazon.Runtime.Internal.ErrorHandler.InvokeAsync[T](IExecutionContext executionContext)
   at Amazon.Runtime.Internal.CallbackHandler.InvokeAsync[T](IExecutionContext executionContext)
   at Amazon.Runtime.Internal.EndpointDiscoveryHandler.InvokeAsync[T](IExecutionContext executionContext)
   at Amazon.Runtime.Internal.EndpointDiscoveryHandler.InvokeAsync[T](IExecutionContext executionContext)
   at Amazon.Runtime.Internal.CredentialsRetriever.InvokeAsync[T](IExecutionContext executionContext)
   at Amazon.Runtime.Internal.RetryHandler.InvokeAsync[T](IExecutionContext executionContext)
   at Amazon.Runtime.Internal.RetryHandler.InvokeAsync[T](IExecutionContext executionContext)
   at Amazon.Runtime.Internal.CallbackHandler.InvokeAsync[T](IExecutionContext executionContext)
   at Amazon.Runtime.Internal.CallbackHandler.InvokeAsync[T](IExecutionContext executionContext)
   at Amazon.S3.Internal.AmazonS3ExceptionHandler.InvokeAsync[T](IExecutionContext executionContext)
   at Amazon.Runtime.Internal.ErrorCallbackHandler.InvokeAsync[T](IExecutionContext executionContext)
   at Amazon.Runtime.Internal.MetricsHandler.InvokeAsync[T](IExecutionContext executionContext)
   at Amazon.S3.Transfer.Internal.DownloadCommand.ExecuteAsync(CancellationToken cancellationToken)
   at Amazon.S3.Transfer.TransferUtility.Download(String filePath, String bucketName, String key)
   at Core.S3FileStorageService.DownloadFile(String remoteFilePath, String localFilePath) in /src/Core/S3FileStorageService.cs:line 67
   at MTMCWorker.Service.Impl.MtmcWorker.FetchParamsFile(String paramsFileRef, String flowCellPath) in /src/MTMCWorker/Service/Impl/MtmcWorker.cs:line 297
2023-08-22 13:37:42,019 [1] INFO  - Can't download params file next to nBCDir. Using the default one.
Amazon.S3.AmazonS3Exception: The specified key does not exist.
 ---> Amazon.Runtime.Internal.HttpErrorResponseException: Exception of type 'Amazon.Runtime.Internal.HttpErrorResponseException' was thrown.
   at Amazon.Runtime.HttpWebRequestMessage.GetResponseAsync(CancellationToken cancellationToken)
   at Amazon.Runtime.Internal.HttpHandler`1.InvokeAsync[T](IExecutionContext executionContext)
   at Amazon.Runtime.Internal.RedirectHandler.InvokeAsync[T](IExecutionContext executionContext)
   at Amazon.Runtime.Internal.Unmarshaller.InvokeAsync[T](IExecutionContext executionContext)
   at Amazon.S3.Internal.AmazonS3ResponseHandler.InvokeAsync[T](IExecutionContext executionContext)
   at Amazon.Runtime.Internal.ErrorHandler.InvokeAsync[T](IExecutionContext executionContext)
   --- End of inner exception stack trace ---
   at Amazon.Runtime.Internal.HttpErrorResponseExceptionHandler.HandleExceptionStream(IRequestContext requestContext, IWebResponseData httpErrorResponse, HttpErrorResponseException exception, Stream responseStream)
   at Amazon.Runtime.Internal.HttpErrorResponseExceptionHandler.HandleExceptionAsync(IExecutionContext executionContext, HttpErrorResponseException exception)
   at Amazon.Runtime.Internal.ExceptionHandler`1.HandleAsync(IExecutionContext executionContext, Exception exception)
   at Amazon.Runtime.Internal.ErrorHandler.ProcessExceptionAsync(IExecutionContext executionContext, Exception exception)
   at Amazon.Runtime.Internal.ErrorHandler.InvokeAsync[T](IExecutionContext executionContext)
   at Amazon.Runtime.Internal.CallbackHandler.InvokeAsync[T](IExecutionContext executionContext)
   at Amazon.Runtime.Internal.EndpointDiscoveryHandler.InvokeAsync[T](IExecutionContext executionContext)
   at Amazon.Runtime.Internal.EndpointDiscoveryHandler.InvokeAsync[T](IExecutionContext executionContext)
   at Amazon.Runtime.Internal.CredentialsRetriever.InvokeAsync[T](IExecutionContext executionContext)
   at Amazon.Runtime.Internal.RetryHandler.InvokeAsync[T](IExecutionContext executionContext)
   at Amazon.Runtime.Internal.RetryHandler.InvokeAsync[T](IExecutionContext executionContext)
   at Amazon.Runtime.Internal.CallbackHandler.InvokeAsync[T](IExecutionContext executionContext)
   at Amazon.Runtime.Internal.CallbackHandler.InvokeAsync[T](IExecutionContext executionContext)
   at Amazon.S3.Internal.AmazonS3ExceptionHandler.InvokeAsync[T](IExecutionContext executionContext)
   at Amazon.Runtime.Internal.ErrorCallbackHandler.InvokeAsync[T](IExecutionContext executionContext)
   at Amazon.Runtime.Internal.MetricsHandler.InvokeAsync[T](IExecutionContext executionContext)
   at Amazon.S3.Transfer.Internal.DownloadCommand.ExecuteAsync(CancellationToken cancellationToken)
   at Amazon.S3.Transfer.TransferUtility.Download(String filePath, String bucketName, String key)
   at Core.S3FileStorageService.DownloadFile(String remoteFilePath, String localFilePath) in /src/Core/S3FileStorageService.cs:line 67
   at MTMCWorker.Service.Impl.MtmcWorker.FetchParamsFile(String paramsFileRef, String flowCellPath) in /src/MTMCWorker/Service/Impl/MtmcWorker.cs:line 297
2023-08-22 13:37:42,022 [1] INFO  - Fetching CellStatsDir folder data...
2023-08-22 13:37:42,131 [1] INFO  - Downloading 892d9dcc-e56d-475c-8dee-2c395064223d/2302H0033/c9d29823-a69c-4328-a6b9-53e2b78fa3e3/Run_76ed1d6b-57d6-4076-9a09-09a6f1ded693_20230817_2302h0033_ControlCenter/20230817_175305/20230817_175305_S1/CellStatsDir/CellComposite/CellComposite_F045.jpg
2023-08-22 13:37:42,468 [1] INFO  - Download 892d9dcc-e56d-475c-8dee-2c395064223d/2302H0033/c9d29823-a69c-4328-a6b9-53e2b78fa3e3/Run_76ed1d6b-57d6-4076-9a09-09a6f1ded693_20230817_2302h0033_ControlCenter/20230817_175305/20230817_175305_S1/CellStatsDir/CellComposite/CellComposite_F045.jpg finished
2023-08-22 13:37:42,468 [1] INFO  - Downloading 892d9dcc-e56d-475c-8dee-2c395064223d/2302H0033/c9d29823-a69c-4328-a6b9-53e2b78fa3e3/Run_76ed1d6b-57d6-4076-9a09-09a6f1ded693_20230817_2302h0033_ControlCenter/20230817_175305/20230817_175305_S1/CellStatsDir/CellOverlay/CellOverlay_F045.jpg
2023-08-22 13:37:42,768 [1] INFO  - Download 892d9dcc-e56d-475c-8dee-2c395064223d/2302H0033/c9d29823-a69c-4328-a6b9-53e2b78fa3e3/Run_76ed1d6b-57d6-4076-9a09-09a6f1ded693_20230817_2302h0033_ControlCenter/20230817_175305/20230817_175305_S1/CellStatsDir/CellOverlay/CellOverlay_F045.jpg finished
2023-08-22 13:37:42,768 [1] INFO  - Downloading 892d9dcc-e56d-475c-8dee-2c395064223d/2302H0033/c9d29823-a69c-4328-a6b9-53e2b78fa3e3/Run_76ed1d6b-57d6-4076-9a09-09a6f1ded693_20230817_2302h0033_ControlCenter/20230817_175305/20230817_175305_S1/CellStatsDir/FOV045/CellLabels_F045.tif
2023-08-22 13:37:42,987 [1] INFO  - Download 892d9dcc-e56d-475c-8dee-2c395064223d/2302H0033/c9d29823-a69c-4328-a6b9-53e2b78fa3e3/Run_76ed1d6b-57d6-4076-9a09-09a6f1ded693_20230817_2302h0033_ControlCenter/20230817_175305/20230817_175305_S1/CellStatsDir/FOV045/CellLabels_F045.tif finished
2023-08-22 13:37:42,987 [1] INFO  - Downloading 892d9dcc-e56d-475c-8dee-2c395064223d/2302H0033/c9d29823-a69c-4328-a6b9-53e2b78fa3e3/Run_76ed1d6b-57d6-4076-9a09-09a6f1ded693_20230817_2302h0033_ControlCenter/20230817_175305/20230817_175305_S1/CellStatsDir/FOV045/CompartmentLabels_F045.tif
2023-08-22 13:37:43,158 [1] INFO  - Download 892d9dcc-e56d-475c-8dee-2c395064223d/2302H0033/c9d29823-a69c-4328-a6b9-53e2b78fa3e3/Run_76ed1d6b-57d6-4076-9a09-09a6f1ded693_20230817_2302h0033_ControlCenter/20230817_175305/20230817_175305_S1/CellStatsDir/FOV045/CompartmentLabels_F045.tif finished
2023-08-22 13:37:43,158 [1] INFO  - Downloading 892d9dcc-e56d-475c-8dee-2c395064223d/2302H0033/c9d29823-a69c-4328-a6b9-53e2b78fa3e3/Run_76ed1d6b-57d6-4076-9a09-09a6f1ded693_20230817_2302h0033_ControlCenter/20230817_175305/20230817_175305_S1/CellStatsDir/FOV045/Run_76ed1d6b-57d6-4076-9a09-09a6f1ded693_20230817_175305_S1_Cell_Stats_F045.csv
2023-08-22 13:37:43,350 [1] INFO  - Download 892d9dcc-e56d-475c-8dee-2c395064223d/2302H0033/c9d29823-a69c-4328-a6b9-53e2b78fa3e3/Run_76ed1d6b-57d6-4076-9a09-09a6f1ded693_20230817_2302h0033_ControlCenter/20230817_175305/20230817_175305_S1/CellStatsDir/FOV045/Run_76ed1d6b-57d6-4076-9a09-09a6f1ded693_20230817_175305_S1_Cell_Stats_F045.csv finished
2023-08-22 13:37:43,350 [1] INFO  - Downloading 892d9dcc-e56d-475c-8dee-2c395064223d/2302H0033/c9d29823-a69c-4328-a6b9-53e2b78fa3e3/Run_76ed1d6b-57d6-4076-9a09-09a6f1ded693_20230817_2302h0033_ControlCenter/20230817_175305/20230817_175305_S1/CellStatsDir/Morphology2D/20230817_175305_S1_C902_P99_N99_F045.TIF
2023-08-22 13:37:44,674 [1] INFO  - Download 892d9dcc-e56d-475c-8dee-2c395064223d/2302H0033/c9d29823-a69c-4328-a6b9-53e2b78fa3e3/Run_76ed1d6b-57d6-4076-9a09-09a6f1ded693_20230817_2302h0033_ControlCenter/20230817_175305/20230817_175305_S1/CellStatsDir/Morphology2D/20230817_175305_S1_C902_P99_N99_F045.TIF finished
2023-08-22 13:37:44,674 [1] INFO  - Downloading 892d9dcc-e56d-475c-8dee-2c395064223d/2302H0033/c9d29823-a69c-4328-a6b9-53e2b78fa3e3/Run_76ed1d6b-57d6-4076-9a09-09a6f1ded693_20230817_2302h0033_ControlCenter/20230817_175305/20230817_175305_S1/CellStatsDir/RnD/Run_76ed1d6b-57d6-4076-9a09-09a6f1ded693_20230817_175305_S1_Summary_F045.csv
2023-08-22 13:37:44,832 [1] INFO  - Download 892d9dcc-e56d-475c-8dee-2c395064223d/2302H0033/c9d29823-a69c-4328-a6b9-53e2b78fa3e3/Run_76ed1d6b-57d6-4076-9a09-09a6f1ded693_20230817_2302h0033_ControlCenter/20230817_175305/20230817_175305_S1/CellStatsDir/RnD/Run_76ed1d6b-57d6-4076-9a09-09a6f1ded693_20230817_175305_S1_Summary_F045.csv finished
2023-08-22 13:37:44,832 [1] INFO  - CellStatsDir data download complete.
2023-08-22 13:37:44,832 [1] INFO  - FOV downloaded successfully.
2023-08-22 13:37:44,832 [1] INFO  - Preparing dirs structure for mtmc
2023-08-22 13:37:44,832 [1] INFO  - Preparing mtmc input. FOV dir: FOV045
2023-08-22 13:37:44,835 [1] INFO  - Running mtmc...
2023-08-22 13:37:44,840 [13] INFO  - directory: "/app/input_data/"
2023-08-22 13:37:45,079 [13] INFO  - directory: "/app/out/FOV045/"
2023-08-22 13:39:20,142 [13] INFO  - 2023-08-22 13:37:45,F045,Z,0,iter,0,feat,0,0, Reading and combining input data, 0.026813, sec
2023-08-22 13:39:20,142 [13] INFO  - 2023-08-22 13:37:46,F045,Z,0,iter,0,feat,1631638,1631638, Spot file data loading and filtration , 1.84752, sec
2023-08-22 13:39:20,142 [13] INFO  - 2023-08-22 13:37:47,F045,Z,0,iter,0,feat,1631638,1631638, Seed neighbor determination, 1.50893, sec
2023-08-22 13:39:20,142 [13] INFO  - 2023-08-22 13:37:48,F045,Z,0,iter,0,feat,1631638,1631638, Quality Score Generation, 1.78764, sec
2023-08-22 13:39:20,142 [13] INFO  - 2023-08-22 13:37:50,F045,Z,0,iter,0,feat,1631638,1631638, Spots per feature calculation and feature filtration, 1.90148, sec
2023-08-22 13:39:20,142 [13] INFO  - 2023-08-22 13:37:50,F045,Z,0,iter,0,feat,1631638,1631638, Making Complete Code Target Calls, 0.502728, sec
2023-08-22 13:39:20,142 [13] INFO  - 2023-08-22 13:37:50,F045,Z,0,iter,0,feat,1631638,1631638, Target Call Location Estimation and iteration end update, 0.170615, sec
2023-08-22 13:39:20,142 [13] INFO  - 2023-08-22 13:37:50,F045,Z,0,iter,0,feat,1631638,1631638, Iteration summary generation, 0.00097, sec
2023-08-22 13:39:20,142 [13] INFO  - 2023-08-22 13:37:50,F045,Z,0,iter,0,feat,1631638,1631638, Iteration duration, 5.20171, sec
2023-08-22 13:39:20,142 [13] INFO  - 2023-08-22 13:37:51,F045,Z,0,iter,1,feat,1631638,1631638, Seed neighbor determination, 1.4434, sec
2023-08-22 13:39:20,142 [13] INFO  - 2023-08-22 13:37:52,F045,Z,0,iter,1,feat,1631638,1631638, Quality Score Generation, 2.2007, sec
2023-08-22 13:39:20,142 [13] INFO  - 2023-08-22 13:37:53,F045,Z,0,iter,1,feat,1631638,1631638, Spots per feature calculation and feature filtration, 1.76825, sec
2023-08-22 13:39:20,142 [13] INFO  - 2023-08-22 13:37:54,F045,Z,0,iter,1,feat,1631638,1631638, Making Complete Code Target Calls, 0.759788, sec
2023-08-22 13:39:20,142 [13] INFO  - 2023-08-22 13:37:54,F045,Z,0,iter,1,feat,1631638,1631638, Target Call Location Estimation and iteration end update, 0.15256, sec
2023-08-22 13:39:20,142 [13] INFO  - 2023-08-22 13:37:54,F045,Z,0,iter,1,feat,1631638,1631638, Iteration summary generation, 0.023125, sec
2023-08-22 13:39:20,142 [13] INFO  - 2023-08-22 13:37:54,F045,Z,0,iter,1,feat,1631638,1631638, Iteration duration, 5.71751, sec
2023-08-22 13:39:20,142 [13] INFO  - 2023-08-22 13:37:54,F045,Z,0,iter,1,feat,1631638,1631638, Z slice processing duration, 12.7691, sec
2023-08-22 13:39:20,142 [13] INFO  - 2023-08-22 13:38:08,F045,Z,1,iter,0,feat,5728933,7360571, Spot file data loading and filtration , 12.3992, sec
2023-08-22 13:39:20,142 [13] INFO  - 2023-08-22 13:38:10,F045,Z,1,iter,0,feat,5728933,7360571, Seed neighbor determination, 5.24152, sec
2023-08-22 13:39:20,142 [6] INFO  - 2023-08-22 13:38:12,F045,Z,1,iter,0,feat,5728933,7360571, Quality Score Generation, 8.17262, sec
2023-08-22 13:39:20,142 [6] INFO  - 2023-08-22 13:38:18,F045,Z,1,iter,0,feat,5728933,7360571, Spots per feature calculation and feature filtration, 5.80174, sec
2023-08-22 13:39:20,142 [6] INFO  - 2023-08-22 13:38:26,F045,Z,1,iter,0,feat,5728933,7360571, Making Complete Code Target Calls, 7.34288, sec
2023-08-22 13:39:20,142 [6] INFO  - 2023-08-22 13:38:28,F045,Z,1,iter,0,feat,5728933,7360571, Target Call Location Estimation and iteration end update, 1.82285, sec
2023-08-22 13:39:20,142 [6] INFO  - 2023-08-22 13:38:28,F045,Z,1,iter,0,feat,5728933,7360571, Iteration summary generation, 0.019216, sec
2023-08-22 13:39:20,142 [6] INFO  - 2023-08-22 13:38:28,F045,Z,1,iter,0,feat,5728933,7360571, Iteration duration, 26.0995, sec
2023-08-22 13:39:20,142 [6] INFO  - 2023-08-22 13:38:30,F045,Z,1,iter,1,feat,5728933,7360571, Seed neighbor determination, 5.35842, sec
2023-08-22 13:39:20,142 [6] INFO  - 2023-08-22 13:38:33,F045,Z,1,iter,1,feat,5728933,7360571, Quality Score Generation, 10.1812, sec
2023-08-22 13:39:20,142 [6] INFO  - 2023-08-22 13:38:37,F045,Z,1,iter,1,feat,5728933,7360571, Spots per feature calculation and feature filtration, 4.43792, sec
2023-08-22 13:39:20,142 [6] INFO  - 2023-08-22 13:38:47,F045,Z,1,iter,1,feat,5728933,7360571, Making Complete Code Target Calls, 9.09487, sec
2023-08-22 13:39:20,142 [6] INFO  - 2023-08-22 13:38:48,F045,Z,1,iter,1,feat,5728933,7360571, Target Call Location Estimation and iteration end update, 1.24148, sec
2023-08-22 13:39:20,142 [6] INFO  - 2023-08-22 13:38:48,F045,Z,1,iter,1,feat,5728933,7360571, Iteration summary generation, 0.382257, sec
2023-08-22 13:39:20,142 [6] INFO  - 2023-08-22 13:38:48,F045,Z,1,iter,1,feat,5728933,7360571, Iteration duration, 28.2819, sec
2023-08-22 13:39:20,142 [6] INFO  - 2023-08-22 13:38:48,F045,Z,1,iter,1,feat,5728933,7360571, Z slice processing duration, 67.5226, sec
2023-08-22 13:39:20,142 [6] INFO  - 2023-08-22 13:39:00,F045,Z,2,iter,0,feat,4938658,12299229, Spot file data loading and filtration , 9.49235, sec
2023-08-22 13:39:20,142 [6] INFO  - 2023-08-22 13:39:03,F045,Z,2,iter,0,feat,4938658,12299229, Seed neighbor determination, 4.60469, sec
2023-08-22 13:39:20,142 [6] INFO  - 2023-08-22 13:39:05,F045,Z,2,iter,0,feat,4938658,12299229, Quality Score Generation, 7.4649, sec
2023-08-22 13:39:20,142 [6] INFO  - 2023-08-22 13:39:10,F045,Z,2,iter,0,feat,4938658,12299229, Spots per feature calculation and feature filtration, 4.81802, sec
2023-08-22 13:39:20,142 [6] INFO  - 2023-08-22 13:39:18,F045,Z,2,iter,0,feat,4938658,12299229, Making Complete Code Target Calls, 7.9886, sec
2023-08-22 13:41:12,784 [13] INFO  - 2023-08-22 13:39:20,F045,Z,2,iter,0,feat,4938658,12299229, Target Call Location Estimation and iteration end update, 1.92766, sec
2023-08-22 13:41:12,784 [13] INFO  - 2023-08-22 13:39:20,F045,Z,2,iter,0,feat,4938658,12299229, Iteration summary generation, 0.032357, sec
2023-08-22 13:41:12,784 [13] INFO  - 2023-08-22 13:39:20,F045,Z,2,iter,0,feat,4938658,12299229, Iteration duration, 24.8241, sec
2023-08-22 13:41:12,784 [13] INFO  - 2023-08-22 13:39:22,F045,Z,2,iter,1,feat,4938658,12299229, Seed neighbor determination, 4.44332, sec
2023-08-22 13:41:12,784 [13] INFO  - 2023-08-22 13:39:24,F045,Z,2,iter,1,feat,4938658,12299229, Quality Score Generation, 8.89394, sec
2023-08-22 13:41:12,784 [13] INFO  - 2023-08-22 13:39:28,F045,Z,2,iter,1,feat,4938658,12299229, Spots per feature calculation and feature filtration, 3.75836, sec
2023-08-22 13:41:12,784 [13] INFO  - 2023-08-22 13:39:39,F045,Z,2,iter,1,feat,4938658,12299229, Making Complete Code Target Calls, 10.435, sec
2023-08-22 13:41:12,784 [13] INFO  - 2023-08-22 13:39:40,F045,Z,2,iter,1,feat,4938658,12299229, Target Call Location Estimation and iteration end update, 1.09658, sec
2023-08-22 13:41:12,784 [13] INFO  - 2023-08-22 13:39:40,F045,Z,2,iter,1,feat,4938658,12299229, Iteration summary generation, 0.593375, sec
2023-08-22 13:41:12,784 [13] INFO  - 2023-08-22 13:39:40,F045,Z,2,iter,1,feat,4938658,12299229, Iteration duration, 27.248, sec
2023-08-22 13:41:12,784 [13] INFO  - 2023-08-22 13:39:40,F045,Z,2,iter,1,feat,4938658,12299229, Z slice processing duration, 64.2719, sec
2023-08-22 13:41:12,784 [13] INFO  - 2023-08-22 13:39:53,F045,Z,3,iter,0,feat,4019108,16318337, Spot file data loading and filtration , 10.0061, sec
2023-08-22 13:41:12,784 [13] INFO  - 2023-08-22 13:39:55,F045,Z,3,iter,0,feat,4019108,16318337, Seed neighbor determination, 3.97999, sec
2023-08-22 13:41:12,784 [13] INFO  - 2023-08-22 13:39:57,F045,Z,3,iter,0,feat,4019108,16318337, Quality Score Generation, 9.25637, sec
2023-08-22 13:41:12,784 [13] INFO  - 2023-08-22 13:40:01,F045,Z,3,iter,0,feat,4019108,16318337, Spots per feature calculation and feature filtration, 4.06816, sec
2023-08-22 13:41:12,784 [13] INFO  - 2023-08-22 13:40:10,F045,Z,3,iter,0,feat,4019108,16318337, Making Complete Code Target Calls, 8.69317, sec
2023-08-22 13:41:12,784 [13] INFO  - 2023-08-22 13:40:12,F045,Z,3,iter,0,feat,4019108,16318337, Target Call Location Estimation and iteration end update, 2.24599, sec
2023-08-22 13:41:12,784 [13] INFO  - 2023-08-22 13:40:12,F045,Z,3,iter,0,feat,4019108,16318337, Iteration summary generation, 0.028543, sec
2023-08-22 13:41:12,784 [13] INFO  - 2023-08-22 13:40:12,F045,Z,3,iter,0,feat,4019108,16318337, Iteration duration, 26.547, sec
2023-08-22 13:41:12,784 [22] INFO  - 2023-08-22 13:40:14,F045,Z,3,iter,1,feat,4019108,16318337, Seed neighbor determination, 3.74467, sec
2023-08-22 13:41:12,784 [22] INFO  - 2023-08-22 13:40:16,F045,Z,3,iter,1,feat,4019108,16318337, Quality Score Generation, 8.00244, sec
2023-08-22 13:41:12,784 [22] INFO  - 2023-08-22 13:40:20,F045,Z,3,iter,1,feat,4019108,16318337, Spots per feature calculation and feature filtration, 3.49247, sec
2023-08-22 13:41:12,784 [22] INFO  - 2023-08-22 13:40:28,F045,Z,3,iter,1,feat,4019108,16318337, Making Complete Code Target Calls, 8.21956, sec
2023-08-22 13:41:12,784 [22] INFO  - 2023-08-22 13:40:32,F045,Z,3,iter,1,feat,4019108,16318337, Target Call Location Estimation and iteration end update, 3.63884, sec
2023-08-22 13:41:12,784 [22] INFO  - 2023-08-22 13:40:32,F045,Z,3,iter,1,feat,4019108,16318337, Iteration summary generation, 0.506636, sec
2023-08-22 13:41:12,784 [22] INFO  - 2023-08-22 13:40:32,F045,Z,3,iter,1,feat,4019108,16318337, Iteration duration, 25.9837, sec
2023-08-22 13:41:12,784 [22] INFO  - 2023-08-22 13:40:32,F045,Z,3,iter,1,feat,4019108,16318337, Z slice processing duration, 64.7877, sec
2023-08-22 13:41:12,784 [22] INFO  - 2023-08-22 13:40:45,F045,Z,4,iter,0,feat,3378225,19696562, Spot file data loading and filtration , 10.4508, sec
2023-08-22 13:41:12,785 [22] INFO  - 2023-08-22 13:40:46,F045,Z,4,iter,0,feat,3378225,19696562, Seed neighbor determination, 3.12499, sec
2023-08-22 13:41:12,785 [22] INFO  - 2023-08-22 13:40:48,F045,Z,4,iter,0,feat,3378225,19696562, Quality Score Generation, 5.35586, sec
2023-08-22 13:41:12,785 [22] INFO  - 2023-08-22 13:40:51,F045,Z,4,iter,0,feat,3378225,19696562, Spots per feature calculation and feature filtration, 3.22036, sec
2023-08-22 13:41:12,785 [22] INFO  - 2023-08-22 13:40:56,F045,Z,4,iter,0,feat,3378225,19696562, Making Complete Code Target Calls, 5.09805, sec
2023-08-22 13:41:12,785 [22] INFO  - 2023-08-22 13:40:57,F045,Z,4,iter,0,feat,3378225,19696562, Target Call Location Estimation and iteration end update, 1.29972, sec
2023-08-22 13:41:12,785 [22] INFO  - 2023-08-22 13:40:57,F045,Z,4,iter,0,feat,3378225,19696562, Iteration summary generation, 0.020514, sec
2023-08-22 13:41:12,785 [22] INFO  - 2023-08-22 13:40:57,F045,Z,4,iter,0,feat,3378225,19696562, Iteration duration, 16.7818, sec
2023-08-22 13:41:12,785 [22] INFO  - 2023-08-22 13:40:59,F045,Z,4,iter,1,feat,3378225,19696562, Seed neighbor determination, 3.0605, sec
2023-08-22 13:41:12,785 [22] INFO  - 2023-08-22 13:41:01,F045,Z,4,iter,1,feat,3378225,19696562, Quality Score Generation, 8.8375, sec
2023-08-22 13:41:12,785 [22] INFO  - 2023-08-22 13:41:05,F045,Z,4,iter,1,feat,3378225,19696562, Spots per feature calculation and feature filtration, 3.51357, sec
2023-08-22 13:42:29,020 [22] INFO  - 2023-08-22 13:41:12,F045,Z,4,iter,1,feat,3378225,19696562, Making Complete Code Target Calls, 7.3898, sec
2023-08-22 13:42:29,020 [22] INFO  - 2023-08-22 13:41:13,F045,Z,4,iter,1,feat,3378225,19696562, Target Call Location Estimation and iteration end update, 0.61601, sec
2023-08-22 13:42:29,020 [22] INFO  - 2023-08-22 13:41:13,F045,Z,4,iter,1,feat,3378225,19696562, Iteration summary generation, 0.317653, sec
2023-08-22 13:42:29,020 [22] INFO  - 2023-08-22 13:41:13,F045,Z,4,iter,1,feat,3378225,19696562, Iteration duration, 22.3995, sec
2023-08-22 13:42:29,020 [22] INFO  - 2023-08-22 13:41:13,F045,Z,4,iter,1,feat,3378225,19696562, Z slice processing duration, 51.5242, sec
2023-08-22 13:42:29,020 [22] INFO  - 2023-08-22 13:41:23,F045,Z,5,iter,0,feat,2883802,22580364, Spot file data loading and filtration , 8.64701, sec
2023-08-22 13:42:29,020 [22] INFO  - 2023-08-22 13:41:25,F045,Z,5,iter,0,feat,2883802,22580364, Seed neighbor determination, 2.7974, sec
2023-08-22 13:42:29,020 [22] INFO  - 2023-08-22 13:41:27,F045,Z,5,iter,0,feat,2883802,22580364, Quality Score Generation, 7.95883, sec
2023-08-22 13:42:29,020 [22] INFO  - 2023-08-22 13:41:30,F045,Z,5,iter,0,feat,2883802,22580364, Spots per feature calculation and feature filtration, 2.95945, sec
2023-08-22 13:42:29,020 [22] INFO  - 2023-08-22 13:41:36,F045,Z,5,iter,0,feat,2883802,22580364, Making Complete Code Target Calls, 6.03753, sec
2023-08-22 13:42:29,020 [22] INFO  - 2023-08-22 13:41:37,F045,Z,5,iter,0,feat,2883802,22580364, Target Call Location Estimation and iteration end update, 0.996203, sec
2023-08-22 13:42:29,020 [22] INFO  - 2023-08-22 13:41:37,F045,Z,5,iter,0,feat,2883802,22580364, Iteration summary generation, 0.017802, sec
2023-08-22 13:42:29,020 [22] INFO  - 2023-08-22 13:41:37,F045,Z,5,iter,0,feat,2883802,22580364, Iteration duration, 19.5963, sec
2023-08-22 13:42:29,020 [22] INFO  - 2023-08-22 13:41:38,F045,Z,5,iter,1,feat,2883802,22580364, Seed neighbor determination, 2.65597, sec
2023-08-22 13:42:29,020 [22] INFO  - 2023-08-22 13:41:40,F045,Z,5,iter,1,feat,2883802,22580364, Quality Score Generation, 6.2282, sec
2023-08-22 13:42:29,020 [22] INFO  - 2023-08-22 13:41:42,F045,Z,5,iter,1,feat,2883802,22580364, Spots per feature calculation and feature filtration, 2.32868, sec
2023-08-22 13:42:29,020 [22] INFO  - 2023-08-22 13:41:48,F045,Z,5,iter,1,feat,2883802,22580364, Making Complete Code Target Calls, 5.11583, sec
2023-08-22 13:42:29,020 [22] INFO  - 2023-08-22 13:41:49,F045,Z,5,iter,1,feat,2883802,22580364, Target Call Location Estimation and iteration end update, 1.2921, sec
2023-08-22 13:42:29,020 [22] INFO  - 2023-08-22 13:41:49,F045,Z,5,iter,1,feat,2883802,22580364, Iteration summary generation, 0.263251, sec
2023-08-22 13:42:29,021 [22] INFO  - 2023-08-22 13:41:49,F045,Z,5,iter,1,feat,2883802,22580364, Iteration duration, 16.7551, sec
2023-08-22 13:42:29,021 [22] INFO  - 2023-08-22 13:41:49,F045,Z,5,iter,1,feat,2883802,22580364, Z slice processing duration, 46.5424, sec
2023-08-22 13:42:29,021 [22] INFO  - 2023-08-22 13:41:57,F045,Z,6,iter,0,feat,2589595,25169959, Spot file data loading and filtration , 6.76251, sec
2023-08-22 13:42:29,021 [22] INFO  - 2023-08-22 13:41:58,F045,Z,6,iter,0,feat,2589595,25169959, Seed neighbor determination, 2.34511, sec
2023-08-22 13:42:29,021 [22] INFO  - 2023-08-22 13:42:00,F045,Z,6,iter,0,feat,2589595,25169959, Quality Score Generation, 4.11147, sec
2023-08-22 13:42:29,021 [22] INFO  - 2023-08-22 13:42:02,F045,Z,6,iter,0,feat,2589595,25169959, Spots per feature calculation and feature filtration, 2.47998, sec
2023-08-22 13:42:29,021 [22] INFO  - 2023-08-22 13:42:06,F045,Z,6,iter,0,feat,2589595,25169959, Making Complete Code Target Calls, 3.72283, sec
2023-08-22 13:42:29,021 [22] INFO  - 2023-08-22 13:42:07,F045,Z,6,iter,0,feat,2589595,25169959, Target Call Location Estimation and iteration end update, 0.856642, sec
2023-08-22 13:42:29,021 [22] INFO  - 2023-08-22 13:42:07,F045,Z,6,iter,0,feat,2589595,25169959, Iteration summary generation, 0.011616, sec
2023-08-22 13:42:29,021 [22] INFO  - 2023-08-22 13:42:07,F045,Z,6,iter,0,feat,2589595,25169959, Iteration duration, 12.526, sec
2023-08-22 13:42:29,021 [22] INFO  - 2023-08-22 13:42:08,F045,Z,6,iter,1,feat,2589595,25169959, Seed neighbor determination, 2.55382, sec
2023-08-22 13:42:29,021 [22] INFO  - 2023-08-22 13:42:10,F045,Z,6,iter,1,feat,2589595,25169959, Quality Score Generation, 6.43494, sec
2023-08-22 13:42:29,021 [22] INFO  - 2023-08-22 13:42:13,F045,Z,6,iter,1,feat,2589595,25169959, Spots per feature calculation and feature filtration, 3.35349, sec
2023-08-22 13:42:29,021 [22] INFO  - 2023-08-22 13:42:18,F045,Z,6,iter,1,feat,2589595,25169959, Making Complete Code Target Calls, 5.22175, sec
2023-08-22 13:42:29,021 [22] INFO  - 2023-08-22 13:42:19,F045,Z,6,iter,1,feat,2589595,25169959, Target Call Location Estimation and iteration end update, 0.610376, sec
2023-08-22 13:42:29,021 [22] INFO  - 2023-08-22 13:42:19,F045,Z,6,iter,1,feat,2589595,25169959, Iteration summary generation, 0.217603, sec
2023-08-22 13:42:29,021 [22] INFO  - 2023-08-22 13:42:19,F045,Z,6,iter,1,feat,2589595,25169959, Iteration duration, 17.3141, sec
2023-08-22 13:42:29,021 [22] INFO  - 2023-08-22 13:42:19,F045,Z,6,iter,1,feat,2589595,25169959, Z slice processing duration, 37.9403, sec
2023-08-22 13:42:29,021 [22] INFO  - 2023-08-22 13:42:27,F045,Z,7,iter,0,feat,2437081,27607040, Spot file data loading and filtration , 6.82005, sec
2023-08-22 13:42:57,329 [22] INFO  - 2023-08-22 13:42:28,F045,Z,7,iter,0,feat,2437081,27607040, Seed neighbor determination, 2.20198, sec
2023-08-22 13:42:57,329 [22] INFO  - 2023-08-22 13:42:29,F045,Z,7,iter,0,feat,2437081,27607040, Quality Score Generation, 3.67424, sec
2023-08-22 13:42:57,329 [22] INFO  - 2023-08-22 13:42:32,F045,Z,7,iter,0,feat,2437081,27607040, Spots per feature calculation and feature filtration, 2.51294, sec
2023-08-22 13:42:57,329 [22] INFO  - 2023-08-22 13:42:36,F045,Z,7,iter,0,feat,2437081,27607040, Making Complete Code Target Calls, 3.78133, sec
2023-08-22 13:42:57,329 [22] INFO  - 2023-08-22 13:42:37,F045,Z,7,iter,0,feat,2437081,27607040, Target Call Location Estimation and iteration end update, 0.967694, sec
2023-08-22 13:42:57,329 [22] INFO  - 2023-08-22 13:42:37,F045,Z,7,iter,0,feat,2437081,27607040, Iteration summary generation, 0.016031, sec
2023-08-22 13:42:57,329 [22] INFO  - 2023-08-22 13:42:37,F045,Z,7,iter,0,feat,2437081,27607040, Iteration duration, 12.2367, sec
2023-08-22 13:42:57,329 [22] INFO  - 2023-08-22 13:42:38,F045,Z,7,iter,1,feat,2437081,27607040, Seed neighbor determination, 2.91765, sec
2023-08-22 13:42:57,329 [22] INFO  - 2023-08-22 13:42:41,F045,Z,7,iter,1,feat,2437081,27607040, Quality Score Generation, 7.66035, sec
2023-08-22 13:42:57,330 [22] INFO  - 2023-08-22 13:42:43,F045,Z,7,iter,1,feat,2437081,27607040, Spots per feature calculation and feature filtration, 2.23648, sec
2023-08-22 13:42:57,330 [22] INFO  - 2023-08-22 13:42:47,F045,Z,7,iter,1,feat,2437081,27607040, Making Complete Code Target Calls, 4.08436, sec
2023-08-22 13:42:57,330 [22] INFO  - 2023-08-22 13:42:47,F045,Z,7,iter,1,feat,2437081,27607040, Target Call Location Estimation and iteration end update, 0.413855, sec
2023-08-22 13:42:57,330 [22] INFO  - 2023-08-22 13:42:48,F045,Z,7,iter,1,feat,2437081,27607040, Iteration summary generation, 0.182209, sec
2023-08-22 13:42:57,330 [22] INFO  - 2023-08-22 13:42:48,F045,Z,7,iter,1,feat,2437081,27607040, Iteration duration, 16.2197, sec
2023-08-22 13:42:57,330 [22] INFO  - 2023-08-22 13:42:48,F045,Z,7,iter,1,feat,2437081,27607040, Z slice processing duration, 36.5663, sec
2023-08-22 13:42:57,330 [22] INFO  - 2023-08-22 13:42:50,F045,Z,8,iter,0,feat,935861,28542901, Spot file data loading and filtration , 0.875336, sec
2023-08-22 13:42:57,330 [22] INFO  - 2023-08-22 13:42:50,F045,Z,8,iter,0,feat,935861,28542901, Seed neighbor determination, 0.841583, sec
2023-08-22 13:42:57,330 [22] INFO  - 2023-08-22 13:42:51,F045,Z,8,iter,0,feat,935861,28542901, Quality Score Generation, 1.45541, sec
2023-08-22 13:42:57,330 [22] INFO  - 2023-08-22 13:42:52,F045,Z,8,iter,0,feat,935861,28542901, Spots per feature calculation and feature filtration, 0.989144, sec
2023-08-22 13:42:57,330 [13] INFO  - 2023-08-22 13:42:53,F045,Z,8,iter,0,feat,935861,28542901, Making Complete Code Target Calls, 0.754743, sec
2023-08-22 13:42:57,330 [13] INFO  - 2023-08-22 13:42:53,F045,Z,8,iter,0,feat,935861,28542901, Target Call Location Estimation and iteration end update, 0.245396, sec
2023-08-22 13:42:57,330 [13] INFO  - 2023-08-22 13:42:53,F045,Z,8,iter,0,feat,935861,28542901, Iteration summary generation, 0.003717, sec
2023-08-22 13:42:57,330 [13] INFO  - 2023-08-22 13:42:53,F045,Z,8,iter,0,feat,935861,28542901, Iteration duration, 3.94048, sec
2023-08-22 13:42:57,330 [13] INFO  - 2023-08-22 13:42:53,F045,Z,8,iter,1,feat,935861,28542901, Seed neighbor determination, 0.800753, sec
2023-08-22 13:42:57,330 [13] INFO  - 2023-08-22 13:42:54,F045,Z,8,iter,1,feat,935861,28542901, Quality Score Generation, 1.44099, sec
2023-08-22 13:42:57,330 [13] INFO  - 2023-08-22 13:42:54,F045,Z,8,iter,1,feat,935861,28542901, Spots per feature calculation and feature filtration, 0.800742, sec
2023-08-22 13:42:57,330 [13] INFO  - 2023-08-22 13:42:55,F045,Z,8,iter,1,feat,935861,28542901, Making Complete Code Target Calls, 0.917525, sec
2023-08-22 13:42:57,330 [13] INFO  - 2023-08-22 13:42:55,F045,Z,8,iter,1,feat,935861,28542901, Target Call Location Estimation and iteration end update, 0.129177, sec
2023-08-22 13:42:57,330 [13] INFO  - 2023-08-22 13:42:56,F045,Z,8,iter,1,feat,935861,28542901, Iteration summary generation, 0.111598, sec
2023-08-22 13:42:57,330 [13] INFO  - 2023-08-22 13:42:56,F045,Z,8,iter,1,feat,935861,28542901, Iteration duration, 3.87398, sec
2023-08-22 13:42:57,330 [13] INFO  - 2023-08-22 13:42:56,F045,Z,8,iter,1,feat,935861,28542901, Z slice processing duration, 10.1532, sec
2023-08-22 13:42:57,330 [13] INFO  - 2023-08-22 13:42:57,F045,Z,8,iter,1,feat,935861,28542901, FOV processing duration (final) , 393.342, sec
2023-08-22 13:42:57,343 [22] INFO  - Exited
2023-08-22 13:42:57,343 [22] INFO  - System.EventArgs
2023-08-22 13:42:57,344 [22] INFO  - { }
2023-08-22 13:42:57,345 [1] INFO  - mtmc run complete
2023-08-22 13:42:57,345 [1] INFO  - Zipping and uploading results...
2023-08-22 13:42:57,345 [1] INFO  - Uploading mtm results to storage.
2023-08-22 13:42:57,346 [1] INFO  - Start uploading /app/out/FOV045 to 892d9dcc-e56d-475c-8dee-2c395064223d/2302H0033/c9d29823-a69c-4328-a6b9-53e2b78fa3e3/Run_76ed1d6b-57d6-4076-9a09-09a6f1ded693_20230817_2302h0033_ControlCenter/20230817_175305/20230817_175305_S1/AnalysisResults/oxdwyv2woj/FOV045
2023-08-22 13:42:57,346 [1] INFO  - Executing with retries set to: 10
2023-08-22 13:42:58,824 [1] INFO  - Upload /app/out/FOV045 finished
2023-08-22 13:42:58,824 [1] INFO  - Results uploaded.
2023-08-22 13:42:58,824 [1] INFO  - All done
2023-08-22 13:42:58,824 [1] INFO  - Executing with retries set to: 10
2023-08-22 13:42:58,824 [1] INFO  - Setting fov oxdwyv2woj-ul669 into status Completed
2023-08-22 13:42:58,827 [1] INFO  - Saving a fov processing run: oxdwyv2woj-ul669
2023-08-22 13:42:58,827 [1] INFO  - Updating an existing fov run.
2023-08-22 13:42:58,829 [1] INFO  - Uploading logs
2023-08-22 13:42:58,830 [1] INFO  - Start uploading 892d9dcc-e56d-475c-8dee-2c395064223d/2302H0033/c9d29823-a69c-4328-a6b9-53e2b78fa3e3/Run_76ed1d6b-57d6-4076-9a09-09a6f1ded693_20230817_2302h0033_ControlCenter/20230817_175305/20230817_175305_S1/AnalysisResults/oxdwyv2woj/FOV045/mtm-run.log
