2023-08-22 13:35:49,894 [1] INFO  - Using bucket s3-euw1-eu2-datarepository-eu2-eu2-kcl-01 and region eu-west-1
2023-08-22 13:35:49,935 [1] INFO  - Using role to access S3
2023-08-22 13:35:50,145 [1] INFO  - ===============================
2023-08-22 13:35:50,145 [1] INFO  - build info: 
commit 1860d865ce7409a4b25d5549a62e2b7be0a93d33
Author: alexander-serebriyan <alexander.serebriyan@teamdev.com>
Date:   Fri Feb 10 15:42:48 2023 +0100

    Add UAT env for ECR pushing.

Build done on: Fri Feb 10 14:46:39 UTC 2023
Version: 20230210.1

2023-08-22 13:35:50,145 [1] INFO  - ===============================
2023-08-22 13:35:50,145 [1] INFO  - Starting the job. Results will be uploaded to: 892d9dcc-e56d-475c-8dee-2c395064223d/2302H0033/c9d29823-a69c-4328-a6b9-53e2b78fa3e3/Run_76ed1d6b-57d6-4076-9a09-09a6f1ded693_20230817_2302h0033_ControlCenter/20230817_175305/20230817_175305_S1/AnalysisResults/oxdwyv2woj/FOV034
2023-08-22 13:35:50,145 [1] INFO  - Checking FOV status. Ref: oxdwyv2woj-z9h35, ID: 892d9dcc-e56d-475c-8dee-2c395064223d/2302H0033/c9d29823-a69c-4328-a6b9-53e2b78fa3e3/Run_76ed1d6b-57d6-4076-9a09-09a6f1ded693_20230817_2302h0033_ControlCenter/20230817_175305/20230817_175305_S1/SpotFiles/FOV034/
2023-08-22 13:35:50,296 [1] INFO  - Executing with retries set to: 10
2023-08-22 13:35:50,296 [1] INFO  - Setting fov oxdwyv2woj-z9h35 into status InProgress
2023-08-22 13:35:50,298 [1] INFO  - Saving a fov processing run: oxdwyv2woj-z9h35
2023-08-22 13:35:50,298 [1] INFO  - Updating an existing fov run.
2023-08-22 13:35:50,331 [1] INFO  - Downloading FOV using next path: 892d9dcc-e56d-475c-8dee-2c395064223d/2302H0033/c9d29823-a69c-4328-a6b9-53e2b78fa3e3/Run_76ed1d6b-57d6-4076-9a09-09a6f1ded693_20230817_2302h0033_ControlCenter/20230817_175305/20230817_175305_S1/SpotFiles/FOV034/
2023-08-22 13:35:50,332 [1] INFO  - Start downloading 892d9dcc-e56d-475c-8dee-2c395064223d/2302H0033/c9d29823-a69c-4328-a6b9-53e2b78fa3e3/Run_76ed1d6b-57d6-4076-9a09-09a6f1ded693_20230817_2302h0033_ControlCenter/20230817_175305/20230817_175305_S1/SpotFiles/FOV034/
2023-08-22 13:35:50,332 [1] INFO  - Executing with retries set to: 10
2023-08-22 13:39:27,918 [1] INFO  - Download 892d9dcc-e56d-475c-8dee-2c395064223d/2302H0033/c9d29823-a69c-4328-a6b9-53e2b78fa3e3/Run_76ed1d6b-57d6-4076-9a09-09a6f1ded693_20230817_2302h0033_ControlCenter/20230817_175305/20230817_175305_S1/SpotFiles/FOV034/ complete
2023-08-22 13:39:27,918 [1] INFO  - Custom plex file specified. The default one will be overriden.
2023-08-22 13:39:27,918 [1] INFO  - Downloading plex file using next path: 892d9dcc-e56d-475c-8dee-2c395064223d/2302H0033/c9d29823-a69c-4328-a6b9-53e2b78fa3e3/Run_76ed1d6b-57d6-4076-9a09-09a6f1ded693_20230817_2302h0033_ControlCenter/20230817_175305/20230817_175305_S1/plex-oxdwyv2woj.txt
2023-08-22 13:39:27,918 [1] INFO  - Downloading 892d9dcc-e56d-475c-8dee-2c395064223d/2302H0033/c9d29823-a69c-4328-a6b9-53e2b78fa3e3/Run_76ed1d6b-57d6-4076-9a09-09a6f1ded693_20230817_2302h0033_ControlCenter/20230817_175305/20230817_175305_S1/plex-oxdwyv2woj.txt
2023-08-22 13:39:28,034 [1] INFO  - Download 892d9dcc-e56d-475c-8dee-2c395064223d/2302H0033/c9d29823-a69c-4328-a6b9-53e2b78fa3e3/Run_76ed1d6b-57d6-4076-9a09-09a6f1ded693_20230817_2302h0033_ControlCenter/20230817_175305/20230817_175305_S1/plex-oxdwyv2woj.txt finished
2023-08-22 13:39:28,034 [1] INFO  - No user params file specified. Trying to use the one from the storage.
2023-08-22 13:39:28,034 [1] INFO  - Downloading params file using next path: 892d9dcc-e56d-475c-8dee-2c395064223d/2302H0033/c9d29823-a69c-4328-a6b9-53e2b78fa3e3/Run_76ed1d6b-57d6-4076-9a09-09a6f1ded693_20230817_2302h0033_ControlCenter/20230817_175305/20230817_175305_S1/analysis_params_v6.txt
2023-08-22 13:39:28,034 [1] INFO  - Downloading 892d9dcc-e56d-475c-8dee-2c395064223d/2302H0033/c9d29823-a69c-4328-a6b9-53e2b78fa3e3/Run_76ed1d6b-57d6-4076-9a09-09a6f1ded693_20230817_2302h0033_ControlCenter/20230817_175305/20230817_175305_S1/analysis_params_v6.txt
2023-08-22 13:39:28,067 [1] ERROR -    at Amazon.Runtime.Internal.HttpErrorResponseExceptionHandler.HandleExceptionStream(IRequestContext requestContext, IWebResponseData httpErrorResponse, HttpErrorResponseException exception, Stream responseStream)
   at Amazon.Runtime.Internal.HttpErrorResponseExceptionHandler.HandleExceptionAsync(IExecutionContext executionContext, HttpErrorResponseException exception)
   at Amazon.Runtime.Internal.ExceptionHandler`1.HandleAsync(IExecutionContext executionContext, Exception exception)
   at Amazon.Runtime.Internal.ErrorHandler.ProcessExceptionAsync(IExecutionContext executionContext, Exception exception)
   at Amazon.Runtime.Internal.ErrorHandler.InvokeAsync[T](IExecutionContext executionContext)
   at Amazon.Runtime.Internal.CallbackHandler.InvokeAsync[T](IExecutionContext executionContext)
   at Amazon.Runtime.Internal.EndpointDiscoveryHandler.InvokeAsync[T](IExecutionContext executionContext)
   at Amazon.Runtime.Internal.EndpointDiscoveryHandler.InvokeAsync[T](IExecutionContext executionContext)
   at Amazon.Runtime.Internal.CredentialsRetriever.InvokeAsync[T](IExecutionContext executionContext)
   at Amazon.Runtime.Internal.RetryHandler.InvokeAsync[T](IExecutionContext executionContext)
   at Amazon.Runtime.Internal.RetryHandler.InvokeAsync[T](IExecutionContext executionContext)
   at Amazon.Runtime.Internal.CallbackHandler.InvokeAsync[T](IExecutionContext executionContext)
   at Amazon.Runtime.Internal.CallbackHandler.InvokeAsync[T](IExecutionContext executionContext)
   at Amazon.S3.Internal.AmazonS3ExceptionHandler.InvokeAsync[T](IExecutionContext executionContext)
   at Amazon.Runtime.Internal.ErrorCallbackHandler.InvokeAsync[T](IExecutionContext executionContext)
   at Amazon.Runtime.Internal.MetricsHandler.InvokeAsync[T](IExecutionContext executionContext)
   at Amazon.S3.Transfer.Internal.DownloadCommand.ExecuteAsync(CancellationToken cancellationToken)
   at Amazon.S3.Transfer.TransferUtility.Download(String filePath, String bucketName, String key)
   at Core.S3FileStorageService.DownloadFile(String remoteFilePath, String localFilePath) in /src/Core/S3FileStorageService.cs:line 67
   at MTMCWorker.Service.Impl.MtmcWorker.FetchParamsFile(String paramsFileRef, String flowCellPath) in /src/MTMCWorker/Service/Impl/MtmcWorker.cs:line 297
2023-08-22 13:39:28,067 [1] INFO  - Can't download params file next to nBCDir. Using the default one.
Amazon.S3.AmazonS3Exception: The specified key does not exist.
 ---> Amazon.Runtime.Internal.HttpErrorResponseException: Exception of type 'Amazon.Runtime.Internal.HttpErrorResponseException' was thrown.
   at Amazon.Runtime.HttpWebRequestMessage.GetResponseAsync(CancellationToken cancellationToken)
   at Amazon.Runtime.Internal.HttpHandler`1.InvokeAsync[T](IExecutionContext executionContext)
   at Amazon.Runtime.Internal.RedirectHandler.InvokeAsync[T](IExecutionContext executionContext)
   at Amazon.Runtime.Internal.Unmarshaller.InvokeAsync[T](IExecutionContext executionContext)
   at Amazon.S3.Internal.AmazonS3ResponseHandler.InvokeAsync[T](IExecutionContext executionContext)
   at Amazon.Runtime.Internal.ErrorHandler.InvokeAsync[T](IExecutionContext executionContext)
   --- End of inner exception stack trace ---
   at Amazon.Runtime.Internal.HttpErrorResponseExceptionHandler.HandleExceptionStream(IRequestContext requestContext, IWebResponseData httpErrorResponse, HttpErrorResponseException exception, Stream responseStream)
   at Amazon.Runtime.Internal.HttpErrorResponseExceptionHandler.HandleExceptionAsync(IExecutionContext executionContext, HttpErrorResponseException exception)
   at Amazon.Runtime.Internal.ExceptionHandler`1.HandleAsync(IExecutionContext executionContext, Exception exception)
   at Amazon.Runtime.Internal.ErrorHandler.ProcessExceptionAsync(IExecutionContext executionContext, Exception exception)
   at Amazon.Runtime.Internal.ErrorHandler.InvokeAsync[T](IExecutionContext executionContext)
   at Amazon.Runtime.Internal.CallbackHandler.InvokeAsync[T](IExecutionContext executionContext)
   at Amazon.Runtime.Internal.EndpointDiscoveryHandler.InvokeAsync[T](IExecutionContext executionContext)
   at Amazon.Runtime.Internal.EndpointDiscoveryHandler.InvokeAsync[T](IExecutionContext executionContext)
   at Amazon.Runtime.Internal.CredentialsRetriever.InvokeAsync[T](IExecutionContext executionContext)
   at Amazon.Runtime.Internal.RetryHandler.InvokeAsync[T](IExecutionContext executionContext)
   at Amazon.Runtime.Internal.RetryHandler.InvokeAsync[T](IExecutionContext executionContext)
   at Amazon.Runtime.Internal.CallbackHandler.InvokeAsync[T](IExecutionContext executionContext)
   at Amazon.Runtime.Internal.CallbackHandler.InvokeAsync[T](IExecutionContext executionContext)
   at Amazon.S3.Internal.AmazonS3ExceptionHandler.InvokeAsync[T](IExecutionContext executionContext)
   at Amazon.Runtime.Internal.ErrorCallbackHandler.InvokeAsync[T](IExecutionContext executionContext)
   at Amazon.Runtime.Internal.MetricsHandler.InvokeAsync[T](IExecutionContext executionContext)
   at Amazon.S3.Transfer.Internal.DownloadCommand.ExecuteAsync(CancellationToken cancellationToken)
   at Amazon.S3.Transfer.TransferUtility.Download(String filePath, String bucketName, String key)
   at Core.S3FileStorageService.DownloadFile(String remoteFilePath, String localFilePath) in /src/Core/S3FileStorageService.cs:line 67
   at MTMCWorker.Service.Impl.MtmcWorker.FetchParamsFile(String paramsFileRef, String flowCellPath) in /src/MTMCWorker/Service/Impl/MtmcWorker.cs:line 297
2023-08-22 13:39:28,070 [1] INFO  - Fetching CellStatsDir folder data...
2023-08-22 13:39:28,152 [1] INFO  - Downloading 892d9dcc-e56d-475c-8dee-2c395064223d/2302H0033/c9d29823-a69c-4328-a6b9-53e2b78fa3e3/Run_76ed1d6b-57d6-4076-9a09-09a6f1ded693_20230817_2302h0033_ControlCenter/20230817_175305/20230817_175305_S1/CellStatsDir/CellComposite/CellComposite_F034.jpg
2023-08-22 13:39:28,370 [1] INFO  - Download 892d9dcc-e56d-475c-8dee-2c395064223d/2302H0033/c9d29823-a69c-4328-a6b9-53e2b78fa3e3/Run_76ed1d6b-57d6-4076-9a09-09a6f1ded693_20230817_2302h0033_ControlCenter/20230817_175305/20230817_175305_S1/CellStatsDir/CellComposite/CellComposite_F034.jpg finished
2023-08-22 13:39:28,370 [1] INFO  - Downloading 892d9dcc-e56d-475c-8dee-2c395064223d/2302H0033/c9d29823-a69c-4328-a6b9-53e2b78fa3e3/Run_76ed1d6b-57d6-4076-9a09-09a6f1ded693_20230817_2302h0033_ControlCenter/20230817_175305/20230817_175305_S1/CellStatsDir/CellOverlay/CellOverlay_F034.jpg
2023-08-22 13:39:28,670 [1] INFO  - Download 892d9dcc-e56d-475c-8dee-2c395064223d/2302H0033/c9d29823-a69c-4328-a6b9-53e2b78fa3e3/Run_76ed1d6b-57d6-4076-9a09-09a6f1ded693_20230817_2302h0033_ControlCenter/20230817_175305/20230817_175305_S1/CellStatsDir/CellOverlay/CellOverlay_F034.jpg finished
2023-08-22 13:39:28,670 [1] INFO  - Downloading 892d9dcc-e56d-475c-8dee-2c395064223d/2302H0033/c9d29823-a69c-4328-a6b9-53e2b78fa3e3/Run_76ed1d6b-57d6-4076-9a09-09a6f1ded693_20230817_2302h0033_ControlCenter/20230817_175305/20230817_175305_S1/CellStatsDir/FOV034/CellLabels_F034.tif
2023-08-22 13:39:28,851 [1] INFO  - Download 892d9dcc-e56d-475c-8dee-2c395064223d/2302H0033/c9d29823-a69c-4328-a6b9-53e2b78fa3e3/Run_76ed1d6b-57d6-4076-9a09-09a6f1ded693_20230817_2302h0033_ControlCenter/20230817_175305/20230817_175305_S1/CellStatsDir/FOV034/CellLabels_F034.tif finished
2023-08-22 13:39:28,851 [1] INFO  - Downloading 892d9dcc-e56d-475c-8dee-2c395064223d/2302H0033/c9d29823-a69c-4328-a6b9-53e2b78fa3e3/Run_76ed1d6b-57d6-4076-9a09-09a6f1ded693_20230817_2302h0033_ControlCenter/20230817_175305/20230817_175305_S1/CellStatsDir/FOV034/CompartmentLabels_F034.tif
2023-08-22 13:39:29,043 [1] INFO  - Download 892d9dcc-e56d-475c-8dee-2c395064223d/2302H0033/c9d29823-a69c-4328-a6b9-53e2b78fa3e3/Run_76ed1d6b-57d6-4076-9a09-09a6f1ded693_20230817_2302h0033_ControlCenter/20230817_175305/20230817_175305_S1/CellStatsDir/FOV034/CompartmentLabels_F034.tif finished
2023-08-22 13:39:29,043 [1] INFO  - Downloading 892d9dcc-e56d-475c-8dee-2c395064223d/2302H0033/c9d29823-a69c-4328-a6b9-53e2b78fa3e3/Run_76ed1d6b-57d6-4076-9a09-09a6f1ded693_20230817_2302h0033_ControlCenter/20230817_175305/20230817_175305_S1/CellStatsDir/FOV034/Run_76ed1d6b-57d6-4076-9a09-09a6f1ded693_20230817_175305_S1_Cell_Stats_F034.csv
2023-08-22 13:39:29,248 [1] INFO  - Download 892d9dcc-e56d-475c-8dee-2c395064223d/2302H0033/c9d29823-a69c-4328-a6b9-53e2b78fa3e3/Run_76ed1d6b-57d6-4076-9a09-09a6f1ded693_20230817_2302h0033_ControlCenter/20230817_175305/20230817_175305_S1/CellStatsDir/FOV034/Run_76ed1d6b-57d6-4076-9a09-09a6f1ded693_20230817_175305_S1_Cell_Stats_F034.csv finished
2023-08-22 13:39:29,248 [1] INFO  - Downloading 892d9dcc-e56d-475c-8dee-2c395064223d/2302H0033/c9d29823-a69c-4328-a6b9-53e2b78fa3e3/Run_76ed1d6b-57d6-4076-9a09-09a6f1ded693_20230817_2302h0033_ControlCenter/20230817_175305/20230817_175305_S1/CellStatsDir/Morphology2D/20230817_175305_S1_C902_P99_N99_F034.TIF
2023-08-22 13:39:30,225 [1] INFO  - Download 892d9dcc-e56d-475c-8dee-2c395064223d/2302H0033/c9d29823-a69c-4328-a6b9-53e2b78fa3e3/Run_76ed1d6b-57d6-4076-9a09-09a6f1ded693_20230817_2302h0033_ControlCenter/20230817_175305/20230817_175305_S1/CellStatsDir/Morphology2D/20230817_175305_S1_C902_P99_N99_F034.TIF finished
2023-08-22 13:39:30,226 [1] INFO  - Downloading 892d9dcc-e56d-475c-8dee-2c395064223d/2302H0033/c9d29823-a69c-4328-a6b9-53e2b78fa3e3/Run_76ed1d6b-57d6-4076-9a09-09a6f1ded693_20230817_2302h0033_ControlCenter/20230817_175305/20230817_175305_S1/CellStatsDir/RnD/Run_76ed1d6b-57d6-4076-9a09-09a6f1ded693_20230817_175305_S1_Summary_F034.csv
2023-08-22 13:39:30,406 [1] INFO  - Download 892d9dcc-e56d-475c-8dee-2c395064223d/2302H0033/c9d29823-a69c-4328-a6b9-53e2b78fa3e3/Run_76ed1d6b-57d6-4076-9a09-09a6f1ded693_20230817_2302h0033_ControlCenter/20230817_175305/20230817_175305_S1/CellStatsDir/RnD/Run_76ed1d6b-57d6-4076-9a09-09a6f1ded693_20230817_175305_S1_Summary_F034.csv finished
2023-08-22 13:39:30,406 [1] INFO  - CellStatsDir data download complete.
2023-08-22 13:39:30,406 [1] INFO  - FOV downloaded successfully.
2023-08-22 13:39:30,406 [1] INFO  - Preparing dirs structure for mtmc
2023-08-22 13:39:30,406 [1] INFO  - Preparing mtmc input. FOV dir: FOV034
2023-08-22 13:39:30,409 [1] INFO  - Running mtmc...
2023-08-22 13:39:30,415 [8] INFO  - directory: "/app/input_data/"
2023-08-22 13:39:30,654 [8] INFO  - directory: "/app/out/FOV034/"
2023-08-22 13:41:28,323 [18] INFO  - 2023-08-22 13:39:30,F034,Z,0,iter,0,feat,0,0, Reading and combining input data, 0.029574, sec
2023-08-22 13:41:28,323 [18] INFO  - 2023-08-22 13:39:34,F034,Z,0,iter,0,feat,1639988,1639988, Spot file data loading and filtration , 3.46, sec
2023-08-22 13:41:28,323 [18] INFO  - 2023-08-22 13:39:34,F034,Z,0,iter,0,feat,1639988,1639988, Seed neighbor determination, 1.52212, sec
2023-08-22 13:41:28,323 [18] INFO  - 2023-08-22 13:39:35,F034,Z,0,iter,0,feat,1639988,1639988, Quality Score Generation, 1.91352, sec
2023-08-22 13:41:28,323 [18] INFO  - 2023-08-22 13:39:37,F034,Z,0,iter,0,feat,1639988,1639988, Spots per feature calculation and feature filtration, 1.93295, sec
2023-08-22 13:41:28,323 [18] INFO  - 2023-08-22 13:39:37,F034,Z,0,iter,0,feat,1639988,1639988, Making Complete Code Target Calls, 0.380926, sec
2023-08-22 13:41:28,323 [18] INFO  - 2023-08-22 13:39:37,F034,Z,0,iter,0,feat,1639988,1639988, Target Call Location Estimation and iteration end update, 0.140949, sec
2023-08-22 13:41:28,323 [18] INFO  - 2023-08-22 13:39:37,F034,Z,0,iter,0,feat,1639988,1639988, Iteration summary generation, 0.00076, sec
2023-08-22 13:41:28,323 [18] INFO  - 2023-08-22 13:39:37,F034,Z,0,iter,0,feat,1639988,1639988, Iteration duration, 5.22669, sec
2023-08-22 13:41:28,324 [18] INFO  - 2023-08-22 13:39:38,F034,Z,0,iter,1,feat,1639988,1639988, Seed neighbor determination, 1.46185, sec
2023-08-22 13:41:28,324 [18] INFO  - 2023-08-22 13:39:39,F034,Z,0,iter,1,feat,1639988,1639988, Quality Score Generation, 2.39789, sec
2023-08-22 13:41:28,324 [18] INFO  - 2023-08-22 13:39:41,F034,Z,0,iter,1,feat,1639988,1639988, Spots per feature calculation and feature filtration, 1.82006, sec
2023-08-22 13:41:28,324 [18] INFO  - 2023-08-22 13:39:41,F034,Z,0,iter,1,feat,1639988,1639988, Making Complete Code Target Calls, 0.630272, sec
2023-08-22 13:41:28,324 [18] INFO  - 2023-08-22 13:39:41,F034,Z,0,iter,1,feat,1639988,1639988, Target Call Location Estimation and iteration end update, 0.114663, sec
2023-08-22 13:41:28,324 [18] INFO  - 2023-08-22 13:39:41,F034,Z,0,iter,1,feat,1639988,1639988, Iteration summary generation, 0.019523, sec
2023-08-22 13:41:28,324 [18] INFO  - 2023-08-22 13:39:41,F034,Z,0,iter,1,feat,1639988,1639988, Iteration duration, 5.82266, sec
2023-08-22 13:41:28,324 [18] INFO  - 2023-08-22 13:39:41,F034,Z,0,iter,1,feat,1639988,1639988, Z slice processing duration, 14.5114, sec
2023-08-22 13:41:28,324 [18] INFO  - 2023-08-22 13:39:58,F034,Z,1,iter,0,feat,5472590,7112578, Spot file data loading and filtration , 15.5832, sec
2023-08-22 13:41:28,324 [18] INFO  - 2023-08-22 13:40:00,F034,Z,1,iter,0,feat,5472590,7112578, Seed neighbor determination, 4.96549, sec
2023-08-22 13:41:28,324 [25] INFO  - 2023-08-22 13:40:03,F034,Z,1,iter,0,feat,5472590,7112578, Quality Score Generation, 8.26725, sec
2023-08-22 13:41:28,324 [25] INFO  - 2023-08-22 13:40:09,F034,Z,1,iter,0,feat,5472590,7112578, Spots per feature calculation and feature filtration, 6.32124, sec
2023-08-22 13:41:28,324 [25] INFO  - 2023-08-22 13:40:18,F034,Z,1,iter,0,feat,5472590,7112578, Making Complete Code Target Calls, 8.64857, sec
2023-08-22 13:41:28,324 [25] INFO  - 2023-08-22 13:40:23,F034,Z,1,iter,0,feat,5472590,7112578, Target Call Location Estimation and iteration end update, 5.01781, sec
2023-08-22 13:41:28,324 [25] INFO  - 2023-08-22 13:40:23,F034,Z,1,iter,0,feat,5472590,7112578, Iteration summary generation, 0.026354, sec
2023-08-22 13:41:28,324 [25] INFO  - 2023-08-22 13:40:23,F034,Z,1,iter,0,feat,5472590,7112578, Iteration duration, 31.1661, sec
2023-08-22 13:41:28,324 [25] INFO  - 2023-08-22 13:40:25,F034,Z,1,iter,1,feat,5472590,7112578, Seed neighbor determination, 5.201, sec
2023-08-22 13:41:28,324 [25] INFO  - 2023-08-22 13:40:28,F034,Z,1,iter,1,feat,5472590,7112578, Quality Score Generation, 10.7248, sec
2023-08-22 13:41:28,324 [25] INFO  - 2023-08-22 13:40:34,F034,Z,1,iter,1,feat,5472590,7112578, Spots per feature calculation and feature filtration, 5.92532, sec
2023-08-22 13:41:28,324 [25] INFO  - 2023-08-22 13:40:44,F034,Z,1,iter,1,feat,5472590,7112578, Making Complete Code Target Calls, 9.84114, sec
2023-08-22 13:41:28,324 [25] INFO  - 2023-08-22 13:40:48,F034,Z,1,iter,1,feat,5472590,7112578, Target Call Location Estimation and iteration end update, 3.64362, sec
2023-08-22 13:41:28,324 [25] INFO  - 2023-08-22 13:40:48,F034,Z,1,iter,1,feat,5472590,7112578, Iteration summary generation, 0.342692, sec
2023-08-22 13:41:28,324 [25] INFO  - 2023-08-22 13:40:48,F034,Z,1,iter,1,feat,5472590,7112578, Iteration duration, 33.4073, sec
2023-08-22 13:41:28,324 [25] INFO  - 2023-08-22 13:40:48,F034,Z,1,iter,1,feat,5472590,7112578, Z slice processing duration, 80.92, sec
2023-08-22 13:41:28,324 [25] INFO  - 2023-08-22 13:41:07,F034,Z,2,iter,0,feat,5210166,12322744, Spot file data loading and filtration , 16.0821, sec
2023-08-22 13:41:28,324 [25] INFO  - 2023-08-22 13:41:09,F034,Z,2,iter,0,feat,5210166,12322744, Seed neighbor determination, 4.78234, sec
2023-08-22 13:41:28,324 [25] INFO  - 2023-08-22 13:41:11,F034,Z,2,iter,0,feat,5210166,12322744, Quality Score Generation, 7.92722, sec
2023-08-22 13:41:28,324 [25] INFO  - 2023-08-22 13:41:17,F034,Z,2,iter,0,feat,5210166,12322744, Spots per feature calculation and feature filtration, 5.20425, sec
2023-08-22 13:41:28,324 [25] INFO  - 2023-08-22 13:41:25,F034,Z,2,iter,0,feat,5210166,12322744, Making Complete Code Target Calls, 7.86068, sec
2023-08-22 13:43:21,390 [25] INFO  - 2023-08-22 13:41:28,F034,Z,2,iter,0,feat,5210166,12322744, Target Call Location Estimation and iteration end update, 3.08616, sec
2023-08-22 13:43:21,390 [25] INFO  - 2023-08-22 13:41:28,F034,Z,2,iter,0,feat,5210166,12322744, Iteration summary generation, 0.029004, sec
2023-08-22 13:43:21,390 [25] INFO  - 2023-08-22 13:41:28,F034,Z,2,iter,0,feat,5210166,12322744, Iteration duration, 26.8177, sec
2023-08-22 13:43:21,390 [25] INFO  - 2023-08-22 13:41:30,F034,Z,2,iter,1,feat,5210166,12322744, Seed neighbor determination, 4.73401, sec
2023-08-22 13:43:21,390 [25] INFO  - 2023-08-22 13:41:33,F034,Z,2,iter,1,feat,5210166,12322744, Quality Score Generation, 9.64204, sec
2023-08-22 13:43:21,390 [25] INFO  - 2023-08-22 13:41:37,F034,Z,2,iter,1,feat,5210166,12322744, Spots per feature calculation and feature filtration, 3.89792, sec
2023-08-22 13:43:21,390 [25] INFO  - 2023-08-22 13:41:48,F034,Z,2,iter,1,feat,5210166,12322744, Making Complete Code Target Calls, 10.9157, sec
2023-08-22 13:43:21,390 [25] INFO  - 2023-08-22 13:41:49,F034,Z,2,iter,1,feat,5210166,12322744, Target Call Location Estimation and iteration end update, 1.17022, sec
2023-08-22 13:43:21,390 [25] INFO  - 2023-08-22 13:41:49,F034,Z,2,iter,1,feat,5210166,12322744, Iteration summary generation, 0.519176, sec
2023-08-22 13:43:21,390 [25] INFO  - 2023-08-22 13:41:49,F034,Z,2,iter,1,feat,5210166,12322744, Iteration duration, 28.8122, sec
2023-08-22 13:43:21,390 [25] INFO  - 2023-08-22 13:41:49,F034,Z,2,iter,1,feat,5210166,12322744, Z slice processing duration, 74.3436, sec
2023-08-22 13:43:21,390 [25] INFO  - 2023-08-22 13:42:04,F034,Z,3,iter,0,feat,4356820,16679564, Spot file data loading and filtration , 12.3947, sec
2023-08-22 13:43:21,390 [25] INFO  - 2023-08-22 13:42:06,F034,Z,3,iter,0,feat,4356820,16679564, Seed neighbor determination, 4.0285, sec
2023-08-22 13:43:21,390 [25] INFO  - 2023-08-22 13:42:08,F034,Z,3,iter,0,feat,4356820,16679564, Quality Score Generation, 6.89247, sec
2023-08-22 13:43:21,390 [25] INFO  - 2023-08-22 13:42:13,F034,Z,3,iter,0,feat,4356820,16679564, Spots per feature calculation and feature filtration, 4.50531, sec
2023-08-22 13:43:21,391 [25] INFO  - 2023-08-22 13:42:20,F034,Z,3,iter,0,feat,4356820,16679564, Making Complete Code Target Calls, 6.93519, sec
2023-08-22 13:43:21,391 [25] INFO  - 2023-08-22 13:42:24,F034,Z,3,iter,0,feat,4356820,16679564, Target Call Location Estimation and iteration end update, 4.28962, sec
2023-08-22 13:43:21,391 [25] INFO  - 2023-08-22 13:42:24,F034,Z,3,iter,0,feat,4356820,16679564, Iteration summary generation, 0.028804, sec
2023-08-22 13:43:21,391 [25] INFO  - 2023-08-22 13:42:24,F034,Z,3,iter,0,feat,4356820,16679564, Iteration duration, 24.9815, sec
2023-08-22 13:43:21,391 [25] INFO  - 2023-08-22 13:42:26,F034,Z,3,iter,1,feat,4356820,16679564, Seed neighbor determination, 4.04586, sec
2023-08-22 13:43:21,391 [25] INFO  - 2023-08-22 13:42:29,F034,Z,3,iter,1,feat,4356820,16679564, Quality Score Generation, 9.57215, sec
2023-08-22 13:43:21,391 [25] INFO  - 2023-08-22 13:42:32,F034,Z,3,iter,1,feat,4356820,16679564, Spots per feature calculation and feature filtration, 3.43194, sec
2023-08-22 13:43:21,391 [25] INFO  - 2023-08-22 13:42:39,F034,Z,3,iter,1,feat,4356820,16679564, Making Complete Code Target Calls, 6.87436, sec
2023-08-22 13:43:21,391 [25] INFO  - 2023-08-22 13:42:40,F034,Z,3,iter,1,feat,4356820,16679564, Target Call Location Estimation and iteration end update, 0.918478, sec
2023-08-22 13:43:21,391 [25] INFO  - 2023-08-22 13:42:40,F034,Z,3,iter,1,feat,4356820,16679564, Iteration summary generation, 0.37961, sec
2023-08-22 13:43:21,391 [25] INFO  - 2023-08-22 13:42:40,F034,Z,3,iter,1,feat,4356820,16679564, Iteration duration, 23.354, sec
2023-08-22 13:43:21,391 [25] INFO  - 2023-08-22 13:42:40,F034,Z,3,iter,1,feat,4356820,16679564, Z slice processing duration, 63.1302, sec
2023-08-22 13:43:21,391 [25] INFO  - 2023-08-22 13:42:52,F034,Z,4,iter,0,feat,3659203,20338767, Spot file data loading and filtration , 9.7585, sec
2023-08-22 13:43:21,391 [25] INFO  - 2023-08-22 13:42:54,F034,Z,4,iter,0,feat,3659203,20338767, Seed neighbor determination, 3.38132, sec
2023-08-22 13:43:21,391 [25] INFO  - 2023-08-22 13:42:55,F034,Z,4,iter,0,feat,3659203,20338767, Quality Score Generation, 5.83776, sec
2023-08-22 13:43:21,391 [25] INFO  - 2023-08-22 13:42:59,F034,Z,4,iter,0,feat,3659203,20338767, Spots per feature calculation and feature filtration, 3.77724, sec
2023-08-22 13:43:21,391 [25] INFO  - 2023-08-22 13:43:05,F034,Z,4,iter,0,feat,3659203,20338767, Making Complete Code Target Calls, 5.77382, sec
2023-08-22 13:43:21,391 [25] INFO  - 2023-08-22 13:43:07,F034,Z,4,iter,0,feat,3659203,20338767, Target Call Location Estimation and iteration end update, 1.81041, sec
2023-08-22 13:43:21,391 [25] INFO  - 2023-08-22 13:43:07,F034,Z,4,iter,0,feat,3659203,20338767, Iteration summary generation, 0.017193, sec
2023-08-22 13:43:21,391 [25] INFO  - 2023-08-22 13:43:07,F034,Z,4,iter,0,feat,3659203,20338767, Iteration duration, 19.1521, sec
2023-08-22 13:43:21,391 [25] INFO  - 2023-08-22 13:43:09,F034,Z,4,iter,1,feat,3659203,20338767, Seed neighbor determination, 3.44222, sec
2023-08-22 13:43:21,391 [25] INFO  - 2023-08-22 13:43:12,F034,Z,4,iter,1,feat,3659203,20338767, Quality Score Generation, 11.409, sec
2023-08-22 13:43:21,391 [25] INFO  - 2023-08-22 13:43:15,F034,Z,4,iter,1,feat,3659203,20338767, Spots per feature calculation and feature filtration, 2.90537, sec
2023-08-22 13:44:31,460 [25] INFO  - 2023-08-22 13:43:21,F034,Z,4,iter,1,feat,3659203,20338767, Making Complete Code Target Calls, 6.13369, sec
2023-08-22 13:44:31,460 [25] INFO  - 2023-08-22 13:43:22,F034,Z,4,iter,1,feat,3659203,20338767, Target Call Location Estimation and iteration end update, 0.74629, sec
2023-08-22 13:44:31,460 [25] INFO  - 2023-08-22 13:43:22,F034,Z,4,iter,1,feat,3659203,20338767, Iteration summary generation, 0.302509, sec
2023-08-22 13:44:31,460 [25] INFO  - 2023-08-22 13:43:22,F034,Z,4,iter,1,feat,3659203,20338767, Iteration duration, 23.4887, sec
2023-08-22 13:44:31,460 [25] INFO  - 2023-08-22 13:43:22,F034,Z,4,iter,1,feat,3659203,20338767, Z slice processing duration, 54.4384, sec
2023-08-22 13:44:31,460 [25] INFO  - 2023-08-22 13:43:32,F034,Z,5,iter,0,feat,3091719,23430486, Spot file data loading and filtration , 7.92913, sec
2023-08-22 13:44:31,460 [25] INFO  - 2023-08-22 13:43:33,F034,Z,5,iter,0,feat,3091719,23430486, Seed neighbor determination, 2.82786, sec
2023-08-22 13:44:31,460 [25] INFO  - 2023-08-22 13:43:34,F034,Z,5,iter,0,feat,3091719,23430486, Quality Score Generation, 5.37537, sec
2023-08-22 13:44:31,460 [25] INFO  - 2023-08-22 13:43:38,F034,Z,5,iter,0,feat,3091719,23430486, Spots per feature calculation and feature filtration, 3.32919, sec
2023-08-22 13:44:31,460 [31] INFO  - 2023-08-22 13:43:44,F034,Z,5,iter,0,feat,3091719,23430486, Making Complete Code Target Calls, 6.44617, sec
2023-08-22 13:44:31,460 [31] INFO  - 2023-08-22 13:43:45,F034,Z,5,iter,0,feat,3091719,23430486, Target Call Location Estimation and iteration end update, 1.00833, sec
2023-08-22 13:44:31,460 [31] INFO  - 2023-08-22 13:43:45,F034,Z,5,iter,0,feat,3091719,23430486, Iteration summary generation, 0.011101, sec
2023-08-22 13:44:31,460 [31] INFO  - 2023-08-22 13:43:45,F034,Z,5,iter,0,feat,3091719,23430486, Iteration duration, 17.8648, sec
2023-08-22 13:44:31,460 [31] INFO  - 2023-08-22 13:43:47,F034,Z,5,iter,1,feat,3091719,23430486, Seed neighbor determination, 2.79251, sec
2023-08-22 13:44:31,460 [31] INFO  - 2023-08-22 13:43:49,F034,Z,5,iter,1,feat,3091719,23430486, Quality Score Generation, 6.99862, sec
2023-08-22 13:44:31,461 [31] INFO  - 2023-08-22 13:43:51,F034,Z,5,iter,1,feat,3091719,23430486, Spots per feature calculation and feature filtration, 2.47937, sec
2023-08-22 13:44:31,461 [31] INFO  - 2023-08-22 13:43:56,F034,Z,5,iter,1,feat,3091719,23430486, Making Complete Code Target Calls, 4.55084, sec
2023-08-22 13:44:31,461 [31] INFO  - 2023-08-22 13:43:56,F034,Z,5,iter,1,feat,3091719,23430486, Target Call Location Estimation and iteration end update, 0.597753, sec
2023-08-22 13:44:31,461 [31] INFO  - 2023-08-22 13:43:57,F034,Z,5,iter,1,feat,3091719,23430486, Iteration summary generation, 0.245042, sec
2023-08-22 13:44:31,461 [31] INFO  - 2023-08-22 13:43:57,F034,Z,5,iter,1,feat,3091719,23430486, Iteration duration, 16.443, sec
2023-08-22 13:44:31,461 [31] INFO  - 2023-08-22 13:43:57,F034,Z,5,iter,1,feat,3091719,23430486, Z slice processing duration, 43.9713, sec
2023-08-22 13:44:31,461 [31] INFO  - 2023-08-22 13:44:05,F034,Z,6,iter,0,feat,2647922,26078408, Spot file data loading and filtration , 6.4969, sec
2023-08-22 13:44:31,461 [31] INFO  - 2023-08-22 13:44:06,F034,Z,6,iter,0,feat,2647922,26078408, Seed neighbor determination, 2.4219, sec
2023-08-22 13:44:31,461 [31] INFO  - 2023-08-22 13:44:07,F034,Z,6,iter,0,feat,2647922,26078408, Quality Score Generation, 4.39599, sec
2023-08-22 13:44:31,461 [31] INFO  - 2023-08-22 13:44:10,F034,Z,6,iter,0,feat,2647922,26078408, Spots per feature calculation and feature filtration, 2.64079, sec
2023-08-22 13:44:31,461 [31] INFO  - 2023-08-22 13:44:13,F034,Z,6,iter,0,feat,2647922,26078408, Making Complete Code Target Calls, 3.18126, sec
2023-08-22 13:44:31,461 [31] INFO  - 2023-08-22 13:44:14,F034,Z,6,iter,0,feat,2647922,26078408, Target Call Location Estimation and iteration end update, 0.795062, sec
2023-08-22 13:44:31,461 [31] INFO  - 2023-08-22 13:44:14,F034,Z,6,iter,0,feat,2647922,26078408, Iteration summary generation, 0.009766, sec
2023-08-22 13:44:31,461 [43] INFO  - 2023-08-22 13:44:14,F034,Z,6,iter,0,feat,2647922,26078408, Iteration duration, 12.4244, sec
2023-08-22 13:44:31,461 [43] INFO  - 2023-08-22 13:44:15,F034,Z,6,iter,1,feat,2647922,26078408, Seed neighbor determination, 2.3577, sec
2023-08-22 13:44:31,461 [43] INFO  - 2023-08-22 13:44:16,F034,Z,6,iter,1,feat,2647922,26078408, Quality Score Generation, 4.89877, sec
2023-08-22 13:44:31,461 [43] INFO  - 2023-08-22 13:44:18,F034,Z,6,iter,1,feat,2647922,26078408, Spots per feature calculation and feature filtration, 2.13598, sec
2023-08-22 13:44:31,461 [43] INFO  - 2023-08-22 13:44:22,F034,Z,6,iter,1,feat,2647922,26078408, Making Complete Code Target Calls, 3.92423, sec
2023-08-22 13:44:31,461 [43] INFO  - 2023-08-22 13:44:23,F034,Z,6,iter,1,feat,2647922,26078408, Target Call Location Estimation and iteration end update, 0.492908, sec
2023-08-22 13:44:31,461 [43] INFO  - 2023-08-22 13:44:23,F034,Z,6,iter,1,feat,2647922,26078408, Iteration summary generation, 0.190951, sec
2023-08-22 13:44:31,461 [43] INFO  - 2023-08-22 13:44:23,F034,Z,6,iter,1,feat,2647922,26078408, Iteration duration, 12.9788, sec
2023-08-22 13:44:31,461 [43] INFO  - 2023-08-22 13:44:23,F034,Z,6,iter,1,feat,2647922,26078408, Z slice processing duration, 33.3051, sec
2023-08-22 13:44:31,461 [43] INFO  - 2023-08-22 13:44:30,F034,Z,7,iter,0,feat,2432390,28510798, Spot file data loading and filtration , 5.57737, sec
2023-08-22 13:45:03,200 [43] INFO  - 2023-08-22 13:44:31,F034,Z,7,iter,0,feat,2432390,28510798, Seed neighbor determination, 2.19013, sec
2023-08-22 13:45:03,200 [43] INFO  - 2023-08-22 13:44:32,F034,Z,7,iter,0,feat,2432390,28510798, Quality Score Generation, 4.43194, sec
2023-08-22 13:45:03,200 [43] INFO  - 2023-08-22 13:44:35,F034,Z,7,iter,0,feat,2432390,28510798, Spots per feature calculation and feature filtration, 2.50169, sec
2023-08-22 13:45:03,200 [43] INFO  - 2023-08-22 13:44:38,F034,Z,7,iter,0,feat,2432390,28510798, Making Complete Code Target Calls, 3.02579, sec
2023-08-22 13:45:03,200 [43] INFO  - 2023-08-22 13:44:38,F034,Z,7,iter,0,feat,2432390,28510798, Target Call Location Estimation and iteration end update, 0.747425, sec
2023-08-22 13:45:03,200 [43] INFO  - 2023-08-22 13:44:38,F034,Z,7,iter,0,feat,2432390,28510798, Iteration summary generation, 0.00798, sec
2023-08-22 13:45:03,200 [43] INFO  - 2023-08-22 13:44:38,F034,Z,7,iter,0,feat,2432390,28510798, Iteration duration, 11.9798, sec
2023-08-22 13:45:03,200 [43] INFO  - 2023-08-22 13:44:40,F034,Z,7,iter,1,feat,2432390,28510798, Seed neighbor determination, 2.27919, sec
2023-08-22 13:45:03,200 [43] INFO  - 2023-08-22 13:44:41,F034,Z,7,iter,1,feat,2432390,28510798, Quality Score Generation, 4.47168, sec
2023-08-22 13:45:03,201 [43] INFO  - 2023-08-22 13:44:43,F034,Z,7,iter,1,feat,2432390,28510798, Spots per feature calculation and feature filtration, 1.96962, sec
2023-08-22 13:45:03,201 [43] INFO  - 2023-08-22 13:44:46,F034,Z,7,iter,1,feat,2432390,28510798, Making Complete Code Target Calls, 3.52363, sec
2023-08-22 13:45:03,201 [43] INFO  - 2023-08-22 13:44:47,F034,Z,7,iter,1,feat,2432390,28510798, Target Call Location Estimation and iteration end update, 0.437417, sec
2023-08-22 13:45:03,201 [43] INFO  - 2023-08-22 13:44:47,F034,Z,7,iter,1,feat,2432390,28510798, Iteration summary generation, 0.149478, sec
2023-08-22 13:45:03,201 [43] INFO  - 2023-08-22 13:44:47,F034,Z,7,iter,1,feat,2432390,28510798, Iteration duration, 11.7691, sec
2023-08-22 13:45:03,201 [43] INFO  - 2023-08-22 13:44:47,F034,Z,7,iter,1,feat,2432390,28510798, Z slice processing duration, 30.5114, sec
2023-08-22 13:45:03,201 [43] INFO  - 2023-08-22 13:44:50,F034,Z,8,iter,0,feat,1651221,30162019, Spot file data loading and filtration , 2.18114, sec
2023-08-22 13:45:03,201 [43] INFO  - 2023-08-22 13:44:51,F034,Z,8,iter,0,feat,1651221,30162019, Seed neighbor determination, 1.4652, sec
2023-08-22 13:45:03,201 [43] INFO  - 2023-08-22 13:44:52,F034,Z,8,iter,0,feat,1651221,30162019, Quality Score Generation, 2.36629, sec
2023-08-22 13:45:03,201 [43] INFO  - 2023-08-22 13:44:54,F034,Z,8,iter,0,feat,1651221,30162019, Spots per feature calculation and feature filtration, 2.50557, sec
2023-08-22 13:45:03,201 [31] INFO  - 2023-08-22 13:44:56,F034,Z,8,iter,0,feat,1651221,30162019, Making Complete Code Target Calls, 1.54588, sec
2023-08-22 13:45:03,201 [31] INFO  - 2023-08-22 13:44:56,F034,Z,8,iter,0,feat,1651221,30162019, Target Call Location Estimation and iteration end update, 0.449668, sec
2023-08-22 13:45:03,201 [31] INFO  - 2023-08-22 13:44:56,F034,Z,8,iter,0,feat,1651221,30162019, Iteration summary generation, 0.004992, sec
2023-08-22 13:45:03,201 [31] INFO  - 2023-08-22 13:44:56,F034,Z,8,iter,0,feat,1651221,30162019, Iteration duration, 7.72317, sec
2023-08-22 13:45:03,201 [31] INFO  - 2023-08-22 13:44:57,F034,Z,8,iter,1,feat,1651221,30162019, Seed neighbor determination, 1.45735, sec
2023-08-22 13:45:03,201 [31] INFO  - 2023-08-22 13:44:58,F034,Z,8,iter,1,feat,1651221,30162019, Quality Score Generation, 2.94679, sec
2023-08-22 13:45:03,201 [31] INFO  - 2023-08-22 13:44:59,F034,Z,8,iter,1,feat,1651221,30162019, Spots per feature calculation and feature filtration, 1.46233, sec
2023-08-22 13:45:03,201 [31] INFO  - 2023-08-22 13:45:01,F034,Z,8,iter,1,feat,1651221,30162019, Making Complete Code Target Calls, 1.8738, sec
2023-08-22 13:45:03,201 [31] INFO  - 2023-08-22 13:45:01,F034,Z,8,iter,1,feat,1651221,30162019, Target Call Location Estimation and iteration end update, 0.253269, sec
2023-08-22 13:45:03,201 [31] INFO  - 2023-08-22 13:45:01,F034,Z,8,iter,1,feat,1651221,30162019, Iteration summary generation, 0.099986, sec
2023-08-22 13:45:03,201 [31] INFO  - 2023-08-22 13:45:01,F034,Z,8,iter,1,feat,1651221,30162019, Iteration duration, 7.41002, sec
2023-08-22 13:45:03,201 [31] INFO  - 2023-08-22 13:45:01,F034,Z,8,iter,1,feat,1651221,30162019, Z slice processing duration, 18.4588, sec
2023-08-22 13:45:03,201 [31] INFO  - 2023-08-22 13:45:01,F034,Z,9,iter,0,feat,32456,30194475, Spot file data loading and filtration , -0.712577, sec
2023-08-22 13:45:03,201 [31] INFO  - 2023-08-22 13:45:01,F034,Z,9,iter,0,feat,32456,30194475, Seed neighbor determination, 0.025348, sec
2023-08-22 13:45:03,201 [31] INFO  - 2023-08-22 13:45:01,F034,Z,9,iter,0,feat,32456,30194475, Quality Score Generation, 0.013933, sec
2023-08-22 13:45:03,201 [31] INFO  - 2023-08-22 13:45:01,F034,Z,9,iter,1,feat,32456,30194475, Seed neighbor determination, 0.02607, sec
2023-08-22 13:45:03,201 [31] INFO  - 2023-08-22 13:45:01,F034,Z,9,iter,1,feat,32456,30194475, Quality Score Generation, 0.012918, sec
2023-08-22 13:45:03,201 [31] INFO  - 2023-08-22 13:45:02,F034,Z,9,iter,1,feat,32456,30194475, Z slice processing duration, 0.128648, sec
2023-08-22 13:45:03,201 [31] INFO  - 2023-08-22 13:45:03,F034,Z,9,iter,1,feat,32456,30194475, FOV processing duration (final) , 414.905, sec
2023-08-22 13:45:03,211 [31] INFO  - Exited
2023-08-22 13:45:03,211 [31] INFO  - System.EventArgs
2023-08-22 13:45:03,211 [31] INFO  - { }
2023-08-22 13:45:03,212 [1] INFO  - mtmc run complete
2023-08-22 13:45:03,212 [1] INFO  - Zipping and uploading results...
2023-08-22 13:45:03,212 [1] INFO  - Uploading mtm results to storage.
2023-08-22 13:45:03,213 [1] INFO  - Start uploading /app/out/FOV034 to 892d9dcc-e56d-475c-8dee-2c395064223d/2302H0033/c9d29823-a69c-4328-a6b9-53e2b78fa3e3/Run_76ed1d6b-57d6-4076-9a09-09a6f1ded693_20230817_2302h0033_ControlCenter/20230817_175305/20230817_175305_S1/AnalysisResults/oxdwyv2woj/FOV034
2023-08-22 13:45:03,213 [1] INFO  - Executing with retries set to: 10
2023-08-22 13:45:04,872 [1] INFO  - Upload /app/out/FOV034 finished
2023-08-22 13:45:04,872 [1] INFO  - Results uploaded.
2023-08-22 13:45:04,872 [1] INFO  - All done
2023-08-22 13:45:04,872 [1] INFO  - Executing with retries set to: 10
2023-08-22 13:45:04,873 [1] INFO  - Setting fov oxdwyv2woj-z9h35 into status Completed
2023-08-22 13:45:04,874 [1] INFO  - Saving a fov processing run: oxdwyv2woj-z9h35
2023-08-22 13:45:04,874 [1] INFO  - Updating an existing fov run.
2023-08-22 13:45:04,876 [1] INFO  - Uploading logs
2023-08-22 13:45:04,877 [1] INFO  - Start uploading 892d9dcc-e56d-475c-8dee-2c395064223d/2302H0033/c9d29823-a69c-4328-a6b9-53e2b78fa3e3/Run_76ed1d6b-57d6-4076-9a09-09a6f1ded693_20230817_2302h0033_ControlCenter/20230817_175305/20230817_175305_S1/AnalysisResults/oxdwyv2woj/FOV034/mtm-run.log
