2023-08-22 13:31:22,729 [1] INFO  - Using bucket s3-euw1-eu2-datarepository-eu2-eu2-kcl-01 and region eu-west-1
2023-08-22 13:31:22,777 [1] INFO  - Using role to access S3
2023-08-22 13:31:23,055 [1] INFO  - ===============================
2023-08-22 13:31:23,055 [1] INFO  - build info: 
commit 1860d865ce7409a4b25d5549a62e2b7be0a93d33
Author: alexander-serebriyan <alexander.serebriyan@teamdev.com>
Date:   Fri Feb 10 15:42:48 2023 +0100

    Add UAT env for ECR pushing.

Build done on: Fri Feb 10 14:46:39 UTC 2023
Version: 20230210.1

2023-08-22 13:31:23,055 [1] INFO  - ===============================
2023-08-22 13:31:23,055 [1] INFO  - Starting the job. Results will be uploaded to: 892d9dcc-e56d-475c-8dee-2c395064223d/2302H0033/c9d29823-a69c-4328-a6b9-53e2b78fa3e3/Run_76ed1d6b-57d6-4076-9a09-09a6f1ded693_20230817_2302h0033_ControlCenter/20230817_175305/20230817_175305_S1/AnalysisResults/oxdwyv2woj/FOV063
2023-08-22 13:31:23,056 [1] INFO  - Checking FOV status. Ref: oxdwyv2woj-14tns, ID: 892d9dcc-e56d-475c-8dee-2c395064223d/2302H0033/c9d29823-a69c-4328-a6b9-53e2b78fa3e3/Run_76ed1d6b-57d6-4076-9a09-09a6f1ded693_20230817_2302h0033_ControlCenter/20230817_175305/20230817_175305_S1/SpotFiles/FOV063/
2023-08-22 13:31:23,244 [1] INFO  - Executing with retries set to: 10
2023-08-22 13:31:23,244 [1] INFO  - Setting fov oxdwyv2woj-14tns into status InProgress
2023-08-22 13:31:23,247 [1] INFO  - Saving a fov processing run: oxdwyv2woj-14tns
2023-08-22 13:31:23,247 [1] INFO  - Updating an existing fov run.
2023-08-22 13:31:23,295 [1] INFO  - Downloading FOV using next path: 892d9dcc-e56d-475c-8dee-2c395064223d/2302H0033/c9d29823-a69c-4328-a6b9-53e2b78fa3e3/Run_76ed1d6b-57d6-4076-9a09-09a6f1ded693_20230817_2302h0033_ControlCenter/20230817_175305/20230817_175305_S1/SpotFiles/FOV063/
2023-08-22 13:31:23,296 [1] INFO  - Start downloading 892d9dcc-e56d-475c-8dee-2c395064223d/2302H0033/c9d29823-a69c-4328-a6b9-53e2b78fa3e3/Run_76ed1d6b-57d6-4076-9a09-09a6f1ded693_20230817_2302h0033_ControlCenter/20230817_175305/20230817_175305_S1/SpotFiles/FOV063/
2023-08-22 13:31:23,296 [1] INFO  - Executing with retries set to: 10
2023-08-22 13:35:27,335 [1] INFO  - Download 892d9dcc-e56d-475c-8dee-2c395064223d/2302H0033/c9d29823-a69c-4328-a6b9-53e2b78fa3e3/Run_76ed1d6b-57d6-4076-9a09-09a6f1ded693_20230817_2302h0033_ControlCenter/20230817_175305/20230817_175305_S1/SpotFiles/FOV063/ complete
2023-08-22 13:35:27,335 [1] INFO  - Custom plex file specified. The default one will be overriden.
2023-08-22 13:35:27,335 [1] INFO  - Downloading plex file using next path: 892d9dcc-e56d-475c-8dee-2c395064223d/2302H0033/c9d29823-a69c-4328-a6b9-53e2b78fa3e3/Run_76ed1d6b-57d6-4076-9a09-09a6f1ded693_20230817_2302h0033_ControlCenter/20230817_175305/20230817_175305_S1/plex-oxdwyv2woj.txt
2023-08-22 13:35:27,335 [1] INFO  - Downloading 892d9dcc-e56d-475c-8dee-2c395064223d/2302H0033/c9d29823-a69c-4328-a6b9-53e2b78fa3e3/Run_76ed1d6b-57d6-4076-9a09-09a6f1ded693_20230817_2302h0033_ControlCenter/20230817_175305/20230817_175305_S1/plex-oxdwyv2woj.txt
2023-08-22 13:35:27,466 [1] INFO  - Download 892d9dcc-e56d-475c-8dee-2c395064223d/2302H0033/c9d29823-a69c-4328-a6b9-53e2b78fa3e3/Run_76ed1d6b-57d6-4076-9a09-09a6f1ded693_20230817_2302h0033_ControlCenter/20230817_175305/20230817_175305_S1/plex-oxdwyv2woj.txt finished
2023-08-22 13:35:27,466 [1] INFO  - No user params file specified. Trying to use the one from the storage.
2023-08-22 13:35:27,467 [1] INFO  - Downloading params file using next path: 892d9dcc-e56d-475c-8dee-2c395064223d/2302H0033/c9d29823-a69c-4328-a6b9-53e2b78fa3e3/Run_76ed1d6b-57d6-4076-9a09-09a6f1ded693_20230817_2302h0033_ControlCenter/20230817_175305/20230817_175305_S1/analysis_params_v6.txt
2023-08-22 13:35:27,467 [1] INFO  - Downloading 892d9dcc-e56d-475c-8dee-2c395064223d/2302H0033/c9d29823-a69c-4328-a6b9-53e2b78fa3e3/Run_76ed1d6b-57d6-4076-9a09-09a6f1ded693_20230817_2302h0033_ControlCenter/20230817_175305/20230817_175305_S1/analysis_params_v6.txt
2023-08-22 13:35:27,497 [1] ERROR -    at Amazon.Runtime.Internal.HttpErrorResponseExceptionHandler.HandleExceptionStream(IRequestContext requestContext, IWebResponseData httpErrorResponse, HttpErrorResponseException exception, Stream responseStream)
   at Amazon.Runtime.Internal.HttpErrorResponseExceptionHandler.HandleExceptionAsync(IExecutionContext executionContext, HttpErrorResponseException exception)
   at Amazon.Runtime.Internal.ExceptionHandler`1.HandleAsync(IExecutionContext executionContext, Exception exception)
   at Amazon.Runtime.Internal.ErrorHandler.ProcessExceptionAsync(IExecutionContext executionContext, Exception exception)
   at Amazon.Runtime.Internal.ErrorHandler.InvokeAsync[T](IExecutionContext executionContext)
   at Amazon.Runtime.Internal.CallbackHandler.InvokeAsync[T](IExecutionContext executionContext)
   at Amazon.Runtime.Internal.EndpointDiscoveryHandler.InvokeAsync[T](IExecutionContext executionContext)
   at Amazon.Runtime.Internal.EndpointDiscoveryHandler.InvokeAsync[T](IExecutionContext executionContext)
   at Amazon.Runtime.Internal.CredentialsRetriever.InvokeAsync[T](IExecutionContext executionContext)
   at Amazon.Runtime.Internal.RetryHandler.InvokeAsync[T](IExecutionContext executionContext)
   at Amazon.Runtime.Internal.RetryHandler.InvokeAsync[T](IExecutionContext executionContext)
   at Amazon.Runtime.Internal.CallbackHandler.InvokeAsync[T](IExecutionContext executionContext)
   at Amazon.Runtime.Internal.CallbackHandler.InvokeAsync[T](IExecutionContext executionContext)
   at Amazon.S3.Internal.AmazonS3ExceptionHandler.InvokeAsync[T](IExecutionContext executionContext)
   at Amazon.Runtime.Internal.ErrorCallbackHandler.InvokeAsync[T](IExecutionContext executionContext)
   at Amazon.Runtime.Internal.MetricsHandler.InvokeAsync[T](IExecutionContext executionContext)
   at Amazon.S3.Transfer.Internal.DownloadCommand.ExecuteAsync(CancellationToken cancellationToken)
   at Amazon.S3.Transfer.TransferUtility.Download(String filePath, String bucketName, String key)
   at Core.S3FileStorageService.DownloadFile(String remoteFilePath, String localFilePath) in /src/Core/S3FileStorageService.cs:line 67
   at MTMCWorker.Service.Impl.MtmcWorker.FetchParamsFile(String paramsFileRef, String flowCellPath) in /src/MTMCWorker/Service/Impl/MtmcWorker.cs:line 297
2023-08-22 13:35:27,497 [1] INFO  - Can't download params file next to nBCDir. Using the default one.
Amazon.S3.AmazonS3Exception: The specified key does not exist.
 ---> Amazon.Runtime.Internal.HttpErrorResponseException: Exception of type 'Amazon.Runtime.Internal.HttpErrorResponseException' was thrown.
   at Amazon.Runtime.HttpWebRequestMessage.GetResponseAsync(CancellationToken cancellationToken)
   at Amazon.Runtime.Internal.HttpHandler`1.InvokeAsync[T](IExecutionContext executionContext)
   at Amazon.Runtime.Internal.RedirectHandler.InvokeAsync[T](IExecutionContext executionContext)
   at Amazon.Runtime.Internal.Unmarshaller.InvokeAsync[T](IExecutionContext executionContext)
   at Amazon.S3.Internal.AmazonS3ResponseHandler.InvokeAsync[T](IExecutionContext executionContext)
   at Amazon.Runtime.Internal.ErrorHandler.InvokeAsync[T](IExecutionContext executionContext)
   --- End of inner exception stack trace ---
   at Amazon.Runtime.Internal.HttpErrorResponseExceptionHandler.HandleExceptionStream(IRequestContext requestContext, IWebResponseData httpErrorResponse, HttpErrorResponseException exception, Stream responseStream)
   at Amazon.Runtime.Internal.HttpErrorResponseExceptionHandler.HandleExceptionAsync(IExecutionContext executionContext, HttpErrorResponseException exception)
   at Amazon.Runtime.Internal.ExceptionHandler`1.HandleAsync(IExecutionContext executionContext, Exception exception)
   at Amazon.Runtime.Internal.ErrorHandler.ProcessExceptionAsync(IExecutionContext executionContext, Exception exception)
   at Amazon.Runtime.Internal.ErrorHandler.InvokeAsync[T](IExecutionContext executionContext)
   at Amazon.Runtime.Internal.CallbackHandler.InvokeAsync[T](IExecutionContext executionContext)
   at Amazon.Runtime.Internal.EndpointDiscoveryHandler.InvokeAsync[T](IExecutionContext executionContext)
   at Amazon.Runtime.Internal.EndpointDiscoveryHandler.InvokeAsync[T](IExecutionContext executionContext)
   at Amazon.Runtime.Internal.CredentialsRetriever.InvokeAsync[T](IExecutionContext executionContext)
   at Amazon.Runtime.Internal.RetryHandler.InvokeAsync[T](IExecutionContext executionContext)
   at Amazon.Runtime.Internal.RetryHandler.InvokeAsync[T](IExecutionContext executionContext)
   at Amazon.Runtime.Internal.CallbackHandler.InvokeAsync[T](IExecutionContext executionContext)
   at Amazon.Runtime.Internal.CallbackHandler.InvokeAsync[T](IExecutionContext executionContext)
   at Amazon.S3.Internal.AmazonS3ExceptionHandler.InvokeAsync[T](IExecutionContext executionContext)
   at Amazon.Runtime.Internal.ErrorCallbackHandler.InvokeAsync[T](IExecutionContext executionContext)
   at Amazon.Runtime.Internal.MetricsHandler.InvokeAsync[T](IExecutionContext executionContext)
   at Amazon.S3.Transfer.Internal.DownloadCommand.ExecuteAsync(CancellationToken cancellationToken)
   at Amazon.S3.Transfer.TransferUtility.Download(String filePath, String bucketName, String key)
   at Core.S3FileStorageService.DownloadFile(String remoteFilePath, String localFilePath) in /src/Core/S3FileStorageService.cs:line 67
   at MTMCWorker.Service.Impl.MtmcWorker.FetchParamsFile(String paramsFileRef, String flowCellPath) in /src/MTMCWorker/Service/Impl/MtmcWorker.cs:line 297
2023-08-22 13:35:27,499 [1] INFO  - Fetching CellStatsDir folder data...
2023-08-22 13:35:27,549 [1] INFO  - Downloading 892d9dcc-e56d-475c-8dee-2c395064223d/2302H0033/c9d29823-a69c-4328-a6b9-53e2b78fa3e3/Run_76ed1d6b-57d6-4076-9a09-09a6f1ded693_20230817_2302h0033_ControlCenter/20230817_175305/20230817_175305_S1/CellStatsDir/CellComposite/CellComposite_F063.jpg
2023-08-22 13:35:27,757 [1] INFO  - Download 892d9dcc-e56d-475c-8dee-2c395064223d/2302H0033/c9d29823-a69c-4328-a6b9-53e2b78fa3e3/Run_76ed1d6b-57d6-4076-9a09-09a6f1ded693_20230817_2302h0033_ControlCenter/20230817_175305/20230817_175305_S1/CellStatsDir/CellComposite/CellComposite_F063.jpg finished
2023-08-22 13:35:27,758 [1] INFO  - Downloading 892d9dcc-e56d-475c-8dee-2c395064223d/2302H0033/c9d29823-a69c-4328-a6b9-53e2b78fa3e3/Run_76ed1d6b-57d6-4076-9a09-09a6f1ded693_20230817_2302h0033_ControlCenter/20230817_175305/20230817_175305_S1/CellStatsDir/CellOverlay/CellOverlay_F063.jpg
2023-08-22 13:35:28,183 [1] INFO  - Download 892d9dcc-e56d-475c-8dee-2c395064223d/2302H0033/c9d29823-a69c-4328-a6b9-53e2b78fa3e3/Run_76ed1d6b-57d6-4076-9a09-09a6f1ded693_20230817_2302h0033_ControlCenter/20230817_175305/20230817_175305_S1/CellStatsDir/CellOverlay/CellOverlay_F063.jpg finished
2023-08-22 13:35:28,184 [1] INFO  - Downloading 892d9dcc-e56d-475c-8dee-2c395064223d/2302H0033/c9d29823-a69c-4328-a6b9-53e2b78fa3e3/Run_76ed1d6b-57d6-4076-9a09-09a6f1ded693_20230817_2302h0033_ControlCenter/20230817_175305/20230817_175305_S1/CellStatsDir/FOV063/CellLabels_F063.tif
2023-08-22 13:35:28,414 [1] INFO  - Download 892d9dcc-e56d-475c-8dee-2c395064223d/2302H0033/c9d29823-a69c-4328-a6b9-53e2b78fa3e3/Run_76ed1d6b-57d6-4076-9a09-09a6f1ded693_20230817_2302h0033_ControlCenter/20230817_175305/20230817_175305_S1/CellStatsDir/FOV063/CellLabels_F063.tif finished
2023-08-22 13:35:28,414 [1] INFO  - Downloading 892d9dcc-e56d-475c-8dee-2c395064223d/2302H0033/c9d29823-a69c-4328-a6b9-53e2b78fa3e3/Run_76ed1d6b-57d6-4076-9a09-09a6f1ded693_20230817_2302h0033_ControlCenter/20230817_175305/20230817_175305_S1/CellStatsDir/FOV063/CompartmentLabels_F063.tif
2023-08-22 13:35:28,693 [1] INFO  - Download 892d9dcc-e56d-475c-8dee-2c395064223d/2302H0033/c9d29823-a69c-4328-a6b9-53e2b78fa3e3/Run_76ed1d6b-57d6-4076-9a09-09a6f1ded693_20230817_2302h0033_ControlCenter/20230817_175305/20230817_175305_S1/CellStatsDir/FOV063/CompartmentLabels_F063.tif finished
2023-08-22 13:35:28,694 [1] INFO  - Downloading 892d9dcc-e56d-475c-8dee-2c395064223d/2302H0033/c9d29823-a69c-4328-a6b9-53e2b78fa3e3/Run_76ed1d6b-57d6-4076-9a09-09a6f1ded693_20230817_2302h0033_ControlCenter/20230817_175305/20230817_175305_S1/CellStatsDir/FOV063/Run_76ed1d6b-57d6-4076-9a09-09a6f1ded693_20230817_175305_S1_Cell_Stats_F063.csv
2023-08-22 13:35:28,886 [1] INFO  - Download 892d9dcc-e56d-475c-8dee-2c395064223d/2302H0033/c9d29823-a69c-4328-a6b9-53e2b78fa3e3/Run_76ed1d6b-57d6-4076-9a09-09a6f1ded693_20230817_2302h0033_ControlCenter/20230817_175305/20230817_175305_S1/CellStatsDir/FOV063/Run_76ed1d6b-57d6-4076-9a09-09a6f1ded693_20230817_175305_S1_Cell_Stats_F063.csv finished
2023-08-22 13:35:28,886 [1] INFO  - Downloading 892d9dcc-e56d-475c-8dee-2c395064223d/2302H0033/c9d29823-a69c-4328-a6b9-53e2b78fa3e3/Run_76ed1d6b-57d6-4076-9a09-09a6f1ded693_20230817_2302h0033_ControlCenter/20230817_175305/20230817_175305_S1/CellStatsDir/Morphology2D/20230817_175305_S1_C902_P99_N99_F063.TIF
2023-08-22 13:35:30,158 [1] INFO  - Download 892d9dcc-e56d-475c-8dee-2c395064223d/2302H0033/c9d29823-a69c-4328-a6b9-53e2b78fa3e3/Run_76ed1d6b-57d6-4076-9a09-09a6f1ded693_20230817_2302h0033_ControlCenter/20230817_175305/20230817_175305_S1/CellStatsDir/Morphology2D/20230817_175305_S1_C902_P99_N99_F063.TIF finished
2023-08-22 13:35:30,158 [1] INFO  - Downloading 892d9dcc-e56d-475c-8dee-2c395064223d/2302H0033/c9d29823-a69c-4328-a6b9-53e2b78fa3e3/Run_76ed1d6b-57d6-4076-9a09-09a6f1ded693_20230817_2302h0033_ControlCenter/20230817_175305/20230817_175305_S1/CellStatsDir/RnD/Run_76ed1d6b-57d6-4076-9a09-09a6f1ded693_20230817_175305_S1_Summary_F063.csv
2023-08-22 13:35:30,298 [1] INFO  - Download 892d9dcc-e56d-475c-8dee-2c395064223d/2302H0033/c9d29823-a69c-4328-a6b9-53e2b78fa3e3/Run_76ed1d6b-57d6-4076-9a09-09a6f1ded693_20230817_2302h0033_ControlCenter/20230817_175305/20230817_175305_S1/CellStatsDir/RnD/Run_76ed1d6b-57d6-4076-9a09-09a6f1ded693_20230817_175305_S1_Summary_F063.csv finished
2023-08-22 13:35:30,298 [1] INFO  - CellStatsDir data download complete.
2023-08-22 13:35:30,298 [1] INFO  - FOV downloaded successfully.
2023-08-22 13:35:30,298 [1] INFO  - Preparing dirs structure for mtmc
2023-08-22 13:35:30,298 [1] INFO  - Preparing mtmc input. FOV dir: FOV063
2023-08-22 13:35:30,301 [1] INFO  - Running mtmc...
2023-08-22 13:35:30,312 [27] INFO  - directory: "/app/input_data/"
2023-08-22 13:35:30,651 [8] INFO  - directory: "/app/out/FOV063/"
2023-08-22 13:40:49,546 [14] INFO  - 2023-08-22 13:35:30,F063,Z,0,iter,0,feat,0,0, Reading and combining input data, 0.03284, sec
2023-08-22 13:40:49,547 [14] INFO  - 2023-08-22 13:35:44,F063,Z,0,iter,0,feat,3994210,3994210, Spot file data loading and filtration , 13.1268, sec
2023-08-22 13:40:49,547 [14] INFO  - 2023-08-22 13:35:47,F063,Z,0,iter,0,feat,3994210,3994210, Seed neighbor determination, 4.90615, sec
2023-08-22 13:40:49,547 [14] INFO  - 2023-08-22 13:35:51,F063,Z,0,iter,0,feat,3994210,3994210, Quality Score Generation, 8.79085, sec
2023-08-22 13:40:49,547 [14] INFO  - 2023-08-22 13:36:00,F063,Z,0,iter,0,feat,3994210,3994210, Spots per feature calculation and feature filtration, 8.44119, sec
2023-08-22 13:40:49,547 [14] INFO  - 2023-08-22 13:36:09,F063,Z,0,iter,0,feat,3994210,3994210, Making Complete Code Target Calls, 6.71093, sec
2023-08-22 13:40:49,547 [14] INFO  - 2023-08-22 13:36:10,F063,Z,0,iter,0,feat,3994210,3994210, Target Call Location Estimation and iteration end update, 1.62011, sec
2023-08-22 13:40:49,547 [14] INFO  - 2023-08-22 13:36:11,F063,Z,0,iter,0,feat,3994210,3994210, Iteration summary generation, 0.014359, sec
2023-08-22 13:40:49,547 [14] INFO  - 2023-08-22 13:36:11,F063,Z,0,iter,0,feat,3994210,3994210, Iteration duration, 28.36, sec
2023-08-22 13:40:49,561 [14] INFO  - 2023-08-22 13:36:16,F063,Z,0,iter,1,feat,3994210,3994210, Seed neighbor determination, 5.04452, sec
2023-08-22 13:40:49,561 [14] INFO  - 2023-08-22 13:36:22,F063,Z,0,iter,1,feat,3994210,3994210, Quality Score Generation, 13.177, sec
2023-08-22 13:40:49,561 [14] INFO  - 2023-08-22 13:36:31,F063,Z,0,iter,1,feat,3994210,3994210, Spots per feature calculation and feature filtration, 6.98956, sec
2023-08-22 13:40:49,561 [14] INFO  - 2023-08-22 13:36:44,F063,Z,0,iter,1,feat,3994210,3994210, Making Complete Code Target Calls, 9.46319, sec
2023-08-22 13:40:49,561 [14] INFO  - 2023-08-22 13:36:49,F063,Z,0,iter,1,feat,3994210,3994210, Target Call Location Estimation and iteration end update, 4.37147, sec
2023-08-22 13:40:49,561 [14] INFO  - 2023-08-22 13:36:49,F063,Z,0,iter,1,feat,3994210,3994210, Iteration summary generation, 0.366615, sec
2023-08-22 13:40:49,561 [14] INFO  - 2023-08-22 13:36:49,F063,Z,0,iter,1,feat,3994210,3994210, Iteration duration, 37.2857, sec
2023-08-22 13:40:49,561 [14] INFO  - 2023-08-22 13:36:49,F063,Z,0,iter,1,feat,3994210,3994210, Z slice processing duration, 78.7981, sec
2023-08-22 13:40:49,561 [14] INFO  - 2023-08-22 13:37:30,F063,Z,1,iter,0,feat,5479816,9474026, Spot file data loading and filtration , 27.0166, sec
2023-08-22 13:40:49,562 [14] INFO  - 2023-08-22 13:37:37,F063,Z,1,iter,0,feat,5479816,9474026, Seed neighbor determination, 9.00455, sec
2023-08-22 13:40:49,562 [31] INFO  - 2023-08-22 13:37:46,F063,Z,1,iter,0,feat,5479816,9474026, Quality Score Generation, 17.8389, sec
2023-08-22 13:40:49,562 [31] INFO  - 2023-08-22 13:37:59,F063,Z,1,iter,0,feat,5479816,9474026, Spots per feature calculation and feature filtration, 11.4756, sec
2023-08-22 13:40:49,562 [31] INFO  - 2023-08-22 13:38:22,F063,Z,1,iter,0,feat,5479816,9474026, Making Complete Code Target Calls, 17.4478, sec
2023-08-22 13:40:49,562 [31] INFO  - 2023-08-22 13:38:30,F063,Z,1,iter,0,feat,5479816,9474026, Target Call Location Estimation and iteration end update, 7.04493, sec
2023-08-22 13:40:49,562 [31] INFO  - 2023-08-22 13:38:30,F063,Z,1,iter,0,feat,5479816,9474026, Iteration summary generation, 0.063071, sec
2023-08-22 13:40:49,562 [31] INFO  - 2023-08-22 13:38:30,F063,Z,1,iter,0,feat,5479816,9474026, Iteration duration, 59.5109, sec
2023-08-22 13:40:49,562 [31] INFO  - 2023-08-22 13:38:35,F063,Z,1,iter,1,feat,5479816,9474026, Seed neighbor determination, 8.94629, sec
2023-08-22 13:40:49,562 [31] INFO  - 2023-08-22 13:38:49,F063,Z,1,iter,1,feat,5479816,9474026, Quality Score Generation, 29.3872, sec
2023-08-22 13:40:49,562 [31] INFO  - 2023-08-22 13:38:59,F063,Z,1,iter,1,feat,5479816,9474026, Spots per feature calculation and feature filtration, 9.05318, sec
2023-08-22 13:40:49,562 [31] INFO  - 2023-08-22 13:39:20,F063,Z,1,iter,1,feat,5479816,9474026, Making Complete Code Target Calls, 19.2915, sec
2023-08-22 13:40:49,563 [31] INFO  - 2023-08-22 13:39:26,F063,Z,1,iter,1,feat,5479816,9474026, Target Call Location Estimation and iteration end update, 5.76718, sec
2023-08-22 13:40:49,563 [31] INFO  - 2023-08-22 13:39:27,F063,Z,1,iter,1,feat,5479816,9474026, Iteration summary generation, 1.04609, sec
2023-08-22 13:40:49,563 [31] INFO  - 2023-08-22 13:39:27,F063,Z,1,iter,1,feat,5479816,9474026, Iteration duration, 69.547, sec
2023-08-22 13:40:49,563 [31] INFO  - 2023-08-22 13:39:27,F063,Z,1,iter,1,feat,5479816,9474026, Z slice processing duration, 158.698, sec
2023-08-22 13:40:49,563 [31] INFO  - 2023-08-22 13:40:00,F063,Z,2,iter,0,feat,4779963,14253989, Spot file data loading and filtration , 19.1075, sec
2023-08-22 13:40:49,563 [31] INFO  - 2023-08-22 13:40:03,F063,Z,2,iter,0,feat,4779963,14253989, Seed neighbor determination, 6.28888, sec
2023-08-22 13:40:49,563 [31] INFO  - 2023-08-22 13:40:10,F063,Z,2,iter,0,feat,4779963,14253989, Quality Score Generation, 15.9651, sec
2023-08-22 13:40:49,563 [31] INFO  - 2023-08-22 13:40:21,F063,Z,2,iter,0,feat,4779963,14253989, Spots per feature calculation and feature filtration, 9.85227, sec
2023-08-22 13:40:49,563 [31] INFO  - 2023-08-22 13:40:44,F063,Z,2,iter,0,feat,4779963,14253989, Making Complete Code Target Calls, 17.5274, sec
2023-08-22 13:45:29,711 [31] INFO  - 2023-08-22 13:40:49,F063,Z,2,iter,0,feat,4779963,14253989, Target Call Location Estimation and iteration end update, 5.18805, sec
2023-08-22 13:45:29,721 [31] INFO  - 2023-08-22 13:40:49,F063,Z,2,iter,0,feat,4779963,14253989, Iteration summary generation, 0.043892, sec
2023-08-22 13:45:29,721 [31] INFO  - 2023-08-22 13:40:49,F063,Z,2,iter,0,feat,4779963,14253989, Iteration duration, 52.5385, sec
2023-08-22 13:45:29,721 [31] INFO  - 2023-08-22 13:40:52,F063,Z,2,iter,1,feat,4779963,14253989, Seed neighbor determination, 6.1041, sec
2023-08-22 13:45:29,721 [31] INFO  - 2023-08-22 13:41:04,F063,Z,2,iter,1,feat,4779963,14253989, Quality Score Generation, 22.6537, sec
2023-08-22 13:45:29,721 [31] INFO  - 2023-08-22 13:41:15,F063,Z,2,iter,1,feat,4779963,14253989, Spots per feature calculation and feature filtration, 7.5686, sec
2023-08-22 13:45:29,721 [31] INFO  - 2023-08-22 13:41:36,F063,Z,2,iter,1,feat,4779963,14253989, Making Complete Code Target Calls, 16.0865, sec
2023-08-22 13:45:29,721 [31] INFO  - 2023-08-22 13:41:39,F063,Z,2,iter,1,feat,4779963,14253989, Target Call Location Estimation and iteration end update, 2.39806, sec
2023-08-22 13:45:29,721 [31] INFO  - 2023-08-22 13:41:40,F063,Z,2,iter,1,feat,4779963,14253989, Iteration summary generation, 0.858469, sec
2023-08-22 13:45:29,725 [42] INFO  - 2023-08-22 13:41:40,F063,Z,2,iter,1,feat,4779963,14253989, Iteration duration, 53.2681, sec
2023-08-22 13:45:29,726 [42] INFO  - 2023-08-22 13:41:40,F063,Z,2,iter,1,feat,4779963,14253989, Z slice processing duration, 129.451, sec
2023-08-22 13:45:29,726 [42] INFO  - 2023-08-22 13:42:08,F063,Z,3,iter,0,feat,4263172,18517161, Spot file data loading and filtration , 19.0872, sec
2023-08-22 13:45:29,726 [42] INFO  - 2023-08-22 13:42:11,F063,Z,3,iter,0,feat,4263172,18517161, Seed neighbor determination, 5.45237, sec
2023-08-22 13:45:29,726 [42] INFO  - 2023-08-22 13:42:19,F063,Z,3,iter,0,feat,4263172,18517161, Quality Score Generation, 14.9251, sec
2023-08-22 13:45:29,726 [42] INFO  - 2023-08-22 13:42:32,F063,Z,3,iter,0,feat,4263172,18517161, Spots per feature calculation and feature filtration, 8.31751, sec
2023-08-22 13:45:29,726 [42] INFO  - 2023-08-22 13:42:47,F063,Z,3,iter,0,feat,4263172,18517161, Making Complete Code Target Calls, 13.4872, sec
2023-08-22 13:45:29,726 [42] INFO  - 2023-08-22 13:42:55,F063,Z,3,iter,0,feat,4263172,18517161, Target Call Location Estimation and iteration end update, 7.19379, sec
2023-08-22 13:45:29,726 [42] INFO  - 2023-08-22 13:42:55,F063,Z,3,iter,0,feat,4263172,18517161, Iteration summary generation, 0.047682, sec
2023-08-22 13:45:29,726 [42] INFO  - 2023-08-22 13:42:55,F063,Z,3,iter,0,feat,4263172,18517161, Iteration duration, 47.2074, sec
2023-08-22 13:45:29,726 [42] INFO  - 2023-08-22 13:42:58,F063,Z,3,iter,1,feat,4263172,18517161, Seed neighbor determination, 5.48726, sec
2023-08-22 13:45:29,726 [42] INFO  - 2023-08-22 13:43:12,F063,Z,3,iter,1,feat,4263172,18517161, Quality Score Generation, 28.9109, sec
2023-08-22 13:45:29,726 [42] INFO  - 2023-08-22 13:43:19,F063,Z,3,iter,1,feat,4263172,18517161, Spots per feature calculation and feature filtration, 7.37116, sec
2023-08-22 13:45:29,726 [42] INFO  - 2023-08-22 13:43:39,F063,Z,3,iter,1,feat,4263172,18517161, Making Complete Code Target Calls, 17.4051, sec
2023-08-22 13:45:29,726 [42] INFO  - 2023-08-22 13:43:46,F063,Z,3,iter,1,feat,4263172,18517161, Target Call Location Estimation and iteration end update, 7.04347, sec
2023-08-22 13:45:29,726 [42] INFO  - 2023-08-22 13:43:47,F063,Z,3,iter,1,feat,4263172,18517161, Iteration summary generation, 0.841878, sec
2023-08-22 13:45:29,726 [42] INFO  - 2023-08-22 13:43:47,F063,Z,3,iter,1,feat,4263172,18517161, Iteration duration, 64.8912, sec
2023-08-22 13:45:29,726 [42] INFO  - 2023-08-22 13:43:47,F063,Z,3,iter,1,feat,4263172,18517161, Z slice processing duration, 134.31, sec
2023-08-22 13:45:29,726 [42] INFO  - 2023-08-22 13:44:24,F063,Z,4,iter,0,feat,3906827,22423988, Spot file data loading and filtration , 32.0944, sec
2023-08-22 13:45:29,727 [31] INFO  - 2023-08-22 13:44:28,F063,Z,4,iter,0,feat,3906827,22423988, Seed neighbor determination, 5.24892, sec
2023-08-22 13:45:29,727 [31] INFO  - 2023-08-22 13:44:33,F063,Z,4,iter,0,feat,3906827,22423988, Quality Score Generation, 10.4347, sec
2023-08-22 13:45:29,727 [31] INFO  - 2023-08-22 13:44:42,F063,Z,4,iter,0,feat,3906827,22423988, Spots per feature calculation and feature filtration, 8.28368, sec
2023-08-22 13:45:29,727 [31] INFO  - 2023-08-22 13:44:58,F063,Z,4,iter,0,feat,3906827,22423988, Making Complete Code Target Calls, 8.61723, sec
2023-08-22 13:45:29,727 [31] INFO  - 2023-08-22 13:45:01,F063,Z,4,iter,0,feat,3906827,22423988, Target Call Location Estimation and iteration end update, 2.56891, sec
2023-08-22 13:45:29,727 [31] INFO  - 2023-08-22 13:45:01,F063,Z,4,iter,0,feat,3906827,22423988, Iteration summary generation, 0.029363, sec
2023-08-22 13:45:29,727 [31] INFO  - 2023-08-22 13:45:01,F063,Z,4,iter,0,feat,3906827,22423988, Iteration duration, 32.9648, sec
2023-08-22 13:45:29,727 [31] INFO  - 2023-08-22 13:45:04,F063,Z,4,iter,1,feat,3906827,22423988, Seed neighbor determination, 4.62595, sec
2023-08-22 13:45:29,727 [31] INFO  - 2023-08-22 13:45:10,F063,Z,4,iter,1,feat,3906827,22423988, Quality Score Generation, 15.3155, sec
2023-08-22 13:45:29,727 [31] INFO  - 2023-08-22 13:45:17,F063,Z,4,iter,1,feat,3906827,22423988, Spots per feature calculation and feature filtration, 6.18431, sec
2023-08-22 13:49:54,383 [31] INFO  - 2023-08-22 13:45:29,F063,Z,4,iter,1,feat,3906827,22423988, Making Complete Code Target Calls, 10.9689, sec
2023-08-22 13:49:54,384 [31] INFO  - 2023-08-22 13:45:35,F063,Z,4,iter,1,feat,3906827,22423988, Target Call Location Estimation and iteration end update, 4.2866, sec
2023-08-22 13:49:54,384 [31] INFO  - 2023-08-22 13:45:36,F063,Z,4,iter,1,feat,3906827,22423988, Iteration summary generation, 0.737164, sec
2023-08-22 13:49:54,384 [31] INFO  - 2023-08-22 13:45:36,F063,Z,4,iter,1,feat,3906827,22423988, Iteration duration, 40.4299, sec
2023-08-22 13:49:54,384 [31] INFO  - 2023-08-22 13:45:36,F063,Z,4,iter,1,feat,3906827,22423988, Z slice processing duration, 108.271, sec
2023-08-22 13:49:54,384 [31] INFO  - 2023-08-22 13:46:12,F063,Z,5,iter,0,feat,3675543,26099531, Spot file data loading and filtration , 19.5205, sec
2023-08-22 13:49:54,384 [31] INFO  - 2023-08-22 13:46:15,F063,Z,5,iter,0,feat,3675543,26099531, Seed neighbor determination, 4.70325, sec
2023-08-22 13:49:54,384 [31] INFO  - 2023-08-22 13:46:22,F063,Z,5,iter,0,feat,3675543,26099531, Quality Score Generation, 14.1585, sec
2023-08-22 13:49:54,384 [31] INFO  - 2023-08-22 13:46:34,F063,Z,5,iter,0,feat,3675543,26099531, Spots per feature calculation and feature filtration, 7.80381, sec
2023-08-22 13:49:54,384 [31] INFO  - 2023-08-22 13:46:48,F063,Z,5,iter,0,feat,3675543,26099531, Making Complete Code Target Calls, 10.0679, sec
2023-08-22 13:49:54,384 [31] INFO  - 2023-08-22 13:46:54,F063,Z,5,iter,0,feat,3675543,26099531, Target Call Location Estimation and iteration end update, 6.09151, sec
2023-08-22 13:49:54,385 [31] INFO  - 2023-08-22 13:46:54,F063,Z,5,iter,0,feat,3675543,26099531, Iteration summary generation, 0.038419, sec
2023-08-22 13:49:54,385 [31] INFO  - 2023-08-22 13:46:54,F063,Z,5,iter,0,feat,3675543,26099531, Iteration duration, 41.1313, sec
2023-08-22 13:49:54,385 [31] INFO  - 2023-08-22 13:46:56,F063,Z,5,iter,1,feat,3675543,26099531, Seed neighbor determination, 5.12293, sec
2023-08-22 13:49:54,385 [31] INFO  - 2023-08-22 13:47:04,F063,Z,5,iter,1,feat,3675543,26099531, Quality Score Generation, 18.0472, sec
2023-08-22 13:49:54,385 [31] INFO  - 2023-08-22 13:47:09,F063,Z,5,iter,1,feat,3675543,26099531, Spots per feature calculation and feature filtration, 5.67151, sec
2023-08-22 13:49:54,385 [31] INFO  - 2023-08-22 13:47:23,F063,Z,5,iter,1,feat,3675543,26099531, Making Complete Code Target Calls, 11.1576, sec
2023-08-22 13:49:54,385 [31] INFO  - 2023-08-22 13:47:28,F063,Z,5,iter,1,feat,3675543,26099531, Target Call Location Estimation and iteration end update, 4.91996, sec
2023-08-22 13:49:54,385 [31] INFO  - 2023-08-22 13:47:29,F063,Z,5,iter,1,feat,3675543,26099531, Iteration summary generation, 0.736623, sec
2023-08-22 13:49:54,385 [31] INFO  - 2023-08-22 13:47:29,F063,Z,5,iter,1,feat,3675543,26099531, Iteration duration, 43.582, sec
2023-08-22 13:49:54,385 [31] INFO  - 2023-08-22 13:47:29,F063,Z,5,iter,1,feat,3675543,26099531, Z slice processing duration, 106.609, sec
2023-08-22 13:49:54,385 [31] INFO  - 2023-08-22 13:47:59,F063,Z,6,iter,0,feat,3596663,29696194, Spot file data loading and filtration , 20.6573, sec
2023-08-22 13:49:54,385 [31] INFO  - 2023-08-22 13:48:02,F063,Z,6,iter,0,feat,3596663,29696194, Seed neighbor determination, 4.84125, sec
2023-08-22 13:49:54,385 [31] INFO  - 2023-08-22 13:48:08,F063,Z,6,iter,0,feat,3596663,29696194, Quality Score Generation, 14.3003, sec
2023-08-22 13:49:54,385 [31] INFO  - 2023-08-22 13:48:17,F063,Z,6,iter,0,feat,3596663,29696194, Spots per feature calculation and feature filtration, 7.94503, sec
2023-08-22 13:49:54,385 [31] INFO  - 2023-08-22 13:48:28,F063,Z,6,iter,0,feat,3596663,29696194, Making Complete Code Target Calls, 9.18671, sec
2023-08-22 13:49:54,385 [31] INFO  - 2023-08-22 13:48:35,F063,Z,6,iter,0,feat,3596663,29696194, Target Call Location Estimation and iteration end update, 4.45657, sec
2023-08-22 13:49:54,385 [31] INFO  - 2023-08-22 13:48:35,F063,Z,6,iter,0,feat,3596663,29696194, Iteration summary generation, 0.029919, sec
2023-08-22 13:49:54,385 [31] INFO  - 2023-08-22 13:48:35,F063,Z,6,iter,0,feat,3596663,29696194, Iteration duration, 38.9256, sec
2023-08-22 13:49:54,385 [31] INFO  - 2023-08-22 13:48:38,F063,Z,6,iter,1,feat,3596663,29696194, Seed neighbor determination, 4.79163, sec
2023-08-22 13:49:54,385 [31] INFO  - 2023-08-22 13:48:46,F063,Z,6,iter,1,feat,3596663,29696194, Quality Score Generation, 13.4135, sec
2023-08-22 13:49:54,385 [31] INFO  - 2023-08-22 13:48:53,F063,Z,6,iter,1,feat,3596663,29696194, Spots per feature calculation and feature filtration, 5.27534, sec
2023-08-22 13:49:54,386 [31] INFO  - 2023-08-22 13:49:06,F063,Z,6,iter,1,feat,3596663,29696194, Making Complete Code Target Calls, 10.5638, sec
2023-08-22 13:49:54,386 [31] INFO  - 2023-08-22 13:49:13,F063,Z,6,iter,1,feat,3596663,29696194, Target Call Location Estimation and iteration end update, 6.01112, sec
2023-08-22 13:49:54,386 [31] INFO  - 2023-08-22 13:49:14,F063,Z,6,iter,1,feat,3596663,29696194, Iteration summary generation, 0.581384, sec
2023-08-22 13:49:54,386 [31] INFO  - 2023-08-22 13:49:14,F063,Z,6,iter,1,feat,3596663,29696194, Iteration duration, 38.5742, sec
2023-08-22 13:49:54,386 [31] INFO  - 2023-08-22 13:49:14,F063,Z,6,iter,1,feat,3596663,29696194, Z slice processing duration, 100.774, sec
2023-08-22 13:49:54,386 [31] INFO  - 2023-08-22 13:49:50,F063,Z,7,iter,0,feat,4043255,33739449, Spot file data loading and filtration , 31.294, sec
2023-08-22 13:51:28,950 [31] INFO  - 2023-08-22 13:49:54,F063,Z,7,iter,0,feat,4043255,33739449, Seed neighbor determination, 6.80322, sec
2023-08-22 13:51:28,950 [31] INFO  - 2023-08-22 13:50:00,F063,Z,7,iter,0,feat,4043255,33739449, Quality Score Generation, 14.7927, sec
2023-08-22 13:51:28,950 [31] INFO  - 2023-08-22 13:50:09,F063,Z,7,iter,0,feat,4043255,33739449, Spots per feature calculation and feature filtration, 7.92674, sec
2023-08-22 13:51:28,950 [31] INFO  - 2023-08-22 13:50:22,F063,Z,7,iter,0,feat,4043255,33739449, Making Complete Code Target Calls, 12.3505, sec
2023-08-22 13:51:28,950 [31] INFO  - 2023-08-22 13:50:27,F063,Z,7,iter,0,feat,4043255,33739449, Target Call Location Estimation and iteration end update, 4.67507, sec
2023-08-22 13:51:28,950 [31] INFO  - 2023-08-22 13:50:27,F063,Z,7,iter,0,feat,4043255,33739449, Iteration summary generation, 0.034626, sec
2023-08-22 13:51:28,950 [31] INFO  - 2023-08-22 13:50:27,F063,Z,7,iter,0,feat,4043255,33739449, Iteration duration, 43.6589, sec
2023-08-22 13:51:28,950 [31] INFO  - 2023-08-22 13:50:31,F063,Z,7,iter,1,feat,4043255,33739449, Seed neighbor determination, 5.77358, sec
2023-08-22 13:51:28,950 [31] INFO  - 2023-08-22 13:50:38,F063,Z,7,iter,1,feat,4043255,33739449, Quality Score Generation, 15.9879, sec
2023-08-22 13:51:28,977 [31] INFO  - 2023-08-22 13:50:48,F063,Z,7,iter,1,feat,4043255,33739449, Spots per feature calculation and feature filtration, 5.93881, sec
2023-08-22 13:51:28,977 [31] INFO  - 2023-08-22 13:51:00,F063,Z,7,iter,1,feat,4043255,33739449, Making Complete Code Target Calls, 11.5795, sec
2023-08-22 13:51:28,977 [31] INFO  - 2023-08-22 13:51:04,F063,Z,7,iter,1,feat,4043255,33739449, Target Call Location Estimation and iteration end update, 3.03462, sec
2023-08-22 13:51:28,977 [31] INFO  - 2023-08-22 13:51:05,F063,Z,7,iter,1,feat,4043255,33739449, Iteration summary generation, 0.509663, sec
2023-08-22 13:51:28,977 [31] INFO  - 2023-08-22 13:51:05,F063,Z,7,iter,1,feat,4043255,33739449, Iteration duration, 40.3086, sec
2023-08-22 13:51:28,977 [31] INFO  - 2023-08-22 13:51:05,F063,Z,7,iter,1,feat,4043255,33739449, Z slice processing duration, 117.717, sec
2023-08-22 13:51:28,977 [31] INFO  - 2023-08-22 13:51:11,F063,Z,8,iter,0,feat,1149188,34888637, Spot file data loading and filtration , 1.98639, sec
2023-08-22 13:51:28,977 [31] INFO  - 2023-08-22 13:51:12,F063,Z,8,iter,0,feat,1149188,34888637, Seed neighbor determination, 1.58664, sec
2023-08-22 13:51:28,977 [31] INFO  - 2023-08-22 13:51:14,F063,Z,8,iter,0,feat,1149188,34888637, Quality Score Generation, 3.18608, sec
2023-08-22 13:51:28,977 [31] INFO  - 2023-08-22 13:51:17,F063,Z,8,iter,0,feat,1149188,34888637, Spots per feature calculation and feature filtration, 2.51568, sec
2023-08-22 13:51:28,981 [31] INFO  - 2023-08-22 13:51:18,F063,Z,8,iter,0,feat,1149188,34888637, Making Complete Code Target Calls, 0.732322, sec
2023-08-22 13:51:28,981 [31] INFO  - 2023-08-22 13:51:18,F063,Z,8,iter,0,feat,1149188,34888637, Target Call Location Estimation and iteration end update, 0.258403, sec
2023-08-22 13:51:28,981 [31] INFO  - 2023-08-22 13:51:18,F063,Z,8,iter,0,feat,1149188,34888637, Iteration summary generation, 0.001946, sec
2023-08-22 13:51:28,981 [31] INFO  - 2023-08-22 13:51:18,F063,Z,8,iter,0,feat,1149188,34888637, Iteration duration, 7.61022, sec
2023-08-22 13:51:28,981 [31] INFO  - 2023-08-22 13:51:19,F063,Z,8,iter,1,feat,1149188,34888637, Seed neighbor determination, 1.35385, sec
2023-08-22 13:51:28,981 [31] INFO  - 2023-08-22 13:51:21,F063,Z,8,iter,1,feat,1149188,34888637, Quality Score Generation, 3.28099, sec
2023-08-22 13:51:28,981 [31] INFO  - 2023-08-22 13:51:23,F063,Z,8,iter,1,feat,1149188,34888637, Spots per feature calculation and feature filtration, 2.25363, sec
2023-08-22 13:51:28,981 [31] INFO  - 2023-08-22 13:51:25,F063,Z,8,iter,1,feat,1149188,34888637, Making Complete Code Target Calls, 0.991473, sec
2023-08-22 13:51:28,981 [31] INFO  - 2023-08-22 13:51:25,F063,Z,8,iter,1,feat,1149188,34888637, Target Call Location Estimation and iteration end update, 0.168788, sec
2023-08-22 13:51:28,981 [31] INFO  - 2023-08-22 13:51:25,F063,Z,8,iter,1,feat,1149188,34888637, Iteration summary generation, 0.07681, sec
2023-08-22 13:51:28,981 [31] INFO  - 2023-08-22 13:51:25,F063,Z,8,iter,1,feat,1149188,34888637, Iteration duration, 7.60479, sec
2023-08-22 13:51:28,981 [31] INFO  - 2023-08-22 13:51:25,F063,Z,8,iter,1,feat,1149188,34888637, Z slice processing duration, 20.0918, sec
2023-08-22 13:51:28,981 [31] INFO  - 2023-08-22 13:51:28,F063,Z,8,iter,1,feat,1149188,34888637, FOV processing duration (final) , 957.395, sec
2023-08-22 13:51:29,005 [59] INFO  - Exited
2023-08-22 13:51:29,005 [59] INFO  - System.EventArgs
2023-08-22 13:51:29,006 [59] INFO  - { }
2023-08-22 13:51:29,007 [1] INFO  - mtmc run complete
2023-08-22 13:51:29,007 [1] INFO  - Zipping and uploading results...
2023-08-22 13:51:29,007 [1] INFO  - Uploading mtm results to storage.
2023-08-22 13:51:29,008 [1] INFO  - Start uploading /app/out/FOV063 to 892d9dcc-e56d-475c-8dee-2c395064223d/2302H0033/c9d29823-a69c-4328-a6b9-53e2b78fa3e3/Run_76ed1d6b-57d6-4076-9a09-09a6f1ded693_20230817_2302h0033_ControlCenter/20230817_175305/20230817_175305_S1/AnalysisResults/oxdwyv2woj/FOV063
2023-08-22 13:51:29,008 [1] INFO  - Executing with retries set to: 10
2023-08-22 13:51:30,924 [1] INFO  - Upload /app/out/FOV063 finished
2023-08-22 13:51:30,924 [1] INFO  - Results uploaded.
2023-08-22 13:51:30,924 [1] INFO  - All done
2023-08-22 13:51:30,924 [1] INFO  - Executing with retries set to: 10
2023-08-22 13:51:30,924 [1] INFO  - Setting fov oxdwyv2woj-14tns into status Completed
2023-08-22 13:51:30,939 [1] INFO  - Saving a fov processing run: oxdwyv2woj-14tns
2023-08-22 13:51:30,939 [1] INFO  - Updating an existing fov run.
2023-08-22 13:51:30,941 [1] INFO  - Uploading logs
2023-08-22 13:51:30,942 [1] INFO  - Start uploading 892d9dcc-e56d-475c-8dee-2c395064223d/2302H0033/c9d29823-a69c-4328-a6b9-53e2b78fa3e3/Run_76ed1d6b-57d6-4076-9a09-09a6f1ded693_20230817_2302h0033_ControlCenter/20230817_175305/20230817_175305_S1/AnalysisResults/oxdwyv2woj/FOV063/mtm-run.log
