2023-08-22 13:32:36,189 [1] INFO  - Using bucket s3-euw1-eu2-datarepository-eu2-eu2-kcl-01 and region eu-west-1
2023-08-22 13:32:36,241 [1] INFO  - Using role to access S3
2023-08-22 13:32:36,650 [1] INFO  - ===============================
2023-08-22 13:32:36,651 [1] INFO  - build info: 
commit 1860d865ce7409a4b25d5549a62e2b7be0a93d33
Author: alexander-serebriyan <alexander.serebriyan@teamdev.com>
Date:   Fri Feb 10 15:42:48 2023 +0100

    Add UAT env for ECR pushing.

Build done on: Fri Feb 10 14:46:39 UTC 2023
Version: 20230210.1

2023-08-22 13:32:36,651 [1] INFO  - ===============================
2023-08-22 13:32:36,651 [1] INFO  - Starting the job. Results will be uploaded to: 892d9dcc-e56d-475c-8dee-2c395064223d/2302H0033/c9d29823-a69c-4328-a6b9-53e2b78fa3e3/Run_76ed1d6b-57d6-4076-9a09-09a6f1ded693_20230817_2302h0033_ControlCenter/20230817_175305/20230817_175305_S1/AnalysisResults/oxdwyv2woj/FOV020
2023-08-22 13:32:36,651 [1] INFO  - Checking FOV status. Ref: oxdwyv2woj-3tn2o, ID: 892d9dcc-e56d-475c-8dee-2c395064223d/2302H0033/c9d29823-a69c-4328-a6b9-53e2b78fa3e3/Run_76ed1d6b-57d6-4076-9a09-09a6f1ded693_20230817_2302h0033_ControlCenter/20230817_175305/20230817_175305_S1/SpotFiles/FOV020/
2023-08-22 13:32:36,907 [1] INFO  - Executing with retries set to: 10
2023-08-22 13:32:36,907 [1] INFO  - Setting fov oxdwyv2woj-3tn2o into status InProgress
2023-08-22 13:32:36,910 [1] INFO  - Saving a fov processing run: oxdwyv2woj-3tn2o
2023-08-22 13:32:36,910 [1] INFO  - Updating an existing fov run.
2023-08-22 13:32:36,981 [1] INFO  - Downloading FOV using next path: 892d9dcc-e56d-475c-8dee-2c395064223d/2302H0033/c9d29823-a69c-4328-a6b9-53e2b78fa3e3/Run_76ed1d6b-57d6-4076-9a09-09a6f1ded693_20230817_2302h0033_ControlCenter/20230817_175305/20230817_175305_S1/SpotFiles/FOV020/
2023-08-22 13:32:36,981 [1] INFO  - Start downloading 892d9dcc-e56d-475c-8dee-2c395064223d/2302H0033/c9d29823-a69c-4328-a6b9-53e2b78fa3e3/Run_76ed1d6b-57d6-4076-9a09-09a6f1ded693_20230817_2302h0033_ControlCenter/20230817_175305/20230817_175305_S1/SpotFiles/FOV020/
2023-08-22 13:32:36,981 [1] INFO  - Executing with retries set to: 10
2023-08-22 13:36:34,584 [1] INFO  - Download 892d9dcc-e56d-475c-8dee-2c395064223d/2302H0033/c9d29823-a69c-4328-a6b9-53e2b78fa3e3/Run_76ed1d6b-57d6-4076-9a09-09a6f1ded693_20230817_2302h0033_ControlCenter/20230817_175305/20230817_175305_S1/SpotFiles/FOV020/ complete
2023-08-22 13:36:34,584 [1] INFO  - Custom plex file specified. The default one will be overriden.
2023-08-22 13:36:34,584 [1] INFO  - Downloading plex file using next path: 892d9dcc-e56d-475c-8dee-2c395064223d/2302H0033/c9d29823-a69c-4328-a6b9-53e2b78fa3e3/Run_76ed1d6b-57d6-4076-9a09-09a6f1ded693_20230817_2302h0033_ControlCenter/20230817_175305/20230817_175305_S1/plex-oxdwyv2woj.txt
2023-08-22 13:36:34,585 [1] INFO  - Downloading 892d9dcc-e56d-475c-8dee-2c395064223d/2302H0033/c9d29823-a69c-4328-a6b9-53e2b78fa3e3/Run_76ed1d6b-57d6-4076-9a09-09a6f1ded693_20230817_2302h0033_ControlCenter/20230817_175305/20230817_175305_S1/plex-oxdwyv2woj.txt
2023-08-22 13:36:34,703 [1] INFO  - Download 892d9dcc-e56d-475c-8dee-2c395064223d/2302H0033/c9d29823-a69c-4328-a6b9-53e2b78fa3e3/Run_76ed1d6b-57d6-4076-9a09-09a6f1ded693_20230817_2302h0033_ControlCenter/20230817_175305/20230817_175305_S1/plex-oxdwyv2woj.txt finished
2023-08-22 13:36:34,703 [1] INFO  - No user params file specified. Trying to use the one from the storage.
2023-08-22 13:36:34,703 [1] INFO  - Downloading params file using next path: 892d9dcc-e56d-475c-8dee-2c395064223d/2302H0033/c9d29823-a69c-4328-a6b9-53e2b78fa3e3/Run_76ed1d6b-57d6-4076-9a09-09a6f1ded693_20230817_2302h0033_ControlCenter/20230817_175305/20230817_175305_S1/analysis_params_v6.txt
2023-08-22 13:36:34,703 [1] INFO  - Downloading 892d9dcc-e56d-475c-8dee-2c395064223d/2302H0033/c9d29823-a69c-4328-a6b9-53e2b78fa3e3/Run_76ed1d6b-57d6-4076-9a09-09a6f1ded693_20230817_2302h0033_ControlCenter/20230817_175305/20230817_175305_S1/analysis_params_v6.txt
2023-08-22 13:36:34,737 [1] ERROR -    at Amazon.Runtime.Internal.HttpErrorResponseExceptionHandler.HandleExceptionStream(IRequestContext requestContext, IWebResponseData httpErrorResponse, HttpErrorResponseException exception, Stream responseStream)
   at Amazon.Runtime.Internal.HttpErrorResponseExceptionHandler.HandleExceptionAsync(IExecutionContext executionContext, HttpErrorResponseException exception)
   at Amazon.Runtime.Internal.ExceptionHandler`1.HandleAsync(IExecutionContext executionContext, Exception exception)
   at Amazon.Runtime.Internal.ErrorHandler.ProcessExceptionAsync(IExecutionContext executionContext, Exception exception)
   at Amazon.Runtime.Internal.ErrorHandler.InvokeAsync[T](IExecutionContext executionContext)
   at Amazon.Runtime.Internal.CallbackHandler.InvokeAsync[T](IExecutionContext executionContext)
   at Amazon.Runtime.Internal.EndpointDiscoveryHandler.InvokeAsync[T](IExecutionContext executionContext)
   at Amazon.Runtime.Internal.EndpointDiscoveryHandler.InvokeAsync[T](IExecutionContext executionContext)
   at Amazon.Runtime.Internal.CredentialsRetriever.InvokeAsync[T](IExecutionContext executionContext)
   at Amazon.Runtime.Internal.RetryHandler.InvokeAsync[T](IExecutionContext executionContext)
   at Amazon.Runtime.Internal.RetryHandler.InvokeAsync[T](IExecutionContext executionContext)
   at Amazon.Runtime.Internal.CallbackHandler.InvokeAsync[T](IExecutionContext executionContext)
   at Amazon.Runtime.Internal.CallbackHandler.InvokeAsync[T](IExecutionContext executionContext)
   at Amazon.S3.Internal.AmazonS3ExceptionHandler.InvokeAsync[T](IExecutionContext executionContext)
   at Amazon.Runtime.Internal.ErrorCallbackHandler.InvokeAsync[T](IExecutionContext executionContext)
   at Amazon.Runtime.Internal.MetricsHandler.InvokeAsync[T](IExecutionContext executionContext)
   at Amazon.S3.Transfer.Internal.DownloadCommand.ExecuteAsync(CancellationToken cancellationToken)
   at Amazon.S3.Transfer.TransferUtility.Download(String filePath, String bucketName, String key)
   at Core.S3FileStorageService.DownloadFile(String remoteFilePath, String localFilePath) in /src/Core/S3FileStorageService.cs:line 67
   at MTMCWorker.Service.Impl.MtmcWorker.FetchParamsFile(String paramsFileRef, String flowCellPath) in /src/MTMCWorker/Service/Impl/MtmcWorker.cs:line 297
2023-08-22 13:36:34,737 [1] INFO  - Can't download params file next to nBCDir. Using the default one.
Amazon.S3.AmazonS3Exception: The specified key does not exist.
 ---> Amazon.Runtime.Internal.HttpErrorResponseException: Exception of type 'Amazon.Runtime.Internal.HttpErrorResponseException' was thrown.
   at Amazon.Runtime.HttpWebRequestMessage.GetResponseAsync(CancellationToken cancellationToken)
   at Amazon.Runtime.Internal.HttpHandler`1.InvokeAsync[T](IExecutionContext executionContext)
   at Amazon.Runtime.Internal.RedirectHandler.InvokeAsync[T](IExecutionContext executionContext)
   at Amazon.Runtime.Internal.Unmarshaller.InvokeAsync[T](IExecutionContext executionContext)
   at Amazon.S3.Internal.AmazonS3ResponseHandler.InvokeAsync[T](IExecutionContext executionContext)
   at Amazon.Runtime.Internal.ErrorHandler.InvokeAsync[T](IExecutionContext executionContext)
   --- End of inner exception stack trace ---
   at Amazon.Runtime.Internal.HttpErrorResponseExceptionHandler.HandleExceptionStream(IRequestContext requestContext, IWebResponseData httpErrorResponse, HttpErrorResponseException exception, Stream responseStream)
   at Amazon.Runtime.Internal.HttpErrorResponseExceptionHandler.HandleExceptionAsync(IExecutionContext executionContext, HttpErrorResponseException exception)
   at Amazon.Runtime.Internal.ExceptionHandler`1.HandleAsync(IExecutionContext executionContext, Exception exception)
   at Amazon.Runtime.Internal.ErrorHandler.ProcessExceptionAsync(IExecutionContext executionContext, Exception exception)
   at Amazon.Runtime.Internal.ErrorHandler.InvokeAsync[T](IExecutionContext executionContext)
   at Amazon.Runtime.Internal.CallbackHandler.InvokeAsync[T](IExecutionContext executionContext)
   at Amazon.Runtime.Internal.EndpointDiscoveryHandler.InvokeAsync[T](IExecutionContext executionContext)
   at Amazon.Runtime.Internal.EndpointDiscoveryHandler.InvokeAsync[T](IExecutionContext executionContext)
   at Amazon.Runtime.Internal.CredentialsRetriever.InvokeAsync[T](IExecutionContext executionContext)
   at Amazon.Runtime.Internal.RetryHandler.InvokeAsync[T](IExecutionContext executionContext)
   at Amazon.Runtime.Internal.RetryHandler.InvokeAsync[T](IExecutionContext executionContext)
   at Amazon.Runtime.Internal.CallbackHandler.InvokeAsync[T](IExecutionContext executionContext)
   at Amazon.Runtime.Internal.CallbackHandler.InvokeAsync[T](IExecutionContext executionContext)
   at Amazon.S3.Internal.AmazonS3ExceptionHandler.InvokeAsync[T](IExecutionContext executionContext)
   at Amazon.Runtime.Internal.ErrorCallbackHandler.InvokeAsync[T](IExecutionContext executionContext)
   at Amazon.Runtime.Internal.MetricsHandler.InvokeAsync[T](IExecutionContext executionContext)
   at Amazon.S3.Transfer.Internal.DownloadCommand.ExecuteAsync(CancellationToken cancellationToken)
   at Amazon.S3.Transfer.TransferUtility.Download(String filePath, String bucketName, String key)
   at Core.S3FileStorageService.DownloadFile(String remoteFilePath, String localFilePath) in /src/Core/S3FileStorageService.cs:line 67
   at MTMCWorker.Service.Impl.MtmcWorker.FetchParamsFile(String paramsFileRef, String flowCellPath) in /src/MTMCWorker/Service/Impl/MtmcWorker.cs:line 297
2023-08-22 13:36:34,740 [1] INFO  - Fetching CellStatsDir folder data...
2023-08-22 13:36:34,808 [1] INFO  - Downloading 892d9dcc-e56d-475c-8dee-2c395064223d/2302H0033/c9d29823-a69c-4328-a6b9-53e2b78fa3e3/Run_76ed1d6b-57d6-4076-9a09-09a6f1ded693_20230817_2302h0033_ControlCenter/20230817_175305/20230817_175305_S1/CellStatsDir/CellComposite/CellComposite_F020.jpg
2023-08-22 13:36:35,203 [1] INFO  - Download 892d9dcc-e56d-475c-8dee-2c395064223d/2302H0033/c9d29823-a69c-4328-a6b9-53e2b78fa3e3/Run_76ed1d6b-57d6-4076-9a09-09a6f1ded693_20230817_2302h0033_ControlCenter/20230817_175305/20230817_175305_S1/CellStatsDir/CellComposite/CellComposite_F020.jpg finished
2023-08-22 13:36:35,204 [1] INFO  - Downloading 892d9dcc-e56d-475c-8dee-2c395064223d/2302H0033/c9d29823-a69c-4328-a6b9-53e2b78fa3e3/Run_76ed1d6b-57d6-4076-9a09-09a6f1ded693_20230817_2302h0033_ControlCenter/20230817_175305/20230817_175305_S1/CellStatsDir/CellOverlay/CellOverlay_F020.jpg
2023-08-22 13:36:35,568 [1] INFO  - Download 892d9dcc-e56d-475c-8dee-2c395064223d/2302H0033/c9d29823-a69c-4328-a6b9-53e2b78fa3e3/Run_76ed1d6b-57d6-4076-9a09-09a6f1ded693_20230817_2302h0033_ControlCenter/20230817_175305/20230817_175305_S1/CellStatsDir/CellOverlay/CellOverlay_F020.jpg finished
2023-08-22 13:36:35,568 [1] INFO  - Downloading 892d9dcc-e56d-475c-8dee-2c395064223d/2302H0033/c9d29823-a69c-4328-a6b9-53e2b78fa3e3/Run_76ed1d6b-57d6-4076-9a09-09a6f1ded693_20230817_2302h0033_ControlCenter/20230817_175305/20230817_175305_S1/CellStatsDir/FOV020/CellLabels_F020.tif
2023-08-22 13:36:35,816 [1] INFO  - Download 892d9dcc-e56d-475c-8dee-2c395064223d/2302H0033/c9d29823-a69c-4328-a6b9-53e2b78fa3e3/Run_76ed1d6b-57d6-4076-9a09-09a6f1ded693_20230817_2302h0033_ControlCenter/20230817_175305/20230817_175305_S1/CellStatsDir/FOV020/CellLabels_F020.tif finished
2023-08-22 13:36:35,816 [1] INFO  - Downloading 892d9dcc-e56d-475c-8dee-2c395064223d/2302H0033/c9d29823-a69c-4328-a6b9-53e2b78fa3e3/Run_76ed1d6b-57d6-4076-9a09-09a6f1ded693_20230817_2302h0033_ControlCenter/20230817_175305/20230817_175305_S1/CellStatsDir/FOV020/CompartmentLabels_F020.tif
2023-08-22 13:36:36,042 [1] INFO  - Download 892d9dcc-e56d-475c-8dee-2c395064223d/2302H0033/c9d29823-a69c-4328-a6b9-53e2b78fa3e3/Run_76ed1d6b-57d6-4076-9a09-09a6f1ded693_20230817_2302h0033_ControlCenter/20230817_175305/20230817_175305_S1/CellStatsDir/FOV020/CompartmentLabels_F020.tif finished
2023-08-22 13:36:36,042 [1] INFO  - Downloading 892d9dcc-e56d-475c-8dee-2c395064223d/2302H0033/c9d29823-a69c-4328-a6b9-53e2b78fa3e3/Run_76ed1d6b-57d6-4076-9a09-09a6f1ded693_20230817_2302h0033_ControlCenter/20230817_175305/20230817_175305_S1/CellStatsDir/FOV020/Run_76ed1d6b-57d6-4076-9a09-09a6f1ded693_20230817_175305_S1_Cell_Stats_F020.csv
2023-08-22 13:36:36,238 [1] INFO  - Download 892d9dcc-e56d-475c-8dee-2c395064223d/2302H0033/c9d29823-a69c-4328-a6b9-53e2b78fa3e3/Run_76ed1d6b-57d6-4076-9a09-09a6f1ded693_20230817_2302h0033_ControlCenter/20230817_175305/20230817_175305_S1/CellStatsDir/FOV020/Run_76ed1d6b-57d6-4076-9a09-09a6f1ded693_20230817_175305_S1_Cell_Stats_F020.csv finished
2023-08-22 13:36:36,238 [1] INFO  - Downloading 892d9dcc-e56d-475c-8dee-2c395064223d/2302H0033/c9d29823-a69c-4328-a6b9-53e2b78fa3e3/Run_76ed1d6b-57d6-4076-9a09-09a6f1ded693_20230817_2302h0033_ControlCenter/20230817_175305/20230817_175305_S1/CellStatsDir/Morphology2D/20230817_175305_S1_C902_P99_N99_F020.TIF
2023-08-22 13:36:37,684 [1] INFO  - Download 892d9dcc-e56d-475c-8dee-2c395064223d/2302H0033/c9d29823-a69c-4328-a6b9-53e2b78fa3e3/Run_76ed1d6b-57d6-4076-9a09-09a6f1ded693_20230817_2302h0033_ControlCenter/20230817_175305/20230817_175305_S1/CellStatsDir/Morphology2D/20230817_175305_S1_C902_P99_N99_F020.TIF finished
2023-08-22 13:36:37,684 [1] INFO  - Downloading 892d9dcc-e56d-475c-8dee-2c395064223d/2302H0033/c9d29823-a69c-4328-a6b9-53e2b78fa3e3/Run_76ed1d6b-57d6-4076-9a09-09a6f1ded693_20230817_2302h0033_ControlCenter/20230817_175305/20230817_175305_S1/CellStatsDir/RnD/Run_76ed1d6b-57d6-4076-9a09-09a6f1ded693_20230817_175305_S1_Summary_F020.csv
2023-08-22 13:36:37,841 [1] INFO  - Download 892d9dcc-e56d-475c-8dee-2c395064223d/2302H0033/c9d29823-a69c-4328-a6b9-53e2b78fa3e3/Run_76ed1d6b-57d6-4076-9a09-09a6f1ded693_20230817_2302h0033_ControlCenter/20230817_175305/20230817_175305_S1/CellStatsDir/RnD/Run_76ed1d6b-57d6-4076-9a09-09a6f1ded693_20230817_175305_S1_Summary_F020.csv finished
2023-08-22 13:36:37,842 [1] INFO  - CellStatsDir data download complete.
2023-08-22 13:36:37,842 [1] INFO  - FOV downloaded successfully.
2023-08-22 13:36:37,842 [1] INFO  - Preparing dirs structure for mtmc
2023-08-22 13:36:37,842 [1] INFO  - Preparing mtmc input. FOV dir: FOV020
2023-08-22 13:36:37,846 [1] INFO  - Running mtmc...
2023-08-22 13:36:37,854 [14] INFO  - directory: "/app/input_data/"
2023-08-22 13:36:38,116 [14] INFO  - directory: "/app/out/FOV020/"
2023-08-22 13:41:39,043 [14] INFO  - 2023-08-22 13:36:38,F020,Z,0,iter,0,feat,0,0, Reading and combining input data, 0.028521, sec
2023-08-22 13:41:39,043 [14] INFO  - 2023-08-22 13:36:49,F020,Z,0,iter,0,feat,3816607,3816607, Spot file data loading and filtration , 11.7149, sec
2023-08-22 13:41:39,043 [14] INFO  - 2023-08-22 13:36:53,F020,Z,0,iter,0,feat,3816607,3816607, Seed neighbor determination, 4.83593, sec
2023-08-22 13:41:39,043 [14] INFO  - 2023-08-22 13:36:58,F020,Z,0,iter,0,feat,3816607,3816607, Quality Score Generation, 8.87434, sec
2023-08-22 13:41:39,043 [14] INFO  - 2023-08-22 13:37:07,F020,Z,0,iter,0,feat,3816607,3816607, Spots per feature calculation and feature filtration, 8.00586, sec
2023-08-22 13:41:39,043 [14] INFO  - 2023-08-22 13:37:16,F020,Z,0,iter,0,feat,3816607,3816607, Making Complete Code Target Calls, 6.43934, sec
2023-08-22 13:41:39,043 [14] INFO  - 2023-08-22 13:37:19,F020,Z,0,iter,0,feat,3816607,3816607, Target Call Location Estimation and iteration end update, 1.9105, sec
2023-08-22 13:41:39,043 [14] INFO  - 2023-08-22 13:37:20,F020,Z,0,iter,0,feat,3816607,3816607, Iteration summary generation, 0.01151, sec
2023-08-22 13:41:39,043 [14] INFO  - 2023-08-22 13:37:20,F020,Z,0,iter,0,feat,3816607,3816607, Iteration duration, 28.0119, sec
2023-08-22 13:41:39,051 [14] INFO  - 2023-08-22 13:37:24,F020,Z,0,iter,1,feat,3816607,3816607, Seed neighbor determination, 5.4042, sec
2023-08-22 13:41:39,051 [14] INFO  - 2023-08-22 13:37:32,F020,Z,0,iter,1,feat,3816607,3816607, Quality Score Generation, 15.2244, sec
2023-08-22 13:41:39,051 [14] INFO  - 2023-08-22 13:37:38,F020,Z,0,iter,1,feat,3816607,3816607, Spots per feature calculation and feature filtration, 6.42271, sec
2023-08-22 13:41:39,051 [14] INFO  - 2023-08-22 13:37:52,F020,Z,0,iter,1,feat,3816607,3816607, Making Complete Code Target Calls, 10.9561, sec
2023-08-22 13:41:39,051 [14] INFO  - 2023-08-22 13:37:58,F020,Z,0,iter,1,feat,3816607,3816607, Target Call Location Estimation and iteration end update, 5.23112, sec
2023-08-22 13:41:39,051 [14] INFO  - 2023-08-22 13:37:58,F020,Z,0,iter,1,feat,3816607,3816607, Iteration summary generation, 0.318044, sec
2023-08-22 13:41:39,051 [14] INFO  - 2023-08-22 13:37:58,F020,Z,0,iter,1,feat,3816607,3816607, Iteration duration, 41.4485, sec
2023-08-22 13:41:39,051 [14] INFO  - 2023-08-22 13:37:58,F020,Z,0,iter,1,feat,3816607,3816607, Z slice processing duration, 81.2156, sec
2023-08-22 13:41:39,051 [14] INFO  - 2023-08-22 13:38:38,F020,Z,1,iter,0,feat,4716572,8533179, Spot file data loading and filtration , 27.0453, sec
2023-08-22 13:41:39,051 [14] INFO  - 2023-08-22 13:38:43,F020,Z,1,iter,0,feat,4716572,8533179, Seed neighbor determination, 6.46362, sec
2023-08-22 13:41:39,059 [14] INFO  - 2023-08-22 13:38:54,F020,Z,1,iter,0,feat,4716572,8533179, Quality Score Generation, 19.9109, sec
2023-08-22 13:41:39,059 [14] INFO  - 2023-08-22 13:39:05,F020,Z,1,iter,0,feat,4716572,8533179, Spots per feature calculation and feature filtration, 10.4032, sec
2023-08-22 13:41:39,059 [14] INFO  - 2023-08-22 13:39:26,F020,Z,1,iter,0,feat,4716572,8533179, Making Complete Code Target Calls, 15.7847, sec
2023-08-22 13:41:39,059 [14] INFO  - 2023-08-22 13:39:38,F020,Z,1,iter,0,feat,4716572,8533179, Target Call Location Estimation and iteration end update, 10.8892, sec
2023-08-22 13:41:39,059 [14] INFO  - 2023-08-22 13:39:38,F020,Z,1,iter,0,feat,4716572,8533179, Iteration summary generation, 0.048084, sec
2023-08-22 13:41:39,059 [14] INFO  - 2023-08-22 13:39:38,F020,Z,1,iter,0,feat,4716572,8533179, Iteration duration, 61.4447, sec
2023-08-22 13:41:39,059 [14] INFO  - 2023-08-22 13:39:42,F020,Z,1,iter,1,feat,4716572,8533179, Seed neighbor determination, 6.64841, sec
2023-08-22 13:41:39,059 [14] INFO  - 2023-08-22 13:39:54,F020,Z,1,iter,1,feat,4716572,8533179, Quality Score Generation, 23.0441, sec
2023-08-22 13:41:39,059 [14] INFO  - 2023-08-22 13:40:04,F020,Z,1,iter,1,feat,4716572,8533179, Spots per feature calculation and feature filtration, 7.52462, sec
2023-08-22 13:41:39,059 [14] INFO  - 2023-08-22 13:40:22,F020,Z,1,iter,1,feat,4716572,8533179, Making Complete Code Target Calls, 16.1686, sec
2023-08-22 13:41:39,059 [14] INFO  - 2023-08-22 13:40:27,F020,Z,1,iter,1,feat,4716572,8533179, Target Call Location Estimation and iteration end update, 4.04223, sec
2023-08-22 13:41:39,059 [14] INFO  - 2023-08-22 13:40:27,F020,Z,1,iter,1,feat,4716572,8533179, Iteration summary generation, 0.614829, sec
2023-08-22 13:41:39,059 [14] INFO  - 2023-08-22 13:40:27,F020,Z,1,iter,1,feat,4716572,8533179, Iteration duration, 55.2162, sec
2023-08-22 13:41:39,059 [14] INFO  - 2023-08-22 13:40:27,F020,Z,1,iter,1,feat,4716572,8533179, Z slice processing duration, 146.482, sec
2023-08-22 13:41:39,059 [14] INFO  - 2023-08-22 13:40:56,F020,Z,2,iter,0,feat,3896672,12429851, Spot file data loading and filtration , 21.7402, sec
2023-08-22 13:41:39,059 [14] INFO  - 2023-08-22 13:40:59,F020,Z,2,iter,0,feat,3896672,12429851, Seed neighbor determination, 4.91403, sec
2023-08-22 13:41:39,059 [14] INFO  - 2023-08-22 13:41:07,F020,Z,2,iter,0,feat,3896672,12429851, Quality Score Generation, 16.9464, sec
2023-08-22 13:41:39,059 [14] INFO  - 2023-08-22 13:41:16,F020,Z,2,iter,0,feat,3896672,12429851, Spots per feature calculation and feature filtration, 8.15073, sec
2023-08-22 13:41:39,059 [14] INFO  - 2023-08-22 13:41:32,F020,Z,2,iter,0,feat,3896672,12429851, Making Complete Code Target Calls, 12.0195, sec
2023-08-22 13:45:26,411 [23] INFO  - 2023-08-22 13:41:39,F020,Z,2,iter,0,feat,3896672,12429851, Target Call Location Estimation and iteration end update, 6.43275, sec
2023-08-22 13:45:26,411 [23] INFO  - 2023-08-22 13:41:39,F020,Z,2,iter,0,feat,3896672,12429851, Iteration summary generation, 0.033209, sec
2023-08-22 13:45:26,411 [23] INFO  - 2023-08-22 13:41:39,F020,Z,2,iter,0,feat,3896672,12429851, Iteration duration, 46.6982, sec
2023-08-22 13:45:26,411 [23] INFO  - 2023-08-22 13:41:42,F020,Z,2,iter,1,feat,3896672,12429851, Seed neighbor determination, 5.539, sec
2023-08-22 13:45:26,411 [23] INFO  - 2023-08-22 13:41:52,F020,Z,2,iter,1,feat,3896672,12429851, Quality Score Generation, 21.7452, sec
2023-08-22 13:45:26,411 [23] INFO  - 2023-08-22 13:42:00,F020,Z,2,iter,1,feat,3896672,12429851, Spots per feature calculation and feature filtration, 6.00639, sec
2023-08-22 13:45:26,411 [23] INFO  - 2023-08-22 13:42:26,F020,Z,2,iter,1,feat,3896672,12429851, Making Complete Code Target Calls, 14.6701, sec
2023-08-22 13:45:26,411 [23] INFO  - 2023-08-22 13:42:31,F020,Z,2,iter,1,feat,3896672,12429851, Target Call Location Estimation and iteration end update, 4.68158, sec
2023-08-22 13:45:26,411 [23] INFO  - 2023-08-22 13:42:31,F020,Z,2,iter,1,feat,3896672,12429851, Iteration summary generation, 0.395502, sec
2023-08-22 13:45:26,419 [23] INFO  - 2023-08-22 13:42:31,F020,Z,2,iter,1,feat,3896672,12429851, Iteration duration, 50.7483, sec
2023-08-22 13:45:26,419 [23] INFO  - 2023-08-22 13:42:31,F020,Z,2,iter,1,feat,3896672,12429851, Z slice processing duration, 122.556, sec
2023-08-22 13:45:26,419 [23] INFO  - 2023-08-22 13:42:58,F020,Z,3,iter,0,feat,3209261,15639112, Spot file data loading and filtration , 19.2587, sec
2023-08-22 13:45:26,420 [23] INFO  - 2023-08-22 13:43:01,F020,Z,3,iter,0,feat,3209261,15639112, Seed neighbor determination, 4.31582, sec
2023-08-22 13:45:26,420 [23] INFO  - 2023-08-22 13:43:07,F020,Z,3,iter,0,feat,3209261,15639112, Quality Score Generation, 12.8697, sec
2023-08-22 13:45:26,420 [23] INFO  - 2023-08-22 13:43:14,F020,Z,3,iter,0,feat,3209261,15639112, Spots per feature calculation and feature filtration, 6.72985, sec
2023-08-22 13:45:26,420 [23] INFO  - 2023-08-22 13:43:31,F020,Z,3,iter,0,feat,3209261,15639112, Making Complete Code Target Calls, 14.1812, sec
2023-08-22 13:45:26,420 [23] INFO  - 2023-08-22 13:43:38,F020,Z,3,iter,0,feat,3209261,15639112, Target Call Location Estimation and iteration end update, 6.46077, sec
2023-08-22 13:45:26,420 [23] INFO  - 2023-08-22 13:43:38,F020,Z,3,iter,0,feat,3209261,15639112, Iteration summary generation, 0.02541, sec
2023-08-22 13:45:26,420 [23] INFO  - 2023-08-22 13:43:38,F020,Z,3,iter,0,feat,3209261,15639112, Iteration duration, 43.0729, sec
2023-08-22 13:45:26,420 [23] INFO  - 2023-08-22 13:43:41,F020,Z,3,iter,1,feat,3209261,15639112, Seed neighbor determination, 4.8248, sec
2023-08-22 13:45:26,420 [23] INFO  - 2023-08-22 13:43:52,F020,Z,3,iter,1,feat,3209261,15639112, Quality Score Generation, 23.2901, sec
2023-08-22 13:45:26,420 [23] INFO  - 2023-08-22 13:43:58,F020,Z,3,iter,1,feat,3209261,15639112, Spots per feature calculation and feature filtration, 5.09378, sec
2023-08-22 13:45:26,420 [23] INFO  - 2023-08-22 13:44:10,F020,Z,3,iter,1,feat,3209261,15639112, Making Complete Code Target Calls, 7.44094, sec
2023-08-22 13:45:26,420 [23] INFO  - 2023-08-22 13:44:12,F020,Z,3,iter,1,feat,3209261,15639112, Target Call Location Estimation and iteration end update, 1.19419, sec
2023-08-22 13:45:26,420 [23] INFO  - 2023-08-22 13:44:12,F020,Z,3,iter,1,feat,3209261,15639112, Iteration summary generation, 0.314837, sec
2023-08-22 13:45:26,420 [23] INFO  - 2023-08-22 13:44:12,F020,Z,3,iter,1,feat,3209261,15639112, Iteration duration, 40.2248, sec
2023-08-22 13:45:26,420 [23] INFO  - 2023-08-22 13:44:12,F020,Z,3,iter,1,feat,3209261,15639112, Z slice processing duration, 105.367, sec
2023-08-22 13:45:26,421 [23] INFO  - 2023-08-22 13:44:28,F020,Z,4,iter,0,feat,2690601,18329713, Spot file data loading and filtration , 9.55988, sec
2023-08-22 13:45:26,421 [23] INFO  - 2023-08-22 13:44:30,F020,Z,4,iter,0,feat,2690601,18329713, Seed neighbor determination, 4.13992, sec
2023-08-22 13:45:26,421 [23] INFO  - 2023-08-22 13:44:37,F020,Z,4,iter,0,feat,2690601,18329713, Quality Score Generation, 11.7499, sec
2023-08-22 13:45:26,421 [23] INFO  - 2023-08-22 13:44:43,F020,Z,4,iter,0,feat,2690601,18329713, Spots per feature calculation and feature filtration, 5.93948, sec
2023-08-22 13:45:26,421 [23] INFO  - 2023-08-22 13:44:55,F020,Z,4,iter,0,feat,2690601,18329713, Making Complete Code Target Calls, 10.4423, sec
2023-08-22 13:45:26,421 [23] INFO  - 2023-08-22 13:44:59,F020,Z,4,iter,0,feat,2690601,18329713, Target Call Location Estimation and iteration end update, 3.9933, sec
2023-08-22 13:45:26,421 [23] INFO  - 2023-08-22 13:44:59,F020,Z,4,iter,0,feat,2690601,18329713, Iteration summary generation, 0.018929, sec
2023-08-22 13:45:26,421 [23] INFO  - 2023-08-22 13:44:59,F020,Z,4,iter,0,feat,2690601,18329713, Iteration duration, 34.9464, sec
2023-08-22 13:45:26,421 [23] INFO  - 2023-08-22 13:45:02,F020,Z,4,iter,1,feat,2690601,18329713, Seed neighbor determination, 4.3348, sec
2023-08-22 13:45:26,421 [23] INFO  - 2023-08-22 13:45:11,F020,Z,4,iter,1,feat,2690601,18329713, Quality Score Generation, 16.7355, sec
2023-08-22 13:45:26,421 [23] INFO  - 2023-08-22 13:45:16,F020,Z,4,iter,1,feat,2690601,18329713, Spots per feature calculation and feature filtration, 4.70914, sec
2023-08-22 13:47:51,398 [23] INFO  - 2023-08-22 13:45:26,F020,Z,4,iter,1,feat,2690601,18329713, Making Complete Code Target Calls, 7.49989, sec
2023-08-22 13:47:51,398 [23] INFO  - 2023-08-22 13:45:30,F020,Z,4,iter,1,feat,2690601,18329713, Target Call Location Estimation and iteration end update, 3.72126, sec
2023-08-22 13:47:51,398 [23] INFO  - 2023-08-22 13:45:30,F020,Z,4,iter,1,feat,2690601,18329713, Iteration summary generation, 0.303282, sec
2023-08-22 13:47:51,398 [23] INFO  - 2023-08-22 13:45:30,F020,Z,4,iter,1,feat,2690601,18329713, Iteration duration, 35.4096, sec
2023-08-22 13:47:51,398 [23] INFO  - 2023-08-22 13:45:30,F020,Z,4,iter,1,feat,2690601,18329713, Z slice processing duration, 82.3488, sec
2023-08-22 13:47:51,398 [23] INFO  - 2023-08-22 13:45:53,F020,Z,5,iter,0,feat,2354828,20684541, Spot file data loading and filtration , 11.6886, sec
2023-08-22 13:47:51,398 [23] INFO  - 2023-08-22 13:45:55,F020,Z,5,iter,0,feat,2354828,20684541, Seed neighbor determination, 3.09868, sec
2023-08-22 13:47:51,398 [23] INFO  - 2023-08-22 13:46:00,F020,Z,5,iter,0,feat,2354828,20684541, Quality Score Generation, 9.0362, sec
2023-08-22 13:47:51,398 [23] INFO  - 2023-08-22 13:46:05,F020,Z,5,iter,0,feat,2354828,20684541, Spots per feature calculation and feature filtration, 5.18432, sec
2023-08-22 13:47:51,399 [23] INFO  - 2023-08-22 13:46:13,F020,Z,5,iter,0,feat,2354828,20684541, Making Complete Code Target Calls, 7.5457, sec
2023-08-22 13:47:51,399 [23] INFO  - 2023-08-22 13:46:19,F020,Z,5,iter,0,feat,2354828,20684541, Target Call Location Estimation and iteration end update, 4.20939, sec
2023-08-22 13:47:51,399 [23] INFO  - 2023-08-22 13:46:19,F020,Z,5,iter,0,feat,2354828,20684541, Iteration summary generation, 0.021835, sec
2023-08-22 13:47:51,399 [23] INFO  - 2023-08-22 13:46:19,F020,Z,5,iter,0,feat,2354828,20684541, Iteration duration, 28.1136, sec
2023-08-22 13:47:51,399 [23] INFO  - 2023-08-22 13:46:21,F020,Z,5,iter,1,feat,2354828,20684541, Seed neighbor determination, 3.41662, sec
2023-08-22 13:47:51,399 [23] INFO  - 2023-08-22 13:46:27,F020,Z,5,iter,1,feat,2354828,20684541, Quality Score Generation, 11.9583, sec
2023-08-22 13:47:51,399 [23] INFO  - 2023-08-22 13:46:33,F020,Z,5,iter,1,feat,2354828,20684541, Spots per feature calculation and feature filtration, 4.24813, sec
2023-08-22 13:47:51,399 [23] INFO  - 2023-08-22 13:46:43,F020,Z,5,iter,1,feat,2354828,20684541, Making Complete Code Target Calls, 8.6998, sec
2023-08-22 13:47:51,399 [23] INFO  - 2023-08-22 13:46:45,F020,Z,5,iter,1,feat,2354828,20684541, Target Call Location Estimation and iteration end update, 2.07501, sec
2023-08-22 13:47:51,399 [23] INFO  - 2023-08-22 13:46:45,F020,Z,5,iter,1,feat,2354828,20684541, Iteration summary generation, 0.203096, sec
2023-08-22 13:47:51,415 [23] INFO  - 2023-08-22 13:46:45,F020,Z,5,iter,1,feat,2354828,20684541, Iteration duration, 29.451, sec
2023-08-22 13:47:51,415 [23] INFO  - 2023-08-22 13:46:45,F020,Z,5,iter,1,feat,2354828,20684541, Z slice processing duration, 71.4432, sec
2023-08-22 13:47:51,415 [23] INFO  - 2023-08-22 13:47:01,F020,Z,6,iter,0,feat,2268690,22953231, Spot file data loading and filtration , 11.9538, sec
2023-08-22 13:47:51,415 [23] INFO  - 2023-08-22 13:47:03,F020,Z,6,iter,0,feat,2268690,22953231, Seed neighbor determination, 2.9995, sec
2023-08-22 13:47:51,415 [23] INFO  - 2023-08-22 13:47:06,F020,Z,6,iter,0,feat,2268690,22953231, Quality Score Generation, 6.94486, sec
2023-08-22 13:47:51,415 [23] INFO  - 2023-08-22 13:47:11,F020,Z,6,iter,0,feat,2268690,22953231, Spots per feature calculation and feature filtration, 4.73954, sec
2023-08-22 13:47:51,415 [23] INFO  - 2023-08-22 13:47:17,F020,Z,6,iter,0,feat,2268690,22953231, Making Complete Code Target Calls, 5.96363, sec
2023-08-22 13:47:51,415 [23] INFO  - 2023-08-22 13:47:18,F020,Z,6,iter,0,feat,2268690,22953231, Target Call Location Estimation and iteration end update, 0.792948, sec
2023-08-22 13:47:51,415 [23] INFO  - 2023-08-22 13:47:18,F020,Z,6,iter,0,feat,2268690,22953231, Iteration summary generation, 0.010651, sec
2023-08-22 13:47:51,417 [23] INFO  - 2023-08-22 13:47:18,F020,Z,6,iter,0,feat,2268690,22953231, Iteration duration, 20.237, sec
2023-08-22 13:47:51,418 [23] INFO  - 2023-08-22 13:47:19,F020,Z,6,iter,1,feat,2268690,22953231, Seed neighbor determination, 2.90406, sec
2023-08-22 13:47:51,418 [23] INFO  - 2023-08-22 13:47:24,F020,Z,6,iter,1,feat,2268690,22953231, Quality Score Generation, 8.41671, sec
2023-08-22 13:47:51,418 [23] INFO  - 2023-08-22 13:47:28,F020,Z,6,iter,1,feat,2268690,22953231, Spots per feature calculation and feature filtration, 3.57676, sec
2023-08-22 13:47:51,418 [23] INFO  - 2023-08-22 13:47:34,F020,Z,6,iter,1,feat,2268690,22953231, Making Complete Code Target Calls, 5.02924, sec
2023-08-22 13:47:51,418 [23] INFO  - 2023-08-22 13:47:35,F020,Z,6,iter,1,feat,2268690,22953231, Target Call Location Estimation and iteration end update, 0.843895, sec
2023-08-22 13:47:51,418 [23] INFO  - 2023-08-22 13:47:35,F020,Z,6,iter,1,feat,2268690,22953231, Iteration summary generation, 0.172603, sec
2023-08-22 13:47:51,418 [23] INFO  - 2023-08-22 13:47:35,F020,Z,6,iter,1,feat,2268690,22953231, Iteration duration, 19.7208, sec
2023-08-22 13:47:51,418 [23] INFO  - 2023-08-22 13:47:35,F020,Z,6,iter,1,feat,2268690,22953231, Z slice processing duration, 53.6294, sec
2023-08-22 13:47:51,418 [23] INFO  - 2023-08-22 13:47:49,F020,Z,7,iter,0,feat,1922536,24875767, Spot file data loading and filtration , 11.6561, sec
2023-08-22 13:48:30,106 [23] INFO  - 2023-08-22 13:47:51,F020,Z,7,iter,0,feat,1922536,24875767, Seed neighbor determination, 2.8632, sec
2023-08-22 13:48:30,106 [23] INFO  - 2023-08-22 13:47:54,F020,Z,7,iter,0,feat,1922536,24875767, Quality Score Generation, 7.7654, sec
2023-08-22 13:48:30,106 [23] INFO  - 2023-08-22 13:47:58,F020,Z,7,iter,0,feat,1922536,24875767, Spots per feature calculation and feature filtration, 3.93725, sec
2023-08-22 13:48:30,106 [23] INFO  - 2023-08-22 13:48:07,F020,Z,7,iter,0,feat,1922536,24875767, Making Complete Code Target Calls, 5.94856, sec
2023-08-22 13:48:30,106 [23] INFO  - 2023-08-22 13:48:09,F020,Z,7,iter,0,feat,1922536,24875767, Target Call Location Estimation and iteration end update, 1.84551, sec
2023-08-22 13:48:30,107 [23] INFO  - 2023-08-22 13:48:09,F020,Z,7,iter,0,feat,1922536,24875767, Iteration summary generation, 0.017997, sec
2023-08-22 13:48:30,107 [23] INFO  - 2023-08-22 13:48:09,F020,Z,7,iter,0,feat,1922536,24875767, Iteration duration, 21.3481, sec
2023-08-22 13:48:30,107 [23] INFO  - 2023-08-22 13:48:11,F020,Z,7,iter,1,feat,1922536,24875767, Seed neighbor determination, 2.78702, sec
2023-08-22 13:48:30,107 [23] INFO  - 2023-08-22 13:48:15,F020,Z,7,iter,1,feat,1922536,24875767, Quality Score Generation, 8.57962, sec
2023-08-22 13:48:30,107 [23] INFO  - 2023-08-22 13:48:19,F020,Z,7,iter,1,feat,1922536,24875767, Spots per feature calculation and feature filtration, 2.88666, sec
2023-08-22 13:48:30,107 [23] INFO  - 2023-08-22 13:48:24,F020,Z,7,iter,1,feat,1922536,24875767, Making Complete Code Target Calls, 4.21684, sec
2023-08-22 13:48:30,107 [23] INFO  - 2023-08-22 13:48:24,F020,Z,7,iter,1,feat,1922536,24875767, Target Call Location Estimation and iteration end update, 0.453482, sec
2023-08-22 13:48:30,107 [23] INFO  - 2023-08-22 13:48:24,F020,Z,7,iter,1,feat,1922536,24875767, Iteration summary generation, 0.23721, sec
2023-08-22 13:48:30,108 [23] INFO  - 2023-08-22 13:48:24,F020,Z,7,iter,1,feat,1922536,24875767, Iteration duration, 18.0223, sec
2023-08-22 13:48:30,108 [23] INFO  - 2023-08-22 13:48:24,F020,Z,7,iter,1,feat,1922536,24875767, Z slice processing duration, 52.5027, sec
2023-08-22 13:48:30,108 [23] INFO  - 2023-08-22 13:48:25,F020,Z,8,iter,0,feat,242869,25118636, Spot file data loading and filtration , -0.660911, sec
2023-08-22 13:48:30,108 [23] INFO  - 2023-08-22 13:48:25,F020,Z,8,iter,0,feat,242869,25118636, Seed neighbor determination, 0.374079, sec
2023-08-22 13:48:30,108 [23] INFO  - 2023-08-22 13:48:26,F020,Z,8,iter,0,feat,242869,25118636, Quality Score Generation, 0.695814, sec
2023-08-22 13:48:30,108 [23] INFO  - 2023-08-22 13:48:27,F020,Z,8,iter,0,feat,242869,25118636, Spots per feature calculation and feature filtration, 0.498853, sec
2023-08-22 13:48:30,108 [23] INFO  - 2023-08-22 13:48:27,F020,Z,8,iter,0,feat,242869,25118636, Making Complete Code Target Calls, 0.051693, sec
2023-08-22 13:48:30,108 [23] INFO  - 2023-08-22 13:48:27,F020,Z,8,iter,0,feat,242869,25118636, Target Call Location Estimation and iteration end update, 0.03017, sec
2023-08-22 13:48:30,108 [23] INFO  - 2023-08-22 13:48:27,F020,Z,8,iter,0,feat,242869,25118636, Iteration summary generation, 0.000352, sec
2023-08-22 13:48:30,108 [23] INFO  - 2023-08-22 13:48:27,F020,Z,8,iter,0,feat,242869,25118636, Iteration duration, 1.49682, sec
2023-08-22 13:48:30,109 [23] INFO  - 2023-08-22 13:48:27,F020,Z,8,iter,1,feat,242869,25118636, Seed neighbor determination, 0.316593, sec
2023-08-22 13:48:30,109 [23] INFO  - 2023-08-22 13:48:27,F020,Z,8,iter,1,feat,242869,25118636, Quality Score Generation, 0.601887, sec
2023-08-22 13:48:30,109 [23] INFO  - 2023-08-22 13:48:28,F020,Z,8,iter,1,feat,242869,25118636, Spots per feature calculation and feature filtration, 0.4991, sec
2023-08-22 13:48:30,109 [23] INFO  - 2023-08-22 13:48:28,F020,Z,8,iter,1,feat,242869,25118636, Making Complete Code Target Calls, 0.062074, sec
2023-08-22 13:48:30,109 [23] INFO  - 2023-08-22 13:48:28,F020,Z,8,iter,1,feat,242869,25118636, Target Call Location Estimation and iteration end update, 0.007106, sec
2023-08-22 13:48:30,109 [23] INFO  - 2023-08-22 13:48:28,F020,Z,8,iter,1,feat,242869,25118636, Iteration summary generation, 0.007488, sec
2023-08-22 13:48:30,109 [23] INFO  - 2023-08-22 13:48:28,F020,Z,8,iter,1,feat,242869,25118636, Iteration duration, 1.38955, sec
2023-08-22 13:48:30,109 [23] INFO  - 2023-08-22 13:48:28,F020,Z,8,iter,1,feat,242869,25118636, Z slice processing duration, 3.61952, sec
2023-08-22 13:48:30,109 [23] INFO  - 2023-08-22 13:48:30,F020,Z,8,iter,1,feat,242869,25118636, FOV processing duration (final) , 720.906, sec
2023-08-22 13:48:30,126 [23] INFO  - Exited
2023-08-22 13:48:30,126 [23] INFO  - System.EventArgs
2023-08-22 13:48:30,127 [23] INFO  - { }
2023-08-22 13:48:30,128 [1] INFO  - mtmc run complete
2023-08-22 13:48:30,128 [1] INFO  - Zipping and uploading results...
2023-08-22 13:48:30,129 [1] INFO  - Uploading mtm results to storage.
2023-08-22 13:48:30,130 [1] INFO  - Start uploading /app/out/FOV020 to 892d9dcc-e56d-475c-8dee-2c395064223d/2302H0033/c9d29823-a69c-4328-a6b9-53e2b78fa3e3/Run_76ed1d6b-57d6-4076-9a09-09a6f1ded693_20230817_2302h0033_ControlCenter/20230817_175305/20230817_175305_S1/AnalysisResults/oxdwyv2woj/FOV020
2023-08-22 13:48:30,130 [1] INFO  - Executing with retries set to: 10
2023-08-22 13:48:31,332 [1] INFO  - Upload /app/out/FOV020 finished
2023-08-22 13:48:31,332 [1] INFO  - Results uploaded.
2023-08-22 13:48:31,333 [1] INFO  - All done
2023-08-22 13:48:31,333 [1] INFO  - Executing with retries set to: 10
2023-08-22 13:48:31,333 [1] INFO  - Setting fov oxdwyv2woj-3tn2o into status Completed
2023-08-22 13:48:31,352 [1] INFO  - Saving a fov processing run: oxdwyv2woj-3tn2o
2023-08-22 13:48:31,352 [1] INFO  - Updating an existing fov run.
2023-08-22 13:48:31,356 [1] INFO  - Uploading logs
2023-08-22 13:48:31,359 [1] INFO  - Start uploading 892d9dcc-e56d-475c-8dee-2c395064223d/2302H0033/c9d29823-a69c-4328-a6b9-53e2b78fa3e3/Run_76ed1d6b-57d6-4076-9a09-09a6f1ded693_20230817_2302h0033_ControlCenter/20230817_175305/20230817_175305_S1/AnalysisResults/oxdwyv2woj/FOV020/mtm-run.log
