2023-08-22 13:31:33,764 [1] INFO  - Using bucket s3-euw1-eu2-datarepository-eu2-eu2-kcl-01 and region eu-west-1
2023-08-22 13:31:33,793 [1] INFO  - Using role to access S3
2023-08-22 13:31:34,252 [1] INFO  - ===============================
2023-08-22 13:31:34,252 [1] INFO  - build info: 
commit 1860d865ce7409a4b25d5549a62e2b7be0a93d33
Author: alexander-serebriyan <alexander.serebriyan@teamdev.com>
Date:   Fri Feb 10 15:42:48 2023 +0100

    Add UAT env for ECR pushing.

Build done on: Fri Feb 10 14:46:39 UTC 2023
Version: 20230210.1

2023-08-22 13:31:34,252 [1] INFO  - ===============================
2023-08-22 13:31:34,252 [1] INFO  - Starting the job. Results will be uploaded to: 892d9dcc-e56d-475c-8dee-2c395064223d/2302H0033/c9d29823-a69c-4328-a6b9-53e2b78fa3e3/Run_76ed1d6b-57d6-4076-9a09-09a6f1ded693_20230817_2302h0033_ControlCenter/20230817_175305/20230817_175305_S1/AnalysisResults/oxdwyv2woj/FOV002
2023-08-22 13:31:34,253 [1] INFO  - Checking FOV status. Ref: oxdwyv2woj-wsteh, ID: 892d9dcc-e56d-475c-8dee-2c395064223d/2302H0033/c9d29823-a69c-4328-a6b9-53e2b78fa3e3/Run_76ed1d6b-57d6-4076-9a09-09a6f1ded693_20230817_2302h0033_ControlCenter/20230817_175305/20230817_175305_S1/SpotFiles/FOV002/
2023-08-22 13:31:34,519 [1] INFO  - Executing with retries set to: 10
2023-08-22 13:31:34,519 [1] INFO  - Setting fov oxdwyv2woj-wsteh into status InProgress
2023-08-22 13:31:34,521 [1] INFO  - Saving a fov processing run: oxdwyv2woj-wsteh
2023-08-22 13:31:34,521 [1] INFO  - Updating an existing fov run.
2023-08-22 13:31:34,571 [1] INFO  - Downloading FOV using next path: 892d9dcc-e56d-475c-8dee-2c395064223d/2302H0033/c9d29823-a69c-4328-a6b9-53e2b78fa3e3/Run_76ed1d6b-57d6-4076-9a09-09a6f1ded693_20230817_2302h0033_ControlCenter/20230817_175305/20230817_175305_S1/SpotFiles/FOV002/
2023-08-22 13:31:34,572 [1] INFO  - Start downloading 892d9dcc-e56d-475c-8dee-2c395064223d/2302H0033/c9d29823-a69c-4328-a6b9-53e2b78fa3e3/Run_76ed1d6b-57d6-4076-9a09-09a6f1ded693_20230817_2302h0033_ControlCenter/20230817_175305/20230817_175305_S1/SpotFiles/FOV002/
2023-08-22 13:31:34,572 [1] INFO  - Executing with retries set to: 10
2023-08-22 13:35:31,736 [1] INFO  - Download 892d9dcc-e56d-475c-8dee-2c395064223d/2302H0033/c9d29823-a69c-4328-a6b9-53e2b78fa3e3/Run_76ed1d6b-57d6-4076-9a09-09a6f1ded693_20230817_2302h0033_ControlCenter/20230817_175305/20230817_175305_S1/SpotFiles/FOV002/ complete
2023-08-22 13:35:31,737 [1] INFO  - Custom plex file specified. The default one will be overriden.
2023-08-22 13:35:31,737 [1] INFO  - Downloading plex file using next path: 892d9dcc-e56d-475c-8dee-2c395064223d/2302H0033/c9d29823-a69c-4328-a6b9-53e2b78fa3e3/Run_76ed1d6b-57d6-4076-9a09-09a6f1ded693_20230817_2302h0033_ControlCenter/20230817_175305/20230817_175305_S1/plex-oxdwyv2woj.txt
2023-08-22 13:35:31,737 [1] INFO  - Downloading 892d9dcc-e56d-475c-8dee-2c395064223d/2302H0033/c9d29823-a69c-4328-a6b9-53e2b78fa3e3/Run_76ed1d6b-57d6-4076-9a09-09a6f1ded693_20230817_2302h0033_ControlCenter/20230817_175305/20230817_175305_S1/plex-oxdwyv2woj.txt
2023-08-22 13:35:31,875 [1] INFO  - Download 892d9dcc-e56d-475c-8dee-2c395064223d/2302H0033/c9d29823-a69c-4328-a6b9-53e2b78fa3e3/Run_76ed1d6b-57d6-4076-9a09-09a6f1ded693_20230817_2302h0033_ControlCenter/20230817_175305/20230817_175305_S1/plex-oxdwyv2woj.txt finished
2023-08-22 13:35:31,876 [1] INFO  - No user params file specified. Trying to use the one from the storage.
2023-08-22 13:35:31,876 [1] INFO  - Downloading params file using next path: 892d9dcc-e56d-475c-8dee-2c395064223d/2302H0033/c9d29823-a69c-4328-a6b9-53e2b78fa3e3/Run_76ed1d6b-57d6-4076-9a09-09a6f1ded693_20230817_2302h0033_ControlCenter/20230817_175305/20230817_175305_S1/analysis_params_v6.txt
2023-08-22 13:35:31,876 [1] INFO  - Downloading 892d9dcc-e56d-475c-8dee-2c395064223d/2302H0033/c9d29823-a69c-4328-a6b9-53e2b78fa3e3/Run_76ed1d6b-57d6-4076-9a09-09a6f1ded693_20230817_2302h0033_ControlCenter/20230817_175305/20230817_175305_S1/analysis_params_v6.txt
2023-08-22 13:35:31,916 [1] ERROR -    at Amazon.Runtime.Internal.HttpErrorResponseExceptionHandler.HandleExceptionStream(IRequestContext requestContext, IWebResponseData httpErrorResponse, HttpErrorResponseException exception, Stream responseStream)
   at Amazon.Runtime.Internal.HttpErrorResponseExceptionHandler.HandleExceptionAsync(IExecutionContext executionContext, HttpErrorResponseException exception)
   at Amazon.Runtime.Internal.ExceptionHandler`1.HandleAsync(IExecutionContext executionContext, Exception exception)
   at Amazon.Runtime.Internal.ErrorHandler.ProcessExceptionAsync(IExecutionContext executionContext, Exception exception)
   at Amazon.Runtime.Internal.ErrorHandler.InvokeAsync[T](IExecutionContext executionContext)
   at Amazon.Runtime.Internal.CallbackHandler.InvokeAsync[T](IExecutionContext executionContext)
   at Amazon.Runtime.Internal.EndpointDiscoveryHandler.InvokeAsync[T](IExecutionContext executionContext)
   at Amazon.Runtime.Internal.EndpointDiscoveryHandler.InvokeAsync[T](IExecutionContext executionContext)
   at Amazon.Runtime.Internal.CredentialsRetriever.InvokeAsync[T](IExecutionContext executionContext)
   at Amazon.Runtime.Internal.RetryHandler.InvokeAsync[T](IExecutionContext executionContext)
   at Amazon.Runtime.Internal.RetryHandler.InvokeAsync[T](IExecutionContext executionContext)
   at Amazon.Runtime.Internal.CallbackHandler.InvokeAsync[T](IExecutionContext executionContext)
   at Amazon.Runtime.Internal.CallbackHandler.InvokeAsync[T](IExecutionContext executionContext)
   at Amazon.S3.Internal.AmazonS3ExceptionHandler.InvokeAsync[T](IExecutionContext executionContext)
   at Amazon.Runtime.Internal.ErrorCallbackHandler.InvokeAsync[T](IExecutionContext executionContext)
   at Amazon.Runtime.Internal.MetricsHandler.InvokeAsync[T](IExecutionContext executionContext)
   at Amazon.S3.Transfer.Internal.DownloadCommand.ExecuteAsync(CancellationToken cancellationToken)
   at Amazon.S3.Transfer.TransferUtility.Download(String filePath, String bucketName, String key)
   at Core.S3FileStorageService.DownloadFile(String remoteFilePath, String localFilePath) in /src/Core/S3FileStorageService.cs:line 67
   at MTMCWorker.Service.Impl.MtmcWorker.FetchParamsFile(String paramsFileRef, String flowCellPath) in /src/MTMCWorker/Service/Impl/MtmcWorker.cs:line 297
2023-08-22 13:35:31,917 [1] INFO  - Can't download params file next to nBCDir. Using the default one.
Amazon.S3.AmazonS3Exception: The specified key does not exist.
 ---> Amazon.Runtime.Internal.HttpErrorResponseException: Exception of type 'Amazon.Runtime.Internal.HttpErrorResponseException' was thrown.
   at Amazon.Runtime.HttpWebRequestMessage.GetResponseAsync(CancellationToken cancellationToken)
   at Amazon.Runtime.Internal.HttpHandler`1.InvokeAsync[T](IExecutionContext executionContext)
   at Amazon.Runtime.Internal.RedirectHandler.InvokeAsync[T](IExecutionContext executionContext)
   at Amazon.Runtime.Internal.Unmarshaller.InvokeAsync[T](IExecutionContext executionContext)
   at Amazon.S3.Internal.AmazonS3ResponseHandler.InvokeAsync[T](IExecutionContext executionContext)
   at Amazon.Runtime.Internal.ErrorHandler.InvokeAsync[T](IExecutionContext executionContext)
   --- End of inner exception stack trace ---
   at Amazon.Runtime.Internal.HttpErrorResponseExceptionHandler.HandleExceptionStream(IRequestContext requestContext, IWebResponseData httpErrorResponse, HttpErrorResponseException exception, Stream responseStream)
   at Amazon.Runtime.Internal.HttpErrorResponseExceptionHandler.HandleExceptionAsync(IExecutionContext executionContext, HttpErrorResponseException exception)
   at Amazon.Runtime.Internal.ExceptionHandler`1.HandleAsync(IExecutionContext executionContext, Exception exception)
   at Amazon.Runtime.Internal.ErrorHandler.ProcessExceptionAsync(IExecutionContext executionContext, Exception exception)
   at Amazon.Runtime.Internal.ErrorHandler.InvokeAsync[T](IExecutionContext executionContext)
   at Amazon.Runtime.Internal.CallbackHandler.InvokeAsync[T](IExecutionContext executionContext)
   at Amazon.Runtime.Internal.EndpointDiscoveryHandler.InvokeAsync[T](IExecutionContext executionContext)
   at Amazon.Runtime.Internal.EndpointDiscoveryHandler.InvokeAsync[T](IExecutionContext executionContext)
   at Amazon.Runtime.Internal.CredentialsRetriever.InvokeAsync[T](IExecutionContext executionContext)
   at Amazon.Runtime.Internal.RetryHandler.InvokeAsync[T](IExecutionContext executionContext)
   at Amazon.Runtime.Internal.RetryHandler.InvokeAsync[T](IExecutionContext executionContext)
   at Amazon.Runtime.Internal.CallbackHandler.InvokeAsync[T](IExecutionContext executionContext)
   at Amazon.Runtime.Internal.CallbackHandler.InvokeAsync[T](IExecutionContext executionContext)
   at Amazon.S3.Internal.AmazonS3ExceptionHandler.InvokeAsync[T](IExecutionContext executionContext)
   at Amazon.Runtime.Internal.ErrorCallbackHandler.InvokeAsync[T](IExecutionContext executionContext)
   at Amazon.Runtime.Internal.MetricsHandler.InvokeAsync[T](IExecutionContext executionContext)
   at Amazon.S3.Transfer.Internal.DownloadCommand.ExecuteAsync(CancellationToken cancellationToken)
   at Amazon.S3.Transfer.TransferUtility.Download(String filePath, String bucketName, String key)
   at Core.S3FileStorageService.DownloadFile(String remoteFilePath, String localFilePath) in /src/Core/S3FileStorageService.cs:line 67
   at MTMCWorker.Service.Impl.MtmcWorker.FetchParamsFile(String paramsFileRef, String flowCellPath) in /src/MTMCWorker/Service/Impl/MtmcWorker.cs:line 297
2023-08-22 13:35:31,921 [1] INFO  - Fetching CellStatsDir folder data...
2023-08-22 13:35:32,040 [1] INFO  - Downloading 892d9dcc-e56d-475c-8dee-2c395064223d/2302H0033/c9d29823-a69c-4328-a6b9-53e2b78fa3e3/Run_76ed1d6b-57d6-4076-9a09-09a6f1ded693_20230817_2302h0033_ControlCenter/20230817_175305/20230817_175305_S1/CellStatsDir/CellComposite/CellComposite_F002.jpg
2023-08-22 13:35:32,350 [1] INFO  - Download 892d9dcc-e56d-475c-8dee-2c395064223d/2302H0033/c9d29823-a69c-4328-a6b9-53e2b78fa3e3/Run_76ed1d6b-57d6-4076-9a09-09a6f1ded693_20230817_2302h0033_ControlCenter/20230817_175305/20230817_175305_S1/CellStatsDir/CellComposite/CellComposite_F002.jpg finished
2023-08-22 13:35:32,350 [1] INFO  - Downloading 892d9dcc-e56d-475c-8dee-2c395064223d/2302H0033/c9d29823-a69c-4328-a6b9-53e2b78fa3e3/Run_76ed1d6b-57d6-4076-9a09-09a6f1ded693_20230817_2302h0033_ControlCenter/20230817_175305/20230817_175305_S1/CellStatsDir/CellOverlay/CellOverlay_F002.jpg
2023-08-22 13:35:32,812 [1] INFO  - Download 892d9dcc-e56d-475c-8dee-2c395064223d/2302H0033/c9d29823-a69c-4328-a6b9-53e2b78fa3e3/Run_76ed1d6b-57d6-4076-9a09-09a6f1ded693_20230817_2302h0033_ControlCenter/20230817_175305/20230817_175305_S1/CellStatsDir/CellOverlay/CellOverlay_F002.jpg finished
2023-08-22 13:35:32,812 [1] INFO  - Downloading 892d9dcc-e56d-475c-8dee-2c395064223d/2302H0033/c9d29823-a69c-4328-a6b9-53e2b78fa3e3/Run_76ed1d6b-57d6-4076-9a09-09a6f1ded693_20230817_2302h0033_ControlCenter/20230817_175305/20230817_175305_S1/CellStatsDir/FOV002/CellLabels_F002.tif
2023-08-22 13:35:33,081 [1] INFO  - Download 892d9dcc-e56d-475c-8dee-2c395064223d/2302H0033/c9d29823-a69c-4328-a6b9-53e2b78fa3e3/Run_76ed1d6b-57d6-4076-9a09-09a6f1ded693_20230817_2302h0033_ControlCenter/20230817_175305/20230817_175305_S1/CellStatsDir/FOV002/CellLabels_F002.tif finished
2023-08-22 13:35:33,081 [1] INFO  - Downloading 892d9dcc-e56d-475c-8dee-2c395064223d/2302H0033/c9d29823-a69c-4328-a6b9-53e2b78fa3e3/Run_76ed1d6b-57d6-4076-9a09-09a6f1ded693_20230817_2302h0033_ControlCenter/20230817_175305/20230817_175305_S1/CellStatsDir/FOV002/CompartmentLabels_F002.tif
2023-08-22 13:35:33,358 [1] INFO  - Download 892d9dcc-e56d-475c-8dee-2c395064223d/2302H0033/c9d29823-a69c-4328-a6b9-53e2b78fa3e3/Run_76ed1d6b-57d6-4076-9a09-09a6f1ded693_20230817_2302h0033_ControlCenter/20230817_175305/20230817_175305_S1/CellStatsDir/FOV002/CompartmentLabels_F002.tif finished
2023-08-22 13:35:33,358 [1] INFO  - Downloading 892d9dcc-e56d-475c-8dee-2c395064223d/2302H0033/c9d29823-a69c-4328-a6b9-53e2b78fa3e3/Run_76ed1d6b-57d6-4076-9a09-09a6f1ded693_20230817_2302h0033_ControlCenter/20230817_175305/20230817_175305_S1/CellStatsDir/FOV002/Run_76ed1d6b-57d6-4076-9a09-09a6f1ded693_20230817_175305_S1_Cell_Stats_F002.csv
2023-08-22 13:35:33,611 [1] INFO  - Download 892d9dcc-e56d-475c-8dee-2c395064223d/2302H0033/c9d29823-a69c-4328-a6b9-53e2b78fa3e3/Run_76ed1d6b-57d6-4076-9a09-09a6f1ded693_20230817_2302h0033_ControlCenter/20230817_175305/20230817_175305_S1/CellStatsDir/FOV002/Run_76ed1d6b-57d6-4076-9a09-09a6f1ded693_20230817_175305_S1_Cell_Stats_F002.csv finished
2023-08-22 13:35:33,612 [1] INFO  - Downloading 892d9dcc-e56d-475c-8dee-2c395064223d/2302H0033/c9d29823-a69c-4328-a6b9-53e2b78fa3e3/Run_76ed1d6b-57d6-4076-9a09-09a6f1ded693_20230817_2302h0033_ControlCenter/20230817_175305/20230817_175305_S1/CellStatsDir/Morphology2D/20230817_175305_S1_C902_P99_N99_F002.TIF
2023-08-22 13:35:35,383 [1] INFO  - Download 892d9dcc-e56d-475c-8dee-2c395064223d/2302H0033/c9d29823-a69c-4328-a6b9-53e2b78fa3e3/Run_76ed1d6b-57d6-4076-9a09-09a6f1ded693_20230817_2302h0033_ControlCenter/20230817_175305/20230817_175305_S1/CellStatsDir/Morphology2D/20230817_175305_S1_C902_P99_N99_F002.TIF finished
2023-08-22 13:35:35,384 [1] INFO  - Downloading 892d9dcc-e56d-475c-8dee-2c395064223d/2302H0033/c9d29823-a69c-4328-a6b9-53e2b78fa3e3/Run_76ed1d6b-57d6-4076-9a09-09a6f1ded693_20230817_2302h0033_ControlCenter/20230817_175305/20230817_175305_S1/CellStatsDir/RnD/Run_76ed1d6b-57d6-4076-9a09-09a6f1ded693_20230817_175305_S1_Summary_F002.csv
2023-08-22 13:35:35,551 [1] INFO  - Download 892d9dcc-e56d-475c-8dee-2c395064223d/2302H0033/c9d29823-a69c-4328-a6b9-53e2b78fa3e3/Run_76ed1d6b-57d6-4076-9a09-09a6f1ded693_20230817_2302h0033_ControlCenter/20230817_175305/20230817_175305_S1/CellStatsDir/RnD/Run_76ed1d6b-57d6-4076-9a09-09a6f1ded693_20230817_175305_S1_Summary_F002.csv finished
2023-08-22 13:35:35,552 [1] INFO  - CellStatsDir data download complete.
2023-08-22 13:35:35,552 [1] INFO  - FOV downloaded successfully.
2023-08-22 13:35:35,552 [1] INFO  - Preparing dirs structure for mtmc
2023-08-22 13:35:35,552 [1] INFO  - Preparing mtmc input. FOV dir: FOV002
2023-08-22 13:35:35,556 [1] INFO  - Running mtmc...
2023-08-22 13:35:35,572 [26] INFO  - directory: "/app/input_data/"
2023-08-22 13:35:35,968 [15] INFO  - directory: "/app/out/FOV002/"
2023-08-22 13:38:09,217 [15] INFO  - 2023-08-22 13:35:36,F002,Z,0,iter,0,feat,0,0, Reading and combining input data, 0.039128, sec
2023-08-22 13:38:09,217 [15] INFO  - 2023-08-22 13:35:45,F002,Z,0,iter,0,feat,2859386,2859386, Spot file data loading and filtration , 8.53425, sec
2023-08-22 13:38:09,217 [15] INFO  - 2023-08-22 13:35:47,F002,Z,0,iter,0,feat,2859386,2859386, Seed neighbor determination, 3.5298, sec
2023-08-22 13:38:09,217 [15] INFO  - 2023-08-22 13:35:50,F002,Z,0,iter,0,feat,2859386,2859386, Quality Score Generation, 5.74407, sec
2023-08-22 13:38:09,217 [15] INFO  - 2023-08-22 13:35:58,F002,Z,0,iter,0,feat,2859386,2859386, Spots per feature calculation and feature filtration, 6.64536, sec
2023-08-22 13:38:09,217 [15] INFO  - 2023-08-22 13:36:00,F002,Z,0,iter,0,feat,2859386,2859386, Making Complete Code Target Calls, 2.16324, sec
2023-08-22 13:38:09,217 [15] INFO  - 2023-08-22 13:36:00,F002,Z,0,iter,0,feat,2859386,2859386, Target Call Location Estimation and iteration end update, 0.529248, sec
2023-08-22 13:38:09,217 [15] INFO  - 2023-08-22 13:36:00,F002,Z,0,iter,0,feat,2859386,2859386, Iteration summary generation, 0.004736, sec
2023-08-22 13:38:09,217 [15] INFO  - 2023-08-22 13:36:00,F002,Z,0,iter,0,feat,2859386,2859386, Iteration duration, 17.0978, sec
2023-08-22 13:38:09,217 [15] INFO  - 2023-08-22 13:36:03,F002,Z,0,iter,1,feat,2859386,2859386, Seed neighbor determination, 3.67698, sec
2023-08-22 13:38:09,217 [15] INFO  - 2023-08-22 13:36:06,F002,Z,0,iter,1,feat,2859386,2859386, Quality Score Generation, 7.36367, sec
2023-08-22 13:38:09,217 [15] INFO  - 2023-08-22 13:36:12,F002,Z,0,iter,1,feat,2859386,2859386, Spots per feature calculation and feature filtration, 5.21489, sec
2023-08-22 13:38:09,217 [15] INFO  - 2023-08-22 13:36:15,F002,Z,0,iter,1,feat,2859386,2859386, Making Complete Code Target Calls, 3.09852, sec
2023-08-22 13:38:09,217 [15] INFO  - 2023-08-22 13:36:17,F002,Z,0,iter,1,feat,2859386,2859386, Target Call Location Estimation and iteration end update, 1.46392, sec
2023-08-22 13:38:09,217 [15] INFO  - 2023-08-22 13:36:17,F002,Z,0,iter,1,feat,2859386,2859386, Iteration summary generation, 0.091038, sec
2023-08-22 13:38:09,217 [15] INFO  - 2023-08-22 13:36:17,F002,Z,0,iter,1,feat,2859386,2859386, Iteration duration, 19.31, sec
2023-08-22 13:38:09,217 [15] INFO  - 2023-08-22 13:36:17,F002,Z,0,iter,1,feat,2859386,2859386, Z slice processing duration, 44.953, sec
2023-08-22 13:38:09,217 [15] INFO  - 2023-08-22 13:36:43,F002,Z,1,iter,0,feat,6054272,8913658, Spot file data loading and filtration , 21.834, sec
2023-08-22 13:38:09,217 [15] INFO  - 2023-08-22 13:36:46,F002,Z,1,iter,0,feat,6054272,8913658, Seed neighbor determination, 6.17077, sec
2023-08-22 13:38:09,217 [36] INFO  - 2023-08-22 13:36:50,F002,Z,1,iter,0,feat,6054272,8913658, Quality Score Generation, 13.9988, sec
2023-08-22 13:38:09,217 [36] INFO  - 2023-08-22 13:36:57,F002,Z,1,iter,0,feat,6054272,8913658, Spots per feature calculation and feature filtration, 7.03159, sec
2023-08-22 13:38:09,217 [36] INFO  - 2023-08-22 13:37:06,F002,Z,1,iter,0,feat,6054272,8913658, Making Complete Code Target Calls, 9.3612, sec
2023-08-22 13:38:09,217 [36] INFO  - 2023-08-22 13:37:10,F002,Z,1,iter,0,feat,6054272,8913658, Target Call Location Estimation and iteration end update, 3.73623, sec
2023-08-22 13:38:09,218 [36] INFO  - 2023-08-22 13:37:10,F002,Z,1,iter,0,feat,6054272,8913658, Iteration summary generation, 0.021353, sec
2023-08-22 13:38:09,218 [36] INFO  - 2023-08-22 13:37:10,F002,Z,1,iter,0,feat,6054272,8913658, Iteration duration, 37.73, sec
2023-08-22 13:38:09,218 [36] INFO  - 2023-08-22 13:37:13,F002,Z,1,iter,1,feat,6054272,8913658, Seed neighbor determination, 6.49539, sec
2023-08-22 13:38:09,218 [36] INFO  - 2023-08-22 13:37:17,F002,Z,1,iter,1,feat,6054272,8913658, Quality Score Generation, 12.2087, sec
2023-08-22 13:38:09,218 [36] INFO  - 2023-08-22 13:37:21,F002,Z,1,iter,1,feat,6054272,8913658, Spots per feature calculation and feature filtration, 4.67884, sec
2023-08-22 13:38:09,218 [36] INFO  - 2023-08-22 13:37:32,F002,Z,1,iter,1,feat,6054272,8913658, Making Complete Code Target Calls, 10.5211, sec
2023-08-22 13:38:09,218 [36] INFO  - 2023-08-22 13:37:34,F002,Z,1,iter,1,feat,6054272,8913658, Target Call Location Estimation and iteration end update, 1.80865, sec
2023-08-22 13:38:09,218 [36] INFO  - 2023-08-22 13:37:34,F002,Z,1,iter,1,feat,6054272,8913658, Iteration summary generation, 0.349206, sec
2023-08-22 13:38:09,218 [36] INFO  - 2023-08-22 13:37:34,F002,Z,1,iter,1,feat,6054272,8913658, Iteration duration, 33.116, sec
2023-08-22 13:38:09,218 [36] INFO  - 2023-08-22 13:37:34,F002,Z,1,iter,1,feat,6054272,8913658, Z slice processing duration, 94.5474, sec
2023-08-22 13:38:09,218 [36] INFO  - 2023-08-22 13:37:50,F002,Z,2,iter,0,feat,5137137,14050795, Spot file data loading and filtration , 12.0152, sec
2023-08-22 13:38:09,218 [36] INFO  - 2023-08-22 13:37:52,F002,Z,2,iter,0,feat,5137137,14050795, Seed neighbor determination, 4.69412, sec
2023-08-22 13:38:09,218 [36] INFO  - 2023-08-22 13:37:54,F002,Z,2,iter,0,feat,5137137,14050795, Quality Score Generation, 7.67965, sec
2023-08-22 13:38:09,218 [36] INFO  - 2023-08-22 13:37:59,F002,Z,2,iter,0,feat,5137137,14050795, Spots per feature calculation and feature filtration, 5.09149, sec
2023-08-22 13:38:09,218 [36] INFO  - 2023-08-22 13:38:07,F002,Z,2,iter,0,feat,5137137,14050795, Making Complete Code Target Calls, 7.34262, sec
2023-08-22 13:39:42,899 [36] INFO  - 2023-08-22 13:38:09,F002,Z,2,iter,0,feat,5137137,14050795, Target Call Location Estimation and iteration end update, 2.12547, sec
2023-08-22 13:39:42,899 [36] INFO  - 2023-08-22 13:38:09,F002,Z,2,iter,0,feat,5137137,14050795, Iteration summary generation, 0.019162, sec
2023-08-22 13:39:42,899 [36] INFO  - 2023-08-22 13:38:09,F002,Z,2,iter,0,feat,5137137,14050795, Iteration duration, 24.9395, sec
2023-08-22 13:39:42,899 [36] INFO  - 2023-08-22 13:38:11,F002,Z,2,iter,1,feat,5137137,14050795, Seed neighbor determination, 4.79809, sec
2023-08-22 13:39:42,899 [36] INFO  - 2023-08-22 13:38:14,F002,Z,2,iter,1,feat,5137137,14050795, Quality Score Generation, 10.3066, sec
2023-08-22 13:39:42,899 [36] INFO  - 2023-08-22 13:38:18,F002,Z,2,iter,1,feat,5137137,14050795, Spots per feature calculation and feature filtration, 3.77732, sec
2023-08-22 13:39:42,899 [36] INFO  - 2023-08-22 13:38:27,F002,Z,2,iter,1,feat,5137137,14050795, Making Complete Code Target Calls, 9.59064, sec
2023-08-22 13:39:42,899 [36] INFO  - 2023-08-22 13:38:29,F002,Z,2,iter,1,feat,5137137,14050795, Target Call Location Estimation and iteration end update, 1.20949, sec
2023-08-22 13:39:42,899 [36] INFO  - 2023-08-22 13:38:29,F002,Z,2,iter,1,feat,5137137,14050795, Iteration summary generation, 0.383384, sec
2023-08-22 13:39:42,899 [36] INFO  - 2023-08-22 13:38:29,F002,Z,2,iter,1,feat,5137137,14050795, Iteration duration, 27.9247, sec
2023-08-22 13:39:42,899 [36] INFO  - 2023-08-22 13:38:29,F002,Z,2,iter,1,feat,5137137,14050795, Z slice processing duration, 68.1532, sec
2023-08-22 13:39:42,899 [36] INFO  - 2023-08-22 13:38:41,F002,Z,3,iter,0,feat,4104266,18155061, Spot file data loading and filtration , 9.57805, sec
2023-08-22 13:39:42,899 [36] INFO  - 2023-08-22 13:38:43,F002,Z,3,iter,0,feat,4104266,18155061, Seed neighbor determination, 3.77686, sec
2023-08-22 13:39:42,899 [36] INFO  - 2023-08-22 13:38:45,F002,Z,3,iter,0,feat,4104266,18155061, Quality Score Generation, 6.90968, sec
2023-08-22 13:39:42,899 [36] INFO  - 2023-08-22 13:38:49,F002,Z,3,iter,0,feat,4104266,18155061, Spots per feature calculation and feature filtration, 4.14441, sec
2023-08-22 13:39:42,899 [36] INFO  - 2023-08-22 13:38:54,F002,Z,3,iter,0,feat,4104266,18155061, Making Complete Code Target Calls, 5.40185, sec
2023-08-22 13:39:42,899 [36] INFO  - 2023-08-22 13:38:56,F002,Z,3,iter,0,feat,4104266,18155061, Target Call Location Estimation and iteration end update, 1.37007, sec
2023-08-22 13:39:42,899 [36] INFO  - 2023-08-22 13:38:56,F002,Z,3,iter,0,feat,4104266,18155061, Iteration summary generation, 0.016466, sec
2023-08-22 13:39:42,899 [36] INFO  - 2023-08-22 13:38:56,F002,Z,3,iter,0,feat,4104266,18155061, Iteration duration, 19.9908, sec
2023-08-22 13:39:42,899 [34] INFO  - 2023-08-22 13:38:58,F002,Z,3,iter,1,feat,4104266,18155061, Seed neighbor determination, 3.74741, sec
2023-08-22 13:39:42,899 [34] INFO  - 2023-08-22 13:39:00,F002,Z,3,iter,1,feat,4104266,18155061, Quality Score Generation, 7.68659, sec
2023-08-22 13:39:42,899 [34] INFO  - 2023-08-22 13:39:03,F002,Z,3,iter,1,feat,4104266,18155061, Spots per feature calculation and feature filtration, 3.14834, sec
2023-08-22 13:39:42,899 [34] INFO  - 2023-08-22 13:39:09,F002,Z,3,iter,1,feat,4104266,18155061, Making Complete Code Target Calls, 6.37427, sec
2023-08-22 13:39:42,899 [34] INFO  - 2023-08-22 13:39:10,F002,Z,3,iter,1,feat,4104266,18155061, Target Call Location Estimation and iteration end update, 1.07485, sec
2023-08-22 13:39:42,899 [34] INFO  - 2023-08-22 13:39:11,F002,Z,3,iter,1,feat,4104266,18155061, Iteration summary generation, 0.282798, sec
2023-08-22 13:39:42,899 [34] INFO  - 2023-08-22 13:39:11,F002,Z,3,iter,1,feat,4104266,18155061, Iteration duration, 20.6597, sec
2023-08-22 13:39:42,899 [34] INFO  - 2023-08-22 13:39:11,F002,Z,3,iter,1,feat,4104266,18155061, Z slice processing duration, 52.6491, sec
2023-08-22 13:39:42,899 [34] INFO  - 2023-08-22 13:39:20,F002,Z,4,iter,0,feat,3371007,21526068, Spot file data loading and filtration , 6.97831, sec
2023-08-22 13:39:42,899 [34] INFO  - 2023-08-22 13:39:21,F002,Z,4,iter,0,feat,3371007,21526068, Seed neighbor determination, 3.09679, sec
2023-08-22 13:39:42,899 [34] INFO  - 2023-08-22 13:39:22,F002,Z,4,iter,0,feat,3371007,21526068, Quality Score Generation, 5.07823, sec
2023-08-22 13:39:42,899 [34] INFO  - 2023-08-22 13:39:26,F002,Z,4,iter,0,feat,3371007,21526068, Spots per feature calculation and feature filtration, 3.37438, sec
2023-08-22 13:39:42,899 [34] INFO  - 2023-08-22 13:39:30,F002,Z,4,iter,0,feat,3371007,21526068, Making Complete Code Target Calls, 4.28316, sec
2023-08-22 13:39:42,899 [34] INFO  - 2023-08-22 13:39:31,F002,Z,4,iter,0,feat,3371007,21526068, Target Call Location Estimation and iteration end update, 1.07054, sec
2023-08-22 13:39:42,899 [34] INFO  - 2023-08-22 13:39:31,F002,Z,4,iter,0,feat,3371007,21526068, Iteration summary generation, 0.011852, sec
2023-08-22 13:39:42,899 [34] INFO  - 2023-08-22 13:39:31,F002,Z,4,iter,0,feat,3371007,21526068, Iteration duration, 15.5837, sec
2023-08-22 13:39:42,899 [34] INFO  - 2023-08-22 13:39:33,F002,Z,4,iter,1,feat,3371007,21526068, Seed neighbor determination, 3.0881, sec
2023-08-22 13:39:42,899 [34] INFO  - 2023-08-22 13:39:35,F002,Z,4,iter,1,feat,3371007,21526068, Quality Score Generation, 6.46376, sec
2023-08-22 13:39:42,899 [34] INFO  - 2023-08-22 13:39:37,F002,Z,4,iter,1,feat,3371007,21526068, Spots per feature calculation and feature filtration, 2.65981, sec
2023-08-22 13:40:36,952 [34] INFO  - 2023-08-22 13:39:42,F002,Z,4,iter,1,feat,3371007,21526068, Making Complete Code Target Calls, 4.96377, sec
2023-08-22 13:40:36,952 [34] INFO  - 2023-08-22 13:39:43,F002,Z,4,iter,1,feat,3371007,21526068, Target Call Location Estimation and iteration end update, 0.638917, sec
2023-08-22 13:40:36,952 [34] INFO  - 2023-08-22 13:39:43,F002,Z,4,iter,1,feat,3371007,21526068, Iteration summary generation, 0.239642, sec
2023-08-22 13:40:36,952 [34] INFO  - 2023-08-22 13:39:43,F002,Z,4,iter,1,feat,3371007,21526068, Iteration duration, 16.7019, sec
2023-08-22 13:40:36,952 [34] INFO  - 2023-08-22 13:39:43,F002,Z,4,iter,1,feat,3371007,21526068, Z slice processing duration, 41.1535, sec
2023-08-22 13:40:36,952 [34] INFO  - 2023-08-22 13:39:50,F002,Z,5,iter,0,feat,2839014,24365082, Spot file data loading and filtration , 5.44481, sec
2023-08-22 13:40:36,952 [34] INFO  - 2023-08-22 13:39:52,F002,Z,5,iter,0,feat,2839014,24365082, Seed neighbor determination, 2.5871, sec
2023-08-22 13:40:36,952 [34] INFO  - 2023-08-22 13:39:53,F002,Z,5,iter,0,feat,2839014,24365082, Quality Score Generation, 4.21867, sec
2023-08-22 13:40:36,952 [34] INFO  - 2023-08-22 13:39:56,F002,Z,5,iter,0,feat,2839014,24365082, Spots per feature calculation and feature filtration, 2.81984, sec
2023-08-22 13:40:36,952 [34] INFO  - 2023-08-22 13:39:59,F002,Z,5,iter,0,feat,2839014,24365082, Making Complete Code Target Calls, 3.57482, sec
2023-08-22 13:40:36,952 [34] INFO  - 2023-08-22 13:40:00,F002,Z,5,iter,0,feat,2839014,24365082, Target Call Location Estimation and iteration end update, 0.998203, sec
2023-08-22 13:40:36,952 [34] INFO  - 2023-08-22 13:40:00,F002,Z,5,iter,0,feat,2839014,24365082, Iteration summary generation, 0.015113, sec
2023-08-22 13:40:36,952 [34] INFO  - 2023-08-22 13:40:00,F002,Z,5,iter,0,feat,2839014,24365082, Iteration duration, 13.0973, sec
2023-08-22 13:40:36,952 [34] INFO  - 2023-08-22 13:40:02,F002,Z,5,iter,1,feat,2839014,24365082, Seed neighbor determination, 2.57773, sec
2023-08-22 13:40:36,952 [34] INFO  - 2023-08-22 13:40:03,F002,Z,5,iter,1,feat,2839014,24365082, Quality Score Generation, 5.06311, sec
2023-08-22 13:40:36,952 [34] INFO  - 2023-08-22 13:40:05,F002,Z,5,iter,1,feat,2839014,24365082, Spots per feature calculation and feature filtration, 2.30925, sec
2023-08-22 13:40:36,952 [34] INFO  - 2023-08-22 13:40:09,F002,Z,5,iter,1,feat,2839014,24365082, Making Complete Code Target Calls, 3.9666, sec
2023-08-22 13:40:36,952 [34] INFO  - 2023-08-22 13:40:10,F002,Z,5,iter,1,feat,2839014,24365082, Target Call Location Estimation and iteration end update, 0.485571, sec
2023-08-22 13:40:36,952 [34] INFO  - 2023-08-22 13:40:10,F002,Z,5,iter,1,feat,2839014,24365082, Iteration summary generation, 0.188706, sec
2023-08-22 13:40:36,952 [34] INFO  - 2023-08-22 13:40:10,F002,Z,5,iter,1,feat,2839014,24365082, Iteration duration, 13.4737, sec
2023-08-22 13:40:36,952 [34] INFO  - 2023-08-22 13:40:10,F002,Z,5,iter,1,feat,2839014,24365082, Z slice processing duration, 33.577, sec
2023-08-22 13:40:36,952 [34] INFO  - 2023-08-22 13:40:16,F002,Z,6,iter,0,feat,2478782,26843864, Spot file data loading and filtration , 4.37925, sec
2023-08-22 13:40:36,952 [34] INFO  - 2023-08-22 13:40:17,F002,Z,6,iter,0,feat,2478782,26843864, Seed neighbor determination, 2.28888, sec
2023-08-22 13:40:36,952 [34] INFO  - 2023-08-22 13:40:18,F002,Z,6,iter,0,feat,2478782,26843864, Quality Score Generation, 3.60481, sec
2023-08-22 13:40:36,952 [34] INFO  - 2023-08-22 13:40:20,F002,Z,6,iter,0,feat,2478782,26843864, Spots per feature calculation and feature filtration, 2.43669, sec
2023-08-22 13:40:36,952 [34] INFO  - 2023-08-22 13:40:23,F002,Z,6,iter,0,feat,2478782,26843864, Making Complete Code Target Calls, 2.8985, sec
2023-08-22 13:40:36,952 [34] INFO  - 2023-08-22 13:40:24,F002,Z,6,iter,0,feat,2478782,26843864, Target Call Location Estimation and iteration end update, 0.740243, sec
2023-08-22 13:40:36,952 [34] INFO  - 2023-08-22 13:40:24,F002,Z,6,iter,0,feat,2478782,26843864, Iteration summary generation, 0.008372, sec
2023-08-22 13:40:36,953 [34] INFO  - 2023-08-22 13:40:24,F002,Z,6,iter,0,feat,2478782,26843864, Iteration duration, 10.9899, sec
2023-08-22 13:40:36,953 [34] INFO  - 2023-08-22 13:40:25,F002,Z,6,iter,1,feat,2478782,26843864, Seed neighbor determination, 2.24953, sec
2023-08-22 13:40:36,953 [34] INFO  - 2023-08-22 13:40:26,F002,Z,6,iter,1,feat,2478782,26843864, Quality Score Generation, 4.30099, sec
2023-08-22 13:40:36,953 [34] INFO  - 2023-08-22 13:40:28,F002,Z,6,iter,1,feat,2478782,26843864, Spots per feature calculation and feature filtration, 1.94441, sec
2023-08-22 13:40:36,953 [34] INFO  - 2023-08-22 13:40:32,F002,Z,6,iter,1,feat,2478782,26843864, Making Complete Code Target Calls, 3.39026, sec
2023-08-22 13:40:36,953 [34] INFO  - 2023-08-22 13:40:32,F002,Z,6,iter,1,feat,2478782,26843864, Target Call Location Estimation and iteration end update, 0.433499, sec
2023-08-22 13:40:36,953 [34] INFO  - 2023-08-22 13:40:32,F002,Z,6,iter,1,feat,2478782,26843864, Iteration summary generation, 0.157168, sec
2023-08-22 13:40:36,953 [34] INFO  - 2023-08-22 13:40:32,F002,Z,6,iter,1,feat,2478782,26843864, Iteration duration, 11.4975, sec
2023-08-22 13:40:36,953 [34] INFO  - 2023-08-22 13:40:32,F002,Z,6,iter,1,feat,2478782,26843864, Z slice processing duration, 28.1662, sec
2023-08-22 13:40:36,953 [34] INFO  - 2023-08-22 13:40:36,F002,Z,7,iter,0,feat,1733290,28577154, Spot file data loading and filtration , 2.31152, sec
2023-08-22 13:40:49,679 [43] INFO  - 2023-08-22 13:40:36,F002,Z,7,iter,0,feat,1733290,28577154, Seed neighbor determination, 1.54797, sec
2023-08-22 13:40:49,679 [43] INFO  - 2023-08-22 13:40:37,F002,Z,7,iter,0,feat,1733290,28577154, Quality Score Generation, 2.48345, sec
2023-08-22 13:40:49,679 [43] INFO  - 2023-08-22 13:40:39,F002,Z,7,iter,0,feat,1733290,28577154, Spots per feature calculation and feature filtration, 1.76037, sec
2023-08-22 13:40:49,679 [43] INFO  - 2023-08-22 13:40:41,F002,Z,7,iter,0,feat,1733290,28577154, Making Complete Code Target Calls, 1.87102, sec
2023-08-22 13:40:49,679 [43] INFO  - 2023-08-22 13:40:41,F002,Z,7,iter,0,feat,1733290,28577154, Target Call Location Estimation and iteration end update, 0.533642, sec
2023-08-22 13:40:49,679 [43] INFO  - 2023-08-22 13:40:41,F002,Z,7,iter,0,feat,1733290,28577154, Iteration summary generation, 0.006286, sec
2023-08-22 13:40:49,679 [43] INFO  - 2023-08-22 13:40:41,F002,Z,7,iter,0,feat,1733290,28577154, Iteration duration, 7.54054, sec
2023-08-22 13:40:49,679 [43] INFO  - 2023-08-22 13:40:42,F002,Z,7,iter,1,feat,1733290,28577154, Seed neighbor determination, 1.52034, sec
2023-08-22 13:40:49,679 [43] INFO  - 2023-08-22 13:40:43,F002,Z,7,iter,1,feat,1733290,28577154, Quality Score Generation, 2.86956, sec
2023-08-22 13:40:49,679 [43] INFO  - 2023-08-22 13:40:44,F002,Z,7,iter,1,feat,1733290,28577154, Spots per feature calculation and feature filtration, 1.32824, sec
2023-08-22 13:40:49,679 [43] INFO  - 2023-08-22 13:40:46,F002,Z,7,iter,1,feat,1733290,28577154, Making Complete Code Target Calls, 1.99845, sec
2023-08-22 13:40:49,679 [43] INFO  - 2023-08-22 13:40:46,F002,Z,7,iter,1,feat,1733290,28577154, Target Call Location Estimation and iteration end update, 0.253897, sec
2023-08-22 13:40:49,679 [43] INFO  - 2023-08-22 13:40:47,F002,Z,7,iter,1,feat,1733290,28577154, Iteration summary generation, 0.124405, sec
2023-08-22 13:40:49,679 [43] INFO  - 2023-08-22 13:40:47,F002,Z,7,iter,1,feat,1733290,28577154, Iteration duration, 7.42991, sec
2023-08-22 13:40:49,679 [43] INFO  - 2023-08-22 13:40:47,F002,Z,7,iter,1,feat,1733290,28577154, Z slice processing duration, 18.4123, sec
2023-08-22 13:40:49,679 [43] INFO  - 2023-08-22 13:40:47,F002,Z,8,iter,0,feat,306158,28883312, Spot file data loading and filtration , -0.516588, sec
2023-08-22 13:40:49,679 [43] INFO  - 2023-08-22 13:40:47,F002,Z,8,iter,0,feat,306158,28883312, Seed neighbor determination, 0.254628, sec
2023-08-22 13:40:49,679 [43] INFO  - 2023-08-22 13:40:47,F002,Z,8,iter,0,feat,306158,28883312, Quality Score Generation, 0.277257, sec
2023-08-22 13:40:49,679 [43] INFO  - 2023-08-22 13:40:47,F002,Z,8,iter,0,feat,306158,28883312, Spots per feature calculation and feature filtration, 0.298095, sec
2023-08-22 13:40:49,680 [34] INFO  - 2023-08-22 13:40:47,F002,Z,8,iter,0,feat,306158,28883312, Making Complete Code Target Calls, 0.092232, sec
2023-08-22 13:40:49,680 [34] INFO  - 2023-08-22 13:40:48,F002,Z,8,iter,0,feat,306158,28883312, Target Call Location Estimation and iteration end update, 0.039408, sec
2023-08-22 13:40:49,680 [34] INFO  - 2023-08-22 13:40:48,F002,Z,8,iter,0,feat,306158,28883312, Iteration summary generation, 0.000769, sec
2023-08-22 13:40:49,680 [34] INFO  - 2023-08-22 13:40:48,F002,Z,8,iter,0,feat,306158,28883312, Iteration duration, 0.853864, sec
2023-08-22 13:40:49,680 [34] INFO  - 2023-08-22 13:40:48,F002,Z,8,iter,1,feat,306158,28883312, Seed neighbor determination, 0.25147, sec
2023-08-22 13:40:49,680 [34] INFO  - 2023-08-22 13:40:48,F002,Z,8,iter,1,feat,306158,28883312, Quality Score Generation, 0.281706, sec
2023-08-22 13:40:49,680 [34] INFO  - 2023-08-22 13:40:48,F002,Z,8,iter,1,feat,306158,28883312, Spots per feature calculation and feature filtration, 0.279834, sec
2023-08-22 13:40:49,680 [34] INFO  - 2023-08-22 13:40:48,F002,Z,8,iter,1,feat,306158,28883312, Making Complete Code Target Calls, 0.103976, sec
2023-08-22 13:40:49,680 [34] INFO  - 2023-08-22 13:40:48,F002,Z,8,iter,1,feat,306158,28883312, Target Call Location Estimation and iteration end update, 0.013545, sec
2023-08-22 13:40:49,680 [34] INFO  - 2023-08-22 13:40:48,F002,Z,8,iter,1,feat,306158,28883312, Iteration summary generation, 0.018271, sec
2023-08-22 13:40:49,680 [34] INFO  - 2023-08-22 13:40:48,F002,Z,8,iter,1,feat,306158,28883312, Iteration duration, 0.842404, sec
2023-08-22 13:40:49,680 [34] INFO  - 2023-08-22 13:40:48,F002,Z,8,iter,1,feat,306158,28883312, Z slice processing duration, 1.94044, sec
2023-08-22 13:40:49,680 [34] INFO  - 2023-08-22 13:40:49,F002,Z,8,iter,1,feat,306158,28883312, FOV processing duration (final) , 384.606, sec
2023-08-22 13:40:49,692 [43] INFO  - Exited
2023-08-22 13:40:49,692 [43] INFO  - System.EventArgs
2023-08-22 13:40:49,693 [43] INFO  - { }
2023-08-22 13:40:49,694 [1] INFO  - mtmc run complete
2023-08-22 13:40:49,694 [1] INFO  - Zipping and uploading results...
2023-08-22 13:40:49,694 [1] INFO  - Uploading mtm results to storage.
2023-08-22 13:40:49,695 [1] INFO  - Start uploading /app/out/FOV002 to 892d9dcc-e56d-475c-8dee-2c395064223d/2302H0033/c9d29823-a69c-4328-a6b9-53e2b78fa3e3/Run_76ed1d6b-57d6-4076-9a09-09a6f1ded693_20230817_2302h0033_ControlCenter/20230817_175305/20230817_175305_S1/AnalysisResults/oxdwyv2woj/FOV002
2023-08-22 13:40:49,695 [1] INFO  - Executing with retries set to: 10
2023-08-22 13:40:51,150 [1] INFO  - Upload /app/out/FOV002 finished
2023-08-22 13:40:51,150 [1] INFO  - Results uploaded.
2023-08-22 13:40:51,150 [1] INFO  - All done
2023-08-22 13:40:51,150 [1] INFO  - Executing with retries set to: 10
2023-08-22 13:40:51,150 [1] INFO  - Setting fov oxdwyv2woj-wsteh into status Completed
2023-08-22 13:40:51,152 [1] INFO  - Saving a fov processing run: oxdwyv2woj-wsteh
2023-08-22 13:40:51,152 [1] INFO  - Updating an existing fov run.
2023-08-22 13:40:51,153 [1] INFO  - Uploading logs
2023-08-22 13:40:51,154 [1] INFO  - Start uploading 892d9dcc-e56d-475c-8dee-2c395064223d/2302H0033/c9d29823-a69c-4328-a6b9-53e2b78fa3e3/Run_76ed1d6b-57d6-4076-9a09-09a6f1ded693_20230817_2302h0033_ControlCenter/20230817_175305/20230817_175305_S1/AnalysisResults/oxdwyv2woj/FOV002/mtm-run.log
