2023-08-22 13:32:36,425 [1] INFO  - Using bucket s3-euw1-eu2-datarepository-eu2-eu2-kcl-01 and region eu-west-1
2023-08-22 13:32:36,481 [1] INFO  - Using role to access S3
2023-08-22 13:32:36,954 [1] INFO  - ===============================
2023-08-22 13:32:36,954 [1] INFO  - build info: 
commit 1860d865ce7409a4b25d5549a62e2b7be0a93d33
Author: alexander-serebriyan <alexander.serebriyan@teamdev.com>
Date:   Fri Feb 10 15:42:48 2023 +0100

    Add UAT env for ECR pushing.

Build done on: Fri Feb 10 14:46:39 UTC 2023
Version: 20230210.1

2023-08-22 13:32:36,954 [1] INFO  - ===============================
2023-08-22 13:32:36,954 [1] INFO  - Starting the job. Results will be uploaded to: 892d9dcc-e56d-475c-8dee-2c395064223d/2302H0033/c9d29823-a69c-4328-a6b9-53e2b78fa3e3/Run_76ed1d6b-57d6-4076-9a09-09a6f1ded693_20230817_2302h0033_ControlCenter/20230817_175305/20230817_175305_S1/AnalysisResults/oxdwyv2woj/FOV021
2023-08-22 13:32:36,955 [1] INFO  - Checking FOV status. Ref: oxdwyv2woj-8ksml, ID: 892d9dcc-e56d-475c-8dee-2c395064223d/2302H0033/c9d29823-a69c-4328-a6b9-53e2b78fa3e3/Run_76ed1d6b-57d6-4076-9a09-09a6f1ded693_20230817_2302h0033_ControlCenter/20230817_175305/20230817_175305_S1/SpotFiles/FOV021/
2023-08-22 13:32:37,160 [1] INFO  - Executing with retries set to: 10
2023-08-22 13:32:37,161 [1] INFO  - Setting fov oxdwyv2woj-8ksml into status InProgress
2023-08-22 13:32:37,163 [1] INFO  - Saving a fov processing run: oxdwyv2woj-8ksml
2023-08-22 13:32:37,163 [1] INFO  - Updating an existing fov run.
2023-08-22 13:32:37,211 [1] INFO  - Downloading FOV using next path: 892d9dcc-e56d-475c-8dee-2c395064223d/2302H0033/c9d29823-a69c-4328-a6b9-53e2b78fa3e3/Run_76ed1d6b-57d6-4076-9a09-09a6f1ded693_20230817_2302h0033_ControlCenter/20230817_175305/20230817_175305_S1/SpotFiles/FOV021/
2023-08-22 13:32:37,212 [1] INFO  - Start downloading 892d9dcc-e56d-475c-8dee-2c395064223d/2302H0033/c9d29823-a69c-4328-a6b9-53e2b78fa3e3/Run_76ed1d6b-57d6-4076-9a09-09a6f1ded693_20230817_2302h0033_ControlCenter/20230817_175305/20230817_175305_S1/SpotFiles/FOV021/
2023-08-22 13:32:37,212 [1] INFO  - Executing with retries set to: 10
2023-08-22 13:36:37,233 [1] INFO  - Download 892d9dcc-e56d-475c-8dee-2c395064223d/2302H0033/c9d29823-a69c-4328-a6b9-53e2b78fa3e3/Run_76ed1d6b-57d6-4076-9a09-09a6f1ded693_20230817_2302h0033_ControlCenter/20230817_175305/20230817_175305_S1/SpotFiles/FOV021/ complete
2023-08-22 13:36:37,233 [1] INFO  - Custom plex file specified. The default one will be overriden.
2023-08-22 13:36:37,233 [1] INFO  - Downloading plex file using next path: 892d9dcc-e56d-475c-8dee-2c395064223d/2302H0033/c9d29823-a69c-4328-a6b9-53e2b78fa3e3/Run_76ed1d6b-57d6-4076-9a09-09a6f1ded693_20230817_2302h0033_ControlCenter/20230817_175305/20230817_175305_S1/plex-oxdwyv2woj.txt
2023-08-22 13:36:37,233 [1] INFO  - Downloading 892d9dcc-e56d-475c-8dee-2c395064223d/2302H0033/c9d29823-a69c-4328-a6b9-53e2b78fa3e3/Run_76ed1d6b-57d6-4076-9a09-09a6f1ded693_20230817_2302h0033_ControlCenter/20230817_175305/20230817_175305_S1/plex-oxdwyv2woj.txt
2023-08-22 13:36:37,350 [1] INFO  - Download 892d9dcc-e56d-475c-8dee-2c395064223d/2302H0033/c9d29823-a69c-4328-a6b9-53e2b78fa3e3/Run_76ed1d6b-57d6-4076-9a09-09a6f1ded693_20230817_2302h0033_ControlCenter/20230817_175305/20230817_175305_S1/plex-oxdwyv2woj.txt finished
2023-08-22 13:36:37,351 [1] INFO  - No user params file specified. Trying to use the one from the storage.
2023-08-22 13:36:37,351 [1] INFO  - Downloading params file using next path: 892d9dcc-e56d-475c-8dee-2c395064223d/2302H0033/c9d29823-a69c-4328-a6b9-53e2b78fa3e3/Run_76ed1d6b-57d6-4076-9a09-09a6f1ded693_20230817_2302h0033_ControlCenter/20230817_175305/20230817_175305_S1/analysis_params_v6.txt
2023-08-22 13:36:37,351 [1] INFO  - Downloading 892d9dcc-e56d-475c-8dee-2c395064223d/2302H0033/c9d29823-a69c-4328-a6b9-53e2b78fa3e3/Run_76ed1d6b-57d6-4076-9a09-09a6f1ded693_20230817_2302h0033_ControlCenter/20230817_175305/20230817_175305_S1/analysis_params_v6.txt
2023-08-22 13:36:37,383 [1] ERROR -    at Amazon.Runtime.Internal.HttpErrorResponseExceptionHandler.HandleExceptionStream(IRequestContext requestContext, IWebResponseData httpErrorResponse, HttpErrorResponseException exception, Stream responseStream)
   at Amazon.Runtime.Internal.HttpErrorResponseExceptionHandler.HandleExceptionAsync(IExecutionContext executionContext, HttpErrorResponseException exception)
   at Amazon.Runtime.Internal.ExceptionHandler`1.HandleAsync(IExecutionContext executionContext, Exception exception)
   at Amazon.Runtime.Internal.ErrorHandler.ProcessExceptionAsync(IExecutionContext executionContext, Exception exception)
   at Amazon.Runtime.Internal.ErrorHandler.InvokeAsync[T](IExecutionContext executionContext)
   at Amazon.Runtime.Internal.CallbackHandler.InvokeAsync[T](IExecutionContext executionContext)
   at Amazon.Runtime.Internal.EndpointDiscoveryHandler.InvokeAsync[T](IExecutionContext executionContext)
   at Amazon.Runtime.Internal.EndpointDiscoveryHandler.InvokeAsync[T](IExecutionContext executionContext)
   at Amazon.Runtime.Internal.CredentialsRetriever.InvokeAsync[T](IExecutionContext executionContext)
   at Amazon.Runtime.Internal.RetryHandler.InvokeAsync[T](IExecutionContext executionContext)
   at Amazon.Runtime.Internal.RetryHandler.InvokeAsync[T](IExecutionContext executionContext)
   at Amazon.Runtime.Internal.CallbackHandler.InvokeAsync[T](IExecutionContext executionContext)
   at Amazon.Runtime.Internal.CallbackHandler.InvokeAsync[T](IExecutionContext executionContext)
   at Amazon.S3.Internal.AmazonS3ExceptionHandler.InvokeAsync[T](IExecutionContext executionContext)
   at Amazon.Runtime.Internal.ErrorCallbackHandler.InvokeAsync[T](IExecutionContext executionContext)
   at Amazon.Runtime.Internal.MetricsHandler.InvokeAsync[T](IExecutionContext executionContext)
   at Amazon.S3.Transfer.Internal.DownloadCommand.ExecuteAsync(CancellationToken cancellationToken)
   at Amazon.S3.Transfer.TransferUtility.Download(String filePath, String bucketName, String key)
   at Core.S3FileStorageService.DownloadFile(String remoteFilePath, String localFilePath) in /src/Core/S3FileStorageService.cs:line 67
   at MTMCWorker.Service.Impl.MtmcWorker.FetchParamsFile(String paramsFileRef, String flowCellPath) in /src/MTMCWorker/Service/Impl/MtmcWorker.cs:line 297
2023-08-22 13:36:37,383 [1] INFO  - Can't download params file next to nBCDir. Using the default one.
Amazon.S3.AmazonS3Exception: The specified key does not exist.
 ---> Amazon.Runtime.Internal.HttpErrorResponseException: Exception of type 'Amazon.Runtime.Internal.HttpErrorResponseException' was thrown.
   at Amazon.Runtime.HttpWebRequestMessage.GetResponseAsync(CancellationToken cancellationToken)
   at Amazon.Runtime.Internal.HttpHandler`1.InvokeAsync[T](IExecutionContext executionContext)
   at Amazon.Runtime.Internal.RedirectHandler.InvokeAsync[T](IExecutionContext executionContext)
   at Amazon.Runtime.Internal.Unmarshaller.InvokeAsync[T](IExecutionContext executionContext)
   at Amazon.S3.Internal.AmazonS3ResponseHandler.InvokeAsync[T](IExecutionContext executionContext)
   at Amazon.Runtime.Internal.ErrorHandler.InvokeAsync[T](IExecutionContext executionContext)
   --- End of inner exception stack trace ---
   at Amazon.Runtime.Internal.HttpErrorResponseExceptionHandler.HandleExceptionStream(IRequestContext requestContext, IWebResponseData httpErrorResponse, HttpErrorResponseException exception, Stream responseStream)
   at Amazon.Runtime.Internal.HttpErrorResponseExceptionHandler.HandleExceptionAsync(IExecutionContext executionContext, HttpErrorResponseException exception)
   at Amazon.Runtime.Internal.ExceptionHandler`1.HandleAsync(IExecutionContext executionContext, Exception exception)
   at Amazon.Runtime.Internal.ErrorHandler.ProcessExceptionAsync(IExecutionContext executionContext, Exception exception)
   at Amazon.Runtime.Internal.ErrorHandler.InvokeAsync[T](IExecutionContext executionContext)
   at Amazon.Runtime.Internal.CallbackHandler.InvokeAsync[T](IExecutionContext executionContext)
   at Amazon.Runtime.Internal.EndpointDiscoveryHandler.InvokeAsync[T](IExecutionContext executionContext)
   at Amazon.Runtime.Internal.EndpointDiscoveryHandler.InvokeAsync[T](IExecutionContext executionContext)
   at Amazon.Runtime.Internal.CredentialsRetriever.InvokeAsync[T](IExecutionContext executionContext)
   at Amazon.Runtime.Internal.RetryHandler.InvokeAsync[T](IExecutionContext executionContext)
   at Amazon.Runtime.Internal.RetryHandler.InvokeAsync[T](IExecutionContext executionContext)
   at Amazon.Runtime.Internal.CallbackHandler.InvokeAsync[T](IExecutionContext executionContext)
   at Amazon.Runtime.Internal.CallbackHandler.InvokeAsync[T](IExecutionContext executionContext)
   at Amazon.S3.Internal.AmazonS3ExceptionHandler.InvokeAsync[T](IExecutionContext executionContext)
   at Amazon.Runtime.Internal.ErrorCallbackHandler.InvokeAsync[T](IExecutionContext executionContext)
   at Amazon.Runtime.Internal.MetricsHandler.InvokeAsync[T](IExecutionContext executionContext)
   at Amazon.S3.Transfer.Internal.DownloadCommand.ExecuteAsync(CancellationToken cancellationToken)
   at Amazon.S3.Transfer.TransferUtility.Download(String filePath, String bucketName, String key)
   at Core.S3FileStorageService.DownloadFile(String remoteFilePath, String localFilePath) in /src/Core/S3FileStorageService.cs:line 67
   at MTMCWorker.Service.Impl.MtmcWorker.FetchParamsFile(String paramsFileRef, String flowCellPath) in /src/MTMCWorker/Service/Impl/MtmcWorker.cs:line 297
2023-08-22 13:36:37,386 [1] INFO  - Fetching CellStatsDir folder data...
2023-08-22 13:36:37,463 [1] INFO  - Downloading 892d9dcc-e56d-475c-8dee-2c395064223d/2302H0033/c9d29823-a69c-4328-a6b9-53e2b78fa3e3/Run_76ed1d6b-57d6-4076-9a09-09a6f1ded693_20230817_2302h0033_ControlCenter/20230817_175305/20230817_175305_S1/CellStatsDir/CellComposite/CellComposite_F021.jpg
2023-08-22 13:36:37,682 [1] INFO  - Download 892d9dcc-e56d-475c-8dee-2c395064223d/2302H0033/c9d29823-a69c-4328-a6b9-53e2b78fa3e3/Run_76ed1d6b-57d6-4076-9a09-09a6f1ded693_20230817_2302h0033_ControlCenter/20230817_175305/20230817_175305_S1/CellStatsDir/CellComposite/CellComposite_F021.jpg finished
2023-08-22 13:36:37,682 [1] INFO  - Downloading 892d9dcc-e56d-475c-8dee-2c395064223d/2302H0033/c9d29823-a69c-4328-a6b9-53e2b78fa3e3/Run_76ed1d6b-57d6-4076-9a09-09a6f1ded693_20230817_2302h0033_ControlCenter/20230817_175305/20230817_175305_S1/CellStatsDir/CellOverlay/CellOverlay_F021.jpg
2023-08-22 13:36:38,065 [1] INFO  - Download 892d9dcc-e56d-475c-8dee-2c395064223d/2302H0033/c9d29823-a69c-4328-a6b9-53e2b78fa3e3/Run_76ed1d6b-57d6-4076-9a09-09a6f1ded693_20230817_2302h0033_ControlCenter/20230817_175305/20230817_175305_S1/CellStatsDir/CellOverlay/CellOverlay_F021.jpg finished
2023-08-22 13:36:38,065 [1] INFO  - Downloading 892d9dcc-e56d-475c-8dee-2c395064223d/2302H0033/c9d29823-a69c-4328-a6b9-53e2b78fa3e3/Run_76ed1d6b-57d6-4076-9a09-09a6f1ded693_20230817_2302h0033_ControlCenter/20230817_175305/20230817_175305_S1/CellStatsDir/FOV021/CellLabels_F021.tif
2023-08-22 13:36:38,292 [1] INFO  - Download 892d9dcc-e56d-475c-8dee-2c395064223d/2302H0033/c9d29823-a69c-4328-a6b9-53e2b78fa3e3/Run_76ed1d6b-57d6-4076-9a09-09a6f1ded693_20230817_2302h0033_ControlCenter/20230817_175305/20230817_175305_S1/CellStatsDir/FOV021/CellLabels_F021.tif finished
2023-08-22 13:36:38,292 [1] INFO  - Downloading 892d9dcc-e56d-475c-8dee-2c395064223d/2302H0033/c9d29823-a69c-4328-a6b9-53e2b78fa3e3/Run_76ed1d6b-57d6-4076-9a09-09a6f1ded693_20230817_2302h0033_ControlCenter/20230817_175305/20230817_175305_S1/CellStatsDir/FOV021/CompartmentLabels_F021.tif
2023-08-22 13:36:38,495 [1] INFO  - Download 892d9dcc-e56d-475c-8dee-2c395064223d/2302H0033/c9d29823-a69c-4328-a6b9-53e2b78fa3e3/Run_76ed1d6b-57d6-4076-9a09-09a6f1ded693_20230817_2302h0033_ControlCenter/20230817_175305/20230817_175305_S1/CellStatsDir/FOV021/CompartmentLabels_F021.tif finished
2023-08-22 13:36:38,496 [1] INFO  - Downloading 892d9dcc-e56d-475c-8dee-2c395064223d/2302H0033/c9d29823-a69c-4328-a6b9-53e2b78fa3e3/Run_76ed1d6b-57d6-4076-9a09-09a6f1ded693_20230817_2302h0033_ControlCenter/20230817_175305/20230817_175305_S1/CellStatsDir/FOV021/Run_76ed1d6b-57d6-4076-9a09-09a6f1ded693_20230817_175305_S1_Cell_Stats_F021.csv
2023-08-22 13:36:38,714 [1] INFO  - Download 892d9dcc-e56d-475c-8dee-2c395064223d/2302H0033/c9d29823-a69c-4328-a6b9-53e2b78fa3e3/Run_76ed1d6b-57d6-4076-9a09-09a6f1ded693_20230817_2302h0033_ControlCenter/20230817_175305/20230817_175305_S1/CellStatsDir/FOV021/Run_76ed1d6b-57d6-4076-9a09-09a6f1ded693_20230817_175305_S1_Cell_Stats_F021.csv finished
2023-08-22 13:36:38,715 [1] INFO  - Downloading 892d9dcc-e56d-475c-8dee-2c395064223d/2302H0033/c9d29823-a69c-4328-a6b9-53e2b78fa3e3/Run_76ed1d6b-57d6-4076-9a09-09a6f1ded693_20230817_2302h0033_ControlCenter/20230817_175305/20230817_175305_S1/CellStatsDir/Morphology2D/20230817_175305_S1_C902_P99_N99_F021.TIF
2023-08-22 13:36:40,115 [1] INFO  - Download 892d9dcc-e56d-475c-8dee-2c395064223d/2302H0033/c9d29823-a69c-4328-a6b9-53e2b78fa3e3/Run_76ed1d6b-57d6-4076-9a09-09a6f1ded693_20230817_2302h0033_ControlCenter/20230817_175305/20230817_175305_S1/CellStatsDir/Morphology2D/20230817_175305_S1_C902_P99_N99_F021.TIF finished
2023-08-22 13:36:40,116 [1] INFO  - Downloading 892d9dcc-e56d-475c-8dee-2c395064223d/2302H0033/c9d29823-a69c-4328-a6b9-53e2b78fa3e3/Run_76ed1d6b-57d6-4076-9a09-09a6f1ded693_20230817_2302h0033_ControlCenter/20230817_175305/20230817_175305_S1/CellStatsDir/RnD/Run_76ed1d6b-57d6-4076-9a09-09a6f1ded693_20230817_175305_S1_Summary_F021.csv
2023-08-22 13:36:40,284 [1] INFO  - Download 892d9dcc-e56d-475c-8dee-2c395064223d/2302H0033/c9d29823-a69c-4328-a6b9-53e2b78fa3e3/Run_76ed1d6b-57d6-4076-9a09-09a6f1ded693_20230817_2302h0033_ControlCenter/20230817_175305/20230817_175305_S1/CellStatsDir/RnD/Run_76ed1d6b-57d6-4076-9a09-09a6f1ded693_20230817_175305_S1_Summary_F021.csv finished
2023-08-22 13:36:40,284 [1] INFO  - CellStatsDir data download complete.
2023-08-22 13:36:40,284 [1] INFO  - FOV downloaded successfully.
2023-08-22 13:36:40,284 [1] INFO  - Preparing dirs structure for mtmc
2023-08-22 13:36:40,284 [1] INFO  - Preparing mtmc input. FOV dir: FOV021
2023-08-22 13:36:40,287 [1] INFO  - Running mtmc...
2023-08-22 13:36:40,294 [22] INFO  - directory: "/app/input_data/"
2023-08-22 13:36:40,572 [19] INFO  - directory: "/app/out/FOV021/"
2023-08-22 13:41:45,495 [19] INFO  - 2023-08-22 13:36:40,F021,Z,0,iter,0,feat,0,0, Reading and combining input data, 0.035438, sec
2023-08-22 13:41:45,495 [19] INFO  - 2023-08-22 13:36:48,F021,Z,0,iter,0,feat,2718136,2718136, Spot file data loading and filtration , 8.28697, sec
2023-08-22 13:41:45,495 [19] INFO  - 2023-08-22 13:36:50,F021,Z,0,iter,0,feat,2718136,2718136, Seed neighbor determination, 3.44055, sec
2023-08-22 13:41:45,496 [19] INFO  - 2023-08-22 13:36:53,F021,Z,0,iter,0,feat,2718136,2718136, Quality Score Generation, 5.89795, sec
2023-08-22 13:41:45,496 [19] INFO  - 2023-08-22 13:37:00,F021,Z,0,iter,0,feat,2718136,2718136, Spots per feature calculation and feature filtration, 6.04476, sec
2023-08-22 13:41:45,496 [19] INFO  - 2023-08-22 13:37:03,F021,Z,0,iter,0,feat,2718136,2718136, Making Complete Code Target Calls, 2.87055, sec
2023-08-22 13:41:45,496 [19] INFO  - 2023-08-22 13:37:04,F021,Z,0,iter,0,feat,2718136,2718136, Target Call Location Estimation and iteration end update, 0.71383, sec
2023-08-22 13:41:45,496 [19] INFO  - 2023-08-22 13:37:04,F021,Z,0,iter,0,feat,2718136,2718136, Iteration summary generation, 0.005706, sec
2023-08-22 13:41:45,496 [19] INFO  - 2023-08-22 13:37:04,F021,Z,0,iter,0,feat,2718136,2718136, Iteration duration, 17.4941, sec
2023-08-22 13:41:45,499 [28] INFO  - 2023-08-22 13:37:06,F021,Z,0,iter,1,feat,2718136,2718136, Seed neighbor determination, 3.69167, sec
2023-08-22 13:41:45,499 [28] INFO  - 2023-08-22 13:37:11,F021,Z,0,iter,1,feat,2718136,2718136, Quality Score Generation, 7.98245, sec
2023-08-22 13:41:45,499 [28] INFO  - 2023-08-22 13:37:17,F021,Z,0,iter,1,feat,2718136,2718136, Spots per feature calculation and feature filtration, 4.899, sec
2023-08-22 13:41:45,499 [28] INFO  - 2023-08-22 13:37:21,F021,Z,0,iter,1,feat,2718136,2718136, Making Complete Code Target Calls, 3.85974, sec
2023-08-22 13:41:45,499 [28] INFO  - 2023-08-22 13:37:22,F021,Z,0,iter,1,feat,2718136,2718136, Target Call Location Estimation and iteration end update, 0.855894, sec
2023-08-22 13:41:45,499 [28] INFO  - 2023-08-22 13:37:22,F021,Z,0,iter,1,feat,2718136,2718136, Iteration summary generation, 0.119945, sec
2023-08-22 13:41:45,499 [28] INFO  - 2023-08-22 13:37:22,F021,Z,0,iter,1,feat,2718136,2718136, Iteration duration, 19.8075, sec
2023-08-22 13:41:45,499 [28] INFO  - 2023-08-22 13:37:22,F021,Z,0,iter,1,feat,2718136,2718136, Z slice processing duration, 45.6035, sec
2023-08-22 13:41:45,499 [28] INFO  - 2023-08-22 13:38:10,F021,Z,1,iter,0,feat,5047707,7765843, Spot file data loading and filtration , 36.6045, sec
2023-08-22 13:41:45,499 [28] INFO  - 2023-08-22 13:38:14,F021,Z,1,iter,0,feat,5047707,7765843, Seed neighbor determination, 6.68304, sec
2023-08-22 13:41:45,500 [28] INFO  - 2023-08-22 13:38:25,F021,Z,1,iter,0,feat,5047707,7765843, Quality Score Generation, 21.633, sec
2023-08-22 13:41:45,500 [28] INFO  - 2023-08-22 13:38:39,F021,Z,1,iter,0,feat,5047707,7765843, Spots per feature calculation and feature filtration, 10.4513, sec
2023-08-22 13:41:45,500 [28] INFO  - 2023-08-22 13:39:01,F021,Z,1,iter,0,feat,5047707,7765843, Making Complete Code Target Calls, 16.5739, sec
2023-08-22 13:41:45,500 [28] INFO  - 2023-08-22 13:39:12,F021,Z,1,iter,0,feat,5047707,7765843, Target Call Location Estimation and iteration end update, 8.95918, sec
2023-08-22 13:41:45,500 [28] INFO  - 2023-08-22 13:39:12,F021,Z,1,iter,0,feat,5047707,7765843, Iteration summary generation, 0.052057, sec
2023-08-22 13:41:45,500 [28] INFO  - 2023-08-22 13:39:12,F021,Z,1,iter,0,feat,5047707,7765843, Iteration duration, 61.709, sec
2023-08-22 13:41:45,500 [28] INFO  - 2023-08-22 13:39:15,F021,Z,1,iter,1,feat,5047707,7765843, Seed neighbor determination, 6.79336, sec
2023-08-22 13:41:45,500 [28] INFO  - 2023-08-22 13:39:35,F021,Z,1,iter,1,feat,5047707,7765843, Quality Score Generation, 41.365, sec
2023-08-22 13:41:45,500 [28] INFO  - 2023-08-22 13:39:46,F021,Z,1,iter,1,feat,5047707,7765843, Spots per feature calculation and feature filtration, 8.04927, sec
2023-08-22 13:41:45,500 [28] INFO  - 2023-08-22 13:40:07,F021,Z,1,iter,1,feat,5047707,7765843, Making Complete Code Target Calls, 18.3086, sec
2023-08-22 13:41:45,500 [28] INFO  - 2023-08-22 13:40:14,F021,Z,1,iter,1,feat,5047707,7765843, Target Call Location Estimation and iteration end update, 6.26776, sec
2023-08-22 13:41:45,500 [28] INFO  - 2023-08-22 13:40:14,F021,Z,1,iter,1,feat,5047707,7765843, Iteration summary generation, 0.626762, sec
2023-08-22 13:41:45,500 [28] INFO  - 2023-08-22 13:40:14,F021,Z,1,iter,1,feat,5047707,7765843, Iteration duration, 78.7155, sec
2023-08-22 13:41:45,501 [28] INFO  - 2023-08-22 13:40:14,F021,Z,1,iter,1,feat,5047707,7765843, Z slice processing duration, 178.952, sec
2023-08-22 13:41:45,501 [28] INFO  - 2023-08-22 13:40:52,F021,Z,2,iter,0,feat,4424425,12190268, Spot file data loading and filtration , 27.8339, sec
2023-08-22 13:41:45,501 [28] INFO  - 2023-08-22 13:40:55,F021,Z,2,iter,0,feat,4424425,12190268, Seed neighbor determination, 5.54371, sec
2023-08-22 13:41:45,501 [28] INFO  - 2023-08-22 13:41:02,F021,Z,2,iter,0,feat,4424425,12190268, Quality Score Generation, 14.2502, sec
2023-08-22 13:41:45,501 [28] INFO  - 2023-08-22 13:41:13,F021,Z,2,iter,0,feat,4424425,12190268, Spots per feature calculation and feature filtration, 9.16001, sec
2023-08-22 13:41:45,501 [28] INFO  - 2023-08-22 13:41:36,F021,Z,2,iter,0,feat,4424425,12190268, Making Complete Code Target Calls, 15.2175, sec
2023-08-22 13:46:27,623 [19] INFO  - 2023-08-22 13:41:45,F021,Z,2,iter,0,feat,4424425,12190268, Target Call Location Estimation and iteration end update, 7.23561, sec
2023-08-22 13:46:27,627 [19] INFO  - 2023-08-22 13:41:45,F021,Z,2,iter,0,feat,4424425,12190268, Iteration summary generation, 0.047043, sec
2023-08-22 13:46:27,627 [19] INFO  - 2023-08-22 13:41:45,F021,Z,2,iter,0,feat,4424425,12190268, Iteration duration, 49.181, sec
2023-08-22 13:46:27,627 [19] INFO  - 2023-08-22 13:41:50,F021,Z,2,iter,1,feat,4424425,12190268, Seed neighbor determination, 6.20514, sec
2023-08-22 13:46:27,627 [19] INFO  - 2023-08-22 13:42:02,F021,Z,2,iter,1,feat,4424425,12190268, Quality Score Generation, 21.5288, sec
2023-08-22 13:46:27,628 [19] INFO  - 2023-08-22 13:42:11,F021,Z,2,iter,1,feat,4424425,12190268, Spots per feature calculation and feature filtration, 7.17141, sec
2023-08-22 13:46:27,628 [19] INFO  - 2023-08-22 13:42:33,F021,Z,2,iter,1,feat,4424425,12190268, Making Complete Code Target Calls, 19.0221, sec
2023-08-22 13:46:27,628 [19] INFO  - 2023-08-22 13:42:38,F021,Z,2,iter,1,feat,4424425,12190268, Target Call Location Estimation and iteration end update, 3.13728, sec
2023-08-22 13:46:27,628 [19] INFO  - 2023-08-22 13:42:39,F021,Z,2,iter,1,feat,4424425,12190268, Iteration summary generation, 0.494277, sec
2023-08-22 13:46:27,635 [19] INFO  - 2023-08-22 13:42:39,F021,Z,2,iter,1,feat,4424425,12190268, Iteration duration, 55.1838, sec
2023-08-22 13:46:27,635 [19] INFO  - 2023-08-22 13:42:39,F021,Z,2,iter,1,feat,4424425,12190268, Z slice processing duration, 135.656, sec
2023-08-22 13:46:27,635 [19] INFO  - 2023-08-22 13:43:10,F021,Z,3,iter,0,feat,3766278,15956546, Spot file data loading and filtration , 25.3104, sec
2023-08-22 13:46:27,635 [19] INFO  - 2023-08-22 13:43:14,F021,Z,3,iter,0,feat,3766278,15956546, Seed neighbor determination, 5.57213, sec
2023-08-22 13:46:27,635 [19] INFO  - 2023-08-22 13:43:28,F021,Z,3,iter,0,feat,3766278,15956546, Quality Score Generation, 23.7215, sec
2023-08-22 13:46:27,635 [19] INFO  - 2023-08-22 13:43:37,F021,Z,3,iter,0,feat,3766278,15956546, Spots per feature calculation and feature filtration, 8.79532, sec
2023-08-22 13:46:27,636 [19] INFO  - 2023-08-22 13:43:57,F021,Z,3,iter,0,feat,3766278,15956546, Making Complete Code Target Calls, 14.698, sec
2023-08-22 13:46:27,636 [19] INFO  - 2023-08-22 13:44:03,F021,Z,3,iter,0,feat,3766278,15956546, Target Call Location Estimation and iteration end update, 4.7082, sec
2023-08-22 13:46:27,636 [19] INFO  - 2023-08-22 13:44:03,F021,Z,3,iter,0,feat,3766278,15956546, Iteration summary generation, 0.028666, sec
2023-08-22 13:46:27,636 [19] INFO  - 2023-08-22 13:44:03,F021,Z,3,iter,0,feat,3766278,15956546, Iteration duration, 55.4759, sec
2023-08-22 13:46:27,636 [19] INFO  - 2023-08-22 13:44:08,F021,Z,3,iter,1,feat,3766278,15956546, Seed neighbor determination, 4.9752, sec
2023-08-22 13:46:27,636 [19] INFO  - 2023-08-22 13:44:15,F021,Z,3,iter,1,feat,3766278,15956546, Quality Score Generation, 11.7943, sec
2023-08-22 13:46:27,636 [19] INFO  - 2023-08-22 13:44:23,F021,Z,3,iter,1,feat,3766278,15956546, Spots per feature calculation and feature filtration, 5.69257, sec
2023-08-22 13:46:27,636 [19] INFO  - 2023-08-22 13:44:40,F021,Z,3,iter,1,feat,3766278,15956546, Making Complete Code Target Calls, 13.4671, sec
2023-08-22 13:46:27,636 [19] INFO  - 2023-08-22 13:44:46,F021,Z,3,iter,1,feat,3766278,15956546, Target Call Location Estimation and iteration end update, 5.86469, sec
2023-08-22 13:46:27,636 [19] INFO  - 2023-08-22 13:44:47,F021,Z,3,iter,1,feat,3766278,15956546, Iteration summary generation, 0.475283, sec
2023-08-22 13:46:27,636 [19] INFO  - 2023-08-22 13:44:47,F021,Z,3,iter,1,feat,3766278,15956546, Iteration duration, 39.9409, sec
2023-08-22 13:46:27,636 [19] INFO  - 2023-08-22 13:44:47,F021,Z,3,iter,1,feat,3766278,15956546, Z slice processing duration, 123.882, sec
2023-08-22 13:46:27,636 [19] INFO  - 2023-08-22 13:45:16,F021,Z,4,iter,0,feat,3297520,19254066, Spot file data loading and filtration , 22.8125, sec
2023-08-22 13:46:27,636 [19] INFO  - 2023-08-22 13:45:18,F021,Z,4,iter,0,feat,3297520,19254066, Seed neighbor determination, 4.52525, sec
2023-08-22 13:46:27,637 [19] INFO  - 2023-08-22 13:45:25,F021,Z,4,iter,0,feat,3297520,19254066, Quality Score Generation, 12.5802, sec
2023-08-22 13:46:27,637 [19] INFO  - 2023-08-22 13:45:33,F021,Z,4,iter,0,feat,3297520,19254066, Spots per feature calculation and feature filtration, 6.94605, sec
2023-08-22 13:46:27,637 [19] INFO  - 2023-08-22 13:45:50,F021,Z,4,iter,0,feat,3297520,19254066, Making Complete Code Target Calls, 9.87, sec
2023-08-22 13:46:27,637 [19] INFO  - 2023-08-22 13:45:54,F021,Z,4,iter,0,feat,3297520,19254066, Target Call Location Estimation and iteration end update, 2.80206, sec
2023-08-22 13:46:27,637 [19] INFO  - 2023-08-22 13:45:54,F021,Z,4,iter,0,feat,3297520,19254066, Iteration summary generation, 0.029464, sec
2023-08-22 13:46:27,637 [19] INFO  - 2023-08-22 13:45:54,F021,Z,4,iter,0,feat,3297520,19254066, Iteration duration, 35.0571, sec
2023-08-22 13:46:27,637 [19] INFO  - 2023-08-22 13:45:56,F021,Z,4,iter,1,feat,3297520,19254066, Seed neighbor determination, 4.27182, sec
2023-08-22 13:46:27,637 [19] INFO  - 2023-08-22 13:46:04,F021,Z,4,iter,1,feat,3297520,19254066, Quality Score Generation, 17.7274, sec
2023-08-22 13:46:27,637 [19] INFO  - 2023-08-22 13:46:10,F021,Z,4,iter,1,feat,3297520,19254066, Spots per feature calculation and feature filtration, 5.84312, sec
2023-08-22 13:49:21,788 [39] INFO  - 2023-08-22 13:46:27,F021,Z,4,iter,1,feat,3297520,19254066, Making Complete Code Target Calls, 12.2735, sec
2023-08-22 13:49:21,789 [39] INFO  - 2023-08-22 13:46:31,F021,Z,4,iter,1,feat,3297520,19254066, Target Call Location Estimation and iteration end update, 2.45438, sec
2023-08-22 13:49:21,789 [39] INFO  - 2023-08-22 13:46:31,F021,Z,4,iter,1,feat,3297520,19254066, Iteration summary generation, 0.379654, sec
2023-08-22 13:49:21,789 [39] INFO  - 2023-08-22 13:46:31,F021,Z,4,iter,1,feat,3297520,19254066, Iteration duration, 41.291, sec
2023-08-22 13:49:21,789 [39] INFO  - 2023-08-22 13:46:31,F021,Z,4,iter,1,feat,3297520,19254066, Z slice processing duration, 101.674, sec
2023-08-22 13:49:21,789 [39] INFO  - 2023-08-22 13:46:56,F021,Z,5,iter,0,feat,2957539,22211605, Spot file data loading and filtration , 20.2191, sec
2023-08-22 13:49:21,789 [39] INFO  - 2023-08-22 13:46:59,F021,Z,5,iter,0,feat,2957539,22211605, Seed neighbor determination, 4.69291, sec
2023-08-22 13:49:21,789 [39] INFO  - 2023-08-22 13:47:04,F021,Z,5,iter,0,feat,2957539,22211605, Quality Score Generation, 9.13917, sec
2023-08-22 13:49:21,789 [39] INFO  - 2023-08-22 13:47:11,F021,Z,5,iter,0,feat,2957539,22211605, Spots per feature calculation and feature filtration, 5.96168, sec
2023-08-22 13:49:21,799 [46] INFO  - 2023-08-22 13:47:19,F021,Z,5,iter,0,feat,2957539,22211605, Making Complete Code Target Calls, 7.96302, sec
2023-08-22 13:49:21,799 [46] INFO  - 2023-08-22 13:47:22,F021,Z,5,iter,0,feat,2957539,22211605, Target Call Location Estimation and iteration end update, 1.75233, sec
2023-08-22 13:49:21,799 [46] INFO  - 2023-08-22 13:47:22,F021,Z,5,iter,0,feat,2957539,22211605, Iteration summary generation, 0.019119, sec
2023-08-22 13:49:21,799 [46] INFO  - 2023-08-22 13:47:22,F021,Z,5,iter,0,feat,2957539,22211605, Iteration duration, 27.4736, sec
2023-08-22 13:49:21,799 [46] INFO  - 2023-08-22 13:47:25,F021,Z,5,iter,1,feat,2957539,22211605, Seed neighbor determination, 3.78072, sec
2023-08-22 13:49:21,799 [46] INFO  - 2023-08-22 13:47:29,F021,Z,5,iter,1,feat,2957539,22211605, Quality Score Generation, 10.241, sec
2023-08-22 13:49:21,799 [46] INFO  - 2023-08-22 13:47:34,F021,Z,5,iter,1,feat,2957539,22211605, Spots per feature calculation and feature filtration, 4.77148, sec
2023-08-22 13:49:21,799 [46] INFO  - 2023-08-22 13:47:47,F021,Z,5,iter,1,feat,2957539,22211605, Making Complete Code Target Calls, 11.8074, sec
2023-08-22 13:49:21,799 [46] INFO  - 2023-08-22 13:47:51,F021,Z,5,iter,1,feat,2957539,22211605, Target Call Location Estimation and iteration end update, 3.06145, sec
2023-08-22 13:49:21,799 [46] INFO  - 2023-08-22 13:47:51,F021,Z,5,iter,1,feat,2957539,22211605, Iteration summary generation, 0.31818, sec
2023-08-22 13:49:21,799 [46] INFO  - 2023-08-22 13:47:51,F021,Z,5,iter,1,feat,2957539,22211605, Iteration duration, 32.4119, sec
2023-08-22 13:49:21,799 [46] INFO  - 2023-08-22 13:47:51,F021,Z,5,iter,1,feat,2957539,22211605, Z slice processing duration, 82.262, sec
2023-08-22 13:49:21,799 [46] INFO  - 2023-08-22 13:48:14,F021,Z,6,iter,0,feat,2811246,25022851, Spot file data loading and filtration , 18.2958, sec
2023-08-22 13:49:21,799 [46] INFO  - 2023-08-22 13:48:16,F021,Z,6,iter,0,feat,2811246,25022851, Seed neighbor determination, 3.64259, sec
2023-08-22 13:49:21,799 [46] INFO  - 2023-08-22 13:48:21,F021,Z,6,iter,0,feat,2811246,25022851, Quality Score Generation, 8.88747, sec
2023-08-22 13:49:21,799 [46] INFO  - 2023-08-22 13:48:27,F021,Z,6,iter,0,feat,2811246,25022851, Spots per feature calculation and feature filtration, 5.78134, sec
2023-08-22 13:49:21,799 [46] INFO  - 2023-08-22 13:48:38,F021,Z,6,iter,0,feat,2811246,25022851, Making Complete Code Target Calls, 10.0239, sec
2023-08-22 13:49:21,799 [46] INFO  - 2023-08-22 13:48:44,F021,Z,6,iter,0,feat,2811246,25022851, Target Call Location Estimation and iteration end update, 5.6973, sec
2023-08-22 13:49:21,799 [46] INFO  - 2023-08-22 13:48:44,F021,Z,6,iter,0,feat,2811246,25022851, Iteration summary generation, 0.034765, sec
2023-08-22 13:49:21,803 [39] INFO  - 2023-08-22 13:48:44,F021,Z,6,iter,0,feat,2811246,25022851, Iteration duration, 32.5847, sec
2023-08-22 13:49:21,803 [39] INFO  - 2023-08-22 13:48:46,F021,Z,6,iter,1,feat,2811246,25022851, Seed neighbor determination, 4.93234, sec
2023-08-22 13:49:21,803 [39] INFO  - 2023-08-22 13:48:51,F021,Z,6,iter,1,feat,2811246,25022851, Quality Score Generation, 11.9955, sec
2023-08-22 13:49:21,803 [39] INFO  - 2023-08-22 13:48:56,F021,Z,6,iter,1,feat,2811246,25022851, Spots per feature calculation and feature filtration, 4.32214, sec
2023-08-22 13:49:21,803 [39] INFO  - 2023-08-22 13:49:07,F021,Z,6,iter,1,feat,2811246,25022851, Making Complete Code Target Calls, 10.1791, sec
2023-08-22 13:49:21,803 [39] INFO  - 2023-08-22 13:49:08,F021,Z,6,iter,1,feat,2811246,25022851, Target Call Location Estimation and iteration end update, 0.713811, sec
2023-08-22 13:49:21,803 [39] INFO  - 2023-08-22 13:49:08,F021,Z,6,iter,1,feat,2811246,25022851, Iteration summary generation, 0.234987, sec
2023-08-22 13:49:21,803 [39] INFO  - 2023-08-22 13:49:08,F021,Z,6,iter,1,feat,2811246,25022851, Iteration duration, 30.3471, sec
2023-08-22 13:49:21,803 [39] INFO  - 2023-08-22 13:49:08,F021,Z,6,iter,1,feat,2811246,25022851, Z slice processing duration, 83.1579, sec
2023-08-22 13:49:21,803 [39] INFO  - 2023-08-22 13:49:20,F021,Z,7,iter,0,feat,2543031,27565882, Spot file data loading and filtration , 7.29085, sec
2023-08-22 13:50:20,942 [39] INFO  - 2023-08-22 13:49:21,F021,Z,7,iter,0,feat,2543031,27565882, Seed neighbor determination, 3.12481, sec
2023-08-22 13:50:20,943 [39] INFO  - 2023-08-22 13:49:25,F021,Z,7,iter,0,feat,2543031,27565882, Quality Score Generation, 8.95317, sec
2023-08-22 13:50:20,943 [39] INFO  - 2023-08-22 13:49:30,F021,Z,7,iter,0,feat,2543031,27565882, Spots per feature calculation and feature filtration, 4.6861, sec
2023-08-22 13:50:20,943 [39] INFO  - 2023-08-22 13:49:39,F021,Z,7,iter,0,feat,2543031,27565882, Making Complete Code Target Calls, 8.72837, sec
2023-08-22 13:50:20,943 [39] INFO  - 2023-08-22 13:49:45,F021,Z,7,iter,0,feat,2543031,27565882, Target Call Location Estimation and iteration end update, 5.9136, sec
2023-08-22 13:50:20,943 [39] INFO  - 2023-08-22 13:49:45,F021,Z,7,iter,0,feat,2543031,27565882, Iteration summary generation, 0.025742, sec
2023-08-22 13:50:20,943 [39] INFO  - 2023-08-22 13:49:45,F021,Z,7,iter,0,feat,2543031,27565882, Iteration duration, 30.2119, sec
2023-08-22 13:50:20,943 [39] INFO  - 2023-08-22 13:49:48,F021,Z,7,iter,1,feat,2543031,27565882, Seed neighbor determination, 3.93017, sec
2023-08-22 13:50:20,943 [39] INFO  - 2023-08-22 13:49:53,F021,Z,7,iter,1,feat,2543031,27565882, Quality Score Generation, 13.2662, sec
2023-08-22 13:50:20,951 [39] INFO  - 2023-08-22 13:49:58,F021,Z,7,iter,1,feat,2543031,27565882, Spots per feature calculation and feature filtration, 4.41594, sec
2023-08-22 13:50:20,951 [39] INFO  - 2023-08-22 13:50:05,F021,Z,7,iter,1,feat,2543031,27565882, Making Complete Code Target Calls, 7.255, sec
2023-08-22 13:50:20,951 [39] INFO  - 2023-08-22 13:50:08,F021,Z,7,iter,1,feat,2543031,27565882, Target Call Location Estimation and iteration end update, 2.87312, sec
2023-08-22 13:50:20,951 [39] INFO  - 2023-08-22 13:50:09,F021,Z,7,iter,1,feat,2543031,27565882, Iteration summary generation, 0.266876, sec
2023-08-22 13:50:20,951 [39] INFO  - 2023-08-22 13:50:09,F021,Z,7,iter,1,feat,2543031,27565882, Iteration duration, 30.5176, sec
2023-08-22 13:50:20,951 [39] INFO  - 2023-08-22 13:50:09,F021,Z,7,iter,1,feat,2543031,27565882, Z slice processing duration, 70.5129, sec
2023-08-22 13:50:20,951 [39] INFO  - 2023-08-22 13:50:11,F021,Z,8,iter,0,feat,688611,28254493, Spot file data loading and filtration , 0.905392, sec
2023-08-22 13:50:20,951 [39] INFO  - 2023-08-22 13:50:12,F021,Z,8,iter,0,feat,688611,28254493, Seed neighbor determination, 0.852155, sec
2023-08-22 13:50:20,951 [39] INFO  - 2023-08-22 13:50:13,F021,Z,8,iter,0,feat,688611,28254493, Quality Score Generation, 1.75028, sec
2023-08-22 13:50:20,951 [39] INFO  - 2023-08-22 13:50:15,F021,Z,8,iter,0,feat,688611,28254493, Spots per feature calculation and feature filtration, 1.36126, sec
2023-08-22 13:50:20,963 [39] INFO  - 2023-08-22 13:50:15,F021,Z,8,iter,0,feat,688611,28254493, Making Complete Code Target Calls, 0.280694, sec
2023-08-22 13:50:20,963 [39] INFO  - 2023-08-22 13:50:15,F021,Z,8,iter,0,feat,688611,28254493, Target Call Location Estimation and iteration end update, 0.107687, sec
2023-08-22 13:50:20,963 [39] INFO  - 2023-08-22 13:50:15,F021,Z,8,iter,0,feat,688611,28254493, Iteration summary generation, 0.001271, sec
2023-08-22 13:50:20,963 [39] INFO  - 2023-08-22 13:50:15,F021,Z,8,iter,0,feat,688611,28254493, Iteration duration, 4.00674, sec
2023-08-22 13:50:20,963 [39] INFO  - 2023-08-22 13:50:16,F021,Z,8,iter,1,feat,688611,28254493, Seed neighbor determination, 0.656892, sec
2023-08-22 13:50:20,963 [39] INFO  - 2023-08-22 13:50:17,F021,Z,8,iter,1,feat,688611,28254493, Quality Score Generation, 2.22301, sec
2023-08-22 13:50:20,963 [39] INFO  - 2023-08-22 13:50:18,F021,Z,8,iter,1,feat,688611,28254493, Spots per feature calculation and feature filtration, 1.3795, sec
2023-08-22 13:50:20,963 [39] INFO  - 2023-08-22 13:50:19,F021,Z,8,iter,1,feat,688611,28254493, Making Complete Code Target Calls, 0.51748, sec
2023-08-22 13:50:20,963 [39] INFO  - 2023-08-22 13:50:19,F021,Z,8,iter,1,feat,688611,28254493, Target Call Location Estimation and iteration end update, 0.055295, sec
2023-08-22 13:50:20,964 [39] INFO  - 2023-08-22 13:50:19,F021,Z,8,iter,1,feat,688611,28254493, Iteration summary generation, 0.032535, sec
2023-08-22 13:50:20,971 [39] INFO  - 2023-08-22 13:50:19,F021,Z,8,iter,1,feat,688611,28254493, Iteration duration, 4.64806, sec
2023-08-22 13:50:20,971 [39] INFO  - 2023-08-22 13:50:19,F021,Z,8,iter,1,feat,688611,28254493, Z slice processing duration, 11.5271, sec
2023-08-22 13:50:20,971 [39] INFO  - 2023-08-22 13:50:20,F021,Z,8,iter,1,feat,688611,28254493, FOV processing duration (final) , 834.868, sec
2023-08-22 13:50:20,984 [39] INFO  - Exited
2023-08-22 13:50:20,985 [39] INFO  - System.EventArgs
2023-08-22 13:50:20,986 [39] INFO  - { }
2023-08-22 13:50:20,990 [1] INFO  - mtmc run complete
2023-08-22 13:50:20,991 [1] INFO  - Zipping and uploading results...
2023-08-22 13:50:20,991 [1] INFO  - Uploading mtm results to storage.
2023-08-22 13:50:20,992 [1] INFO  - Start uploading /app/out/FOV021 to 892d9dcc-e56d-475c-8dee-2c395064223d/2302H0033/c9d29823-a69c-4328-a6b9-53e2b78fa3e3/Run_76ed1d6b-57d6-4076-9a09-09a6f1ded693_20230817_2302h0033_ControlCenter/20230817_175305/20230817_175305_S1/AnalysisResults/oxdwyv2woj/FOV021
2023-08-22 13:50:20,992 [1] INFO  - Executing with retries set to: 10
2023-08-22 13:50:23,583 [1] INFO  - Upload /app/out/FOV021 finished
2023-08-22 13:50:23,584 [1] INFO  - Results uploaded.
2023-08-22 13:50:23,585 [1] INFO  - All done
2023-08-22 13:50:23,585 [1] INFO  - Executing with retries set to: 10
2023-08-22 13:50:23,585 [1] INFO  - Setting fov oxdwyv2woj-8ksml into status Completed
2023-08-22 13:50:23,609 [1] INFO  - Saving a fov processing run: oxdwyv2woj-8ksml
2023-08-22 13:50:23,609 [1] INFO  - Updating an existing fov run.
2023-08-22 13:50:23,619 [1] INFO  - Uploading logs
2023-08-22 13:50:23,622 [1] INFO  - Start uploading 892d9dcc-e56d-475c-8dee-2c395064223d/2302H0033/c9d29823-a69c-4328-a6b9-53e2b78fa3e3/Run_76ed1d6b-57d6-4076-9a09-09a6f1ded693_20230817_2302h0033_ControlCenter/20230817_175305/20230817_175305_S1/AnalysisResults/oxdwyv2woj/FOV021/mtm-run.log
