2023-08-22 13:32:45,478 [1] INFO  - Using bucket s3-euw1-eu2-datarepository-eu2-eu2-kcl-01 and region eu-west-1
2023-08-22 13:32:45,550 [1] INFO  - Using role to access S3
2023-08-22 13:32:45,952 [1] INFO  - ===============================
2023-08-22 13:32:45,952 [1] INFO  - build info: 
commit 1860d865ce7409a4b25d5549a62e2b7be0a93d33
Author: alexander-serebriyan <alexander.serebriyan@teamdev.com>
Date:   Fri Feb 10 15:42:48 2023 +0100

    Add UAT env for ECR pushing.

Build done on: Fri Feb 10 14:46:39 UTC 2023
Version: 20230210.1

2023-08-22 13:32:45,952 [1] INFO  - ===============================
2023-08-22 13:32:45,952 [1] INFO  - Starting the job. Results will be uploaded to: 892d9dcc-e56d-475c-8dee-2c395064223d/2302H0033/c9d29823-a69c-4328-a6b9-53e2b78fa3e3/Run_76ed1d6b-57d6-4076-9a09-09a6f1ded693_20230817_2302h0033_ControlCenter/20230817_175305/20230817_175305_S1/AnalysisResults/oxdwyv2woj/FOV050
2023-08-22 13:32:45,952 [1] INFO  - Checking FOV status. Ref: oxdwyv2woj-iptfn, ID: 892d9dcc-e56d-475c-8dee-2c395064223d/2302H0033/c9d29823-a69c-4328-a6b9-53e2b78fa3e3/Run_76ed1d6b-57d6-4076-9a09-09a6f1ded693_20230817_2302h0033_ControlCenter/20230817_175305/20230817_175305_S1/SpotFiles/FOV050/
2023-08-22 13:32:46,187 [1] INFO  - Executing with retries set to: 10
2023-08-22 13:32:46,187 [1] INFO  - Setting fov oxdwyv2woj-iptfn into status InProgress
2023-08-22 13:32:46,189 [1] INFO  - Saving a fov processing run: oxdwyv2woj-iptfn
2023-08-22 13:32:46,189 [1] INFO  - Updating an existing fov run.
2023-08-22 13:32:46,232 [1] INFO  - Downloading FOV using next path: 892d9dcc-e56d-475c-8dee-2c395064223d/2302H0033/c9d29823-a69c-4328-a6b9-53e2b78fa3e3/Run_76ed1d6b-57d6-4076-9a09-09a6f1ded693_20230817_2302h0033_ControlCenter/20230817_175305/20230817_175305_S1/SpotFiles/FOV050/
2023-08-22 13:32:46,232 [1] INFO  - Start downloading 892d9dcc-e56d-475c-8dee-2c395064223d/2302H0033/c9d29823-a69c-4328-a6b9-53e2b78fa3e3/Run_76ed1d6b-57d6-4076-9a09-09a6f1ded693_20230817_2302h0033_ControlCenter/20230817_175305/20230817_175305_S1/SpotFiles/FOV050/
2023-08-22 13:32:46,232 [1] INFO  - Executing with retries set to: 10
2023-08-22 13:36:48,902 [1] INFO  - Download 892d9dcc-e56d-475c-8dee-2c395064223d/2302H0033/c9d29823-a69c-4328-a6b9-53e2b78fa3e3/Run_76ed1d6b-57d6-4076-9a09-09a6f1ded693_20230817_2302h0033_ControlCenter/20230817_175305/20230817_175305_S1/SpotFiles/FOV050/ complete
2023-08-22 13:36:48,902 [1] INFO  - Custom plex file specified. The default one will be overriden.
2023-08-22 13:36:48,902 [1] INFO  - Downloading plex file using next path: 892d9dcc-e56d-475c-8dee-2c395064223d/2302H0033/c9d29823-a69c-4328-a6b9-53e2b78fa3e3/Run_76ed1d6b-57d6-4076-9a09-09a6f1ded693_20230817_2302h0033_ControlCenter/20230817_175305/20230817_175305_S1/plex-oxdwyv2woj.txt
2023-08-22 13:36:48,902 [1] INFO  - Downloading 892d9dcc-e56d-475c-8dee-2c395064223d/2302H0033/c9d29823-a69c-4328-a6b9-53e2b78fa3e3/Run_76ed1d6b-57d6-4076-9a09-09a6f1ded693_20230817_2302h0033_ControlCenter/20230817_175305/20230817_175305_S1/plex-oxdwyv2woj.txt
2023-08-22 13:36:49,017 [1] INFO  - Download 892d9dcc-e56d-475c-8dee-2c395064223d/2302H0033/c9d29823-a69c-4328-a6b9-53e2b78fa3e3/Run_76ed1d6b-57d6-4076-9a09-09a6f1ded693_20230817_2302h0033_ControlCenter/20230817_175305/20230817_175305_S1/plex-oxdwyv2woj.txt finished
2023-08-22 13:36:49,017 [1] INFO  - No user params file specified. Trying to use the one from the storage.
2023-08-22 13:36:49,018 [1] INFO  - Downloading params file using next path: 892d9dcc-e56d-475c-8dee-2c395064223d/2302H0033/c9d29823-a69c-4328-a6b9-53e2b78fa3e3/Run_76ed1d6b-57d6-4076-9a09-09a6f1ded693_20230817_2302h0033_ControlCenter/20230817_175305/20230817_175305_S1/analysis_params_v6.txt
2023-08-22 13:36:49,018 [1] INFO  - Downloading 892d9dcc-e56d-475c-8dee-2c395064223d/2302H0033/c9d29823-a69c-4328-a6b9-53e2b78fa3e3/Run_76ed1d6b-57d6-4076-9a09-09a6f1ded693_20230817_2302h0033_ControlCenter/20230817_175305/20230817_175305_S1/analysis_params_v6.txt
2023-08-22 13:36:49,049 [1] ERROR -    at Amazon.Runtime.Internal.HttpErrorResponseExceptionHandler.HandleExceptionStream(IRequestContext requestContext, IWebResponseData httpErrorResponse, HttpErrorResponseException exception, Stream responseStream)
   at Amazon.Runtime.Internal.HttpErrorResponseExceptionHandler.HandleExceptionAsync(IExecutionContext executionContext, HttpErrorResponseException exception)
   at Amazon.Runtime.Internal.ExceptionHandler`1.HandleAsync(IExecutionContext executionContext, Exception exception)
   at Amazon.Runtime.Internal.ErrorHandler.ProcessExceptionAsync(IExecutionContext executionContext, Exception exception)
   at Amazon.Runtime.Internal.ErrorHandler.InvokeAsync[T](IExecutionContext executionContext)
   at Amazon.Runtime.Internal.CallbackHandler.InvokeAsync[T](IExecutionContext executionContext)
   at Amazon.Runtime.Internal.EndpointDiscoveryHandler.InvokeAsync[T](IExecutionContext executionContext)
   at Amazon.Runtime.Internal.EndpointDiscoveryHandler.InvokeAsync[T](IExecutionContext executionContext)
   at Amazon.Runtime.Internal.CredentialsRetriever.InvokeAsync[T](IExecutionContext executionContext)
   at Amazon.Runtime.Internal.RetryHandler.InvokeAsync[T](IExecutionContext executionContext)
   at Amazon.Runtime.Internal.RetryHandler.InvokeAsync[T](IExecutionContext executionContext)
   at Amazon.Runtime.Internal.CallbackHandler.InvokeAsync[T](IExecutionContext executionContext)
   at Amazon.Runtime.Internal.CallbackHandler.InvokeAsync[T](IExecutionContext executionContext)
   at Amazon.S3.Internal.AmazonS3ExceptionHandler.InvokeAsync[T](IExecutionContext executionContext)
   at Amazon.Runtime.Internal.ErrorCallbackHandler.InvokeAsync[T](IExecutionContext executionContext)
   at Amazon.Runtime.Internal.MetricsHandler.InvokeAsync[T](IExecutionContext executionContext)
   at Amazon.S3.Transfer.Internal.DownloadCommand.ExecuteAsync(CancellationToken cancellationToken)
   at Amazon.S3.Transfer.TransferUtility.Download(String filePath, String bucketName, String key)
   at Core.S3FileStorageService.DownloadFile(String remoteFilePath, String localFilePath) in /src/Core/S3FileStorageService.cs:line 67
   at MTMCWorker.Service.Impl.MtmcWorker.FetchParamsFile(String paramsFileRef, String flowCellPath) in /src/MTMCWorker/Service/Impl/MtmcWorker.cs:line 297
2023-08-22 13:36:49,049 [1] INFO  - Can't download params file next to nBCDir. Using the default one.
Amazon.S3.AmazonS3Exception: The specified key does not exist.
 ---> Amazon.Runtime.Internal.HttpErrorResponseException: Exception of type 'Amazon.Runtime.Internal.HttpErrorResponseException' was thrown.
   at Amazon.Runtime.HttpWebRequestMessage.GetResponseAsync(CancellationToken cancellationToken)
   at Amazon.Runtime.Internal.HttpHandler`1.InvokeAsync[T](IExecutionContext executionContext)
   at Amazon.Runtime.Internal.RedirectHandler.InvokeAsync[T](IExecutionContext executionContext)
   at Amazon.Runtime.Internal.Unmarshaller.InvokeAsync[T](IExecutionContext executionContext)
   at Amazon.S3.Internal.AmazonS3ResponseHandler.InvokeAsync[T](IExecutionContext executionContext)
   at Amazon.Runtime.Internal.ErrorHandler.InvokeAsync[T](IExecutionContext executionContext)
   --- End of inner exception stack trace ---
   at Amazon.Runtime.Internal.HttpErrorResponseExceptionHandler.HandleExceptionStream(IRequestContext requestContext, IWebResponseData httpErrorResponse, HttpErrorResponseException exception, Stream responseStream)
   at Amazon.Runtime.Internal.HttpErrorResponseExceptionHandler.HandleExceptionAsync(IExecutionContext executionContext, HttpErrorResponseException exception)
   at Amazon.Runtime.Internal.ExceptionHandler`1.HandleAsync(IExecutionContext executionContext, Exception exception)
   at Amazon.Runtime.Internal.ErrorHandler.ProcessExceptionAsync(IExecutionContext executionContext, Exception exception)
   at Amazon.Runtime.Internal.ErrorHandler.InvokeAsync[T](IExecutionContext executionContext)
   at Amazon.Runtime.Internal.CallbackHandler.InvokeAsync[T](IExecutionContext executionContext)
   at Amazon.Runtime.Internal.EndpointDiscoveryHandler.InvokeAsync[T](IExecutionContext executionContext)
   at Amazon.Runtime.Internal.EndpointDiscoveryHandler.InvokeAsync[T](IExecutionContext executionContext)
   at Amazon.Runtime.Internal.CredentialsRetriever.InvokeAsync[T](IExecutionContext executionContext)
   at Amazon.Runtime.Internal.RetryHandler.InvokeAsync[T](IExecutionContext executionContext)
   at Amazon.Runtime.Internal.RetryHandler.InvokeAsync[T](IExecutionContext executionContext)
   at Amazon.Runtime.Internal.CallbackHandler.InvokeAsync[T](IExecutionContext executionContext)
   at Amazon.Runtime.Internal.CallbackHandler.InvokeAsync[T](IExecutionContext executionContext)
   at Amazon.S3.Internal.AmazonS3ExceptionHandler.InvokeAsync[T](IExecutionContext executionContext)
   at Amazon.Runtime.Internal.ErrorCallbackHandler.InvokeAsync[T](IExecutionContext executionContext)
   at Amazon.Runtime.Internal.MetricsHandler.InvokeAsync[T](IExecutionContext executionContext)
   at Amazon.S3.Transfer.Internal.DownloadCommand.ExecuteAsync(CancellationToken cancellationToken)
   at Amazon.S3.Transfer.TransferUtility.Download(String filePath, String bucketName, String key)
   at Core.S3FileStorageService.DownloadFile(String remoteFilePath, String localFilePath) in /src/Core/S3FileStorageService.cs:line 67
   at MTMCWorker.Service.Impl.MtmcWorker.FetchParamsFile(String paramsFileRef, String flowCellPath) in /src/MTMCWorker/Service/Impl/MtmcWorker.cs:line 297
2023-08-22 13:36:49,052 [1] INFO  - Fetching CellStatsDir folder data...
2023-08-22 13:36:49,113 [1] INFO  - Downloading 892d9dcc-e56d-475c-8dee-2c395064223d/2302H0033/c9d29823-a69c-4328-a6b9-53e2b78fa3e3/Run_76ed1d6b-57d6-4076-9a09-09a6f1ded693_20230817_2302h0033_ControlCenter/20230817_175305/20230817_175305_S1/CellStatsDir/CellComposite/CellComposite_F050.jpg
2023-08-22 13:36:49,294 [1] INFO  - Download 892d9dcc-e56d-475c-8dee-2c395064223d/2302H0033/c9d29823-a69c-4328-a6b9-53e2b78fa3e3/Run_76ed1d6b-57d6-4076-9a09-09a6f1ded693_20230817_2302h0033_ControlCenter/20230817_175305/20230817_175305_S1/CellStatsDir/CellComposite/CellComposite_F050.jpg finished
2023-08-22 13:36:49,294 [1] INFO  - Downloading 892d9dcc-e56d-475c-8dee-2c395064223d/2302H0033/c9d29823-a69c-4328-a6b9-53e2b78fa3e3/Run_76ed1d6b-57d6-4076-9a09-09a6f1ded693_20230817_2302h0033_ControlCenter/20230817_175305/20230817_175305_S1/CellStatsDir/CellOverlay/CellOverlay_F050.jpg
2023-08-22 13:36:49,717 [1] INFO  - Download 892d9dcc-e56d-475c-8dee-2c395064223d/2302H0033/c9d29823-a69c-4328-a6b9-53e2b78fa3e3/Run_76ed1d6b-57d6-4076-9a09-09a6f1ded693_20230817_2302h0033_ControlCenter/20230817_175305/20230817_175305_S1/CellStatsDir/CellOverlay/CellOverlay_F050.jpg finished
2023-08-22 13:36:49,718 [1] INFO  - Downloading 892d9dcc-e56d-475c-8dee-2c395064223d/2302H0033/c9d29823-a69c-4328-a6b9-53e2b78fa3e3/Run_76ed1d6b-57d6-4076-9a09-09a6f1ded693_20230817_2302h0033_ControlCenter/20230817_175305/20230817_175305_S1/CellStatsDir/FOV050/CellLabels_F050.tif
2023-08-22 13:36:50,022 [1] INFO  - Download 892d9dcc-e56d-475c-8dee-2c395064223d/2302H0033/c9d29823-a69c-4328-a6b9-53e2b78fa3e3/Run_76ed1d6b-57d6-4076-9a09-09a6f1ded693_20230817_2302h0033_ControlCenter/20230817_175305/20230817_175305_S1/CellStatsDir/FOV050/CellLabels_F050.tif finished
2023-08-22 13:36:50,022 [1] INFO  - Downloading 892d9dcc-e56d-475c-8dee-2c395064223d/2302H0033/c9d29823-a69c-4328-a6b9-53e2b78fa3e3/Run_76ed1d6b-57d6-4076-9a09-09a6f1ded693_20230817_2302h0033_ControlCenter/20230817_175305/20230817_175305_S1/CellStatsDir/FOV050/CompartmentLabels_F050.tif
2023-08-22 13:36:50,210 [1] INFO  - Download 892d9dcc-e56d-475c-8dee-2c395064223d/2302H0033/c9d29823-a69c-4328-a6b9-53e2b78fa3e3/Run_76ed1d6b-57d6-4076-9a09-09a6f1ded693_20230817_2302h0033_ControlCenter/20230817_175305/20230817_175305_S1/CellStatsDir/FOV050/CompartmentLabels_F050.tif finished
2023-08-22 13:36:50,210 [1] INFO  - Downloading 892d9dcc-e56d-475c-8dee-2c395064223d/2302H0033/c9d29823-a69c-4328-a6b9-53e2b78fa3e3/Run_76ed1d6b-57d6-4076-9a09-09a6f1ded693_20230817_2302h0033_ControlCenter/20230817_175305/20230817_175305_S1/CellStatsDir/FOV050/Run_76ed1d6b-57d6-4076-9a09-09a6f1ded693_20230817_175305_S1_Cell_Stats_F050.csv
2023-08-22 13:36:50,459 [1] INFO  - Download 892d9dcc-e56d-475c-8dee-2c395064223d/2302H0033/c9d29823-a69c-4328-a6b9-53e2b78fa3e3/Run_76ed1d6b-57d6-4076-9a09-09a6f1ded693_20230817_2302h0033_ControlCenter/20230817_175305/20230817_175305_S1/CellStatsDir/FOV050/Run_76ed1d6b-57d6-4076-9a09-09a6f1ded693_20230817_175305_S1_Cell_Stats_F050.csv finished
2023-08-22 13:36:50,459 [1] INFO  - Downloading 892d9dcc-e56d-475c-8dee-2c395064223d/2302H0033/c9d29823-a69c-4328-a6b9-53e2b78fa3e3/Run_76ed1d6b-57d6-4076-9a09-09a6f1ded693_20230817_2302h0033_ControlCenter/20230817_175305/20230817_175305_S1/CellStatsDir/Morphology2D/20230817_175305_S1_C902_P99_N99_F050.TIF
2023-08-22 13:36:51,837 [1] INFO  - Download 892d9dcc-e56d-475c-8dee-2c395064223d/2302H0033/c9d29823-a69c-4328-a6b9-53e2b78fa3e3/Run_76ed1d6b-57d6-4076-9a09-09a6f1ded693_20230817_2302h0033_ControlCenter/20230817_175305/20230817_175305_S1/CellStatsDir/Morphology2D/20230817_175305_S1_C902_P99_N99_F050.TIF finished
2023-08-22 13:36:51,837 [1] INFO  - Downloading 892d9dcc-e56d-475c-8dee-2c395064223d/2302H0033/c9d29823-a69c-4328-a6b9-53e2b78fa3e3/Run_76ed1d6b-57d6-4076-9a09-09a6f1ded693_20230817_2302h0033_ControlCenter/20230817_175305/20230817_175305_S1/CellStatsDir/RnD/Run_76ed1d6b-57d6-4076-9a09-09a6f1ded693_20230817_175305_S1_Summary_F050.csv
2023-08-22 13:36:51,979 [1] INFO  - Download 892d9dcc-e56d-475c-8dee-2c395064223d/2302H0033/c9d29823-a69c-4328-a6b9-53e2b78fa3e3/Run_76ed1d6b-57d6-4076-9a09-09a6f1ded693_20230817_2302h0033_ControlCenter/20230817_175305/20230817_175305_S1/CellStatsDir/RnD/Run_76ed1d6b-57d6-4076-9a09-09a6f1ded693_20230817_175305_S1_Summary_F050.csv finished
2023-08-22 13:36:51,979 [1] INFO  - CellStatsDir data download complete.
2023-08-22 13:36:51,979 [1] INFO  - FOV downloaded successfully.
2023-08-22 13:36:51,979 [1] INFO  - Preparing dirs structure for mtmc
2023-08-22 13:36:51,979 [1] INFO  - Preparing mtmc input. FOV dir: FOV050
2023-08-22 13:36:51,982 [1] INFO  - Running mtmc...
2023-08-22 13:36:51,989 [29] INFO  - directory: "/app/input_data/"
2023-08-22 13:36:52,292 [29] INFO  - directory: "/app/out/FOV050/"
2023-08-22 13:40:33,582 [19] INFO  - 2023-08-22 13:36:52,F050,Z,0,iter,0,feat,0,0, Reading and combining input data, 0.041051, sec
2023-08-22 13:40:33,582 [19] INFO  - 2023-08-22 13:36:53,F050,Z,0,iter,0,feat,699908,699908, Spot file data loading and filtration , 1.37344, sec
2023-08-22 13:40:33,582 [19] INFO  - 2023-08-22 13:36:54,F050,Z,0,iter,0,feat,699908,699908, Seed neighbor determination, 0.872743, sec
2023-08-22 13:40:33,582 [19] INFO  - 2023-08-22 13:36:54,F050,Z,0,iter,0,feat,699908,699908, Quality Score Generation, 0.94001, sec
2023-08-22 13:40:33,583 [19] INFO  - 2023-08-22 13:36:56,F050,Z,0,iter,0,feat,699908,699908, Spots per feature calculation and feature filtration, 1.66585, sec
2023-08-22 13:40:33,583 [19] INFO  - 2023-08-22 13:36:56,F050,Z,0,iter,0,feat,699908,699908, Making Complete Code Target Calls, 0.093808, sec
2023-08-22 13:40:33,583 [19] INFO  - 2023-08-22 13:36:56,F050,Z,0,iter,0,feat,699908,699908, Target Call Location Estimation and iteration end update, 0.029973, sec
2023-08-22 13:40:33,583 [19] INFO  - 2023-08-22 13:36:56,F050,Z,0,iter,0,feat,699908,699908, Iteration summary generation, 0.000234, sec
2023-08-22 13:40:33,583 [19] INFO  - 2023-08-22 13:36:56,F050,Z,0,iter,0,feat,699908,699908, Iteration duration, 3.23513, sec
2023-08-22 13:40:33,583 [37] INFO  - 2023-08-22 13:36:56,F050,Z,0,iter,1,feat,699908,699908, Seed neighbor determination, 0.824903, sec
2023-08-22 13:40:33,583 [37] INFO  - 2023-08-22 13:36:57,F050,Z,0,iter,1,feat,699908,699908, Quality Score Generation, 1.20453, sec
2023-08-22 13:40:33,583 [37] INFO  - 2023-08-22 13:36:58,F050,Z,0,iter,1,feat,699908,699908, Spots per feature calculation and feature filtration, 1.61687, sec
2023-08-22 13:40:33,583 [37] INFO  - 2023-08-22 13:36:59,F050,Z,0,iter,1,feat,699908,699908, Making Complete Code Target Calls, 0.117197, sec
2023-08-22 13:40:33,583 [37] INFO  - 2023-08-22 13:36:59,F050,Z,0,iter,1,feat,699908,699908, Target Call Location Estimation and iteration end update, 0.007523, sec
2023-08-22 13:40:33,583 [37] INFO  - 2023-08-22 13:36:59,F050,Z,0,iter,1,feat,699908,699908, Iteration summary generation, 0.003926, sec
2023-08-22 13:40:33,583 [37] INFO  - 2023-08-22 13:36:59,F050,Z,0,iter,1,feat,699908,699908, Iteration duration, 3.42963, sec
2023-08-22 13:40:33,583 [37] INFO  - 2023-08-22 13:36:59,F050,Z,0,iter,1,feat,699908,699908, Z slice processing duration, 8.03972, sec
2023-08-22 13:40:33,583 [37] INFO  - 2023-08-22 13:37:23,F050,Z,1,iter,0,feat,6902058,7601966, Spot file data loading and filtration , 23.6484, sec
2023-08-22 13:40:33,583 [37] INFO  - 2023-08-22 13:37:27,F050,Z,1,iter,0,feat,6902058,7601966, Seed neighbor determination, 9.21745, sec
2023-08-22 13:40:33,583 [37] INFO  - 2023-08-22 13:37:33,F050,Z,1,iter,0,feat,6902058,7601966, Quality Score Generation, 17.5227, sec
2023-08-22 13:40:33,583 [37] INFO  - 2023-08-22 13:37:45,F050,Z,1,iter,0,feat,6902058,7601966, Spots per feature calculation and feature filtration, 11.9531, sec
2023-08-22 13:40:33,583 [37] INFO  - 2023-08-22 13:38:09,F050,Z,1,iter,0,feat,6902058,7601966, Making Complete Code Target Calls, 21.6285, sec
2023-08-22 13:40:33,583 [37] INFO  - 2023-08-22 13:38:18,F050,Z,1,iter,0,feat,6902058,7601966, Target Call Location Estimation and iteration end update, 8.37862, sec
2023-08-22 13:40:33,583 [37] INFO  - 2023-08-22 13:38:18,F050,Z,1,iter,0,feat,6902058,7601966, Iteration summary generation, 0.040929, sec
2023-08-22 13:40:33,583 [37] INFO  - 2023-08-22 13:38:18,F050,Z,1,iter,0,feat,6902058,7601966, Iteration duration, 65.3199, sec
2023-08-22 13:40:33,583 [37] INFO  - 2023-08-22 13:38:27,F050,Z,1,iter,1,feat,6902058,7601966, Seed neighbor determination, 9.48703, sec
2023-08-22 13:40:33,583 [37] INFO  - 2023-08-22 13:38:36,F050,Z,1,iter,1,feat,6902058,7601966, Quality Score Generation, 30.5028, sec
2023-08-22 13:40:33,583 [37] INFO  - 2023-08-22 13:38:44,F050,Z,1,iter,1,feat,6902058,7601966, Spots per feature calculation and feature filtration, 7.30297, sec
2023-08-22 13:40:33,583 [37] INFO  - 2023-08-22 13:39:04,F050,Z,1,iter,1,feat,6902058,7601966, Making Complete Code Target Calls, 19.7147, sec
2023-08-22 13:40:33,583 [37] INFO  - 2023-08-22 13:39:08,F050,Z,1,iter,1,feat,6902058,7601966, Target Call Location Estimation and iteration end update, 3.82274, sec
2023-08-22 13:40:33,583 [37] INFO  - 2023-08-22 13:39:08,F050,Z,1,iter,1,feat,6902058,7601966, Iteration summary generation, 0.542304, sec
2023-08-22 13:40:33,583 [37] INFO  - 2023-08-22 13:39:08,F050,Z,1,iter,1,feat,6902058,7601966, Iteration duration, 67.2887, sec
2023-08-22 13:40:33,583 [37] INFO  - 2023-08-22 13:39:08,F050,Z,1,iter,1,feat,6902058,7601966, Z slice processing duration, 156.728, sec
2023-08-22 13:40:33,583 [37] INFO  - 2023-08-22 13:39:34,F050,Z,2,iter,0,feat,6342721,13944687, Spot file data loading and filtration , 19.9889, sec
2023-08-22 13:40:33,583 [37] INFO  - 2023-08-22 13:39:39,F050,Z,2,iter,0,feat,6342721,13944687, Seed neighbor determination, 8.26548, sec
2023-08-22 13:40:33,583 [37] INFO  - 2023-08-22 13:39:45,F050,Z,2,iter,0,feat,6342721,13944687, Quality Score Generation, 20.6894, sec
2023-08-22 13:40:33,583 [37] INFO  - 2023-08-22 13:39:58,F050,Z,2,iter,0,feat,6342721,13944687, Spots per feature calculation and feature filtration, 13.3544, sec
2023-08-22 13:40:33,583 [37] INFO  - 2023-08-22 13:40:20,F050,Z,2,iter,0,feat,6342721,13944687, Making Complete Code Target Calls, 20.5334, sec
2023-08-22 13:44:24,836 [37] INFO  - 2023-08-22 13:40:33,F050,Z,2,iter,0,feat,6342721,13944687, Target Call Location Estimation and iteration end update, 13.3082, sec
2023-08-22 13:44:24,837 [37] INFO  - 2023-08-22 13:40:33,F050,Z,2,iter,0,feat,6342721,13944687, Iteration summary generation, 0.118642, sec
2023-08-22 13:44:24,837 [37] INFO  - 2023-08-22 13:40:33,F050,Z,2,iter,0,feat,6342721,13944687, Iteration duration, 73.259, sec
2023-08-22 13:44:24,837 [37] INFO  - 2023-08-22 13:40:38,F050,Z,2,iter,1,feat,6342721,13944687, Seed neighbor determination, 10.0467, sec
2023-08-22 13:44:24,837 [37] INFO  - 2023-08-22 13:40:47,F050,Z,2,iter,1,feat,6342721,13944687, Quality Score Generation, 25.4135, sec
2023-08-22 13:44:24,837 [37] INFO  - 2023-08-22 13:40:55,F050,Z,2,iter,1,feat,6342721,13944687, Spots per feature calculation and feature filtration, 8.56465, sec
2023-08-22 13:44:24,837 [37] INFO  - 2023-08-22 13:41:15,F050,Z,2,iter,1,feat,6342721,13944687, Making Complete Code Target Calls, 18.4809, sec
2023-08-22 13:44:24,837 [37] INFO  - 2023-08-22 13:41:22,F050,Z,2,iter,1,feat,6342721,13944687, Target Call Location Estimation and iteration end update, 7.56335, sec
2023-08-22 13:44:24,837 [37] INFO  - 2023-08-22 13:41:24,F050,Z,2,iter,1,feat,6342721,13944687, Iteration summary generation, 1.8142, sec
2023-08-22 13:44:24,837 [37] INFO  - 2023-08-22 13:41:24,F050,Z,2,iter,1,feat,6342721,13944687, Iteration duration, 67.3353, sec
2023-08-22 13:44:24,837 [37] INFO  - 2023-08-22 13:41:24,F050,Z,2,iter,1,feat,6342721,13944687, Z slice processing duration, 165.528, sec
2023-08-22 13:44:24,837 [37] INFO  - 2023-08-22 13:41:53,F050,Z,3,iter,0,feat,5467660,19412347, Spot file data loading and filtration , 23.3202, sec
2023-08-22 13:44:24,837 [37] INFO  - 2023-08-22 13:41:56,F050,Z,3,iter,0,feat,5467660,19412347, Seed neighbor determination, 5.90049, sec
2023-08-22 13:44:24,837 [37] INFO  - 2023-08-22 13:42:04,F050,Z,3,iter,0,feat,5467660,19412347, Quality Score Generation, 22.5463, sec
2023-08-22 13:44:24,837 [37] INFO  - 2023-08-22 13:42:11,F050,Z,3,iter,0,feat,5467660,19412347, Spots per feature calculation and feature filtration, 6.97389, sec
2023-08-22 13:44:24,837 [37] INFO  - 2023-08-22 13:42:22,F050,Z,3,iter,0,feat,5467660,19412347, Making Complete Code Target Calls, 11.2753, sec
2023-08-22 13:44:24,837 [37] INFO  - 2023-08-22 13:42:30,F050,Z,3,iter,0,feat,5467660,19412347, Target Call Location Estimation and iteration end update, 7.40408, sec
2023-08-22 13:44:24,837 [37] INFO  - 2023-08-22 13:42:30,F050,Z,3,iter,0,feat,5467660,19412347, Iteration summary generation, 0.057513, sec
2023-08-22 13:44:24,837 [37] INFO  - 2023-08-22 13:42:30,F050,Z,3,iter,0,feat,5467660,19412347, Iteration duration, 51.9126, sec
2023-08-22 13:44:24,837 [19] INFO  - 2023-08-22 13:42:34,F050,Z,3,iter,1,feat,5467660,19412347, Seed neighbor determination, 6.9246, sec
2023-08-22 13:44:24,837 [19] INFO  - 2023-08-22 13:42:39,F050,Z,3,iter,1,feat,5467660,19412347, Quality Score Generation, 17.7418, sec
2023-08-22 13:44:24,837 [19] INFO  - 2023-08-22 13:42:46,F050,Z,3,iter,1,feat,5467660,19412347, Spots per feature calculation and feature filtration, 7.64114, sec
2023-08-22 13:44:24,837 [19] INFO  - 2023-08-22 13:43:00,F050,Z,3,iter,1,feat,5467660,19412347, Making Complete Code Target Calls, 13.798, sec
2023-08-22 13:44:24,837 [19] INFO  - 2023-08-22 13:43:05,F050,Z,3,iter,1,feat,5467660,19412347, Target Call Location Estimation and iteration end update, 4.79251, sec
2023-08-22 13:44:24,837 [19] INFO  - 2023-08-22 13:43:07,F050,Z,3,iter,1,feat,5467660,19412347, Iteration summary generation, 1.44802, sec
2023-08-22 13:44:24,837 [19] INFO  - 2023-08-22 13:43:07,F050,Z,3,iter,1,feat,5467660,19412347, Iteration duration, 49.2122, sec
2023-08-22 13:44:24,837 [19] INFO  - 2023-08-22 13:43:07,F050,Z,3,iter,1,feat,5467660,19412347, Z slice processing duration, 129.545, sec
2023-08-22 13:44:24,837 [19] INFO  - 2023-08-22 13:43:27,F050,Z,4,iter,0,feat,4891757,24304104, Spot file data loading and filtration , 16.7619, sec
2023-08-22 13:44:24,837 [19] INFO  - 2023-08-22 13:43:30,F050,Z,4,iter,0,feat,4891757,24304104, Seed neighbor determination, 5.55467, sec
2023-08-22 13:44:24,837 [19] INFO  - 2023-08-22 13:43:36,F050,Z,4,iter,0,feat,4891757,24304104, Quality Score Generation, 15.0268, sec
2023-08-22 13:44:24,837 [19] INFO  - 2023-08-22 13:43:44,F050,Z,4,iter,0,feat,4891757,24304104, Spots per feature calculation and feature filtration, 7.77202, sec
2023-08-22 13:44:24,837 [19] INFO  - 2023-08-22 13:43:59,F050,Z,4,iter,0,feat,4891757,24304104, Making Complete Code Target Calls, 14.8344, sec
2023-08-22 13:44:24,837 [19] INFO  - 2023-08-22 13:44:03,F050,Z,4,iter,0,feat,4891757,24304104, Target Call Location Estimation and iteration end update, 3.3871, sec
2023-08-22 13:44:24,837 [19] INFO  - 2023-08-22 13:44:03,F050,Z,4,iter,0,feat,4891757,24304104, Iteration summary generation, 0.051667, sec
2023-08-22 13:44:24,837 [19] INFO  - 2023-08-22 13:44:03,F050,Z,4,iter,0,feat,4891757,24304104, Iteration duration, 44.2698, sec
2023-08-22 13:44:24,837 [19] INFO  - 2023-08-22 13:44:06,F050,Z,4,iter,1,feat,4891757,24304104, Seed neighbor determination, 5.83371, sec
2023-08-22 13:44:24,837 [19] INFO  - 2023-08-22 13:44:10,F050,Z,4,iter,1,feat,4891757,24304104, Quality Score Generation, 15.1087, sec
2023-08-22 13:44:24,837 [19] INFO  - 2023-08-22 13:44:15,F050,Z,4,iter,1,feat,4891757,24304104, Spots per feature calculation and feature filtration, 5.42094, sec
2023-08-22 13:46:35,105 [19] INFO  - 2023-08-22 13:44:24,F050,Z,4,iter,1,feat,4891757,24304104, Making Complete Code Target Calls, 8.71976, sec
2023-08-22 13:46:35,105 [19] INFO  - 2023-08-22 13:44:27,F050,Z,4,iter,1,feat,4891757,24304104, Target Call Location Estimation and iteration end update, 3.03698, sec
2023-08-22 13:46:35,105 [19] INFO  - 2023-08-22 13:44:28,F050,Z,4,iter,1,feat,4891757,24304104, Iteration summary generation, 0.695186, sec
2023-08-22 13:46:35,105 [19] INFO  - 2023-08-22 13:44:28,F050,Z,4,iter,1,feat,4891757,24304104, Iteration duration, 36.3437, sec
2023-08-22 13:46:35,105 [19] INFO  - 2023-08-22 13:44:28,F050,Z,4,iter,1,feat,4891757,24304104, Z slice processing duration, 100.893, sec
2023-08-22 13:46:35,105 [19] INFO  - 2023-08-22 13:44:45,F050,Z,5,iter,0,feat,4429138,28733242, Spot file data loading and filtration , 13.9146, sec
2023-08-22 13:46:35,105 [19] INFO  - 2023-08-22 13:44:48,F050,Z,5,iter,0,feat,4429138,28733242, Seed neighbor determination, 5.26247, sec
2023-08-22 13:46:35,105 [19] INFO  - 2023-08-22 13:44:51,F050,Z,5,iter,0,feat,4429138,28733242, Quality Score Generation, 11.8044, sec
2023-08-22 13:46:35,105 [19] INFO  - 2023-08-22 13:44:56,F050,Z,5,iter,0,feat,4429138,28733242, Spots per feature calculation and feature filtration, 5.38185, sec
2023-08-22 13:46:35,105 [19] INFO  - 2023-08-22 13:45:07,F050,Z,5,iter,0,feat,4429138,28733242, Making Complete Code Target Calls, 10.7012, sec
2023-08-22 13:46:35,105 [46] INFO  - 2023-08-22 13:45:11,F050,Z,5,iter,0,feat,4429138,28733242, Target Call Location Estimation and iteration end update, 4.00501, sec
2023-08-22 13:46:35,105 [46] INFO  - 2023-08-22 13:45:11,F050,Z,5,iter,0,feat,4429138,28733242, Iteration summary generation, 0.048283, sec
2023-08-22 13:46:35,105 [46] INFO  - 2023-08-22 13:45:11,F050,Z,5,iter,0,feat,4429138,28733242, Iteration duration, 34.8989, sec
2023-08-22 13:46:35,105 [46] INFO  - 2023-08-22 13:45:13,F050,Z,5,iter,1,feat,4429138,28733242, Seed neighbor determination, 4.16044, sec
2023-08-22 13:46:35,105 [46] INFO  - 2023-08-22 13:45:16,F050,Z,5,iter,1,feat,4429138,28733242, Quality Score Generation, 8.76842, sec
2023-08-22 13:46:35,105 [46] INFO  - 2023-08-22 13:45:20,F050,Z,5,iter,1,feat,4429138,28733242, Spots per feature calculation and feature filtration, 4.09434, sec
2023-08-22 13:46:35,105 [46] INFO  - 2023-08-22 13:45:28,F050,Z,5,iter,1,feat,4429138,28733242, Making Complete Code Target Calls, 8.50528, sec
2023-08-22 13:46:35,105 [46] INFO  - 2023-08-22 13:45:29,F050,Z,5,iter,1,feat,4429138,28733242, Target Call Location Estimation and iteration end update, 1.06124, sec
2023-08-22 13:46:35,105 [46] INFO  - 2023-08-22 13:45:30,F050,Z,5,iter,1,feat,4429138,28733242, Iteration summary generation, 0.515586, sec
2023-08-22 13:46:35,105 [46] INFO  - 2023-08-22 13:45:30,F050,Z,5,iter,1,feat,4429138,28733242, Iteration duration, 25.2785, sec
2023-08-22 13:46:35,105 [46] INFO  - 2023-08-22 13:45:30,F050,Z,5,iter,1,feat,4429138,28733242, Z slice processing duration, 77.0641, sec
2023-08-22 13:46:35,105 [46] INFO  - 2023-08-22 13:45:43,F050,Z,6,iter,0,feat,4072748,32805990, Spot file data loading and filtration , 10.9173, sec
2023-08-22 13:46:35,105 [46] INFO  - 2023-08-22 13:45:45,F050,Z,6,iter,0,feat,4072748,32805990, Seed neighbor determination, 3.81413, sec
2023-08-22 13:46:35,105 [46] INFO  - 2023-08-22 13:45:47,F050,Z,6,iter,0,feat,4072748,32805990, Quality Score Generation, 6.39304, sec
2023-08-22 13:46:35,105 [46] INFO  - 2023-08-22 13:45:51,F050,Z,6,iter,0,feat,4072748,32805990, Spots per feature calculation and feature filtration, 4.20681, sec
2023-08-22 13:46:35,105 [46] INFO  - 2023-08-22 13:46:00,F050,Z,6,iter,0,feat,4072748,32805990, Making Complete Code Target Calls, 8.78656, sec
2023-08-22 13:46:35,105 [46] INFO  - 2023-08-22 13:46:02,F050,Z,6,iter,0,feat,4072748,32805990, Target Call Location Estimation and iteration end update, 2.02601, sec
2023-08-22 13:46:35,105 [46] INFO  - 2023-08-22 13:46:02,F050,Z,6,iter,0,feat,4072748,32805990, Iteration summary generation, 0.034729, sec
2023-08-22 13:46:35,105 [46] INFO  - 2023-08-22 13:46:02,F050,Z,6,iter,0,feat,4072748,32805990, Iteration duration, 23.6804, sec
2023-08-22 13:46:35,105 [46] INFO  - 2023-08-22 13:46:04,F050,Z,6,iter,1,feat,4072748,32805990, Seed neighbor determination, 3.75152, sec
2023-08-22 13:46:35,105 [46] INFO  - 2023-08-22 13:46:06,F050,Z,6,iter,1,feat,4072748,32805990, Quality Score Generation, 7.25942, sec
2023-08-22 13:46:35,105 [46] INFO  - 2023-08-22 13:46:09,F050,Z,6,iter,1,feat,4072748,32805990, Spots per feature calculation and feature filtration, 3.21869, sec
2023-08-22 13:46:35,105 [46] INFO  - 2023-08-22 13:46:17,F050,Z,6,iter,1,feat,4072748,32805990, Making Complete Code Target Calls, 7.69698, sec
2023-08-22 13:46:35,105 [46] INFO  - 2023-08-22 13:46:19,F050,Z,6,iter,1,feat,4072748,32805990, Target Call Location Estimation and iteration end update, 2.09916, sec
2023-08-22 13:46:35,105 [46] INFO  - 2023-08-22 13:46:19,F050,Z,6,iter,1,feat,4072748,32805990, Iteration summary generation, 0.469537, sec
2023-08-22 13:46:35,105 [46] INFO  - 2023-08-22 13:46:19,F050,Z,6,iter,1,feat,4072748,32805990, Iteration duration, 22.9026, sec
2023-08-22 13:46:35,105 [46] INFO  - 2023-08-22 13:46:19,F050,Z,6,iter,1,feat,4072748,32805990, Z slice processing duration, 59.6154, sec
2023-08-22 13:46:35,105 [46] INFO  - 2023-08-22 13:46:33,F050,Z,7,iter,0,feat,3936248,36742238, Spot file data loading and filtration , 11.3728, sec
2023-08-22 13:47:33,227 [46] INFO  - 2023-08-22 13:46:35,F050,Z,7,iter,0,feat,3936248,36742238, Seed neighbor determination, 3.67453, sec
2023-08-22 13:47:33,227 [46] INFO  - 2023-08-22 13:46:36,F050,Z,7,iter,0,feat,3936248,36742238, Quality Score Generation, 6.80624, sec
2023-08-22 13:47:33,227 [46] INFO  - 2023-08-22 13:46:40,F050,Z,7,iter,0,feat,3936248,36742238, Spots per feature calculation and feature filtration, 3.94978, sec
2023-08-22 13:47:33,227 [46] INFO  - 2023-08-22 13:46:46,F050,Z,7,iter,0,feat,3936248,36742238, Making Complete Code Target Calls, 5.71958, sec
2023-08-22 13:47:33,227 [46] INFO  - 2023-08-22 13:46:49,F050,Z,7,iter,0,feat,3936248,36742238, Target Call Location Estimation and iteration end update, 2.34573, sec
2023-08-22 13:47:33,227 [46] INFO  - 2023-08-22 13:46:49,F050,Z,7,iter,0,feat,3936248,36742238, Iteration summary generation, 0.02528, sec
2023-08-22 13:47:33,227 [46] INFO  - 2023-08-22 13:46:49,F050,Z,7,iter,0,feat,3936248,36742238, Iteration duration, 20.9447, sec
2023-08-22 13:47:33,227 [46] INFO  - 2023-08-22 13:46:50,F050,Z,7,iter,1,feat,3936248,36742238, Seed neighbor determination, 3.72382, sec
2023-08-22 13:47:33,227 [46] INFO  - 2023-08-22 13:46:52,F050,Z,7,iter,1,feat,3936248,36742238, Quality Score Generation, 7.16153, sec
2023-08-22 13:47:33,227 [46] INFO  - 2023-08-22 13:46:55,F050,Z,7,iter,1,feat,3936248,36742238, Spots per feature calculation and feature filtration, 2.99578, sec
2023-08-22 13:47:33,227 [46] INFO  - 2023-08-22 13:47:03,F050,Z,7,iter,1,feat,3936248,36742238, Making Complete Code Target Calls, 7.37295, sec
2023-08-22 13:47:33,227 [46] INFO  - 2023-08-22 13:47:04,F050,Z,7,iter,1,feat,3936248,36742238, Target Call Location Estimation and iteration end update, 0.780559, sec
2023-08-22 13:47:33,227 [46] INFO  - 2023-08-22 13:47:04,F050,Z,7,iter,1,feat,3936248,36742238, Iteration summary generation, 0.346521, sec
2023-08-22 13:47:33,227 [46] INFO  - 2023-08-22 13:47:04,F050,Z,7,iter,1,feat,3936248,36742238, Iteration duration, 20.6727, sec
2023-08-22 13:47:33,227 [46] INFO  - 2023-08-22 13:47:04,F050,Z,7,iter,1,feat,3936248,36742238, Z slice processing duration, 54.8911, sec
2023-08-22 13:47:33,227 [46] INFO  - 2023-08-22 13:47:12,F050,Z,8,iter,0,feat,2730033,39472271, Spot file data loading and filtration , 5.82972, sec
2023-08-22 13:47:33,227 [46] INFO  - 2023-08-22 13:47:13,F050,Z,8,iter,0,feat,2730033,39472271, Seed neighbor determination, 2.52843, sec
2023-08-22 13:47:33,227 [46] INFO  - 2023-08-22 13:47:14,F050,Z,8,iter,0,feat,2730033,39472271, Quality Score Generation, 4.57446, sec
2023-08-22 13:47:33,227 [46] INFO  - 2023-08-22 13:47:17,F050,Z,8,iter,0,feat,2730033,39472271, Spots per feature calculation and feature filtration, 2.71851, sec
2023-08-22 13:47:33,227 [46] INFO  - 2023-08-22 13:47:20,F050,Z,8,iter,0,feat,2730033,39472271, Making Complete Code Target Calls, 3.45289, sec
2023-08-22 13:47:33,227 [46] INFO  - 2023-08-22 13:47:21,F050,Z,8,iter,0,feat,2730033,39472271, Target Call Location Estimation and iteration end update, 0.958217, sec
2023-08-22 13:47:33,227 [46] INFO  - 2023-08-22 13:47:21,F050,Z,8,iter,0,feat,2730033,39472271, Iteration summary generation, 0.014761, sec
2023-08-22 13:47:33,227 [46] INFO  - 2023-08-22 13:47:21,F050,Z,8,iter,0,feat,2730033,39472271, Iteration duration, 13.1694, sec
2023-08-22 13:47:33,227 [46] INFO  - 2023-08-22 13:47:23,F050,Z,8,iter,1,feat,2730033,39472271, Seed neighbor determination, 2.44592, sec
2023-08-22 13:47:33,227 [46] INFO  - 2023-08-22 13:47:24,F050,Z,8,iter,1,feat,2730033,39472271, Quality Score Generation, 4.92069, sec
2023-08-22 13:47:33,227 [46] INFO  - 2023-08-22 13:47:26,F050,Z,8,iter,1,feat,2730033,39472271, Spots per feature calculation and feature filtration, 2.25616, sec
2023-08-22 13:47:33,227 [46] INFO  - 2023-08-22 13:47:30,F050,Z,8,iter,1,feat,2730033,39472271, Making Complete Code Target Calls, 3.83655, sec
2023-08-22 13:47:33,227 [46] INFO  - 2023-08-22 13:47:31,F050,Z,8,iter,1,feat,2730033,39472271, Target Call Location Estimation and iteration end update, 0.490513, sec
2023-08-22 13:47:33,227 [46] INFO  - 2023-08-22 13:47:31,F050,Z,8,iter,1,feat,2730033,39472271, Iteration summary generation, 0.268648, sec
2023-08-22 13:47:33,227 [46] INFO  - 2023-08-22 13:47:31,F050,Z,8,iter,1,feat,2730033,39472271, Iteration duration, 13.1994, sec
2023-08-22 13:47:33,227 [46] INFO  - 2023-08-22 13:47:31,F050,Z,8,iter,1,feat,2730033,39472271, Z slice processing duration, 34.0778, sec
2023-08-22 13:47:33,227 [46] INFO  - 2023-08-22 13:47:31,F050,Z,9,iter,0,feat,21184,39493455, Spot file data loading and filtration , -1.21039, sec
2023-08-22 13:47:33,227 [46] INFO  - 2023-08-22 13:47:31,F050,Z,9,iter,0,feat,21184,39493455, Seed neighbor determination, 0.01627, sec
2023-08-22 13:47:33,227 [46] INFO  - 2023-08-22 13:47:31,F050,Z,9,iter,0,feat,21184,39493455, Quality Score Generation, 0.012478, sec
2023-08-22 13:47:33,227 [46] INFO  - 2023-08-22 13:47:31,F050,Z,9,iter,1,feat,21184,39493455, Seed neighbor determination, 0.016476, sec
2023-08-22 13:47:33,227 [46] INFO  - 2023-08-22 13:47:31,F050,Z,9,iter,1,feat,21184,39493455, Quality Score Generation, 0.009293, sec
2023-08-22 13:47:33,227 [46] INFO  - 2023-08-22 13:47:31,F050,Z,9,iter,1,feat,21184,39493455, Z slice processing duration, 0.091007, sec
2023-08-22 13:47:33,227 [46] INFO  - 2023-08-22 13:47:33,F050,Z,9,iter,1,feat,21184,39493455, FOV processing duration (final) , 788.274, sec
2023-08-22 13:47:33,252 [46] INFO  - Exited
2023-08-22 13:47:33,252 [46] INFO  - System.EventArgs
2023-08-22 13:47:33,252 [46] INFO  - { }
2023-08-22 13:47:33,253 [1] INFO  - mtmc run complete
2023-08-22 13:47:33,253 [1] INFO  - Zipping and uploading results...
2023-08-22 13:47:33,254 [1] INFO  - Uploading mtm results to storage.
2023-08-22 13:47:33,254 [1] INFO  - Start uploading /app/out/FOV050 to 892d9dcc-e56d-475c-8dee-2c395064223d/2302H0033/c9d29823-a69c-4328-a6b9-53e2b78fa3e3/Run_76ed1d6b-57d6-4076-9a09-09a6f1ded693_20230817_2302h0033_ControlCenter/20230817_175305/20230817_175305_S1/AnalysisResults/oxdwyv2woj/FOV050
2023-08-22 13:47:33,254 [1] INFO  - Executing with retries set to: 10
2023-08-22 13:47:35,219 [1] INFO  - Upload /app/out/FOV050 finished
2023-08-22 13:47:35,219 [1] INFO  - Results uploaded.
2023-08-22 13:47:35,219 [1] INFO  - All done
2023-08-22 13:47:35,219 [1] INFO  - Executing with retries set to: 10
2023-08-22 13:47:35,219 [1] INFO  - Setting fov oxdwyv2woj-iptfn into status Completed
2023-08-22 13:47:35,232 [1] INFO  - Saving a fov processing run: oxdwyv2woj-iptfn
2023-08-22 13:47:35,232 [1] INFO  - Updating an existing fov run.
2023-08-22 13:47:35,234 [1] INFO  - Uploading logs
2023-08-22 13:47:35,235 [1] INFO  - Start uploading 892d9dcc-e56d-475c-8dee-2c395064223d/2302H0033/c9d29823-a69c-4328-a6b9-53e2b78fa3e3/Run_76ed1d6b-57d6-4076-9a09-09a6f1ded693_20230817_2302h0033_ControlCenter/20230817_175305/20230817_175305_S1/AnalysisResults/oxdwyv2woj/FOV050/mtm-run.log
