2023-08-22 13:35:49,159 [1] INFO  - Using bucket s3-euw1-eu2-datarepository-eu2-eu2-kcl-01 and region eu-west-1
2023-08-22 13:35:49,187 [1] INFO  - Using role to access S3
2023-08-22 13:35:49,402 [1] INFO  - ===============================
2023-08-22 13:35:49,402 [1] INFO  - build info: 
commit 1860d865ce7409a4b25d5549a62e2b7be0a93d33
Author: alexander-serebriyan <alexander.serebriyan@teamdev.com>
Date:   Fri Feb 10 15:42:48 2023 +0100

    Add UAT env for ECR pushing.

Build done on: Fri Feb 10 14:46:39 UTC 2023
Version: 20230210.1

2023-08-22 13:35:49,403 [1] INFO  - ===============================
2023-08-22 13:35:49,403 [1] INFO  - Starting the job. Results will be uploaded to: 892d9dcc-e56d-475c-8dee-2c395064223d/2302H0033/c9d29823-a69c-4328-a6b9-53e2b78fa3e3/Run_76ed1d6b-57d6-4076-9a09-09a6f1ded693_20230817_2302h0033_ControlCenter/20230817_175305/20230817_175305_S1/AnalysisResults/oxdwyv2woj/FOV009
2023-08-22 13:35:49,403 [1] INFO  - Checking FOV status. Ref: oxdwyv2woj-2a8bx, ID: 892d9dcc-e56d-475c-8dee-2c395064223d/2302H0033/c9d29823-a69c-4328-a6b9-53e2b78fa3e3/Run_76ed1d6b-57d6-4076-9a09-09a6f1ded693_20230817_2302h0033_ControlCenter/20230817_175305/20230817_175305_S1/SpotFiles/FOV009/
2023-08-22 13:35:49,558 [1] INFO  - Executing with retries set to: 10
2023-08-22 13:35:49,558 [1] INFO  - Setting fov oxdwyv2woj-2a8bx into status InProgress
2023-08-22 13:35:49,560 [1] INFO  - Saving a fov processing run: oxdwyv2woj-2a8bx
2023-08-22 13:35:49,560 [1] INFO  - Updating an existing fov run.
2023-08-22 13:35:49,594 [1] INFO  - Downloading FOV using next path: 892d9dcc-e56d-475c-8dee-2c395064223d/2302H0033/c9d29823-a69c-4328-a6b9-53e2b78fa3e3/Run_76ed1d6b-57d6-4076-9a09-09a6f1ded693_20230817_2302h0033_ControlCenter/20230817_175305/20230817_175305_S1/SpotFiles/FOV009/
2023-08-22 13:35:49,595 [1] INFO  - Start downloading 892d9dcc-e56d-475c-8dee-2c395064223d/2302H0033/c9d29823-a69c-4328-a6b9-53e2b78fa3e3/Run_76ed1d6b-57d6-4076-9a09-09a6f1ded693_20230817_2302h0033_ControlCenter/20230817_175305/20230817_175305_S1/SpotFiles/FOV009/
2023-08-22 13:35:49,595 [1] INFO  - Executing with retries set to: 10
2023-08-22 13:39:27,173 [1] INFO  - Download 892d9dcc-e56d-475c-8dee-2c395064223d/2302H0033/c9d29823-a69c-4328-a6b9-53e2b78fa3e3/Run_76ed1d6b-57d6-4076-9a09-09a6f1ded693_20230817_2302h0033_ControlCenter/20230817_175305/20230817_175305_S1/SpotFiles/FOV009/ complete
2023-08-22 13:39:27,173 [1] INFO  - Custom plex file specified. The default one will be overriden.
2023-08-22 13:39:27,173 [1] INFO  - Downloading plex file using next path: 892d9dcc-e56d-475c-8dee-2c395064223d/2302H0033/c9d29823-a69c-4328-a6b9-53e2b78fa3e3/Run_76ed1d6b-57d6-4076-9a09-09a6f1ded693_20230817_2302h0033_ControlCenter/20230817_175305/20230817_175305_S1/plex-oxdwyv2woj.txt
2023-08-22 13:39:27,173 [1] INFO  - Downloading 892d9dcc-e56d-475c-8dee-2c395064223d/2302H0033/c9d29823-a69c-4328-a6b9-53e2b78fa3e3/Run_76ed1d6b-57d6-4076-9a09-09a6f1ded693_20230817_2302h0033_ControlCenter/20230817_175305/20230817_175305_S1/plex-oxdwyv2woj.txt
2023-08-22 13:39:27,288 [1] INFO  - Download 892d9dcc-e56d-475c-8dee-2c395064223d/2302H0033/c9d29823-a69c-4328-a6b9-53e2b78fa3e3/Run_76ed1d6b-57d6-4076-9a09-09a6f1ded693_20230817_2302h0033_ControlCenter/20230817_175305/20230817_175305_S1/plex-oxdwyv2woj.txt finished
2023-08-22 13:39:27,289 [1] INFO  - No user params file specified. Trying to use the one from the storage.
2023-08-22 13:39:27,289 [1] INFO  - Downloading params file using next path: 892d9dcc-e56d-475c-8dee-2c395064223d/2302H0033/c9d29823-a69c-4328-a6b9-53e2b78fa3e3/Run_76ed1d6b-57d6-4076-9a09-09a6f1ded693_20230817_2302h0033_ControlCenter/20230817_175305/20230817_175305_S1/analysis_params_v6.txt
2023-08-22 13:39:27,289 [1] INFO  - Downloading 892d9dcc-e56d-475c-8dee-2c395064223d/2302H0033/c9d29823-a69c-4328-a6b9-53e2b78fa3e3/Run_76ed1d6b-57d6-4076-9a09-09a6f1ded693_20230817_2302h0033_ControlCenter/20230817_175305/20230817_175305_S1/analysis_params_v6.txt
2023-08-22 13:39:27,319 [1] ERROR -    at Amazon.Runtime.Internal.HttpErrorResponseExceptionHandler.HandleExceptionStream(IRequestContext requestContext, IWebResponseData httpErrorResponse, HttpErrorResponseException exception, Stream responseStream)
   at Amazon.Runtime.Internal.HttpErrorResponseExceptionHandler.HandleExceptionAsync(IExecutionContext executionContext, HttpErrorResponseException exception)
   at Amazon.Runtime.Internal.ExceptionHandler`1.HandleAsync(IExecutionContext executionContext, Exception exception)
   at Amazon.Runtime.Internal.ErrorHandler.ProcessExceptionAsync(IExecutionContext executionContext, Exception exception)
   at Amazon.Runtime.Internal.ErrorHandler.InvokeAsync[T](IExecutionContext executionContext)
   at Amazon.Runtime.Internal.CallbackHandler.InvokeAsync[T](IExecutionContext executionContext)
   at Amazon.Runtime.Internal.EndpointDiscoveryHandler.InvokeAsync[T](IExecutionContext executionContext)
   at Amazon.Runtime.Internal.EndpointDiscoveryHandler.InvokeAsync[T](IExecutionContext executionContext)
   at Amazon.Runtime.Internal.CredentialsRetriever.InvokeAsync[T](IExecutionContext executionContext)
   at Amazon.Runtime.Internal.RetryHandler.InvokeAsync[T](IExecutionContext executionContext)
   at Amazon.Runtime.Internal.RetryHandler.InvokeAsync[T](IExecutionContext executionContext)
   at Amazon.Runtime.Internal.CallbackHandler.InvokeAsync[T](IExecutionContext executionContext)
   at Amazon.Runtime.Internal.CallbackHandler.InvokeAsync[T](IExecutionContext executionContext)
   at Amazon.S3.Internal.AmazonS3ExceptionHandler.InvokeAsync[T](IExecutionContext executionContext)
   at Amazon.Runtime.Internal.ErrorCallbackHandler.InvokeAsync[T](IExecutionContext executionContext)
   at Amazon.Runtime.Internal.MetricsHandler.InvokeAsync[T](IExecutionContext executionContext)
   at Amazon.S3.Transfer.Internal.DownloadCommand.ExecuteAsync(CancellationToken cancellationToken)
   at Amazon.S3.Transfer.TransferUtility.Download(String filePath, String bucketName, String key)
   at Core.S3FileStorageService.DownloadFile(String remoteFilePath, String localFilePath) in /src/Core/S3FileStorageService.cs:line 67
   at MTMCWorker.Service.Impl.MtmcWorker.FetchParamsFile(String paramsFileRef, String flowCellPath) in /src/MTMCWorker/Service/Impl/MtmcWorker.cs:line 297
2023-08-22 13:39:27,319 [1] INFO  - Can't download params file next to nBCDir. Using the default one.
Amazon.S3.AmazonS3Exception: The specified key does not exist.
 ---> Amazon.Runtime.Internal.HttpErrorResponseException: Exception of type 'Amazon.Runtime.Internal.HttpErrorResponseException' was thrown.
   at Amazon.Runtime.HttpWebRequestMessage.GetResponseAsync(CancellationToken cancellationToken)
   at Amazon.Runtime.Internal.HttpHandler`1.InvokeAsync[T](IExecutionContext executionContext)
   at Amazon.Runtime.Internal.RedirectHandler.InvokeAsync[T](IExecutionContext executionContext)
   at Amazon.Runtime.Internal.Unmarshaller.InvokeAsync[T](IExecutionContext executionContext)
   at Amazon.S3.Internal.AmazonS3ResponseHandler.InvokeAsync[T](IExecutionContext executionContext)
   at Amazon.Runtime.Internal.ErrorHandler.InvokeAsync[T](IExecutionContext executionContext)
   --- End of inner exception stack trace ---
   at Amazon.Runtime.Internal.HttpErrorResponseExceptionHandler.HandleExceptionStream(IRequestContext requestContext, IWebResponseData httpErrorResponse, HttpErrorResponseException exception, Stream responseStream)
   at Amazon.Runtime.Internal.HttpErrorResponseExceptionHandler.HandleExceptionAsync(IExecutionContext executionContext, HttpErrorResponseException exception)
   at Amazon.Runtime.Internal.ExceptionHandler`1.HandleAsync(IExecutionContext executionContext, Exception exception)
   at Amazon.Runtime.Internal.ErrorHandler.ProcessExceptionAsync(IExecutionContext executionContext, Exception exception)
   at Amazon.Runtime.Internal.ErrorHandler.InvokeAsync[T](IExecutionContext executionContext)
   at Amazon.Runtime.Internal.CallbackHandler.InvokeAsync[T](IExecutionContext executionContext)
   at Amazon.Runtime.Internal.EndpointDiscoveryHandler.InvokeAsync[T](IExecutionContext executionContext)
   at Amazon.Runtime.Internal.EndpointDiscoveryHandler.InvokeAsync[T](IExecutionContext executionContext)
   at Amazon.Runtime.Internal.CredentialsRetriever.InvokeAsync[T](IExecutionContext executionContext)
   at Amazon.Runtime.Internal.RetryHandler.InvokeAsync[T](IExecutionContext executionContext)
   at Amazon.Runtime.Internal.RetryHandler.InvokeAsync[T](IExecutionContext executionContext)
   at Amazon.Runtime.Internal.CallbackHandler.InvokeAsync[T](IExecutionContext executionContext)
   at Amazon.Runtime.Internal.CallbackHandler.InvokeAsync[T](IExecutionContext executionContext)
   at Amazon.S3.Internal.AmazonS3ExceptionHandler.InvokeAsync[T](IExecutionContext executionContext)
   at Amazon.Runtime.Internal.ErrorCallbackHandler.InvokeAsync[T](IExecutionContext executionContext)
   at Amazon.Runtime.Internal.MetricsHandler.InvokeAsync[T](IExecutionContext executionContext)
   at Amazon.S3.Transfer.Internal.DownloadCommand.ExecuteAsync(CancellationToken cancellationToken)
   at Amazon.S3.Transfer.TransferUtility.Download(String filePath, String bucketName, String key)
   at Core.S3FileStorageService.DownloadFile(String remoteFilePath, String localFilePath) in /src/Core/S3FileStorageService.cs:line 67
   at MTMCWorker.Service.Impl.MtmcWorker.FetchParamsFile(String paramsFileRef, String flowCellPath) in /src/MTMCWorker/Service/Impl/MtmcWorker.cs:line 297
2023-08-22 13:39:27,322 [1] INFO  - Fetching CellStatsDir folder data...
2023-08-22 13:39:27,391 [1] INFO  - Downloading 892d9dcc-e56d-475c-8dee-2c395064223d/2302H0033/c9d29823-a69c-4328-a6b9-53e2b78fa3e3/Run_76ed1d6b-57d6-4076-9a09-09a6f1ded693_20230817_2302h0033_ControlCenter/20230817_175305/20230817_175305_S1/CellStatsDir/CellComposite/CellComposite_F009.jpg
2023-08-22 13:39:27,622 [1] INFO  - Download 892d9dcc-e56d-475c-8dee-2c395064223d/2302H0033/c9d29823-a69c-4328-a6b9-53e2b78fa3e3/Run_76ed1d6b-57d6-4076-9a09-09a6f1ded693_20230817_2302h0033_ControlCenter/20230817_175305/20230817_175305_S1/CellStatsDir/CellComposite/CellComposite_F009.jpg finished
2023-08-22 13:39:27,622 [1] INFO  - Downloading 892d9dcc-e56d-475c-8dee-2c395064223d/2302H0033/c9d29823-a69c-4328-a6b9-53e2b78fa3e3/Run_76ed1d6b-57d6-4076-9a09-09a6f1ded693_20230817_2302h0033_ControlCenter/20230817_175305/20230817_175305_S1/CellStatsDir/CellOverlay/CellOverlay_F009.jpg
2023-08-22 13:39:27,935 [1] INFO  - Download 892d9dcc-e56d-475c-8dee-2c395064223d/2302H0033/c9d29823-a69c-4328-a6b9-53e2b78fa3e3/Run_76ed1d6b-57d6-4076-9a09-09a6f1ded693_20230817_2302h0033_ControlCenter/20230817_175305/20230817_175305_S1/CellStatsDir/CellOverlay/CellOverlay_F009.jpg finished
2023-08-22 13:39:27,935 [1] INFO  - Downloading 892d9dcc-e56d-475c-8dee-2c395064223d/2302H0033/c9d29823-a69c-4328-a6b9-53e2b78fa3e3/Run_76ed1d6b-57d6-4076-9a09-09a6f1ded693_20230817_2302h0033_ControlCenter/20230817_175305/20230817_175305_S1/CellStatsDir/FOV009/CellLabels_F009.tif
2023-08-22 13:39:28,120 [1] INFO  - Download 892d9dcc-e56d-475c-8dee-2c395064223d/2302H0033/c9d29823-a69c-4328-a6b9-53e2b78fa3e3/Run_76ed1d6b-57d6-4076-9a09-09a6f1ded693_20230817_2302h0033_ControlCenter/20230817_175305/20230817_175305_S1/CellStatsDir/FOV009/CellLabels_F009.tif finished
2023-08-22 13:39:28,120 [1] INFO  - Downloading 892d9dcc-e56d-475c-8dee-2c395064223d/2302H0033/c9d29823-a69c-4328-a6b9-53e2b78fa3e3/Run_76ed1d6b-57d6-4076-9a09-09a6f1ded693_20230817_2302h0033_ControlCenter/20230817_175305/20230817_175305_S1/CellStatsDir/FOV009/CompartmentLabels_F009.tif
2023-08-22 13:39:28,339 [1] INFO  - Download 892d9dcc-e56d-475c-8dee-2c395064223d/2302H0033/c9d29823-a69c-4328-a6b9-53e2b78fa3e3/Run_76ed1d6b-57d6-4076-9a09-09a6f1ded693_20230817_2302h0033_ControlCenter/20230817_175305/20230817_175305_S1/CellStatsDir/FOV009/CompartmentLabels_F009.tif finished
2023-08-22 13:39:28,339 [1] INFO  - Downloading 892d9dcc-e56d-475c-8dee-2c395064223d/2302H0033/c9d29823-a69c-4328-a6b9-53e2b78fa3e3/Run_76ed1d6b-57d6-4076-9a09-09a6f1ded693_20230817_2302h0033_ControlCenter/20230817_175305/20230817_175305_S1/CellStatsDir/FOV009/Run_76ed1d6b-57d6-4076-9a09-09a6f1ded693_20230817_175305_S1_Cell_Stats_F009.csv
2023-08-22 13:39:28,525 [1] INFO  - Download 892d9dcc-e56d-475c-8dee-2c395064223d/2302H0033/c9d29823-a69c-4328-a6b9-53e2b78fa3e3/Run_76ed1d6b-57d6-4076-9a09-09a6f1ded693_20230817_2302h0033_ControlCenter/20230817_175305/20230817_175305_S1/CellStatsDir/FOV009/Run_76ed1d6b-57d6-4076-9a09-09a6f1ded693_20230817_175305_S1_Cell_Stats_F009.csv finished
2023-08-22 13:39:28,525 [1] INFO  - Downloading 892d9dcc-e56d-475c-8dee-2c395064223d/2302H0033/c9d29823-a69c-4328-a6b9-53e2b78fa3e3/Run_76ed1d6b-57d6-4076-9a09-09a6f1ded693_20230817_2302h0033_ControlCenter/20230817_175305/20230817_175305_S1/CellStatsDir/Morphology2D/20230817_175305_S1_C902_P99_N99_F009.TIF
2023-08-22 13:39:29,571 [1] INFO  - Download 892d9dcc-e56d-475c-8dee-2c395064223d/2302H0033/c9d29823-a69c-4328-a6b9-53e2b78fa3e3/Run_76ed1d6b-57d6-4076-9a09-09a6f1ded693_20230817_2302h0033_ControlCenter/20230817_175305/20230817_175305_S1/CellStatsDir/Morphology2D/20230817_175305_S1_C902_P99_N99_F009.TIF finished
2023-08-22 13:39:29,571 [1] INFO  - Downloading 892d9dcc-e56d-475c-8dee-2c395064223d/2302H0033/c9d29823-a69c-4328-a6b9-53e2b78fa3e3/Run_76ed1d6b-57d6-4076-9a09-09a6f1ded693_20230817_2302h0033_ControlCenter/20230817_175305/20230817_175305_S1/CellStatsDir/RnD/Run_76ed1d6b-57d6-4076-9a09-09a6f1ded693_20230817_175305_S1_Summary_F009.csv
2023-08-22 13:39:29,725 [1] INFO  - Download 892d9dcc-e56d-475c-8dee-2c395064223d/2302H0033/c9d29823-a69c-4328-a6b9-53e2b78fa3e3/Run_76ed1d6b-57d6-4076-9a09-09a6f1ded693_20230817_2302h0033_ControlCenter/20230817_175305/20230817_175305_S1/CellStatsDir/RnD/Run_76ed1d6b-57d6-4076-9a09-09a6f1ded693_20230817_175305_S1_Summary_F009.csv finished
2023-08-22 13:39:29,725 [1] INFO  - CellStatsDir data download complete.
2023-08-22 13:39:29,725 [1] INFO  - FOV downloaded successfully.
2023-08-22 13:39:29,725 [1] INFO  - Preparing dirs structure for mtmc
2023-08-22 13:39:29,725 [1] INFO  - Preparing mtmc input. FOV dir: FOV009
2023-08-22 13:39:29,728 [1] INFO  - Running mtmc...
2023-08-22 13:39:29,736 [20] INFO  - directory: "/app/input_data/"
2023-08-22 13:39:30,030 [7] INFO  - directory: "/app/out/FOV009/"
2023-08-22 13:43:22,234 [7] INFO  - 2023-08-22 13:39:30,F009,Z,0,iter,0,feat,0,0, Reading and combining input data, 0.031778, sec
2023-08-22 13:43:22,235 [7] INFO  - 2023-08-22 13:39:51,F009,Z,0,iter,0,feat,7157626,7157626, Spot file data loading and filtration , 21.8849, sec
2023-08-22 13:43:22,235 [7] INFO  - 2023-08-22 13:39:55,F009,Z,0,iter,0,feat,7157626,7157626, Seed neighbor determination, 6.58299, sec
2023-08-22 13:43:22,235 [7] INFO  - 2023-08-22 13:39:58,F009,Z,0,iter,0,feat,7157626,7157626, Quality Score Generation, 10.5455, sec
2023-08-22 13:43:22,235 [7] INFO  - 2023-08-22 13:40:06,F009,Z,0,iter,0,feat,7157626,7157626, Spots per feature calculation and feature filtration, 7.9885, sec
2023-08-22 13:43:22,235 [7] INFO  - 2023-08-22 13:40:18,F009,Z,0,iter,0,feat,7157626,7157626, Making Complete Code Target Calls, 12.3171, sec
2023-08-22 13:43:22,235 [7] INFO  - 2023-08-22 13:40:25,F009,Z,0,iter,0,feat,7157626,7157626, Target Call Location Estimation and iteration end update, 6.69894, sec
2023-08-22 13:43:22,235 [7] INFO  - 2023-08-22 13:40:25,F009,Z,0,iter,0,feat,7157626,7157626, Iteration summary generation, 0.033212, sec
2023-08-22 13:43:22,235 [7] INFO  - 2023-08-22 13:40:25,F009,Z,0,iter,0,feat,7157626,7157626, Iteration duration, 41.3307, sec
2023-08-22 13:43:22,235 [19] INFO  - 2023-08-22 13:40:28,F009,Z,0,iter,1,feat,7157626,7157626, Seed neighbor determination, 6.6395, sec
2023-08-22 13:43:22,235 [19] INFO  - 2023-08-22 13:40:32,F009,Z,0,iter,1,feat,7157626,7157626, Quality Score Generation, 14.4968, sec
2023-08-22 13:43:22,235 [19] INFO  - 2023-08-22 13:40:38,F009,Z,0,iter,1,feat,7157626,7157626, Spots per feature calculation and feature filtration, 5.67172, sec
2023-08-22 13:43:22,235 [19] INFO  - 2023-08-22 13:40:53,F009,Z,0,iter,1,feat,7157626,7157626, Making Complete Code Target Calls, 14.6293, sec
2023-08-22 13:43:22,235 [19] INFO  - 2023-08-22 13:40:57,F009,Z,0,iter,1,feat,7157626,7157626, Target Call Location Estimation and iteration end update, 4.38121, sec
2023-08-22 13:43:22,235 [19] INFO  - 2023-08-22 13:40:58,F009,Z,0,iter,1,feat,7157626,7157626, Iteration summary generation, 0.709374, sec
2023-08-22 13:43:22,235 [19] INFO  - 2023-08-22 13:40:58,F009,Z,0,iter,1,feat,7157626,7157626, Iteration duration, 43.6187, sec
2023-08-22 13:43:22,235 [19] INFO  - 2023-08-22 13:40:58,F009,Z,0,iter,1,feat,7157626,7157626, Z slice processing duration, 106.877, sec
2023-08-22 13:43:22,235 [19] INFO  - 2023-08-22 13:41:21,F009,Z,1,iter,0,feat,7505374,14663000, Spot file data loading and filtration , 19.9743, sec
2023-08-22 13:43:22,235 [19] INFO  - 2023-08-22 13:41:25,F009,Z,1,iter,0,feat,7505374,14663000, Seed neighbor determination, 6.94042, sec
2023-08-22 13:43:22,235 [19] INFO  - 2023-08-22 13:41:28,F009,Z,1,iter,0,feat,7505374,14663000, Quality Score Generation, 13.8987, sec
2023-08-22 13:43:22,235 [19] INFO  - 2023-08-22 13:41:35,F009,Z,1,iter,0,feat,7505374,14663000, Spots per feature calculation and feature filtration, 7.16182, sec
2023-08-22 13:43:22,235 [19] INFO  - 2023-08-22 13:41:52,F009,Z,1,iter,0,feat,7505374,14663000, Making Complete Code Target Calls, 16.4715, sec
2023-08-22 13:43:22,235 [19] INFO  - 2023-08-22 13:41:57,F009,Z,1,iter,0,feat,7505374,14663000, Target Call Location Estimation and iteration end update, 5.11984, sec
2023-08-22 13:43:22,235 [19] INFO  - 2023-08-22 13:41:57,F009,Z,1,iter,0,feat,7505374,14663000, Iteration summary generation, 0.059853, sec
2023-08-22 13:43:22,235 [19] INFO  - 2023-08-22 13:41:57,F009,Z,1,iter,0,feat,7505374,14663000, Iteration duration, 46.6241, sec
2023-08-22 13:43:22,235 [19] INFO  - 2023-08-22 13:42:01,F009,Z,1,iter,1,feat,7505374,14663000, Seed neighbor determination, 6.86354, sec
2023-08-22 13:43:22,235 [19] INFO  - 2023-08-22 13:42:05,F009,Z,1,iter,1,feat,7505374,14663000, Quality Score Generation, 14.5339, sec
2023-08-22 13:43:22,235 [19] INFO  - 2023-08-22 13:42:10,F009,Z,1,iter,1,feat,7505374,14663000, Spots per feature calculation and feature filtration, 5.25862, sec
2023-08-22 13:43:22,235 [19] INFO  - 2023-08-22 13:42:27,F009,Z,1,iter,1,feat,7505374,14663000, Making Complete Code Target Calls, 17.0222, sec
2023-08-22 13:43:22,235 [19] INFO  - 2023-08-22 13:42:30,F009,Z,1,iter,1,feat,7505374,14663000, Target Call Location Estimation and iteration end update, 2.81302, sec
2023-08-22 13:43:22,235 [19] INFO  - 2023-08-22 13:42:31,F009,Z,1,iter,1,feat,7505374,14663000, Iteration summary generation, 1.07376, sec
2023-08-22 13:43:22,235 [19] INFO  - 2023-08-22 13:42:31,F009,Z,1,iter,1,feat,7505374,14663000, Iteration duration, 44.4667, sec
2023-08-22 13:43:22,235 [19] INFO  - 2023-08-22 13:42:31,F009,Z,1,iter,1,feat,7505374,14663000, Z slice processing duration, 114.451, sec
2023-08-22 13:43:22,235 [19] INFO  - 2023-08-22 13:42:52,F009,Z,2,iter,0,feat,6327137,20990137, Spot file data loading and filtration , 17.6047, sec
2023-08-22 13:43:22,235 [19] INFO  - 2023-08-22 13:42:55,F009,Z,2,iter,0,feat,6327137,20990137, Seed neighbor determination, 6.38872, sec
2023-08-22 13:43:22,235 [19] INFO  - 2023-08-22 13:42:58,F009,Z,2,iter,0,feat,6327137,20990137, Quality Score Generation, 10.1527, sec
2023-08-22 13:43:22,235 [19] INFO  - 2023-08-22 13:43:04,F009,Z,2,iter,0,feat,6327137,20990137, Spots per feature calculation and feature filtration, 6.25904, sec
2023-08-22 13:43:22,235 [19] INFO  - 2023-08-22 13:43:18,F009,Z,2,iter,0,feat,6327137,20990137, Making Complete Code Target Calls, 13.15, sec
2023-08-22 13:45:39,311 [19] INFO  - 2023-08-22 13:43:22,F009,Z,2,iter,0,feat,6327137,20990137, Target Call Location Estimation and iteration end update, 3.99185, sec
2023-08-22 13:45:39,311 [19] INFO  - 2023-08-22 13:43:22,F009,Z,2,iter,0,feat,6327137,20990137, Iteration summary generation, 0.04151, sec
2023-08-22 13:45:39,311 [19] INFO  - 2023-08-22 13:43:22,F009,Z,2,iter,0,feat,6327137,20990137, Iteration duration, 37.1767, sec
2023-08-22 13:45:39,311 [19] INFO  - 2023-08-22 13:43:25,F009,Z,2,iter,1,feat,6327137,20990137, Seed neighbor determination, 5.71626, sec
2023-08-22 13:45:39,311 [19] INFO  - 2023-08-22 13:43:28,F009,Z,2,iter,1,feat,6327137,20990137, Quality Score Generation, 12.3381, sec
2023-08-22 13:45:39,311 [19] INFO  - 2023-08-22 13:43:32,F009,Z,2,iter,1,feat,6327137,20990137, Spots per feature calculation and feature filtration, 4.57194, sec
2023-08-22 13:45:39,311 [19] INFO  - 2023-08-22 13:43:47,F009,Z,2,iter,1,feat,6327137,20990137, Making Complete Code Target Calls, 14.7821, sec
2023-08-22 13:45:39,311 [19] INFO  - 2023-08-22 13:43:50,F009,Z,2,iter,1,feat,6327137,20990137, Target Call Location Estimation and iteration end update, 2.46842, sec
2023-08-22 13:45:39,311 [19] INFO  - 2023-08-22 13:43:51,F009,Z,2,iter,1,feat,6327137,20990137, Iteration summary generation, 0.73924, sec
2023-08-22 13:45:39,311 [38] INFO  - 2023-08-22 13:43:51,F009,Z,2,iter,1,feat,6327137,20990137, Iteration duration, 38.0573, sec
2023-08-22 13:45:39,311 [38] INFO  - 2023-08-22 13:43:51,F009,Z,2,iter,1,feat,6327137,20990137, Z slice processing duration, 96.3133, sec
2023-08-22 13:45:39,311 [38] INFO  - 2023-08-22 13:44:08,F009,Z,3,iter,0,feat,5331888,26322025, Spot file data loading and filtration , 14.636, sec
2023-08-22 13:45:39,311 [38] INFO  - 2023-08-22 13:44:11,F009,Z,3,iter,0,feat,5331888,26322025, Seed neighbor determination, 4.92922, sec
2023-08-22 13:45:39,311 [38] INFO  - 2023-08-22 13:44:13,F009,Z,3,iter,0,feat,5331888,26322025, Quality Score Generation, 8.81345, sec
2023-08-22 13:45:39,311 [38] INFO  - 2023-08-22 13:44:18,F009,Z,3,iter,0,feat,5331888,26322025, Spots per feature calculation and feature filtration, 5.08757, sec
2023-08-22 13:45:39,311 [38] INFO  - 2023-08-22 13:44:28,F009,Z,3,iter,0,feat,5331888,26322025, Making Complete Code Target Calls, 9.48738, sec
2023-08-22 13:45:39,311 [38] INFO  - 2023-08-22 13:44:30,F009,Z,3,iter,0,feat,5331888,26322025, Target Call Location Estimation and iteration end update, 2.51821, sec
2023-08-22 13:45:39,311 [38] INFO  - 2023-08-22 13:44:30,F009,Z,3,iter,0,feat,5331888,26322025, Iteration summary generation, 0.035514, sec
2023-08-22 13:45:39,311 [38] INFO  - 2023-08-22 13:44:30,F009,Z,3,iter,0,feat,5331888,26322025, Iteration duration, 28.7404, sec
2023-08-22 13:45:39,311 [38] INFO  - 2023-08-22 13:44:33,F009,Z,3,iter,1,feat,5331888,26322025, Seed neighbor determination, 4.82579, sec
2023-08-22 13:45:39,311 [38] INFO  - 2023-08-22 13:44:35,F009,Z,3,iter,1,feat,5331888,26322025, Quality Score Generation, 10.0101, sec
2023-08-22 13:45:39,311 [38] INFO  - 2023-08-22 13:44:39,F009,Z,3,iter,1,feat,5331888,26322025, Spots per feature calculation and feature filtration, 3.79181, sec
2023-08-22 13:45:39,311 [38] INFO  - 2023-08-22 13:44:49,F009,Z,3,iter,1,feat,5331888,26322025, Making Complete Code Target Calls, 9.51527, sec
2023-08-22 13:45:39,311 [38] INFO  - 2023-08-22 13:44:50,F009,Z,3,iter,1,feat,5331888,26322025, Target Call Location Estimation and iteration end update, 1.06998, sec
2023-08-22 13:45:39,311 [38] INFO  - 2023-08-22 13:44:51,F009,Z,3,iter,1,feat,5331888,26322025, Iteration summary generation, 0.616196, sec
2023-08-22 13:45:39,311 [38] INFO  - 2023-08-22 13:44:51,F009,Z,3,iter,1,feat,5331888,26322025, Iteration duration, 27.6786, sec
2023-08-22 13:45:39,311 [38] INFO  - 2023-08-22 13:44:51,F009,Z,3,iter,1,feat,5331888,26322025, Z slice processing duration, 73.9471, sec
2023-08-22 13:45:39,311 [38] INFO  - 2023-08-22 13:45:04,F009,Z,4,iter,0,feat,4466631,30788656, Spot file data loading and filtration , 11.1744, sec
2023-08-22 13:45:39,311 [38] INFO  - 2023-08-22 13:45:06,F009,Z,4,iter,0,feat,4466631,30788656, Seed neighbor determination, 4.14855, sec
2023-08-22 13:45:39,311 [38] INFO  - 2023-08-22 13:45:08,F009,Z,4,iter,0,feat,4466631,30788656, Quality Score Generation, 7.80249, sec
2023-08-22 13:45:39,311 [38] INFO  - 2023-08-22 13:45:13,F009,Z,4,iter,0,feat,4466631,30788656, Spots per feature calculation and feature filtration, 4.4296, sec
2023-08-22 13:45:39,311 [38] INFO  - 2023-08-22 13:45:21,F009,Z,4,iter,0,feat,4466631,30788656, Making Complete Code Target Calls, 7.7168, sec
2023-08-22 13:45:39,311 [38] INFO  - 2023-08-22 13:45:24,F009,Z,4,iter,0,feat,4466631,30788656, Target Call Location Estimation and iteration end update, 3.33185, sec
2023-08-22 13:45:39,311 [38] INFO  - 2023-08-22 13:45:24,F009,Z,4,iter,0,feat,4466631,30788656, Iteration summary generation, 0.032969, sec
2023-08-22 13:45:39,311 [38] INFO  - 2023-08-22 13:45:24,F009,Z,4,iter,0,feat,4466631,30788656, Iteration duration, 25.6923, sec
2023-08-22 13:45:39,311 [38] INFO  - 2023-08-22 13:45:26,F009,Z,4,iter,1,feat,4466631,30788656, Seed neighbor determination, 4.01615, sec
2023-08-22 13:45:39,311 [38] INFO  - 2023-08-22 13:45:28,F009,Z,4,iter,1,feat,4466631,30788656, Quality Score Generation, 8.37786, sec
2023-08-22 13:45:39,311 [38] INFO  - 2023-08-22 13:45:31,F009,Z,4,iter,1,feat,4466631,30788656, Spots per feature calculation and feature filtration, 3.24448, sec
2023-08-22 13:46:59,917 [38] INFO  - 2023-08-22 13:45:39,F009,Z,4,iter,1,feat,4466631,30788656, Making Complete Code Target Calls, 7.16816, sec
2023-08-22 13:46:59,917 [38] INFO  - 2023-08-22 13:45:40,F009,Z,4,iter,1,feat,4466631,30788656, Target Call Location Estimation and iteration end update, 0.825981, sec
2023-08-22 13:46:59,917 [38] INFO  - 2023-08-22 13:45:40,F009,Z,4,iter,1,feat,4466631,30788656, Iteration summary generation, 0.473512, sec
2023-08-22 13:46:59,917 [38] INFO  - 2023-08-22 13:45:40,F009,Z,4,iter,1,feat,4466631,30788656, Iteration duration, 22.3297, sec
2023-08-22 13:46:59,917 [38] INFO  - 2023-08-22 13:45:40,F009,Z,4,iter,1,feat,4466631,30788656, Z slice processing duration, 61.6459, sec
2023-08-22 13:46:59,917 [38] INFO  - 2023-08-22 13:45:53,F009,Z,5,iter,0,feat,3763501,34552157, Spot file data loading and filtration , 10.563, sec
2023-08-22 13:46:59,917 [38] INFO  - 2023-08-22 13:45:54,F009,Z,5,iter,0,feat,3763501,34552157, Seed neighbor determination, 3.59949, sec
2023-08-22 13:46:59,917 [38] INFO  - 2023-08-22 13:45:56,F009,Z,5,iter,0,feat,3763501,34552157, Quality Score Generation, 5.88081, sec
2023-08-22 13:46:59,917 [38] INFO  - 2023-08-22 13:46:00,F009,Z,5,iter,0,feat,3763501,34552157, Spots per feature calculation and feature filtration, 3.73963, sec
2023-08-22 13:46:59,917 [39] INFO  - 2023-08-22 13:46:05,F009,Z,5,iter,0,feat,3763501,34552157, Making Complete Code Target Calls, 5.41548, sec
2023-08-22 13:46:59,917 [39] INFO  - 2023-08-22 13:46:07,F009,Z,5,iter,0,feat,3763501,34552157, Target Call Location Estimation and iteration end update, 1.31958, sec
2023-08-22 13:46:59,917 [39] INFO  - 2023-08-22 13:46:07,F009,Z,5,iter,0,feat,3763501,34552157, Iteration summary generation, 0.019509, sec
2023-08-22 13:46:59,917 [39] INFO  - 2023-08-22 13:46:07,F009,Z,5,iter,0,feat,3763501,34552157, Iteration duration, 18.3789, sec
2023-08-22 13:46:59,917 [39] INFO  - 2023-08-22 13:46:08,F009,Z,5,iter,1,feat,3763501,34552157, Seed neighbor determination, 3.39643, sec
2023-08-22 13:46:59,917 [39] INFO  - 2023-08-22 13:46:10,F009,Z,5,iter,1,feat,3763501,34552157, Quality Score Generation, 7.06747, sec
2023-08-22 13:46:59,917 [39] INFO  - 2023-08-22 13:46:13,F009,Z,5,iter,1,feat,3763501,34552157, Spots per feature calculation and feature filtration, 2.81863, sec
2023-08-22 13:46:59,917 [39] INFO  - 2023-08-22 13:46:19,F009,Z,5,iter,1,feat,3763501,34552157, Making Complete Code Target Calls, 5.7176, sec
2023-08-22 13:46:59,917 [39] INFO  - 2023-08-22 13:46:20,F009,Z,5,iter,1,feat,3763501,34552157, Target Call Location Estimation and iteration end update, 0.707292, sec
2023-08-22 13:46:59,917 [39] INFO  - 2023-08-22 13:46:20,F009,Z,5,iter,1,feat,3763501,34552157, Iteration summary generation, 0.385145, sec
2023-08-22 13:46:59,917 [39] INFO  - 2023-08-22 13:46:20,F009,Z,5,iter,1,feat,3763501,34552157, Iteration duration, 18.6011, sec
2023-08-22 13:46:59,917 [39] INFO  - 2023-08-22 13:46:20,F009,Z,5,iter,1,feat,3763501,34552157, Z slice processing duration, 49.574, sec
2023-08-22 13:46:59,917 [39] INFO  - 2023-08-22 13:46:30,F009,Z,6,iter,0,feat,3290013,37842170, Spot file data loading and filtration , 7.82345, sec
2023-08-22 13:46:59,917 [39] INFO  - 2023-08-22 13:46:31,F009,Z,6,iter,0,feat,3290013,37842170, Seed neighbor determination, 3.05137, sec
2023-08-22 13:46:59,917 [39] INFO  - 2023-08-22 13:46:33,F009,Z,6,iter,0,feat,3290013,37842170, Quality Score Generation, 5.94362, sec
2023-08-22 13:46:59,917 [39] INFO  - 2023-08-22 13:46:36,F009,Z,6,iter,0,feat,3290013,37842170, Spots per feature calculation and feature filtration, 3.15152, sec
2023-08-22 13:46:59,917 [39] INFO  - 2023-08-22 13:46:40,F009,Z,6,iter,0,feat,3290013,37842170, Making Complete Code Target Calls, 4.39914, sec
2023-08-22 13:46:59,917 [39] INFO  - 2023-08-22 13:46:41,F009,Z,6,iter,0,feat,3290013,37842170, Target Call Location Estimation and iteration end update, 1.11875, sec
2023-08-22 13:46:59,917 [39] INFO  - 2023-08-22 13:46:41,F009,Z,6,iter,0,feat,3290013,37842170, Iteration summary generation, 0.014817, sec
2023-08-22 13:46:59,917 [38] INFO  - 2023-08-22 13:46:41,F009,Z,6,iter,0,feat,3290013,37842170, Iteration duration, 16.3851, sec
2023-08-22 13:46:59,917 [38] INFO  - 2023-08-22 13:46:43,F009,Z,6,iter,1,feat,3290013,37842170, Seed neighbor determination, 3.00485, sec
2023-08-22 13:46:59,917 [38] INFO  - 2023-08-22 13:46:45,F009,Z,6,iter,1,feat,3290013,37842170, Quality Score Generation, 7.02781, sec
2023-08-22 13:46:59,917 [38] INFO  - 2023-08-22 13:46:48,F009,Z,6,iter,1,feat,3290013,37842170, Spots per feature calculation and feature filtration, 2.63698, sec
2023-08-22 13:46:59,917 [38] INFO  - 2023-08-22 13:46:52,F009,Z,6,iter,1,feat,3290013,37842170, Making Complete Code Target Calls, 4.63304, sec
2023-08-22 13:46:59,917 [38] INFO  - 2023-08-22 13:46:53,F009,Z,6,iter,1,feat,3290013,37842170, Target Call Location Estimation and iteration end update, 0.579673, sec
2023-08-22 13:46:59,917 [38] INFO  - 2023-08-22 13:46:53,F009,Z,6,iter,1,feat,3290013,37842170, Iteration summary generation, 0.294279, sec
2023-08-22 13:46:59,917 [38] INFO  - 2023-08-22 13:46:53,F009,Z,6,iter,1,feat,3290013,37842170, Iteration duration, 16.7751, sec
2023-08-22 13:46:59,917 [38] INFO  - 2023-08-22 13:46:53,F009,Z,6,iter,1,feat,3290013,37842170, Z slice processing duration, 42.7007, sec
2023-08-22 13:46:59,917 [38] INFO  - 2023-08-22 13:46:58,F009,Z,7,iter,0,feat,2787385,40629555, Spot file data loading and filtration , 3.54583, sec
2023-08-22 13:47:20,514 [38] INFO  - 2023-08-22 13:46:59,F009,Z,7,iter,0,feat,2787385,40629555, Seed neighbor determination, 2.52542, sec
2023-08-22 13:47:20,514 [38] INFO  - 2023-08-22 13:47:01,F009,Z,7,iter,0,feat,2787385,40629555, Quality Score Generation, 4.27553, sec
2023-08-22 13:47:20,514 [38] INFO  - 2023-08-22 13:47:03,F009,Z,7,iter,0,feat,2787385,40629555, Spots per feature calculation and feature filtration, 2.58521, sec
2023-08-22 13:47:20,514 [38] INFO  - 2023-08-22 13:47:07,F009,Z,7,iter,0,feat,2787385,40629555, Making Complete Code Target Calls, 3.65458, sec
2023-08-22 13:47:20,514 [38] INFO  - 2023-08-22 13:47:08,F009,Z,7,iter,0,feat,2787385,40629555, Target Call Location Estimation and iteration end update, 0.902429, sec
2023-08-22 13:47:20,514 [38] INFO  - 2023-08-22 13:47:08,F009,Z,7,iter,0,feat,2787385,40629555, Iteration summary generation, 0.013326, sec
2023-08-22 13:47:20,514 [38] INFO  - 2023-08-22 13:47:08,F009,Z,7,iter,0,feat,2787385,40629555, Iteration duration, 12.8651, sec
2023-08-22 13:47:20,514 [38] INFO  - 2023-08-22 13:47:09,F009,Z,7,iter,1,feat,2787385,40629555, Seed neighbor determination, 2.44926, sec
2023-08-22 13:47:20,514 [38] INFO  - 2023-08-22 13:47:10,F009,Z,7,iter,1,feat,2787385,40629555, Quality Score Generation, 4.96758, sec
2023-08-22 13:47:20,514 [38] INFO  - 2023-08-22 13:47:12,F009,Z,7,iter,1,feat,2787385,40629555, Spots per feature calculation and feature filtration, 2.00727, sec
2023-08-22 13:47:20,514 [38] INFO  - 2023-08-22 13:47:16,F009,Z,7,iter,1,feat,2787385,40629555, Making Complete Code Target Calls, 3.86306, sec
2023-08-22 13:47:20,515 [38] INFO  - 2023-08-22 13:47:17,F009,Z,7,iter,1,feat,2787385,40629555, Target Call Location Estimation and iteration end update, 0.455713, sec
2023-08-22 13:47:20,515 [38] INFO  - 2023-08-22 13:47:17,F009,Z,7,iter,1,feat,2787385,40629555, Iteration summary generation, 0.262141, sec
2023-08-22 13:47:20,515 [38] INFO  - 2023-08-22 13:47:17,F009,Z,7,iter,1,feat,2787385,40629555, Iteration duration, 12.9176, sec
2023-08-22 13:47:20,515 [38] INFO  - 2023-08-22 13:47:17,F009,Z,7,iter,1,feat,2787385,40629555, Z slice processing duration, 30.8455, sec
2023-08-22 13:47:20,515 [38] INFO  - 2023-08-22 13:47:17,F009,Z,8,iter,0,feat,268397,40897952, Spot file data loading and filtration , -1.04206, sec
2023-08-22 13:47:20,515 [38] INFO  - 2023-08-22 13:47:17,F009,Z,8,iter,0,feat,268397,40897952, Seed neighbor determination, 0.22855, sec
2023-08-22 13:47:20,515 [38] INFO  - 2023-08-22 13:47:17,F009,Z,8,iter,0,feat,268397,40897952, Quality Score Generation, 0.210104, sec
2023-08-22 13:47:20,515 [38] INFO  - 2023-08-22 13:47:18,F009,Z,8,iter,0,feat,268397,40897952, Spots per feature calculation and feature filtration, 0.269805, sec
2023-08-22 13:47:20,515 [38] INFO  - 2023-08-22 13:47:18,F009,Z,8,iter,0,feat,268397,40897952, Making Complete Code Target Calls, 0.031322, sec
2023-08-22 13:47:20,515 [38] INFO  - 2023-08-22 13:47:18,F009,Z,8,iter,0,feat,268397,40897952, Target Call Location Estimation and iteration end update, 0.015433, sec
2023-08-22 13:47:20,515 [38] INFO  - 2023-08-22 13:47:18,F009,Z,8,iter,0,feat,268397,40897952, Iteration summary generation, 0.000187, sec
2023-08-22 13:47:20,515 [38] INFO  - 2023-08-22 13:47:18,F009,Z,8,iter,0,feat,268397,40897952, Iteration duration, 0.656353, sec
2023-08-22 13:47:20,515 [38] INFO  - 2023-08-22 13:47:18,F009,Z,8,iter,1,feat,268397,40897952, Seed neighbor determination, 0.227519, sec
2023-08-22 13:47:20,515 [38] INFO  - 2023-08-22 13:47:18,F009,Z,8,iter,1,feat,268397,40897952, Quality Score Generation, 0.219202, sec
2023-08-22 13:47:20,515 [38] INFO  - 2023-08-22 13:47:18,F009,Z,8,iter,1,feat,268397,40897952, Spots per feature calculation and feature filtration, 0.265313, sec
2023-08-22 13:47:20,515 [38] INFO  - 2023-08-22 13:47:18,F009,Z,8,iter,1,feat,268397,40897952, Making Complete Code Target Calls, 0.037687, sec
2023-08-22 13:47:20,515 [38] INFO  - 2023-08-22 13:47:18,F009,Z,8,iter,1,feat,268397,40897952, Target Call Location Estimation and iteration end update, 0.004315, sec
2023-08-22 13:47:20,515 [38] INFO  - 2023-08-22 13:47:18,F009,Z,8,iter,1,feat,268397,40897952, Iteration summary generation, 0.003797, sec
2023-08-22 13:47:20,515 [38] INFO  - 2023-08-22 13:47:18,F009,Z,8,iter,1,feat,268397,40897952, Iteration duration, 0.658178, sec
2023-08-22 13:47:20,515 [38] INFO  - 2023-08-22 13:47:18,F009,Z,8,iter,1,feat,268397,40897952, Z slice processing duration, 1.49721, sec
2023-08-22 13:47:20,515 [38] INFO  - 2023-08-22 13:47:20,F009,Z,8,iter,1,feat,268397,40897952, FOV processing duration (final) , 579.705, sec
2023-08-22 13:47:20,528 [46] INFO  - Exited
2023-08-22 13:47:20,528 [46] INFO  - System.EventArgs
2023-08-22 13:47:20,529 [46] INFO  - { }
2023-08-22 13:47:20,529 [1] INFO  - mtmc run complete
2023-08-22 13:47:20,529 [1] INFO  - Zipping and uploading results...
2023-08-22 13:47:20,530 [1] INFO  - Uploading mtm results to storage.
2023-08-22 13:47:20,530 [1] INFO  - Start uploading /app/out/FOV009 to 892d9dcc-e56d-475c-8dee-2c395064223d/2302H0033/c9d29823-a69c-4328-a6b9-53e2b78fa3e3/Run_76ed1d6b-57d6-4076-9a09-09a6f1ded693_20230817_2302h0033_ControlCenter/20230817_175305/20230817_175305_S1/AnalysisResults/oxdwyv2woj/FOV009
2023-08-22 13:47:20,530 [1] INFO  - Executing with retries set to: 10
2023-08-22 13:47:22,217 [1] INFO  - Upload /app/out/FOV009 finished
2023-08-22 13:47:22,218 [1] INFO  - Results uploaded.
2023-08-22 13:47:22,218 [1] INFO  - All done
2023-08-22 13:47:22,218 [1] INFO  - Executing with retries set to: 10
2023-08-22 13:47:22,218 [1] INFO  - Setting fov oxdwyv2woj-2a8bx into status Completed
2023-08-22 13:47:22,231 [1] INFO  - Saving a fov processing run: oxdwyv2woj-2a8bx
2023-08-22 13:47:22,231 [1] INFO  - Updating an existing fov run.
2023-08-22 13:47:22,233 [1] INFO  - Uploading logs
2023-08-22 13:47:22,234 [1] INFO  - Start uploading 892d9dcc-e56d-475c-8dee-2c395064223d/2302H0033/c9d29823-a69c-4328-a6b9-53e2b78fa3e3/Run_76ed1d6b-57d6-4076-9a09-09a6f1ded693_20230817_2302h0033_ControlCenter/20230817_175305/20230817_175305_S1/AnalysisResults/oxdwyv2woj/FOV009/mtm-run.log
