2023-08-22 13:32:36,189 [1] INFO  - Using bucket s3-euw1-eu2-datarepository-eu2-eu2-kcl-01 and region eu-west-1
2023-08-22 13:32:36,241 [1] INFO  - Using role to access S3
2023-08-22 13:32:36,634 [1] INFO  - ===============================
2023-08-22 13:32:36,634 [1] INFO  - build info: 
commit 1860d865ce7409a4b25d5549a62e2b7be0a93d33
Author: alexander-serebriyan <alexander.serebriyan@teamdev.com>
Date:   Fri Feb 10 15:42:48 2023 +0100

    Add UAT env for ECR pushing.

Build done on: Fri Feb 10 14:46:39 UTC 2023
Version: 20230210.1

2023-08-22 13:32:36,634 [1] INFO  - ===============================
2023-08-22 13:32:36,634 [1] INFO  - Starting the job. Results will be uploaded to: 892d9dcc-e56d-475c-8dee-2c395064223d/2302H0033/c9d29823-a69c-4328-a6b9-53e2b78fa3e3/Run_76ed1d6b-57d6-4076-9a09-09a6f1ded693_20230817_2302h0033_ControlCenter/20230817_175305/20230817_175305_S1/AnalysisResults/oxdwyv2woj/FOV044
2023-08-22 13:32:36,634 [1] INFO  - Checking FOV status. Ref: oxdwyv2woj-8t9g1, ID: 892d9dcc-e56d-475c-8dee-2c395064223d/2302H0033/c9d29823-a69c-4328-a6b9-53e2b78fa3e3/Run_76ed1d6b-57d6-4076-9a09-09a6f1ded693_20230817_2302h0033_ControlCenter/20230817_175305/20230817_175305_S1/SpotFiles/FOV044/
2023-08-22 13:32:36,877 [1] INFO  - Executing with retries set to: 10
2023-08-22 13:32:36,878 [1] INFO  - Setting fov oxdwyv2woj-8t9g1 into status InProgress
2023-08-22 13:32:36,880 [1] INFO  - Saving a fov processing run: oxdwyv2woj-8t9g1
2023-08-22 13:32:36,880 [1] INFO  - Updating an existing fov run.
2023-08-22 13:32:36,942 [1] INFO  - Downloading FOV using next path: 892d9dcc-e56d-475c-8dee-2c395064223d/2302H0033/c9d29823-a69c-4328-a6b9-53e2b78fa3e3/Run_76ed1d6b-57d6-4076-9a09-09a6f1ded693_20230817_2302h0033_ControlCenter/20230817_175305/20230817_175305_S1/SpotFiles/FOV044/
2023-08-22 13:32:36,942 [1] INFO  - Start downloading 892d9dcc-e56d-475c-8dee-2c395064223d/2302H0033/c9d29823-a69c-4328-a6b9-53e2b78fa3e3/Run_76ed1d6b-57d6-4076-9a09-09a6f1ded693_20230817_2302h0033_ControlCenter/20230817_175305/20230817_175305_S1/SpotFiles/FOV044/
2023-08-22 13:32:36,942 [1] INFO  - Executing with retries set to: 10
2023-08-22 13:36:37,125 [1] INFO  - Download 892d9dcc-e56d-475c-8dee-2c395064223d/2302H0033/c9d29823-a69c-4328-a6b9-53e2b78fa3e3/Run_76ed1d6b-57d6-4076-9a09-09a6f1ded693_20230817_2302h0033_ControlCenter/20230817_175305/20230817_175305_S1/SpotFiles/FOV044/ complete
2023-08-22 13:36:37,125 [1] INFO  - Custom plex file specified. The default one will be overriden.
2023-08-22 13:36:37,125 [1] INFO  - Downloading plex file using next path: 892d9dcc-e56d-475c-8dee-2c395064223d/2302H0033/c9d29823-a69c-4328-a6b9-53e2b78fa3e3/Run_76ed1d6b-57d6-4076-9a09-09a6f1ded693_20230817_2302h0033_ControlCenter/20230817_175305/20230817_175305_S1/plex-oxdwyv2woj.txt
2023-08-22 13:36:37,125 [1] INFO  - Downloading 892d9dcc-e56d-475c-8dee-2c395064223d/2302H0033/c9d29823-a69c-4328-a6b9-53e2b78fa3e3/Run_76ed1d6b-57d6-4076-9a09-09a6f1ded693_20230817_2302h0033_ControlCenter/20230817_175305/20230817_175305_S1/plex-oxdwyv2woj.txt
2023-08-22 13:36:37,242 [1] INFO  - Download 892d9dcc-e56d-475c-8dee-2c395064223d/2302H0033/c9d29823-a69c-4328-a6b9-53e2b78fa3e3/Run_76ed1d6b-57d6-4076-9a09-09a6f1ded693_20230817_2302h0033_ControlCenter/20230817_175305/20230817_175305_S1/plex-oxdwyv2woj.txt finished
2023-08-22 13:36:37,242 [1] INFO  - No user params file specified. Trying to use the one from the storage.
2023-08-22 13:36:37,242 [1] INFO  - Downloading params file using next path: 892d9dcc-e56d-475c-8dee-2c395064223d/2302H0033/c9d29823-a69c-4328-a6b9-53e2b78fa3e3/Run_76ed1d6b-57d6-4076-9a09-09a6f1ded693_20230817_2302h0033_ControlCenter/20230817_175305/20230817_175305_S1/analysis_params_v6.txt
2023-08-22 13:36:37,242 [1] INFO  - Downloading 892d9dcc-e56d-475c-8dee-2c395064223d/2302H0033/c9d29823-a69c-4328-a6b9-53e2b78fa3e3/Run_76ed1d6b-57d6-4076-9a09-09a6f1ded693_20230817_2302h0033_ControlCenter/20230817_175305/20230817_175305_S1/analysis_params_v6.txt
2023-08-22 13:36:37,286 [1] ERROR -    at Amazon.Runtime.Internal.HttpErrorResponseExceptionHandler.HandleExceptionStream(IRequestContext requestContext, IWebResponseData httpErrorResponse, HttpErrorResponseException exception, Stream responseStream)
   at Amazon.Runtime.Internal.HttpErrorResponseExceptionHandler.HandleExceptionAsync(IExecutionContext executionContext, HttpErrorResponseException exception)
   at Amazon.Runtime.Internal.ExceptionHandler`1.HandleAsync(IExecutionContext executionContext, Exception exception)
   at Amazon.Runtime.Internal.ErrorHandler.ProcessExceptionAsync(IExecutionContext executionContext, Exception exception)
   at Amazon.Runtime.Internal.ErrorHandler.InvokeAsync[T](IExecutionContext executionContext)
   at Amazon.Runtime.Internal.CallbackHandler.InvokeAsync[T](IExecutionContext executionContext)
   at Amazon.Runtime.Internal.EndpointDiscoveryHandler.InvokeAsync[T](IExecutionContext executionContext)
   at Amazon.Runtime.Internal.EndpointDiscoveryHandler.InvokeAsync[T](IExecutionContext executionContext)
   at Amazon.Runtime.Internal.CredentialsRetriever.InvokeAsync[T](IExecutionContext executionContext)
   at Amazon.Runtime.Internal.RetryHandler.InvokeAsync[T](IExecutionContext executionContext)
   at Amazon.Runtime.Internal.RetryHandler.InvokeAsync[T](IExecutionContext executionContext)
   at Amazon.Runtime.Internal.CallbackHandler.InvokeAsync[T](IExecutionContext executionContext)
   at Amazon.Runtime.Internal.CallbackHandler.InvokeAsync[T](IExecutionContext executionContext)
   at Amazon.S3.Internal.AmazonS3ExceptionHandler.InvokeAsync[T](IExecutionContext executionContext)
   at Amazon.Runtime.Internal.ErrorCallbackHandler.InvokeAsync[T](IExecutionContext executionContext)
   at Amazon.Runtime.Internal.MetricsHandler.InvokeAsync[T](IExecutionContext executionContext)
   at Amazon.S3.Transfer.Internal.DownloadCommand.ExecuteAsync(CancellationToken cancellationToken)
   at Amazon.S3.Transfer.TransferUtility.Download(String filePath, String bucketName, String key)
   at Core.S3FileStorageService.DownloadFile(String remoteFilePath, String localFilePath) in /src/Core/S3FileStorageService.cs:line 67
   at MTMCWorker.Service.Impl.MtmcWorker.FetchParamsFile(String paramsFileRef, String flowCellPath) in /src/MTMCWorker/Service/Impl/MtmcWorker.cs:line 297
2023-08-22 13:36:37,286 [1] INFO  - Can't download params file next to nBCDir. Using the default one.
Amazon.S3.AmazonS3Exception: The specified key does not exist.
 ---> Amazon.Runtime.Internal.HttpErrorResponseException: Exception of type 'Amazon.Runtime.Internal.HttpErrorResponseException' was thrown.
   at Amazon.Runtime.HttpWebRequestMessage.GetResponseAsync(CancellationToken cancellationToken)
   at Amazon.Runtime.Internal.HttpHandler`1.InvokeAsync[T](IExecutionContext executionContext)
   at Amazon.Runtime.Internal.RedirectHandler.InvokeAsync[T](IExecutionContext executionContext)
   at Amazon.Runtime.Internal.Unmarshaller.InvokeAsync[T](IExecutionContext executionContext)
   at Amazon.S3.Internal.AmazonS3ResponseHandler.InvokeAsync[T](IExecutionContext executionContext)
   at Amazon.Runtime.Internal.ErrorHandler.InvokeAsync[T](IExecutionContext executionContext)
   --- End of inner exception stack trace ---
   at Amazon.Runtime.Internal.HttpErrorResponseExceptionHandler.HandleExceptionStream(IRequestContext requestContext, IWebResponseData httpErrorResponse, HttpErrorResponseException exception, Stream responseStream)
   at Amazon.Runtime.Internal.HttpErrorResponseExceptionHandler.HandleExceptionAsync(IExecutionContext executionContext, HttpErrorResponseException exception)
   at Amazon.Runtime.Internal.ExceptionHandler`1.HandleAsync(IExecutionContext executionContext, Exception exception)
   at Amazon.Runtime.Internal.ErrorHandler.ProcessExceptionAsync(IExecutionContext executionContext, Exception exception)
   at Amazon.Runtime.Internal.ErrorHandler.InvokeAsync[T](IExecutionContext executionContext)
   at Amazon.Runtime.Internal.CallbackHandler.InvokeAsync[T](IExecutionContext executionContext)
   at Amazon.Runtime.Internal.EndpointDiscoveryHandler.InvokeAsync[T](IExecutionContext executionContext)
   at Amazon.Runtime.Internal.EndpointDiscoveryHandler.InvokeAsync[T](IExecutionContext executionContext)
   at Amazon.Runtime.Internal.CredentialsRetriever.InvokeAsync[T](IExecutionContext executionContext)
   at Amazon.Runtime.Internal.RetryHandler.InvokeAsync[T](IExecutionContext executionContext)
   at Amazon.Runtime.Internal.RetryHandler.InvokeAsync[T](IExecutionContext executionContext)
   at Amazon.Runtime.Internal.CallbackHandler.InvokeAsync[T](IExecutionContext executionContext)
   at Amazon.Runtime.Internal.CallbackHandler.InvokeAsync[T](IExecutionContext executionContext)
   at Amazon.S3.Internal.AmazonS3ExceptionHandler.InvokeAsync[T](IExecutionContext executionContext)
   at Amazon.Runtime.Internal.ErrorCallbackHandler.InvokeAsync[T](IExecutionContext executionContext)
   at Amazon.Runtime.Internal.MetricsHandler.InvokeAsync[T](IExecutionContext executionContext)
   at Amazon.S3.Transfer.Internal.DownloadCommand.ExecuteAsync(CancellationToken cancellationToken)
   at Amazon.S3.Transfer.TransferUtility.Download(String filePath, String bucketName, String key)
   at Core.S3FileStorageService.DownloadFile(String remoteFilePath, String localFilePath) in /src/Core/S3FileStorageService.cs:line 67
   at MTMCWorker.Service.Impl.MtmcWorker.FetchParamsFile(String paramsFileRef, String flowCellPath) in /src/MTMCWorker/Service/Impl/MtmcWorker.cs:line 297
2023-08-22 13:36:37,291 [1] INFO  - Fetching CellStatsDir folder data...
2023-08-22 13:36:37,366 [1] INFO  - Downloading 892d9dcc-e56d-475c-8dee-2c395064223d/2302H0033/c9d29823-a69c-4328-a6b9-53e2b78fa3e3/Run_76ed1d6b-57d6-4076-9a09-09a6f1ded693_20230817_2302h0033_ControlCenter/20230817_175305/20230817_175305_S1/CellStatsDir/CellComposite/CellComposite_F044.jpg
2023-08-22 13:36:37,615 [1] INFO  - Download 892d9dcc-e56d-475c-8dee-2c395064223d/2302H0033/c9d29823-a69c-4328-a6b9-53e2b78fa3e3/Run_76ed1d6b-57d6-4076-9a09-09a6f1ded693_20230817_2302h0033_ControlCenter/20230817_175305/20230817_175305_S1/CellStatsDir/CellComposite/CellComposite_F044.jpg finished
2023-08-22 13:36:37,615 [1] INFO  - Downloading 892d9dcc-e56d-475c-8dee-2c395064223d/2302H0033/c9d29823-a69c-4328-a6b9-53e2b78fa3e3/Run_76ed1d6b-57d6-4076-9a09-09a6f1ded693_20230817_2302h0033_ControlCenter/20230817_175305/20230817_175305_S1/CellStatsDir/CellOverlay/CellOverlay_F044.jpg
2023-08-22 13:36:37,952 [1] INFO  - Download 892d9dcc-e56d-475c-8dee-2c395064223d/2302H0033/c9d29823-a69c-4328-a6b9-53e2b78fa3e3/Run_76ed1d6b-57d6-4076-9a09-09a6f1ded693_20230817_2302h0033_ControlCenter/20230817_175305/20230817_175305_S1/CellStatsDir/CellOverlay/CellOverlay_F044.jpg finished
2023-08-22 13:36:37,953 [1] INFO  - Downloading 892d9dcc-e56d-475c-8dee-2c395064223d/2302H0033/c9d29823-a69c-4328-a6b9-53e2b78fa3e3/Run_76ed1d6b-57d6-4076-9a09-09a6f1ded693_20230817_2302h0033_ControlCenter/20230817_175305/20230817_175305_S1/CellStatsDir/FOV044/CellLabels_F044.tif
2023-08-22 13:36:38,151 [1] INFO  - Download 892d9dcc-e56d-475c-8dee-2c395064223d/2302H0033/c9d29823-a69c-4328-a6b9-53e2b78fa3e3/Run_76ed1d6b-57d6-4076-9a09-09a6f1ded693_20230817_2302h0033_ControlCenter/20230817_175305/20230817_175305_S1/CellStatsDir/FOV044/CellLabels_F044.tif finished
2023-08-22 13:36:38,151 [1] INFO  - Downloading 892d9dcc-e56d-475c-8dee-2c395064223d/2302H0033/c9d29823-a69c-4328-a6b9-53e2b78fa3e3/Run_76ed1d6b-57d6-4076-9a09-09a6f1ded693_20230817_2302h0033_ControlCenter/20230817_175305/20230817_175305_S1/CellStatsDir/FOV044/CompartmentLabels_F044.tif
2023-08-22 13:36:38,361 [1] INFO  - Download 892d9dcc-e56d-475c-8dee-2c395064223d/2302H0033/c9d29823-a69c-4328-a6b9-53e2b78fa3e3/Run_76ed1d6b-57d6-4076-9a09-09a6f1ded693_20230817_2302h0033_ControlCenter/20230817_175305/20230817_175305_S1/CellStatsDir/FOV044/CompartmentLabels_F044.tif finished
2023-08-22 13:36:38,362 [1] INFO  - Downloading 892d9dcc-e56d-475c-8dee-2c395064223d/2302H0033/c9d29823-a69c-4328-a6b9-53e2b78fa3e3/Run_76ed1d6b-57d6-4076-9a09-09a6f1ded693_20230817_2302h0033_ControlCenter/20230817_175305/20230817_175305_S1/CellStatsDir/FOV044/Run_76ed1d6b-57d6-4076-9a09-09a6f1ded693_20230817_175305_S1_Cell_Stats_F044.csv
2023-08-22 13:36:38,555 [1] INFO  - Download 892d9dcc-e56d-475c-8dee-2c395064223d/2302H0033/c9d29823-a69c-4328-a6b9-53e2b78fa3e3/Run_76ed1d6b-57d6-4076-9a09-09a6f1ded693_20230817_2302h0033_ControlCenter/20230817_175305/20230817_175305_S1/CellStatsDir/FOV044/Run_76ed1d6b-57d6-4076-9a09-09a6f1ded693_20230817_175305_S1_Cell_Stats_F044.csv finished
2023-08-22 13:36:38,555 [1] INFO  - Downloading 892d9dcc-e56d-475c-8dee-2c395064223d/2302H0033/c9d29823-a69c-4328-a6b9-53e2b78fa3e3/Run_76ed1d6b-57d6-4076-9a09-09a6f1ded693_20230817_2302h0033_ControlCenter/20230817_175305/20230817_175305_S1/CellStatsDir/Morphology2D/20230817_175305_S1_C902_P99_N99_F044.TIF
2023-08-22 13:36:39,570 [1] INFO  - Download 892d9dcc-e56d-475c-8dee-2c395064223d/2302H0033/c9d29823-a69c-4328-a6b9-53e2b78fa3e3/Run_76ed1d6b-57d6-4076-9a09-09a6f1ded693_20230817_2302h0033_ControlCenter/20230817_175305/20230817_175305_S1/CellStatsDir/Morphology2D/20230817_175305_S1_C902_P99_N99_F044.TIF finished
2023-08-22 13:36:39,570 [1] INFO  - Downloading 892d9dcc-e56d-475c-8dee-2c395064223d/2302H0033/c9d29823-a69c-4328-a6b9-53e2b78fa3e3/Run_76ed1d6b-57d6-4076-9a09-09a6f1ded693_20230817_2302h0033_ControlCenter/20230817_175305/20230817_175305_S1/CellStatsDir/RnD/Run_76ed1d6b-57d6-4076-9a09-09a6f1ded693_20230817_175305_S1_Summary_F044.csv
2023-08-22 13:36:39,738 [1] INFO  - Download 892d9dcc-e56d-475c-8dee-2c395064223d/2302H0033/c9d29823-a69c-4328-a6b9-53e2b78fa3e3/Run_76ed1d6b-57d6-4076-9a09-09a6f1ded693_20230817_2302h0033_ControlCenter/20230817_175305/20230817_175305_S1/CellStatsDir/RnD/Run_76ed1d6b-57d6-4076-9a09-09a6f1ded693_20230817_175305_S1_Summary_F044.csv finished
2023-08-22 13:36:39,738 [1] INFO  - CellStatsDir data download complete.
2023-08-22 13:36:39,739 [1] INFO  - FOV downloaded successfully.
2023-08-22 13:36:39,739 [1] INFO  - Preparing dirs structure for mtmc
2023-08-22 13:36:39,739 [1] INFO  - Preparing mtmc input. FOV dir: FOV044
2023-08-22 13:36:39,742 [1] INFO  - Running mtmc...
2023-08-22 13:36:39,749 [14] INFO  - directory: "/app/input_data/"
2023-08-22 13:36:40,006 [14] INFO  - directory: "/app/out/FOV044/"
2023-08-22 13:40:42,551 [14] INFO  - 2023-08-22 13:36:40,F044,Z,0,iter,0,feat,0,0, Reading and combining input data, 0.03113, sec
2023-08-22 13:40:42,552 [14] INFO  - 2023-08-22 13:36:40,F044,Z,0,iter,0,feat,311963,311963, Spot file data loading and filtration , 0.21533, sec
2023-08-22 13:40:42,552 [14] INFO  - 2023-08-22 13:36:40,F044,Z,0,iter,0,feat,311963,311963, Seed neighbor determination, 0.321048, sec
2023-08-22 13:40:42,552 [14] INFO  - 2023-08-22 13:36:40,F044,Z,0,iter,0,feat,311963,311963, Quality Score Generation, 0.265966, sec
2023-08-22 13:40:42,552 [14] INFO  - 2023-08-22 13:36:40,F044,Z,0,iter,0,feat,311963,311963, Spots per feature calculation and feature filtration, 0.378425, sec
2023-08-22 13:40:42,552 [14] INFO  - 2023-08-22 13:36:40,F044,Z,0,iter,0,feat,311963,311963, Making Complete Code Target Calls, 0.022832, sec
2023-08-22 13:40:42,552 [14] INFO  - 2023-08-22 13:36:40,F044,Z,0,iter,0,feat,311963,311963, Target Call Location Estimation and iteration end update, 0.003336, sec
2023-08-22 13:40:42,552 [14] INFO  - 2023-08-22 13:36:40,F044,Z,0,iter,0,feat,311963,311963, Iteration summary generation, 0.000148, sec
2023-08-22 13:40:42,552 [14] INFO  - 2023-08-22 13:36:40,F044,Z,0,iter,0,feat,311963,311963, Iteration duration, 0.857796, sec
2023-08-22 13:40:42,555 [14] INFO  - 2023-08-22 13:36:41,F044,Z,0,iter,1,feat,311963,311963, Seed neighbor determination, 0.364067, sec
2023-08-22 13:40:42,555 [14] INFO  - 2023-08-22 13:36:41,F044,Z,0,iter,1,feat,311963,311963, Quality Score Generation, 0.348535, sec
2023-08-22 13:40:42,555 [14] INFO  - 2023-08-22 13:36:41,F044,Z,0,iter,1,feat,311963,311963, Spots per feature calculation and feature filtration, 0.556692, sec
2023-08-22 13:40:42,555 [14] INFO  - 2023-08-22 13:36:41,F044,Z,0,iter,1,feat,311963,311963, Making Complete Code Target Calls, 0.036125, sec
2023-08-22 13:40:42,555 [14] INFO  - 2023-08-22 13:36:41,F044,Z,0,iter,1,feat,311963,311963, Target Call Location Estimation and iteration end update, 0.000724, sec
2023-08-22 13:40:42,555 [14] INFO  - 2023-08-22 13:36:41,F044,Z,0,iter,1,feat,311963,311963, Iteration summary generation, 0.002268, sec
2023-08-22 13:40:42,555 [14] INFO  - 2023-08-22 13:36:41,F044,Z,0,iter,1,feat,311963,311963, Iteration duration, 1.15904, sec
2023-08-22 13:40:42,556 [14] INFO  - 2023-08-22 13:36:41,F044,Z,0,iter,1,feat,311963,311963, Z slice processing duration, 2.2323, sec
2023-08-22 13:40:42,556 [14] INFO  - 2023-08-22 13:37:01,F044,Z,1,iter,0,feat,4985499,5297462, Spot file data loading and filtration , 19.4221, sec
2023-08-22 13:40:42,556 [14] INFO  - 2023-08-22 13:37:05,F044,Z,1,iter,0,feat,4985499,5297462, Seed neighbor determination, 6.23464, sec
2023-08-22 13:40:42,556 [14] INFO  - 2023-08-22 13:37:10,F044,Z,1,iter,0,feat,4985499,5297462, Quality Score Generation, 12.2739, sec
2023-08-22 13:40:42,556 [14] INFO  - 2023-08-22 13:37:24,F044,Z,1,iter,0,feat,4985499,5297462, Spots per feature calculation and feature filtration, 10.2145, sec
2023-08-22 13:40:42,556 [14] INFO  - 2023-08-22 13:37:44,F044,Z,1,iter,0,feat,4985499,5297462, Making Complete Code Target Calls, 11.9374, sec
2023-08-22 13:40:42,556 [14] INFO  - 2023-08-22 13:37:51,F044,Z,1,iter,0,feat,4985499,5297462, Target Call Location Estimation and iteration end update, 6.55647, sec
2023-08-22 13:40:42,556 [14] INFO  - 2023-08-22 13:37:51,F044,Z,1,iter,0,feat,4985499,5297462, Iteration summary generation, 0.025501, sec
2023-08-22 13:40:42,556 [14] INFO  - 2023-08-22 13:37:51,F044,Z,1,iter,0,feat,4985499,5297462, Iteration duration, 44.8969, sec
2023-08-22 13:40:42,556 [14] INFO  - 2023-08-22 13:37:55,F044,Z,1,iter,1,feat,4985499,5297462, Seed neighbor determination, 6.70265, sec
2023-08-22 13:40:42,556 [14] INFO  - 2023-08-22 13:38:10,F044,Z,1,iter,1,feat,4985499,5297462, Quality Score Generation, 41.7758, sec
2023-08-22 13:40:42,556 [14] INFO  - 2023-08-22 13:38:20,F044,Z,1,iter,1,feat,4985499,5297462, Spots per feature calculation and feature filtration, 8.16839, sec
2023-08-22 13:40:42,556 [14] INFO  - 2023-08-22 13:38:38,F044,Z,1,iter,1,feat,4985499,5297462, Making Complete Code Target Calls, 13.8158, sec
2023-08-22 13:40:42,556 [14] INFO  - 2023-08-22 13:38:44,F044,Z,1,iter,1,feat,4985499,5297462, Target Call Location Estimation and iteration end update, 5.05098, sec
2023-08-22 13:40:42,557 [14] INFO  - 2023-08-22 13:38:45,F044,Z,1,iter,1,feat,4985499,5297462, Iteration summary generation, 0.307806, sec
2023-08-22 13:40:42,557 [14] INFO  - 2023-08-22 13:38:45,F044,Z,1,iter,1,feat,4985499,5297462, Iteration duration, 73.2772, sec
2023-08-22 13:40:42,557 [14] INFO  - 2023-08-22 13:38:45,F044,Z,1,iter,1,feat,4985499,5297462, Z slice processing duration, 137.815, sec
2023-08-22 13:40:42,557 [14] INFO  - 2023-08-22 13:39:41,F044,Z,2,iter,0,feat,4979072,10276534, Spot file data loading and filtration , 40.7499, sec
2023-08-22 13:40:42,557 [14] INFO  - 2023-08-22 13:39:47,F044,Z,2,iter,0,feat,4979072,10276534, Seed neighbor determination, 6.48207, sec
2023-08-22 13:40:42,557 [14] INFO  - 2023-08-22 13:40:01,F044,Z,2,iter,0,feat,4979072,10276534, Quality Score Generation, 24.0744, sec
2023-08-22 13:40:42,557 [14] INFO  - 2023-08-22 13:40:13,F044,Z,2,iter,0,feat,4979072,10276534, Spots per feature calculation and feature filtration, 10.2205, sec
2023-08-22 13:40:42,557 [14] INFO  - 2023-08-22 13:40:34,F044,Z,2,iter,0,feat,4979072,10276534, Making Complete Code Target Calls, 16.6692, sec
2023-08-22 13:45:38,643 [14] INFO  - 2023-08-22 13:40:42,F044,Z,2,iter,0,feat,4979072,10276534, Target Call Location Estimation and iteration end update, 7.83005, sec
2023-08-22 13:45:38,643 [14] INFO  - 2023-08-22 13:40:42,F044,Z,2,iter,0,feat,4979072,10276534, Iteration summary generation, 0.058112, sec
2023-08-22 13:45:38,643 [14] INFO  - 2023-08-22 13:40:42,F044,Z,2,iter,0,feat,4979072,10276534, Iteration duration, 63.2158, sec
2023-08-22 13:45:38,643 [14] INFO  - 2023-08-22 13:40:49,F044,Z,2,iter,1,feat,4979072,10276534, Seed neighbor determination, 7.05331, sec
2023-08-22 13:45:38,643 [14] INFO  - 2023-08-22 13:41:00,F044,Z,2,iter,1,feat,4979072,10276534, Quality Score Generation, 20.5312, sec
2023-08-22 13:45:38,643 [14] INFO  - 2023-08-22 13:41:09,F044,Z,2,iter,1,feat,4979072,10276534, Spots per feature calculation and feature filtration, 7.27661, sec
2023-08-22 13:45:38,643 [14] INFO  - 2023-08-22 13:41:32,F044,Z,2,iter,1,feat,4979072,10276534, Making Complete Code Target Calls, 20.681, sec
2023-08-22 13:45:38,643 [14] INFO  - 2023-08-22 13:41:38,F044,Z,2,iter,1,feat,4979072,10276534, Target Call Location Estimation and iteration end update, 6.00071, sec
2023-08-22 13:45:38,643 [14] INFO  - 2023-08-22 13:41:38,F044,Z,2,iter,1,feat,4979072,10276534, Iteration summary generation, 0.691289, sec
2023-08-22 13:45:38,643 [14] INFO  - 2023-08-22 13:41:38,F044,Z,2,iter,1,feat,4979072,10276534, Iteration duration, 59.3338, sec
2023-08-22 13:45:38,659 [14] INFO  - 2023-08-22 13:41:38,F044,Z,2,iter,1,feat,4979072,10276534, Z slice processing duration, 166.723, sec
2023-08-22 13:45:38,659 [14] INFO  - 2023-08-22 13:42:18,F044,Z,3,iter,0,feat,4061120,14337654, Spot file data loading and filtration , 25.695, sec
2023-08-22 13:45:38,659 [14] INFO  - 2023-08-22 13:42:22,F044,Z,3,iter,0,feat,4061120,14337654, Seed neighbor determination, 7.30968, sec
2023-08-22 13:45:38,659 [14] INFO  - 2023-08-22 13:42:32,F044,Z,3,iter,0,feat,4061120,14337654, Quality Score Generation, 22.5894, sec
2023-08-22 13:45:38,659 [14] INFO  - 2023-08-22 13:42:42,F044,Z,3,iter,0,feat,4061120,14337654, Spots per feature calculation and feature filtration, 7.62009, sec
2023-08-22 13:45:38,659 [14] INFO  - 2023-08-22 13:43:05,F044,Z,3,iter,0,feat,4061120,14337654, Making Complete Code Target Calls, 16.8658, sec
2023-08-22 13:45:38,659 [14] INFO  - 2023-08-22 13:43:11,F044,Z,3,iter,0,feat,4061120,14337654, Target Call Location Estimation and iteration end update, 4.76351, sec
2023-08-22 13:45:38,659 [14] INFO  - 2023-08-22 13:43:11,F044,Z,3,iter,0,feat,4061120,14337654, Iteration summary generation, 0.031647, sec
2023-08-22 13:45:38,659 [14] INFO  - 2023-08-22 13:43:11,F044,Z,3,iter,0,feat,4061120,14337654, Iteration duration, 56.3463, sec
2023-08-22 13:45:38,659 [14] INFO  - 2023-08-22 13:43:14,F044,Z,3,iter,1,feat,4061120,14337654, Seed neighbor determination, 5.50087, sec
2023-08-22 13:45:38,659 [14] INFO  - 2023-08-22 13:43:33,F044,Z,3,iter,1,feat,4061120,14337654, Quality Score Generation, 38.1208, sec
2023-08-22 13:45:38,659 [14] INFO  - 2023-08-22 13:43:40,F044,Z,3,iter,1,feat,4061120,14337654, Spots per feature calculation and feature filtration, 6.53076, sec
2023-08-22 13:45:38,659 [14] INFO  - 2023-08-22 13:44:04,F044,Z,3,iter,1,feat,4061120,14337654, Making Complete Code Target Calls, 18.2116, sec
2023-08-22 13:45:38,659 [14] INFO  - 2023-08-22 13:44:07,F044,Z,3,iter,1,feat,4061120,14337654, Target Call Location Estimation and iteration end update, 2.65198, sec
2023-08-22 13:45:38,659 [14] INFO  - 2023-08-22 13:44:08,F044,Z,3,iter,1,feat,4061120,14337654, Iteration summary generation, 0.434974, sec
2023-08-22 13:45:38,659 [14] INFO  - 2023-08-22 13:44:08,F044,Z,3,iter,1,feat,4061120,14337654, Iteration duration, 69.2814, sec
2023-08-22 13:45:38,659 [14] INFO  - 2023-08-22 13:44:08,F044,Z,3,iter,1,feat,4061120,14337654, Z slice processing duration, 154.882, sec
2023-08-22 13:45:38,659 [14] INFO  - 2023-08-22 13:44:23,F044,Z,4,iter,0,feat,3317223,17654877, Spot file data loading and filtration , 11.3038, sec
2023-08-22 13:45:38,659 [14] INFO  - 2023-08-22 13:44:26,F044,Z,4,iter,0,feat,3317223,17654877, Seed neighbor determination, 4.33353, sec
2023-08-22 13:45:38,679 [41] INFO  - 2023-08-22 13:44:33,F044,Z,4,iter,0,feat,3317223,17654877, Quality Score Generation, 13.2323, sec
2023-08-22 13:45:38,679 [41] INFO  - 2023-08-22 13:44:40,F044,Z,4,iter,0,feat,3317223,17654877, Spots per feature calculation and feature filtration, 6.46993, sec
2023-08-22 13:45:38,679 [41] INFO  - 2023-08-22 13:44:57,F044,Z,4,iter,0,feat,3317223,17654877, Making Complete Code Target Calls, 13.6076, sec
2023-08-22 13:45:38,679 [41] INFO  - 2023-08-22 13:45:01,F044,Z,4,iter,0,feat,3317223,17654877, Target Call Location Estimation and iteration end update, 4.0596, sec
2023-08-22 13:45:38,679 [41] INFO  - 2023-08-22 13:45:01,F044,Z,4,iter,0,feat,3317223,17654877, Iteration summary generation, 0.038254, sec
2023-08-22 13:45:38,679 [41] INFO  - 2023-08-22 13:45:01,F044,Z,4,iter,0,feat,3317223,17654877, Iteration duration, 40.0626, sec
2023-08-22 13:45:38,679 [41] INFO  - 2023-08-22 13:45:05,F044,Z,4,iter,1,feat,3317223,17654877, Seed neighbor determination, 5.44918, sec
2023-08-22 13:45:38,679 [41] INFO  - 2023-08-22 13:45:14,F044,Z,4,iter,1,feat,3317223,17654877, Quality Score Generation, 18.7359, sec
2023-08-22 13:45:38,679 [41] INFO  - 2023-08-22 13:45:19,F044,Z,4,iter,1,feat,3317223,17654877, Spots per feature calculation and feature filtration, 4.78184, sec
2023-08-22 13:48:24,783 [41] INFO  - 2023-08-22 13:45:38,F044,Z,4,iter,1,feat,3317223,17654877, Making Complete Code Target Calls, 13.2027, sec
2023-08-22 13:48:24,784 [41] INFO  - 2023-08-22 13:45:43,F044,Z,4,iter,1,feat,3317223,17654877, Target Call Location Estimation and iteration end update, 3.26451, sec
2023-08-22 13:48:24,784 [41] INFO  - 2023-08-22 13:45:43,F044,Z,4,iter,1,feat,3317223,17654877, Iteration summary generation, 0.304091, sec
2023-08-22 13:48:24,784 [41] INFO  - 2023-08-22 13:45:43,F044,Z,4,iter,1,feat,3317223,17654877, Iteration duration, 43.4705, sec
2023-08-22 13:48:24,784 [41] INFO  - 2023-08-22 13:45:43,F044,Z,4,iter,1,feat,3317223,17654877, Z slice processing duration, 97.628, sec
2023-08-22 13:48:24,784 [41] INFO  - 2023-08-22 13:46:08,F044,Z,5,iter,0,feat,2727488,20382365, Spot file data loading and filtration , 15.7361, sec
2023-08-22 13:48:24,784 [41] INFO  - 2023-08-22 13:46:10,F044,Z,5,iter,0,feat,2727488,20382365, Seed neighbor determination, 5.12807, sec
2023-08-22 13:48:24,784 [41] INFO  - 2023-08-22 13:46:17,F044,Z,5,iter,0,feat,2727488,20382365, Quality Score Generation, 13.5993, sec
2023-08-22 13:48:24,784 [41] INFO  - 2023-08-22 13:46:26,F044,Z,5,iter,0,feat,2727488,20382365, Spots per feature calculation and feature filtration, 5.45296, sec
2023-08-22 13:48:24,784 [41] INFO  - 2023-08-22 13:46:36,F044,Z,5,iter,0,feat,2727488,20382365, Making Complete Code Target Calls, 8.00413, sec
2023-08-22 13:48:24,787 [41] INFO  - 2023-08-22 13:46:41,F044,Z,5,iter,0,feat,2727488,20382365, Target Call Location Estimation and iteration end update, 4.29556, sec
2023-08-22 13:48:24,787 [41] INFO  - 2023-08-22 13:46:41,F044,Z,5,iter,0,feat,2727488,20382365, Iteration summary generation, 0.019777, sec
2023-08-22 13:48:24,787 [41] INFO  - 2023-08-22 13:46:41,F044,Z,5,iter,0,feat,2727488,20382365, Iteration duration, 34.3342, sec
2023-08-22 13:48:24,787 [41] INFO  - 2023-08-22 13:46:43,F044,Z,5,iter,1,feat,2727488,20382365, Seed neighbor determination, 4.81353, sec
2023-08-22 13:48:24,787 [41] INFO  - 2023-08-22 13:46:50,F044,Z,5,iter,1,feat,2727488,20382365, Quality Score Generation, 16.9979, sec
2023-08-22 13:48:24,787 [41] INFO  - 2023-08-22 13:46:55,F044,Z,5,iter,1,feat,2727488,20382365, Spots per feature calculation and feature filtration, 4.29698, sec
2023-08-22 13:48:24,787 [41] INFO  - 2023-08-22 13:47:03,F044,Z,5,iter,1,feat,2727488,20382365, Making Complete Code Target Calls, 7.03159, sec
2023-08-22 13:48:24,787 [41] INFO  - 2023-08-22 13:47:04,F044,Z,5,iter,1,feat,2727488,20382365, Target Call Location Estimation and iteration end update, 1.02318, sec
2023-08-22 13:48:24,787 [41] INFO  - 2023-08-22 13:47:04,F044,Z,5,iter,1,feat,2727488,20382365, Iteration summary generation, 0.247978, sec
2023-08-22 13:48:24,787 [41] INFO  - 2023-08-22 13:47:04,F044,Z,5,iter,1,feat,2727488,20382365, Iteration duration, 32.4814, sec
2023-08-22 13:48:24,788 [41] INFO  - 2023-08-22 13:47:04,F044,Z,5,iter,1,feat,2727488,20382365, Z slice processing duration, 85.2981, sec
2023-08-22 13:48:24,788 [41] INFO  - 2023-08-22 13:47:16,F044,Z,6,iter,0,feat,2288386,22670751, Spot file data loading and filtration , 9.92076, sec
2023-08-22 13:48:24,788 [41] INFO  - 2023-08-22 13:47:18,F044,Z,6,iter,0,feat,2288386,22670751, Seed neighbor determination, 2.93647, sec
2023-08-22 13:48:24,788 [41] INFO  - 2023-08-22 13:47:23,F044,Z,6,iter,0,feat,2288386,22670751, Quality Score Generation, 6.62149, sec
2023-08-22 13:48:24,788 [41] INFO  - 2023-08-22 13:47:30,F044,Z,6,iter,0,feat,2288386,22670751, Spots per feature calculation and feature filtration, 4.3485, sec
2023-08-22 13:48:24,788 [41] INFO  - 2023-08-22 13:47:41,F044,Z,6,iter,0,feat,2288386,22670751, Making Complete Code Target Calls, 5.63525, sec
2023-08-22 13:48:24,788 [41] INFO  - 2023-08-22 13:47:45,F044,Z,6,iter,0,feat,2288386,22670751, Target Call Location Estimation and iteration end update, 3.86527, sec
2023-08-22 13:48:24,788 [41] INFO  - 2023-08-22 13:47:45,F044,Z,6,iter,0,feat,2288386,22670751, Iteration summary generation, 0.015634, sec
2023-08-22 13:48:24,791 [41] INFO  - 2023-08-22 13:47:45,F044,Z,6,iter,0,feat,2288386,22670751, Iteration duration, 22.2187, sec
2023-08-22 13:48:24,791 [41] INFO  - 2023-08-22 13:47:47,F044,Z,6,iter,1,feat,2288386,22670751, Seed neighbor determination, 3.81589, sec
2023-08-22 13:48:24,791 [41] INFO  - 2023-08-22 13:47:53,F044,Z,6,iter,1,feat,2288386,22670751, Quality Score Generation, 13.6257, sec
2023-08-22 13:48:24,791 [41] INFO  - 2023-08-22 13:47:57,F044,Z,6,iter,1,feat,2288386,22670751, Spots per feature calculation and feature filtration, 3.30159, sec
2023-08-22 13:48:24,791 [41] INFO  - 2023-08-22 13:48:08,F044,Z,6,iter,1,feat,2288386,22670751, Making Complete Code Target Calls, 8.86205, sec
2023-08-22 13:48:24,791 [41] INFO  - 2023-08-22 13:48:10,F044,Z,6,iter,1,feat,2288386,22670751, Target Call Location Estimation and iteration end update, 1.35602, sec
2023-08-22 13:48:24,791 [41] INFO  - 2023-08-22 13:48:10,F044,Z,6,iter,1,feat,2288386,22670751, Iteration summary generation, 0.182059, sec
2023-08-22 13:48:24,791 [41] INFO  - 2023-08-22 13:48:10,F044,Z,6,iter,1,feat,2288386,22670751, Iteration duration, 29.5419, sec
2023-08-22 13:48:24,791 [41] INFO  - 2023-08-22 13:48:10,F044,Z,6,iter,1,feat,2288386,22670751, Z slice processing duration, 64.1061, sec
2023-08-22 13:48:24,791 [41] INFO  - 2023-08-22 13:48:23,F044,Z,7,iter,0,feat,2059926,24730677, Spot file data loading and filtration , 9.34164, sec
2023-08-22 13:49:47,038 [41] INFO  - 2023-08-22 13:48:24,F044,Z,7,iter,0,feat,2059926,24730677, Seed neighbor determination, 2.4692, sec
2023-08-22 13:49:47,038 [41] INFO  - 2023-08-22 13:48:29,F044,Z,7,iter,0,feat,2059926,24730677, Quality Score Generation, 6.87177, sec
2023-08-22 13:49:47,038 [41] INFO  - 2023-08-22 13:48:33,F044,Z,7,iter,0,feat,2059926,24730677, Spots per feature calculation and feature filtration, 3.32882, sec
2023-08-22 13:49:47,038 [41] INFO  - 2023-08-22 13:48:39,F044,Z,7,iter,0,feat,2059926,24730677, Making Complete Code Target Calls, 6.17316, sec
2023-08-22 13:49:47,038 [41] INFO  - 2023-08-22 13:48:43,F044,Z,7,iter,0,feat,2059926,24730677, Target Call Location Estimation and iteration end update, 3.38851, sec
2023-08-22 13:49:47,038 [41] INFO  - 2023-08-22 13:48:43,F044,Z,7,iter,0,feat,2059926,24730677, Iteration summary generation, 0.017896, sec
2023-08-22 13:49:47,038 [41] INFO  - 2023-08-22 13:48:43,F044,Z,7,iter,0,feat,2059926,24730677, Iteration duration, 21.4965, sec
2023-08-22 13:49:47,038 [41] INFO  - 2023-08-22 13:48:44,F044,Z,7,iter,1,feat,2059926,24730677, Seed neighbor determination, 2.70822, sec
2023-08-22 13:49:47,038 [41] INFO  - 2023-08-22 13:48:49,F044,Z,7,iter,1,feat,2059926,24730677, Quality Score Generation, 11.2066, sec
2023-08-22 13:49:47,039 [41] INFO  - 2023-08-22 13:48:53,F044,Z,7,iter,1,feat,2059926,24730677, Spots per feature calculation and feature filtration, 3.16208, sec
2023-08-22 13:49:47,039 [41] INFO  - 2023-08-22 13:49:00,F044,Z,7,iter,1,feat,2059926,24730677, Making Complete Code Target Calls, 5.07363, sec
2023-08-22 13:49:47,039 [41] INFO  - 2023-08-22 13:49:02,F044,Z,7,iter,1,feat,2059926,24730677, Target Call Location Estimation and iteration end update, 2.2688, sec
2023-08-22 13:49:47,039 [41] INFO  - 2023-08-22 13:49:02,F044,Z,7,iter,1,feat,2059926,24730677, Iteration summary generation, 0.184734, sec
2023-08-22 13:49:47,039 [41] INFO  - 2023-08-22 13:49:02,F044,Z,7,iter,1,feat,2059926,24730677, Iteration duration, 23.4654, sec
2023-08-22 13:49:47,039 [41] INFO  - 2023-08-22 13:49:02,F044,Z,7,iter,1,feat,2059926,24730677, Z slice processing duration, 56.2333, sec
2023-08-22 13:49:47,039 [41] INFO  - 2023-08-22 13:49:11,F044,Z,8,iter,0,feat,1809933,26540610, Spot file data loading and filtration , 7.3116, sec
2023-08-22 13:49:47,039 [41] INFO  - 2023-08-22 13:49:12,F044,Z,8,iter,0,feat,1809933,26540610, Seed neighbor determination, 2.13817, sec
2023-08-22 13:49:47,039 [41] INFO  - 2023-08-22 13:49:14,F044,Z,8,iter,0,feat,1809933,26540610, Quality Score Generation, 4.98949, sec
2023-08-22 13:49:47,039 [41] INFO  - 2023-08-22 13:49:17,F044,Z,8,iter,0,feat,1809933,26540610, Spots per feature calculation and feature filtration, 3.50713, sec
2023-08-22 13:49:47,051 [41] INFO  - 2023-08-22 13:49:22,F044,Z,8,iter,0,feat,1809933,26540610, Making Complete Code Target Calls, 2.86924, sec
2023-08-22 13:49:47,051 [41] INFO  - 2023-08-22 13:49:24,F044,Z,8,iter,0,feat,1809933,26540610, Target Call Location Estimation and iteration end update, 1.06179, sec
2023-08-22 13:49:47,051 [41] INFO  - 2023-08-22 13:49:24,F044,Z,8,iter,0,feat,1809933,26540610, Iteration summary generation, 0.013186, sec
2023-08-22 13:49:47,051 [41] INFO  - 2023-08-22 13:49:24,F044,Z,8,iter,0,feat,1809933,26540610, Iteration duration, 13.7341, sec
2023-08-22 13:49:47,051 [41] INFO  - 2023-08-22 13:49:26,F044,Z,8,iter,1,feat,1809933,26540610, Seed neighbor determination, 2.40226, sec
2023-08-22 13:49:47,051 [41] INFO  - 2023-08-22 13:49:30,F044,Z,8,iter,1,feat,1809933,26540610, Quality Score Generation, 9.31902, sec
2023-08-22 13:49:47,051 [41] INFO  - 2023-08-22 13:49:33,F044,Z,8,iter,1,feat,1809933,26540610, Spots per feature calculation and feature filtration, 2.87556, sec
2023-08-22 13:49:47,051 [41] INFO  - 2023-08-22 13:49:43,F044,Z,8,iter,1,feat,1809933,26540610, Making Complete Code Target Calls, 9.53355, sec
2023-08-22 13:49:47,051 [41] INFO  - 2023-08-22 13:49:45,F044,Z,8,iter,1,feat,1809933,26540610, Target Call Location Estimation and iteration end update, 2.90189, sec
2023-08-22 13:49:47,051 [41] INFO  - 2023-08-22 13:49:46,F044,Z,8,iter,1,feat,1809933,26540610, Iteration summary generation, 0.223919, sec
2023-08-22 13:49:47,051 [41] INFO  - 2023-08-22 13:49:46,F044,Z,8,iter,1,feat,1809933,26540610, Iteration duration, 26.2542, sec
2023-08-22 13:49:47,051 [41] INFO  - 2023-08-22 13:49:46,F044,Z,8,iter,1,feat,1809933,26540610, Z slice processing duration, 48.6726, sec
2023-08-22 13:49:47,051 [41] INFO  - 2023-08-22 13:49:46,F044,Z,9,iter,0,feat,66753,26607363, Spot file data loading and filtration , -0.964436, sec
2023-08-22 13:49:47,051 [41] INFO  - 2023-08-22 13:49:46,F044,Z,9,iter,0,feat,66753,26607363, Seed neighbor determination, 0.117679, sec
2023-08-22 13:49:47,051 [41] INFO  - 2023-08-22 13:49:46,F044,Z,9,iter,0,feat,66753,26607363, Quality Score Generation, 0.259709, sec
2023-08-22 13:49:47,051 [41] INFO  - 2023-08-22 13:49:46,F044,Z,9,iter,0,feat,66753,26607363, Spots per feature calculation and feature filtration, 0.136145, sec
2023-08-22 13:49:47,051 [41] INFO  - 2023-08-22 13:49:47,F044,Z,9,iter,0,feat,66753,26607363, Making Complete Code Target Calls, 0.009864, sec
2023-08-22 13:49:47,051 [41] INFO  - 2023-08-22 13:49:47,F044,Z,9,iter,0,feat,66753,26607363, Target Call Location Estimation and iteration end update, 0.003501, sec
2023-08-22 13:49:47,051 [41] INFO  - 2023-08-22 13:49:47,F044,Z,9,iter,0,feat,66753,26607363, Iteration summary generation, 0.000364, sec
2023-08-22 13:49:50,174 [45] INFO  - 2023-08-22 13:49:47,F044,Z,9,iter,0,feat,66753,26607363, Iteration duration, 0.503219, sec
2023-08-22 13:49:50,179 [45] INFO  - 2023-08-22 13:49:47,F044,Z,9,iter,1,feat,66753,26607363, Seed neighbor determination, 0.108041, sec
2023-08-22 13:49:50,180 [45] INFO  - 2023-08-22 13:49:47,F044,Z,9,iter,1,feat,66753,26607363, Quality Score Generation, 0.255137, sec
2023-08-22 13:49:50,180 [45] INFO  - 2023-08-22 13:49:47,F044,Z,9,iter,1,feat,66753,26607363, Spots per feature calculation and feature filtration, 0.130526, sec
2023-08-22 13:49:50,180 [45] INFO  - 2023-08-22 13:49:47,F044,Z,9,iter,1,feat,66753,26607363, Making Complete Code Target Calls, 0.009439, sec
2023-08-22 13:49:50,180 [45] INFO  - 2023-08-22 13:49:47,F044,Z,9,iter,1,feat,66753,26607363, Target Call Location Estimation and iteration end update, 0.000613, sec
2023-08-22 13:49:50,180 [45] INFO  - 2023-08-22 13:49:47,F044,Z,9,iter,1,feat,66753,26607363, Iteration summary generation, 0.003148, sec
2023-08-22 13:49:50,180 [45] INFO  - 2023-08-22 13:49:47,F044,Z,9,iter,1,feat,66753,26607363, Iteration duration, 0.484413, sec
2023-08-22 13:49:50,180 [45] INFO  - 2023-08-22 13:49:47,F044,Z,9,iter,1,feat,66753,26607363, Z slice processing duration, 1.22482, sec
2023-08-22 13:49:50,180 [45] INFO  - 2023-08-22 13:49:50,F044,Z,9,iter,1,feat,66753,26607363, FOV processing duration (final) , 817.383, sec
2023-08-22 13:49:50,271 [51] INFO  - Exited
2023-08-22 13:49:50,272 [51] INFO  - System.EventArgs
2023-08-22 13:49:50,274 [51] INFO  - { }
2023-08-22 13:49:50,287 [1] INFO  - mtmc run complete
2023-08-22 13:49:50,288 [1] INFO  - Zipping and uploading results...
2023-08-22 13:49:50,289 [1] INFO  - Uploading mtm results to storage.
2023-08-22 13:49:50,291 [1] INFO  - Start uploading /app/out/FOV044 to 892d9dcc-e56d-475c-8dee-2c395064223d/2302H0033/c9d29823-a69c-4328-a6b9-53e2b78fa3e3/Run_76ed1d6b-57d6-4076-9a09-09a6f1ded693_20230817_2302h0033_ControlCenter/20230817_175305/20230817_175305_S1/AnalysisResults/oxdwyv2woj/FOV044
2023-08-22 13:49:50,292 [1] INFO  - Executing with retries set to: 10
2023-08-22 13:49:52,802 [1] INFO  - Upload /app/out/FOV044 finished
2023-08-22 13:49:52,803 [1] INFO  - Results uploaded.
2023-08-22 13:49:52,803 [1] INFO  - All done
2023-08-22 13:49:52,803 [1] INFO  - Executing with retries set to: 10
2023-08-22 13:49:52,803 [1] INFO  - Setting fov oxdwyv2woj-8t9g1 into status Completed
2023-08-22 13:49:52,840 [1] INFO  - Saving a fov processing run: oxdwyv2woj-8t9g1
2023-08-22 13:49:52,841 [1] INFO  - Updating an existing fov run.
2023-08-22 13:49:52,847 [1] INFO  - Uploading logs
2023-08-22 13:49:52,850 [1] INFO  - Start uploading 892d9dcc-e56d-475c-8dee-2c395064223d/2302H0033/c9d29823-a69c-4328-a6b9-53e2b78fa3e3/Run_76ed1d6b-57d6-4076-9a09-09a6f1ded693_20230817_2302h0033_ControlCenter/20230817_175305/20230817_175305_S1/AnalysisResults/oxdwyv2woj/FOV044/mtm-run.log
