2023-08-22 13:33:55,327 [1] INFO  - Using bucket s3-euw1-eu2-datarepository-eu2-eu2-kcl-01 and region eu-west-1
2023-08-22 13:33:55,363 [1] INFO  - Using role to access S3
2023-08-22 13:33:55,581 [1] INFO  - ===============================
2023-08-22 13:33:55,581 [1] INFO  - build info: 
commit 1860d865ce7409a4b25d5549a62e2b7be0a93d33
Author: alexander-serebriyan <alexander.serebriyan@teamdev.com>
Date:   Fri Feb 10 15:42:48 2023 +0100

    Add UAT env for ECR pushing.

Build done on: Fri Feb 10 14:46:39 UTC 2023
Version: 20230210.1

2023-08-22 13:33:55,581 [1] INFO  - ===============================
2023-08-22 13:33:55,581 [1] INFO  - Starting the job. Results will be uploaded to: 892d9dcc-e56d-475c-8dee-2c395064223d/2302H0033/c9d29823-a69c-4328-a6b9-53e2b78fa3e3/Run_76ed1d6b-57d6-4076-9a09-09a6f1ded693_20230817_2302h0033_ControlCenter/20230817_175305/20230817_175305_S1/AnalysisResults/oxdwyv2woj/FOV029
2023-08-22 13:33:55,581 [1] INFO  - Checking FOV status. Ref: oxdwyv2woj-l8sdl, ID: 892d9dcc-e56d-475c-8dee-2c395064223d/2302H0033/c9d29823-a69c-4328-a6b9-53e2b78fa3e3/Run_76ed1d6b-57d6-4076-9a09-09a6f1ded693_20230817_2302h0033_ControlCenter/20230817_175305/20230817_175305_S1/SpotFiles/FOV029/
2023-08-22 13:33:55,729 [1] INFO  - Executing with retries set to: 10
2023-08-22 13:33:55,729 [1] INFO  - Setting fov oxdwyv2woj-l8sdl into status InProgress
2023-08-22 13:33:55,730 [1] INFO  - Saving a fov processing run: oxdwyv2woj-l8sdl
2023-08-22 13:33:55,731 [1] INFO  - Updating an existing fov run.
2023-08-22 13:33:55,769 [1] INFO  - Downloading FOV using next path: 892d9dcc-e56d-475c-8dee-2c395064223d/2302H0033/c9d29823-a69c-4328-a6b9-53e2b78fa3e3/Run_76ed1d6b-57d6-4076-9a09-09a6f1ded693_20230817_2302h0033_ControlCenter/20230817_175305/20230817_175305_S1/SpotFiles/FOV029/
2023-08-22 13:33:55,769 [1] INFO  - Start downloading 892d9dcc-e56d-475c-8dee-2c395064223d/2302H0033/c9d29823-a69c-4328-a6b9-53e2b78fa3e3/Run_76ed1d6b-57d6-4076-9a09-09a6f1ded693_20230817_2302h0033_ControlCenter/20230817_175305/20230817_175305_S1/SpotFiles/FOV029/
2023-08-22 13:33:55,769 [1] INFO  - Executing with retries set to: 10
2023-08-22 13:37:55,300 [1] INFO  - Download 892d9dcc-e56d-475c-8dee-2c395064223d/2302H0033/c9d29823-a69c-4328-a6b9-53e2b78fa3e3/Run_76ed1d6b-57d6-4076-9a09-09a6f1ded693_20230817_2302h0033_ControlCenter/20230817_175305/20230817_175305_S1/SpotFiles/FOV029/ complete
2023-08-22 13:37:55,300 [1] INFO  - Custom plex file specified. The default one will be overriden.
2023-08-22 13:37:55,300 [1] INFO  - Downloading plex file using next path: 892d9dcc-e56d-475c-8dee-2c395064223d/2302H0033/c9d29823-a69c-4328-a6b9-53e2b78fa3e3/Run_76ed1d6b-57d6-4076-9a09-09a6f1ded693_20230817_2302h0033_ControlCenter/20230817_175305/20230817_175305_S1/plex-oxdwyv2woj.txt
2023-08-22 13:37:55,300 [1] INFO  - Downloading 892d9dcc-e56d-475c-8dee-2c395064223d/2302H0033/c9d29823-a69c-4328-a6b9-53e2b78fa3e3/Run_76ed1d6b-57d6-4076-9a09-09a6f1ded693_20230817_2302h0033_ControlCenter/20230817_175305/20230817_175305_S1/plex-oxdwyv2woj.txt
2023-08-22 13:37:55,417 [1] INFO  - Download 892d9dcc-e56d-475c-8dee-2c395064223d/2302H0033/c9d29823-a69c-4328-a6b9-53e2b78fa3e3/Run_76ed1d6b-57d6-4076-9a09-09a6f1ded693_20230817_2302h0033_ControlCenter/20230817_175305/20230817_175305_S1/plex-oxdwyv2woj.txt finished
2023-08-22 13:37:55,418 [1] INFO  - No user params file specified. Trying to use the one from the storage.
2023-08-22 13:37:55,418 [1] INFO  - Downloading params file using next path: 892d9dcc-e56d-475c-8dee-2c395064223d/2302H0033/c9d29823-a69c-4328-a6b9-53e2b78fa3e3/Run_76ed1d6b-57d6-4076-9a09-09a6f1ded693_20230817_2302h0033_ControlCenter/20230817_175305/20230817_175305_S1/analysis_params_v6.txt
2023-08-22 13:37:55,418 [1] INFO  - Downloading 892d9dcc-e56d-475c-8dee-2c395064223d/2302H0033/c9d29823-a69c-4328-a6b9-53e2b78fa3e3/Run_76ed1d6b-57d6-4076-9a09-09a6f1ded693_20230817_2302h0033_ControlCenter/20230817_175305/20230817_175305_S1/analysis_params_v6.txt
2023-08-22 13:37:55,448 [1] ERROR -    at Amazon.Runtime.Internal.HttpErrorResponseExceptionHandler.HandleExceptionStream(IRequestContext requestContext, IWebResponseData httpErrorResponse, HttpErrorResponseException exception, Stream responseStream)
   at Amazon.Runtime.Internal.HttpErrorResponseExceptionHandler.HandleExceptionAsync(IExecutionContext executionContext, HttpErrorResponseException exception)
   at Amazon.Runtime.Internal.ExceptionHandler`1.HandleAsync(IExecutionContext executionContext, Exception exception)
   at Amazon.Runtime.Internal.ErrorHandler.ProcessExceptionAsync(IExecutionContext executionContext, Exception exception)
   at Amazon.Runtime.Internal.ErrorHandler.InvokeAsync[T](IExecutionContext executionContext)
   at Amazon.Runtime.Internal.CallbackHandler.InvokeAsync[T](IExecutionContext executionContext)
   at Amazon.Runtime.Internal.EndpointDiscoveryHandler.InvokeAsync[T](IExecutionContext executionContext)
   at Amazon.Runtime.Internal.EndpointDiscoveryHandler.InvokeAsync[T](IExecutionContext executionContext)
   at Amazon.Runtime.Internal.CredentialsRetriever.InvokeAsync[T](IExecutionContext executionContext)
   at Amazon.Runtime.Internal.RetryHandler.InvokeAsync[T](IExecutionContext executionContext)
   at Amazon.Runtime.Internal.RetryHandler.InvokeAsync[T](IExecutionContext executionContext)
   at Amazon.Runtime.Internal.CallbackHandler.InvokeAsync[T](IExecutionContext executionContext)
   at Amazon.Runtime.Internal.CallbackHandler.InvokeAsync[T](IExecutionContext executionContext)
   at Amazon.S3.Internal.AmazonS3ExceptionHandler.InvokeAsync[T](IExecutionContext executionContext)
   at Amazon.Runtime.Internal.ErrorCallbackHandler.InvokeAsync[T](IExecutionContext executionContext)
   at Amazon.Runtime.Internal.MetricsHandler.InvokeAsync[T](IExecutionContext executionContext)
   at Amazon.S3.Transfer.Internal.DownloadCommand.ExecuteAsync(CancellationToken cancellationToken)
   at Amazon.S3.Transfer.TransferUtility.Download(String filePath, String bucketName, String key)
   at Core.S3FileStorageService.DownloadFile(String remoteFilePath, String localFilePath) in /src/Core/S3FileStorageService.cs:line 67
   at MTMCWorker.Service.Impl.MtmcWorker.FetchParamsFile(String paramsFileRef, String flowCellPath) in /src/MTMCWorker/Service/Impl/MtmcWorker.cs:line 297
2023-08-22 13:37:55,448 [1] INFO  - Can't download params file next to nBCDir. Using the default one.
Amazon.S3.AmazonS3Exception: The specified key does not exist.
 ---> Amazon.Runtime.Internal.HttpErrorResponseException: Exception of type 'Amazon.Runtime.Internal.HttpErrorResponseException' was thrown.
   at Amazon.Runtime.HttpWebRequestMessage.GetResponseAsync(CancellationToken cancellationToken)
   at Amazon.Runtime.Internal.HttpHandler`1.InvokeAsync[T](IExecutionContext executionContext)
   at Amazon.Runtime.Internal.RedirectHandler.InvokeAsync[T](IExecutionContext executionContext)
   at Amazon.Runtime.Internal.Unmarshaller.InvokeAsync[T](IExecutionContext executionContext)
   at Amazon.S3.Internal.AmazonS3ResponseHandler.InvokeAsync[T](IExecutionContext executionContext)
   at Amazon.Runtime.Internal.ErrorHandler.InvokeAsync[T](IExecutionContext executionContext)
   --- End of inner exception stack trace ---
   at Amazon.Runtime.Internal.HttpErrorResponseExceptionHandler.HandleExceptionStream(IRequestContext requestContext, IWebResponseData httpErrorResponse, HttpErrorResponseException exception, Stream responseStream)
   at Amazon.Runtime.Internal.HttpErrorResponseExceptionHandler.HandleExceptionAsync(IExecutionContext executionContext, HttpErrorResponseException exception)
   at Amazon.Runtime.Internal.ExceptionHandler`1.HandleAsync(IExecutionContext executionContext, Exception exception)
   at Amazon.Runtime.Internal.ErrorHandler.ProcessExceptionAsync(IExecutionContext executionContext, Exception exception)
   at Amazon.Runtime.Internal.ErrorHandler.InvokeAsync[T](IExecutionContext executionContext)
   at Amazon.Runtime.Internal.CallbackHandler.InvokeAsync[T](IExecutionContext executionContext)
   at Amazon.Runtime.Internal.EndpointDiscoveryHandler.InvokeAsync[T](IExecutionContext executionContext)
   at Amazon.Runtime.Internal.EndpointDiscoveryHandler.InvokeAsync[T](IExecutionContext executionContext)
   at Amazon.Runtime.Internal.CredentialsRetriever.InvokeAsync[T](IExecutionContext executionContext)
   at Amazon.Runtime.Internal.RetryHandler.InvokeAsync[T](IExecutionContext executionContext)
   at Amazon.Runtime.Internal.RetryHandler.InvokeAsync[T](IExecutionContext executionContext)
   at Amazon.Runtime.Internal.CallbackHandler.InvokeAsync[T](IExecutionContext executionContext)
   at Amazon.Runtime.Internal.CallbackHandler.InvokeAsync[T](IExecutionContext executionContext)
   at Amazon.S3.Internal.AmazonS3ExceptionHandler.InvokeAsync[T](IExecutionContext executionContext)
   at Amazon.Runtime.Internal.ErrorCallbackHandler.InvokeAsync[T](IExecutionContext executionContext)
   at Amazon.Runtime.Internal.MetricsHandler.InvokeAsync[T](IExecutionContext executionContext)
   at Amazon.S3.Transfer.Internal.DownloadCommand.ExecuteAsync(CancellationToken cancellationToken)
   at Amazon.S3.Transfer.TransferUtility.Download(String filePath, String bucketName, String key)
   at Core.S3FileStorageService.DownloadFile(String remoteFilePath, String localFilePath) in /src/Core/S3FileStorageService.cs:line 67
   at MTMCWorker.Service.Impl.MtmcWorker.FetchParamsFile(String paramsFileRef, String flowCellPath) in /src/MTMCWorker/Service/Impl/MtmcWorker.cs:line 297
2023-08-22 13:37:55,451 [1] INFO  - Fetching CellStatsDir folder data...
2023-08-22 13:37:55,518 [1] INFO  - Downloading 892d9dcc-e56d-475c-8dee-2c395064223d/2302H0033/c9d29823-a69c-4328-a6b9-53e2b78fa3e3/Run_76ed1d6b-57d6-4076-9a09-09a6f1ded693_20230817_2302h0033_ControlCenter/20230817_175305/20230817_175305_S1/CellStatsDir/CellComposite/CellComposite_F029.jpg
2023-08-22 13:37:55,743 [1] INFO  - Download 892d9dcc-e56d-475c-8dee-2c395064223d/2302H0033/c9d29823-a69c-4328-a6b9-53e2b78fa3e3/Run_76ed1d6b-57d6-4076-9a09-09a6f1ded693_20230817_2302h0033_ControlCenter/20230817_175305/20230817_175305_S1/CellStatsDir/CellComposite/CellComposite_F029.jpg finished
2023-08-22 13:37:55,743 [1] INFO  - Downloading 892d9dcc-e56d-475c-8dee-2c395064223d/2302H0033/c9d29823-a69c-4328-a6b9-53e2b78fa3e3/Run_76ed1d6b-57d6-4076-9a09-09a6f1ded693_20230817_2302h0033_ControlCenter/20230817_175305/20230817_175305_S1/CellStatsDir/CellOverlay/CellOverlay_F029.jpg
2023-08-22 13:37:56,030 [1] INFO  - Download 892d9dcc-e56d-475c-8dee-2c395064223d/2302H0033/c9d29823-a69c-4328-a6b9-53e2b78fa3e3/Run_76ed1d6b-57d6-4076-9a09-09a6f1ded693_20230817_2302h0033_ControlCenter/20230817_175305/20230817_175305_S1/CellStatsDir/CellOverlay/CellOverlay_F029.jpg finished
2023-08-22 13:37:56,030 [1] INFO  - Downloading 892d9dcc-e56d-475c-8dee-2c395064223d/2302H0033/c9d29823-a69c-4328-a6b9-53e2b78fa3e3/Run_76ed1d6b-57d6-4076-9a09-09a6f1ded693_20230817_2302h0033_ControlCenter/20230817_175305/20230817_175305_S1/CellStatsDir/FOV029/CellLabels_F029.tif
2023-08-22 13:37:56,298 [1] INFO  - Download 892d9dcc-e56d-475c-8dee-2c395064223d/2302H0033/c9d29823-a69c-4328-a6b9-53e2b78fa3e3/Run_76ed1d6b-57d6-4076-9a09-09a6f1ded693_20230817_2302h0033_ControlCenter/20230817_175305/20230817_175305_S1/CellStatsDir/FOV029/CellLabels_F029.tif finished
2023-08-22 13:37:56,298 [1] INFO  - Downloading 892d9dcc-e56d-475c-8dee-2c395064223d/2302H0033/c9d29823-a69c-4328-a6b9-53e2b78fa3e3/Run_76ed1d6b-57d6-4076-9a09-09a6f1ded693_20230817_2302h0033_ControlCenter/20230817_175305/20230817_175305_S1/CellStatsDir/FOV029/CompartmentLabels_F029.tif
2023-08-22 13:37:56,522 [1] INFO  - Download 892d9dcc-e56d-475c-8dee-2c395064223d/2302H0033/c9d29823-a69c-4328-a6b9-53e2b78fa3e3/Run_76ed1d6b-57d6-4076-9a09-09a6f1ded693_20230817_2302h0033_ControlCenter/20230817_175305/20230817_175305_S1/CellStatsDir/FOV029/CompartmentLabels_F029.tif finished
2023-08-22 13:37:56,522 [1] INFO  - Downloading 892d9dcc-e56d-475c-8dee-2c395064223d/2302H0033/c9d29823-a69c-4328-a6b9-53e2b78fa3e3/Run_76ed1d6b-57d6-4076-9a09-09a6f1ded693_20230817_2302h0033_ControlCenter/20230817_175305/20230817_175305_S1/CellStatsDir/FOV029/Run_76ed1d6b-57d6-4076-9a09-09a6f1ded693_20230817_175305_S1_Cell_Stats_F029.csv
2023-08-22 13:37:56,716 [1] INFO  - Download 892d9dcc-e56d-475c-8dee-2c395064223d/2302H0033/c9d29823-a69c-4328-a6b9-53e2b78fa3e3/Run_76ed1d6b-57d6-4076-9a09-09a6f1ded693_20230817_2302h0033_ControlCenter/20230817_175305/20230817_175305_S1/CellStatsDir/FOV029/Run_76ed1d6b-57d6-4076-9a09-09a6f1ded693_20230817_175305_S1_Cell_Stats_F029.csv finished
2023-08-22 13:37:56,716 [1] INFO  - Downloading 892d9dcc-e56d-475c-8dee-2c395064223d/2302H0033/c9d29823-a69c-4328-a6b9-53e2b78fa3e3/Run_76ed1d6b-57d6-4076-9a09-09a6f1ded693_20230817_2302h0033_ControlCenter/20230817_175305/20230817_175305_S1/CellStatsDir/Morphology2D/20230817_175305_S1_C902_P99_N99_F029.TIF
2023-08-22 13:37:57,947 [1] INFO  - Download 892d9dcc-e56d-475c-8dee-2c395064223d/2302H0033/c9d29823-a69c-4328-a6b9-53e2b78fa3e3/Run_76ed1d6b-57d6-4076-9a09-09a6f1ded693_20230817_2302h0033_ControlCenter/20230817_175305/20230817_175305_S1/CellStatsDir/Morphology2D/20230817_175305_S1_C902_P99_N99_F029.TIF finished
2023-08-22 13:37:57,947 [1] INFO  - Downloading 892d9dcc-e56d-475c-8dee-2c395064223d/2302H0033/c9d29823-a69c-4328-a6b9-53e2b78fa3e3/Run_76ed1d6b-57d6-4076-9a09-09a6f1ded693_20230817_2302h0033_ControlCenter/20230817_175305/20230817_175305_S1/CellStatsDir/RnD/Run_76ed1d6b-57d6-4076-9a09-09a6f1ded693_20230817_175305_S1_Summary_F029.csv
2023-08-22 13:37:58,105 [1] INFO  - Download 892d9dcc-e56d-475c-8dee-2c395064223d/2302H0033/c9d29823-a69c-4328-a6b9-53e2b78fa3e3/Run_76ed1d6b-57d6-4076-9a09-09a6f1ded693_20230817_2302h0033_ControlCenter/20230817_175305/20230817_175305_S1/CellStatsDir/RnD/Run_76ed1d6b-57d6-4076-9a09-09a6f1ded693_20230817_175305_S1_Summary_F029.csv finished
2023-08-22 13:37:58,105 [1] INFO  - CellStatsDir data download complete.
2023-08-22 13:37:58,105 [1] INFO  - FOV downloaded successfully.
2023-08-22 13:37:58,105 [1] INFO  - Preparing dirs structure for mtmc
2023-08-22 13:37:58,105 [1] INFO  - Preparing mtmc input. FOV dir: FOV029
2023-08-22 13:37:58,108 [1] INFO  - Running mtmc...
2023-08-22 13:37:58,114 [8] INFO  - directory: "/app/input_data/"
2023-08-22 13:37:58,350 [18] INFO  - directory: "/app/out/FOV029/"
2023-08-22 13:39:10,639 [18] INFO  - 2023-08-22 13:37:58,F029,Z,0,iter,0,feat,0,0, Reading and combining input data, 0.029305, sec
2023-08-22 13:39:10,639 [18] INFO  - 2023-08-22 13:37:59,F029,Z,0,iter,0,feat,877411,877411, Spot file data loading and filtration , 0.896132, sec
2023-08-22 13:39:10,639 [18] INFO  - 2023-08-22 13:37:59,F029,Z,0,iter,0,feat,877411,877411, Seed neighbor determination, 0.816665, sec
2023-08-22 13:39:10,639 [18] INFO  - 2023-08-22 13:37:59,F029,Z,0,iter,0,feat,877411,877411, Quality Score Generation, 0.923849, sec
2023-08-22 13:39:10,639 [18] INFO  - 2023-08-22 13:38:00,F029,Z,0,iter,0,feat,877411,877411, Spots per feature calculation and feature filtration, 1.00489, sec
2023-08-22 13:39:10,639 [18] INFO  - 2023-08-22 13:38:01,F029,Z,0,iter,0,feat,877411,877411, Making Complete Code Target Calls, 0.132243, sec
2023-08-22 13:39:10,639 [18] INFO  - 2023-08-22 13:38:01,F029,Z,0,iter,0,feat,877411,877411, Target Call Location Estimation and iteration end update, 0.055562, sec
2023-08-22 13:39:10,639 [18] INFO  - 2023-08-22 13:38:01,F029,Z,0,iter,0,feat,877411,877411, Iteration summary generation, 0.000296, sec
2023-08-22 13:39:10,639 [18] INFO  - 2023-08-22 13:38:01,F029,Z,0,iter,0,feat,877411,877411, Iteration duration, 2.57701, sec
2023-08-22 13:39:10,639 [18] INFO  - 2023-08-22 13:38:01,F029,Z,0,iter,1,feat,877411,877411, Seed neighbor determination, 0.783628, sec
2023-08-22 13:39:10,639 [18] INFO  - 2023-08-22 13:38:01,F029,Z,0,iter,1,feat,877411,877411, Quality Score Generation, 1.16837, sec
2023-08-22 13:39:10,639 [18] INFO  - 2023-08-22 13:38:02,F029,Z,0,iter,1,feat,877411,877411, Spots per feature calculation and feature filtration, 0.962681, sec
2023-08-22 13:39:10,639 [18] INFO  - 2023-08-22 13:38:03,F029,Z,0,iter,1,feat,877411,877411, Making Complete Code Target Calls, 0.221145, sec
2023-08-22 13:39:10,639 [18] INFO  - 2023-08-22 13:38:03,F029,Z,0,iter,1,feat,877411,877411, Target Call Location Estimation and iteration end update, 0.042258, sec
2023-08-22 13:39:10,639 [18] INFO  - 2023-08-22 13:38:03,F029,Z,0,iter,1,feat,877411,877411, Iteration summary generation, 0.009706, sec
2023-08-22 13:39:10,639 [18] INFO  - 2023-08-22 13:38:03,F029,Z,0,iter,1,feat,877411,877411, Iteration duration, 2.85241, sec
2023-08-22 13:39:10,639 [18] INFO  - 2023-08-22 13:38:03,F029,Z,0,iter,1,feat,877411,877411, Z slice processing duration, 6.32697, sec
2023-08-22 13:39:10,639 [18] INFO  - 2023-08-22 13:38:13,F029,Z,1,iter,0,feat,4521576,5398987, Spot file data loading and filtration , 9.54734, sec
2023-08-22 13:39:10,639 [18] INFO  - 2023-08-22 13:38:15,F029,Z,1,iter,0,feat,4521576,5398987, Seed neighbor determination, 4.09759, sec
2023-08-22 13:39:10,639 [18] INFO  - 2023-08-22 13:38:16,F029,Z,1,iter,0,feat,4521576,5398987, Quality Score Generation, 6.55814, sec
2023-08-22 13:39:10,639 [18] INFO  - 2023-08-22 13:38:21,F029,Z,1,iter,0,feat,4521576,5398987, Spots per feature calculation and feature filtration, 4.95199, sec
2023-08-22 13:39:10,639 [18] INFO  - 2023-08-22 13:38:26,F029,Z,1,iter,0,feat,4521576,5398987, Making Complete Code Target Calls, 4.49637, sec
2023-08-22 13:39:10,639 [18] INFO  - 2023-08-22 13:38:27,F029,Z,1,iter,0,feat,4521576,5398987, Target Call Location Estimation and iteration end update, 1.35427, sec
2023-08-22 13:39:10,639 [18] INFO  - 2023-08-22 13:38:27,F029,Z,1,iter,0,feat,4521576,5398987, Iteration summary generation, 0.01349, sec
2023-08-22 13:39:10,639 [18] INFO  - 2023-08-22 13:38:27,F029,Z,1,iter,0,feat,4521576,5398987, Iteration duration, 19.6896, sec
2023-08-22 13:39:10,639 [18] INFO  - 2023-08-22 13:38:29,F029,Z,1,iter,1,feat,4521576,5398987, Seed neighbor determination, 4.12722, sec
2023-08-22 13:39:10,639 [18] INFO  - 2023-08-22 13:38:31,F029,Z,1,iter,1,feat,4521576,5398987, Quality Score Generation, 7.71653, sec
2023-08-22 13:39:10,639 [18] INFO  - 2023-08-22 13:38:35,F029,Z,1,iter,1,feat,4521576,5398987, Spots per feature calculation and feature filtration, 3.86953, sec
2023-08-22 13:39:10,639 [18] INFO  - 2023-08-22 13:38:40,F029,Z,1,iter,1,feat,4521576,5398987, Making Complete Code Target Calls, 4.92956, sec
2023-08-22 13:39:10,639 [18] INFO  - 2023-08-22 13:38:41,F029,Z,1,iter,1,feat,4521576,5398987, Target Call Location Estimation and iteration end update, 0.866279, sec
2023-08-22 13:39:10,639 [18] INFO  - 2023-08-22 13:38:42,F029,Z,1,iter,1,feat,4521576,5398987, Iteration summary generation, 0.343956, sec
2023-08-22 13:39:10,639 [18] INFO  - 2023-08-22 13:38:42,F029,Z,1,iter,1,feat,4521576,5398987, Iteration duration, 19.9699, sec
2023-08-22 13:39:10,639 [18] INFO  - 2023-08-22 13:38:42,F029,Z,1,iter,1,feat,4521576,5398987, Z slice processing duration, 49.6184, sec
2023-08-22 13:39:10,639 [18] INFO  - 2023-08-22 13:38:52,F029,Z,2,iter,0,feat,4607022,10006009, Spot file data loading and filtration , 8.63083, sec
2023-08-22 13:39:10,639 [18] INFO  - 2023-08-22 13:38:54,F029,Z,2,iter,0,feat,4607022,10006009, Seed neighbor determination, 4.2323, sec
2023-08-22 13:39:10,639 [18] INFO  - 2023-08-22 13:38:56,F029,Z,2,iter,0,feat,4607022,10006009, Quality Score Generation, 7.55386, sec
2023-08-22 13:39:10,639 [18] INFO  - 2023-08-22 13:39:01,F029,Z,2,iter,0,feat,4607022,10006009, Spots per feature calculation and feature filtration, 4.59577, sec
2023-08-22 13:39:10,639 [18] INFO  - 2023-08-22 13:39:08,F029,Z,2,iter,0,feat,4607022,10006009, Making Complete Code Target Calls, 6.83976, sec
2023-08-22 13:41:11,550 [18] INFO  - 2023-08-22 13:39:10,F029,Z,2,iter,0,feat,4607022,10006009, Target Call Location Estimation and iteration end update, 2.03816, sec
2023-08-22 13:41:11,550 [18] INFO  - 2023-08-22 13:39:10,F029,Z,2,iter,0,feat,4607022,10006009, Iteration summary generation, 0.042826, sec
2023-08-22 13:41:11,550 [18] INFO  - 2023-08-22 13:39:10,F029,Z,2,iter,0,feat,4607022,10006009, Iteration duration, 23.4802, sec
2023-08-22 13:41:11,550 [18] INFO  - 2023-08-22 13:39:12,F029,Z,2,iter,1,feat,4607022,10006009, Seed neighbor determination, 3.97685, sec
2023-08-22 13:41:11,550 [18] INFO  - 2023-08-22 13:39:14,F029,Z,2,iter,1,feat,4607022,10006009, Quality Score Generation, 8.04497, sec
2023-08-22 13:41:11,550 [18] INFO  - 2023-08-22 13:39:18,F029,Z,2,iter,1,feat,4607022,10006009, Spots per feature calculation and feature filtration, 3.40104, sec
2023-08-22 13:41:11,550 [18] INFO  - 2023-08-22 13:39:25,F029,Z,2,iter,1,feat,4607022,10006009, Making Complete Code Target Calls, 7.22175, sec
2023-08-22 13:41:11,550 [18] INFO  - 2023-08-22 13:39:26,F029,Z,2,iter,1,feat,4607022,10006009, Target Call Location Estimation and iteration end update, 0.944064, sec
2023-08-22 13:41:11,550 [18] INFO  - 2023-08-22 13:39:27,F029,Z,2,iter,1,feat,4607022,10006009, Iteration summary generation, 0.883134, sec
2023-08-22 13:41:11,550 [18] INFO  - 2023-08-22 13:39:27,F029,Z,2,iter,1,feat,4607022,10006009, Iteration duration, 22.7156, sec
2023-08-22 13:41:11,550 [18] INFO  - 2023-08-22 13:39:27,F029,Z,2,iter,1,feat,4607022,10006009, Z slice processing duration, 56.9244, sec
2023-08-22 13:41:11,550 [18] INFO  - 2023-08-22 13:39:40,F029,Z,3,iter,0,feat,4163780,14169789, Spot file data loading and filtration , 11.0799, sec
2023-08-22 13:41:11,550 [18] INFO  - 2023-08-22 13:39:42,F029,Z,3,iter,0,feat,4163780,14169789, Seed neighbor determination, 4.0942, sec
2023-08-22 13:41:11,550 [18] INFO  - 2023-08-22 13:39:44,F029,Z,3,iter,0,feat,4163780,14169789, Quality Score Generation, 8.67748, sec
2023-08-22 13:41:11,550 [18] INFO  - 2023-08-22 13:39:49,F029,Z,3,iter,0,feat,4163780,14169789, Spots per feature calculation and feature filtration, 4.3703, sec
2023-08-22 13:41:11,550 [18] INFO  - 2023-08-22 13:39:56,F029,Z,3,iter,0,feat,4163780,14169789, Making Complete Code Target Calls, 7.31454, sec
2023-08-22 13:41:11,550 [18] INFO  - 2023-08-22 13:39:58,F029,Z,3,iter,0,feat,4163780,14169789, Target Call Location Estimation and iteration end update, 2.04274, sec
2023-08-22 13:41:11,550 [18] INFO  - 2023-08-22 13:39:58,F029,Z,3,iter,0,feat,4163780,14169789, Iteration summary generation, 0.042197, sec
2023-08-22 13:41:11,550 [18] INFO  - 2023-08-22 13:39:58,F029,Z,3,iter,0,feat,4163780,14169789, Iteration duration, 24.8114, sec
2023-08-22 13:41:11,550 [25] INFO  - 2023-08-22 13:40:00,F029,Z,3,iter,1,feat,4163780,14169789, Seed neighbor determination, 3.65331, sec
2023-08-22 13:41:11,550 [25] INFO  - 2023-08-22 13:40:03,F029,Z,3,iter,1,feat,4163780,14169789, Quality Score Generation, 9.96668, sec
2023-08-22 13:41:11,550 [25] INFO  - 2023-08-22 13:40:06,F029,Z,3,iter,1,feat,4163780,14169789, Spots per feature calculation and feature filtration, 3.23281, sec
2023-08-22 13:41:11,550 [25] INFO  - 2023-08-22 13:40:15,F029,Z,3,iter,1,feat,4163780,14169789, Making Complete Code Target Calls, 8.18798, sec
2023-08-22 13:41:11,550 [25] INFO  - 2023-08-22 13:40:16,F029,Z,3,iter,1,feat,4163780,14169789, Target Call Location Estimation and iteration end update, 1.14285, sec
2023-08-22 13:41:11,550 [25] INFO  - 2023-08-22 13:40:16,F029,Z,3,iter,1,feat,4163780,14169789, Iteration summary generation, 0.785063, sec
2023-08-22 13:41:11,550 [25] INFO  - 2023-08-22 13:40:16,F029,Z,3,iter,1,feat,4163780,14169789, Iteration duration, 25.4008, sec
2023-08-22 13:41:11,550 [25] INFO  - 2023-08-22 13:40:16,F029,Z,3,iter,1,feat,4163780,14169789, Z slice processing duration, 63.3241, sec
2023-08-22 13:41:11,550 [25] INFO  - 2023-08-22 13:40:32,F029,Z,4,iter,0,feat,3841401,18011190, Spot file data loading and filtration , 13.7085, sec
2023-08-22 13:41:11,550 [25] INFO  - 2023-08-22 13:40:34,F029,Z,4,iter,0,feat,3841401,18011190, Seed neighbor determination, 3.96494, sec
2023-08-22 13:41:11,550 [25] INFO  - 2023-08-22 13:40:37,F029,Z,4,iter,0,feat,3841401,18011190, Quality Score Generation, 12.1452, sec
2023-08-22 13:41:11,550 [25] INFO  - 2023-08-22 13:40:43,F029,Z,4,iter,0,feat,3841401,18011190, Spots per feature calculation and feature filtration, 6.01631, sec
2023-08-22 13:41:11,550 [25] INFO  - 2023-08-22 13:40:50,F029,Z,4,iter,0,feat,3841401,18011190, Making Complete Code Target Calls, 6.31652, sec
2023-08-22 13:41:11,550 [25] INFO  - 2023-08-22 13:40:55,F029,Z,4,iter,0,feat,3841401,18011190, Target Call Location Estimation and iteration end update, 4.83785, sec
2023-08-22 13:41:11,550 [25] INFO  - 2023-08-22 13:40:55,F029,Z,4,iter,0,feat,3841401,18011190, Iteration summary generation, 0.057231, sec
2023-08-22 13:41:11,550 [25] INFO  - 2023-08-22 13:40:55,F029,Z,4,iter,0,feat,3841401,18011190, Iteration duration, 31.8642, sec
2023-08-22 13:41:11,550 [25] INFO  - 2023-08-22 13:40:57,F029,Z,4,iter,1,feat,3841401,18011190, Seed neighbor determination, 3.66999, sec
2023-08-22 13:41:11,550 [25] INFO  - 2023-08-22 13:41:00,F029,Z,4,iter,1,feat,3841401,18011190, Quality Score Generation, 10.8931, sec
2023-08-22 13:41:11,550 [25] INFO  - 2023-08-22 13:41:03,F029,Z,4,iter,1,feat,3841401,18011190, Spots per feature calculation and feature filtration, 3.01672, sec
2023-08-22 13:42:57,693 [23] INFO  - 2023-08-22 13:41:11,F029,Z,4,iter,1,feat,3841401,18011190, Making Complete Code Target Calls, 8.28128, sec
2023-08-22 13:42:57,693 [23] INFO  - 2023-08-22 13:41:12,F029,Z,4,iter,1,feat,3841401,18011190, Target Call Location Estimation and iteration end update, 0.781558, sec
2023-08-22 13:42:57,693 [23] INFO  - 2023-08-22 13:41:13,F029,Z,4,iter,1,feat,3841401,18011190, Iteration summary generation, 1.09473, sec
2023-08-22 13:42:57,693 [23] INFO  - 2023-08-22 13:41:13,F029,Z,4,iter,1,feat,3841401,18011190, Iteration duration, 26.2008, sec
2023-08-22 13:42:57,693 [23] INFO  - 2023-08-22 13:41:13,F029,Z,4,iter,1,feat,3841401,18011190, Z slice processing duration, 73.6745, sec
2023-08-22 13:42:57,693 [23] INFO  - 2023-08-22 13:41:26,F029,Z,5,iter,0,feat,3504443,21515633, Spot file data loading and filtration , 11.314, sec
2023-08-22 13:42:57,693 [23] INFO  - 2023-08-22 13:41:28,F029,Z,5,iter,0,feat,3504443,21515633, Seed neighbor determination, 3.62418, sec
2023-08-22 13:42:57,693 [23] INFO  - 2023-08-22 13:41:30,F029,Z,5,iter,0,feat,3504443,21515633, Quality Score Generation, 9.22603, sec
2023-08-22 13:42:57,693 [23] INFO  - 2023-08-22 13:41:36,F029,Z,5,iter,0,feat,3504443,21515633, Spots per feature calculation and feature filtration, 5.55664, sec
2023-08-22 13:42:57,693 [23] INFO  - 2023-08-22 13:41:46,F029,Z,5,iter,0,feat,3504443,21515633, Making Complete Code Target Calls, 9.31381, sec
2023-08-22 13:42:57,694 [23] INFO  - 2023-08-22 13:41:48,F029,Z,5,iter,0,feat,3504443,21515633, Target Call Location Estimation and iteration end update, 2.57758, sec
2023-08-22 13:42:57,694 [23] INFO  - 2023-08-22 13:41:48,F029,Z,5,iter,0,feat,3504443,21515633, Iteration summary generation, 0.036652, sec
2023-08-22 13:42:57,694 [23] INFO  - 2023-08-22 13:41:48,F029,Z,5,iter,0,feat,3504443,21515633, Iteration duration, 28.9878, sec
2023-08-22 13:42:57,694 [23] INFO  - 2023-08-22 13:41:50,F029,Z,5,iter,1,feat,3504443,21515633, Seed neighbor determination, 3.42734, sec
2023-08-22 13:42:57,694 [23] INFO  - 2023-08-22 13:41:53,F029,Z,5,iter,1,feat,3504443,21515633, Quality Score Generation, 11.1525, sec
2023-08-22 13:42:57,694 [23] INFO  - 2023-08-22 13:41:56,F029,Z,5,iter,1,feat,3504443,21515633, Spots per feature calculation and feature filtration, 2.76702, sec
2023-08-22 13:42:57,694 [23] INFO  - 2023-08-22 13:42:01,F029,Z,5,iter,1,feat,3504443,21515633, Making Complete Code Target Calls, 5.48034, sec
2023-08-22 13:42:57,694 [23] INFO  - 2023-08-22 13:42:02,F029,Z,5,iter,1,feat,3504443,21515633, Target Call Location Estimation and iteration end update, 0.722211, sec
2023-08-22 13:42:57,694 [23] INFO  - 2023-08-22 13:42:03,F029,Z,5,iter,1,feat,3504443,21515633, Iteration summary generation, 0.966536, sec
2023-08-22 13:42:57,694 [29] INFO  - 2023-08-22 13:42:03,F029,Z,5,iter,1,feat,3504443,21515633, Iteration duration, 23.0411, sec
2023-08-22 13:42:57,694 [29] INFO  - 2023-08-22 13:42:03,F029,Z,5,iter,1,feat,3504443,21515633, Z slice processing duration, 65.2256, sec
2023-08-22 13:42:57,694 [29] INFO  - 2023-08-22 13:42:14,F029,Z,6,iter,0,feat,3207376,24723009, Spot file data loading and filtration , 9.45316, sec
2023-08-22 13:42:57,694 [29] INFO  - 2023-08-22 13:42:16,F029,Z,6,iter,0,feat,3207376,24723009, Seed neighbor determination, 3.43322, sec
2023-08-22 13:42:57,694 [29] INFO  - 2023-08-22 13:42:19,F029,Z,6,iter,0,feat,3207376,24723009, Quality Score Generation, 9.75436, sec
2023-08-22 13:42:57,694 [29] INFO  - 2023-08-22 13:42:23,F029,Z,6,iter,0,feat,3207376,24723009, Spots per feature calculation and feature filtration, 4.02825, sec
2023-08-22 13:42:57,694 [29] INFO  - 2023-08-22 13:42:29,F029,Z,6,iter,0,feat,3207376,24723009, Making Complete Code Target Calls, 5.86708, sec
2023-08-22 13:42:57,694 [29] INFO  - 2023-08-22 13:42:30,F029,Z,6,iter,0,feat,3207376,24723009, Target Call Location Estimation and iteration end update, 1.39258, sec
2023-08-22 13:42:57,694 [29] INFO  - 2023-08-22 13:42:30,F029,Z,6,iter,0,feat,3207376,24723009, Iteration summary generation, 0.032867, sec
2023-08-22 13:42:57,694 [29] INFO  - 2023-08-22 13:42:30,F029,Z,6,iter,0,feat,3207376,24723009, Iteration duration, 23.1662, sec
2023-08-22 13:42:57,694 [29] INFO  - 2023-08-22 13:42:32,F029,Z,6,iter,1,feat,3207376,24723009, Seed neighbor determination, 2.96241, sec
2023-08-22 13:42:57,694 [29] INFO  - 2023-08-22 13:42:34,F029,Z,6,iter,1,feat,3207376,24723009, Quality Score Generation, 9.04669, sec
2023-08-22 13:42:57,694 [29] INFO  - 2023-08-22 13:42:38,F029,Z,6,iter,1,feat,3207376,24723009, Spots per feature calculation and feature filtration, 4.0584, sec
2023-08-22 13:42:57,694 [29] INFO  - 2023-08-22 13:42:43,F029,Z,6,iter,1,feat,3207376,24723009, Making Complete Code Target Calls, 4.54625, sec
2023-08-22 13:42:57,694 [29] INFO  - 2023-08-22 13:42:43,F029,Z,6,iter,1,feat,3207376,24723009, Target Call Location Estimation and iteration end update, 0.596684, sec
2023-08-22 13:42:57,694 [29] INFO  - 2023-08-22 13:42:44,F029,Z,6,iter,1,feat,3207376,24723009, Iteration summary generation, 0.613115, sec
2023-08-22 13:42:57,694 [29] INFO  - 2023-08-22 13:42:44,F029,Z,6,iter,1,feat,3207376,24723009, Iteration duration, 20.5078, sec
2023-08-22 13:42:57,694 [29] INFO  - 2023-08-22 13:42:44,F029,Z,6,iter,1,feat,3207376,24723009, Z slice processing duration, 54.876, sec
2023-08-22 13:42:57,694 [29] INFO  - 2023-08-22 13:42:56,F029,Z,7,iter,0,feat,3016652,27739661, Spot file data loading and filtration , 9.99128, sec
2023-08-22 13:43:52,692 [29] INFO  - 2023-08-22 13:42:57,F029,Z,7,iter,0,feat,3016652,27739661, Seed neighbor determination, 2.98672, sec
2023-08-22 13:43:52,692 [29] INFO  - 2023-08-22 13:43:00,F029,Z,7,iter,0,feat,3016652,27739661, Quality Score Generation, 9.35075, sec
2023-08-22 13:43:52,692 [29] INFO  - 2023-08-22 13:43:04,F029,Z,7,iter,0,feat,3016652,27739661, Spots per feature calculation and feature filtration, 3.91116, sec
2023-08-22 13:43:52,692 [29] INFO  - 2023-08-22 13:43:11,F029,Z,7,iter,0,feat,3016652,27739661, Making Complete Code Target Calls, 6.82959, sec
2023-08-22 13:43:52,692 [29] INFO  - 2023-08-22 13:43:12,F029,Z,7,iter,0,feat,3016652,27739661, Target Call Location Estimation and iteration end update, 1.80628, sec
2023-08-22 13:43:52,692 [29] INFO  - 2023-08-22 13:43:12,F029,Z,7,iter,0,feat,3016652,27739661, Iteration summary generation, 0.025291, sec
2023-08-22 13:43:52,692 [29] INFO  - 2023-08-22 13:43:12,F029,Z,7,iter,0,feat,3016652,27739661, Iteration duration, 23.7072, sec
2023-08-22 13:43:52,692 [29] INFO  - 2023-08-22 13:43:14,F029,Z,7,iter,1,feat,3016652,27739661, Seed neighbor determination, 2.81923, sec
2023-08-22 13:43:52,692 [29] INFO  - 2023-08-22 13:43:16,F029,Z,7,iter,1,feat,3016652,27739661, Quality Score Generation, 7.46704, sec
2023-08-22 13:43:52,693 [29] INFO  - 2023-08-22 13:43:18,F029,Z,7,iter,1,feat,3016652,27739661, Spots per feature calculation and feature filtration, 2.80005, sec
2023-08-22 13:43:52,693 [29] INFO  - 2023-08-22 13:43:23,F029,Z,7,iter,1,feat,3016652,27739661, Making Complete Code Target Calls, 4.15716, sec
2023-08-22 13:43:52,693 [29] INFO  - 2023-08-22 13:43:24,F029,Z,7,iter,1,feat,3016652,27739661, Target Call Location Estimation and iteration end update, 0.942549, sec
2023-08-22 13:43:52,693 [29] INFO  - 2023-08-22 13:43:24,F029,Z,7,iter,1,feat,3016652,27739661, Iteration summary generation, 0.448922, sec
2023-08-22 13:43:52,693 [29] INFO  - 2023-08-22 13:43:24,F029,Z,7,iter,1,feat,3016652,27739661, Iteration duration, 17.4545, sec
2023-08-22 13:43:52,693 [29] INFO  - 2023-08-22 13:43:24,F029,Z,7,iter,1,feat,3016652,27739661, Z slice processing duration, 52.6616, sec
2023-08-22 13:43:52,693 [29] INFO  - 2023-08-22 13:43:32,F029,Z,8,iter,0,feat,2592791,30332452, Spot file data loading and filtration , 5.91038, sec
2023-08-22 13:43:52,693 [29] INFO  - 2023-08-22 13:43:33,F029,Z,8,iter,0,feat,2592791,30332452, Seed neighbor determination, 2.88824, sec
2023-08-22 13:43:52,693 [29] INFO  - 2023-08-22 13:43:35,F029,Z,8,iter,0,feat,2592791,30332452, Quality Score Generation, 5.54793, sec
2023-08-22 13:43:52,693 [29] INFO  - 2023-08-22 13:43:37,F029,Z,8,iter,0,feat,2592791,30332452, Spots per feature calculation and feature filtration, 2.61999, sec
2023-08-22 13:43:52,693 [29] INFO  - 2023-08-22 13:43:41,F029,Z,8,iter,0,feat,2592791,30332452, Making Complete Code Target Calls, 3.32596, sec
2023-08-22 13:43:52,693 [29] INFO  - 2023-08-22 13:43:42,F029,Z,8,iter,0,feat,2592791,30332452, Target Call Location Estimation and iteration end update, 0.966395, sec
2023-08-22 13:43:52,693 [29] INFO  - 2023-08-22 13:43:42,F029,Z,8,iter,0,feat,2592791,30332452, Iteration summary generation, 0.017272, sec
2023-08-22 13:43:52,693 [29] INFO  - 2023-08-22 13:43:42,F029,Z,8,iter,0,feat,2592791,30332452, Iteration duration, 14.1138, sec
2023-08-22 13:43:52,693 [29] INFO  - 2023-08-22 13:43:43,F029,Z,8,iter,1,feat,2592791,30332452, Seed neighbor determination, 2.35747, sec
2023-08-22 13:43:52,693 [29] INFO  - 2023-08-22 13:43:45,F029,Z,8,iter,1,feat,2592791,30332452, Quality Score Generation, 7.3789, sec
2023-08-22 13:43:52,693 [29] INFO  - 2023-08-22 13:43:48,F029,Z,8,iter,1,feat,2592791,30332452, Spots per feature calculation and feature filtration, 2.83478, sec
2023-08-22 13:43:52,693 [29] INFO  - 2023-08-22 13:43:51,F029,Z,8,iter,1,feat,2592791,30332452, Making Complete Code Target Calls, 3.37032, sec
2023-08-22 13:43:52,693 [29] INFO  - 2023-08-22 13:43:52,F029,Z,8,iter,1,feat,2592791,30332452, Target Call Location Estimation and iteration end update, 0.472476, sec
2023-08-22 13:43:52,693 [29] INFO  - 2023-08-22 13:43:52,F029,Z,8,iter,1,feat,2592791,30332452, Iteration summary generation, 0.291962, sec
2023-08-22 13:43:52,693 [29] INFO  - 2023-08-22 13:43:52,F029,Z,8,iter,1,feat,2592791,30332452, Iteration duration, 15.726, sec
2023-08-22 13:43:52,693 [29] INFO  - 2023-08-22 13:43:52,F029,Z,8,iter,1,feat,2592791,30332452, Z slice processing duration, 37.1765, sec
2023-08-22 13:43:52,693 [29] INFO  - 2023-08-22 13:43:52,F029,Z,9,iter,0,feat,105748,30438200, Spot file data loading and filtration , -1.07754, sec
2023-08-22 13:43:52,693 [29] INFO  - 2023-08-22 13:43:52,F029,Z,9,iter,0,feat,105748,30438200, Seed neighbor determination, 0.094244, sec
2023-08-22 13:43:52,693 [29] INFO  - 2023-08-22 13:43:52,F029,Z,9,iter,0,feat,105748,30438200, Quality Score Generation, 0.123918, sec
2023-08-22 13:43:52,693 [29] INFO  - 2023-08-22 13:43:52,F029,Z,9,iter,0,feat,105748,30438200, Spots per feature calculation and feature filtration, 0.10504, sec
2023-08-22 13:43:52,693 [29] INFO  - 2023-08-22 13:43:52,F029,Z,9,iter,0,feat,105748,30438200, Making Complete Code Target Calls, 0.010007, sec
2023-08-22 13:43:52,693 [29] INFO  - 2023-08-22 13:43:52,F029,Z,9,iter,0,feat,105748,30438200, Target Call Location Estimation and iteration end update, 0.002403, sec
2023-08-22 13:43:52,693 [29] INFO  - 2023-08-22 13:43:52,F029,Z,9,iter,0,feat,105748,30438200, Iteration summary generation, 0.000207, sec
2023-08-22 13:43:55,381 [29] INFO  - 2023-08-22 13:43:52,F029,Z,9,iter,0,feat,105748,30438200, Iteration duration, 0.3054, sec
2023-08-22 13:43:55,381 [29] INFO  - 2023-08-22 13:43:52,F029,Z,9,iter,1,feat,105748,30438200, Seed neighbor determination, 0.101012, sec
2023-08-22 13:43:55,381 [29] INFO  - 2023-08-22 13:43:52,F029,Z,9,iter,1,feat,105748,30438200, Quality Score Generation, 0.185959, sec
2023-08-22 13:43:55,381 [29] INFO  - 2023-08-22 13:43:52,F029,Z,9,iter,1,feat,105748,30438200, Spots per feature calculation and feature filtration, 0.106957, sec
2023-08-22 13:43:55,381 [29] INFO  - 2023-08-22 13:43:52,F029,Z,9,iter,1,feat,105748,30438200, Making Complete Code Target Calls, 0.010163, sec
2023-08-22 13:43:55,381 [29] INFO  - 2023-08-22 13:43:52,F029,Z,9,iter,1,feat,105748,30438200, Target Call Location Estimation and iteration end update, 0.000554, sec
2023-08-22 13:43:55,381 [29] INFO  - 2023-08-22 13:43:52,F029,Z,9,iter,1,feat,105748,30438200, Iteration summary generation, 0.001551, sec
2023-08-22 13:43:55,381 [29] INFO  - 2023-08-22 13:43:52,F029,Z,9,iter,1,feat,105748,30438200, Iteration duration, 0.37569, sec
2023-08-22 13:43:55,381 [29] INFO  - 2023-08-22 13:43:52,F029,Z,9,iter,1,feat,105748,30438200, Z slice processing duration, 0.782481, sec
2023-08-22 13:43:55,381 [29] INFO  - 2023-08-22 13:43:55,F029,Z,9,iter,1,feat,105748,30438200, FOV processing duration (final) , 463.05, sec
2023-08-22 13:43:55,396 [31] INFO  - Exited
2023-08-22 13:43:55,396 [31] INFO  - System.EventArgs
2023-08-22 13:43:55,397 [31] INFO  - { }
2023-08-22 13:43:55,398 [1] INFO  - mtmc run complete
2023-08-22 13:43:55,398 [1] INFO  - Zipping and uploading results...
2023-08-22 13:43:55,399 [1] INFO  - Uploading mtm results to storage.
2023-08-22 13:43:55,400 [1] INFO  - Start uploading /app/out/FOV029 to 892d9dcc-e56d-475c-8dee-2c395064223d/2302H0033/c9d29823-a69c-4328-a6b9-53e2b78fa3e3/Run_76ed1d6b-57d6-4076-9a09-09a6f1ded693_20230817_2302h0033_ControlCenter/20230817_175305/20230817_175305_S1/AnalysisResults/oxdwyv2woj/FOV029
2023-08-22 13:43:55,400 [1] INFO  - Executing with retries set to: 10
2023-08-22 13:43:57,154 [1] INFO  - Upload /app/out/FOV029 finished
2023-08-22 13:43:57,154 [1] INFO  - Results uploaded.
2023-08-22 13:43:57,154 [1] INFO  - All done
2023-08-22 13:43:57,154 [1] INFO  - Executing with retries set to: 10
2023-08-22 13:43:57,155 [1] INFO  - Setting fov oxdwyv2woj-l8sdl into status Completed
2023-08-22 13:43:57,168 [1] INFO  - Saving a fov processing run: oxdwyv2woj-l8sdl
2023-08-22 13:43:57,168 [1] INFO  - Updating an existing fov run.
2023-08-22 13:43:57,169 [1] INFO  - Uploading logs
2023-08-22 13:43:57,170 [1] INFO  - Start uploading 892d9dcc-e56d-475c-8dee-2c395064223d/2302H0033/c9d29823-a69c-4328-a6b9-53e2b78fa3e3/Run_76ed1d6b-57d6-4076-9a09-09a6f1ded693_20230817_2302h0033_ControlCenter/20230817_175305/20230817_175305_S1/AnalysisResults/oxdwyv2woj/FOV029/mtm-run.log
