2023-08-22 13:41:45,125 [1] INFO  - Using bucket s3-euw1-eu2-datarepository-eu2-eu2-kcl-01 and region eu-west-1
2023-08-22 13:41:45,161 [1] INFO  - Using role to access S3
2023-08-22 13:41:45,359 [1] INFO  - ===============================
2023-08-22 13:41:45,359 [1] INFO  - build info: 
commit 1860d865ce7409a4b25d5549a62e2b7be0a93d33
Author: alexander-serebriyan <alexander.serebriyan@teamdev.com>
Date:   Fri Feb 10 15:42:48 2023 +0100

    Add UAT env for ECR pushing.

Build done on: Fri Feb 10 14:46:39 UTC 2023
Version: 20230210.1

2023-08-22 13:41:45,360 [1] INFO  - ===============================
2023-08-22 13:41:45,360 [1] INFO  - Starting the job. Results will be uploaded to: 892d9dcc-e56d-475c-8dee-2c395064223d/2302H0033/c9d29823-a69c-4328-a6b9-53e2b78fa3e3/Run_76ed1d6b-57d6-4076-9a09-09a6f1ded693_20230817_2302h0033_ControlCenter/20230817_175305/20230817_175305_S1/AnalysisResults/oxdwyv2woj/FOV010
2023-08-22 13:41:45,360 [1] INFO  - Checking FOV status. Ref: oxdwyv2woj-6hes7, ID: 892d9dcc-e56d-475c-8dee-2c395064223d/2302H0033/c9d29823-a69c-4328-a6b9-53e2b78fa3e3/Run_76ed1d6b-57d6-4076-9a09-09a6f1ded693_20230817_2302h0033_ControlCenter/20230817_175305/20230817_175305_S1/SpotFiles/FOV010/
2023-08-22 13:41:45,507 [1] INFO  - Executing with retries set to: 10
2023-08-22 13:41:45,507 [1] INFO  - Setting fov oxdwyv2woj-6hes7 into status InProgress
2023-08-22 13:41:45,509 [1] INFO  - Saving a fov processing run: oxdwyv2woj-6hes7
2023-08-22 13:41:45,509 [1] INFO  - Updating an existing fov run.
2023-08-22 13:41:45,542 [1] INFO  - Downloading FOV using next path: 892d9dcc-e56d-475c-8dee-2c395064223d/2302H0033/c9d29823-a69c-4328-a6b9-53e2b78fa3e3/Run_76ed1d6b-57d6-4076-9a09-09a6f1ded693_20230817_2302h0033_ControlCenter/20230817_175305/20230817_175305_S1/SpotFiles/FOV010/
2023-08-22 13:41:45,542 [1] INFO  - Start downloading 892d9dcc-e56d-475c-8dee-2c395064223d/2302H0033/c9d29823-a69c-4328-a6b9-53e2b78fa3e3/Run_76ed1d6b-57d6-4076-9a09-09a6f1ded693_20230817_2302h0033_ControlCenter/20230817_175305/20230817_175305_S1/SpotFiles/FOV010/
2023-08-22 13:41:45,542 [1] INFO  - Executing with retries set to: 10
2023-08-22 13:45:11,995 [1] INFO  - Download 892d9dcc-e56d-475c-8dee-2c395064223d/2302H0033/c9d29823-a69c-4328-a6b9-53e2b78fa3e3/Run_76ed1d6b-57d6-4076-9a09-09a6f1ded693_20230817_2302h0033_ControlCenter/20230817_175305/20230817_175305_S1/SpotFiles/FOV010/ complete
2023-08-22 13:45:11,995 [1] INFO  - Custom plex file specified. The default one will be overriden.
2023-08-22 13:45:11,995 [1] INFO  - Downloading plex file using next path: 892d9dcc-e56d-475c-8dee-2c395064223d/2302H0033/c9d29823-a69c-4328-a6b9-53e2b78fa3e3/Run_76ed1d6b-57d6-4076-9a09-09a6f1ded693_20230817_2302h0033_ControlCenter/20230817_175305/20230817_175305_S1/plex-oxdwyv2woj.txt
2023-08-22 13:45:11,995 [1] INFO  - Downloading 892d9dcc-e56d-475c-8dee-2c395064223d/2302H0033/c9d29823-a69c-4328-a6b9-53e2b78fa3e3/Run_76ed1d6b-57d6-4076-9a09-09a6f1ded693_20230817_2302h0033_ControlCenter/20230817_175305/20230817_175305_S1/plex-oxdwyv2woj.txt
2023-08-22 13:45:12,114 [1] INFO  - Download 892d9dcc-e56d-475c-8dee-2c395064223d/2302H0033/c9d29823-a69c-4328-a6b9-53e2b78fa3e3/Run_76ed1d6b-57d6-4076-9a09-09a6f1ded693_20230817_2302h0033_ControlCenter/20230817_175305/20230817_175305_S1/plex-oxdwyv2woj.txt finished
2023-08-22 13:45:12,114 [1] INFO  - No user params file specified. Trying to use the one from the storage.
2023-08-22 13:45:12,114 [1] INFO  - Downloading params file using next path: 892d9dcc-e56d-475c-8dee-2c395064223d/2302H0033/c9d29823-a69c-4328-a6b9-53e2b78fa3e3/Run_76ed1d6b-57d6-4076-9a09-09a6f1ded693_20230817_2302h0033_ControlCenter/20230817_175305/20230817_175305_S1/analysis_params_v6.txt
2023-08-22 13:45:12,114 [1] INFO  - Downloading 892d9dcc-e56d-475c-8dee-2c395064223d/2302H0033/c9d29823-a69c-4328-a6b9-53e2b78fa3e3/Run_76ed1d6b-57d6-4076-9a09-09a6f1ded693_20230817_2302h0033_ControlCenter/20230817_175305/20230817_175305_S1/analysis_params_v6.txt
2023-08-22 13:45:12,143 [1] ERROR -    at Amazon.Runtime.Internal.HttpErrorResponseExceptionHandler.HandleExceptionStream(IRequestContext requestContext, IWebResponseData httpErrorResponse, HttpErrorResponseException exception, Stream responseStream)
   at Amazon.Runtime.Internal.HttpErrorResponseExceptionHandler.HandleExceptionAsync(IExecutionContext executionContext, HttpErrorResponseException exception)
   at Amazon.Runtime.Internal.ExceptionHandler`1.HandleAsync(IExecutionContext executionContext, Exception exception)
   at Amazon.Runtime.Internal.ErrorHandler.ProcessExceptionAsync(IExecutionContext executionContext, Exception exception)
   at Amazon.Runtime.Internal.ErrorHandler.InvokeAsync[T](IExecutionContext executionContext)
   at Amazon.Runtime.Internal.CallbackHandler.InvokeAsync[T](IExecutionContext executionContext)
   at Amazon.Runtime.Internal.EndpointDiscoveryHandler.InvokeAsync[T](IExecutionContext executionContext)
   at Amazon.Runtime.Internal.EndpointDiscoveryHandler.InvokeAsync[T](IExecutionContext executionContext)
   at Amazon.Runtime.Internal.CredentialsRetriever.InvokeAsync[T](IExecutionContext executionContext)
   at Amazon.Runtime.Internal.RetryHandler.InvokeAsync[T](IExecutionContext executionContext)
   at Amazon.Runtime.Internal.RetryHandler.InvokeAsync[T](IExecutionContext executionContext)
   at Amazon.Runtime.Internal.CallbackHandler.InvokeAsync[T](IExecutionContext executionContext)
   at Amazon.Runtime.Internal.CallbackHandler.InvokeAsync[T](IExecutionContext executionContext)
   at Amazon.S3.Internal.AmazonS3ExceptionHandler.InvokeAsync[T](IExecutionContext executionContext)
   at Amazon.Runtime.Internal.ErrorCallbackHandler.InvokeAsync[T](IExecutionContext executionContext)
   at Amazon.Runtime.Internal.MetricsHandler.InvokeAsync[T](IExecutionContext executionContext)
   at Amazon.S3.Transfer.Internal.DownloadCommand.ExecuteAsync(CancellationToken cancellationToken)
   at Amazon.S3.Transfer.TransferUtility.Download(String filePath, String bucketName, String key)
   at Core.S3FileStorageService.DownloadFile(String remoteFilePath, String localFilePath) in /src/Core/S3FileStorageService.cs:line 67
   at MTMCWorker.Service.Impl.MtmcWorker.FetchParamsFile(String paramsFileRef, String flowCellPath) in /src/MTMCWorker/Service/Impl/MtmcWorker.cs:line 297
2023-08-22 13:45:12,144 [1] INFO  - Can't download params file next to nBCDir. Using the default one.
Amazon.S3.AmazonS3Exception: The specified key does not exist.
 ---> Amazon.Runtime.Internal.HttpErrorResponseException: Exception of type 'Amazon.Runtime.Internal.HttpErrorResponseException' was thrown.
   at Amazon.Runtime.HttpWebRequestMessage.GetResponseAsync(CancellationToken cancellationToken)
   at Amazon.Runtime.Internal.HttpHandler`1.InvokeAsync[T](IExecutionContext executionContext)
   at Amazon.Runtime.Internal.RedirectHandler.InvokeAsync[T](IExecutionContext executionContext)
   at Amazon.Runtime.Internal.Unmarshaller.InvokeAsync[T](IExecutionContext executionContext)
   at Amazon.S3.Internal.AmazonS3ResponseHandler.InvokeAsync[T](IExecutionContext executionContext)
   at Amazon.Runtime.Internal.ErrorHandler.InvokeAsync[T](IExecutionContext executionContext)
   --- End of inner exception stack trace ---
   at Amazon.Runtime.Internal.HttpErrorResponseExceptionHandler.HandleExceptionStream(IRequestContext requestContext, IWebResponseData httpErrorResponse, HttpErrorResponseException exception, Stream responseStream)
   at Amazon.Runtime.Internal.HttpErrorResponseExceptionHandler.HandleExceptionAsync(IExecutionContext executionContext, HttpErrorResponseException exception)
   at Amazon.Runtime.Internal.ExceptionHandler`1.HandleAsync(IExecutionContext executionContext, Exception exception)
   at Amazon.Runtime.Internal.ErrorHandler.ProcessExceptionAsync(IExecutionContext executionContext, Exception exception)
   at Amazon.Runtime.Internal.ErrorHandler.InvokeAsync[T](IExecutionContext executionContext)
   at Amazon.Runtime.Internal.CallbackHandler.InvokeAsync[T](IExecutionContext executionContext)
   at Amazon.Runtime.Internal.EndpointDiscoveryHandler.InvokeAsync[T](IExecutionContext executionContext)
   at Amazon.Runtime.Internal.EndpointDiscoveryHandler.InvokeAsync[T](IExecutionContext executionContext)
   at Amazon.Runtime.Internal.CredentialsRetriever.InvokeAsync[T](IExecutionContext executionContext)
   at Amazon.Runtime.Internal.RetryHandler.InvokeAsync[T](IExecutionContext executionContext)
   at Amazon.Runtime.Internal.RetryHandler.InvokeAsync[T](IExecutionContext executionContext)
   at Amazon.Runtime.Internal.CallbackHandler.InvokeAsync[T](IExecutionContext executionContext)
   at Amazon.Runtime.Internal.CallbackHandler.InvokeAsync[T](IExecutionContext executionContext)
   at Amazon.S3.Internal.AmazonS3ExceptionHandler.InvokeAsync[T](IExecutionContext executionContext)
   at Amazon.Runtime.Internal.ErrorCallbackHandler.InvokeAsync[T](IExecutionContext executionContext)
   at Amazon.Runtime.Internal.MetricsHandler.InvokeAsync[T](IExecutionContext executionContext)
   at Amazon.S3.Transfer.Internal.DownloadCommand.ExecuteAsync(CancellationToken cancellationToken)
   at Amazon.S3.Transfer.TransferUtility.Download(String filePath, String bucketName, String key)
   at Core.S3FileStorageService.DownloadFile(String remoteFilePath, String localFilePath) in /src/Core/S3FileStorageService.cs:line 67
   at MTMCWorker.Service.Impl.MtmcWorker.FetchParamsFile(String paramsFileRef, String flowCellPath) in /src/MTMCWorker/Service/Impl/MtmcWorker.cs:line 297
2023-08-22 13:45:12,146 [1] INFO  - Fetching CellStatsDir folder data...
2023-08-22 13:45:12,218 [1] INFO  - Downloading 892d9dcc-e56d-475c-8dee-2c395064223d/2302H0033/c9d29823-a69c-4328-a6b9-53e2b78fa3e3/Run_76ed1d6b-57d6-4076-9a09-09a6f1ded693_20230817_2302h0033_ControlCenter/20230817_175305/20230817_175305_S1/CellStatsDir/CellComposite/CellComposite_F010.jpg
2023-08-22 13:45:12,387 [1] INFO  - Download 892d9dcc-e56d-475c-8dee-2c395064223d/2302H0033/c9d29823-a69c-4328-a6b9-53e2b78fa3e3/Run_76ed1d6b-57d6-4076-9a09-09a6f1ded693_20230817_2302h0033_ControlCenter/20230817_175305/20230817_175305_S1/CellStatsDir/CellComposite/CellComposite_F010.jpg finished
2023-08-22 13:45:12,387 [1] INFO  - Downloading 892d9dcc-e56d-475c-8dee-2c395064223d/2302H0033/c9d29823-a69c-4328-a6b9-53e2b78fa3e3/Run_76ed1d6b-57d6-4076-9a09-09a6f1ded693_20230817_2302h0033_ControlCenter/20230817_175305/20230817_175305_S1/CellStatsDir/CellOverlay/CellOverlay_F010.jpg
2023-08-22 13:45:12,693 [1] INFO  - Download 892d9dcc-e56d-475c-8dee-2c395064223d/2302H0033/c9d29823-a69c-4328-a6b9-53e2b78fa3e3/Run_76ed1d6b-57d6-4076-9a09-09a6f1ded693_20230817_2302h0033_ControlCenter/20230817_175305/20230817_175305_S1/CellStatsDir/CellOverlay/CellOverlay_F010.jpg finished
2023-08-22 13:45:12,693 [1] INFO  - Downloading 892d9dcc-e56d-475c-8dee-2c395064223d/2302H0033/c9d29823-a69c-4328-a6b9-53e2b78fa3e3/Run_76ed1d6b-57d6-4076-9a09-09a6f1ded693_20230817_2302h0033_ControlCenter/20230817_175305/20230817_175305_S1/CellStatsDir/FOV010/CellLabels_F010.tif
2023-08-22 13:45:12,881 [1] INFO  - Download 892d9dcc-e56d-475c-8dee-2c395064223d/2302H0033/c9d29823-a69c-4328-a6b9-53e2b78fa3e3/Run_76ed1d6b-57d6-4076-9a09-09a6f1ded693_20230817_2302h0033_ControlCenter/20230817_175305/20230817_175305_S1/CellStatsDir/FOV010/CellLabels_F010.tif finished
2023-08-22 13:45:12,881 [1] INFO  - Downloading 892d9dcc-e56d-475c-8dee-2c395064223d/2302H0033/c9d29823-a69c-4328-a6b9-53e2b78fa3e3/Run_76ed1d6b-57d6-4076-9a09-09a6f1ded693_20230817_2302h0033_ControlCenter/20230817_175305/20230817_175305_S1/CellStatsDir/FOV010/CompartmentLabels_F010.tif
2023-08-22 13:45:13,174 [1] INFO  - Download 892d9dcc-e56d-475c-8dee-2c395064223d/2302H0033/c9d29823-a69c-4328-a6b9-53e2b78fa3e3/Run_76ed1d6b-57d6-4076-9a09-09a6f1ded693_20230817_2302h0033_ControlCenter/20230817_175305/20230817_175305_S1/CellStatsDir/FOV010/CompartmentLabels_F010.tif finished
2023-08-22 13:45:13,174 [1] INFO  - Downloading 892d9dcc-e56d-475c-8dee-2c395064223d/2302H0033/c9d29823-a69c-4328-a6b9-53e2b78fa3e3/Run_76ed1d6b-57d6-4076-9a09-09a6f1ded693_20230817_2302h0033_ControlCenter/20230817_175305/20230817_175305_S1/CellStatsDir/FOV010/Run_76ed1d6b-57d6-4076-9a09-09a6f1ded693_20230817_175305_S1_Cell_Stats_F010.csv
2023-08-22 13:45:13,337 [1] INFO  - Download 892d9dcc-e56d-475c-8dee-2c395064223d/2302H0033/c9d29823-a69c-4328-a6b9-53e2b78fa3e3/Run_76ed1d6b-57d6-4076-9a09-09a6f1ded693_20230817_2302h0033_ControlCenter/20230817_175305/20230817_175305_S1/CellStatsDir/FOV010/Run_76ed1d6b-57d6-4076-9a09-09a6f1ded693_20230817_175305_S1_Cell_Stats_F010.csv finished
2023-08-22 13:45:13,338 [1] INFO  - Downloading 892d9dcc-e56d-475c-8dee-2c395064223d/2302H0033/c9d29823-a69c-4328-a6b9-53e2b78fa3e3/Run_76ed1d6b-57d6-4076-9a09-09a6f1ded693_20230817_2302h0033_ControlCenter/20230817_175305/20230817_175305_S1/CellStatsDir/Morphology2D/20230817_175305_S1_C902_P99_N99_F010.TIF
2023-08-22 13:45:14,295 [1] INFO  - Download 892d9dcc-e56d-475c-8dee-2c395064223d/2302H0033/c9d29823-a69c-4328-a6b9-53e2b78fa3e3/Run_76ed1d6b-57d6-4076-9a09-09a6f1ded693_20230817_2302h0033_ControlCenter/20230817_175305/20230817_175305_S1/CellStatsDir/Morphology2D/20230817_175305_S1_C902_P99_N99_F010.TIF finished
2023-08-22 13:45:14,295 [1] INFO  - Downloading 892d9dcc-e56d-475c-8dee-2c395064223d/2302H0033/c9d29823-a69c-4328-a6b9-53e2b78fa3e3/Run_76ed1d6b-57d6-4076-9a09-09a6f1ded693_20230817_2302h0033_ControlCenter/20230817_175305/20230817_175305_S1/CellStatsDir/RnD/Run_76ed1d6b-57d6-4076-9a09-09a6f1ded693_20230817_175305_S1_Summary_F010.csv
2023-08-22 13:45:14,432 [1] INFO  - Download 892d9dcc-e56d-475c-8dee-2c395064223d/2302H0033/c9d29823-a69c-4328-a6b9-53e2b78fa3e3/Run_76ed1d6b-57d6-4076-9a09-09a6f1ded693_20230817_2302h0033_ControlCenter/20230817_175305/20230817_175305_S1/CellStatsDir/RnD/Run_76ed1d6b-57d6-4076-9a09-09a6f1ded693_20230817_175305_S1_Summary_F010.csv finished
2023-08-22 13:45:14,432 [1] INFO  - CellStatsDir data download complete.
2023-08-22 13:45:14,432 [1] INFO  - FOV downloaded successfully.
2023-08-22 13:45:14,432 [1] INFO  - Preparing dirs structure for mtmc
2023-08-22 13:45:14,433 [1] INFO  - Preparing mtmc input. FOV dir: FOV010
2023-08-22 13:45:14,435 [1] INFO  - Running mtmc...
2023-08-22 13:45:14,441 [5] INFO  - directory: "/app/input_data/"
2023-08-22 13:45:14,675 [5] INFO  - directory: "/app/out/FOV010/"
2023-08-22 13:47:29,373 [5] INFO  - 2023-08-22 13:45:14,F010,Z,0,iter,0,feat,0,0, Reading and combining input data, 0.02796, sec
2023-08-22 13:47:29,373 [5] INFO  - 2023-08-22 13:45:28,F010,Z,0,iter,0,feat,4895407,4895407, Spot file data loading and filtration , 14.1526, sec
2023-08-22 13:47:29,373 [5] INFO  - 2023-08-22 13:45:31,F010,Z,0,iter,0,feat,4895407,4895407, Seed neighbor determination, 4.51442, sec
2023-08-22 13:47:29,373 [5] INFO  - 2023-08-22 13:45:33,F010,Z,0,iter,0,feat,4895407,4895407, Quality Score Generation, 7.59907, sec
2023-08-22 13:47:29,373 [5] INFO  - 2023-08-22 13:45:38,F010,Z,0,iter,0,feat,4895407,4895407, Spots per feature calculation and feature filtration, 5.73775, sec
2023-08-22 13:47:29,373 [5] INFO  - 2023-08-22 13:45:48,F010,Z,0,iter,0,feat,4895407,4895407, Making Complete Code Target Calls, 9.17607, sec
2023-08-22 13:47:29,373 [5] INFO  - 2023-08-22 13:45:49,F010,Z,0,iter,0,feat,4895407,4895407, Target Call Location Estimation and iteration end update, 1.42806, sec
2023-08-22 13:47:29,373 [5] INFO  - 2023-08-22 13:45:49,F010,Z,0,iter,0,feat,4895407,4895407, Iteration summary generation, 0.014007, sec
2023-08-22 13:47:29,373 [5] INFO  - 2023-08-22 13:45:49,F010,Z,0,iter,0,feat,4895407,4895407, Iteration duration, 26.616, sec
2023-08-22 13:47:29,373 [5] INFO  - 2023-08-22 13:45:52,F010,Z,0,iter,1,feat,4895407,4895407, Seed neighbor determination, 4.60955, sec
2023-08-22 13:47:29,373 [5] INFO  - 2023-08-22 13:45:54,F010,Z,0,iter,1,feat,4895407,4895407, Quality Score Generation, 9.23879, sec
2023-08-22 13:47:29,373 [5] INFO  - 2023-08-22 13:45:58,F010,Z,0,iter,1,feat,4895407,4895407, Spots per feature calculation and feature filtration, 4.24599, sec
2023-08-22 13:47:29,373 [5] INFO  - 2023-08-22 13:46:05,F010,Z,0,iter,1,feat,4895407,4895407, Making Complete Code Target Calls, 6.50764, sec
2023-08-22 13:47:29,373 [5] INFO  - 2023-08-22 13:46:06,F010,Z,0,iter,1,feat,4895407,4895407, Target Call Location Estimation and iteration end update, 1.11332, sec
2023-08-22 13:47:29,373 [5] INFO  - 2023-08-22 13:46:06,F010,Z,0,iter,1,feat,4895407,4895407, Iteration summary generation, 0.22812, sec
2023-08-22 13:47:29,373 [5] INFO  - 2023-08-22 13:46:06,F010,Z,0,iter,1,feat,4895407,4895407, Iteration duration, 23.9329, sec
2023-08-22 13:47:29,373 [5] INFO  - 2023-08-22 13:46:06,F010,Z,0,iter,1,feat,4895407,4895407, Z slice processing duration, 64.719, sec
2023-08-22 13:47:29,373 [5] INFO  - 2023-08-22 13:46:22,F010,Z,1,iter,0,feat,5481494,10376901, Spot file data loading and filtration , 13.6623, sec
2023-08-22 13:47:29,373 [5] INFO  - 2023-08-22 13:46:25,F010,Z,1,iter,0,feat,5481494,10376901, Seed neighbor determination, 5.07805, sec
2023-08-22 13:47:29,373 [5] INFO  - 2023-08-22 13:46:28,F010,Z,1,iter,0,feat,5481494,10376901, Quality Score Generation, 10.6081, sec
2023-08-22 13:47:29,373 [5] INFO  - 2023-08-22 13:46:34,F010,Z,1,iter,0,feat,5481494,10376901, Spots per feature calculation and feature filtration, 6.31967, sec
2023-08-22 13:47:29,373 [5] INFO  - 2023-08-22 13:46:41,F010,Z,1,iter,0,feat,5481494,10376901, Making Complete Code Target Calls, 7.17176, sec
2023-08-22 13:47:29,373 [5] INFO  - 2023-08-22 13:46:43,F010,Z,1,iter,0,feat,5481494,10376901, Target Call Location Estimation and iteration end update, 1.85908, sec
2023-08-22 13:47:29,373 [5] INFO  - 2023-08-22 13:46:43,F010,Z,1,iter,0,feat,5481494,10376901, Iteration summary generation, 0.020482, sec
2023-08-22 13:47:29,373 [5] INFO  - 2023-08-22 13:46:43,F010,Z,1,iter,0,feat,5481494,10376901, Iteration duration, 28.8767, sec
2023-08-22 13:47:29,373 [5] INFO  - 2023-08-22 13:46:46,F010,Z,1,iter,1,feat,5481494,10376901, Seed neighbor determination, 5.10205, sec
2023-08-22 13:47:29,373 [5] INFO  - 2023-08-22 13:46:49,F010,Z,1,iter,1,feat,5481494,10376901, Quality Score Generation, 10.9056, sec
2023-08-22 13:47:29,373 [5] INFO  - 2023-08-22 13:46:53,F010,Z,1,iter,1,feat,5481494,10376901, Spots per feature calculation and feature filtration, 4.23754, sec
2023-08-22 13:47:29,373 [5] INFO  - 2023-08-22 13:47:02,F010,Z,1,iter,1,feat,5481494,10376901, Making Complete Code Target Calls, 8.66304, sec
2023-08-22 13:47:29,373 [5] INFO  - 2023-08-22 13:47:03,F010,Z,1,iter,1,feat,5481494,10376901, Target Call Location Estimation and iteration end update, 1.21354, sec
2023-08-22 13:47:29,373 [5] INFO  - 2023-08-22 13:47:04,F010,Z,1,iter,1,feat,5481494,10376901, Iteration summary generation, 0.432345, sec
2023-08-22 13:47:29,373 [5] INFO  - 2023-08-22 13:47:04,F010,Z,1,iter,1,feat,5481494,10376901, Iteration duration, 28.2852, sec
2023-08-22 13:47:29,373 [5] INFO  - 2023-08-22 13:47:04,F010,Z,1,iter,1,feat,5481494,10376901, Z slice processing duration, 73.1541, sec
2023-08-22 13:47:29,373 [5] INFO  - 2023-08-22 13:47:13,F010,Z,2,iter,0,feat,4476598,14853499, Spot file data loading and filtration , 6.70201, sec
2023-08-22 13:47:29,373 [5] INFO  - 2023-08-22 13:47:15,F010,Z,2,iter,0,feat,4476598,14853499, Seed neighbor determination, 4.18122, sec
2023-08-22 13:47:29,373 [5] INFO  - 2023-08-22 13:47:17,F010,Z,2,iter,0,feat,4476598,14853499, Quality Score Generation, 7.95088, sec
2023-08-22 13:47:29,373 [5] INFO  - 2023-08-22 13:47:22,F010,Z,2,iter,0,feat,4476598,14853499, Spots per feature calculation and feature filtration, 4.79469, sec
2023-08-22 13:47:29,373 [5] INFO  - 2023-08-22 13:47:27,F010,Z,2,iter,0,feat,4476598,14853499, Making Complete Code Target Calls, 5.42272, sec
2023-08-22 13:48:50,611 [5] INFO  - 2023-08-22 13:47:29,F010,Z,2,iter,0,feat,4476598,14853499, Target Call Location Estimation and iteration end update, 1.45236, sec
2023-08-22 13:48:50,611 [5] INFO  - 2023-08-22 13:47:29,F010,Z,2,iter,0,feat,4476598,14853499, Iteration summary generation, 0.016442, sec
2023-08-22 13:48:50,611 [5] INFO  - 2023-08-22 13:47:29,F010,Z,2,iter,0,feat,4476598,14853499, Iteration duration, 22.045, sec
2023-08-22 13:48:50,611 [5] INFO  - 2023-08-22 13:47:31,F010,Z,2,iter,1,feat,4476598,14853499, Seed neighbor determination, 4.18176, sec
2023-08-22 13:48:50,611 [5] INFO  - 2023-08-22 13:47:33,F010,Z,2,iter,1,feat,4476598,14853499, Quality Score Generation, 8.67287, sec
2023-08-22 13:48:50,611 [5] INFO  - 2023-08-22 13:47:37,F010,Z,2,iter,1,feat,4476598,14853499, Spots per feature calculation and feature filtration, 3.815, sec
2023-08-22 13:48:50,611 [5] INFO  - 2023-08-22 13:47:47,F010,Z,2,iter,1,feat,4476598,14853499, Making Complete Code Target Calls, 9.55449, sec
2023-08-22 13:48:50,611 [5] INFO  - 2023-08-22 13:47:48,F010,Z,2,iter,1,feat,4476598,14853499, Target Call Location Estimation and iteration end update, 0.932122, sec
2023-08-22 13:48:50,611 [5] INFO  - 2023-08-22 13:47:48,F010,Z,2,iter,1,feat,4476598,14853499, Iteration summary generation, 0.289824, sec
2023-08-22 13:48:50,612 [5] INFO  - 2023-08-22 13:47:48,F010,Z,2,iter,1,feat,4476598,14853499, Iteration duration, 25.664, sec
2023-08-22 13:48:50,612 [5] INFO  - 2023-08-22 13:47:48,F010,Z,2,iter,1,feat,4476598,14853499, Z slice processing duration, 56.9771, sec
2023-08-22 13:48:50,612 [5] INFO  - 2023-08-22 13:47:56,F010,Z,3,iter,0,feat,3646356,18499855, Spot file data loading and filtration , 5.79548, sec
2023-08-22 13:48:50,612 [5] INFO  - 2023-08-22 13:47:58,F010,Z,3,iter,0,feat,3646356,18499855, Seed neighbor determination, 3.36442, sec
2023-08-22 13:48:50,612 [5] INFO  - 2023-08-22 13:47:59,F010,Z,3,iter,0,feat,3646356,18499855, Quality Score Generation, 6.28254, sec
2023-08-22 13:48:50,612 [5] INFO  - 2023-08-22 13:48:04,F010,Z,3,iter,0,feat,3646356,18499855, Spots per feature calculation and feature filtration, 4.29363, sec
2023-08-22 13:48:50,612 [5] INFO  - 2023-08-22 13:48:09,F010,Z,3,iter,0,feat,3646356,18499855, Making Complete Code Target Calls, 5.37062, sec
2023-08-22 13:48:50,612 [5] INFO  - 2023-08-22 13:48:10,F010,Z,3,iter,0,feat,3646356,18499855, Target Call Location Estimation and iteration end update, 1.19073, sec
2023-08-22 13:48:50,612 [5] INFO  - 2023-08-22 13:48:10,F010,Z,3,iter,0,feat,3646356,18499855, Iteration summary generation, 0.01297, sec
2023-08-22 13:48:50,612 [5] INFO  - 2023-08-22 13:48:10,F010,Z,3,iter,0,feat,3646356,18499855, Iteration duration, 19.1295, sec
2023-08-22 13:48:50,612 [28] INFO  - 2023-08-22 13:48:12,F010,Z,3,iter,1,feat,3646356,18499855, Seed neighbor determination, 3.36298, sec
2023-08-22 13:48:50,612 [28] INFO  - 2023-08-22 13:48:14,F010,Z,3,iter,1,feat,3646356,18499855, Quality Score Generation, 6.66909, sec
2023-08-22 13:48:50,612 [28] INFO  - 2023-08-22 13:48:17,F010,Z,3,iter,1,feat,3646356,18499855, Spots per feature calculation and feature filtration, 2.86298, sec
2023-08-22 13:48:50,612 [28] INFO  - 2023-08-22 13:48:22,F010,Z,3,iter,1,feat,3646356,18499855, Making Complete Code Target Calls, 5.22614, sec
2023-08-22 13:48:50,612 [28] INFO  - 2023-08-22 13:48:23,F010,Z,3,iter,1,feat,3646356,18499855, Target Call Location Estimation and iteration end update, 0.724706, sec
2023-08-22 13:48:50,612 [28] INFO  - 2023-08-22 13:48:23,F010,Z,3,iter,1,feat,3646356,18499855, Iteration summary generation, 0.257502, sec
2023-08-22 13:48:50,612 [28] INFO  - 2023-08-22 13:48:23,F010,Z,3,iter,1,feat,3646356,18499855, Iteration duration, 17.631, sec
2023-08-22 13:48:50,612 [28] INFO  - 2023-08-22 13:48:23,F010,Z,3,iter,1,feat,3646356,18499855, Z slice processing duration, 44.6609, sec
2023-08-22 13:48:50,612 [28] INFO  - 2023-08-22 13:48:30,F010,Z,4,iter,0,feat,2994359,21494214, Spot file data loading and filtration , 4.75582, sec
2023-08-22 13:48:50,612 [28] INFO  - 2023-08-22 13:48:31,F010,Z,4,iter,0,feat,2994359,21494214, Seed neighbor determination, 2.76483, sec
2023-08-22 13:48:50,612 [28] INFO  - 2023-08-22 13:48:32,F010,Z,4,iter,0,feat,2994359,21494214, Quality Score Generation, 4.70751, sec
2023-08-22 13:48:50,612 [28] INFO  - 2023-08-22 13:48:35,F010,Z,4,iter,0,feat,2994359,21494214, Spots per feature calculation and feature filtration, 3.05862, sec
2023-08-22 13:48:50,612 [28] INFO  - 2023-08-22 13:48:39,F010,Z,4,iter,0,feat,2994359,21494214, Making Complete Code Target Calls, 3.78357, sec
2023-08-22 13:48:50,612 [28] INFO  - 2023-08-22 13:48:40,F010,Z,4,iter,0,feat,2994359,21494214, Target Call Location Estimation and iteration end update, 1.23892, sec
2023-08-22 13:48:50,612 [28] INFO  - 2023-08-22 13:48:40,F010,Z,4,iter,0,feat,2994359,21494214, Iteration summary generation, 0.012494, sec
2023-08-22 13:48:50,612 [28] INFO  - 2023-08-22 13:48:40,F010,Z,4,iter,0,feat,2994359,21494214, Iteration duration, 14.3947, sec
2023-08-22 13:48:50,612 [28] INFO  - 2023-08-22 13:48:42,F010,Z,4,iter,1,feat,2994359,21494214, Seed neighbor determination, 2.83837, sec
2023-08-22 13:48:50,612 [28] INFO  - 2023-08-22 13:48:44,F010,Z,4,iter,1,feat,2994359,21494214, Quality Score Generation, 6.54322, sec
2023-08-22 13:48:50,612 [28] INFO  - 2023-08-22 13:48:46,F010,Z,4,iter,1,feat,2994359,21494214, Spots per feature calculation and feature filtration, 2.39037, sec
2023-08-22 13:49:34,200 [28] INFO  - 2023-08-22 13:48:50,F010,Z,4,iter,1,feat,2994359,21494214, Making Complete Code Target Calls, 4.0013, sec
2023-08-22 13:49:34,200 [28] INFO  - 2023-08-22 13:48:51,F010,Z,4,iter,1,feat,2994359,21494214, Target Call Location Estimation and iteration end update, 0.860988, sec
2023-08-22 13:49:34,200 [28] INFO  - 2023-08-22 13:48:51,F010,Z,4,iter,1,feat,2994359,21494214, Iteration summary generation, 0.203586, sec
2023-08-22 13:49:34,200 [28] INFO  - 2023-08-22 13:48:51,F010,Z,4,iter,1,feat,2994359,21494214, Iteration duration, 15.6175, sec
2023-08-22 13:49:34,200 [28] INFO  - 2023-08-22 13:48:51,F010,Z,4,iter,1,feat,2994359,21494214, Z slice processing duration, 36.4658, sec
2023-08-22 13:49:34,200 [28] INFO  - 2023-08-22 13:48:57,F010,Z,5,iter,0,feat,2484689,23978903, Spot file data loading and filtration , 4.70977, sec
2023-08-22 13:49:34,200 [28] INFO  - 2023-08-22 13:48:58,F010,Z,5,iter,0,feat,2484689,23978903, Seed neighbor determination, 2.26487, sec
2023-08-22 13:49:34,200 [28] INFO  - 2023-08-22 13:48:59,F010,Z,5,iter,0,feat,2484689,23978903, Quality Score Generation, 3.79388, sec
2023-08-22 13:49:34,200 [28] INFO  - 2023-08-22 13:49:02,F010,Z,5,iter,0,feat,2484689,23978903, Spots per feature calculation and feature filtration, 2.53545, sec
2023-08-22 13:49:34,200 [5] INFO  - 2023-08-22 13:49:05,F010,Z,5,iter,0,feat,2484689,23978903, Making Complete Code Target Calls, 2.47536, sec
2023-08-22 13:49:34,200 [5] INFO  - 2023-08-22 13:49:05,F010,Z,5,iter,0,feat,2484689,23978903, Target Call Location Estimation and iteration end update, 0.710089, sec
2023-08-22 13:49:34,200 [5] INFO  - 2023-08-22 13:49:05,F010,Z,5,iter,0,feat,2484689,23978903, Iteration summary generation, 0.007514, sec
2023-08-22 13:49:34,200 [5] INFO  - 2023-08-22 13:49:05,F010,Z,5,iter,0,feat,2484689,23978903, Iteration duration, 10.8162, sec
2023-08-22 13:49:34,200 [5] INFO  - 2023-08-22 13:49:06,F010,Z,5,iter,1,feat,2484689,23978903, Seed neighbor determination, 2.25888, sec
2023-08-22 13:49:34,200 [5] INFO  - 2023-08-22 13:49:08,F010,Z,5,iter,1,feat,2484689,23978903, Quality Score Generation, 4.64071, sec
2023-08-22 13:49:34,200 [5] INFO  - 2023-08-22 13:49:10,F010,Z,5,iter,1,feat,2484689,23978903, Spots per feature calculation and feature filtration, 2.04261, sec
2023-08-22 13:49:34,200 [5] INFO  - 2023-08-22 13:49:13,F010,Z,5,iter,1,feat,2484689,23978903, Making Complete Code Target Calls, 3.00382, sec
2023-08-22 13:49:34,200 [5] INFO  - 2023-08-22 13:49:13,F010,Z,5,iter,1,feat,2484689,23978903, Target Call Location Estimation and iteration end update, 0.452385, sec
2023-08-22 13:49:34,200 [5] INFO  - 2023-08-22 13:49:13,F010,Z,5,iter,1,feat,2484689,23978903, Iteration summary generation, 0.150061, sec
2023-08-22 13:49:34,200 [5] INFO  - 2023-08-22 13:49:13,F010,Z,5,iter,1,feat,2484689,23978903, Iteration duration, 11.5645, sec
2023-08-22 13:49:34,200 [5] INFO  - 2023-08-22 13:49:13,F010,Z,5,iter,1,feat,2484689,23978903, Z slice processing duration, 28.5152, sec
2023-08-22 13:49:34,200 [5] INFO  - 2023-08-22 13:49:17,F010,Z,6,iter,0,feat,2144021,26122924, Spot file data loading and filtration , 2.52919, sec
2023-08-22 13:49:34,200 [5] INFO  - 2023-08-22 13:49:18,F010,Z,6,iter,0,feat,2144021,26122924, Seed neighbor determination, 1.948, sec
2023-08-22 13:49:34,200 [5] INFO  - 2023-08-22 13:49:19,F010,Z,6,iter,0,feat,2144021,26122924, Quality Score Generation, 3.24322, sec
2023-08-22 13:49:34,200 [5] INFO  - 2023-08-22 13:49:21,F010,Z,6,iter,0,feat,2144021,26122924, Spots per feature calculation and feature filtration, 2.18759, sec
2023-08-22 13:49:34,200 [5] INFO  - 2023-08-22 13:49:23,F010,Z,6,iter,0,feat,2144021,26122924, Making Complete Code Target Calls, 2.04677, sec
2023-08-22 13:49:34,200 [5] INFO  - 2023-08-22 13:49:24,F010,Z,6,iter,0,feat,2144021,26122924, Target Call Location Estimation and iteration end update, 0.584077, sec
2023-08-22 13:49:34,200 [5] INFO  - 2023-08-22 13:49:24,F010,Z,6,iter,0,feat,2144021,26122924, Iteration summary generation, 0.006227, sec
2023-08-22 13:49:34,200 [5] INFO  - 2023-08-22 13:49:24,F010,Z,6,iter,0,feat,2144021,26122924, Iteration duration, 9.18523, sec
2023-08-22 13:49:34,200 [5] INFO  - 2023-08-22 13:49:25,F010,Z,6,iter,1,feat,2144021,26122924, Seed neighbor determination, 2.03031, sec
2023-08-22 13:49:34,200 [5] INFO  - 2023-08-22 13:49:26,F010,Z,6,iter,1,feat,2144021,26122924, Quality Score Generation, 3.79988, sec
2023-08-22 13:49:34,200 [5] INFO  - 2023-08-22 13:49:28,F010,Z,6,iter,1,feat,2144021,26122924, Spots per feature calculation and feature filtration, 1.74126, sec
2023-08-22 13:49:34,200 [5] INFO  - 2023-08-22 13:49:30,F010,Z,6,iter,1,feat,2144021,26122924, Making Complete Code Target Calls, 2.51022, sec
2023-08-22 13:49:34,200 [5] INFO  - 2023-08-22 13:49:31,F010,Z,6,iter,1,feat,2144021,26122924, Target Call Location Estimation and iteration end update, 0.367761, sec
2023-08-22 13:49:34,200 [5] INFO  - 2023-08-22 13:49:31,F010,Z,6,iter,1,feat,2144021,26122924, Iteration summary generation, 0.124522, sec
2023-08-22 13:49:34,200 [5] INFO  - 2023-08-22 13:49:31,F010,Z,6,iter,1,feat,2144021,26122924, Iteration duration, 9.64677, sec
2023-08-22 13:49:34,200 [5] INFO  - 2023-08-22 13:49:31,F010,Z,6,iter,1,feat,2144021,26122924, Z slice processing duration, 22.495, sec
2023-08-22 13:49:34,200 [5] INFO  - 2023-08-22 13:49:33,F010,Z,7,iter,0,feat,1605706,27728630, Spot file data loading and filtration , 1.27039, sec
2023-08-22 13:49:45,280 [5] INFO  - 2023-08-22 13:49:34,F010,Z,7,iter,0,feat,1605706,27728630, Seed neighbor determination, 1.45744, sec
2023-08-22 13:49:45,280 [5] INFO  - 2023-08-22 13:49:34,F010,Z,7,iter,0,feat,1605706,27728630, Quality Score Generation, 2.33922, sec
2023-08-22 13:49:45,280 [5] INFO  - 2023-08-22 13:49:36,F010,Z,7,iter,0,feat,1605706,27728630, Spots per feature calculation and feature filtration, 1.67725, sec
2023-08-22 13:49:45,280 [5] INFO  - 2023-08-22 13:49:38,F010,Z,7,iter,0,feat,1605706,27728630, Making Complete Code Target Calls, 1.53329, sec
2023-08-22 13:49:45,280 [5] INFO  - 2023-08-22 13:49:38,F010,Z,7,iter,0,feat,1605706,27728630, Target Call Location Estimation and iteration end update, 0.459257, sec
2023-08-22 13:49:45,280 [5] INFO  - 2023-08-22 13:49:38,F010,Z,7,iter,0,feat,1605706,27728630, Iteration summary generation, 0.00584, sec
2023-08-22 13:49:45,280 [5] INFO  - 2023-08-22 13:49:38,F010,Z,7,iter,0,feat,1605706,27728630, Iteration duration, 6.85573, sec
2023-08-22 13:49:45,280 [5] INFO  - 2023-08-22 13:49:39,F010,Z,7,iter,1,feat,1605706,27728630, Seed neighbor determination, 1.43022, sec
2023-08-22 13:49:45,280 [5] INFO  - 2023-08-22 13:49:40,F010,Z,7,iter,1,feat,1605706,27728630, Quality Score Generation, 2.87525, sec
2023-08-22 13:49:45,280 [5] INFO  - 2023-08-22 13:49:41,F010,Z,7,iter,1,feat,1605706,27728630, Spots per feature calculation and feature filtration, 1.33546, sec
2023-08-22 13:49:45,280 [5] INFO  - 2023-08-22 13:49:43,F010,Z,7,iter,1,feat,1605706,27728630, Making Complete Code Target Calls, 1.65361, sec
2023-08-22 13:49:45,280 [5] INFO  - 2023-08-22 13:49:43,F010,Z,7,iter,1,feat,1605706,27728630, Target Call Location Estimation and iteration end update, 0.249231, sec
2023-08-22 13:49:45,280 [5] INFO  - 2023-08-22 13:49:43,F010,Z,7,iter,1,feat,1605706,27728630, Iteration summary generation, 0.118434, sec
2023-08-22 13:49:45,280 [5] INFO  - 2023-08-22 13:49:43,F010,Z,7,iter,1,feat,1605706,27728630, Iteration duration, 7.06107, sec
2023-08-22 13:49:45,280 [5] INFO  - 2023-08-22 13:49:43,F010,Z,7,iter,1,feat,1605706,27728630, Z slice processing duration, 16.2082, sec
2023-08-22 13:49:45,280 [5] INFO  - 2023-08-22 13:49:43,F010,Z,8,iter,0,feat,174393,27903023, Spot file data loading and filtration , -0.609639, sec
2023-08-22 13:49:45,280 [5] INFO  - 2023-08-22 13:49:43,F010,Z,8,iter,0,feat,174393,27903023, Seed neighbor determination, 0.146742, sec
2023-08-22 13:49:45,280 [5] INFO  - 2023-08-22 13:49:43,F010,Z,8,iter,0,feat,174393,27903023, Quality Score Generation, 0.085582, sec
2023-08-22 13:49:45,280 [5] INFO  - 2023-08-22 13:49:43,F010,Z,8,iter,0,feat,174393,27903023, Spots per feature calculation and feature filtration, 0.174947, sec
2023-08-22 13:49:45,280 [36] INFO  - 2023-08-22 13:49:43,F010,Z,8,iter,0,feat,174393,27903023, Making Complete Code Target Calls, 0.024677, sec
2023-08-22 13:49:45,280 [36] INFO  - 2023-08-22 13:49:43,F010,Z,8,iter,0,feat,174393,27903023, Target Call Location Estimation and iteration end update, 0.007394, sec
2023-08-22 13:49:45,280 [36] INFO  - 2023-08-22 13:49:43,F010,Z,8,iter,0,feat,174393,27903023, Iteration summary generation, 0.000143, sec
2023-08-22 13:49:45,280 [36] INFO  - 2023-08-22 13:49:43,F010,Z,8,iter,0,feat,174393,27903023, Iteration duration, 0.378282, sec
2023-08-22 13:49:45,280 [36] INFO  - 2023-08-22 13:49:43,F010,Z,8,iter,1,feat,174393,27903023, Seed neighbor determination, 0.144971, sec
2023-08-22 13:49:45,280 [36] INFO  - 2023-08-22 13:49:44,F010,Z,8,iter,1,feat,174393,27903023, Quality Score Generation, 0.122458, sec
2023-08-22 13:49:45,280 [36] INFO  - 2023-08-22 13:49:44,F010,Z,8,iter,1,feat,174393,27903023, Spots per feature calculation and feature filtration, 0.172431, sec
2023-08-22 13:49:45,280 [36] INFO  - 2023-08-22 13:49:44,F010,Z,8,iter,1,feat,174393,27903023, Making Complete Code Target Calls, 0.030221, sec
2023-08-22 13:49:45,280 [36] INFO  - 2023-08-22 13:49:44,F010,Z,8,iter,1,feat,174393,27903023, Target Call Location Estimation and iteration end update, 0.001983, sec
2023-08-22 13:49:45,280 [36] INFO  - 2023-08-22 13:49:44,F010,Z,8,iter,1,feat,174393,27903023, Iteration summary generation, 0.002413, sec
2023-08-22 13:49:45,280 [36] INFO  - 2023-08-22 13:49:44,F010,Z,8,iter,1,feat,174393,27903023, Iteration duration, 0.410716, sec
2023-08-22 13:49:45,280 [36] INFO  - 2023-08-22 13:49:44,F010,Z,8,iter,1,feat,174393,27903023, Z slice processing duration, 0.894561, sec
2023-08-22 13:49:45,280 [36] INFO  - 2023-08-22 13:49:45,F010,Z,8,iter,1,feat,174393,27903023, FOV processing duration (final) , 345.161, sec
2023-08-22 13:49:45,291 [5] INFO  - Exited
2023-08-22 13:49:45,291 [5] INFO  - System.EventArgs
2023-08-22 13:49:45,291 [5] INFO  - { }
2023-08-22 13:49:45,292 [1] INFO  - mtmc run complete
2023-08-22 13:49:45,292 [1] INFO  - Zipping and uploading results...
2023-08-22 13:49:45,292 [1] INFO  - Uploading mtm results to storage.
2023-08-22 13:49:45,293 [1] INFO  - Start uploading /app/out/FOV010 to 892d9dcc-e56d-475c-8dee-2c395064223d/2302H0033/c9d29823-a69c-4328-a6b9-53e2b78fa3e3/Run_76ed1d6b-57d6-4076-9a09-09a6f1ded693_20230817_2302h0033_ControlCenter/20230817_175305/20230817_175305_S1/AnalysisResults/oxdwyv2woj/FOV010
2023-08-22 13:49:45,293 [1] INFO  - Executing with retries set to: 10
2023-08-22 13:49:46,630 [1] INFO  - Upload /app/out/FOV010 finished
2023-08-22 13:49:46,630 [1] INFO  - Results uploaded.
2023-08-22 13:49:46,630 [1] INFO  - All done
2023-08-22 13:49:46,630 [1] INFO  - Executing with retries set to: 10
2023-08-22 13:49:46,630 [1] INFO  - Setting fov oxdwyv2woj-6hes7 into status Completed
2023-08-22 13:49:46,632 [1] INFO  - Saving a fov processing run: oxdwyv2woj-6hes7
2023-08-22 13:49:46,632 [1] INFO  - Updating an existing fov run.
2023-08-22 13:49:46,633 [1] INFO  - Uploading logs
2023-08-22 13:49:46,634 [1] INFO  - Start uploading 892d9dcc-e56d-475c-8dee-2c395064223d/2302H0033/c9d29823-a69c-4328-a6b9-53e2b78fa3e3/Run_76ed1d6b-57d6-4076-9a09-09a6f1ded693_20230817_2302h0033_ControlCenter/20230817_175305/20230817_175305_S1/AnalysisResults/oxdwyv2woj/FOV010/mtm-run.log
