2023-08-22 13:35:48,982 [1] INFO  - Using bucket s3-euw1-eu2-datarepository-eu2-eu2-kcl-01 and region eu-west-1
2023-08-22 13:35:49,027 [1] INFO  - Using role to access S3
2023-08-22 13:35:49,241 [1] INFO  - ===============================
2023-08-22 13:35:49,241 [1] INFO  - build info: 
commit 1860d865ce7409a4b25d5549a62e2b7be0a93d33
Author: alexander-serebriyan <alexander.serebriyan@teamdev.com>
Date:   Fri Feb 10 15:42:48 2023 +0100

    Add UAT env for ECR pushing.

Build done on: Fri Feb 10 14:46:39 UTC 2023
Version: 20230210.1

2023-08-22 13:35:49,241 [1] INFO  - ===============================
2023-08-22 13:35:49,241 [1] INFO  - Starting the job. Results will be uploaded to: 892d9dcc-e56d-475c-8dee-2c395064223d/2302H0033/c9d29823-a69c-4328-a6b9-53e2b78fa3e3/Run_76ed1d6b-57d6-4076-9a09-09a6f1ded693_20230817_2302h0033_ControlCenter/20230817_175305/20230817_175305_S1/AnalysisResults/oxdwyv2woj/FOV035
2023-08-22 13:35:49,242 [1] INFO  - Checking FOV status. Ref: oxdwyv2woj-tme0c, ID: 892d9dcc-e56d-475c-8dee-2c395064223d/2302H0033/c9d29823-a69c-4328-a6b9-53e2b78fa3e3/Run_76ed1d6b-57d6-4076-9a09-09a6f1ded693_20230817_2302h0033_ControlCenter/20230817_175305/20230817_175305_S1/SpotFiles/FOV035/
2023-08-22 13:35:49,399 [1] INFO  - Executing with retries set to: 10
2023-08-22 13:35:49,400 [1] INFO  - Setting fov oxdwyv2woj-tme0c into status InProgress
2023-08-22 13:35:49,402 [1] INFO  - Saving a fov processing run: oxdwyv2woj-tme0c
2023-08-22 13:35:49,402 [1] INFO  - Updating an existing fov run.
2023-08-22 13:35:49,437 [1] INFO  - Downloading FOV using next path: 892d9dcc-e56d-475c-8dee-2c395064223d/2302H0033/c9d29823-a69c-4328-a6b9-53e2b78fa3e3/Run_76ed1d6b-57d6-4076-9a09-09a6f1ded693_20230817_2302h0033_ControlCenter/20230817_175305/20230817_175305_S1/SpotFiles/FOV035/
2023-08-22 13:35:49,437 [1] INFO  - Start downloading 892d9dcc-e56d-475c-8dee-2c395064223d/2302H0033/c9d29823-a69c-4328-a6b9-53e2b78fa3e3/Run_76ed1d6b-57d6-4076-9a09-09a6f1ded693_20230817_2302h0033_ControlCenter/20230817_175305/20230817_175305_S1/SpotFiles/FOV035/
2023-08-22 13:35:49,437 [1] INFO  - Executing with retries set to: 10
2023-08-22 13:39:26,529 [1] INFO  - Download 892d9dcc-e56d-475c-8dee-2c395064223d/2302H0033/c9d29823-a69c-4328-a6b9-53e2b78fa3e3/Run_76ed1d6b-57d6-4076-9a09-09a6f1ded693_20230817_2302h0033_ControlCenter/20230817_175305/20230817_175305_S1/SpotFiles/FOV035/ complete
2023-08-22 13:39:26,529 [1] INFO  - Custom plex file specified. The default one will be overriden.
2023-08-22 13:39:26,529 [1] INFO  - Downloading plex file using next path: 892d9dcc-e56d-475c-8dee-2c395064223d/2302H0033/c9d29823-a69c-4328-a6b9-53e2b78fa3e3/Run_76ed1d6b-57d6-4076-9a09-09a6f1ded693_20230817_2302h0033_ControlCenter/20230817_175305/20230817_175305_S1/plex-oxdwyv2woj.txt
2023-08-22 13:39:26,529 [1] INFO  - Downloading 892d9dcc-e56d-475c-8dee-2c395064223d/2302H0033/c9d29823-a69c-4328-a6b9-53e2b78fa3e3/Run_76ed1d6b-57d6-4076-9a09-09a6f1ded693_20230817_2302h0033_ControlCenter/20230817_175305/20230817_175305_S1/plex-oxdwyv2woj.txt
2023-08-22 13:39:26,648 [1] INFO  - Download 892d9dcc-e56d-475c-8dee-2c395064223d/2302H0033/c9d29823-a69c-4328-a6b9-53e2b78fa3e3/Run_76ed1d6b-57d6-4076-9a09-09a6f1ded693_20230817_2302h0033_ControlCenter/20230817_175305/20230817_175305_S1/plex-oxdwyv2woj.txt finished
2023-08-22 13:39:26,649 [1] INFO  - No user params file specified. Trying to use the one from the storage.
2023-08-22 13:39:26,649 [1] INFO  - Downloading params file using next path: 892d9dcc-e56d-475c-8dee-2c395064223d/2302H0033/c9d29823-a69c-4328-a6b9-53e2b78fa3e3/Run_76ed1d6b-57d6-4076-9a09-09a6f1ded693_20230817_2302h0033_ControlCenter/20230817_175305/20230817_175305_S1/analysis_params_v6.txt
2023-08-22 13:39:26,649 [1] INFO  - Downloading 892d9dcc-e56d-475c-8dee-2c395064223d/2302H0033/c9d29823-a69c-4328-a6b9-53e2b78fa3e3/Run_76ed1d6b-57d6-4076-9a09-09a6f1ded693_20230817_2302h0033_ControlCenter/20230817_175305/20230817_175305_S1/analysis_params_v6.txt
2023-08-22 13:39:26,681 [1] ERROR -    at Amazon.Runtime.Internal.HttpErrorResponseExceptionHandler.HandleExceptionStream(IRequestContext requestContext, IWebResponseData httpErrorResponse, HttpErrorResponseException exception, Stream responseStream)
   at Amazon.Runtime.Internal.HttpErrorResponseExceptionHandler.HandleExceptionAsync(IExecutionContext executionContext, HttpErrorResponseException exception)
   at Amazon.Runtime.Internal.ExceptionHandler`1.HandleAsync(IExecutionContext executionContext, Exception exception)
   at Amazon.Runtime.Internal.ErrorHandler.ProcessExceptionAsync(IExecutionContext executionContext, Exception exception)
   at Amazon.Runtime.Internal.ErrorHandler.InvokeAsync[T](IExecutionContext executionContext)
   at Amazon.Runtime.Internal.CallbackHandler.InvokeAsync[T](IExecutionContext executionContext)
   at Amazon.Runtime.Internal.EndpointDiscoveryHandler.InvokeAsync[T](IExecutionContext executionContext)
   at Amazon.Runtime.Internal.EndpointDiscoveryHandler.InvokeAsync[T](IExecutionContext executionContext)
   at Amazon.Runtime.Internal.CredentialsRetriever.InvokeAsync[T](IExecutionContext executionContext)
   at Amazon.Runtime.Internal.RetryHandler.InvokeAsync[T](IExecutionContext executionContext)
   at Amazon.Runtime.Internal.RetryHandler.InvokeAsync[T](IExecutionContext executionContext)
   at Amazon.Runtime.Internal.CallbackHandler.InvokeAsync[T](IExecutionContext executionContext)
   at Amazon.Runtime.Internal.CallbackHandler.InvokeAsync[T](IExecutionContext executionContext)
   at Amazon.S3.Internal.AmazonS3ExceptionHandler.InvokeAsync[T](IExecutionContext executionContext)
   at Amazon.Runtime.Internal.ErrorCallbackHandler.InvokeAsync[T](IExecutionContext executionContext)
   at Amazon.Runtime.Internal.MetricsHandler.InvokeAsync[T](IExecutionContext executionContext)
   at Amazon.S3.Transfer.Internal.DownloadCommand.ExecuteAsync(CancellationToken cancellationToken)
   at Amazon.S3.Transfer.TransferUtility.Download(String filePath, String bucketName, String key)
   at Core.S3FileStorageService.DownloadFile(String remoteFilePath, String localFilePath) in /src/Core/S3FileStorageService.cs:line 67
   at MTMCWorker.Service.Impl.MtmcWorker.FetchParamsFile(String paramsFileRef, String flowCellPath) in /src/MTMCWorker/Service/Impl/MtmcWorker.cs:line 297
2023-08-22 13:39:26,682 [1] INFO  - Can't download params file next to nBCDir. Using the default one.
Amazon.S3.AmazonS3Exception: The specified key does not exist.
 ---> Amazon.Runtime.Internal.HttpErrorResponseException: Exception of type 'Amazon.Runtime.Internal.HttpErrorResponseException' was thrown.
   at Amazon.Runtime.HttpWebRequestMessage.GetResponseAsync(CancellationToken cancellationToken)
   at Amazon.Runtime.Internal.HttpHandler`1.InvokeAsync[T](IExecutionContext executionContext)
   at Amazon.Runtime.Internal.RedirectHandler.InvokeAsync[T](IExecutionContext executionContext)
   at Amazon.Runtime.Internal.Unmarshaller.InvokeAsync[T](IExecutionContext executionContext)
   at Amazon.S3.Internal.AmazonS3ResponseHandler.InvokeAsync[T](IExecutionContext executionContext)
   at Amazon.Runtime.Internal.ErrorHandler.InvokeAsync[T](IExecutionContext executionContext)
   --- End of inner exception stack trace ---
   at Amazon.Runtime.Internal.HttpErrorResponseExceptionHandler.HandleExceptionStream(IRequestContext requestContext, IWebResponseData httpErrorResponse, HttpErrorResponseException exception, Stream responseStream)
   at Amazon.Runtime.Internal.HttpErrorResponseExceptionHandler.HandleExceptionAsync(IExecutionContext executionContext, HttpErrorResponseException exception)
   at Amazon.Runtime.Internal.ExceptionHandler`1.HandleAsync(IExecutionContext executionContext, Exception exception)
   at Amazon.Runtime.Internal.ErrorHandler.ProcessExceptionAsync(IExecutionContext executionContext, Exception exception)
   at Amazon.Runtime.Internal.ErrorHandler.InvokeAsync[T](IExecutionContext executionContext)
   at Amazon.Runtime.Internal.CallbackHandler.InvokeAsync[T](IExecutionContext executionContext)
   at Amazon.Runtime.Internal.EndpointDiscoveryHandler.InvokeAsync[T](IExecutionContext executionContext)
   at Amazon.Runtime.Internal.EndpointDiscoveryHandler.InvokeAsync[T](IExecutionContext executionContext)
   at Amazon.Runtime.Internal.CredentialsRetriever.InvokeAsync[T](IExecutionContext executionContext)
   at Amazon.Runtime.Internal.RetryHandler.InvokeAsync[T](IExecutionContext executionContext)
   at Amazon.Runtime.Internal.RetryHandler.InvokeAsync[T](IExecutionContext executionContext)
   at Amazon.Runtime.Internal.CallbackHandler.InvokeAsync[T](IExecutionContext executionContext)
   at Amazon.Runtime.Internal.CallbackHandler.InvokeAsync[T](IExecutionContext executionContext)
   at Amazon.S3.Internal.AmazonS3ExceptionHandler.InvokeAsync[T](IExecutionContext executionContext)
   at Amazon.Runtime.Internal.ErrorCallbackHandler.InvokeAsync[T](IExecutionContext executionContext)
   at Amazon.Runtime.Internal.MetricsHandler.InvokeAsync[T](IExecutionContext executionContext)
   at Amazon.S3.Transfer.Internal.DownloadCommand.ExecuteAsync(CancellationToken cancellationToken)
   at Amazon.S3.Transfer.TransferUtility.Download(String filePath, String bucketName, String key)
   at Core.S3FileStorageService.DownloadFile(String remoteFilePath, String localFilePath) in /src/Core/S3FileStorageService.cs:line 67
   at MTMCWorker.Service.Impl.MtmcWorker.FetchParamsFile(String paramsFileRef, String flowCellPath) in /src/MTMCWorker/Service/Impl/MtmcWorker.cs:line 297
2023-08-22 13:39:26,684 [1] INFO  - Fetching CellStatsDir folder data...
2023-08-22 13:39:26,754 [1] INFO  - Downloading 892d9dcc-e56d-475c-8dee-2c395064223d/2302H0033/c9d29823-a69c-4328-a6b9-53e2b78fa3e3/Run_76ed1d6b-57d6-4076-9a09-09a6f1ded693_20230817_2302h0033_ControlCenter/20230817_175305/20230817_175305_S1/CellStatsDir/CellComposite/CellComposite_F035.jpg
2023-08-22 13:39:26,998 [1] INFO  - Download 892d9dcc-e56d-475c-8dee-2c395064223d/2302H0033/c9d29823-a69c-4328-a6b9-53e2b78fa3e3/Run_76ed1d6b-57d6-4076-9a09-09a6f1ded693_20230817_2302h0033_ControlCenter/20230817_175305/20230817_175305_S1/CellStatsDir/CellComposite/CellComposite_F035.jpg finished
2023-08-22 13:39:26,999 [1] INFO  - Downloading 892d9dcc-e56d-475c-8dee-2c395064223d/2302H0033/c9d29823-a69c-4328-a6b9-53e2b78fa3e3/Run_76ed1d6b-57d6-4076-9a09-09a6f1ded693_20230817_2302h0033_ControlCenter/20230817_175305/20230817_175305_S1/CellStatsDir/CellOverlay/CellOverlay_F035.jpg
2023-08-22 13:39:27,341 [1] INFO  - Download 892d9dcc-e56d-475c-8dee-2c395064223d/2302H0033/c9d29823-a69c-4328-a6b9-53e2b78fa3e3/Run_76ed1d6b-57d6-4076-9a09-09a6f1ded693_20230817_2302h0033_ControlCenter/20230817_175305/20230817_175305_S1/CellStatsDir/CellOverlay/CellOverlay_F035.jpg finished
2023-08-22 13:39:27,341 [1] INFO  - Downloading 892d9dcc-e56d-475c-8dee-2c395064223d/2302H0033/c9d29823-a69c-4328-a6b9-53e2b78fa3e3/Run_76ed1d6b-57d6-4076-9a09-09a6f1ded693_20230817_2302h0033_ControlCenter/20230817_175305/20230817_175305_S1/CellStatsDir/FOV035/CellLabels_F035.tif
2023-08-22 13:39:27,527 [1] INFO  - Download 892d9dcc-e56d-475c-8dee-2c395064223d/2302H0033/c9d29823-a69c-4328-a6b9-53e2b78fa3e3/Run_76ed1d6b-57d6-4076-9a09-09a6f1ded693_20230817_2302h0033_ControlCenter/20230817_175305/20230817_175305_S1/CellStatsDir/FOV035/CellLabels_F035.tif finished
2023-08-22 13:39:27,527 [1] INFO  - Downloading 892d9dcc-e56d-475c-8dee-2c395064223d/2302H0033/c9d29823-a69c-4328-a6b9-53e2b78fa3e3/Run_76ed1d6b-57d6-4076-9a09-09a6f1ded693_20230817_2302h0033_ControlCenter/20230817_175305/20230817_175305_S1/CellStatsDir/FOV035/CompartmentLabels_F035.tif
2023-08-22 13:39:27,711 [1] INFO  - Download 892d9dcc-e56d-475c-8dee-2c395064223d/2302H0033/c9d29823-a69c-4328-a6b9-53e2b78fa3e3/Run_76ed1d6b-57d6-4076-9a09-09a6f1ded693_20230817_2302h0033_ControlCenter/20230817_175305/20230817_175305_S1/CellStatsDir/FOV035/CompartmentLabels_F035.tif finished
2023-08-22 13:39:27,711 [1] INFO  - Downloading 892d9dcc-e56d-475c-8dee-2c395064223d/2302H0033/c9d29823-a69c-4328-a6b9-53e2b78fa3e3/Run_76ed1d6b-57d6-4076-9a09-09a6f1ded693_20230817_2302h0033_ControlCenter/20230817_175305/20230817_175305_S1/CellStatsDir/FOV035/Run_76ed1d6b-57d6-4076-9a09-09a6f1ded693_20230817_175305_S1_Cell_Stats_F035.csv
2023-08-22 13:39:27,945 [1] INFO  - Download 892d9dcc-e56d-475c-8dee-2c395064223d/2302H0033/c9d29823-a69c-4328-a6b9-53e2b78fa3e3/Run_76ed1d6b-57d6-4076-9a09-09a6f1ded693_20230817_2302h0033_ControlCenter/20230817_175305/20230817_175305_S1/CellStatsDir/FOV035/Run_76ed1d6b-57d6-4076-9a09-09a6f1ded693_20230817_175305_S1_Cell_Stats_F035.csv finished
2023-08-22 13:39:27,946 [1] INFO  - Downloading 892d9dcc-e56d-475c-8dee-2c395064223d/2302H0033/c9d29823-a69c-4328-a6b9-53e2b78fa3e3/Run_76ed1d6b-57d6-4076-9a09-09a6f1ded693_20230817_2302h0033_ControlCenter/20230817_175305/20230817_175305_S1/CellStatsDir/Morphology2D/20230817_175305_S1_C902_P99_N99_F035.TIF
2023-08-22 13:39:29,143 [1] INFO  - Download 892d9dcc-e56d-475c-8dee-2c395064223d/2302H0033/c9d29823-a69c-4328-a6b9-53e2b78fa3e3/Run_76ed1d6b-57d6-4076-9a09-09a6f1ded693_20230817_2302h0033_ControlCenter/20230817_175305/20230817_175305_S1/CellStatsDir/Morphology2D/20230817_175305_S1_C902_P99_N99_F035.TIF finished
2023-08-22 13:39:29,143 [1] INFO  - Downloading 892d9dcc-e56d-475c-8dee-2c395064223d/2302H0033/c9d29823-a69c-4328-a6b9-53e2b78fa3e3/Run_76ed1d6b-57d6-4076-9a09-09a6f1ded693_20230817_2302h0033_ControlCenter/20230817_175305/20230817_175305_S1/CellStatsDir/RnD/Run_76ed1d6b-57d6-4076-9a09-09a6f1ded693_20230817_175305_S1_Summary_F035.csv
2023-08-22 13:39:29,311 [1] INFO  - Download 892d9dcc-e56d-475c-8dee-2c395064223d/2302H0033/c9d29823-a69c-4328-a6b9-53e2b78fa3e3/Run_76ed1d6b-57d6-4076-9a09-09a6f1ded693_20230817_2302h0033_ControlCenter/20230817_175305/20230817_175305_S1/CellStatsDir/RnD/Run_76ed1d6b-57d6-4076-9a09-09a6f1ded693_20230817_175305_S1_Summary_F035.csv finished
2023-08-22 13:39:29,311 [1] INFO  - CellStatsDir data download complete.
2023-08-22 13:39:29,311 [1] INFO  - FOV downloaded successfully.
2023-08-22 13:39:29,312 [1] INFO  - Preparing dirs structure for mtmc
2023-08-22 13:39:29,312 [1] INFO  - Preparing mtmc input. FOV dir: FOV035
2023-08-22 13:39:29,315 [1] INFO  - Running mtmc...
2023-08-22 13:39:29,321 [18] INFO  - directory: "/app/input_data/"
2023-08-22 13:39:29,582 [18] INFO  - directory: "/app/out/FOV035/"
2023-08-22 13:41:56,134 [18] INFO  - 2023-08-22 13:39:29,F035,Z,0,iter,0,feat,0,0, Reading and combining input data, 0.032978, sec
2023-08-22 13:41:56,134 [18] INFO  - 2023-08-22 13:39:30,F035,Z,0,iter,0,feat,586858,586858, Spot file data loading and filtration , 0.695487, sec
2023-08-22 13:41:56,134 [18] INFO  - 2023-08-22 13:39:30,F035,Z,0,iter,0,feat,586858,586858, Seed neighbor determination, 0.686531, sec
2023-08-22 13:41:56,134 [18] INFO  - 2023-08-22 13:39:30,F035,Z,0,iter,0,feat,586858,586858, Quality Score Generation, 0.548785, sec
2023-08-22 13:41:56,134 [18] INFO  - 2023-08-22 13:39:31,F035,Z,0,iter,0,feat,586858,586858, Spots per feature calculation and feature filtration, 0.7051, sec
2023-08-22 13:41:56,134 [18] INFO  - 2023-08-22 13:39:31,F035,Z,0,iter,0,feat,586858,586858, Making Complete Code Target Calls, 0.04959, sec
2023-08-22 13:41:56,134 [18] INFO  - 2023-08-22 13:39:31,F035,Z,0,iter,0,feat,586858,586858, Target Call Location Estimation and iteration end update, 0.020188, sec
2023-08-22 13:41:56,134 [18] INFO  - 2023-08-22 13:39:31,F035,Z,0,iter,0,feat,586858,586858, Iteration summary generation, 0.000153, sec
2023-08-22 13:41:56,134 [18] INFO  - 2023-08-22 13:39:31,F035,Z,0,iter,0,feat,586858,586858, Iteration duration, 1.71081, sec
2023-08-22 13:41:56,135 [18] INFO  - 2023-08-22 13:39:31,F035,Z,0,iter,1,feat,586858,586858, Seed neighbor determination, 0.581569, sec
2023-08-22 13:41:56,135 [18] INFO  - 2023-08-22 13:39:32,F035,Z,0,iter,1,feat,586858,586858, Quality Score Generation, 0.865432, sec
2023-08-22 13:41:56,135 [18] INFO  - 2023-08-22 13:39:32,F035,Z,0,iter,1,feat,586858,586858, Spots per feature calculation and feature filtration, 0.664791, sec
2023-08-22 13:41:56,135 [18] INFO  - 2023-08-22 13:39:32,F035,Z,0,iter,1,feat,586858,586858, Making Complete Code Target Calls, 0.067297, sec
2023-08-22 13:41:56,135 [18] INFO  - 2023-08-22 13:39:32,F035,Z,0,iter,1,feat,586858,586858, Target Call Location Estimation and iteration end update, 0.005833, sec
2023-08-22 13:41:56,135 [18] INFO  - 2023-08-22 13:39:32,F035,Z,0,iter,1,feat,586858,586858, Iteration summary generation, 0.002043, sec
2023-08-22 13:41:56,135 [18] INFO  - 2023-08-22 13:39:32,F035,Z,0,iter,1,feat,586858,586858, Iteration duration, 1.92188, sec
2023-08-22 13:41:56,135 [18] INFO  - 2023-08-22 13:39:32,F035,Z,0,iter,1,feat,586858,586858, Z slice processing duration, 4.32888, sec
2023-08-22 13:41:56,135 [18] INFO  - 2023-08-22 13:39:51,F035,Z,1,iter,0,feat,5669147,6256005, Spot file data loading and filtration , 17.8548, sec
2023-08-22 13:41:56,135 [18] INFO  - 2023-08-22 13:39:53,F035,Z,1,iter,0,feat,5669147,6256005, Seed neighbor determination, 5.30298, sec
2023-08-22 13:41:56,135 [20] INFO  - 2023-08-22 13:39:56,F035,Z,1,iter,0,feat,5669147,6256005, Quality Score Generation, 10.3715, sec
2023-08-22 13:41:56,135 [20] INFO  - 2023-08-22 13:40:03,F035,Z,1,iter,0,feat,5669147,6256005, Spots per feature calculation and feature filtration, 7.33307, sec
2023-08-22 13:41:56,135 [20] INFO  - 2023-08-22 13:40:14,F035,Z,1,iter,0,feat,5669147,6256005, Making Complete Code Target Calls, 9.9753, sec
2023-08-22 13:41:56,135 [20] INFO  - 2023-08-22 13:40:19,F035,Z,1,iter,0,feat,5669147,6256005, Target Call Location Estimation and iteration end update, 5.65022, sec
2023-08-22 13:41:56,135 [20] INFO  - 2023-08-22 13:40:19,F035,Z,1,iter,0,feat,5669147,6256005, Iteration summary generation, 0.028211, sec
2023-08-22 13:41:56,135 [20] INFO  - 2023-08-22 13:40:19,F035,Z,1,iter,0,feat,5669147,6256005, Iteration duration, 36.4503, sec
2023-08-22 13:41:56,135 [20] INFO  - 2023-08-22 13:40:23,F035,Z,1,iter,1,feat,5669147,6256005, Seed neighbor determination, 7.98334, sec
2023-08-22 13:41:56,135 [20] INFO  - 2023-08-22 13:40:29,F035,Z,1,iter,1,feat,5669147,6256005, Quality Score Generation, 19.3183, sec
2023-08-22 13:41:56,135 [20] INFO  - 2023-08-22 13:40:35,F035,Z,1,iter,1,feat,5669147,6256005, Spots per feature calculation and feature filtration, 6.23393, sec
2023-08-22 13:41:56,135 [20] INFO  - 2023-08-22 13:40:47,F035,Z,1,iter,1,feat,5669147,6256005, Making Complete Code Target Calls, 12.0344, sec
2023-08-22 13:41:56,135 [20] INFO  - 2023-08-22 13:40:52,F035,Z,1,iter,1,feat,5669147,6256005, Target Call Location Estimation and iteration end update, 4.25091, sec
2023-08-22 13:41:56,135 [20] INFO  - 2023-08-22 13:40:52,F035,Z,1,iter,1,feat,5669147,6256005, Iteration summary generation, 0.444903, sec
2023-08-22 13:41:56,135 [20] INFO  - 2023-08-22 13:40:52,F035,Z,1,iter,1,feat,5669147,6256005, Iteration duration, 47.0234, sec
2023-08-22 13:41:56,135 [20] INFO  - 2023-08-22 13:40:52,F035,Z,1,iter,1,feat,5669147,6256005, Z slice processing duration, 101.657, sec
2023-08-22 13:41:56,135 [20] INFO  - 2023-08-22 13:41:16,F035,Z,2,iter,0,feat,5872818,12128823, Spot file data loading and filtration , 19.8453, sec
2023-08-22 13:41:56,135 [20] INFO  - 2023-08-22 13:41:19,F035,Z,2,iter,0,feat,5872818,12128823, Seed neighbor determination, 5.62159, sec
2023-08-22 13:41:56,135 [20] INFO  - 2023-08-22 13:41:23,F035,Z,2,iter,0,feat,5872818,12128823, Quality Score Generation, 14.5271, sec
2023-08-22 13:41:56,135 [20] INFO  - 2023-08-22 13:41:32,F035,Z,2,iter,0,feat,5872818,12128823, Spots per feature calculation and feature filtration, 8.77588, sec
2023-08-22 13:41:56,135 [20] INFO  - 2023-08-22 13:41:50,F035,Z,2,iter,0,feat,5872818,12128823, Making Complete Code Target Calls, 17.8932, sec
2023-08-22 13:44:50,541 [20] INFO  - 2023-08-22 13:41:56,F035,Z,2,iter,0,feat,5872818,12128823, Target Call Location Estimation and iteration end update, 5.85884, sec
2023-08-22 13:44:50,541 [20] INFO  - 2023-08-22 13:41:56,F035,Z,2,iter,0,feat,5872818,12128823, Iteration summary generation, 0.075512, sec
2023-08-22 13:44:50,541 [20] INFO  - 2023-08-22 13:41:56,F035,Z,2,iter,0,feat,5872818,12128823, Iteration duration, 50.3128, sec
2023-08-22 13:44:50,541 [20] INFO  - 2023-08-22 13:41:58,F035,Z,2,iter,1,feat,5872818,12128823, Seed neighbor determination, 5.35663, sec
2023-08-22 13:44:50,541 [20] INFO  - 2023-08-22 13:42:03,F035,Z,2,iter,1,feat,5872818,12128823, Quality Score Generation, 15.9703, sec
2023-08-22 13:44:50,541 [20] INFO  - 2023-08-22 13:42:09,F035,Z,2,iter,1,feat,5872818,12128823, Spots per feature calculation and feature filtration, 6.18427, sec
2023-08-22 13:44:50,541 [20] INFO  - 2023-08-22 13:42:24,F035,Z,2,iter,1,feat,5872818,12128823, Making Complete Code Target Calls, 14.5212, sec
2023-08-22 13:44:50,541 [20] INFO  - 2023-08-22 13:42:28,F035,Z,2,iter,1,feat,5872818,12128823, Target Call Location Estimation and iteration end update, 4.68943, sec
2023-08-22 13:44:50,541 [20] INFO  - 2023-08-22 13:42:31,F035,Z,2,iter,1,feat,5872818,12128823, Iteration summary generation, 2.42219, sec
2023-08-22 13:44:50,541 [20] INFO  - 2023-08-22 13:42:31,F035,Z,2,iter,1,feat,5872818,12128823, Iteration duration, 46.791, sec
2023-08-22 13:44:50,541 [32] INFO  - 2023-08-22 13:42:31,F035,Z,2,iter,1,feat,5872818,12128823, Z slice processing duration, 121.037, sec
2023-08-22 13:44:50,541 [32] INFO  - 2023-08-22 13:42:51,F035,Z,3,iter,0,feat,5360643,17489466, Spot file data loading and filtration , 17.5467, sec
2023-08-22 13:44:50,541 [32] INFO  - 2023-08-22 13:42:54,F035,Z,3,iter,0,feat,5360643,17489466, Seed neighbor determination, 5.6515, sec
2023-08-22 13:44:50,541 [32] INFO  - 2023-08-22 13:42:58,F035,Z,3,iter,0,feat,5360643,17489466, Quality Score Generation, 14.019, sec
2023-08-22 13:44:50,541 [32] INFO  - 2023-08-22 13:43:03,F035,Z,3,iter,0,feat,5360643,17489466, Spots per feature calculation and feature filtration, 5.41044, sec
2023-08-22 13:44:50,541 [32] INFO  - 2023-08-22 13:43:16,F035,Z,3,iter,0,feat,5360643,17489466, Making Complete Code Target Calls, 13.0914, sec
2023-08-22 13:44:50,541 [32] INFO  - 2023-08-22 13:43:22,F035,Z,3,iter,0,feat,5360643,17489466, Target Call Location Estimation and iteration end update, 5.51889, sec
2023-08-22 13:44:50,541 [32] INFO  - 2023-08-22 13:43:22,F035,Z,3,iter,0,feat,5360643,17489466, Iteration summary generation, 0.086333, sec
2023-08-22 13:44:50,541 [32] INFO  - 2023-08-22 13:43:22,F035,Z,3,iter,0,feat,5360643,17489466, Iteration duration, 41.3736, sec
2023-08-22 13:44:50,541 [32] INFO  - 2023-08-22 13:43:25,F035,Z,3,iter,1,feat,5360643,17489466, Seed neighbor determination, 6.55693, sec
2023-08-22 13:44:50,542 [32] INFO  - 2023-08-22 13:43:30,F035,Z,3,iter,1,feat,5360643,17489466, Quality Score Generation, 15.8247, sec
2023-08-22 13:44:50,542 [32] INFO  - 2023-08-22 13:43:34,F035,Z,3,iter,1,feat,5360643,17489466, Spots per feature calculation and feature filtration, 4.02901, sec
2023-08-22 13:44:50,542 [32] INFO  - 2023-08-22 13:43:45,F035,Z,3,iter,1,feat,5360643,17489466, Making Complete Code Target Calls, 10.9058, sec
2023-08-22 13:44:50,542 [32] INFO  - 2023-08-22 13:43:47,F035,Z,3,iter,1,feat,5360643,17489466, Target Call Location Estimation and iteration end update, 2.3869, sec
2023-08-22 13:44:50,542 [32] INFO  - 2023-08-22 13:43:48,F035,Z,3,iter,1,feat,5360643,17489466, Iteration summary generation, 1.36448, sec
2023-08-22 13:44:50,542 [32] INFO  - 2023-08-22 13:43:48,F035,Z,3,iter,1,feat,5360643,17489466, Iteration duration, 38.1956, sec
2023-08-22 13:44:50,542 [32] INFO  - 2023-08-22 13:43:48,F035,Z,3,iter,1,feat,5360643,17489466, Z slice processing duration, 99.8985, sec
2023-08-22 13:44:50,542 [32] INFO  - 2023-08-22 13:44:09,F035,Z,4,iter,0,feat,5039435,22528901, Spot file data loading and filtration , 16.9881, sec
2023-08-22 13:44:50,542 [32] INFO  - 2023-08-22 13:44:11,F035,Z,4,iter,0,feat,5039435,22528901, Seed neighbor determination, 4.83438, sec
2023-08-22 13:44:50,542 [32] INFO  - 2023-08-22 13:44:14,F035,Z,4,iter,0,feat,5039435,22528901, Quality Score Generation, 10.5075, sec
2023-08-22 13:44:50,542 [32] INFO  - 2023-08-22 13:44:19,F035,Z,4,iter,0,feat,5039435,22528901, Spots per feature calculation and feature filtration, 5.01067, sec
2023-08-22 13:44:50,542 [32] INFO  - 2023-08-22 13:44:30,F035,Z,4,iter,0,feat,5039435,22528901, Making Complete Code Target Calls, 10.4426, sec
2023-08-22 13:44:50,542 [32] INFO  - 2023-08-22 13:44:33,F035,Z,4,iter,0,feat,5039435,22528901, Target Call Location Estimation and iteration end update, 3.29447, sec
2023-08-22 13:44:50,542 [32] INFO  - 2023-08-22 13:44:33,F035,Z,4,iter,0,feat,5039435,22528901, Iteration summary generation, 0.072144, sec
2023-08-22 13:44:50,542 [32] INFO  - 2023-08-22 13:44:33,F035,Z,4,iter,0,feat,5039435,22528901, Iteration duration, 32.0919, sec
2023-08-22 13:44:50,542 [32] INFO  - 2023-08-22 13:44:35,F035,Z,4,iter,1,feat,5039435,22528901, Seed neighbor determination, 4.45813, sec
2023-08-22 13:44:50,542 [32] INFO  - 2023-08-22 13:44:38,F035,Z,4,iter,1,feat,5039435,22528901, Quality Score Generation, 9.28482, sec
2023-08-22 13:44:50,542 [32] INFO  - 2023-08-22 13:44:41,F035,Z,4,iter,1,feat,5039435,22528901, Spots per feature calculation and feature filtration, 3.69658, sec
2023-08-22 13:46:56,894 [32] INFO  - 2023-08-22 13:44:50,F035,Z,4,iter,1,feat,5039435,22528901, Making Complete Code Target Calls, 8.48306, sec
2023-08-22 13:46:56,894 [32] INFO  - 2023-08-22 13:44:53,F035,Z,4,iter,1,feat,5039435,22528901, Target Call Location Estimation and iteration end update, 2.61006, sec
2023-08-22 13:46:56,894 [32] INFO  - 2023-08-22 13:44:54,F035,Z,4,iter,1,feat,5039435,22528901, Iteration summary generation, 1.21238, sec
2023-08-22 13:46:56,894 [32] INFO  - 2023-08-22 13:44:54,F035,Z,4,iter,1,feat,5039435,22528901, Iteration duration, 27.7878, sec
2023-08-22 13:46:56,894 [32] INFO  - 2023-08-22 13:44:54,F035,Z,4,iter,1,feat,5039435,22528901, Z slice processing duration, 80.2217, sec
2023-08-22 13:46:56,894 [32] INFO  - 2023-08-22 13:45:09,F035,Z,5,iter,0,feat,4677767,27206668, Spot file data loading and filtration , 12.6032, sec
2023-08-22 13:46:56,894 [32] INFO  - 2023-08-22 13:45:11,F035,Z,5,iter,0,feat,4677767,27206668, Seed neighbor determination, 4.4706, sec
2023-08-22 13:46:56,894 [32] INFO  - 2023-08-22 13:45:13,F035,Z,5,iter,0,feat,4677767,27206668, Quality Score Generation, 8.36139, sec
2023-08-22 13:46:56,894 [32] INFO  - 2023-08-22 13:45:19,F035,Z,5,iter,0,feat,4677767,27206668, Spots per feature calculation and feature filtration, 5.32013, sec
2023-08-22 13:46:56,894 [32] INFO  - 2023-08-22 13:45:29,F035,Z,5,iter,0,feat,4677767,27206668, Making Complete Code Target Calls, 10.1718, sec
2023-08-22 13:46:56,894 [32] INFO  - 2023-08-22 13:45:32,F035,Z,5,iter,0,feat,4677767,27206668, Target Call Location Estimation and iteration end update, 2.7778, sec
2023-08-22 13:46:56,894 [32] INFO  - 2023-08-22 13:45:32,F035,Z,5,iter,0,feat,4677767,27206668, Iteration summary generation, 0.063087, sec
2023-08-22 13:46:56,894 [32] INFO  - 2023-08-22 13:45:32,F035,Z,5,iter,0,feat,4677767,27206668, Iteration duration, 29.2354, sec
2023-08-22 13:46:56,894 [32] INFO  - 2023-08-22 13:45:34,F035,Z,5,iter,1,feat,4677767,27206668, Seed neighbor determination, 4.10412, sec
2023-08-22 13:46:56,894 [32] INFO  - 2023-08-22 13:45:37,F035,Z,5,iter,1,feat,4677767,27206668, Quality Score Generation, 10.5977, sec
2023-08-22 13:46:56,894 [32] INFO  - 2023-08-22 13:45:43,F035,Z,5,iter,1,feat,4677767,27206668, Spots per feature calculation and feature filtration, 6.25577, sec
2023-08-22 13:46:56,894 [32] INFO  - 2023-08-22 13:45:52,F035,Z,5,iter,1,feat,4677767,27206668, Making Complete Code Target Calls, 8.47465, sec
2023-08-22 13:46:56,894 [32] INFO  - 2023-08-22 13:45:53,F035,Z,5,iter,1,feat,4677767,27206668, Target Call Location Estimation and iteration end update, 1.29728, sec
2023-08-22 13:46:56,894 [32] INFO  - 2023-08-22 13:45:54,F035,Z,5,iter,1,feat,4677767,27206668, Iteration summary generation, 0.991812, sec
2023-08-22 13:46:56,894 [47] INFO  - 2023-08-22 13:45:54,F035,Z,5,iter,1,feat,4677767,27206668, Iteration duration, 29.9391, sec
2023-08-22 13:46:56,894 [47] INFO  - 2023-08-22 13:45:54,F035,Z,5,iter,1,feat,4677767,27206668, Z slice processing duration, 74.0701, sec
2023-08-22 13:46:56,894 [47] INFO  - 2023-08-22 13:46:08,F035,Z,6,iter,0,feat,4304236,31510904, Spot file data loading and filtration , 12.1258, sec
2023-08-22 13:46:56,894 [47] INFO  - 2023-08-22 13:46:10,F035,Z,6,iter,0,feat,4304236,31510904, Seed neighbor determination, 4.13507, sec
2023-08-22 13:46:56,894 [47] INFO  - 2023-08-22 13:46:12,F035,Z,6,iter,0,feat,4304236,31510904, Quality Score Generation, 7.21805, sec
2023-08-22 13:46:56,894 [47] INFO  - 2023-08-22 13:46:16,F035,Z,6,iter,0,feat,4304236,31510904, Spots per feature calculation and feature filtration, 4.36259, sec
2023-08-22 13:46:56,894 [47] INFO  - 2023-08-22 13:46:24,F035,Z,6,iter,0,feat,4304236,31510904, Making Complete Code Target Calls, 7.78903, sec
2023-08-22 13:46:56,894 [47] INFO  - 2023-08-22 13:46:28,F035,Z,6,iter,0,feat,4304236,31510904, Target Call Location Estimation and iteration end update, 3.47218, sec
2023-08-22 13:46:56,894 [47] INFO  - 2023-08-22 13:46:28,F035,Z,6,iter,0,feat,4304236,31510904, Iteration summary generation, 0.050874, sec
2023-08-22 13:46:56,894 [47] INFO  - 2023-08-22 13:46:28,F035,Z,6,iter,0,feat,4304236,31510904, Iteration duration, 25.2403, sec
2023-08-22 13:46:56,895 [47] INFO  - 2023-08-22 13:46:30,F035,Z,6,iter,1,feat,4304236,31510904, Seed neighbor determination, 3.96509, sec
2023-08-22 13:46:56,895 [47] INFO  - 2023-08-22 13:46:32,F035,Z,6,iter,1,feat,4304236,31510904, Quality Score Generation, 9.01544, sec
2023-08-22 13:46:56,895 [47] INFO  - 2023-08-22 13:46:35,F035,Z,6,iter,1,feat,4304236,31510904, Spots per feature calculation and feature filtration, 3.28957, sec
2023-08-22 13:46:56,895 [47] INFO  - 2023-08-22 13:46:42,F035,Z,6,iter,1,feat,4304236,31510904, Making Complete Code Target Calls, 6.20045, sec
2023-08-22 13:46:56,895 [47] INFO  - 2023-08-22 13:46:43,F035,Z,6,iter,1,feat,4304236,31510904, Target Call Location Estimation and iteration end update, 1.02366, sec
2023-08-22 13:46:56,895 [47] INFO  - 2023-08-22 13:46:44,F035,Z,6,iter,1,feat,4304236,31510904, Iteration summary generation, 0.823291, sec
2023-08-22 13:46:56,895 [47] INFO  - 2023-08-22 13:46:44,F035,Z,6,iter,1,feat,4304236,31510904, Iteration duration, 22.4205, sec
2023-08-22 13:46:56,895 [47] INFO  - 2023-08-22 13:46:44,F035,Z,6,iter,1,feat,4304236,31510904, Z slice processing duration, 61.8897, sec
2023-08-22 13:46:56,895 [47] INFO  - 2023-08-22 13:46:54,F035,Z,7,iter,0,feat,3952007,35462911, Spot file data loading and filtration , 8.87661, sec
2023-08-22 13:47:59,127 [47] INFO  - 2023-08-22 13:46:56,F035,Z,7,iter,0,feat,3952007,35462911, Seed neighbor determination, 3.70754, sec
2023-08-22 13:47:59,127 [47] INFO  - 2023-08-22 13:46:58,F035,Z,7,iter,0,feat,3952007,35462911, Quality Score Generation, 6.14717, sec
2023-08-22 13:47:59,127 [47] INFO  - 2023-08-22 13:47:02,F035,Z,7,iter,0,feat,3952007,35462911, Spots per feature calculation and feature filtration, 4.02792, sec
2023-08-22 13:47:59,127 [47] INFO  - 2023-08-22 13:47:08,F035,Z,7,iter,0,feat,3952007,35462911, Making Complete Code Target Calls, 5.87204, sec
2023-08-22 13:47:59,127 [47] INFO  - 2023-08-22 13:47:10,F035,Z,7,iter,0,feat,3952007,35462911, Target Call Location Estimation and iteration end update, 1.86366, sec
2023-08-22 13:47:59,127 [47] INFO  - 2023-08-22 13:47:10,F035,Z,7,iter,0,feat,3952007,35462911, Iteration summary generation, 0.037927, sec
2023-08-22 13:47:59,127 [47] INFO  - 2023-08-22 13:47:10,F035,Z,7,iter,0,feat,3952007,35462911, Iteration duration, 20.0605, sec
2023-08-22 13:47:59,127 [47] INFO  - 2023-08-22 13:47:12,F035,Z,7,iter,1,feat,3952007,35462911, Seed neighbor determination, 3.54861, sec
2023-08-22 13:47:59,127 [47] INFO  - 2023-08-22 13:47:14,F035,Z,7,iter,1,feat,3952007,35462911, Quality Score Generation, 7.69038, sec
2023-08-22 13:47:59,127 [47] INFO  - 2023-08-22 13:47:17,F035,Z,7,iter,1,feat,3952007,35462911, Spots per feature calculation and feature filtration, 3.09071, sec
2023-08-22 13:47:59,127 [47] INFO  - 2023-08-22 13:47:23,F035,Z,7,iter,1,feat,3952007,35462911, Making Complete Code Target Calls, 5.82443, sec
2023-08-22 13:47:59,127 [47] INFO  - 2023-08-22 13:47:24,F035,Z,7,iter,1,feat,3952007,35462911, Target Call Location Estimation and iteration end update, 0.8077, sec
2023-08-22 13:47:59,127 [47] INFO  - 2023-08-22 13:47:24,F035,Z,7,iter,1,feat,3952007,35462911, Iteration summary generation, 0.589097, sec
2023-08-22 13:47:59,127 [47] INFO  - 2023-08-22 13:47:24,F035,Z,7,iter,1,feat,3952007,35462911, Iteration duration, 20.011, sec
2023-08-22 13:47:59,127 [47] INFO  - 2023-08-22 13:47:24,F035,Z,7,iter,1,feat,3952007,35462911, Z slice processing duration, 50.9717, sec
2023-08-22 13:47:59,127 [47] INFO  - 2023-08-22 13:47:32,F035,Z,8,iter,0,feat,3448591,38911502, Spot file data loading and filtration , 6.0335, sec
2023-08-22 13:47:59,127 [47] INFO  - 2023-08-22 13:47:34,F035,Z,8,iter,0,feat,3448591,38911502, Seed neighbor determination, 3.21859, sec
2023-08-22 13:47:59,127 [47] INFO  - 2023-08-22 13:47:35,F035,Z,8,iter,0,feat,3448591,38911502, Quality Score Generation, 5.12299, sec
2023-08-22 13:47:59,127 [47] INFO  - 2023-08-22 13:47:38,F035,Z,8,iter,0,feat,3448591,38911502, Spots per feature calculation and feature filtration, 3.4294, sec
2023-08-22 13:47:59,128 [47] INFO  - 2023-08-22 13:47:43,F035,Z,8,iter,0,feat,3448591,38911502, Making Complete Code Target Calls, 4.68254, sec
2023-08-22 13:47:59,128 [47] INFO  - 2023-08-22 13:47:45,F035,Z,8,iter,0,feat,3448591,38911502, Target Call Location Estimation and iteration end update, 1.36307, sec
2023-08-22 13:47:59,128 [47] INFO  - 2023-08-22 13:47:45,F035,Z,8,iter,0,feat,3448591,38911502, Iteration summary generation, 0.021916, sec
2023-08-22 13:47:59,128 [47] INFO  - 2023-08-22 13:47:45,F035,Z,8,iter,0,feat,3448591,38911502, Iteration duration, 16.4443, sec
2023-08-22 13:47:59,128 [47] INFO  - 2023-08-22 13:47:46,F035,Z,8,iter,1,feat,3448591,38911502, Seed neighbor determination, 3.1346, sec
2023-08-22 13:47:59,128 [47] INFO  - 2023-08-22 13:47:48,F035,Z,8,iter,1,feat,3448591,38911502, Quality Score Generation, 6.01895, sec
2023-08-22 13:47:59,128 [47] INFO  - 2023-08-22 13:47:50,F035,Z,8,iter,1,feat,3448591,38911502, Spots per feature calculation and feature filtration, 2.60553, sec
2023-08-22 13:47:59,128 [47] INFO  - 2023-08-22 13:47:55,F035,Z,8,iter,1,feat,3448591,38911502, Making Complete Code Target Calls, 4.6947, sec
2023-08-22 13:47:59,128 [47] INFO  - 2023-08-22 13:47:56,F035,Z,8,iter,1,feat,3448591,38911502, Target Call Location Estimation and iteration end update, 0.67985, sec
2023-08-22 13:47:59,128 [47] INFO  - 2023-08-22 13:47:56,F035,Z,8,iter,1,feat,3448591,38911502, Iteration summary generation, 0.393413, sec
2023-08-22 13:47:59,128 [47] INFO  - 2023-08-22 13:47:56,F035,Z,8,iter,1,feat,3448591,38911502, Iteration duration, 16.1408, sec
2023-08-22 13:47:59,128 [47] INFO  - 2023-08-22 13:47:56,F035,Z,8,iter,1,feat,3448591,38911502, Z slice processing duration, 40.4151, sec
2023-08-22 13:47:59,128 [47] INFO  - 2023-08-22 13:47:56,F035,Z,9,iter,0,feat,32442,38943944, Spot file data loading and filtration , -1.55187, sec
2023-08-22 13:47:59,128 [47] INFO  - 2023-08-22 13:47:56,F035,Z,9,iter,0,feat,32442,38943944, Seed neighbor determination, 0.022797, sec
2023-08-22 13:47:59,128 [47] INFO  - 2023-08-22 13:47:56,F035,Z,9,iter,0,feat,32442,38943944, Quality Score Generation, 0.012419, sec
2023-08-22 13:47:59,128 [47] INFO  - 2023-08-22 13:47:56,F035,Z,9,iter,1,feat,32442,38943944, Seed neighbor determination, 0.025046, sec
2023-08-22 13:47:59,128 [47] INFO  - 2023-08-22 13:47:56,F035,Z,9,iter,1,feat,32442,38943944, Quality Score Generation, 0.012992, sec
2023-08-22 13:47:59,128 [47] INFO  - 2023-08-22 13:47:56,F035,Z,9,iter,1,feat,32442,38943944, Z slice processing duration, 0.124726, sec
2023-08-22 13:47:59,128 [47] INFO  - 2023-08-22 13:47:59,F035,Z,9,iter,1,feat,32442,38943944, FOV processing duration (final) , 636.824, sec
2023-08-22 13:47:59,145 [47] INFO  - Exited
2023-08-22 13:47:59,145 [47] INFO  - System.EventArgs
2023-08-22 13:47:59,145 [47] INFO  - { }
2023-08-22 13:47:59,146 [1] INFO  - mtmc run complete
2023-08-22 13:47:59,146 [1] INFO  - Zipping and uploading results...
2023-08-22 13:47:59,147 [1] INFO  - Uploading mtm results to storage.
2023-08-22 13:47:59,147 [1] INFO  - Start uploading /app/out/FOV035 to 892d9dcc-e56d-475c-8dee-2c395064223d/2302H0033/c9d29823-a69c-4328-a6b9-53e2b78fa3e3/Run_76ed1d6b-57d6-4076-9a09-09a6f1ded693_20230817_2302h0033_ControlCenter/20230817_175305/20230817_175305_S1/AnalysisResults/oxdwyv2woj/FOV035
2023-08-22 13:47:59,147 [1] INFO  - Executing with retries set to: 10
2023-08-22 13:48:01,023 [1] INFO  - Upload /app/out/FOV035 finished
2023-08-22 13:48:01,024 [1] INFO  - Results uploaded.
2023-08-22 13:48:01,024 [1] INFO  - All done
2023-08-22 13:48:01,024 [1] INFO  - Executing with retries set to: 10
2023-08-22 13:48:01,024 [1] INFO  - Setting fov oxdwyv2woj-tme0c into status Completed
2023-08-22 13:48:01,033 [1] INFO  - Saving a fov processing run: oxdwyv2woj-tme0c
2023-08-22 13:48:01,033 [1] INFO  - Updating an existing fov run.
2023-08-22 13:48:01,034 [1] INFO  - Uploading logs
2023-08-22 13:48:01,035 [1] INFO  - Start uploading 892d9dcc-e56d-475c-8dee-2c395064223d/2302H0033/c9d29823-a69c-4328-a6b9-53e2b78fa3e3/Run_76ed1d6b-57d6-4076-9a09-09a6f1ded693_20230817_2302h0033_ControlCenter/20230817_175305/20230817_175305_S1/AnalysisResults/oxdwyv2woj/FOV035/mtm-run.log
